[  3%] Built target gtest_main
[  7%] Built target gtest
[ 10%] Built target mock_robot_state_publisher
[ 17%] Built target gazebo_ros_node
[ 21%] Built target gazebo_ros_utils
[ 23%] [32mBuilding CXX object CMakeFiles/gazebo_ros_force_system.dir/src/gazebo_ros_force_system.cpp.o[0m
[ 25%] [32mBuilding CXX object test/CMakeFiles/args_init.dir/plugins/args_init.cpp.o[0m
[ 26%] [32mBuilding CXX object CMakeFiles/gazebo_ros_state.dir/src/gazebo_ros_state.cpp.o[0m
[ 28%] [32mBuilding CXX object CMakeFiles/gazebo_ros_properties.dir/src/gazebo_ros_properties.cpp.o[0m
[ 30%] [32m[1mLinking CXX shared library libargs_init.so[0m
[ 30%] Built target args_init
[ 32%] [32mBuilding CXX object test/CMakeFiles/create_node_without_init.dir/plugins/create_node_without_init.cpp.o[0m
[ 33%] [32m[1mLinking CXX shared library libgazebo_ros_force_system.so[0m
[ 33%] Built target gazebo_ros_force_system
[ 35%] [32mBuilding CXX object test/CMakeFiles/multiple_nodes.dir/plugins/multiple_nodes.cpp.o[0m
[ 37%] [32m[1mLinking CXX shared library libgazebo_ros_state.so[0m
[ 37%] Built target gazebo_ros_state
[ 39%] [32mBuilding CXX object test/CMakeFiles/ros_world_plugin.dir/plugins/ros_world_plugin.cpp.o[0m
[ 41%] [32m[1mLinking CXX shared library libgazebo_ros_properties.so[0m
[ 41%] Built target gazebo_ros_properties
[ 42%] [32m[1mLinking CXX shared library libcreate_node_without_init.so[0m
[ 42%] Built target create_node_without_init
[ 44%] [32mBuilding CXX object test/CMakeFiles/sdf_node.dir/plugins/sdf_node.cpp.o[0m
[ 46%] [32mBuilding CXX object test/CMakeFiles/test_conversions.dir/test_conversions.cpp.o[0m
[ 48%] [32m[1mLinking CXX shared library libmultiple_nodes.so[0m
[ 48%] Built target multiple_nodes
[ 50%] [32m[1mLinking CXX shared library libros_world_plugin.so[0m
[ 50%] Built target ros_world_plugin
[ 51%] [32mBuilding CXX object test/CMakeFiles/test_gazebo_ros_init.dir/test_gazebo_ros_init.cpp.o[0m
[ 53%] [32m[1mLinking CXX executable test_conversions[0m
[ 53%] Built target test_conversions
[ 55%] [32mBuilding CXX object test/CMakeFiles/test_gazebo_ros_joint_effort.dir/test_gazebo_ros_joint_effort.cpp.o[0m
[ 57%] [32mBuilding CXX object test/CMakeFiles/test_gazebo_ros_factory.dir/test_gazebo_ros_factory.cpp.o[0m
[ 58%] [32m[1mLinking CXX shared library libsdf_node.so[0m
[ 58%] Built target sdf_node
[ 60%] [32mBuilding CXX object test/CMakeFiles/test_gazebo_ros_link_wrench.dir/test_gazebo_ros_link_wrench.cpp.o[0m
[ 62%] [32m[1mLinking CXX executable test_gazebo_ros_init[0m
[ 62%] Built target test_gazebo_ros_init
[ 64%] [32m[1mLinking CXX executable test_gazebo_ros_joint_effort[0m
[ 64%] Built target test_gazebo_ros_joint_effort
[ 66%] [32mBuilding CXX object test/CMakeFiles/test_gazebo_ros_state.dir/test_gazebo_ros_state.cpp.o[0m
[ 67%] [32m[1mLinking CXX executable test_gazebo_ros_link_wrench[0m
[ 69%] [32m[1mLinking CXX executable test_gazebo_ros_factory[0m
[ 71%] [32mBuilding CXX object test/CMakeFiles/test_gazebo_ros_properties.dir/test_gazebo_ros_properties.cpp.o[0m
[ 71%] Built target test_gazebo_ros_link_wrench
[ 73%] [32mBuilding CXX object test/CMakeFiles/test_node.dir/test_node.cpp.o[0m
[ 73%] Built target test_gazebo_ros_factory
[ 75%] [32mBuilding CXX object test/CMakeFiles/test_plugins.dir/test_plugins.cpp.o[0m
[ 76%] [32m[1mLinking CXX executable test_plugins[0m
[ 76%] Built target test_plugins
[ 78%] [32mBuilding CXX object test/CMakeFiles/test_qos.dir/test_qos.cpp.o[0m
[ 80%] [32m[1mLinking CXX executable test_node[0m
[ 80%] Built target test_node
[ 82%] [32mBuilding CXX object test/CMakeFiles/test_sim_time.dir/test_sim_time.cpp.o[0m
[ 83%] [32m[1mLinking CXX executable test_qos[0m
[ 83%] Built target test_qos
[ 85%] [32mBuilding CXX object test/CMakeFiles/test_utils.dir/test_utils.cpp.o[0m
[ 87%] [32m[1mLinking CXX executable test_sim_time[0m
[ 87%] Built target test_sim_time
[ 89%] [32mBuilding CXX object CMakeFiles/gazebo_ros_init.dir/src/gazebo_ros_init.cpp.o[0m
[ 91%] [32m[1mLinking CXX executable test_utils[0m
[ 91%] Built target test_utils
[ 92%] [32m[1mLinking CXX executable test_gazebo_ros_properties[0m
[ 92%] Built target test_gazebo_ros_properties
[ 94%] [32m[1mLinking CXX executable test_gazebo_ros_state[0m
[ 94%] Built target test_gazebo_ros_state
[ 96%] [32mBuilding CXX object CMakeFiles/gazebo_ros_factory.dir/src/gazebo_ros_factory.cpp.o[0m
[ 98%] [32m[1mLinking CXX shared library libgazebo_ros_init.so[0m
[ 98%] Built target gazebo_ros_init
[100%] [32m[1mLinking CXX shared library libgazebo_ros_factory.so[0m
[100%] Built target gazebo_ros_factory
-- Install configuration: ""
-- Installing: /home/terranova/uav_ws/install/gazebo_ros/share/gazebo_ros/environment/pythonpath.sh
-- Installing: /home/terranova/uav_ws/install/gazebo_ros/share/gazebo_ros/environment/pythonpath.dsv
-- Installing: /home/terranova/uav_ws/install/gazebo_ros/lib/python3.8/site-packages/scripts/
-- Installing: /home/terranova/uav_ws/install/gazebo_ros/lib/python3.8/site-packages/scripts//gazebo_ros_paths.py
-- Installing: /home/terranova/uav_ws/install/gazebo_ros/lib/python3.8/site-packages/scripts//spawn_entity.py
-- Installing: /home/terranova/uav_ws/install/gazebo_ros/lib/python3.8/site-packages/scripts//__init__.py
Listing '/home/terranova/uav_ws/install/gazebo_ros/lib/python3.8/site-packages/scripts/'...
Compiling '/home/terranova/uav_ws/install/gazebo_ros/lib/python3.8/site-packages/scripts/__init__.py'...
Compiling '/home/terranova/uav_ws/install/gazebo_ros/lib/python3.8/site-packages/scripts/gazebo_ros_paths.py'...
Compiling '/home/terranova/uav_ws/install/gazebo_ros/lib/python3.8/site-packages/scripts/spawn_entity.py'...
-- Installing: /home/terranova/uav_ws/install/gazebo_ros/share/gazebo_ros/environment/library_path.sh
-- Installing: /home/terranova/uav_ws/install/gazebo_ros/share/gazebo_ros/environment/library_path.dsv
-- Installing: /home/terranova/uav_ws/install/gazebo_ros/share/ament_index/resource_index/package_run_dependencies/gazebo_ros
-- Installing: /home/terranova/uav_ws/install/gazebo_ros/share/ament_index/resource_index/parent_prefix_path/gazebo_ros
-- Installing: /home/terranova/uav_ws/install/gazebo_ros/share/gazebo_ros/environment/ament_prefix_path.sh
-- Installing: /home/terranova/uav_ws/install/gazebo_ros/share/gazebo_ros/environment/ament_prefix_path.dsv
-- Installing: /home/terranova/uav_ws/install/gazebo_ros/share/gazebo_ros/environment/path.sh
-- Installing: /home/terranova/uav_ws/install/gazebo_ros/share/gazebo_ros/environment/path.dsv
-- Installing: /home/terranova/uav_ws/install/gazebo_ros/share/gazebo_ros/local_setup.bash
-- Installing: /home/terranova/uav_ws/install/gazebo_ros/share/gazebo_ros/local_setup.sh
-- Installing: /home/terranova/uav_ws/install/gazebo_ros/share/gazebo_ros/local_setup.zsh
-- Installing: /home/terranova/uav_ws/install/gazebo_ros/share/gazebo_ros/local_setup.dsv
-- Installing: /home/terranova/uav_ws/install/gazebo_ros/share/gazebo_ros/package.dsv
-- Installing: /home/terranova/uav_ws/install/gazebo_ros/share/ament_index/resource_index/packages/gazebo_ros
-- Installing: /home/terranova/uav_ws/install/gazebo_ros/share/gazebo_ros/cmake/ament_cmake_export_libraries-extras.cmake
-- Installing: /home/terranova/uav_ws/install/gazebo_ros/share/gazebo_ros/cmake/ament_cmake_export_include_directories-extras.cmake
-- Installing: /home/terranova/uav_ws/install/gazebo_ros/share/gazebo_ros/cmake/ament_cmake_export_dependencies-extras.cmake
-- Installing: /home/terranova/uav_ws/install/gazebo_ros/share/gazebo_ros/cmake/gazebo_rosConfig.cmake
-- Installing: /home/terranova/uav_ws/install/gazebo_ros/share/gazebo_ros/cmake/gazebo_rosConfig-version.cmake
-- Installing: /home/terranova/uav_ws/install/gazebo_ros/share/gazebo_ros/package.xml
-- Installing: /home/terranova/uav_ws/install/gazebo_ros/include
-- Installing: /home/terranova/uav_ws/install/gazebo_ros/include/gazebo_ros
-- Installing: /home/terranova/uav_ws/install/gazebo_ros/include/gazebo_ros/node_visibility_control.h
-- Installing: /home/terranova/uav_ws/install/gazebo_ros/include/gazebo_ros/gazebo_ros_properties.hpp
-- Installing: /home/terranova/uav_ws/install/gazebo_ros/include/gazebo_ros/testing_utils.hpp
-- Installing: /home/terranova/uav_ws/install/gazebo_ros/include/gazebo_ros/gazebo_ros_force_system.hpp
-- Installing: /home/terranova/uav_ws/install/gazebo_ros/include/gazebo_ros/gazebo_ros_factory.hpp
-- Installing: /home/terranova/uav_ws/install/gazebo_ros/include/gazebo_ros/executor.hpp
-- Installing: /home/terranova/uav_ws/install/gazebo_ros/include/gazebo_ros/conversions
-- Installing: /home/terranova/uav_ws/install/gazebo_ros/include/gazebo_ros/conversions/sensor_msgs.hpp
-- Installing: /home/terranova/uav_ws/install/gazebo_ros/include/gazebo_ros/conversions/gazebo_msgs.hpp
-- Installing: /home/terranova/uav_ws/install/gazebo_ros/include/gazebo_ros/conversions/builtin_interfaces.hpp
-- Installing: /home/terranova/uav_ws/install/gazebo_ros/include/gazebo_ros/conversions/geometry_msgs.hpp
-- Installing: /home/terranova/uav_ws/install/gazebo_ros/include/gazebo_ros/conversions/generic.hpp
-- Installing: /home/terranova/uav_ws/install/gazebo_ros/include/gazebo_ros/utils_visibility_control.h
-- Installing: /home/terranova/uav_ws/install/gazebo_ros/include/gazebo_ros/gazebo_ros_init.hpp
-- Installing: /home/terranova/uav_ws/install/gazebo_ros/include/gazebo_ros/qos.hpp
-- Installing: /home/terranova/uav_ws/install/gazebo_ros/include/gazebo_ros/node.hpp
-- Installing: /home/terranova/uav_ws/install/gazebo_ros/include/gazebo_ros/gazebo_ros_state.hpp
-- Installing: /home/terranova/uav_ws/install/gazebo_ros/include/gazebo_ros/utils.hpp
-- Installing: /home/terranova/uav_ws/install/gazebo_ros/lib/gazebo_ros/gazebo_ros_paths.py
-- Installing: /home/terranova/uav_ws/install/gazebo_ros/lib/libgazebo_ros_factory.so
-- Set non-toolchain portion of runtime path of "/home/terranova/uav_ws/install/gazebo_ros/lib/libgazebo_ros_factory.so" to ""
-- Installing: /home/terranova/uav_ws/install/gazebo_ros/lib/libgazebo_ros_force_system.so
-- Set non-toolchain portion of runtime path of "/home/terranova/uav_ws/install/gazebo_ros/lib/libgazebo_ros_force_system.so" to ""
-- Installing: /home/terranova/uav_ws/install/gazebo_ros/lib/libgazebo_ros_init.so
-- Set non-toolchain portion of runtime path of "/home/terranova/uav_ws/install/gazebo_ros/lib/libgazebo_ros_init.so" to ""
-- Installing: /home/terranova/uav_ws/install/gazebo_ros/lib/libgazebo_ros_node.so
-- Set non-toolchain portion of runtime path of "/home/terranova/uav_ws/install/gazebo_ros/lib/libgazebo_ros_node.so" to ""
-- Installing: /home/terranova/uav_ws/install/gazebo_ros/lib/libgazebo_ros_properties.so
-- Set non-toolchain portion of runtime path of "/home/terranova/uav_ws/install/gazebo_ros/lib/libgazebo_ros_properties.so" to ""
-- Installing: /home/terranova/uav_ws/install/gazebo_ros/lib/libgazebo_ros_state.so
-- Set non-toolchain portion of runtime path of "/home/terranova/uav_ws/install/gazebo_ros/lib/libgazebo_ros_state.so" to ""
-- Installing: /home/terranova/uav_ws/install/gazebo_ros/lib/libgazebo_ros_utils.so
-- Set non-toolchain portion of runtime path of "/home/terranova/uav_ws/install/gazebo_ros/lib/libgazebo_ros_utils.so" to ""
-- Installing: /home/terranova/uav_ws/install/gazebo_ros/lib/gazebo_ros/spawn_entity.py
-- Installing: /home/terranova/uav_ws/install/gazebo_ros/share/gazebo_ros//launch
-- Installing: /home/terranova/uav_ws/install/gazebo_ros/share/gazebo_ros//launch/spawn_entity_demo.launch.py
-- Installing: /home/terranova/uav_ws/install/gazebo_ros/share/gazebo_ros//launch/gzclient.launch.py
-- Installing: /home/terranova/uav_ws/install/gazebo_ros/share/gazebo_ros//launch/gzserver.launch.py
-- Installing: /home/terranova/uav_ws/install/gazebo_ros/share/gazebo_ros//launch/gazebo.launch.py
