[0.054s] Invoking command in '/home/terranova/uav_ws/build/gazebo_ros': AMENT_PREFIX_PATH=/home/terranova/uav_ws/install/gazebo_msgs:/home/terranova/uav_ws/install/gazebo_dev:${AMENT_PREFIX_PATH} CMAKE_PREFIX_PATH=/home/terranova/uav_ws/install/gazebo_msgs:/home/terranova/uav_ws/install/gazebo_dev:/opt/ros/foxy LD_LIBRARY_PATH=/home/terranova/uav_ws/install/gazebo_msgs/lib:/opt/ros/foxy/opt/yaml_cpp_vendor/lib:/opt/ros/foxy/opt/rviz_ogre_vendor/lib:/opt/ros/foxy/lib/x86_64-linux-gnu:/opt/ros/foxy/lib:/usr/lib/x86_64-linux-gnu/gazebo-11/plugins:/usr/lib/x86_64-linux-gnu/gazebo-11/plugins:/usr/lib/x86_64-linux-gnu/gazebo-11/plugins PYTHONPATH=/home/terranova/uav_ws/install/gazebo_msgs/lib/python3.8/site-packages:/opt/ros/foxy/lib/python3.8/site-packages:/home/terranova/.local/bin /home/terranova/.local/bin/cmake --build /home/terranova/uav_ws/build/gazebo_ros -- -j4 -l4
[0.269s] [  3%] Built target gtest_main
[0.271s] [  7%] Built target gtest
[0.329s] [ 10%] Built target mock_robot_state_publisher
[0.367s] [ 17%] Built target gazebo_ros_node
[0.382s] [ 21%] Built target gazebo_ros_utils
[0.396s] [ 23%] [32mBuilding CXX object CMakeFiles/gazebo_ros_force_system.dir/src/gazebo_ros_force_system.cpp.o[0m
[0.426s] [ 25%] [32mBuilding CXX object test/CMakeFiles/args_init.dir/plugins/args_init.cpp.o[0m
[0.466s] [ 26%] [32mBuilding CXX object CMakeFiles/gazebo_ros_state.dir/src/gazebo_ros_state.cpp.o[0m
[0.484s] [ 28%] [32mBuilding CXX object CMakeFiles/gazebo_ros_properties.dir/src/gazebo_ros_properties.cpp.o[0m
[31.488s] [ 30%] [32m[1mLinking CXX shared library libargs_init.so[0m
[33.834s] [ 30%] Built target args_init
[33.963s] [ 32%] [32mBuilding CXX object test/CMakeFiles/create_node_without_init.dir/plugins/create_node_without_init.cpp.o[0m
[44.776s] [ 33%] [32m[1mLinking CXX shared library libgazebo_ros_force_system.so[0m
[47.031s] [ 33%] Built target gazebo_ros_force_system
[47.053s] [ 35%] [32mBuilding CXX object test/CMakeFiles/multiple_nodes.dir/plugins/multiple_nodes.cpp.o[0m
[47.539s] [ 37%] [32m[1mLinking CXX shared library libgazebo_ros_state.so[0m
[49.556s] [ 37%] Built target gazebo_ros_state
[49.635s] [ 39%] [32mBuilding CXX object test/CMakeFiles/ros_world_plugin.dir/plugins/ros_world_plugin.cpp.o[0m
[52.156s] [ 41%] [32m[1mLinking CXX shared library libgazebo_ros_properties.so[0m
[54.352s] [ 41%] Built target gazebo_ros_properties
[59.873s] [ 42%] [32m[1mLinking CXX shared library libcreate_node_without_init.so[0m
[60.866s] [ 42%] Built target create_node_without_init
[60.887s] [ 44%] [32mBuilding CXX object test/CMakeFiles/sdf_node.dir/plugins/sdf_node.cpp.o[0m
[62.919s] [ 46%] [32mBuilding CXX object test/CMakeFiles/test_conversions.dir/test_conversions.cpp.o[0m
[67.007s] [ 48%] [32m[1mLinking CXX shared library libmultiple_nodes.so[0m
[68.060s] [ 48%] Built target multiple_nodes
[70.005s] [ 50%] [32m[1mLinking CXX shared library libros_world_plugin.so[0m
[70.988s] [ 50%] Built target ros_world_plugin
[72.009s] [ 51%] [32mBuilding CXX object test/CMakeFiles/test_gazebo_ros_init.dir/test_gazebo_ros_init.cpp.o[0m
[72.098s] [ 53%] [32m[1mLinking CXX executable test_conversions[0m
[73.700s] [ 53%] Built target test_conversions
[74.721s] [ 55%] [32mBuilding CXX object test/CMakeFiles/test_gazebo_ros_joint_effort.dir/test_gazebo_ros_joint_effort.cpp.o[0m
[75.733s] [ 57%] [32mBuilding CXX object test/CMakeFiles/test_gazebo_ros_factory.dir/test_gazebo_ros_factory.cpp.o[0m
[80.498s] [ 58%] [32m[1mLinking CXX shared library libsdf_node.so[0m
[81.530s] [ 58%] Built target sdf_node
[81.562s] [ 60%] [32mBuilding CXX object test/CMakeFiles/test_gazebo_ros_link_wrench.dir/test_gazebo_ros_link_wrench.cpp.o[0m
[126.646s] [ 62%] [32m[1mLinking CXX executable test_gazebo_ros_init[0m
[130.424s] [ 62%] Built target test_gazebo_ros_init
[132.495s] [ 64%] [32m[1mLinking CXX executable test_gazebo_ros_joint_effort[0m
[134.773s] [ 64%] Built target test_gazebo_ros_joint_effort
[135.837s] [ 66%] [32mBuilding CXX object test/CMakeFiles/test_gazebo_ros_state.dir/test_gazebo_ros_state.cpp.o[0m
[136.006s] [ 67%] [32m[1mLinking CXX executable test_gazebo_ros_link_wrench[0m
[136.707s] [ 69%] [32m[1mLinking CXX executable test_gazebo_ros_factory[0m
[136.850s] [ 71%] [32mBuilding CXX object test/CMakeFiles/test_gazebo_ros_properties.dir/test_gazebo_ros_properties.cpp.o[0m
[139.211s] [ 71%] Built target test_gazebo_ros_link_wrench
[139.244s] [ 73%] [32mBuilding CXX object test/CMakeFiles/test_node.dir/test_node.cpp.o[0m
[140.041s] [ 73%] Built target test_gazebo_ros_factory
[140.063s] [ 75%] [32mBuilding CXX object test/CMakeFiles/test_plugins.dir/test_plugins.cpp.o[0m
[157.909s] [ 76%] [32m[1mLinking CXX executable test_plugins[0m
[159.325s] [ 76%] Built target test_plugins
[159.370s] [ 78%] [32mBuilding CXX object test/CMakeFiles/test_qos.dir/test_qos.cpp.o[0m
[160.437s] [ 80%] [32m[1mLinking CXX executable test_node[0m
[162.555s] [ 80%] Built target test_node
[162.578s] [ 82%] [32mBuilding CXX object test/CMakeFiles/test_sim_time.dir/test_sim_time.cpp.o[0m
[170.548s] [ 83%] [32m[1mLinking CXX executable test_qos[0m
[172.579s] [ 83%] Built target test_qos
[172.616s] [ 85%] [32mBuilding CXX object test/CMakeFiles/test_utils.dir/test_utils.cpp.o[0m
[178.540s] [ 87%] [32m[1mLinking CXX executable test_sim_time[0m
[179.778s] [ 87%] Built target test_sim_time
[180.884s] [ 89%] [32mBuilding CXX object CMakeFiles/gazebo_ros_init.dir/src/gazebo_ros_init.cpp.o[0m
[197.757s] [ 91%] [32m[1mLinking CXX executable test_utils[0m
[200.126s] [ 91%] Built target test_utils
[200.922s] [ 92%] [32m[1mLinking CXX executable test_gazebo_ros_properties[0m
[204.506s] [ 92%] Built target test_gazebo_ros_properties
[204.982s] [ 94%] [32m[1mLinking CXX executable test_gazebo_ros_state[0m
[207.648s] [ 94%] Built target test_gazebo_ros_state
[207.711s] [ 96%] [32mBuilding CXX object CMakeFiles/gazebo_ros_factory.dir/src/gazebo_ros_factory.cpp.o[0m
[213.252s] [ 98%] [32m[1mLinking CXX shared library libgazebo_ros_init.so[0m
[214.775s] [ 98%] Built target gazebo_ros_init
[227.984s] [100%] [32m[1mLinking CXX shared library libgazebo_ros_factory.so[0m
[229.287s] [100%] Built target gazebo_ros_factory
[229.565s] Invoked command in '/home/terranova/uav_ws/build/gazebo_ros' returned '0': AMENT_PREFIX_PATH=/home/terranova/uav_ws/install/gazebo_msgs:/home/terranova/uav_ws/install/gazebo_dev:${AMENT_PREFIX_PATH} CMAKE_PREFIX_PATH=/home/terranova/uav_ws/install/gazebo_msgs:/home/terranova/uav_ws/install/gazebo_dev:/opt/ros/foxy LD_LIBRARY_PATH=/home/terranova/uav_ws/install/gazebo_msgs/lib:/opt/ros/foxy/opt/yaml_cpp_vendor/lib:/opt/ros/foxy/opt/rviz_ogre_vendor/lib:/opt/ros/foxy/lib/x86_64-linux-gnu:/opt/ros/foxy/lib:/usr/lib/x86_64-linux-gnu/gazebo-11/plugins:/usr/lib/x86_64-linux-gnu/gazebo-11/plugins:/usr/lib/x86_64-linux-gnu/gazebo-11/plugins PYTHONPATH=/home/terranova/uav_ws/install/gazebo_msgs/lib/python3.8/site-packages:/opt/ros/foxy/lib/python3.8/site-packages:/home/terranova/.local/bin /home/terranova/.local/bin/cmake --build /home/terranova/uav_ws/build/gazebo_ros -- -j4 -l4
[229.841s] Invoking command in '/home/terranova/uav_ws/build/gazebo_ros': AMENT_PREFIX_PATH=/home/terranova/uav_ws/install/gazebo_msgs:/home/terranova/uav_ws/install/gazebo_dev:${AMENT_PREFIX_PATH} CMAKE_PREFIX_PATH=/home/terranova/uav_ws/install/gazebo_msgs:/home/terranova/uav_ws/install/gazebo_dev:/opt/ros/foxy LD_LIBRARY_PATH=/home/terranova/uav_ws/install/gazebo_msgs/lib:/opt/ros/foxy/opt/yaml_cpp_vendor/lib:/opt/ros/foxy/opt/rviz_ogre_vendor/lib:/opt/ros/foxy/lib/x86_64-linux-gnu:/opt/ros/foxy/lib:/usr/lib/x86_64-linux-gnu/gazebo-11/plugins:/usr/lib/x86_64-linux-gnu/gazebo-11/plugins:/usr/lib/x86_64-linux-gnu/gazebo-11/plugins PYTHONPATH=/home/terranova/uav_ws/install/gazebo_msgs/lib/python3.8/site-packages:/opt/ros/foxy/lib/python3.8/site-packages:/home/terranova/.local/bin /home/terranova/.local/bin/cmake --install /home/terranova/uav_ws/build/gazebo_ros
[229.880s] -- Install configuration: ""
[229.887s] -- Installing: /home/terranova/uav_ws/install/gazebo_ros/share/gazebo_ros/environment/pythonpath.sh
[229.888s] -- Installing: /home/terranova/uav_ws/install/gazebo_ros/share/gazebo_ros/environment/pythonpath.dsv
[229.888s] -- Installing: /home/terranova/uav_ws/install/gazebo_ros/lib/python3.8/site-packages/scripts/
[229.892s] -- Installing: /home/terranova/uav_ws/install/gazebo_ros/lib/python3.8/site-packages/scripts//gazebo_ros_paths.py
[229.892s] -- Installing: /home/terranova/uav_ws/install/gazebo_ros/lib/python3.8/site-packages/scripts//spawn_entity.py
[229.893s] -- Installing: /home/terranova/uav_ws/install/gazebo_ros/lib/python3.8/site-packages/scripts//__init__.py
[229.965s] Listing '/home/terranova/uav_ws/install/gazebo_ros/lib/python3.8/site-packages/scripts/'...
[229.965s] Compiling '/home/terranova/uav_ws/install/gazebo_ros/lib/python3.8/site-packages/scripts/__init__.py'...
[229.966s] Compiling '/home/terranova/uav_ws/install/gazebo_ros/lib/python3.8/site-packages/scripts/gazebo_ros_paths.py'...
[229.966s] Compiling '/home/terranova/uav_ws/install/gazebo_ros/lib/python3.8/site-packages/scripts/spawn_entity.py'...
[229.983s] -- Installing: /home/terranova/uav_ws/install/gazebo_ros/share/gazebo_ros/environment/library_path.sh
[229.986s] -- Installing: /home/terranova/uav_ws/install/gazebo_ros/share/gazebo_ros/environment/library_path.dsv
[229.990s] -- Installing: /home/terranova/uav_ws/install/gazebo_ros/share/ament_index/resource_index/package_run_dependencies/gazebo_ros
[229.991s] -- Installing: /home/terranova/uav_ws/install/gazebo_ros/share/ament_index/resource_index/parent_prefix_path/gazebo_ros
[229.995s] -- Installing: /home/terranova/uav_ws/install/gazebo_ros/share/gazebo_ros/environment/ament_prefix_path.sh
[229.995s] -- Installing: /home/terranova/uav_ws/install/gazebo_ros/share/gazebo_ros/environment/ament_prefix_path.dsv
[229.996s] -- Installing: /home/terranova/uav_ws/install/gazebo_ros/share/gazebo_ros/environment/path.sh
[229.996s] -- Installing: /home/terranova/uav_ws/install/gazebo_ros/share/gazebo_ros/environment/path.dsv
[229.997s] -- Installing: /home/terranova/uav_ws/install/gazebo_ros/share/gazebo_ros/local_setup.bash
[229.997s] -- Installing: /home/terranova/uav_ws/install/gazebo_ros/share/gazebo_ros/local_setup.sh
[229.998s] -- Installing: /home/terranova/uav_ws/install/gazebo_ros/share/gazebo_ros/local_setup.zsh
[229.998s] -- Installing: /home/terranova/uav_ws/install/gazebo_ros/share/gazebo_ros/local_setup.dsv
[229.999s] -- Installing: /home/terranova/uav_ws/install/gazebo_ros/share/gazebo_ros/package.dsv
[229.999s] -- Installing: /home/terranova/uav_ws/install/gazebo_ros/share/ament_index/resource_index/packages/gazebo_ros
[230.000s] -- Installing: /home/terranova/uav_ws/install/gazebo_ros/share/gazebo_ros/cmake/ament_cmake_export_libraries-extras.cmake
[230.001s] -- Installing: /home/terranova/uav_ws/install/gazebo_ros/share/gazebo_ros/cmake/ament_cmake_export_include_directories-extras.cmake
[230.002s] -- Installing: /home/terranova/uav_ws/install/gazebo_ros/share/gazebo_ros/cmake/ament_cmake_export_dependencies-extras.cmake
[230.003s] -- Installing: /home/terranova/uav_ws/install/gazebo_ros/share/gazebo_ros/cmake/gazebo_rosConfig.cmake
[230.003s] -- Installing: /home/terranova/uav_ws/install/gazebo_ros/share/gazebo_ros/cmake/gazebo_rosConfig-version.cmake
[230.004s] -- Installing: /home/terranova/uav_ws/install/gazebo_ros/share/gazebo_ros/package.xml
[230.004s] -- Installing: /home/terranova/uav_ws/install/gazebo_ros/include
[230.005s] -- Installing: /home/terranova/uav_ws/install/gazebo_ros/include/gazebo_ros
[230.005s] -- Installing: /home/terranova/uav_ws/install/gazebo_ros/include/gazebo_ros/node_visibility_control.h
[230.005s] -- Installing: /home/terranova/uav_ws/install/gazebo_ros/include/gazebo_ros/gazebo_ros_properties.hpp
[230.005s] -- Installing: /home/terranova/uav_ws/install/gazebo_ros/include/gazebo_ros/testing_utils.hpp
[230.005s] -- Installing: /home/terranova/uav_ws/install/gazebo_ros/include/gazebo_ros/gazebo_ros_force_system.hpp
[230.006s] -- Installing: /home/terranova/uav_ws/install/gazebo_ros/include/gazebo_ros/gazebo_ros_factory.hpp
[230.006s] -- Installing: /home/terranova/uav_ws/install/gazebo_ros/include/gazebo_ros/executor.hpp
[230.006s] -- Installing: /home/terranova/uav_ws/install/gazebo_ros/include/gazebo_ros/conversions
[230.007s] -- Installing: /home/terranova/uav_ws/install/gazebo_ros/include/gazebo_ros/conversions/sensor_msgs.hpp
[230.007s] -- Installing: /home/terranova/uav_ws/install/gazebo_ros/include/gazebo_ros/conversions/gazebo_msgs.hpp
[230.007s] -- Installing: /home/terranova/uav_ws/install/gazebo_ros/include/gazebo_ros/conversions/builtin_interfaces.hpp
[230.007s] -- Installing: /home/terranova/uav_ws/install/gazebo_ros/include/gazebo_ros/conversions/geometry_msgs.hpp
[230.008s] -- Installing: /home/terranova/uav_ws/install/gazebo_ros/include/gazebo_ros/conversions/generic.hpp
[230.008s] -- Installing: /home/terranova/uav_ws/install/gazebo_ros/include/gazebo_ros/utils_visibility_control.h
[230.008s] -- Installing: /home/terranova/uav_ws/install/gazebo_ros/include/gazebo_ros/gazebo_ros_init.hpp
[230.008s] -- Installing: /home/terranova/uav_ws/install/gazebo_ros/include/gazebo_ros/qos.hpp
[230.009s] -- Installing: /home/terranova/uav_ws/install/gazebo_ros/include/gazebo_ros/node.hpp
[230.009s] -- Installing: /home/terranova/uav_ws/install/gazebo_ros/include/gazebo_ros/gazebo_ros_state.hpp
[230.009s] -- Installing: /home/terranova/uav_ws/install/gazebo_ros/include/gazebo_ros/utils.hpp
[230.009s] -- Installing: /home/terranova/uav_ws/install/gazebo_ros/lib/gazebo_ros/gazebo_ros_paths.py
[230.010s] -- Installing: /home/terranova/uav_ws/install/gazebo_ros/lib/libgazebo_ros_factory.so
[230.014s] -- Set non-toolchain portion of runtime path of "/home/terranova/uav_ws/install/gazebo_ros/lib/libgazebo_ros_factory.so" to ""
[230.014s] -- Installing: /home/terranova/uav_ws/install/gazebo_ros/lib/libgazebo_ros_force_system.so
[230.024s] -- Set non-toolchain portion of runtime path of "/home/terranova/uav_ws/install/gazebo_ros/lib/libgazebo_ros_force_system.so" to ""
[230.025s] -- Installing: /home/terranova/uav_ws/install/gazebo_ros/lib/libgazebo_ros_init.so
[230.029s] -- Set non-toolchain portion of runtime path of "/home/terranova/uav_ws/install/gazebo_ros/lib/libgazebo_ros_init.so" to ""
[230.029s] -- Installing: /home/terranova/uav_ws/install/gazebo_ros/lib/libgazebo_ros_node.so
[230.035s] -- Set non-toolchain portion of runtime path of "/home/terranova/uav_ws/install/gazebo_ros/lib/libgazebo_ros_node.so" to ""
[230.036s] -- Installing: /home/terranova/uav_ws/install/gazebo_ros/lib/libgazebo_ros_properties.so
[230.049s] -- Set non-toolchain portion of runtime path of "/home/terranova/uav_ws/install/gazebo_ros/lib/libgazebo_ros_properties.so" to ""
[230.049s] -- Installing: /home/terranova/uav_ws/install/gazebo_ros/lib/libgazebo_ros_state.so
[230.061s] -- Set non-toolchain portion of runtime path of "/home/terranova/uav_ws/install/gazebo_ros/lib/libgazebo_ros_state.so" to ""
[230.062s] -- Installing: /home/terranova/uav_ws/install/gazebo_ros/lib/libgazebo_ros_utils.so
[230.066s] -- Set non-toolchain portion of runtime path of "/home/terranova/uav_ws/install/gazebo_ros/lib/libgazebo_ros_utils.so" to ""
[230.066s] -- Installing: /home/terranova/uav_ws/install/gazebo_ros/lib/gazebo_ros/spawn_entity.py
[230.066s] -- Installing: /home/terranova/uav_ws/install/gazebo_ros/share/gazebo_ros//launch
[230.067s] -- Installing: /home/terranova/uav_ws/install/gazebo_ros/share/gazebo_ros//launch/spawn_entity_demo.launch.py
[230.067s] -- Installing: /home/terranova/uav_ws/install/gazebo_ros/share/gazebo_ros//launch/gzclient.launch.py
[230.068s] -- Installing: /home/terranova/uav_ws/install/gazebo_ros/share/gazebo_ros//launch/gzserver.launch.py
[230.068s] -- Installing: /home/terranova/uav_ws/install/gazebo_ros/share/gazebo_ros//launch/gazebo.launch.py
[230.094s] Invoked command in '/home/terranova/uav_ws/build/gazebo_ros' returned '0': AMENT_PREFIX_PATH=/home/terranova/uav_ws/install/gazebo_msgs:/home/terranova/uav_ws/install/gazebo_dev:${AMENT_PREFIX_PATH} CMAKE_PREFIX_PATH=/home/terranova/uav_ws/install/gazebo_msgs:/home/terranova/uav_ws/install/gazebo_dev:/opt/ros/foxy LD_LIBRARY_PATH=/home/terranova/uav_ws/install/gazebo_msgs/lib:/opt/ros/foxy/opt/yaml_cpp_vendor/lib:/opt/ros/foxy/opt/rviz_ogre_vendor/lib:/opt/ros/foxy/lib/x86_64-linux-gnu:/opt/ros/foxy/lib:/usr/lib/x86_64-linux-gnu/gazebo-11/plugins:/usr/lib/x86_64-linux-gnu/gazebo-11/plugins:/usr/lib/x86_64-linux-gnu/gazebo-11/plugins PYTHONPATH=/home/terranova/uav_ws/install/gazebo_msgs/lib/python3.8/site-packages:/opt/ros/foxy/lib/python3.8/site-packages:/home/terranova/.local/bin /home/terranova/.local/bin/cmake --install /home/terranova/uav_ws/build/gazebo_ros
