[0.121s] Invoking command in '/home/terranova/uav_ws/build/pcl_ros': CMAKE_PREFIX_PATH=/home/terranova/uav_ws/install/pcl_conversions:/home/terranova/uav_ws/install/pcl_msgs:/home/terranova/uav_ws/install/vision_opencv:/home/terranova/uav_ws/install/uav_gazebo:/home/terranova/uav_ws/install/uav_cartographer:/home/terranova/uav_ws/install/turtlebot3:/home/terranova/uav_ws/install/turtlebot3_simulations:/home/terranova/uav_ws/install/turtlebot3_bringup:/home/terranova/uav_ws/install/turtlebot3_node:/home/terranova/uav_ws/install/turtlebot3_navigation2:/home/terranova/uav_ws/install/turtlebot3_fake_node:/home/terranova/uav_ws/install/turtlebot3_msgs:/home/terranova/uav_ws/install/turtlebot3_gazebo:/home/terranova/uav_ws/install/turtlebot3_description:/home/terranova/uav_ws/install/turtlebot3_cartographer:/home/terranova/uav_ws/install/turtlebot3_teleop:/home/terranova/uav_ws/install/turtlebot3_example:/home/terranova/uav_ws/install/opencv_tests:/home/terranova/uav_ws/install/joint_state_publisher_gui:/home/terranova/uav_ws/install/joint_state_publisher:/opt/ros/foxy:/home/terranova/uav_ws/install/realsense_gazebo_plugin:/home/terranova/uav_ws/install/perception_pcl:/home/terranova/uav_ws/install/pcl_ros:/home/terranova/uav_ws/install/image_geometry:/home/terranova/uav_ws/install/hls_lfcd_lds_driver:/home/terranova/uav_ws/install/gazebo_ros_pkgs:/home/terranova/uav_ws/install/gazebo_plugins:/home/terranova/uav_ws/install/gazebo_ros:/home/terranova/uav_ws/install/gazebo_msgs:/home/terranova/uav_ws/install/gazebo_dev:/home/terranova/uav_ws/install/dynamixel_sdk_examples:/home/terranova/uav_ws/install/dynamixel_sdk_custom_interfaces:/home/terranova/uav_ws/install/dynamixel_sdk:/home/terranova/uav_ws/install/cv_bridge:/home/terranova/uav_ws/install/absl LD_LIBRARY_PATH=/home/terranova/uav_ws/install/pcl_msgs/lib:/home/terranova/uav_ws/install/turtlebot3_msgs/lib:/home/terranova/uav_ws/install/realsense_gazebo_plugin/lib:/home/terranova/uav_ws/install/pcl_ros/lib:/home/terranova/uav_ws/install/image_geometry/lib:/home/terranova/uav_ws/install/gazebo_plugins/lib:/home/terranova/uav_ws/install/gazebo_ros/lib:/home/terranova/uav_ws/install/gazebo_msgs/lib:/home/terranova/uav_ws/install/dynamixel_sdk_custom_interfaces/lib:/home/terranova/uav_ws/install/dynamixel_sdk/lib:/home/terranova/uav_ws/install/cv_bridge/lib:/opt/ros/foxy/opt/yaml_cpp_vendor/lib:/opt/ros/foxy/opt/rviz_ogre_vendor/lib:/opt/ros/foxy/lib/x86_64-linux-gnu:/opt/ros/foxy/lib:/usr/lib/x86_64-linux-gnu/gazebo-11/plugins PYTHONPATH=/home/terranova/uav_ws/install/pcl_msgs/lib/python3.8/site-packages:/home/terranova/uav_ws/install/turtlebot3_teleop/lib/python3.8/site-packages:/home/terranova/uav_ws/install/turtlebot3_example/lib/python3.8/site-packages:/home/terranova/uav_ws/install/turtlebot3_msgs/lib/python3.8/site-packages:/home/terranova/uav_ws/install/opencv_tests/lib/python3.8/site-packages:/home/terranova/uav_ws/install/joint_state_publisher_gui/lib/python3.8/site-packages:/home/terranova/uav_ws/install/joint_state_publisher/lib/python3.8/site-packages:/home/terranova/uav_ws/install/image_geometry/lib/python3.8/site-packages:/home/terranova/uav_ws/install/gazebo_ros/lib/python3.8/site-packages:/home/terranova/uav_ws/install/gazebo_msgs/lib/python3.8/site-packages:/home/terranova/uav_ws/install/dynamixel_sdk_custom_interfaces/lib/python3.8/site-packages:/home/terranova/uav_ws/install/cv_bridge/lib/python3.8/site-packages:/opt/ros/foxy/lib/python3.8/site-packages:/home/terranova/.local/bin /home/terranova/.local/bin/cmake --build /home/terranova/uav_ws/build/pcl_ros -- -j4 -l4
[0.495s] [100%] Built target pcl_ros_tf
[0.531s] Invoked command in '/home/terranova/uav_ws/build/pcl_ros' returned '0': CMAKE_PREFIX_PATH=/home/terranova/uav_ws/install/pcl_conversions:/home/terranova/uav_ws/install/pcl_msgs:/home/terranova/uav_ws/install/vision_opencv:/home/terranova/uav_ws/install/uav_gazebo:/home/terranova/uav_ws/install/uav_cartographer:/home/terranova/uav_ws/install/turtlebot3:/home/terranova/uav_ws/install/turtlebot3_simulations:/home/terranova/uav_ws/install/turtlebot3_bringup:/home/terranova/uav_ws/install/turtlebot3_node:/home/terranova/uav_ws/install/turtlebot3_navigation2:/home/terranova/uav_ws/install/turtlebot3_fake_node:/home/terranova/uav_ws/install/turtlebot3_msgs:/home/terranova/uav_ws/install/turtlebot3_gazebo:/home/terranova/uav_ws/install/turtlebot3_description:/home/terranova/uav_ws/install/turtlebot3_cartographer:/home/terranova/uav_ws/install/turtlebot3_teleop:/home/terranova/uav_ws/install/turtlebot3_example:/home/terranova/uav_ws/install/opencv_tests:/home/terranova/uav_ws/install/joint_state_publisher_gui:/home/terranova/uav_ws/install/joint_state_publisher:/opt/ros/foxy:/home/terranova/uav_ws/install/realsense_gazebo_plugin:/home/terranova/uav_ws/install/perception_pcl:/home/terranova/uav_ws/install/pcl_ros:/home/terranova/uav_ws/install/image_geometry:/home/terranova/uav_ws/install/hls_lfcd_lds_driver:/home/terranova/uav_ws/install/gazebo_ros_pkgs:/home/terranova/uav_ws/install/gazebo_plugins:/home/terranova/uav_ws/install/gazebo_ros:/home/terranova/uav_ws/install/gazebo_msgs:/home/terranova/uav_ws/install/gazebo_dev:/home/terranova/uav_ws/install/dynamixel_sdk_examples:/home/terranova/uav_ws/install/dynamixel_sdk_custom_interfaces:/home/terranova/uav_ws/install/dynamixel_sdk:/home/terranova/uav_ws/install/cv_bridge:/home/terranova/uav_ws/install/absl LD_LIBRARY_PATH=/home/terranova/uav_ws/install/pcl_msgs/lib:/home/terranova/uav_ws/install/turtlebot3_msgs/lib:/home/terranova/uav_ws/install/realsense_gazebo_plugin/lib:/home/terranova/uav_ws/install/pcl_ros/lib:/home/terranova/uav_ws/install/image_geometry/lib:/home/terranova/uav_ws/install/gazebo_plugins/lib:/home/terranova/uav_ws/install/gazebo_ros/lib:/home/terranova/uav_ws/install/gazebo_msgs/lib:/home/terranova/uav_ws/install/dynamixel_sdk_custom_interfaces/lib:/home/terranova/uav_ws/install/dynamixel_sdk/lib:/home/terranova/uav_ws/install/cv_bridge/lib:/opt/ros/foxy/opt/yaml_cpp_vendor/lib:/opt/ros/foxy/opt/rviz_ogre_vendor/lib:/opt/ros/foxy/lib/x86_64-linux-gnu:/opt/ros/foxy/lib:/usr/lib/x86_64-linux-gnu/gazebo-11/plugins PYTHONPATH=/home/terranova/uav_ws/install/pcl_msgs/lib/python3.8/site-packages:/home/terranova/uav_ws/install/turtlebot3_teleop/lib/python3.8/site-packages:/home/terranova/uav_ws/install/turtlebot3_example/lib/python3.8/site-packages:/home/terranova/uav_ws/install/turtlebot3_msgs/lib/python3.8/site-packages:/home/terranova/uav_ws/install/opencv_tests/lib/python3.8/site-packages:/home/terranova/uav_ws/install/joint_state_publisher_gui/lib/python3.8/site-packages:/home/terranova/uav_ws/install/joint_state_publisher/lib/python3.8/site-packages:/home/terranova/uav_ws/install/image_geometry/lib/python3.8/site-packages:/home/terranova/uav_ws/install/gazebo_ros/lib/python3.8/site-packages:/home/terranova/uav_ws/install/gazebo_msgs/lib/python3.8/site-packages:/home/terranova/uav_ws/install/dynamixel_sdk_custom_interfaces/lib/python3.8/site-packages:/home/terranova/uav_ws/install/cv_bridge/lib/python3.8/site-packages:/opt/ros/foxy/lib/python3.8/site-packages:/home/terranova/.local/bin /home/terranova/.local/bin/cmake --build /home/terranova/uav_ws/build/pcl_ros -- -j4 -l4
[0.816s] Invoking command in '/home/terranova/uav_ws/build/pcl_ros': CMAKE_PREFIX_PATH=/home/terranova/uav_ws/install/pcl_conversions:/home/terranova/uav_ws/install/pcl_msgs:/home/terranova/uav_ws/install/vision_opencv:/home/terranova/uav_ws/install/uav_gazebo:/home/terranova/uav_ws/install/uav_cartographer:/home/terranova/uav_ws/install/turtlebot3:/home/terranova/uav_ws/install/turtlebot3_simulations:/home/terranova/uav_ws/install/turtlebot3_bringup:/home/terranova/uav_ws/install/turtlebot3_node:/home/terranova/uav_ws/install/turtlebot3_navigation2:/home/terranova/uav_ws/install/turtlebot3_fake_node:/home/terranova/uav_ws/install/turtlebot3_msgs:/home/terranova/uav_ws/install/turtlebot3_gazebo:/home/terranova/uav_ws/install/turtlebot3_description:/home/terranova/uav_ws/install/turtlebot3_cartographer:/home/terranova/uav_ws/install/turtlebot3_teleop:/home/terranova/uav_ws/install/turtlebot3_example:/home/terranova/uav_ws/install/opencv_tests:/home/terranova/uav_ws/install/joint_state_publisher_gui:/home/terranova/uav_ws/install/joint_state_publisher:/opt/ros/foxy:/home/terranova/uav_ws/install/realsense_gazebo_plugin:/home/terranova/uav_ws/install/perception_pcl:/home/terranova/uav_ws/install/pcl_ros:/home/terranova/uav_ws/install/image_geometry:/home/terranova/uav_ws/install/hls_lfcd_lds_driver:/home/terranova/uav_ws/install/gazebo_ros_pkgs:/home/terranova/uav_ws/install/gazebo_plugins:/home/terranova/uav_ws/install/gazebo_ros:/home/terranova/uav_ws/install/gazebo_msgs:/home/terranova/uav_ws/install/gazebo_dev:/home/terranova/uav_ws/install/dynamixel_sdk_examples:/home/terranova/uav_ws/install/dynamixel_sdk_custom_interfaces:/home/terranova/uav_ws/install/dynamixel_sdk:/home/terranova/uav_ws/install/cv_bridge:/home/terranova/uav_ws/install/absl LD_LIBRARY_PATH=/home/terranova/uav_ws/install/pcl_msgs/lib:/home/terranova/uav_ws/install/turtlebot3_msgs/lib:/home/terranova/uav_ws/install/realsense_gazebo_plugin/lib:/home/terranova/uav_ws/install/pcl_ros/lib:/home/terranova/uav_ws/install/image_geometry/lib:/home/terranova/uav_ws/install/gazebo_plugins/lib:/home/terranova/uav_ws/install/gazebo_ros/lib:/home/terranova/uav_ws/install/gazebo_msgs/lib:/home/terranova/uav_ws/install/dynamixel_sdk_custom_interfaces/lib:/home/terranova/uav_ws/install/dynamixel_sdk/lib:/home/terranova/uav_ws/install/cv_bridge/lib:/opt/ros/foxy/opt/yaml_cpp_vendor/lib:/opt/ros/foxy/opt/rviz_ogre_vendor/lib:/opt/ros/foxy/lib/x86_64-linux-gnu:/opt/ros/foxy/lib:/usr/lib/x86_64-linux-gnu/gazebo-11/plugins PYTHONPATH=/home/terranova/uav_ws/install/pcl_msgs/lib/python3.8/site-packages:/home/terranova/uav_ws/install/turtlebot3_teleop/lib/python3.8/site-packages:/home/terranova/uav_ws/install/turtlebot3_example/lib/python3.8/site-packages:/home/terranova/uav_ws/install/turtlebot3_msgs/lib/python3.8/site-packages:/home/terranova/uav_ws/install/opencv_tests/lib/python3.8/site-packages:/home/terranova/uav_ws/install/joint_state_publisher_gui/lib/python3.8/site-packages:/home/terranova/uav_ws/install/joint_state_publisher/lib/python3.8/site-packages:/home/terranova/uav_ws/install/image_geometry/lib/python3.8/site-packages:/home/terranova/uav_ws/install/gazebo_ros/lib/python3.8/site-packages:/home/terranova/uav_ws/install/gazebo_msgs/lib/python3.8/site-packages:/home/terranova/uav_ws/install/dynamixel_sdk_custom_interfaces/lib/python3.8/site-packages:/home/terranova/uav_ws/install/cv_bridge/lib/python3.8/site-packages:/opt/ros/foxy/lib/python3.8/site-packages:/home/terranova/.local/bin /home/terranova/.local/bin/cmake --install /home/terranova/uav_ws/build/pcl_ros
[0.946s] -- Install configuration: ""
[0.947s] -- Up-to-date: /home/terranova/uav_ws/install/pcl_ros/include
[0.947s] -- Up-to-date: /home/terranova/uav_ws/install/pcl_ros/include/pcl_ros
[0.952s] -- Up-to-date: /home/terranova/uav_ws/install/pcl_ros/include/pcl_ros/surface
[0.954s] -- Up-to-date: /home/terranova/uav_ws/install/pcl_ros/include/pcl_ros/surface/convex_hull.hpp
[0.955s] -- Up-to-date: /home/terranova/uav_ws/install/pcl_ros/include/pcl_ros/surface/moving_least_squares.hpp
[0.955s] -- Up-to-date: /home/terranova/uav_ws/install/pcl_ros/include/pcl_ros/impl
[0.956s] -- Up-to-date: /home/terranova/uav_ws/install/pcl_ros/include/pcl_ros/impl/transforms.hpp
[0.956s] -- Up-to-date: /home/terranova/uav_ws/install/pcl_ros/include/pcl_ros/segmentation
[0.957s] -- Up-to-date: /home/terranova/uav_ws/install/pcl_ros/include/pcl_ros/segmentation/extract_polygonal_prism_data.hpp
[0.958s] -- Up-to-date: /home/terranova/uav_ws/install/pcl_ros/include/pcl_ros/segmentation/segment_differences.hpp
[0.958s] -- Up-to-date: /home/terranova/uav_ws/install/pcl_ros/include/pcl_ros/segmentation/sac_segmentation.hpp
[0.958s] -- Up-to-date: /home/terranova/uav_ws/install/pcl_ros/include/pcl_ros/segmentation/extract_clusters.hpp
[0.958s] -- Up-to-date: /home/terranova/uav_ws/install/pcl_ros/include/pcl_ros/point_cloud.hpp
[0.959s] -- Up-to-date: /home/terranova/uav_ws/install/pcl_ros/include/pcl_ros/pcl_nodelet.hpp
[0.959s] -- Up-to-date: /home/terranova/uav_ws/install/pcl_ros/include/pcl_ros/io
[0.960s] -- Up-to-date: /home/terranova/uav_ws/install/pcl_ros/include/pcl_ros/io/bag_io.hpp
[0.961s] -- Up-to-date: /home/terranova/uav_ws/install/pcl_ros/include/pcl_ros/io/concatenate_data.hpp
[0.961s] -- Up-to-date: /home/terranova/uav_ws/install/pcl_ros/include/pcl_ros/io/concatenate_fields.hpp
[0.962s] -- Up-to-date: /home/terranova/uav_ws/install/pcl_ros/include/pcl_ros/io/pcd_io.hpp
[0.962s] -- Up-to-date: /home/terranova/uav_ws/install/pcl_ros/include/pcl_ros/filters
[0.964s] -- Up-to-date: /home/terranova/uav_ws/install/pcl_ros/include/pcl_ros/filters/filter.hpp
[0.964s] -- Up-to-date: /home/terranova/uav_ws/install/pcl_ros/include/pcl_ros/filters/statistical_outlier_removal.hpp
[0.964s] -- Up-to-date: /home/terranova/uav_ws/install/pcl_ros/include/pcl_ros/filters/voxel_grid.hpp
[0.964s] -- Up-to-date: /home/terranova/uav_ws/install/pcl_ros/include/pcl_ros/filters/radius_outlier_removal.hpp
[0.965s] -- Up-to-date: /home/terranova/uav_ws/install/pcl_ros/include/pcl_ros/filters/project_inliers.hpp
[0.965s] -- Up-to-date: /home/terranova/uav_ws/install/pcl_ros/include/pcl_ros/filters/crop_box.hpp
[0.965s] -- Up-to-date: /home/terranova/uav_ws/install/pcl_ros/include/pcl_ros/filters/passthrough.hpp
[0.965s] -- Up-to-date: /home/terranova/uav_ws/install/pcl_ros/include/pcl_ros/filters/extract_indices.hpp
[0.965s] -- Up-to-date: /home/terranova/uav_ws/install/pcl_ros/include/pcl_ros/features
[0.967s] -- Up-to-date: /home/terranova/uav_ws/install/pcl_ros/include/pcl_ros/features/principal_curvatures.hpp
[0.967s] -- Up-to-date: /home/terranova/uav_ws/install/pcl_ros/include/pcl_ros/features/normal_3d_tbb.hpp
[0.967s] -- Up-to-date: /home/terranova/uav_ws/install/pcl_ros/include/pcl_ros/features/vfh.hpp
[0.967s] -- Up-to-date: /home/terranova/uav_ws/install/pcl_ros/include/pcl_ros/features/shot_omp.hpp
[0.969s] -- Up-to-date: /home/terranova/uav_ws/install/pcl_ros/include/pcl_ros/features/boundary.hpp
[0.970s] -- Up-to-date: /home/terranova/uav_ws/install/pcl_ros/include/pcl_ros/features/shot.hpp
[0.970s] -- Up-to-date: /home/terranova/uav_ws/install/pcl_ros/include/pcl_ros/features/fpfh.hpp
[0.970s] -- Up-to-date: /home/terranova/uav_ws/install/pcl_ros/include/pcl_ros/features/normal_3d_omp.hpp
[0.970s] -- Up-to-date: /home/terranova/uav_ws/install/pcl_ros/include/pcl_ros/features/normal_3d.hpp
[0.970s] -- Up-to-date: /home/terranova/uav_ws/install/pcl_ros/include/pcl_ros/features/pfh.hpp
[0.971s] -- Up-to-date: /home/terranova/uav_ws/install/pcl_ros/include/pcl_ros/features/feature.hpp
[0.971s] -- Up-to-date: /home/terranova/uav_ws/install/pcl_ros/include/pcl_ros/features/moment_invariants.hpp
[0.971s] -- Up-to-date: /home/terranova/uav_ws/install/pcl_ros/include/pcl_ros/features/fpfh_omp.hpp
[0.971s] -- Up-to-date: /home/terranova/uav_ws/install/pcl_ros/include/pcl_ros/transforms.hpp
[0.978s] -- Up-to-date: /home/terranova/uav_ws/install/pcl_ros/include/pcl_ros/publisher.hpp
[0.980s] -- Up-to-date: /home/terranova/uav_ws/install/pcl_ros/lib/libpcl_ros_tf.so
[0.985s] -- Up-to-date: /home/terranova/uav_ws/install/pcl_ros/share/pcl_ros/plugins
[0.985s] -- Up-to-date: /home/terranova/uav_ws/install/pcl_ros/share/pcl_ros/plugins/nodelet
[0.985s] -- Up-to-date: /home/terranova/uav_ws/install/pcl_ros/share/pcl_ros/plugins/nodelet/libpcl_ros_features.xml
[0.986s] -- Up-to-date: /home/terranova/uav_ws/install/pcl_ros/share/pcl_ros/plugins/nodelet/libpcl_ros_segmentation.xml
[0.986s] -- Up-to-date: /home/terranova/uav_ws/install/pcl_ros/share/pcl_ros/plugins/nodelet/libpcl_ros_surface.xml
[0.986s] -- Up-to-date: /home/terranova/uav_ws/install/pcl_ros/share/pcl_ros/plugins/nodelet/libpcl_ros_io.xml
[0.986s] -- Up-to-date: /home/terranova/uav_ws/install/pcl_ros/share/pcl_ros/plugins/nodelet/libpcl_ros_filters.xml
[0.986s] -- Up-to-date: /home/terranova/uav_ws/install/pcl_ros/share/pcl_ros/samples
[0.987s] -- Up-to-date: /home/terranova/uav_ws/install/pcl_ros/share/pcl_ros/samples/data
[0.987s] -- Up-to-date: /home/terranova/uav_ws/install/pcl_ros/share/pcl_ros/samples/data/.gitignore
[0.987s] -- Up-to-date: /home/terranova/uav_ws/install/pcl_ros/share/pcl_ros/samples/pcl_ros
[0.987s] -- Up-to-date: /home/terranova/uav_ws/install/pcl_ros/share/pcl_ros/samples/pcl_ros/surface
[0.987s] -- Up-to-date: /home/terranova/uav_ws/install/pcl_ros/share/pcl_ros/samples/pcl_ros/surface/sample_convex_hull.launch
[0.987s] -- Up-to-date: /home/terranova/uav_ws/install/pcl_ros/share/pcl_ros/samples/pcl_ros/segmentation
[0.988s] -- Up-to-date: /home/terranova/uav_ws/install/pcl_ros/share/pcl_ros/samples/pcl_ros/segmentation/sample_extract_clusters.launch
[1.001s] -- Up-to-date: /home/terranova/uav_ws/install/pcl_ros/share/pcl_ros/samples/pcl_ros/io
[1.001s] -- Up-to-date: /home/terranova/uav_ws/install/pcl_ros/share/pcl_ros/samples/pcl_ros/io/sample_concatenate_data.launch
[1.002s] -- Up-to-date: /home/terranova/uav_ws/install/pcl_ros/share/pcl_ros/samples/pcl_ros/filters
[1.002s] -- Up-to-date: /home/terranova/uav_ws/install/pcl_ros/share/pcl_ros/samples/pcl_ros/filters/sample_voxel_grid.launch
[1.002s] -- Up-to-date: /home/terranova/uav_ws/install/pcl_ros/share/pcl_ros/samples/pcl_ros/filters/config
[1.002s] -- Up-to-date: /home/terranova/uav_ws/install/pcl_ros/share/pcl_ros/samples/pcl_ros/filters/config/statistical_outlier_removal.rviz
[1.002s] -- Up-to-date: /home/terranova/uav_ws/install/pcl_ros/share/pcl_ros/samples/pcl_ros/filters/config/voxel_grid.rviz
[1.003s] -- Up-to-date: /home/terranova/uav_ws/install/pcl_ros/share/pcl_ros/samples/pcl_ros/filters/sample_statistical_outlier_removal.launch
[1.003s] -- Up-to-date: /home/terranova/uav_ws/install/pcl_ros/share/pcl_ros/samples/pcl_ros/features
[1.003s] -- Up-to-date: /home/terranova/uav_ws/install/pcl_ros/share/pcl_ros/samples/pcl_ros/features/sample_normal_3d.launch
[1.003s] -- Up-to-date: /home/terranova/uav_ws/install/pcl_ros/share/pcl_ros/environment/library_path.sh
[1.003s] -- Up-to-date: /home/terranova/uav_ws/install/pcl_ros/share/pcl_ros/environment/library_path.dsv
[1.004s] -- Up-to-date: /home/terranova/uav_ws/install/pcl_ros/share/ament_index/resource_index/package_run_dependencies/pcl_ros
[1.004s] -- Up-to-date: /home/terranova/uav_ws/install/pcl_ros/share/ament_index/resource_index/parent_prefix_path/pcl_ros
[1.014s] -- Up-to-date: /home/terranova/uav_ws/install/pcl_ros/share/pcl_ros/environment/ament_prefix_path.sh
[1.014s] -- Up-to-date: /home/terranova/uav_ws/install/pcl_ros/share/pcl_ros/environment/ament_prefix_path.dsv
[1.014s] -- Up-to-date: /home/terranova/uav_ws/install/pcl_ros/share/pcl_ros/environment/path.sh
[1.014s] -- Up-to-date: /home/terranova/uav_ws/install/pcl_ros/share/pcl_ros/environment/path.dsv
[1.015s] -- Up-to-date: /home/terranova/uav_ws/install/pcl_ros/share/pcl_ros/local_setup.bash
[1.015s] -- Up-to-date: /home/terranova/uav_ws/install/pcl_ros/share/pcl_ros/local_setup.sh
[1.015s] -- Up-to-date: /home/terranova/uav_ws/install/pcl_ros/share/pcl_ros/local_setup.zsh
[1.015s] -- Up-to-date: /home/terranova/uav_ws/install/pcl_ros/share/pcl_ros/local_setup.dsv
[1.015s] -- Installing: /home/terranova/uav_ws/install/pcl_ros/share/pcl_ros/package.dsv
[1.015s] -- Up-to-date: /home/terranova/uav_ws/install/pcl_ros/share/ament_index/resource_index/packages/pcl_ros
[1.016s] -- Up-to-date: /home/terranova/uav_ws/install/pcl_ros/share/pcl_ros/cmake/export_pcl_rosExport.cmake
[1.016s] -- Up-to-date: /home/terranova/uav_ws/install/pcl_ros/share/pcl_ros/cmake/export_pcl_rosExport-noconfig.cmake
[1.016s] -- Up-to-date: /home/terranova/uav_ws/install/pcl_ros/share/pcl_ros/cmake/ament_cmake_export_include_directories-extras.cmake
[1.016s] -- Up-to-date: /home/terranova/uav_ws/install/pcl_ros/share/pcl_ros/cmake/ament_cmake_export_libraries-extras.cmake
[1.016s] -- Up-to-date: /home/terranova/uav_ws/install/pcl_ros/share/pcl_ros/cmake/ament_cmake_export_dependencies-extras.cmake
[1.017s] -- Up-to-date: /home/terranova/uav_ws/install/pcl_ros/share/pcl_ros/cmake/ament_cmake_export_targets-extras.cmake
[1.017s] -- Up-to-date: /home/terranova/uav_ws/install/pcl_ros/share/pcl_ros/cmake/pcl_rosConfig.cmake
[1.017s] -- Up-to-date: /home/terranova/uav_ws/install/pcl_ros/share/pcl_ros/cmake/pcl_rosConfig-version.cmake
[1.017s] -- Up-to-date: /home/terranova/uav_ws/install/pcl_ros/share/pcl_ros/package.xml
[1.018s] Invoked command in '/home/terranova/uav_ws/build/pcl_ros' returned '0': CMAKE_PREFIX_PATH=/home/terranova/uav_ws/install/pcl_conversions:/home/terranova/uav_ws/install/pcl_msgs:/home/terranova/uav_ws/install/vision_opencv:/home/terranova/uav_ws/install/uav_gazebo:/home/terranova/uav_ws/install/uav_cartographer:/home/terranova/uav_ws/install/turtlebot3:/home/terranova/uav_ws/install/turtlebot3_simulations:/home/terranova/uav_ws/install/turtlebot3_bringup:/home/terranova/uav_ws/install/turtlebot3_node:/home/terranova/uav_ws/install/turtlebot3_navigation2:/home/terranova/uav_ws/install/turtlebot3_fake_node:/home/terranova/uav_ws/install/turtlebot3_msgs:/home/terranova/uav_ws/install/turtlebot3_gazebo:/home/terranova/uav_ws/install/turtlebot3_description:/home/terranova/uav_ws/install/turtlebot3_cartographer:/home/terranova/uav_ws/install/turtlebot3_teleop:/home/terranova/uav_ws/install/turtlebot3_example:/home/terranova/uav_ws/install/opencv_tests:/home/terranova/uav_ws/install/joint_state_publisher_gui:/home/terranova/uav_ws/install/joint_state_publisher:/opt/ros/foxy:/home/terranova/uav_ws/install/realsense_gazebo_plugin:/home/terranova/uav_ws/install/perception_pcl:/home/terranova/uav_ws/install/pcl_ros:/home/terranova/uav_ws/install/image_geometry:/home/terranova/uav_ws/install/hls_lfcd_lds_driver:/home/terranova/uav_ws/install/gazebo_ros_pkgs:/home/terranova/uav_ws/install/gazebo_plugins:/home/terranova/uav_ws/install/gazebo_ros:/home/terranova/uav_ws/install/gazebo_msgs:/home/terranova/uav_ws/install/gazebo_dev:/home/terranova/uav_ws/install/dynamixel_sdk_examples:/home/terranova/uav_ws/install/dynamixel_sdk_custom_interfaces:/home/terranova/uav_ws/install/dynamixel_sdk:/home/terranova/uav_ws/install/cv_bridge:/home/terranova/uav_ws/install/absl LD_LIBRARY_PATH=/home/terranova/uav_ws/install/pcl_msgs/lib:/home/terranova/uav_ws/install/turtlebot3_msgs/lib:/home/terranova/uav_ws/install/realsense_gazebo_plugin/lib:/home/terranova/uav_ws/install/pcl_ros/lib:/home/terranova/uav_ws/install/image_geometry/lib:/home/terranova/uav_ws/install/gazebo_plugins/lib:/home/terranova/uav_ws/install/gazebo_ros/lib:/home/terranova/uav_ws/install/gazebo_msgs/lib:/home/terranova/uav_ws/install/dynamixel_sdk_custom_interfaces/lib:/home/terranova/uav_ws/install/dynamixel_sdk/lib:/home/terranova/uav_ws/install/cv_bridge/lib:/opt/ros/foxy/opt/yaml_cpp_vendor/lib:/opt/ros/foxy/opt/rviz_ogre_vendor/lib:/opt/ros/foxy/lib/x86_64-linux-gnu:/opt/ros/foxy/lib:/usr/lib/x86_64-linux-gnu/gazebo-11/plugins PYTHONPATH=/home/terranova/uav_ws/install/pcl_msgs/lib/python3.8/site-packages:/home/terranova/uav_ws/install/turtlebot3_teleop/lib/python3.8/site-packages:/home/terranova/uav_ws/install/turtlebot3_example/lib/python3.8/site-packages:/home/terranova/uav_ws/install/turtlebot3_msgs/lib/python3.8/site-packages:/home/terranova/uav_ws/install/opencv_tests/lib/python3.8/site-packages:/home/terranova/uav_ws/install/joint_state_publisher_gui/lib/python3.8/site-packages:/home/terranova/uav_ws/install/joint_state_publisher/lib/python3.8/site-packages:/home/terranova/uav_ws/install/image_geometry/lib/python3.8/site-packages:/home/terranova/uav_ws/install/gazebo_ros/lib/python3.8/site-packages:/home/terranova/uav_ws/install/gazebo_msgs/lib/python3.8/site-packages:/home/terranova/uav_ws/install/dynamixel_sdk_custom_interfaces/lib/python3.8/site-packages:/home/terranova/uav_ws/install/cv_bridge/lib/python3.8/site-packages:/opt/ros/foxy/lib/python3.8/site-packages:/home/terranova/.local/bin /home/terranova/.local/bin/cmake --install /home/terranova/uav_ws/build/pcl_ros
