[0.038s] Invoking command in '/home/terranova/uav_ws/build/turtlebot3_navigation2': CMAKE_PREFIX_PATH=/opt/ros/foxy /home/terranova/.local/bin/cmake /home/terranova/uav_ws/src/turtlebot3/turtlebot3/turtlebot3_navigation2 -DCMAKE_INSTALL_PREFIX=/home/terranova/uav_ws/install/turtlebot3_navigation2
[0.427s] -- The C compiler identification is GNU 9.4.0
[0.620s] -- The CXX compiler identification is GNU 9.4.0
[0.670s] -- Detecting C compiler ABI info
[0.836s] -- Detecting C compiler ABI info - done
[0.907s] -- Check for working C compiler: /usr/lib/ccache/cc - skipped
[0.907s] -- Detecting C compile features
[0.909s] -- Detecting C compile features - done
[0.946s] -- Detecting CXX compiler ABI info
[1.177s] -- Detecting CXX compiler ABI info - done
[1.220s] -- Check for working CXX compiler: /usr/lib/ccache/c++ - skipped
[1.221s] -- Detecting CXX compile features
[1.223s] -- Detecting CXX compile features - done
[1.232s] -- Found ament_cmake: 0.9.12 (/opt/ros/foxy/share/ament_cmake/cmake)
[1.253s] [33mCMake Warning (dev) at /opt/ros/foxy/share/ament_cmake_core/cmake/core/python.cmake:22 (find_package):
[1.253s]   Policy CMP0148 is not set: The FindPythonInterp and FindPythonLibs modules
[1.254s]   are removed.  Run "cmake --help-policy CMP0148" for policy details.  Use
[1.254s]   the cmake_policy command to set the policy and suppress this warning.
[1.254s] 
[1.254s] Call Stack (most recent call first):
[1.254s]   /opt/ros/foxy/share/ament_cmake_core/cmake/core/all.cmake:53 (include)
[1.254s]   /opt/ros/foxy/share/ament_cmake_core/cmake/ament_cmake_core-extras.cmake:17 (include)
[1.255s]   /opt/ros/foxy/share/ament_cmake_core/cmake/ament_cmake_coreConfig.cmake:41 (include)
[1.255s]   /opt/ros/foxy/share/ament_cmake/cmake/ament_cmake_export_dependencies-extras.cmake:15 (find_package)
[1.256s]   /opt/ros/foxy/share/ament_cmake/cmake/ament_cmakeConfig.cmake:41 (include)
[1.256s]   CMakeLists.txt:10 (find_package)
[1.256s] This warning is for project developers.  Use -Wno-dev to suppress it.
[1.256s] [0m
[1.354s] -- Found PythonInterp: /usr/bin/python3 (found suitable version "3.8.10", minimum required is "3") 
[1.354s] -- Using PYTHON_EXECUTABLE: /usr/bin/python3
[2.304s] -- Configuring done (2.2s)
[2.332s] -- Generating done (0.0s)
[2.342s] -- Build files have been written to: /home/terranova/uav_ws/build/turtlebot3_navigation2
[2.376s] Invoked command in '/home/terranova/uav_ws/build/turtlebot3_navigation2' returned '0': CMAKE_PREFIX_PATH=/opt/ros/foxy /home/terranova/.local/bin/cmake /home/terranova/uav_ws/src/turtlebot3/turtlebot3/turtlebot3_navigation2 -DCMAKE_INSTALL_PREFIX=/home/terranova/uav_ws/install/turtlebot3_navigation2
[2.379s] Invoking command in '/home/terranova/uav_ws/build/turtlebot3_navigation2': CMAKE_PREFIX_PATH=/opt/ros/foxy /home/terranova/.local/bin/cmake --build /home/terranova/uav_ws/build/turtlebot3_navigation2 -- -j4 -l4
[2.557s] Invoked command in '/home/terranova/uav_ws/build/turtlebot3_navigation2' returned '0': CMAKE_PREFIX_PATH=/opt/ros/foxy /home/terranova/.local/bin/cmake --build /home/terranova/uav_ws/build/turtlebot3_navigation2 -- -j4 -l4
[2.666s] Invoking command in '/home/terranova/uav_ws/build/turtlebot3_navigation2': CMAKE_PREFIX_PATH=/opt/ros/foxy /home/terranova/.local/bin/cmake --install /home/terranova/uav_ws/build/turtlebot3_navigation2
[2.749s] -- Install configuration: ""
[2.749s] -- Installing: /home/terranova/uav_ws/install/turtlebot3_navigation2/share/turtlebot3_navigation2/launch
[2.749s] -- Installing: /home/terranova/uav_ws/install/turtlebot3_navigation2/share/turtlebot3_navigation2/launch/navigation2.launch.py
[2.750s] -- Installing: /home/terranova/uav_ws/install/turtlebot3_navigation2/share/turtlebot3_navigation2/map
[2.751s] -- Installing: /home/terranova/uav_ws/install/turtlebot3_navigation2/share/turtlebot3_navigation2/map/turtlebot3_world.yaml
[2.751s] -- Installing: /home/terranova/uav_ws/install/turtlebot3_navigation2/share/turtlebot3_navigation2/map/turtlebot3_world.pgm
[2.754s] -- Installing: /home/terranova/uav_ws/install/turtlebot3_navigation2/share/turtlebot3_navigation2/param
[2.755s] -- Installing: /home/terranova/uav_ws/install/turtlebot3_navigation2/share/turtlebot3_navigation2/param/waffle_pi.yaml
[2.756s] -- Installing: /home/terranova/uav_ws/install/turtlebot3_navigation2/share/turtlebot3_navigation2/param/waffle.yaml
[2.757s] -- Installing: /home/terranova/uav_ws/install/turtlebot3_navigation2/share/turtlebot3_navigation2/param/burger.yaml
[2.758s] -- Installing: /home/terranova/uav_ws/install/turtlebot3_navigation2/share/turtlebot3_navigation2/rviz
[2.759s] -- Installing: /home/terranova/uav_ws/install/turtlebot3_navigation2/share/turtlebot3_navigation2/rviz/tb3_navigation2.rviz
[2.760s] -- Installing: /home/terranova/uav_ws/install/turtlebot3_navigation2/share/ament_index/resource_index/package_run_dependencies/turtlebot3_navigation2
[2.761s] -- Installing: /home/terranova/uav_ws/install/turtlebot3_navigation2/share/ament_index/resource_index/parent_prefix_path/turtlebot3_navigation2
[2.762s] -- Installing: /home/terranova/uav_ws/install/turtlebot3_navigation2/share/turtlebot3_navigation2/environment/ament_prefix_path.sh
[2.763s] -- Installing: /home/terranova/uav_ws/install/turtlebot3_navigation2/share/turtlebot3_navigation2/environment/ament_prefix_path.dsv
[2.764s] -- Installing: /home/terranova/uav_ws/install/turtlebot3_navigation2/share/turtlebot3_navigation2/environment/path.sh
[2.764s] -- Installing: /home/terranova/uav_ws/install/turtlebot3_navigation2/share/turtlebot3_navigation2/environment/path.dsv
[2.765s] -- Installing: /home/terranova/uav_ws/install/turtlebot3_navigation2/share/turtlebot3_navigation2/local_setup.bash
[2.766s] -- Installing: /home/terranova/uav_ws/install/turtlebot3_navigation2/share/turtlebot3_navigation2/local_setup.sh
[2.767s] -- Installing: /home/terranova/uav_ws/install/turtlebot3_navigation2/share/turtlebot3_navigation2/local_setup.zsh
[2.767s] -- Installing: /home/terranova/uav_ws/install/turtlebot3_navigation2/share/turtlebot3_navigation2/local_setup.dsv
[2.768s] -- Installing: /home/terranova/uav_ws/install/turtlebot3_navigation2/share/turtlebot3_navigation2/package.dsv
[2.769s] -- Installing: /home/terranova/uav_ws/install/turtlebot3_navigation2/share/ament_index/resource_index/packages/turtlebot3_navigation2
[2.770s] -- Installing: /home/terranova/uav_ws/install/turtlebot3_navigation2/share/turtlebot3_navigation2/cmake/turtlebot3_navigation2Config.cmake
[2.770s] -- Installing: /home/terranova/uav_ws/install/turtlebot3_navigation2/share/turtlebot3_navigation2/cmake/turtlebot3_navigation2Config-version.cmake
[2.771s] -- Installing: /home/terranova/uav_ws/install/turtlebot3_navigation2/share/turtlebot3_navigation2/package.xml
[2.786s] Invoked command in '/home/terranova/uav_ws/build/turtlebot3_navigation2' returned '0': CMAKE_PREFIX_PATH=/opt/ros/foxy /home/terranova/.local/bin/cmake --install /home/terranova/uav_ws/build/turtlebot3_navigation2
