[0.080s] Invoking command in '/home/terranova/uav_ws/build/turtlebot3_msgs': CMAKE_PREFIX_PATH=/home/terranova/uav_ws/install/vision_opencv:/home/terranova/uav_ws/install/uav_gazebo:/home/terranova/uav_ws/install/uav_cartographer:/home/terranova/uav_ws/install/turtlebot3:/home/terranova/uav_ws/install/turtlebot3_simulations:/home/terranova/uav_ws/install/turtlebot3_bringup:/home/terranova/uav_ws/install/turtlebot3_node:/home/terranova/uav_ws/install/turtlebot3_navigation2:/home/terranova/uav_ws/install/turtlebot3_fake_node:/home/terranova/uav_ws/install/turtlebot3_msgs:/home/terranova/uav_ws/install/turtlebot3_gazebo:/home/terranova/uav_ws/install/turtlebot3_description:/home/terranova/uav_ws/install/turtlebot3_cartographer:/home/terranova/uav_ws/install/turtlebot3_teleop:/home/terranova/uav_ws/install/turtlebot3_example:/home/terranova/uav_ws/install/opencv_tests:/home/terranova/uav_ws/install/joint_state_publisher_gui:/home/terranova/uav_ws/install/joint_state_publisher:/opt/ros/foxy:/home/terranova/uav_ws/install/realsense_gazebo_plugin:/home/terranova/uav_ws/install/perception_pcl:/home/terranova/uav_ws/install/pcl_ros:/home/terranova/uav_ws/install/pcl_conversions:/home/terranova/uav_ws/install/pcl_msgs:/home/terranova/uav_ws/install/image_geometry:/home/terranova/uav_ws/install/hls_lfcd_lds_driver:/home/terranova/uav_ws/install/gazebo_ros_pkgs:/home/terranova/uav_ws/install/gazebo_plugins:/home/terranova/uav_ws/install/gazebo_ros:/home/terranova/uav_ws/install/gazebo_msgs:/home/terranova/uav_ws/install/gazebo_dev:/home/terranova/uav_ws/install/dynamixel_sdk_examples:/home/terranova/uav_ws/install/dynamixel_sdk_custom_interfaces:/home/terranova/uav_ws/install/dynamixel_sdk:/home/terranova/uav_ws/install/cv_bridge:/home/terranova/uav_ws/install/absl /home/terranova/.local/bin/cmake --build /home/terranova/uav_ws/build/turtlebot3_msgs -- -j4 -l4
[0.334s] [  1%] Built target turtlebot3_msgs__cpp
[0.500s] [ 12%] Built target turtlebot3_msgs__rosidl_generator_c
[0.513s] [ 23%] Built target turtlebot3_msgs__rosidl_typesupport_cpp
[0.544s] [ 35%] Built target turtlebot3_msgs__rosidl_typesupport_fastrtps_cpp
[0.552s] [ 46%] Built target turtlebot3_msgs__rosidl_typesupport_introspection_cpp
[0.652s] [ 57%] Built target turtlebot3_msgs__rosidl_typesupport_c
[0.685s] [ 69%] Built target turtlebot3_msgs__rosidl_typesupport_introspection_c
[0.777s] [ 80%] Built target turtlebot3_msgs__rosidl_typesupport_fastrtps_c
[0.831s] [ 80%] Built target turtlebot3_msgs
[0.886s] [ 81%] Built target turtlebot3_msgs__py
[0.984s] [ 91%] Built target turtlebot3_msgs__python
[1.062s] [ 94%] Built target turtlebot3_msgs__rosidl_typesupport_fastrtps_c__pyext
[1.070s] [ 97%] Built target turtlebot3_msgs__rosidl_typesupport_c__pyext
[1.071s] [100%] Built target turtlebot3_msgs__rosidl_typesupport_introspection_c__pyext
[1.108s] Invoked command in '/home/terranova/uav_ws/build/turtlebot3_msgs' returned '0': CMAKE_PREFIX_PATH=/home/terranova/uav_ws/install/vision_opencv:/home/terranova/uav_ws/install/uav_gazebo:/home/terranova/uav_ws/install/uav_cartographer:/home/terranova/uav_ws/install/turtlebot3:/home/terranova/uav_ws/install/turtlebot3_simulations:/home/terranova/uav_ws/install/turtlebot3_bringup:/home/terranova/uav_ws/install/turtlebot3_node:/home/terranova/uav_ws/install/turtlebot3_navigation2:/home/terranova/uav_ws/install/turtlebot3_fake_node:/home/terranova/uav_ws/install/turtlebot3_msgs:/home/terranova/uav_ws/install/turtlebot3_gazebo:/home/terranova/uav_ws/install/turtlebot3_description:/home/terranova/uav_ws/install/turtlebot3_cartographer:/home/terranova/uav_ws/install/turtlebot3_teleop:/home/terranova/uav_ws/install/turtlebot3_example:/home/terranova/uav_ws/install/opencv_tests:/home/terranova/uav_ws/install/joint_state_publisher_gui:/home/terranova/uav_ws/install/joint_state_publisher:/opt/ros/foxy:/home/terranova/uav_ws/install/realsense_gazebo_plugin:/home/terranova/uav_ws/install/perception_pcl:/home/terranova/uav_ws/install/pcl_ros:/home/terranova/uav_ws/install/pcl_conversions:/home/terranova/uav_ws/install/pcl_msgs:/home/terranova/uav_ws/install/image_geometry:/home/terranova/uav_ws/install/hls_lfcd_lds_driver:/home/terranova/uav_ws/install/gazebo_ros_pkgs:/home/terranova/uav_ws/install/gazebo_plugins:/home/terranova/uav_ws/install/gazebo_ros:/home/terranova/uav_ws/install/gazebo_msgs:/home/terranova/uav_ws/install/gazebo_dev:/home/terranova/uav_ws/install/dynamixel_sdk_examples:/home/terranova/uav_ws/install/dynamixel_sdk_custom_interfaces:/home/terranova/uav_ws/install/dynamixel_sdk:/home/terranova/uav_ws/install/cv_bridge:/home/terranova/uav_ws/install/absl /home/terranova/.local/bin/cmake --build /home/terranova/uav_ws/build/turtlebot3_msgs -- -j4 -l4
[1.914s] Invoking command in '/home/terranova/uav_ws/build/turtlebot3_msgs': CMAKE_PREFIX_PATH=/home/terranova/uav_ws/install/vision_opencv:/home/terranova/uav_ws/install/uav_gazebo:/home/terranova/uav_ws/install/uav_cartographer:/home/terranova/uav_ws/install/turtlebot3:/home/terranova/uav_ws/install/turtlebot3_simulations:/home/terranova/uav_ws/install/turtlebot3_bringup:/home/terranova/uav_ws/install/turtlebot3_node:/home/terranova/uav_ws/install/turtlebot3_navigation2:/home/terranova/uav_ws/install/turtlebot3_fake_node:/home/terranova/uav_ws/install/turtlebot3_msgs:/home/terranova/uav_ws/install/turtlebot3_gazebo:/home/terranova/uav_ws/install/turtlebot3_description:/home/terranova/uav_ws/install/turtlebot3_cartographer:/home/terranova/uav_ws/install/turtlebot3_teleop:/home/terranova/uav_ws/install/turtlebot3_example:/home/terranova/uav_ws/install/opencv_tests:/home/terranova/uav_ws/install/joint_state_publisher_gui:/home/terranova/uav_ws/install/joint_state_publisher:/opt/ros/foxy:/home/terranova/uav_ws/install/realsense_gazebo_plugin:/home/terranova/uav_ws/install/perception_pcl:/home/terranova/uav_ws/install/pcl_ros:/home/terranova/uav_ws/install/pcl_conversions:/home/terranova/uav_ws/install/pcl_msgs:/home/terranova/uav_ws/install/image_geometry:/home/terranova/uav_ws/install/hls_lfcd_lds_driver:/home/terranova/uav_ws/install/gazebo_ros_pkgs:/home/terranova/uav_ws/install/gazebo_plugins:/home/terranova/uav_ws/install/gazebo_ros:/home/terranova/uav_ws/install/gazebo_msgs:/home/terranova/uav_ws/install/gazebo_dev:/home/terranova/uav_ws/install/dynamixel_sdk_examples:/home/terranova/uav_ws/install/dynamixel_sdk_custom_interfaces:/home/terranova/uav_ws/install/dynamixel_sdk:/home/terranova/uav_ws/install/cv_bridge:/home/terranova/uav_ws/install/absl /home/terranova/.local/bin/cmake --install /home/terranova/uav_ws/build/turtlebot3_msgs
[2.012s] -- Install configuration: ""
[2.012s] -- Up-to-date: /home/terranova/uav_ws/install/turtlebot3_msgs/share/ament_index/resource_index/rosidl_interfaces/turtlebot3_msgs
[2.013s] -- Up-to-date: /home/terranova/uav_ws/install/turtlebot3_msgs/include/turtlebot3_msgs
[2.013s] -- Up-to-date: /home/terranova/uav_ws/install/turtlebot3_msgs/include/turtlebot3_msgs/msg
[2.013s] -- Up-to-date: /home/terranova/uav_ws/install/turtlebot3_msgs/include/turtlebot3_msgs/msg/version_info.h
[2.014s] -- Up-to-date: /home/terranova/uav_ws/install/turtlebot3_msgs/include/turtlebot3_msgs/msg/rosidl_generator_c__visibility_control.h
[2.014s] -- Up-to-date: /home/terranova/uav_ws/install/turtlebot3_msgs/include/turtlebot3_msgs/msg/sound.h
[2.014s] -- Up-to-date: /home/terranova/uav_ws/install/turtlebot3_msgs/include/turtlebot3_msgs/msg/sensor_state.h
[2.014s] -- Up-to-date: /home/terranova/uav_ws/install/turtlebot3_msgs/include/turtlebot3_msgs/msg/detail
[2.015s] -- Up-to-date: /home/terranova/uav_ws/install/turtlebot3_msgs/include/turtlebot3_msgs/msg/detail/sound__functions.c
[2.016s] -- Up-to-date: /home/terranova/uav_ws/install/turtlebot3_msgs/include/turtlebot3_msgs/msg/detail/sound__type_support.h
[2.016s] -- Up-to-date: /home/terranova/uav_ws/install/turtlebot3_msgs/include/turtlebot3_msgs/msg/detail/version_info__type_support.h
[2.016s] -- Up-to-date: /home/terranova/uav_ws/install/turtlebot3_msgs/include/turtlebot3_msgs/msg/detail/sound__struct.h
[2.017s] -- Up-to-date: /home/terranova/uav_ws/install/turtlebot3_msgs/include/turtlebot3_msgs/msg/detail/sensor_state__functions.h
[2.017s] -- Up-to-date: /home/terranova/uav_ws/install/turtlebot3_msgs/include/turtlebot3_msgs/msg/detail/version_info__struct.h
[2.017s] -- Up-to-date: /home/terranova/uav_ws/install/turtlebot3_msgs/include/turtlebot3_msgs/msg/detail/sensor_state__type_support.h
[2.017s] -- Up-to-date: /home/terranova/uav_ws/install/turtlebot3_msgs/include/turtlebot3_msgs/msg/detail/sound__functions.h
[2.018s] -- Up-to-date: /home/terranova/uav_ws/install/turtlebot3_msgs/include/turtlebot3_msgs/msg/detail/version_info__functions.h
[2.018s] -- Up-to-date: /home/terranova/uav_ws/install/turtlebot3_msgs/include/turtlebot3_msgs/msg/detail/sensor_state__functions.c
[2.018s] -- Up-to-date: /home/terranova/uav_ws/install/turtlebot3_msgs/include/turtlebot3_msgs/msg/detail/sensor_state__struct.h
[2.018s] -- Up-to-date: /home/terranova/uav_ws/install/turtlebot3_msgs/include/turtlebot3_msgs/msg/detail/version_info__functions.c
[2.018s] -- Up-to-date: /home/terranova/uav_ws/install/turtlebot3_msgs/include/turtlebot3_msgs/srv
[2.019s] -- Up-to-date: /home/terranova/uav_ws/install/turtlebot3_msgs/include/turtlebot3_msgs/srv/dqn.h
[2.019s] -- Up-to-date: /home/terranova/uav_ws/install/turtlebot3_msgs/include/turtlebot3_msgs/srv/sound.h
[2.019s] -- Up-to-date: /home/terranova/uav_ws/install/turtlebot3_msgs/include/turtlebot3_msgs/srv/detail
[2.019s] -- Up-to-date: /home/terranova/uav_ws/install/turtlebot3_msgs/include/turtlebot3_msgs/srv/detail/sound__functions.c
[2.019s] -- Up-to-date: /home/terranova/uav_ws/install/turtlebot3_msgs/include/turtlebot3_msgs/srv/detail/sound__type_support.h
[2.020s] -- Up-to-date: /home/terranova/uav_ws/install/turtlebot3_msgs/include/turtlebot3_msgs/srv/detail/sound__struct.h
[2.020s] -- Up-to-date: /home/terranova/uav_ws/install/turtlebot3_msgs/include/turtlebot3_msgs/srv/detail/dqn__functions.c
[2.020s] -- Up-to-date: /home/terranova/uav_ws/install/turtlebot3_msgs/include/turtlebot3_msgs/srv/detail/dqn__functions.h
[2.020s] -- Up-to-date: /home/terranova/uav_ws/install/turtlebot3_msgs/include/turtlebot3_msgs/srv/detail/dqn__struct.h
[2.020s] -- Up-to-date: /home/terranova/uav_ws/install/turtlebot3_msgs/include/turtlebot3_msgs/srv/detail/sound__functions.h
[2.020s] -- Up-to-date: /home/terranova/uav_ws/install/turtlebot3_msgs/include/turtlebot3_msgs/srv/detail/dqn__type_support.h
[2.021s] -- Up-to-date: /home/terranova/uav_ws/install/turtlebot3_msgs/include/turtlebot3_msgs/action
[2.021s] -- Up-to-date: /home/terranova/uav_ws/install/turtlebot3_msgs/include/turtlebot3_msgs/action/patrol.h
[2.021s] -- Up-to-date: /home/terranova/uav_ws/install/turtlebot3_msgs/include/turtlebot3_msgs/action/detail
[2.022s] -- Up-to-date: /home/terranova/uav_ws/install/turtlebot3_msgs/include/turtlebot3_msgs/action/detail/patrol__type_support.h
[2.022s] -- Up-to-date: /home/terranova/uav_ws/install/turtlebot3_msgs/include/turtlebot3_msgs/action/detail/patrol__functions.h
[2.022s] -- Up-to-date: /home/terranova/uav_ws/install/turtlebot3_msgs/include/turtlebot3_msgs/action/detail/patrol__struct.h
[2.023s] -- Up-to-date: /home/terranova/uav_ws/install/turtlebot3_msgs/include/turtlebot3_msgs/action/detail/patrol__functions.c
[2.023s] -- Up-to-date: /home/terranova/uav_ws/install/turtlebot3_msgs/share/turtlebot3_msgs/environment/library_path.sh
[2.023s] -- Up-to-date: /home/terranova/uav_ws/install/turtlebot3_msgs/share/turtlebot3_msgs/environment/library_path.dsv
[2.023s] -- Up-to-date: /home/terranova/uav_ws/install/turtlebot3_msgs/lib/libturtlebot3_msgs__rosidl_generator_c.so
[2.023s] -- Up-to-date: /home/terranova/uav_ws/install/turtlebot3_msgs/include/turtlebot3_msgs
[2.023s] -- Up-to-date: /home/terranova/uav_ws/install/turtlebot3_msgs/include/turtlebot3_msgs/msg
[2.024s] -- Up-to-date: /home/terranova/uav_ws/install/turtlebot3_msgs/include/turtlebot3_msgs/msg/rosidl_typesupport_fastrtps_c__visibility_control.h
[2.024s] -- Up-to-date: /home/terranova/uav_ws/install/turtlebot3_msgs/include/turtlebot3_msgs/msg/detail
[2.024s] -- Up-to-date: /home/terranova/uav_ws/install/turtlebot3_msgs/include/turtlebot3_msgs/msg/detail/sound__rosidl_typesupport_fastrtps_c.h
[2.025s] -- Up-to-date: /home/terranova/uav_ws/install/turtlebot3_msgs/include/turtlebot3_msgs/msg/detail/sensor_state__rosidl_typesupport_fastrtps_c.h
[2.025s] -- Up-to-date: /home/terranova/uav_ws/install/turtlebot3_msgs/include/turtlebot3_msgs/msg/detail/version_info__rosidl_typesupport_fastrtps_c.h
[2.025s] -- Up-to-date: /home/terranova/uav_ws/install/turtlebot3_msgs/include/turtlebot3_msgs/srv
[2.025s] -- Up-to-date: /home/terranova/uav_ws/install/turtlebot3_msgs/include/turtlebot3_msgs/srv/detail
[2.026s] -- Up-to-date: /home/terranova/uav_ws/install/turtlebot3_msgs/include/turtlebot3_msgs/srv/detail/sound__rosidl_typesupport_fastrtps_c.h
[2.026s] -- Up-to-date: /home/terranova/uav_ws/install/turtlebot3_msgs/include/turtlebot3_msgs/srv/detail/dqn__rosidl_typesupport_fastrtps_c.h
[2.026s] -- Up-to-date: /home/terranova/uav_ws/install/turtlebot3_msgs/include/turtlebot3_msgs/action
[2.026s] -- Up-to-date: /home/terranova/uav_ws/install/turtlebot3_msgs/include/turtlebot3_msgs/action/detail
[2.027s] -- Up-to-date: /home/terranova/uav_ws/install/turtlebot3_msgs/include/turtlebot3_msgs/action/detail/patrol__rosidl_typesupport_fastrtps_c.h
[2.027s] -- Up-to-date: /home/terranova/uav_ws/install/turtlebot3_msgs/lib/libturtlebot3_msgs__rosidl_typesupport_fastrtps_c.so
[2.027s] -- Up-to-date: /home/terranova/uav_ws/install/turtlebot3_msgs/include/turtlebot3_msgs
[2.027s] -- Up-to-date: /home/terranova/uav_ws/install/turtlebot3_msgs/include/turtlebot3_msgs/msg
[2.027s] -- Up-to-date: /home/terranova/uav_ws/install/turtlebot3_msgs/include/turtlebot3_msgs/msg/rosidl_typesupport_fastrtps_cpp__visibility_control.h
[2.028s] -- Up-to-date: /home/terranova/uav_ws/install/turtlebot3_msgs/include/turtlebot3_msgs/msg/detail
[2.028s] -- Up-to-date: /home/terranova/uav_ws/install/turtlebot3_msgs/include/turtlebot3_msgs/msg/detail/dds_fastrtps
[2.028s] -- Up-to-date: /home/terranova/uav_ws/install/turtlebot3_msgs/include/turtlebot3_msgs/msg/detail/sound__rosidl_typesupport_fastrtps_cpp.hpp
[2.028s] -- Up-to-date: /home/terranova/uav_ws/install/turtlebot3_msgs/include/turtlebot3_msgs/msg/detail/sensor_state__rosidl_typesupport_fastrtps_cpp.hpp
[2.028s] -- Up-to-date: /home/terranova/uav_ws/install/turtlebot3_msgs/include/turtlebot3_msgs/msg/detail/version_info__rosidl_typesupport_fastrtps_cpp.hpp
[2.029s] -- Up-to-date: /home/terranova/uav_ws/install/turtlebot3_msgs/include/turtlebot3_msgs/srv
[2.029s] -- Up-to-date: /home/terranova/uav_ws/install/turtlebot3_msgs/include/turtlebot3_msgs/srv/detail
[2.029s] -- Up-to-date: /home/terranova/uav_ws/install/turtlebot3_msgs/include/turtlebot3_msgs/srv/detail/dds_fastrtps
[2.029s] -- Up-to-date: /home/terranova/uav_ws/install/turtlebot3_msgs/include/turtlebot3_msgs/srv/detail/dqn__rosidl_typesupport_fastrtps_cpp.hpp
[2.029s] -- Up-to-date: /home/terranova/uav_ws/install/turtlebot3_msgs/include/turtlebot3_msgs/srv/detail/sound__rosidl_typesupport_fastrtps_cpp.hpp
[2.029s] -- Up-to-date: /home/terranova/uav_ws/install/turtlebot3_msgs/include/turtlebot3_msgs/action
[2.030s] -- Up-to-date: /home/terranova/uav_ws/install/turtlebot3_msgs/include/turtlebot3_msgs/action/detail
[2.030s] -- Up-to-date: /home/terranova/uav_ws/install/turtlebot3_msgs/include/turtlebot3_msgs/action/detail/dds_fastrtps
[2.030s] -- Up-to-date: /home/terranova/uav_ws/install/turtlebot3_msgs/include/turtlebot3_msgs/action/detail/patrol__rosidl_typesupport_fastrtps_cpp.hpp
[2.031s] -- Up-to-date: /home/terranova/uav_ws/install/turtlebot3_msgs/lib/libturtlebot3_msgs__rosidl_typesupport_fastrtps_cpp.so
[2.032s] -- Up-to-date: /home/terranova/uav_ws/install/turtlebot3_msgs/include/turtlebot3_msgs
[2.032s] -- Up-to-date: /home/terranova/uav_ws/install/turtlebot3_msgs/include/turtlebot3_msgs/msg
[2.033s] -- Up-to-date: /home/terranova/uav_ws/install/turtlebot3_msgs/include/turtlebot3_msgs/msg/detail
[2.033s] -- Up-to-date: /home/terranova/uav_ws/install/turtlebot3_msgs/include/turtlebot3_msgs/msg/detail/version_info__type_support.c
[2.033s] -- Up-to-date: /home/terranova/uav_ws/install/turtlebot3_msgs/include/turtlebot3_msgs/msg/detail/sound__rosidl_typesupport_introspection_c.h
[2.035s] -- Up-to-date: /home/terranova/uav_ws/install/turtlebot3_msgs/include/turtlebot3_msgs/msg/detail/sensor_state__rosidl_typesupport_introspection_c.h
[2.035s] -- Up-to-date: /home/terranova/uav_ws/install/turtlebot3_msgs/include/turtlebot3_msgs/msg/detail/sensor_state__type_support.c
[2.035s] -- Up-to-date: /home/terranova/uav_ws/install/turtlebot3_msgs/include/turtlebot3_msgs/msg/detail/version_info__rosidl_typesupport_introspection_c.h
[2.036s] -- Up-to-date: /home/terranova/uav_ws/install/turtlebot3_msgs/include/turtlebot3_msgs/msg/detail/sound__type_support.c
[2.036s] -- Up-to-date: /home/terranova/uav_ws/install/turtlebot3_msgs/include/turtlebot3_msgs/msg/rosidl_typesupport_introspection_c__visibility_control.h
[2.036s] -- Up-to-date: /home/terranova/uav_ws/install/turtlebot3_msgs/include/turtlebot3_msgs/srv
[2.037s] -- Up-to-date: /home/terranova/uav_ws/install/turtlebot3_msgs/include/turtlebot3_msgs/srv/detail
[2.037s] -- Up-to-date: /home/terranova/uav_ws/install/turtlebot3_msgs/include/turtlebot3_msgs/srv/detail/dqn__type_support.c
[2.037s] -- Up-to-date: /home/terranova/uav_ws/install/turtlebot3_msgs/include/turtlebot3_msgs/srv/detail/sound__rosidl_typesupport_introspection_c.h
[2.038s] -- Up-to-date: /home/terranova/uav_ws/install/turtlebot3_msgs/include/turtlebot3_msgs/srv/detail/dqn__rosidl_typesupport_introspection_c.h
[2.038s] -- Up-to-date: /home/terranova/uav_ws/install/turtlebot3_msgs/include/turtlebot3_msgs/srv/detail/sound__type_support.c
[2.038s] -- Up-to-date: /home/terranova/uav_ws/install/turtlebot3_msgs/include/turtlebot3_msgs/action
[2.039s] -- Up-to-date: /home/terranova/uav_ws/install/turtlebot3_msgs/include/turtlebot3_msgs/action/detail
[2.039s] -- Up-to-date: /home/terranova/uav_ws/install/turtlebot3_msgs/include/turtlebot3_msgs/action/detail/patrol__rosidl_typesupport_introspection_c.h
[2.039s] -- Up-to-date: /home/terranova/uav_ws/install/turtlebot3_msgs/include/turtlebot3_msgs/action/detail/patrol__type_support.c
[2.041s] -- Up-to-date: /home/terranova/uav_ws/install/turtlebot3_msgs/lib/libturtlebot3_msgs__rosidl_typesupport_introspection_c.so
[2.043s] -- Up-to-date: /home/terranova/uav_ws/install/turtlebot3_msgs/lib/libturtlebot3_msgs__rosidl_typesupport_c.so
[2.044s] -- Up-to-date: /home/terranova/uav_ws/install/turtlebot3_msgs/include/turtlebot3_msgs
[2.044s] -- Up-to-date: /home/terranova/uav_ws/install/turtlebot3_msgs/include/turtlebot3_msgs/msg
[2.044s] -- Up-to-date: /home/terranova/uav_ws/install/turtlebot3_msgs/include/turtlebot3_msgs/msg/sensor_state.hpp
[2.045s] -- Up-to-date: /home/terranova/uav_ws/install/turtlebot3_msgs/include/turtlebot3_msgs/msg/sound.hpp
[2.045s] -- Up-to-date: /home/terranova/uav_ws/install/turtlebot3_msgs/include/turtlebot3_msgs/msg/version_info.hpp
[2.045s] -- Up-to-date: /home/terranova/uav_ws/install/turtlebot3_msgs/include/turtlebot3_msgs/msg/rosidl_generator_cpp__visibility_control.hpp
[2.045s] -- Up-to-date: /home/terranova/uav_ws/install/turtlebot3_msgs/include/turtlebot3_msgs/msg/detail
[2.046s] -- Up-to-date: /home/terranova/uav_ws/install/turtlebot3_msgs/include/turtlebot3_msgs/msg/detail/sound__builder.hpp
[2.046s] -- Up-to-date: /home/terranova/uav_ws/install/turtlebot3_msgs/include/turtlebot3_msgs/msg/detail/sensor_state__builder.hpp
[2.046s] -- Up-to-date: /home/terranova/uav_ws/install/turtlebot3_msgs/include/turtlebot3_msgs/msg/detail/version_info__traits.hpp
[2.047s] -- Up-to-date: /home/terranova/uav_ws/install/turtlebot3_msgs/include/turtlebot3_msgs/msg/detail/sound__type_support.hpp
[2.047s] -- Up-to-date: /home/terranova/uav_ws/install/turtlebot3_msgs/include/turtlebot3_msgs/msg/detail/sensor_state__traits.hpp
[2.047s] -- Up-to-date: /home/terranova/uav_ws/install/turtlebot3_msgs/include/turtlebot3_msgs/msg/detail/sensor_state__struct.hpp
[2.048s] -- Up-to-date: /home/terranova/uav_ws/install/turtlebot3_msgs/include/turtlebot3_msgs/msg/detail/sensor_state__type_support.hpp
[2.048s] -- Up-to-date: /home/terranova/uav_ws/install/turtlebot3_msgs/include/turtlebot3_msgs/msg/detail/version_info__struct.hpp
[2.049s] -- Up-to-date: /home/terranova/uav_ws/install/turtlebot3_msgs/include/turtlebot3_msgs/msg/detail/sound__struct.hpp
[2.049s] -- Up-to-date: /home/terranova/uav_ws/install/turtlebot3_msgs/include/turtlebot3_msgs/msg/detail/sound__traits.hpp
[2.050s] -- Up-to-date: /home/terranova/uav_ws/install/turtlebot3_msgs/include/turtlebot3_msgs/msg/detail/version_info__builder.hpp
[2.050s] -- Up-to-date: /home/terranova/uav_ws/install/turtlebot3_msgs/include/turtlebot3_msgs/msg/detail/version_info__type_support.hpp
[2.050s] -- Up-to-date: /home/terranova/uav_ws/install/turtlebot3_msgs/include/turtlebot3_msgs/srv
[2.050s] -- Up-to-date: /home/terranova/uav_ws/install/turtlebot3_msgs/include/turtlebot3_msgs/srv/dqn.hpp
[2.050s] -- Up-to-date: /home/terranova/uav_ws/install/turtlebot3_msgs/include/turtlebot3_msgs/srv/sound.hpp
[2.050s] -- Up-to-date: /home/terranova/uav_ws/install/turtlebot3_msgs/include/turtlebot3_msgs/srv/detail
[2.051s] -- Up-to-date: /home/terranova/uav_ws/install/turtlebot3_msgs/include/turtlebot3_msgs/srv/detail/sound__builder.hpp
[2.051s] -- Up-to-date: /home/terranova/uav_ws/install/turtlebot3_msgs/include/turtlebot3_msgs/srv/detail/sound__type_support.hpp
[2.051s] -- Up-to-date: /home/terranova/uav_ws/install/turtlebot3_msgs/include/turtlebot3_msgs/srv/detail/dqn__type_support.hpp
[2.051s] -- Up-to-date: /home/terranova/uav_ws/install/turtlebot3_msgs/include/turtlebot3_msgs/srv/detail/dqn__builder.hpp
[2.051s] -- Up-to-date: /home/terranova/uav_ws/install/turtlebot3_msgs/include/turtlebot3_msgs/srv/detail/dqn__struct.hpp
[2.052s] -- Up-to-date: /home/terranova/uav_ws/install/turtlebot3_msgs/include/turtlebot3_msgs/srv/detail/dqn__traits.hpp
[2.054s] -- Up-to-date: /home/terranova/uav_ws/install/turtlebot3_msgs/include/turtlebot3_msgs/srv/detail/sound__struct.hpp
[2.054s] -- Up-to-date: /home/terranova/uav_ws/install/turtlebot3_msgs/include/turtlebot3_msgs/srv/detail/sound__traits.hpp
[2.054s] -- Up-to-date: /home/terranova/uav_ws/install/turtlebot3_msgs/include/turtlebot3_msgs/action
[2.055s] -- Up-to-date: /home/terranova/uav_ws/install/turtlebot3_msgs/include/turtlebot3_msgs/action/patrol.hpp
[2.056s] -- Up-to-date: /home/terranova/uav_ws/install/turtlebot3_msgs/include/turtlebot3_msgs/action/detail
[2.057s] -- Up-to-date: /home/terranova/uav_ws/install/turtlebot3_msgs/include/turtlebot3_msgs/action/detail/patrol__struct.hpp
[2.057s] -- Up-to-date: /home/terranova/uav_ws/install/turtlebot3_msgs/include/turtlebot3_msgs/action/detail/patrol__type_support.hpp
[2.057s] -- Up-to-date: /home/terranova/uav_ws/install/turtlebot3_msgs/include/turtlebot3_msgs/action/detail/patrol__traits.hpp
[2.058s] -- Up-to-date: /home/terranova/uav_ws/install/turtlebot3_msgs/include/turtlebot3_msgs/action/detail/patrol__builder.hpp
[2.058s] -- Up-to-date: /home/terranova/uav_ws/install/turtlebot3_msgs/include/turtlebot3_msgs
[2.058s] -- Up-to-date: /home/terranova/uav_ws/install/turtlebot3_msgs/include/turtlebot3_msgs/msg
[2.058s] -- Up-to-date: /home/terranova/uav_ws/install/turtlebot3_msgs/include/turtlebot3_msgs/msg/detail
[2.063s] -- Up-to-date: /home/terranova/uav_ws/install/turtlebot3_msgs/include/turtlebot3_msgs/msg/detail/sensor_state__rosidl_typesupport_introspection_cpp.hpp
[2.064s] -- Up-to-date: /home/terranova/uav_ws/install/turtlebot3_msgs/include/turtlebot3_msgs/msg/detail/version_info__rosidl_typesupport_introspection_cpp.hpp
[2.065s] -- Up-to-date: /home/terranova/uav_ws/install/turtlebot3_msgs/include/turtlebot3_msgs/msg/detail/version_info__type_support.cpp
[2.065s] -- Up-to-date: /home/terranova/uav_ws/install/turtlebot3_msgs/include/turtlebot3_msgs/msg/detail/sound__rosidl_typesupport_introspection_cpp.hpp
[2.065s] -- Up-to-date: /home/terranova/uav_ws/install/turtlebot3_msgs/include/turtlebot3_msgs/msg/detail/sensor_state__type_support.cpp
[2.066s] -- Up-to-date: /home/terranova/uav_ws/install/turtlebot3_msgs/include/turtlebot3_msgs/msg/detail/sound__type_support.cpp
[2.066s] -- Up-to-date: /home/terranova/uav_ws/install/turtlebot3_msgs/include/turtlebot3_msgs/srv
[2.066s] -- Up-to-date: /home/terranova/uav_ws/install/turtlebot3_msgs/include/turtlebot3_msgs/srv/detail
[2.066s] -- Up-to-date: /home/terranova/uav_ws/install/turtlebot3_msgs/include/turtlebot3_msgs/srv/detail/dqn__rosidl_typesupport_introspection_cpp.hpp
[2.066s] -- Up-to-date: /home/terranova/uav_ws/install/turtlebot3_msgs/include/turtlebot3_msgs/srv/detail/sound__rosidl_typesupport_introspection_cpp.hpp
[2.066s] -- Up-to-date: /home/terranova/uav_ws/install/turtlebot3_msgs/include/turtlebot3_msgs/srv/detail/dqn__type_support.cpp
[2.067s] -- Up-to-date: /home/terranova/uav_ws/install/turtlebot3_msgs/include/turtlebot3_msgs/srv/detail/sound__type_support.cpp
[2.067s] -- Up-to-date: /home/terranova/uav_ws/install/turtlebot3_msgs/include/turtlebot3_msgs/action
[2.067s] -- Up-to-date: /home/terranova/uav_ws/install/turtlebot3_msgs/include/turtlebot3_msgs/action/detail
[2.067s] -- Up-to-date: /home/terranova/uav_ws/install/turtlebot3_msgs/include/turtlebot3_msgs/action/detail/patrol__type_support.cpp
[2.067s] -- Up-to-date: /home/terranova/uav_ws/install/turtlebot3_msgs/include/turtlebot3_msgs/action/detail/patrol__rosidl_typesupport_introspection_cpp.hpp
[2.069s] -- Up-to-date: /home/terranova/uav_ws/install/turtlebot3_msgs/lib/libturtlebot3_msgs__rosidl_typesupport_introspection_cpp.so
[2.070s] -- Up-to-date: /home/terranova/uav_ws/install/turtlebot3_msgs/lib/libturtlebot3_msgs__rosidl_typesupport_cpp.so
[2.070s] -- Up-to-date: /home/terranova/uav_ws/install/turtlebot3_msgs/share/turtlebot3_msgs/environment/pythonpath.sh
[2.070s] -- Up-to-date: /home/terranova/uav_ws/install/turtlebot3_msgs/share/turtlebot3_msgs/environment/pythonpath.dsv
[2.070s] -- Up-to-date: /home/terranova/uav_ws/install/turtlebot3_msgs/lib/python3.8/site-packages/turtlebot3_msgs/__init__.py
[2.189s] -- Up-to-date: /home/terranova/uav_ws/install/turtlebot3_msgs/lib/python3.8/site-packages/turtlebot3_msgs/msg
[2.191s] -- Up-to-date: /home/terranova/uav_ws/install/turtlebot3_msgs/lib/python3.8/site-packages/turtlebot3_msgs/msg/_sensor_state_s.c
[2.191s] -- Up-to-date: /home/terranova/uav_ws/install/turtlebot3_msgs/lib/python3.8/site-packages/turtlebot3_msgs/msg/_version_info.py
[2.191s] -- Up-to-date: /home/terranova/uav_ws/install/turtlebot3_msgs/lib/python3.8/site-packages/turtlebot3_msgs/msg/_sound.py
[2.192s] -- Up-to-date: /home/terranova/uav_ws/install/turtlebot3_msgs/lib/python3.8/site-packages/turtlebot3_msgs/msg/__init__.py
[2.192s] -- Up-to-date: /home/terranova/uav_ws/install/turtlebot3_msgs/lib/python3.8/site-packages/turtlebot3_msgs/msg/_sound_s.c
[2.192s] -- Up-to-date: /home/terranova/uav_ws/install/turtlebot3_msgs/lib/python3.8/site-packages/turtlebot3_msgs/msg/_sensor_state.py
[2.192s] -- Up-to-date: /home/terranova/uav_ws/install/turtlebot3_msgs/lib/python3.8/site-packages/turtlebot3_msgs/msg/_version_info_s.c
[2.193s] -- Up-to-date: /home/terranova/uav_ws/install/turtlebot3_msgs/lib/python3.8/site-packages/turtlebot3_msgs/srv
[2.195s] -- Up-to-date: /home/terranova/uav_ws/install/turtlebot3_msgs/lib/python3.8/site-packages/turtlebot3_msgs/srv/_dqn_s.c
[2.196s] -- Up-to-date: /home/terranova/uav_ws/install/turtlebot3_msgs/lib/python3.8/site-packages/turtlebot3_msgs/srv/_dqn.py
[2.196s] -- Up-to-date: /home/terranova/uav_ws/install/turtlebot3_msgs/lib/python3.8/site-packages/turtlebot3_msgs/srv/_sound.py
[2.196s] -- Up-to-date: /home/terranova/uav_ws/install/turtlebot3_msgs/lib/python3.8/site-packages/turtlebot3_msgs/srv/__init__.py
[2.196s] -- Up-to-date: /home/terranova/uav_ws/install/turtlebot3_msgs/lib/python3.8/site-packages/turtlebot3_msgs/srv/_sound_s.c
[2.196s] -- Up-to-date: /home/terranova/uav_ws/install/turtlebot3_msgs/lib/python3.8/site-packages/turtlebot3_msgs/action
[2.197s] -- Up-to-date: /home/terranova/uav_ws/install/turtlebot3_msgs/lib/python3.8/site-packages/turtlebot3_msgs/action/_patrol.py
[2.198s] -- Up-to-date: /home/terranova/uav_ws/install/turtlebot3_msgs/lib/python3.8/site-packages/turtlebot3_msgs/action/__init__.py
[2.198s] -- Up-to-date: /home/terranova/uav_ws/install/turtlebot3_msgs/lib/python3.8/site-packages/turtlebot3_msgs/action/_patrol_s.c
[2.199s] -- Up-to-date: /home/terranova/uav_ws/install/turtlebot3_msgs/lib/python3.8/site-packages/turtlebot3_msgs/turtlebot3_msgs_s__rosidl_typesupport_fastrtps_c.cpython-38-x86_64-linux-gnu.so
[2.202s] -- Up-to-date: /home/terranova/uav_ws/install/turtlebot3_msgs/lib/python3.8/site-packages/turtlebot3_msgs/turtlebot3_msgs_s__rosidl_typesupport_introspection_c.cpython-38-x86_64-linux-gnu.so
[2.204s] -- Up-to-date: /home/terranova/uav_ws/install/turtlebot3_msgs/lib/python3.8/site-packages/turtlebot3_msgs/turtlebot3_msgs_s__rosidl_typesupport_c.cpython-38-x86_64-linux-gnu.so
[2.206s] -- Up-to-date: /home/terranova/uav_ws/install/turtlebot3_msgs/lib/libturtlebot3_msgs__python.so
[2.209s] -- Up-to-date: /home/terranova/uav_ws/install/turtlebot3_msgs/share/turtlebot3_msgs/msg/SensorState.idl
[2.210s] -- Up-to-date: /home/terranova/uav_ws/install/turtlebot3_msgs/share/turtlebot3_msgs/msg/Sound.idl
[2.210s] -- Up-to-date: /home/terranova/uav_ws/install/turtlebot3_msgs/share/turtlebot3_msgs/msg/VersionInfo.idl
[2.210s] -- Up-to-date: /home/terranova/uav_ws/install/turtlebot3_msgs/share/turtlebot3_msgs/srv/Sound.idl
[2.211s] -- Up-to-date: /home/terranova/uav_ws/install/turtlebot3_msgs/share/turtlebot3_msgs/srv/Dqn.idl
[2.211s] -- Up-to-date: /home/terranova/uav_ws/install/turtlebot3_msgs/share/turtlebot3_msgs/action/Patrol.idl
[2.212s] -- Up-to-date: /home/terranova/uav_ws/install/turtlebot3_msgs/share/turtlebot3_msgs/msg/SensorState.msg
[2.212s] -- Up-to-date: /home/terranova/uav_ws/install/turtlebot3_msgs/share/turtlebot3_msgs/msg/Sound.msg
[2.212s] -- Up-to-date: /home/terranova/uav_ws/install/turtlebot3_msgs/share/turtlebot3_msgs/msg/VersionInfo.msg
[2.213s] -- Up-to-date: /home/terranova/uav_ws/install/turtlebot3_msgs/share/turtlebot3_msgs/srv/Sound.srv
[2.213s] -- Up-to-date: /home/terranova/uav_ws/install/turtlebot3_msgs/share/turtlebot3_msgs/srv/Sound_Request.msg
[2.213s] -- Up-to-date: /home/terranova/uav_ws/install/turtlebot3_msgs/share/turtlebot3_msgs/srv/Sound_Response.msg
[2.213s] -- Up-to-date: /home/terranova/uav_ws/install/turtlebot3_msgs/share/turtlebot3_msgs/srv/Dqn.srv
[2.213s] -- Up-to-date: /home/terranova/uav_ws/install/turtlebot3_msgs/share/turtlebot3_msgs/srv/Dqn_Request.msg
[2.214s] -- Up-to-date: /home/terranova/uav_ws/install/turtlebot3_msgs/share/turtlebot3_msgs/srv/Dqn_Response.msg
[2.214s] -- Up-to-date: /home/terranova/uav_ws/install/turtlebot3_msgs/share/turtlebot3_msgs/action/Patrol.action
[2.214s] -- Up-to-date: /home/terranova/uav_ws/install/turtlebot3_msgs/share/ament_index/resource_index/package_run_dependencies/turtlebot3_msgs
[2.214s] -- Up-to-date: /home/terranova/uav_ws/install/turtlebot3_msgs/share/ament_index/resource_index/parent_prefix_path/turtlebot3_msgs
[2.215s] -- Up-to-date: /home/terranova/uav_ws/install/turtlebot3_msgs/share/turtlebot3_msgs/environment/ament_prefix_path.sh
[2.215s] -- Up-to-date: /home/terranova/uav_ws/install/turtlebot3_msgs/share/turtlebot3_msgs/environment/ament_prefix_path.dsv
[2.215s] -- Up-to-date: /home/terranova/uav_ws/install/turtlebot3_msgs/share/turtlebot3_msgs/environment/path.sh
[2.215s] -- Up-to-date: /home/terranova/uav_ws/install/turtlebot3_msgs/share/turtlebot3_msgs/environment/path.dsv
[2.215s] -- Up-to-date: /home/terranova/uav_ws/install/turtlebot3_msgs/share/turtlebot3_msgs/local_setup.bash
[2.216s] -- Up-to-date: /home/terranova/uav_ws/install/turtlebot3_msgs/share/turtlebot3_msgs/local_setup.sh
[2.216s] -- Up-to-date: /home/terranova/uav_ws/install/turtlebot3_msgs/share/turtlebot3_msgs/local_setup.zsh
[2.217s] -- Up-to-date: /home/terranova/uav_ws/install/turtlebot3_msgs/share/turtlebot3_msgs/local_setup.dsv
[2.217s] -- Installing: /home/terranova/uav_ws/install/turtlebot3_msgs/share/turtlebot3_msgs/package.dsv
[2.223s] -- Up-to-date: /home/terranova/uav_ws/install/turtlebot3_msgs/share/ament_index/resource_index/packages/turtlebot3_msgs
[2.223s] -- Up-to-date: /home/terranova/uav_ws/install/turtlebot3_msgs/share/turtlebot3_msgs/cmake/turtlebot3_msgs__rosidl_generator_cExport.cmake
[2.224s] -- Up-to-date: /home/terranova/uav_ws/install/turtlebot3_msgs/share/turtlebot3_msgs/cmake/turtlebot3_msgs__rosidl_generator_cExport-noconfig.cmake
[2.224s] -- Up-to-date: /home/terranova/uav_ws/install/turtlebot3_msgs/share/turtlebot3_msgs/cmake/turtlebot3_msgs__rosidl_typesupport_introspection_cExport.cmake
[2.225s] -- Up-to-date: /home/terranova/uav_ws/install/turtlebot3_msgs/share/turtlebot3_msgs/cmake/turtlebot3_msgs__rosidl_typesupport_introspection_cExport-noconfig.cmake
[2.225s] -- Up-to-date: /home/terranova/uav_ws/install/turtlebot3_msgs/share/turtlebot3_msgs/cmake/turtlebot3_msgs__rosidl_typesupport_cExport.cmake
[2.226s] -- Up-to-date: /home/terranova/uav_ws/install/turtlebot3_msgs/share/turtlebot3_msgs/cmake/turtlebot3_msgs__rosidl_typesupport_cExport-noconfig.cmake
[2.226s] -- Up-to-date: /home/terranova/uav_ws/install/turtlebot3_msgs/share/turtlebot3_msgs/cmake/turtlebot3_msgs__rosidl_generator_cppExport.cmake
[2.227s] -- Up-to-date: /home/terranova/uav_ws/install/turtlebot3_msgs/share/turtlebot3_msgs/cmake/turtlebot3_msgs__rosidl_typesupport_introspection_cppExport.cmake
[2.227s] -- Up-to-date: /home/terranova/uav_ws/install/turtlebot3_msgs/share/turtlebot3_msgs/cmake/turtlebot3_msgs__rosidl_typesupport_introspection_cppExport-noconfig.cmake
[2.229s] -- Up-to-date: /home/terranova/uav_ws/install/turtlebot3_msgs/share/turtlebot3_msgs/cmake/turtlebot3_msgs__rosidl_typesupport_cppExport.cmake
[2.229s] -- Up-to-date: /home/terranova/uav_ws/install/turtlebot3_msgs/share/turtlebot3_msgs/cmake/turtlebot3_msgs__rosidl_typesupport_cppExport-noconfig.cmake
[2.229s] -- Up-to-date: /home/terranova/uav_ws/install/turtlebot3_msgs/share/turtlebot3_msgs/cmake/rosidl_cmake-extras.cmake
[2.230s] -- Up-to-date: /home/terranova/uav_ws/install/turtlebot3_msgs/share/turtlebot3_msgs/cmake/ament_cmake_export_dependencies-extras.cmake
[2.233s] -- Up-to-date: /home/terranova/uav_ws/install/turtlebot3_msgs/share/turtlebot3_msgs/cmake/ament_cmake_export_libraries-extras.cmake
[2.233s] -- Up-to-date: /home/terranova/uav_ws/install/turtlebot3_msgs/share/turtlebot3_msgs/cmake/ament_cmake_export_targets-extras.cmake
[2.233s] -- Up-to-date: /home/terranova/uav_ws/install/turtlebot3_msgs/share/turtlebot3_msgs/cmake/ament_cmake_export_include_directories-extras.cmake
[2.234s] -- Up-to-date: /home/terranova/uav_ws/install/turtlebot3_msgs/share/turtlebot3_msgs/cmake/rosidl_cmake_export_typesupport_libraries-extras.cmake
[2.234s] -- Up-to-date: /home/terranova/uav_ws/install/turtlebot3_msgs/share/turtlebot3_msgs/cmake/rosidl_cmake_export_typesupport_targets-extras.cmake
[2.234s] -- Up-to-date: /home/terranova/uav_ws/install/turtlebot3_msgs/share/turtlebot3_msgs/cmake/turtlebot3_msgsConfig.cmake
[2.234s] -- Up-to-date: /home/terranova/uav_ws/install/turtlebot3_msgs/share/turtlebot3_msgs/cmake/turtlebot3_msgsConfig-version.cmake
[2.234s] -- Up-to-date: /home/terranova/uav_ws/install/turtlebot3_msgs/share/turtlebot3_msgs/package.xml
[2.288s] Invoked command in '/home/terranova/uav_ws/build/turtlebot3_msgs' returned '0': CMAKE_PREFIX_PATH=/home/terranova/uav_ws/install/vision_opencv:/home/terranova/uav_ws/install/uav_gazebo:/home/terranova/uav_ws/install/uav_cartographer:/home/terranova/uav_ws/install/turtlebot3:/home/terranova/uav_ws/install/turtlebot3_simulations:/home/terranova/uav_ws/install/turtlebot3_bringup:/home/terranova/uav_ws/install/turtlebot3_node:/home/terranova/uav_ws/install/turtlebot3_navigation2:/home/terranova/uav_ws/install/turtlebot3_fake_node:/home/terranova/uav_ws/install/turtlebot3_msgs:/home/terranova/uav_ws/install/turtlebot3_gazebo:/home/terranova/uav_ws/install/turtlebot3_description:/home/terranova/uav_ws/install/turtlebot3_cartographer:/home/terranova/uav_ws/install/turtlebot3_teleop:/home/terranova/uav_ws/install/turtlebot3_example:/home/terranova/uav_ws/install/opencv_tests:/home/terranova/uav_ws/install/joint_state_publisher_gui:/home/terranova/uav_ws/install/joint_state_publisher:/opt/ros/foxy:/home/terranova/uav_ws/install/realsense_gazebo_plugin:/home/terranova/uav_ws/install/perception_pcl:/home/terranova/uav_ws/install/pcl_ros:/home/terranova/uav_ws/install/pcl_conversions:/home/terranova/uav_ws/install/pcl_msgs:/home/terranova/uav_ws/install/image_geometry:/home/terranova/uav_ws/install/hls_lfcd_lds_driver:/home/terranova/uav_ws/install/gazebo_ros_pkgs:/home/terranova/uav_ws/install/gazebo_plugins:/home/terranova/uav_ws/install/gazebo_ros:/home/terranova/uav_ws/install/gazebo_msgs:/home/terranova/uav_ws/install/gazebo_dev:/home/terranova/uav_ws/install/dynamixel_sdk_examples:/home/terranova/uav_ws/install/dynamixel_sdk_custom_interfaces:/home/terranova/uav_ws/install/dynamixel_sdk:/home/terranova/uav_ws/install/cv_bridge:/home/terranova/uav_ws/install/absl /home/terranova/.local/bin/cmake --install /home/terranova/uav_ws/build/turtlebot3_msgs
