[0.074s] Invoking command in '/home/terranova/uav_ws/build/velodyne_gazebo_plugin': AMENT_PREFIX_PATH=/home/terranova/uav_ws/install/gazebo_ros:/home/terranova/uav_ws/install/gazebo_msgs:/home/terranova/uav_ws/install/gazebo_dev:${AMENT_PREFIX_PATH} CMAKE_PREFIX_PATH=/home/terranova/uav_ws/install/gazebo_ros:/home/terranova/uav_ws/install/gazebo_msgs:/home/terranova/uav_ws/install/gazebo_dev:/opt/ros/foxy LD_LIBRARY_PATH=/home/terranova/uav_ws/install/gazebo_ros/lib:/home/terranova/uav_ws/install/gazebo_msgs/lib:/opt/ros/foxy/opt/yaml_cpp_vendor/lib:/opt/ros/foxy/opt/rviz_ogre_vendor/lib:/opt/ros/foxy/lib/x86_64-linux-gnu:/opt/ros/foxy/lib:/usr/lib/x86_64-linux-gnu/gazebo-11/plugins:/usr/lib/x86_64-linux-gnu/gazebo-11/plugins:/usr/lib/x86_64-linux-gnu/gazebo-11/plugins PYTHONPATH=/home/terranova/uav_ws/install/gazebo_ros/lib/python3.8/site-packages:/home/terranova/uav_ws/install/gazebo_msgs/lib/python3.8/site-packages:/opt/ros/foxy/lib/python3.8/site-packages:/home/terranova/.local/bin /home/terranova/.local/bin/cmake /home/terranova/uav_ws/src/velodyne_gazebo_plugin -DCMAKE_INSTALL_PREFIX=/home/terranova/uav_ws/install/velodyne_gazebo_plugin
[0.331s] -- The C compiler identification is GNU 9.4.0
[0.464s] -- The CXX compiler identification is GNU 9.4.0
[0.503s] -- Detecting C compiler ABI info
[0.605s] -- Detecting C compiler ABI info - done
[0.631s] -- Check for working C compiler: /usr/lib/ccache/cc - skipped
[0.632s] -- Detecting C compile features
[0.633s] -- Detecting C compile features - done
[0.659s] -- Detecting CXX compiler ABI info
[0.763s] -- Detecting CXX compiler ABI info - done
[0.787s] -- Check for working CXX compiler: /usr/lib/ccache/c++ - skipped
[0.787s] -- Detecting CXX compile features
[0.789s] -- Detecting CXX compile features - done
[0.822s] -- Found ament_cmake: 0.9.12 (/opt/ros/foxy/share/ament_cmake/cmake)
[0.838s] [33mCMake Warning (dev) at /opt/ros/foxy/share/ament_cmake_core/cmake/core/python.cmake:22 (find_package):
[0.838s]   Policy CMP0148 is not set: The FindPythonInterp and FindPythonLibs modules
[0.838s]   are removed.  Run "cmake --help-policy CMP0148" for policy details.  Use
[0.838s]   the cmake_policy command to set the policy and suppress this warning.
[0.839s] 
[0.839s] Call Stack (most recent call first):
[0.839s]   /opt/ros/foxy/share/ament_cmake_core/cmake/core/all.cmake:53 (include)
[0.839s]   /opt/ros/foxy/share/ament_cmake_core/cmake/ament_cmake_core-extras.cmake:17 (include)
[0.839s]   /opt/ros/foxy/share/ament_cmake_core/cmake/ament_cmake_coreConfig.cmake:41 (include)
[0.840s]   /opt/ros/foxy/share/ament_cmake/cmake/ament_cmake_export_dependencies-extras.cmake:15 (find_package)
[0.840s]   /opt/ros/foxy/share/ament_cmake/cmake/ament_cmakeConfig.cmake:41 (include)
[0.840s]   CMakeLists.txt:12 (find_package)
[0.840s] This warning is for project developers.  Use -Wno-dev to suppress it.
[0.840s] [0m
[0.895s] -- Found PythonInterp: /usr/bin/python3 (found suitable version "3.8.10", minimum required is "3") 
[0.895s] -- Using PYTHON_EXECUTABLE: /usr/bin/python3
[1.653s] -- Found gazebo_dev: 3.5.3 (/home/terranova/uav_ws/install/gazebo_dev/share/gazebo_dev/cmake)
[1.681s] -- Found PkgConfig: /usr/bin/pkg-config (found version "0.29.1") 
[1.692s] -- Checking for module 'bullet>=2.82'
[1.748s] --   Found bullet, version 2.88
[2.013s] -- Found ccd: /usr/include (found suitable version "2.0", minimum required is "2.0") 
[2.133s] -- Found fcl: /usr/include (found suitable version "0.5.0", minimum required is "0.3.2") 
[2.271s] -- Found assimp: /usr/include (found version "5.0.0") 
[2.341s] -- Found DART: /usr/include (Required is at least version "6.6") found components: dart 
[2.799s] -- Found Boost: /usr/lib/x86_64-linux-gnu/cmake/Boost-1.71.0/BoostConfig.cmake (found suitable version "1.71.0", minimum required is "1.40.0") found components: thread system filesystem program_options regex iostreams date_time 
[2.935s] -- Found Protobuf: /usr/lib/x86_64-linux-gnu/libprotobuf.so;-lpthread (found version "3.6.1") 
[2.948s] -- Looking for ignition-math6 -- found version 6.15.1
[2.965s] -- Searching for dependencies of ignition-math6
[2.969s] -- Looking for OGRE...
[2.969s] -- OGRE_PREFIX_WATCH changed.
[2.977s] -- Checking for module 'OGRE'
[3.006s] --   Found OGRE, version 1.9.0
[3.096s] -- Found Ogre Ghadamon (1.9.0)
[3.146s] -- Found OGRE: optimized;/usr/lib/x86_64-linux-gnu/libOgreMain.so;debug;/usr/lib/x86_64-linux-gnu/libOgreMain.so
[3.172s] -- Looking for OGRE_Paging...
[3.206s] -- Found OGRE_Paging: optimized;/usr/lib/x86_64-linux-gnu/libOgrePaging.so;debug;/usr/lib/x86_64-linux-gnu/libOgrePaging.so
[3.206s] -- Looking for OGRE_Terrain...
[3.242s] -- Found OGRE_Terrain: optimized;/usr/lib/x86_64-linux-gnu/libOgreTerrain.so;debug;/usr/lib/x86_64-linux-gnu/libOgreTerrain.so
[3.243s] -- Looking for OGRE_Property...
[3.280s] -- Found OGRE_Property: optimized;/usr/lib/x86_64-linux-gnu/libOgreProperty.so;debug;/usr/lib/x86_64-linux-gnu/libOgreProperty.so
[3.281s] -- Looking for OGRE_RTShaderSystem...
[3.319s] -- Found OGRE_RTShaderSystem: optimized;/usr/lib/x86_64-linux-gnu/libOgreRTShaderSystem.so;debug;/usr/lib/x86_64-linux-gnu/libOgreRTShaderSystem.so
[3.319s] -- Looking for OGRE_Volume...
[3.358s] -- Found OGRE_Volume: optimized;/usr/lib/x86_64-linux-gnu/libOgreVolume.so;debug;/usr/lib/x86_64-linux-gnu/libOgreVolume.so
[3.358s] -- Looking for OGRE_Overlay...
[3.397s] -- Found OGRE_Overlay: optimized;/usr/lib/x86_64-linux-gnu/libOgreOverlay.so;debug;/usr/lib/x86_64-linux-gnu/libOgreOverlay.so
[4.095s] -- Looking for ignition-math6 -- found version 6.15.1
[4.101s] -- Looking for ignition-transport8 -- found version 8.5.0
[4.103s] -- Searching for dependencies of ignition-transport8
[4.157s] -- Config-file not installed for ZeroMQ -- checking for pkg-config
[4.164s] -- Checking for module 'libzmq >= 4'
[4.197s] --   Found libzmq, version 4.3.2
[4.285s] -- Found ZeroMQ: TRUE (Required is at least version "4") 
[4.295s] -- Checking for module 'uuid'
[4.328s] --   Found uuid, version 2.34.0
[4.401s] -- Found UUID: TRUE  
[4.407s] -- Looking for ignition-msgs5 -- found version 5.11.0
[4.407s] -- Searching for dependencies of ignition-msgs5
[4.441s] -- Found Protobuf: /usr/lib/x86_64-linux-gnu/libprotobuf.so;-lpthread (found suitable version "3.6.1", minimum required is "3") 
[4.443s] -- Looking for ignition-math6 -- found version 6.15.1
[4.453s] -- Checking for module 'tinyxml2'
[4.479s] --   Found tinyxml2, version 6.2.0
[4.557s] -- Looking for ignition-msgs5 -- found version 5.11.0
[4.566s] -- Looking for ignition-common3 -- found version 3.17.0
[4.567s] -- Searching for dependencies of ignition-common3
[4.569s] -- Looking for dlfcn.h - found
[4.573s] -- Looking for libdl - found
[4.577s] -- Found DL: TRUE  
[4.604s] -- Searching for <ignition-common3> component [graphics]
[4.611s] -- Looking for ignition-common3-graphics -- found version 3.17.0
[4.612s] -- Searching for dependencies of ignition-common3-graphics
[4.614s] -- Looking for ignition-math6 -- found version 6.15.1
[4.624s] -- Looking for ignition-fuel_tools4 -- found version 4.9.1
[4.625s] -- Searching for dependencies of ignition-fuel_tools4
[4.848s] -- Found CURL: /usr/lib/x86_64-linux-gnu/libcurl.so (found version "7.68.0")  
[4.868s] -- Checking for module 'jsoncpp'
[4.904s] --   Found jsoncpp, version 1.7.4
[4.998s] -- Found JSONCPP: TRUE  
[5.010s] -- Checking for module 'libzip'
[5.039s] --   Found libzip, version 1.5.1
[5.135s] -- Found ZIP: TRUE  
[5.136s] -- Looking for ignition-common3 -- found version 3.17.0
[5.137s] -- Looking for ignition-math6 -- found version 6.15.1
[5.138s] -- Looking for ignition-msgs5 -- found version 5.11.0
[5.141s] -- Gazebo version: 11.14
[5.142s] -- Found gazebo_ros: 3.5.3 (/home/terranova/uav_ws/install/gazebo_ros/share/gazebo_ros/cmake)
[5.261s] -- Using all available rosidl_typesupport_c: rosidl_typesupport_fastrtps_c;rosidl_typesupport_introspection_c
[5.280s] -- Found rosidl_adapter: 1.3.1 (/opt/ros/foxy/share/rosidl_adapter/cmake)
[5.477s] -- Found OpenSSL: /usr/lib/x86_64-linux-gnu/libcrypto.so (found version "1.1.1f")  
[5.543s] -- Found FastRTPS: /opt/ros/foxy/include  
[5.736s] -- Using all available rosidl_typesupport_cpp: rosidl_typesupport_fastrtps_cpp;rosidl_typesupport_introspection_cpp
[5.880s] -- Found rmw_implementation_cmake: 1.0.4 (/opt/ros/foxy/share/rmw_implementation_cmake/cmake)
[5.884s] -- Using RMW implementation 'rmw_fastrtps_cpp' as default
[5.887s] -- Found Threads: TRUE  
[6.238s] -- Found gazebo_msgs: 3.5.3 (/home/terranova/uav_ws/install/gazebo_msgs/share/gazebo_msgs/cmake)
[6.893s] -- Found sensor_msgs: 2.0.5 (/opt/ros/foxy/share/sensor_msgs/cmake)
[7.274s] -- Configuring done (7.1s)
[7.348s] -- Generating done (0.0s)
[7.355s] -- Build files have been written to: /home/terranova/uav_ws/build/velodyne_gazebo_plugin
[7.400s] Invoked command in '/home/terranova/uav_ws/build/velodyne_gazebo_plugin' returned '0': AMENT_PREFIX_PATH=/home/terranova/uav_ws/install/gazebo_ros:/home/terranova/uav_ws/install/gazebo_msgs:/home/terranova/uav_ws/install/gazebo_dev:${AMENT_PREFIX_PATH} CMAKE_PREFIX_PATH=/home/terranova/uav_ws/install/gazebo_ros:/home/terranova/uav_ws/install/gazebo_msgs:/home/terranova/uav_ws/install/gazebo_dev:/opt/ros/foxy LD_LIBRARY_PATH=/home/terranova/uav_ws/install/gazebo_ros/lib:/home/terranova/uav_ws/install/gazebo_msgs/lib:/opt/ros/foxy/opt/yaml_cpp_vendor/lib:/opt/ros/foxy/opt/rviz_ogre_vendor/lib:/opt/ros/foxy/lib/x86_64-linux-gnu:/opt/ros/foxy/lib:/usr/lib/x86_64-linux-gnu/gazebo-11/plugins:/usr/lib/x86_64-linux-gnu/gazebo-11/plugins:/usr/lib/x86_64-linux-gnu/gazebo-11/plugins PYTHONPATH=/home/terranova/uav_ws/install/gazebo_ros/lib/python3.8/site-packages:/home/terranova/uav_ws/install/gazebo_msgs/lib/python3.8/site-packages:/opt/ros/foxy/lib/python3.8/site-packages:/home/terranova/.local/bin /home/terranova/.local/bin/cmake /home/terranova/uav_ws/src/velodyne_gazebo_plugin -DCMAKE_INSTALL_PREFIX=/home/terranova/uav_ws/install/velodyne_gazebo_plugin
[7.402s] Invoking command in '/home/terranova/uav_ws/build/velodyne_gazebo_plugin': AMENT_PREFIX_PATH=/home/terranova/uav_ws/install/gazebo_ros:/home/terranova/uav_ws/install/gazebo_msgs:/home/terranova/uav_ws/install/gazebo_dev:${AMENT_PREFIX_PATH} CMAKE_PREFIX_PATH=/home/terranova/uav_ws/install/gazebo_ros:/home/terranova/uav_ws/install/gazebo_msgs:/home/terranova/uav_ws/install/gazebo_dev:/opt/ros/foxy LD_LIBRARY_PATH=/home/terranova/uav_ws/install/gazebo_ros/lib:/home/terranova/uav_ws/install/gazebo_msgs/lib:/opt/ros/foxy/opt/yaml_cpp_vendor/lib:/opt/ros/foxy/opt/rviz_ogre_vendor/lib:/opt/ros/foxy/lib/x86_64-linux-gnu:/opt/ros/foxy/lib:/usr/lib/x86_64-linux-gnu/gazebo-11/plugins:/usr/lib/x86_64-linux-gnu/gazebo-11/plugins:/usr/lib/x86_64-linux-gnu/gazebo-11/plugins PYTHONPATH=/home/terranova/uav_ws/install/gazebo_ros/lib/python3.8/site-packages:/home/terranova/uav_ws/install/gazebo_msgs/lib/python3.8/site-packages:/opt/ros/foxy/lib/python3.8/site-packages:/home/terranova/.local/bin /home/terranova/.local/bin/cmake --build /home/terranova/uav_ws/build/velodyne_gazebo_plugin -- -j4 -l4
[7.527s] [ 50%] [32mBuilding CXX object CMakeFiles/gazebo_ros_velodyne_laser.dir/src/gazebo_ros_velodyne_laser.cpp.o[0m
[57.405s] [100%] [32m[1mLinking CXX shared library libgazebo_ros_velodyne_laser.so[0m
[59.681s] [100%] Built target gazebo_ros_velodyne_laser
[60.031s] Invoked command in '/home/terranova/uav_ws/build/velodyne_gazebo_plugin' returned '0': AMENT_PREFIX_PATH=/home/terranova/uav_ws/install/gazebo_ros:/home/terranova/uav_ws/install/gazebo_msgs:/home/terranova/uav_ws/install/gazebo_dev:${AMENT_PREFIX_PATH} CMAKE_PREFIX_PATH=/home/terranova/uav_ws/install/gazebo_ros:/home/terranova/uav_ws/install/gazebo_msgs:/home/terranova/uav_ws/install/gazebo_dev:/opt/ros/foxy LD_LIBRARY_PATH=/home/terranova/uav_ws/install/gazebo_ros/lib:/home/terranova/uav_ws/install/gazebo_msgs/lib:/opt/ros/foxy/opt/yaml_cpp_vendor/lib:/opt/ros/foxy/opt/rviz_ogre_vendor/lib:/opt/ros/foxy/lib/x86_64-linux-gnu:/opt/ros/foxy/lib:/usr/lib/x86_64-linux-gnu/gazebo-11/plugins:/usr/lib/x86_64-linux-gnu/gazebo-11/plugins:/usr/lib/x86_64-linux-gnu/gazebo-11/plugins PYTHONPATH=/home/terranova/uav_ws/install/gazebo_ros/lib/python3.8/site-packages:/home/terranova/uav_ws/install/gazebo_msgs/lib/python3.8/site-packages:/opt/ros/foxy/lib/python3.8/site-packages:/home/terranova/.local/bin /home/terranova/.local/bin/cmake --build /home/terranova/uav_ws/build/velodyne_gazebo_plugin -- -j4 -l4
[60.583s] Invoking command in '/home/terranova/uav_ws/build/velodyne_gazebo_plugin': AMENT_PREFIX_PATH=/home/terranova/uav_ws/install/gazebo_ros:/home/terranova/uav_ws/install/gazebo_msgs:/home/terranova/uav_ws/install/gazebo_dev:${AMENT_PREFIX_PATH} CMAKE_PREFIX_PATH=/home/terranova/uav_ws/install/gazebo_ros:/home/terranova/uav_ws/install/gazebo_msgs:/home/terranova/uav_ws/install/gazebo_dev:/opt/ros/foxy LD_LIBRARY_PATH=/home/terranova/uav_ws/install/gazebo_ros/lib:/home/terranova/uav_ws/install/gazebo_msgs/lib:/opt/ros/foxy/opt/yaml_cpp_vendor/lib:/opt/ros/foxy/opt/rviz_ogre_vendor/lib:/opt/ros/foxy/lib/x86_64-linux-gnu:/opt/ros/foxy/lib:/usr/lib/x86_64-linux-gnu/gazebo-11/plugins:/usr/lib/x86_64-linux-gnu/gazebo-11/plugins:/usr/lib/x86_64-linux-gnu/gazebo-11/plugins PYTHONPATH=/home/terranova/uav_ws/install/gazebo_ros/lib/python3.8/site-packages:/home/terranova/uav_ws/install/gazebo_msgs/lib/python3.8/site-packages:/opt/ros/foxy/lib/python3.8/site-packages:/home/terranova/.local/bin /home/terranova/.local/bin/cmake --install /home/terranova/uav_ws/build/velodyne_gazebo_plugin
[60.690s] -- Install configuration: ""
[60.691s] -- Installing: /home/terranova/uav_ws/install/velodyne_gazebo_plugin/lib/libgazebo_ros_velodyne_laser.so
[60.698s] -- Set non-toolchain portion of runtime path of "/home/terranova/uav_ws/install/velodyne_gazebo_plugin/lib/libgazebo_ros_velodyne_laser.so" to ""
[60.699s] -- Installing: /home/terranova/uav_ws/install/velodyne_gazebo_plugin/include/velodyne_gazebo_plugin
[60.701s] -- Installing: /home/terranova/uav_ws/install/velodyne_gazebo_plugin/include/velodyne_gazebo_plugin/gazebo_ros_velodyne_laser.h
[60.702s] -- Installing: /home/terranova/uav_ws/install/velodyne_gazebo_plugin/include/velodyne_gazebo_plugin/VelodyneLaserPlugin.h
[60.704s] -- Installing: /home/terranova/uav_ws/install/velodyne_gazebo_plugin/share/velodyne_gazebo_plugin/environment/library_path.sh
[60.705s] -- Installing: /home/terranova/uav_ws/install/velodyne_gazebo_plugin/share/velodyne_gazebo_plugin/environment/library_path.dsv
[60.707s] -- Installing: /home/terranova/uav_ws/install/velodyne_gazebo_plugin/share/ament_index/resource_index/package_run_dependencies/velodyne_gazebo_plugin
[60.708s] -- Installing: /home/terranova/uav_ws/install/velodyne_gazebo_plugin/share/ament_index/resource_index/parent_prefix_path/velodyne_gazebo_plugin
[60.712s] -- Installing: /home/terranova/uav_ws/install/velodyne_gazebo_plugin/share/velodyne_gazebo_plugin/environment/ament_prefix_path.sh
[60.712s] -- Installing: /home/terranova/uav_ws/install/velodyne_gazebo_plugin/share/velodyne_gazebo_plugin/environment/ament_prefix_path.dsv
[60.713s] -- Installing: /home/terranova/uav_ws/install/velodyne_gazebo_plugin/share/velodyne_gazebo_plugin/environment/path.sh
[60.713s] -- Installing: /home/terranova/uav_ws/install/velodyne_gazebo_plugin/share/velodyne_gazebo_plugin/environment/path.dsv
[60.714s] -- Installing: /home/terranova/uav_ws/install/velodyne_gazebo_plugin/share/velodyne_gazebo_plugin/local_setup.bash
[60.714s] -- Installing: /home/terranova/uav_ws/install/velodyne_gazebo_plugin/share/velodyne_gazebo_plugin/local_setup.sh
[60.715s] -- Installing: /home/terranova/uav_ws/install/velodyne_gazebo_plugin/share/velodyne_gazebo_plugin/local_setup.zsh
[60.715s] -- Installing: /home/terranova/uav_ws/install/velodyne_gazebo_plugin/share/velodyne_gazebo_plugin/local_setup.dsv
[60.716s] -- Installing: /home/terranova/uav_ws/install/velodyne_gazebo_plugin/share/velodyne_gazebo_plugin/package.dsv
[60.717s] -- Installing: /home/terranova/uav_ws/install/velodyne_gazebo_plugin/share/ament_index/resource_index/packages/velodyne_gazebo_plugin
[60.717s] -- Installing: /home/terranova/uav_ws/install/velodyne_gazebo_plugin/share/velodyne_gazebo_plugin/cmake/ament_cmake_export_include_directories-extras.cmake
[60.718s] -- Installing: /home/terranova/uav_ws/install/velodyne_gazebo_plugin/share/velodyne_gazebo_plugin/cmake/ament_cmake_export_libraries-extras.cmake
[60.719s] -- Installing: /home/terranova/uav_ws/install/velodyne_gazebo_plugin/share/velodyne_gazebo_plugin/cmake/ament_cmake_export_dependencies-extras.cmake
[60.720s] -- Installing: /home/terranova/uav_ws/install/velodyne_gazebo_plugin/share/velodyne_gazebo_plugin/cmake/velodyne_gazebo_pluginConfig.cmake
[60.721s] -- Installing: /home/terranova/uav_ws/install/velodyne_gazebo_plugin/share/velodyne_gazebo_plugin/cmake/velodyne_gazebo_pluginConfig-version.cmake
[60.721s] -- Installing: /home/terranova/uav_ws/install/velodyne_gazebo_plugin/share/velodyne_gazebo_plugin/package.xml
[60.738s] Invoked command in '/home/terranova/uav_ws/build/velodyne_gazebo_plugin' returned '0': AMENT_PREFIX_PATH=/home/terranova/uav_ws/install/gazebo_ros:/home/terranova/uav_ws/install/gazebo_msgs:/home/terranova/uav_ws/install/gazebo_dev:${AMENT_PREFIX_PATH} CMAKE_PREFIX_PATH=/home/terranova/uav_ws/install/gazebo_ros:/home/terranova/uav_ws/install/gazebo_msgs:/home/terranova/uav_ws/install/gazebo_dev:/opt/ros/foxy LD_LIBRARY_PATH=/home/terranova/uav_ws/install/gazebo_ros/lib:/home/terranova/uav_ws/install/gazebo_msgs/lib:/opt/ros/foxy/opt/yaml_cpp_vendor/lib:/opt/ros/foxy/opt/rviz_ogre_vendor/lib:/opt/ros/foxy/lib/x86_64-linux-gnu:/opt/ros/foxy/lib:/usr/lib/x86_64-linux-gnu/gazebo-11/plugins:/usr/lib/x86_64-linux-gnu/gazebo-11/plugins:/usr/lib/x86_64-linux-gnu/gazebo-11/plugins PYTHONPATH=/home/terranova/uav_ws/install/gazebo_ros/lib/python3.8/site-packages:/home/terranova/uav_ws/install/gazebo_msgs/lib/python3.8/site-packages:/opt/ros/foxy/lib/python3.8/site-packages:/home/terranova/.local/bin /home/terranova/.local/bin/cmake --install /home/terranova/uav_ws/build/velodyne_gazebo_plugin
