-- The C compiler identification is GNU 9.4.0
-- The CXX compiler identification is GNU 9.4.0
-- Detecting C compiler ABI info
-- Detecting C compiler ABI info - done
-- Check for working C compiler: /usr/lib/ccache/cc - skipped
-- Detecting C compile features
-- Detecting C compile features - done
-- Detecting CXX compiler ABI info
-- Detecting CXX compiler ABI info - done
-- Check for working CXX compiler: /usr/lib/ccache/c++ - skipped
-- Detecting CXX compile features
-- Detecting CXX compile features - done
-- Found ament_cmake: 0.9.12 (/opt/ros/foxy/share/ament_cmake/cmake)
[33mCMake Warning (dev) at /opt/ros/foxy/share/ament_cmake_core/cmake/core/python.cmake:22 (find_package):
  Policy CMP0148 is not set: The FindPythonInterp and FindPythonLibs modules
  are removed.  Run "cmake --help-policy CMP0148" for policy details.  Use
  the cmake_policy command to set the policy and suppress this warning.

Call Stack (most recent call first):
  /opt/ros/foxy/share/ament_cmake_core/cmake/core/all.cmake:53 (include)
  /opt/ros/foxy/share/ament_cmake_core/cmake/ament_cmake_core-extras.cmake:17 (include)
  /opt/ros/foxy/share/ament_cmake_core/cmake/ament_cmake_coreConfig.cmake:41 (include)
  /opt/ros/foxy/share/ament_cmake/cmake/ament_cmake_export_dependencies-extras.cmake:15 (find_package)
  /opt/ros/foxy/share/ament_cmake/cmake/ament_cmakeConfig.cmake:41 (include)
  CMakeLists.txt:18 (find_package)
This warning is for project developers.  Use -Wno-dev to suppress it.
[0m
-- Found PythonInterp: /usr/bin/python3 (found suitable version "3.8.10", minimum required is "3") 
-- Using PYTHON_EXECUTABLE: /usr/bin/python3
-- Found PkgConfig: /usr/bin/pkg-config (found version "0.29.1") 
-- Checking for module 'bullet>=2.82'
--   Found bullet, version 2.88
-- Found ccd: /usr/include (found suitable version "2.0", minimum required is "2.0") 
-- Found fcl: /usr/include (found suitable version "0.5.0", minimum required is "0.3.2") 
-- Found assimp: /usr/include (found version "5.0.0") 
-- Found DART: /usr/include (Required is at least version "6.6") found components: dart 
-- Found Boost: /usr/lib/x86_64-linux-gnu/cmake/Boost-1.71.0/BoostConfig.cmake (found suitable version "1.71.0", minimum required is "1.40.0") found components: thread system filesystem program_options regex iostreams date_time 
-- Found Protobuf: /usr/lib/x86_64-linux-gnu/libprotobuf.so;-lpthread (found version "3.6.1") 
-- Looking for ignition-math6 -- found version 6.15.1
-- Searching for dependencies of ignition-math6
-- Looking for OGRE...
-- OGRE_PREFIX_WATCH changed.
-- Checking for module 'OGRE'
--   Found OGRE, version 1.9.0
-- Found Ogre Ghadamon (1.9.0)
-- Found OGRE: optimized;/usr/lib/x86_64-linux-gnu/libOgreMain.so;debug;/usr/lib/x86_64-linux-gnu/libOgreMain.so
-- Looking for OGRE_Paging...
-- Found OGRE_Paging: optimized;/usr/lib/x86_64-linux-gnu/libOgrePaging.so;debug;/usr/lib/x86_64-linux-gnu/libOgrePaging.so
-- Looking for OGRE_Terrain...
-- Found OGRE_Terrain: optimized;/usr/lib/x86_64-linux-gnu/libOgreTerrain.so;debug;/usr/lib/x86_64-linux-gnu/libOgreTerrain.so
-- Looking for OGRE_Property...
-- Found OGRE_Property: optimized;/usr/lib/x86_64-linux-gnu/libOgreProperty.so;debug;/usr/lib/x86_64-linux-gnu/libOgreProperty.so
-- Looking for OGRE_RTShaderSystem...
-- Found OGRE_RTShaderSystem: optimized;/usr/lib/x86_64-linux-gnu/libOgreRTShaderSystem.so;debug;/usr/lib/x86_64-linux-gnu/libOgreRTShaderSystem.so
-- Looking for OGRE_Volume...
-- Found OGRE_Volume: optimized;/usr/lib/x86_64-linux-gnu/libOgreVolume.so;debug;/usr/lib/x86_64-linux-gnu/libOgreVolume.so
-- Looking for OGRE_Overlay...
-- Found OGRE_Overlay: optimized;/usr/lib/x86_64-linux-gnu/libOgreOverlay.so;debug;/usr/lib/x86_64-linux-gnu/libOgreOverlay.so
-- Looking for ignition-math6 -- found version 6.15.1
-- Looking for ignition-transport8 -- found version 8.5.0
-- Searching for dependencies of ignition-transport8
-- Config-file not installed for ZeroMQ -- checking for pkg-config
-- Checking for module 'libzmq >= 4'
--   Found libzmq, version 4.3.2
-- Found ZeroMQ: TRUE (Required is at least version "4") 
-- Checking for module 'uuid'
--   Found uuid, version 2.34.0
-- Found UUID: TRUE  
-- Looking for ignition-msgs5 -- found version 5.11.0
-- Searching for dependencies of ignition-msgs5
-- Found Protobuf: /usr/lib/x86_64-linux-gnu/libprotobuf.so;-lpthread (found suitable version "3.6.1", minimum required is "3") 
-- Looking for ignition-math6 -- found version 6.15.1
-- Checking for module 'tinyxml2'
--   Found tinyxml2, version 6.2.0
-- Looking for ignition-msgs5 -- found version 5.11.0
-- Looking for ignition-common3 -- found version 3.17.0
-- Searching for dependencies of ignition-common3
-- Looking for dlfcn.h - found
-- Looking for libdl - found
-- Found DL: TRUE  
-- Searching for <ignition-common3> component [graphics]
-- Looking for ignition-common3-graphics -- found version 3.17.0
-- Searching for dependencies of ignition-common3-graphics
-- Looking for ignition-math6 -- found version 6.15.1
-- Looking for ignition-fuel_tools4 -- found version 4.9.1
-- Searching for dependencies of ignition-fuel_tools4
-- Found CURL: /usr/lib/x86_64-linux-gnu/libcurl.so (found version "7.68.0")  
-- Checking for module 'jsoncpp'
--   Found jsoncpp, version 1.7.4
-- Found JSONCPP: TRUE  
-- Checking for module 'libzip'
--   Found libzip, version 1.5.1
-- Found ZIP: TRUE  
-- Looking for ignition-common3 -- found version 3.17.0
-- Looking for ignition-math6 -- found version 6.15.1
-- Looking for ignition-msgs5 -- found version 5.11.0
-- Found gazebo_ros_pkgs: 3.5.3 (/home/terranova/uav_ws/install/gazebo_ros_pkgs/share/gazebo_ros_pkgs/cmake)
-- Found geometry_msgs: 2.0.5 (/opt/ros/foxy/share/geometry_msgs/cmake)
-- Using all available rosidl_typesupport_c: rosidl_typesupport_fastrtps_c;rosidl_typesupport_introspection_c
-- Found rosidl_adapter: 1.3.1 (/opt/ros/foxy/share/rosidl_adapter/cmake)
-- Found OpenSSL: /usr/lib/x86_64-linux-gnu/libcrypto.so (found version "1.1.1f")  
-- Found FastRTPS: /opt/ros/foxy/include  
-- Using all available rosidl_typesupport_cpp: rosidl_typesupport_fastrtps_cpp;rosidl_typesupport_introspection_cpp
-- Found nav_msgs: 2.0.5 (/opt/ros/foxy/share/nav_msgs/cmake)
-- Found rclcpp: 2.4.3 (/opt/ros/foxy/share/rclcpp/cmake)
-- Found rmw_implementation_cmake: 1.0.4 (/opt/ros/foxy/share/rmw_implementation_cmake/cmake)
-- Using RMW implementation 'rmw_fastrtps_cpp' as default
-- Found Threads: TRUE  
-- Found rclpy: 1.0.13 (/opt/ros/foxy/share/rclpy/cmake)
-- Found sensor_msgs: 2.0.5 (/opt/ros/foxy/share/sensor_msgs/cmake)
-- Found tf2: 0.13.14 (/opt/ros/foxy/share/tf2/cmake)
-- Found ament_lint_auto: 0.9.8 (/opt/ros/foxy/share/ament_lint_auto/cmake)
-- Added test 'flake8' to check Python code syntax and style conventions
-- Added test 'lint_cmake' to check CMake code style
-- Added test 'pep257' to check Python code against some of the style conventions in PEP 257
-- Added test 'xmllint' to check XML markup files
-- Configuring done (5.8s)
-- Generating done (0.0s)
-- Build files have been written to: /home/terranova/uav_ws/build/uav_gazebo
-- Install configuration: ""
-- Installing: /home/terranova/uav_ws/install/uav_gazebo/share/uav_gazebo//launch
-- Installing: /home/terranova/uav_ws/install/uav_gazebo/share/uav_gazebo//launch/data_publish.launch.py
-- Installing: /home/terranova/uav_ws/install/uav_gazebo/share/uav_gazebo//launch/uav_state_publisher.launch.py
-- Installing: /home/terranova/uav_ws/install/uav_gazebo/share/uav_gazebo//launch/empty_world.launch.py
-- Installing: /home/terranova/uav_ws/install/uav_gazebo/share/uav_gazebo//launch/rviz2.launch.py
-- Installing: /home/terranova/uav_ws/install/uav_gazebo/share/uav_gazebo//launch/spawn_uav.launch.py
-- Installing: /home/terranova/uav_ws/install/uav_gazebo/share/uav_gazebo//launch/joint_state_publisher.launch.py
-- Installing: /home/terranova/uav_ws/install/uav_gazebo/share/uav_gazebo//launch/uav_world.launch.py
-- Installing: /home/terranova/uav_ws/install/uav_gazebo/share/uav_gazebo//models
-- Installing: /home/terranova/uav_ws/install/uav_gazebo/share/uav_gazebo//models/hokuyo
-- Installing: /home/terranova/uav_ws/install/uav_gazebo/share/uav_gazebo//models/hokuyo/meshes
-- Installing: /home/terranova/uav_ws/install/uav_gazebo/share/uav_gazebo//models/hokuyo/meshes/hokuyo.dae
-- Installing: /home/terranova/uav_ws/install/uav_gazebo/share/uav_gazebo//models/hokuyo/meshes/hokuyo_convex.stl
-- Installing: /home/terranova/uav_ws/install/uav_gazebo/share/uav_gazebo//models/hokuyo/model.config
-- Installing: /home/terranova/uav_ws/install/uav_gazebo/share/uav_gazebo//models/hokuyo/model-1_4.sdf
-- Installing: /home/terranova/uav_ws/install/uav_gazebo/share/uav_gazebo//models/hokuyo/model-1_2.sdf
-- Installing: /home/terranova/uav_ws/install/uav_gazebo/share/uav_gazebo//models/hokuyo/model-1_3.sdf
-- Installing: /home/terranova/uav_ws/install/uav_gazebo/share/uav_gazebo//models/hokuyo/model.sdf
-- Installing: /home/terranova/uav_ws/install/uav_gazebo/share/uav_gazebo//models/iris_with_standoffs
-- Installing: /home/terranova/uav_ws/install/uav_gazebo/share/uav_gazebo//models/iris_with_standoffs/meshes
-- Installing: /home/terranova/uav_ws/install/uav_gazebo/share/uav_gazebo//models/iris_with_standoffs/meshes/iris_prop_ccw.dae
-- Installing: /home/terranova/uav_ws/install/uav_gazebo/share/uav_gazebo//models/iris_with_standoffs/meshes/iris_prop_cw.dae
-- Installing: /home/terranova/uav_ws/install/uav_gazebo/share/uav_gazebo//models/iris_with_standoffs/meshes/iris.dae
-- Installing: /home/terranova/uav_ws/install/uav_gazebo/share/uav_gazebo//models/iris_with_standoffs/model.config
-- Installing: /home/terranova/uav_ws/install/uav_gazebo/share/uav_gazebo//models/iris_with_standoffs/model.sdf
-- Installing: /home/terranova/uav_ws/install/uav_gazebo/share/uav_gazebo//models/iris_sensors
-- Installing: /home/terranova/uav_ws/install/uav_gazebo/share/uav_gazebo//models/iris_sensors/meshes
-- Installing: /home/terranova/uav_ws/install/uav_gazebo/share/uav_gazebo//models/iris_sensors/meshes/d435.dae
-- Installing: /home/terranova/uav_ws/install/uav_gazebo/share/uav_gazebo//models/iris_sensors/meshes/landscape.dae
-- Installing: /home/terranova/uav_ws/install/uav_gazebo/share/uav_gazebo//models/iris_sensors/meshes/iris_prop_ccw.dae
-- Installing: /home/terranova/uav_ws/install/uav_gazebo/share/uav_gazebo//models/iris_sensors/meshes/hokuyo.dae
-- Installing: /home/terranova/uav_ws/install/uav_gazebo/share/uav_gazebo//models/iris_sensors/meshes/iris_prop_cw.dae
-- Installing: /home/terranova/uav_ws/install/uav_gazebo/share/uav_gazebo//models/iris_sensors/meshes/iris.dae
-- Installing: /home/terranova/uav_ws/install/uav_gazebo/share/uav_gazebo//models/iris_sensors/meshes/hokuyo_convex.stl
-- Installing: /home/terranova/uav_ws/install/uav_gazebo/share/uav_gazebo//models/iris_sensors/model.config
-- Installing: /home/terranova/uav_ws/install/uav_gazebo/share/uav_gazebo//models/iris_sensors/model.sdf
-- Installing: /home/terranova/uav_ws/install/uav_gazebo/share/uav_gazebo//rviz
-- Installing: /home/terranova/uav_ws/install/uav_gazebo/share/uav_gazebo//rviz/uav_config.rviz
-- Installing: /home/terranova/uav_ws/install/uav_gazebo/share/uav_gazebo//worlds
-- Installing: /home/terranova/uav_ws/install/uav_gazebo/share/uav_gazebo//worlds/uav_maze.world
-- Installing: /home/terranova/uav_ws/install/uav_gazebo/share/uav_gazebo//worlds/uav_runway.world
-- Installing: /home/terranova/uav_ws/install/uav_gazebo/share/uav_gazebo//urdf
-- Installing: /home/terranova/uav_ws/install/uav_gazebo/share/uav_gazebo//urdf/uav_sensors.urdf
-- Installing: /home/terranova/uav_ws/install/uav_gazebo/share/uav_gazebo//scripts
-- Installing: /home/terranova/uav_ws/install/uav_gazebo/share/uav_gazebo//scripts/plot_data
-- Installing: /home/terranova/uav_ws/install/uav_gazebo/share/uav_gazebo//scripts/plot_data/04_15_15_35_28
-- Installing: /home/terranova/uav_ws/install/uav_gazebo/share/uav_gazebo//scripts/plot_data/04_15_15_35_28/tracked_pose.csv
-- Installing: /home/terranova/uav_ws/install/uav_gazebo/share/uav_gazebo//scripts/plot_data/04_15_15_35_28/orb_slam_pose.csv
-- Installing: /home/terranova/uav_ws/install/uav_gazebo/share/uav_gazebo//scripts/plot_data/04_15_15_35_28/slam_out_pose.csv
-- Installing: /home/terranova/uav_ws/install/uav_gazebo/share/uav_gazebo//scripts/plot_data/04_15_15_35_39
-- Installing: /home/terranova/uav_ws/install/uav_gazebo/share/uav_gazebo//scripts/plot_data/04_15_15_35_39/tracked_pose.csv
-- Installing: /home/terranova/uav_ws/install/uav_gazebo/share/uav_gazebo//scripts/plot_data/04_15_15_35_39/orb_slam_pose.csv
-- Installing: /home/terranova/uav_ws/install/uav_gazebo/share/uav_gazebo//scripts/plot_data/04_15_15_35_39/slam_out_pose.csv
-- Installing: /home/terranova/uav_ws/install/uav_gazebo/share/uav_gazebo//scripts/plot_data/04_15_17_03_33
-- Installing: /home/terranova/uav_ws/install/uav_gazebo/share/uav_gazebo//scripts/plot_data/04_15_17_03_33/tracked_pose.csv
-- Installing: /home/terranova/uav_ws/install/uav_gazebo/share/uav_gazebo//scripts/plot_data/04_15_17_03_33/orb_slam_pose.csv
-- Installing: /home/terranova/uav_ws/install/uav_gazebo/share/uav_gazebo//scripts/plot_data/04_15_17_03_33/slam_out_pose.csv
-- Installing: /home/terranova/uav_ws/install/uav_gazebo/share/uav_gazebo//scripts/plot_data/04_15_16_10_26
-- Installing: /home/terranova/uav_ws/install/uav_gazebo/share/uav_gazebo//scripts/plot_data/04_15_16_10_26/tracked_pose.csv
-- Installing: /home/terranova/uav_ws/install/uav_gazebo/share/uav_gazebo//scripts/plot_data/04_15_16_10_26/orb_slam_pose.csv
-- Installing: /home/terranova/uav_ws/install/uav_gazebo/share/uav_gazebo//scripts/plot_data/04_15_16_10_26/slam_out_pose.csv
-- Installing: /home/terranova/uav_ws/install/uav_gazebo/share/uav_gazebo//scripts/plot_data/04_15_15_35_13
-- Installing: /home/terranova/uav_ws/install/uav_gazebo/share/uav_gazebo//scripts/plot_data/04_15_15_35_13/tracked_pose.csv
-- Installing: /home/terranova/uav_ws/install/uav_gazebo/share/uav_gazebo//scripts/plot_data/04_15_15_35_13/orb_slam_pose.csv
-- Installing: /home/terranova/uav_ws/install/uav_gazebo/share/uav_gazebo//scripts/plot_data/04_15_15_35_13/slam_out_pose.csv
-- Installing: /home/terranova/uav_ws/install/uav_gazebo/share/uav_gazebo//scripts/plot_data/04_17_15_35_09
-- Installing: /home/terranova/uav_ws/install/uav_gazebo/share/uav_gazebo//scripts/plot_data/04_17_15_35_09/tracked_pose.csv
-- Installing: /home/terranova/uav_ws/install/uav_gazebo/share/uav_gazebo//scripts/plot_data/04_17_15_35_09/orb_slam_pose.csv
-- Installing: /home/terranova/uav_ws/install/uav_gazebo/share/uav_gazebo//scripts/plot_data/04_17_15_35_09/slam_out_pose.csv
-- Installing: /home/terranova/uav_ws/install/uav_gazebo/share/uav_gazebo//scripts/plot_data/04_15_16_16_06
-- Installing: /home/terranova/uav_ws/install/uav_gazebo/share/uav_gazebo//scripts/plot_data/04_15_16_16_06/tracked_pose.csv
-- Installing: /home/terranova/uav_ws/install/uav_gazebo/share/uav_gazebo//scripts/plot_data/04_15_16_16_06/orb_slam_pose.csv
-- Installing: /home/terranova/uav_ws/install/uav_gazebo/share/uav_gazebo//scripts/plot_data/04_15_16_16_06/slam_out_pose.csv
-- Installing: /home/terranova/uav_ws/install/uav_gazebo/share/uav_gazebo//scripts/plot_data/04_15_16_09_37
-- Installing: /home/terranova/uav_ws/install/uav_gazebo/share/uav_gazebo//scripts/plot_data/04_15_16_09_37/tracked_pose.csv
-- Installing: /home/terranova/uav_ws/install/uav_gazebo/share/uav_gazebo//scripts/plot_data/04_15_16_09_37/orb_slam_pose.csv
-- Installing: /home/terranova/uav_ws/install/uav_gazebo/share/uav_gazebo//scripts/plot_data/04_15_16_09_37/slam_out_pose.csv
-- Installing: /home/terranova/uav_ws/install/uav_gazebo/share/uav_gazebo//scripts/mavros_teleop.py
-- Installing: /home/terranova/uav_ws/install/uav_gazebo/share/uav_gazebo//scripts/imu_to_vel.py
-- Installing: /home/terranova/uav_ws/install/uav_gazebo/share/uav_gazebo//scripts/quadcopter_ui.py
-- Installing: /home/terranova/uav_ws/install/uav_gazebo/share/uav_gazebo//scripts/uav_teleop.py
-- Installing: /home/terranova/uav_ws/install/uav_gazebo/share/uav_gazebo//scripts/plotter.py
-- Installing: /home/terranova/uav_ws/install/uav_gazebo/share/uav_gazebo//scripts/save_poses.py
-- Installing: /home/terranova/uav_ws/install/uav_gazebo/share/uav_gazebo//scripts/start_sitl.sh
[31mCMake Error at cmake_install.cmake:46 (file):
  file INSTALL cannot find
  "/home/terranova/uav_ws/src/uav_gazebo/uav_cartographer": No such file or
  directory.

[0m
