[0.048s] Invoking command in '/home/terranova/uav_ws/build/uav_gazebo': CMAKE_PREFIX_PATH=/home/terranova/uav_ws/install/gazebo_ros_pkgs:/home/terranova/uav_ws/install/gazebo_plugins:/home/terranova/uav_ws/install/gazebo_ros:/home/terranova/uav_ws/install/gazebo_msgs:/home/terranova/uav_ws/install/gazebo_dev:/home/terranova/uav_ws/install/cv_bridge:/home/terranova/uav_ws/install/vision_opencv:/home/terranova/uav_ws/install/velodyne_gazebo_plugin:/home/terranova/uav_ws/install/uav_gazebo:/home/terranova/uav_ws/install/turtlebot3:/home/terranova/uav_ws/install/turtlebot3_simulations:/home/terranova/uav_ws/install/turtlebot3_bringup:/home/terranova/uav_ws/install/turtlebot3_node:/home/terranova/uav_ws/install/turtlebot3_navigation2:/home/terranova/uav_ws/install/turtlebot3_fake_node:/home/terranova/uav_ws/install/turtlebot3_msgs:/home/terranova/uav_ws/install/turtlebot3_gazebo:/home/terranova/uav_ws/install/turtlebot3_description:/home/terranova/uav_ws/install/turtlebot3_cartographer:/home/terranova/uav_ws/install/turtlebot3_teleop:/home/terranova/uav_ws/install/turtlebot3_example:/home/terranova/uav_ws/install/opencv_tests:/home/terranova/uav_ws/install/joint_state_publisher_gui:/home/terranova/uav_ws/install/joint_state_publisher:/opt/ros/foxy:/home/terranova/uav_ws/install/realsense_gazebo_plugin:/home/terranova/uav_ws/install/perception_pcl:/home/terranova/uav_ws/install/pcl_ros:/home/terranova/uav_ws/install/pcl_conversions:/home/terranova/uav_ws/install/pcl_msgs:/home/terranova/uav_ws/install/image_geometry:/home/terranova/uav_ws/install/hls_lfcd_lds_driver:/home/terranova/uav_ws/install/dynamixel_sdk_examples:/home/terranova/uav_ws/install/dynamixel_sdk_custom_interfaces:/home/terranova/uav_ws/install/dynamixel_sdk:/home/terranova/uav_ws/install/absl LD_LIBRARY_PATH=/home/terranova/uav_ws/install/gazebo_plugins/lib:/home/terranova/uav_ws/install/gazebo_ros/lib:/home/terranova/uav_ws/install/gazebo_msgs/lib:/home/terranova/uav_ws/install/cv_bridge/lib:/home/terranova/uav_ws/install/velodyne_gazebo_plugin/lib:/home/terranova/uav_ws/install/turtlebot3_msgs/lib:/home/terranova/uav_ws/install/realsense_gazebo_plugin/lib:/home/terranova/uav_ws/install/pcl_ros/lib:/home/terranova/uav_ws/install/pcl_msgs/lib:/home/terranova/uav_ws/install/image_geometry/lib:/home/terranova/uav_ws/install/dynamixel_sdk_custom_interfaces/lib:/home/terranova/uav_ws/install/dynamixel_sdk/lib:/opt/ros/foxy/opt/yaml_cpp_vendor/lib:/opt/ros/foxy/opt/rviz_ogre_vendor/lib:/opt/ros/foxy/lib/x86_64-linux-gnu:/opt/ros/foxy/lib:/usr/lib/x86_64-linux-gnu/gazebo-11/plugins PYTHONPATH=/home/terranova/uav_ws/install/gazebo_ros/lib/python3.8/site-packages:/home/terranova/uav_ws/install/gazebo_msgs/lib/python3.8/site-packages:/home/terranova/uav_ws/install/cv_bridge/lib/python3.8/site-packages:/home/terranova/uav_ws/install/turtlebot3_teleop/lib/python3.8/site-packages:/home/terranova/uav_ws/install/turtlebot3_example/lib/python3.8/site-packages:/home/terranova/uav_ws/install/turtlebot3_msgs/lib/python3.8/site-packages:/home/terranova/uav_ws/install/pcl_msgs/lib/python3.8/site-packages:/home/terranova/uav_ws/install/opencv_tests/lib/python3.8/site-packages:/home/terranova/uav_ws/install/joint_state_publisher_gui/lib/python3.8/site-packages:/home/terranova/uav_ws/install/joint_state_publisher/lib/python3.8/site-packages:/home/terranova/uav_ws/install/image_geometry/lib/python3.8/site-packages:/home/terranova/uav_ws/install/dynamixel_sdk_custom_interfaces/lib/python3.8/site-packages:/opt/ros/foxy/lib/python3.8/site-packages:/home/terranova/.local/bin /home/terranova/.local/bin/cmake /home/terranova/uav_ws/src/uav_gazebo -DCMAKE_INSTALL_PREFIX=/home/terranova/uav_ws/install/uav_gazebo
[0.183s] -- The C compiler identification is GNU 9.4.0
[0.279s] -- The CXX compiler identification is GNU 9.4.0
[0.312s] -- Detecting C compiler ABI info
[0.406s] -- Detecting C compiler ABI info - done
[0.427s] -- Check for working C compiler: /usr/lib/ccache/cc - skipped
[0.427s] -- Detecting C compile features
[0.428s] -- Detecting C compile features - done
[0.448s] -- Detecting CXX compiler ABI info
[0.549s] -- Detecting CXX compiler ABI info - done
[0.572s] -- Check for working CXX compiler: /usr/lib/ccache/c++ - skipped
[0.572s] -- Detecting CXX compile features
[0.572s] -- Detecting CXX compile features - done
[0.580s] -- Found ament_cmake: 0.9.12 (/opt/ros/foxy/share/ament_cmake/cmake)
[0.597s] [33mCMake Warning (dev) at /opt/ros/foxy/share/ament_cmake_core/cmake/core/python.cmake:22 (find_package):
[0.597s]   Policy CMP0148 is not set: The FindPythonInterp and FindPythonLibs modules
[0.597s]   are removed.  Run "cmake --help-policy CMP0148" for policy details.  Use
[0.597s]   the cmake_policy command to set the policy and suppress this warning.
[0.597s] 
[0.597s] Call Stack (most recent call first):
[0.597s]   /opt/ros/foxy/share/ament_cmake_core/cmake/core/all.cmake:53 (include)
[0.597s]   /opt/ros/foxy/share/ament_cmake_core/cmake/ament_cmake_core-extras.cmake:17 (include)
[0.598s]   /opt/ros/foxy/share/ament_cmake_core/cmake/ament_cmake_coreConfig.cmake:41 (include)
[0.598s]   /opt/ros/foxy/share/ament_cmake/cmake/ament_cmake_export_dependencies-extras.cmake:15 (find_package)
[0.598s]   /opt/ros/foxy/share/ament_cmake/cmake/ament_cmakeConfig.cmake:41 (include)
[0.598s]   CMakeLists.txt:18 (find_package)
[0.598s] This warning is for project developers.  Use -Wno-dev to suppress it.
[0.598s] [0m
[0.647s] -- Found PythonInterp: /usr/bin/python3 (found suitable version "3.8.10", minimum required is "3") 
[0.648s] -- Using PYTHON_EXECUTABLE: /usr/bin/python3
[1.062s] -- Found PkgConfig: /usr/bin/pkg-config (found version "0.29.1") 
[1.071s] -- Checking for module 'bullet>=2.82'
[1.101s] --   Found bullet, version 2.88
[1.335s] -- Found ccd: /usr/include (found suitable version "2.0", minimum required is "2.0") 
[1.445s] -- Found fcl: /usr/include (found suitable version "0.5.0", minimum required is "0.3.2") 
[1.559s] -- Found assimp: /usr/include (found version "5.0.0") 
[1.616s] -- Found DART: /usr/include (Required is at least version "6.6") found components: dart 
[2.131s] -- Found Boost: /usr/lib/x86_64-linux-gnu/cmake/Boost-1.71.0/BoostConfig.cmake (found suitable version "1.71.0", minimum required is "1.40.0") found components: thread system filesystem program_options regex iostreams date_time 
[2.179s] -- Found Protobuf: /usr/lib/x86_64-linux-gnu/libprotobuf.so;-lpthread (found version "3.6.1") 
[2.197s] -- Looking for ignition-math6 -- found version 6.15.1
[2.212s] -- Searching for dependencies of ignition-math6
[2.215s] -- Looking for OGRE...
[2.216s] -- OGRE_PREFIX_WATCH changed.
[2.225s] -- Checking for module 'OGRE'
[2.257s] --   Found OGRE, version 1.9.0
[2.338s] -- Found Ogre Ghadamon (1.9.0)
[2.392s] -- Found OGRE: optimized;/usr/lib/x86_64-linux-gnu/libOgreMain.so;debug;/usr/lib/x86_64-linux-gnu/libOgreMain.so
[2.418s] -- Looking for OGRE_Paging...
[2.449s] -- Found OGRE_Paging: optimized;/usr/lib/x86_64-linux-gnu/libOgrePaging.so;debug;/usr/lib/x86_64-linux-gnu/libOgrePaging.so
[2.449s] -- Looking for OGRE_Terrain...
[2.481s] -- Found OGRE_Terrain: optimized;/usr/lib/x86_64-linux-gnu/libOgreTerrain.so;debug;/usr/lib/x86_64-linux-gnu/libOgreTerrain.so
[2.482s] -- Looking for OGRE_Property...
[2.515s] -- Found OGRE_Property: optimized;/usr/lib/x86_64-linux-gnu/libOgreProperty.so;debug;/usr/lib/x86_64-linux-gnu/libOgreProperty.so
[2.515s] -- Looking for OGRE_RTShaderSystem...
[2.548s] -- Found OGRE_RTShaderSystem: optimized;/usr/lib/x86_64-linux-gnu/libOgreRTShaderSystem.so;debug;/usr/lib/x86_64-linux-gnu/libOgreRTShaderSystem.so
[2.548s] -- Looking for OGRE_Volume...
[2.580s] -- Found OGRE_Volume: optimized;/usr/lib/x86_64-linux-gnu/libOgreVolume.so;debug;/usr/lib/x86_64-linux-gnu/libOgreVolume.so
[2.580s] -- Looking for OGRE_Overlay...
[2.613s] -- Found OGRE_Overlay: optimized;/usr/lib/x86_64-linux-gnu/libOgreOverlay.so;debug;/usr/lib/x86_64-linux-gnu/libOgreOverlay.so
[3.362s] -- Looking for ignition-math6 -- found version 6.15.1
[3.372s] -- Looking for ignition-transport8 -- found version 8.5.0
[3.373s] -- Searching for dependencies of ignition-transport8
[3.435s] -- Config-file not installed for ZeroMQ -- checking for pkg-config
[3.442s] -- Checking for module 'libzmq >= 4'
[3.474s] --   Found libzmq, version 4.3.2
[3.555s] -- Found ZeroMQ: TRUE (Required is at least version "4") 
[3.565s] -- Checking for module 'uuid'
[3.597s] --   Found uuid, version 2.34.0
[3.674s] -- Found UUID: TRUE  
[3.682s] -- Looking for ignition-msgs5 -- found version 5.11.0
[3.682s] -- Searching for dependencies of ignition-msgs5
[3.718s] -- Found Protobuf: /usr/lib/x86_64-linux-gnu/libprotobuf.so;-lpthread (found suitable version "3.6.1", minimum required is "3") 
[3.720s] -- Looking for ignition-math6 -- found version 6.15.1
[3.729s] -- Checking for module 'tinyxml2'
[3.762s] --   Found tinyxml2, version 6.2.0
[3.839s] -- Looking for ignition-msgs5 -- found version 5.11.0
[3.847s] -- Looking for ignition-common3 -- found version 3.17.0
[3.847s] -- Searching for dependencies of ignition-common3
[3.848s] -- Looking for dlfcn.h - found
[3.852s] -- Looking for libdl - found
[3.854s] -- Found DL: TRUE  
[3.873s] -- Searching for <ignition-common3> component [graphics]
[3.881s] -- Looking for ignition-common3-graphics -- found version 3.17.0
[3.882s] -- Searching for dependencies of ignition-common3-graphics
[3.882s] -- Looking for ignition-math6 -- found version 6.15.1
[3.893s] -- Looking for ignition-fuel_tools4 -- found version 4.9.1
[3.894s] -- Searching for dependencies of ignition-fuel_tools4
[4.076s] -- Found CURL: /usr/lib/x86_64-linux-gnu/libcurl.so (found version "7.68.0")  
[4.095s] -- Checking for module 'jsoncpp'
[4.127s] --   Found jsoncpp, version 1.7.4
[4.202s] -- Found JSONCPP: TRUE  
[4.215s] -- Checking for module 'libzip'
[4.246s] --   Found libzip, version 1.5.1
[4.334s] -- Found ZIP: TRUE  
[4.335s] -- Looking for ignition-common3 -- found version 3.17.0
[4.336s] -- Looking for ignition-math6 -- found version 6.15.1
[4.337s] -- Looking for ignition-msgs5 -- found version 5.11.0
[4.340s] -- Found gazebo_ros_pkgs: 3.5.3 (/home/terranova/uav_ws/install/gazebo_ros_pkgs/share/gazebo_ros_pkgs/cmake)
[4.347s] -- Found geometry_msgs: 2.0.5 (/opt/ros/foxy/share/geometry_msgs/cmake)
[4.444s] -- Using all available rosidl_typesupport_c: rosidl_typesupport_fastrtps_c;rosidl_typesupport_introspection_c
[4.465s] -- Found rosidl_adapter: 1.3.1 (/opt/ros/foxy/share/rosidl_adapter/cmake)
[4.643s] -- Found OpenSSL: /usr/lib/x86_64-linux-gnu/libcrypto.so (found version "1.1.1f")  
[4.703s] -- Found FastRTPS: /opt/ros/foxy/include  
[4.871s] -- Using all available rosidl_typesupport_cpp: rosidl_typesupport_fastrtps_cpp;rosidl_typesupport_introspection_cpp
[5.037s] -- Found nav_msgs: 2.0.5 (/opt/ros/foxy/share/nav_msgs/cmake)
[5.170s] -- Found rclcpp: 2.4.3 (/opt/ros/foxy/share/rclcpp/cmake)
[5.266s] -- Found rmw_implementation_cmake: 1.0.4 (/opt/ros/foxy/share/rmw_implementation_cmake/cmake)
[5.271s] -- Using RMW implementation 'rmw_fastrtps_cpp' as default
[5.274s] -- Found Threads: TRUE  
[5.549s] -- Found rclpy: 1.0.13 (/opt/ros/foxy/share/rclpy/cmake)
[5.554s] -- Found sensor_msgs: 2.0.5 (/opt/ros/foxy/share/sensor_msgs/cmake)
[5.692s] -- Found tf2: 0.13.14 (/opt/ros/foxy/share/tf2/cmake)
[5.719s] -- Found ament_lint_auto: 0.9.8 (/opt/ros/foxy/share/ament_lint_auto/cmake)
[5.877s] -- Added test 'flake8' to check Python code syntax and style conventions
[5.880s] -- Added test 'lint_cmake' to check CMake code style
[5.883s] -- Added test 'pep257' to check Python code against some of the style conventions in PEP 257
[5.891s] -- Added test 'xmllint' to check XML markup files
[5.897s] -- Configuring done (5.8s)
[5.906s] -- Generating done (0.0s)
[5.911s] -- Build files have been written to: /home/terranova/uav_ws/build/uav_gazebo
[5.954s] Invoked command in '/home/terranova/uav_ws/build/uav_gazebo' returned '0': CMAKE_PREFIX_PATH=/home/terranova/uav_ws/install/gazebo_ros_pkgs:/home/terranova/uav_ws/install/gazebo_plugins:/home/terranova/uav_ws/install/gazebo_ros:/home/terranova/uav_ws/install/gazebo_msgs:/home/terranova/uav_ws/install/gazebo_dev:/home/terranova/uav_ws/install/cv_bridge:/home/terranova/uav_ws/install/vision_opencv:/home/terranova/uav_ws/install/velodyne_gazebo_plugin:/home/terranova/uav_ws/install/uav_gazebo:/home/terranova/uav_ws/install/turtlebot3:/home/terranova/uav_ws/install/turtlebot3_simulations:/home/terranova/uav_ws/install/turtlebot3_bringup:/home/terranova/uav_ws/install/turtlebot3_node:/home/terranova/uav_ws/install/turtlebot3_navigation2:/home/terranova/uav_ws/install/turtlebot3_fake_node:/home/terranova/uav_ws/install/turtlebot3_msgs:/home/terranova/uav_ws/install/turtlebot3_gazebo:/home/terranova/uav_ws/install/turtlebot3_description:/home/terranova/uav_ws/install/turtlebot3_cartographer:/home/terranova/uav_ws/install/turtlebot3_teleop:/home/terranova/uav_ws/install/turtlebot3_example:/home/terranova/uav_ws/install/opencv_tests:/home/terranova/uav_ws/install/joint_state_publisher_gui:/home/terranova/uav_ws/install/joint_state_publisher:/opt/ros/foxy:/home/terranova/uav_ws/install/realsense_gazebo_plugin:/home/terranova/uav_ws/install/perception_pcl:/home/terranova/uav_ws/install/pcl_ros:/home/terranova/uav_ws/install/pcl_conversions:/home/terranova/uav_ws/install/pcl_msgs:/home/terranova/uav_ws/install/image_geometry:/home/terranova/uav_ws/install/hls_lfcd_lds_driver:/home/terranova/uav_ws/install/dynamixel_sdk_examples:/home/terranova/uav_ws/install/dynamixel_sdk_custom_interfaces:/home/terranova/uav_ws/install/dynamixel_sdk:/home/terranova/uav_ws/install/absl LD_LIBRARY_PATH=/home/terranova/uav_ws/install/gazebo_plugins/lib:/home/terranova/uav_ws/install/gazebo_ros/lib:/home/terranova/uav_ws/install/gazebo_msgs/lib:/home/terranova/uav_ws/install/cv_bridge/lib:/home/terranova/uav_ws/install/velodyne_gazebo_plugin/lib:/home/terranova/uav_ws/install/turtlebot3_msgs/lib:/home/terranova/uav_ws/install/realsense_gazebo_plugin/lib:/home/terranova/uav_ws/install/pcl_ros/lib:/home/terranova/uav_ws/install/pcl_msgs/lib:/home/terranova/uav_ws/install/image_geometry/lib:/home/terranova/uav_ws/install/dynamixel_sdk_custom_interfaces/lib:/home/terranova/uav_ws/install/dynamixel_sdk/lib:/opt/ros/foxy/opt/yaml_cpp_vendor/lib:/opt/ros/foxy/opt/rviz_ogre_vendor/lib:/opt/ros/foxy/lib/x86_64-linux-gnu:/opt/ros/foxy/lib:/usr/lib/x86_64-linux-gnu/gazebo-11/plugins PYTHONPATH=/home/terranova/uav_ws/install/gazebo_ros/lib/python3.8/site-packages:/home/terranova/uav_ws/install/gazebo_msgs/lib/python3.8/site-packages:/home/terranova/uav_ws/install/cv_bridge/lib/python3.8/site-packages:/home/terranova/uav_ws/install/turtlebot3_teleop/lib/python3.8/site-packages:/home/terranova/uav_ws/install/turtlebot3_example/lib/python3.8/site-packages:/home/terranova/uav_ws/install/turtlebot3_msgs/lib/python3.8/site-packages:/home/terranova/uav_ws/install/pcl_msgs/lib/python3.8/site-packages:/home/terranova/uav_ws/install/opencv_tests/lib/python3.8/site-packages:/home/terranova/uav_ws/install/joint_state_publisher_gui/lib/python3.8/site-packages:/home/terranova/uav_ws/install/joint_state_publisher/lib/python3.8/site-packages:/home/terranova/uav_ws/install/image_geometry/lib/python3.8/site-packages:/home/terranova/uav_ws/install/dynamixel_sdk_custom_interfaces/lib/python3.8/site-packages:/opt/ros/foxy/lib/python3.8/site-packages:/home/terranova/.local/bin /home/terranova/.local/bin/cmake /home/terranova/uav_ws/src/uav_gazebo -DCMAKE_INSTALL_PREFIX=/home/terranova/uav_ws/install/uav_gazebo
[5.961s] Invoking command in '/home/terranova/uav_ws/build/uav_gazebo': CMAKE_PREFIX_PATH=/home/terranova/uav_ws/install/gazebo_ros_pkgs:/home/terranova/uav_ws/install/gazebo_plugins:/home/terranova/uav_ws/install/gazebo_ros:/home/terranova/uav_ws/install/gazebo_msgs:/home/terranova/uav_ws/install/gazebo_dev:/home/terranova/uav_ws/install/cv_bridge:/home/terranova/uav_ws/install/vision_opencv:/home/terranova/uav_ws/install/velodyne_gazebo_plugin:/home/terranova/uav_ws/install/uav_gazebo:/home/terranova/uav_ws/install/turtlebot3:/home/terranova/uav_ws/install/turtlebot3_simulations:/home/terranova/uav_ws/install/turtlebot3_bringup:/home/terranova/uav_ws/install/turtlebot3_node:/home/terranova/uav_ws/install/turtlebot3_navigation2:/home/terranova/uav_ws/install/turtlebot3_fake_node:/home/terranova/uav_ws/install/turtlebot3_msgs:/home/terranova/uav_ws/install/turtlebot3_gazebo:/home/terranova/uav_ws/install/turtlebot3_description:/home/terranova/uav_ws/install/turtlebot3_cartographer:/home/terranova/uav_ws/install/turtlebot3_teleop:/home/terranova/uav_ws/install/turtlebot3_example:/home/terranova/uav_ws/install/opencv_tests:/home/terranova/uav_ws/install/joint_state_publisher_gui:/home/terranova/uav_ws/install/joint_state_publisher:/opt/ros/foxy:/home/terranova/uav_ws/install/realsense_gazebo_plugin:/home/terranova/uav_ws/install/perception_pcl:/home/terranova/uav_ws/install/pcl_ros:/home/terranova/uav_ws/install/pcl_conversions:/home/terranova/uav_ws/install/pcl_msgs:/home/terranova/uav_ws/install/image_geometry:/home/terranova/uav_ws/install/hls_lfcd_lds_driver:/home/terranova/uav_ws/install/dynamixel_sdk_examples:/home/terranova/uav_ws/install/dynamixel_sdk_custom_interfaces:/home/terranova/uav_ws/install/dynamixel_sdk:/home/terranova/uav_ws/install/absl LD_LIBRARY_PATH=/home/terranova/uav_ws/install/gazebo_plugins/lib:/home/terranova/uav_ws/install/gazebo_ros/lib:/home/terranova/uav_ws/install/gazebo_msgs/lib:/home/terranova/uav_ws/install/cv_bridge/lib:/home/terranova/uav_ws/install/velodyne_gazebo_plugin/lib:/home/terranova/uav_ws/install/turtlebot3_msgs/lib:/home/terranova/uav_ws/install/realsense_gazebo_plugin/lib:/home/terranova/uav_ws/install/pcl_ros/lib:/home/terranova/uav_ws/install/pcl_msgs/lib:/home/terranova/uav_ws/install/image_geometry/lib:/home/terranova/uav_ws/install/dynamixel_sdk_custom_interfaces/lib:/home/terranova/uav_ws/install/dynamixel_sdk/lib:/opt/ros/foxy/opt/yaml_cpp_vendor/lib:/opt/ros/foxy/opt/rviz_ogre_vendor/lib:/opt/ros/foxy/lib/x86_64-linux-gnu:/opt/ros/foxy/lib:/usr/lib/x86_64-linux-gnu/gazebo-11/plugins PYTHONPATH=/home/terranova/uav_ws/install/gazebo_ros/lib/python3.8/site-packages:/home/terranova/uav_ws/install/gazebo_msgs/lib/python3.8/site-packages:/home/terranova/uav_ws/install/cv_bridge/lib/python3.8/site-packages:/home/terranova/uav_ws/install/turtlebot3_teleop/lib/python3.8/site-packages:/home/terranova/uav_ws/install/turtlebot3_example/lib/python3.8/site-packages:/home/terranova/uav_ws/install/turtlebot3_msgs/lib/python3.8/site-packages:/home/terranova/uav_ws/install/pcl_msgs/lib/python3.8/site-packages:/home/terranova/uav_ws/install/opencv_tests/lib/python3.8/site-packages:/home/terranova/uav_ws/install/joint_state_publisher_gui/lib/python3.8/site-packages:/home/terranova/uav_ws/install/joint_state_publisher/lib/python3.8/site-packages:/home/terranova/uav_ws/install/image_geometry/lib/python3.8/site-packages:/home/terranova/uav_ws/install/dynamixel_sdk_custom_interfaces/lib/python3.8/site-packages:/opt/ros/foxy/lib/python3.8/site-packages:/home/terranova/.local/bin /home/terranova/.local/bin/cmake --build /home/terranova/uav_ws/build/uav_gazebo -- -j4 -l4
[6.104s] Invoked command in '/home/terranova/uav_ws/build/uav_gazebo' returned '0': CMAKE_PREFIX_PATH=/home/terranova/uav_ws/install/gazebo_ros_pkgs:/home/terranova/uav_ws/install/gazebo_plugins:/home/terranova/uav_ws/install/gazebo_ros:/home/terranova/uav_ws/install/gazebo_msgs:/home/terranova/uav_ws/install/gazebo_dev:/home/terranova/uav_ws/install/cv_bridge:/home/terranova/uav_ws/install/vision_opencv:/home/terranova/uav_ws/install/velodyne_gazebo_plugin:/home/terranova/uav_ws/install/uav_gazebo:/home/terranova/uav_ws/install/turtlebot3:/home/terranova/uav_ws/install/turtlebot3_simulations:/home/terranova/uav_ws/install/turtlebot3_bringup:/home/terranova/uav_ws/install/turtlebot3_node:/home/terranova/uav_ws/install/turtlebot3_navigation2:/home/terranova/uav_ws/install/turtlebot3_fake_node:/home/terranova/uav_ws/install/turtlebot3_msgs:/home/terranova/uav_ws/install/turtlebot3_gazebo:/home/terranova/uav_ws/install/turtlebot3_description:/home/terranova/uav_ws/install/turtlebot3_cartographer:/home/terranova/uav_ws/install/turtlebot3_teleop:/home/terranova/uav_ws/install/turtlebot3_example:/home/terranova/uav_ws/install/opencv_tests:/home/terranova/uav_ws/install/joint_state_publisher_gui:/home/terranova/uav_ws/install/joint_state_publisher:/opt/ros/foxy:/home/terranova/uav_ws/install/realsense_gazebo_plugin:/home/terranova/uav_ws/install/perception_pcl:/home/terranova/uav_ws/install/pcl_ros:/home/terranova/uav_ws/install/pcl_conversions:/home/terranova/uav_ws/install/pcl_msgs:/home/terranova/uav_ws/install/image_geometry:/home/terranova/uav_ws/install/hls_lfcd_lds_driver:/home/terranova/uav_ws/install/dynamixel_sdk_examples:/home/terranova/uav_ws/install/dynamixel_sdk_custom_interfaces:/home/terranova/uav_ws/install/dynamixel_sdk:/home/terranova/uav_ws/install/absl LD_LIBRARY_PATH=/home/terranova/uav_ws/install/gazebo_plugins/lib:/home/terranova/uav_ws/install/gazebo_ros/lib:/home/terranova/uav_ws/install/gazebo_msgs/lib:/home/terranova/uav_ws/install/cv_bridge/lib:/home/terranova/uav_ws/install/velodyne_gazebo_plugin/lib:/home/terranova/uav_ws/install/turtlebot3_msgs/lib:/home/terranova/uav_ws/install/realsense_gazebo_plugin/lib:/home/terranova/uav_ws/install/pcl_ros/lib:/home/terranova/uav_ws/install/pcl_msgs/lib:/home/terranova/uav_ws/install/image_geometry/lib:/home/terranova/uav_ws/install/dynamixel_sdk_custom_interfaces/lib:/home/terranova/uav_ws/install/dynamixel_sdk/lib:/opt/ros/foxy/opt/yaml_cpp_vendor/lib:/opt/ros/foxy/opt/rviz_ogre_vendor/lib:/opt/ros/foxy/lib/x86_64-linux-gnu:/opt/ros/foxy/lib:/usr/lib/x86_64-linux-gnu/gazebo-11/plugins PYTHONPATH=/home/terranova/uav_ws/install/gazebo_ros/lib/python3.8/site-packages:/home/terranova/uav_ws/install/gazebo_msgs/lib/python3.8/site-packages:/home/terranova/uav_ws/install/cv_bridge/lib/python3.8/site-packages:/home/terranova/uav_ws/install/turtlebot3_teleop/lib/python3.8/site-packages:/home/terranova/uav_ws/install/turtlebot3_example/lib/python3.8/site-packages:/home/terranova/uav_ws/install/turtlebot3_msgs/lib/python3.8/site-packages:/home/terranova/uav_ws/install/pcl_msgs/lib/python3.8/site-packages:/home/terranova/uav_ws/install/opencv_tests/lib/python3.8/site-packages:/home/terranova/uav_ws/install/joint_state_publisher_gui/lib/python3.8/site-packages:/home/terranova/uav_ws/install/joint_state_publisher/lib/python3.8/site-packages:/home/terranova/uav_ws/install/image_geometry/lib/python3.8/site-packages:/home/terranova/uav_ws/install/dynamixel_sdk_custom_interfaces/lib/python3.8/site-packages:/opt/ros/foxy/lib/python3.8/site-packages:/home/terranova/.local/bin /home/terranova/.local/bin/cmake --build /home/terranova/uav_ws/build/uav_gazebo -- -j4 -l4
[6.272s] Invoking command in '/home/terranova/uav_ws/build/uav_gazebo': CMAKE_PREFIX_PATH=/home/terranova/uav_ws/install/gazebo_ros_pkgs:/home/terranova/uav_ws/install/gazebo_plugins:/home/terranova/uav_ws/install/gazebo_ros:/home/terranova/uav_ws/install/gazebo_msgs:/home/terranova/uav_ws/install/gazebo_dev:/home/terranova/uav_ws/install/cv_bridge:/home/terranova/uav_ws/install/vision_opencv:/home/terranova/uav_ws/install/velodyne_gazebo_plugin:/home/terranova/uav_ws/install/uav_gazebo:/home/terranova/uav_ws/install/turtlebot3:/home/terranova/uav_ws/install/turtlebot3_simulations:/home/terranova/uav_ws/install/turtlebot3_bringup:/home/terranova/uav_ws/install/turtlebot3_node:/home/terranova/uav_ws/install/turtlebot3_navigation2:/home/terranova/uav_ws/install/turtlebot3_fake_node:/home/terranova/uav_ws/install/turtlebot3_msgs:/home/terranova/uav_ws/install/turtlebot3_gazebo:/home/terranova/uav_ws/install/turtlebot3_description:/home/terranova/uav_ws/install/turtlebot3_cartographer:/home/terranova/uav_ws/install/turtlebot3_teleop:/home/terranova/uav_ws/install/turtlebot3_example:/home/terranova/uav_ws/install/opencv_tests:/home/terranova/uav_ws/install/joint_state_publisher_gui:/home/terranova/uav_ws/install/joint_state_publisher:/opt/ros/foxy:/home/terranova/uav_ws/install/realsense_gazebo_plugin:/home/terranova/uav_ws/install/perception_pcl:/home/terranova/uav_ws/install/pcl_ros:/home/terranova/uav_ws/install/pcl_conversions:/home/terranova/uav_ws/install/pcl_msgs:/home/terranova/uav_ws/install/image_geometry:/home/terranova/uav_ws/install/hls_lfcd_lds_driver:/home/terranova/uav_ws/install/dynamixel_sdk_examples:/home/terranova/uav_ws/install/dynamixel_sdk_custom_interfaces:/home/terranova/uav_ws/install/dynamixel_sdk:/home/terranova/uav_ws/install/absl LD_LIBRARY_PATH=/home/terranova/uav_ws/install/gazebo_plugins/lib:/home/terranova/uav_ws/install/gazebo_ros/lib:/home/terranova/uav_ws/install/gazebo_msgs/lib:/home/terranova/uav_ws/install/cv_bridge/lib:/home/terranova/uav_ws/install/velodyne_gazebo_plugin/lib:/home/terranova/uav_ws/install/turtlebot3_msgs/lib:/home/terranova/uav_ws/install/realsense_gazebo_plugin/lib:/home/terranova/uav_ws/install/pcl_ros/lib:/home/terranova/uav_ws/install/pcl_msgs/lib:/home/terranova/uav_ws/install/image_geometry/lib:/home/terranova/uav_ws/install/dynamixel_sdk_custom_interfaces/lib:/home/terranova/uav_ws/install/dynamixel_sdk/lib:/opt/ros/foxy/opt/yaml_cpp_vendor/lib:/opt/ros/foxy/opt/rviz_ogre_vendor/lib:/opt/ros/foxy/lib/x86_64-linux-gnu:/opt/ros/foxy/lib:/usr/lib/x86_64-linux-gnu/gazebo-11/plugins PYTHONPATH=/home/terranova/uav_ws/install/gazebo_ros/lib/python3.8/site-packages:/home/terranova/uav_ws/install/gazebo_msgs/lib/python3.8/site-packages:/home/terranova/uav_ws/install/cv_bridge/lib/python3.8/site-packages:/home/terranova/uav_ws/install/turtlebot3_teleop/lib/python3.8/site-packages:/home/terranova/uav_ws/install/turtlebot3_example/lib/python3.8/site-packages:/home/terranova/uav_ws/install/turtlebot3_msgs/lib/python3.8/site-packages:/home/terranova/uav_ws/install/pcl_msgs/lib/python3.8/site-packages:/home/terranova/uav_ws/install/opencv_tests/lib/python3.8/site-packages:/home/terranova/uav_ws/install/joint_state_publisher_gui/lib/python3.8/site-packages:/home/terranova/uav_ws/install/joint_state_publisher/lib/python3.8/site-packages:/home/terranova/uav_ws/install/image_geometry/lib/python3.8/site-packages:/home/terranova/uav_ws/install/dynamixel_sdk_custom_interfaces/lib/python3.8/site-packages:/opt/ros/foxy/lib/python3.8/site-packages:/home/terranova/.local/bin /home/terranova/.local/bin/cmake --install /home/terranova/uav_ws/build/uav_gazebo
[6.374s] -- Install configuration: ""
[6.374s] -- Installing: /home/terranova/uav_ws/install/uav_gazebo/share/uav_gazebo//launch
[6.375s] -- Installing: /home/terranova/uav_ws/install/uav_gazebo/share/uav_gazebo//launch/data_publish.launch.py
[6.375s] -- Installing: /home/terranova/uav_ws/install/uav_gazebo/share/uav_gazebo//launch/uav_state_publisher.launch.py
[6.375s] -- Installing: /home/terranova/uav_ws/install/uav_gazebo/share/uav_gazebo//launch/empty_world.launch.py
[6.376s] -- Installing: /home/terranova/uav_ws/install/uav_gazebo/share/uav_gazebo//launch/rviz2.launch.py
[6.376s] -- Installing: /home/terranova/uav_ws/install/uav_gazebo/share/uav_gazebo//launch/spawn_uav.launch.py
[6.377s] -- Installing: /home/terranova/uav_ws/install/uav_gazebo/share/uav_gazebo//launch/joint_state_publisher.launch.py
[6.377s] -- Installing: /home/terranova/uav_ws/install/uav_gazebo/share/uav_gazebo//launch/uav_world.launch.py
[6.377s] -- Installing: /home/terranova/uav_ws/install/uav_gazebo/share/uav_gazebo//models
[6.378s] -- Installing: /home/terranova/uav_ws/install/uav_gazebo/share/uav_gazebo//models/hokuyo
[6.378s] -- Installing: /home/terranova/uav_ws/install/uav_gazebo/share/uav_gazebo//models/hokuyo/meshes
[6.378s] -- Installing: /home/terranova/uav_ws/install/uav_gazebo/share/uav_gazebo//models/hokuyo/meshes/hokuyo.dae
[6.383s] -- Installing: /home/terranova/uav_ws/install/uav_gazebo/share/uav_gazebo//models/hokuyo/meshes/hokuyo_convex.stl
[6.384s] -- Installing: /home/terranova/uav_ws/install/uav_gazebo/share/uav_gazebo//models/hokuyo/model.config
[6.384s] -- Installing: /home/terranova/uav_ws/install/uav_gazebo/share/uav_gazebo//models/hokuyo/model-1_4.sdf
[6.385s] -- Installing: /home/terranova/uav_ws/install/uav_gazebo/share/uav_gazebo//models/hokuyo/model-1_2.sdf
[6.385s] -- Installing: /home/terranova/uav_ws/install/uav_gazebo/share/uav_gazebo//models/hokuyo/model-1_3.sdf
[6.386s] -- Installing: /home/terranova/uav_ws/install/uav_gazebo/share/uav_gazebo//models/hokuyo/model.sdf
[6.387s] -- Installing: /home/terranova/uav_ws/install/uav_gazebo/share/uav_gazebo//models/iris_with_standoffs
[6.387s] -- Installing: /home/terranova/uav_ws/install/uav_gazebo/share/uav_gazebo//models/iris_with_standoffs/meshes
[6.387s] -- Installing: /home/terranova/uav_ws/install/uav_gazebo/share/uav_gazebo//models/iris_with_standoffs/meshes/iris_prop_ccw.dae
[6.399s] -- Installing: /home/terranova/uav_ws/install/uav_gazebo/share/uav_gazebo//models/iris_with_standoffs/meshes/iris_prop_cw.dae
[6.403s] -- Installing: /home/terranova/uav_ws/install/uav_gazebo/share/uav_gazebo//models/iris_with_standoffs/meshes/iris.dae
[6.576s] -- Installing: /home/terranova/uav_ws/install/uav_gazebo/share/uav_gazebo//models/iris_with_standoffs/model.config
[6.576s] -- Installing: /home/terranova/uav_ws/install/uav_gazebo/share/uav_gazebo//models/iris_with_standoffs/model.sdf
[6.577s] -- Installing: /home/terranova/uav_ws/install/uav_gazebo/share/uav_gazebo//models/iris_sensors
[6.578s] -- Installing: /home/terranova/uav_ws/install/uav_gazebo/share/uav_gazebo//models/iris_sensors/meshes
[6.578s] -- Installing: /home/terranova/uav_ws/install/uav_gazebo/share/uav_gazebo//models/iris_sensors/meshes/d435.dae
[6.708s] -- Installing: /home/terranova/uav_ws/install/uav_gazebo/share/uav_gazebo//models/iris_sensors/meshes/landscape.dae
[6.738s] -- Installing: /home/terranova/uav_ws/install/uav_gazebo/share/uav_gazebo//models/iris_sensors/meshes/iris_prop_ccw.dae
[6.742s] -- Installing: /home/terranova/uav_ws/install/uav_gazebo/share/uav_gazebo//models/iris_sensors/meshes/hokuyo.dae
[6.744s] -- Installing: /home/terranova/uav_ws/install/uav_gazebo/share/uav_gazebo//models/iris_sensors/meshes/iris_prop_cw.dae
[6.748s] -- Installing: /home/terranova/uav_ws/install/uav_gazebo/share/uav_gazebo//models/iris_sensors/meshes/iris.dae
[6.922s] -- Installing: /home/terranova/uav_ws/install/uav_gazebo/share/uav_gazebo//models/iris_sensors/meshes/hokuyo_convex.stl
[6.923s] -- Installing: /home/terranova/uav_ws/install/uav_gazebo/share/uav_gazebo//models/iris_sensors/model.config
[6.923s] -- Installing: /home/terranova/uav_ws/install/uav_gazebo/share/uav_gazebo//models/iris_sensors/model.sdf
[6.924s] -- Installing: /home/terranova/uav_ws/install/uav_gazebo/share/uav_gazebo//rviz
[6.925s] -- Installing: /home/terranova/uav_ws/install/uav_gazebo/share/uav_gazebo//rviz/uav_config.rviz
[6.926s] -- Installing: /home/terranova/uav_ws/install/uav_gazebo/share/uav_gazebo//worlds
[6.926s] -- Installing: /home/terranova/uav_ws/install/uav_gazebo/share/uav_gazebo//worlds/uav_maze.world
[6.927s] -- Installing: /home/terranova/uav_ws/install/uav_gazebo/share/uav_gazebo//worlds/uav_runway.world
[6.927s] -- Installing: /home/terranova/uav_ws/install/uav_gazebo/share/uav_gazebo//urdf
[6.928s] -- Installing: /home/terranova/uav_ws/install/uav_gazebo/share/uav_gazebo//urdf/uav_sensors.urdf
[6.929s] -- Installing: /home/terranova/uav_ws/install/uav_gazebo/share/uav_gazebo//scripts
[6.929s] -- Installing: /home/terranova/uav_ws/install/uav_gazebo/share/uav_gazebo//scripts/plot_data
[6.929s] -- Installing: /home/terranova/uav_ws/install/uav_gazebo/share/uav_gazebo//scripts/plot_data/04_15_15_35_28
[6.930s] -- Installing: /home/terranova/uav_ws/install/uav_gazebo/share/uav_gazebo//scripts/plot_data/04_15_15_35_28/tracked_pose.csv
[6.930s] -- Installing: /home/terranova/uav_ws/install/uav_gazebo/share/uav_gazebo//scripts/plot_data/04_15_15_35_28/orb_slam_pose.csv
[6.931s] -- Installing: /home/terranova/uav_ws/install/uav_gazebo/share/uav_gazebo//scripts/plot_data/04_15_15_35_28/slam_out_pose.csv
[6.932s] -- Installing: /home/terranova/uav_ws/install/uav_gazebo/share/uav_gazebo//scripts/plot_data/04_15_15_35_39
[6.932s] -- Installing: /home/terranova/uav_ws/install/uav_gazebo/share/uav_gazebo//scripts/plot_data/04_15_15_35_39/tracked_pose.csv
[6.933s] -- Installing: /home/terranova/uav_ws/install/uav_gazebo/share/uav_gazebo//scripts/plot_data/04_15_15_35_39/orb_slam_pose.csv
[6.933s] -- Installing: /home/terranova/uav_ws/install/uav_gazebo/share/uav_gazebo//scripts/plot_data/04_15_15_35_39/slam_out_pose.csv
[6.934s] -- Installing: /home/terranova/uav_ws/install/uav_gazebo/share/uav_gazebo//scripts/plot_data/04_15_17_03_33
[6.934s] -- Installing: /home/terranova/uav_ws/install/uav_gazebo/share/uav_gazebo//scripts/plot_data/04_15_17_03_33/tracked_pose.csv
[6.938s] -- Installing: /home/terranova/uav_ws/install/uav_gazebo/share/uav_gazebo//scripts/plot_data/04_15_17_03_33/orb_slam_pose.csv
[6.939s] -- Installing: /home/terranova/uav_ws/install/uav_gazebo/share/uav_gazebo//scripts/plot_data/04_15_17_03_33/slam_out_pose.csv
[6.941s] -- Installing: /home/terranova/uav_ws/install/uav_gazebo/share/uav_gazebo//scripts/plot_data/04_15_16_10_26
[6.942s] -- Installing: /home/terranova/uav_ws/install/uav_gazebo/share/uav_gazebo//scripts/plot_data/04_15_16_10_26/tracked_pose.csv
[6.943s] -- Installing: /home/terranova/uav_ws/install/uav_gazebo/share/uav_gazebo//scripts/plot_data/04_15_16_10_26/orb_slam_pose.csv
[6.944s] -- Installing: /home/terranova/uav_ws/install/uav_gazebo/share/uav_gazebo//scripts/plot_data/04_15_16_10_26/slam_out_pose.csv
[6.945s] -- Installing: /home/terranova/uav_ws/install/uav_gazebo/share/uav_gazebo//scripts/plot_data/04_15_15_35_13
[6.945s] -- Installing: /home/terranova/uav_ws/install/uav_gazebo/share/uav_gazebo//scripts/plot_data/04_15_15_35_13/tracked_pose.csv
[6.946s] -- Installing: /home/terranova/uav_ws/install/uav_gazebo/share/uav_gazebo//scripts/plot_data/04_15_15_35_13/orb_slam_pose.csv
[6.947s] -- Installing: /home/terranova/uav_ws/install/uav_gazebo/share/uav_gazebo//scripts/plot_data/04_15_15_35_13/slam_out_pose.csv
[6.949s] -- Installing: /home/terranova/uav_ws/install/uav_gazebo/share/uav_gazebo//scripts/plot_data/04_17_15_35_09
[6.949s] -- Installing: /home/terranova/uav_ws/install/uav_gazebo/share/uav_gazebo//scripts/plot_data/04_17_15_35_09/tracked_pose.csv
[6.950s] -- Installing: /home/terranova/uav_ws/install/uav_gazebo/share/uav_gazebo//scripts/plot_data/04_17_15_35_09/orb_slam_pose.csv
[6.951s] -- Installing: /home/terranova/uav_ws/install/uav_gazebo/share/uav_gazebo//scripts/plot_data/04_17_15_35_09/slam_out_pose.csv
[6.952s] -- Installing: /home/terranova/uav_ws/install/uav_gazebo/share/uav_gazebo//scripts/plot_data/04_15_16_16_06
[6.953s] -- Installing: /home/terranova/uav_ws/install/uav_gazebo/share/uav_gazebo//scripts/plot_data/04_15_16_16_06/tracked_pose.csv
[6.956s] -- Installing: /home/terranova/uav_ws/install/uav_gazebo/share/uav_gazebo//scripts/plot_data/04_15_16_16_06/orb_slam_pose.csv
[6.957s] -- Installing: /home/terranova/uav_ws/install/uav_gazebo/share/uav_gazebo//scripts/plot_data/04_15_16_16_06/slam_out_pose.csv
[6.958s] -- Installing: /home/terranova/uav_ws/install/uav_gazebo/share/uav_gazebo//scripts/plot_data/04_15_16_09_37
[6.959s] -- Installing: /home/terranova/uav_ws/install/uav_gazebo/share/uav_gazebo//scripts/plot_data/04_15_16_09_37/tracked_pose.csv
[6.960s] -- Installing: /home/terranova/uav_ws/install/uav_gazebo/share/uav_gazebo//scripts/plot_data/04_15_16_09_37/orb_slam_pose.csv
[6.961s] -- Installing: /home/terranova/uav_ws/install/uav_gazebo/share/uav_gazebo//scripts/plot_data/04_15_16_09_37/slam_out_pose.csv
[6.962s] -- Installing: /home/terranova/uav_ws/install/uav_gazebo/share/uav_gazebo//scripts/mavros_teleop.py
[6.963s] -- Installing: /home/terranova/uav_ws/install/uav_gazebo/share/uav_gazebo//scripts/imu_to_vel.py
[6.963s] -- Installing: /home/terranova/uav_ws/install/uav_gazebo/share/uav_gazebo//scripts/quadcopter_ui.py
[6.964s] -- Installing: /home/terranova/uav_ws/install/uav_gazebo/share/uav_gazebo//scripts/uav_teleop.py
[6.964s] -- Installing: /home/terranova/uav_ws/install/uav_gazebo/share/uav_gazebo//scripts/plotter.py
[6.965s] -- Installing: /home/terranova/uav_ws/install/uav_gazebo/share/uav_gazebo//scripts/save_poses.py
[6.966s] -- Installing: /home/terranova/uav_ws/install/uav_gazebo/share/uav_gazebo//scripts/start_sitl.sh
[6.966s] [31mCMake Error at cmake_install.cmake:46 (file):
[6.967s]   file INSTALL cannot find
[6.967s]   "/home/terranova/uav_ws/src/uav_gazebo/uav_cartographer": No such file or
[6.967s]   directory.
[6.969s] 
[6.970s] [0m
[6.983s] Invoked command in '/home/terranova/uav_ws/build/uav_gazebo' returned '1': CMAKE_PREFIX_PATH=/home/terranova/uav_ws/install/gazebo_ros_pkgs:/home/terranova/uav_ws/install/gazebo_plugins:/home/terranova/uav_ws/install/gazebo_ros:/home/terranova/uav_ws/install/gazebo_msgs:/home/terranova/uav_ws/install/gazebo_dev:/home/terranova/uav_ws/install/cv_bridge:/home/terranova/uav_ws/install/vision_opencv:/home/terranova/uav_ws/install/velodyne_gazebo_plugin:/home/terranova/uav_ws/install/uav_gazebo:/home/terranova/uav_ws/install/turtlebot3:/home/terranova/uav_ws/install/turtlebot3_simulations:/home/terranova/uav_ws/install/turtlebot3_bringup:/home/terranova/uav_ws/install/turtlebot3_node:/home/terranova/uav_ws/install/turtlebot3_navigation2:/home/terranova/uav_ws/install/turtlebot3_fake_node:/home/terranova/uav_ws/install/turtlebot3_msgs:/home/terranova/uav_ws/install/turtlebot3_gazebo:/home/terranova/uav_ws/install/turtlebot3_description:/home/terranova/uav_ws/install/turtlebot3_cartographer:/home/terranova/uav_ws/install/turtlebot3_teleop:/home/terranova/uav_ws/install/turtlebot3_example:/home/terranova/uav_ws/install/opencv_tests:/home/terranova/uav_ws/install/joint_state_publisher_gui:/home/terranova/uav_ws/install/joint_state_publisher:/opt/ros/foxy:/home/terranova/uav_ws/install/realsense_gazebo_plugin:/home/terranova/uav_ws/install/perception_pcl:/home/terranova/uav_ws/install/pcl_ros:/home/terranova/uav_ws/install/pcl_conversions:/home/terranova/uav_ws/install/pcl_msgs:/home/terranova/uav_ws/install/image_geometry:/home/terranova/uav_ws/install/hls_lfcd_lds_driver:/home/terranova/uav_ws/install/dynamixel_sdk_examples:/home/terranova/uav_ws/install/dynamixel_sdk_custom_interfaces:/home/terranova/uav_ws/install/dynamixel_sdk:/home/terranova/uav_ws/install/absl LD_LIBRARY_PATH=/home/terranova/uav_ws/install/gazebo_plugins/lib:/home/terranova/uav_ws/install/gazebo_ros/lib:/home/terranova/uav_ws/install/gazebo_msgs/lib:/home/terranova/uav_ws/install/cv_bridge/lib:/home/terranova/uav_ws/install/velodyne_gazebo_plugin/lib:/home/terranova/uav_ws/install/turtlebot3_msgs/lib:/home/terranova/uav_ws/install/realsense_gazebo_plugin/lib:/home/terranova/uav_ws/install/pcl_ros/lib:/home/terranova/uav_ws/install/pcl_msgs/lib:/home/terranova/uav_ws/install/image_geometry/lib:/home/terranova/uav_ws/install/dynamixel_sdk_custom_interfaces/lib:/home/terranova/uav_ws/install/dynamixel_sdk/lib:/opt/ros/foxy/opt/yaml_cpp_vendor/lib:/opt/ros/foxy/opt/rviz_ogre_vendor/lib:/opt/ros/foxy/lib/x86_64-linux-gnu:/opt/ros/foxy/lib:/usr/lib/x86_64-linux-gnu/gazebo-11/plugins PYTHONPATH=/home/terranova/uav_ws/install/gazebo_ros/lib/python3.8/site-packages:/home/terranova/uav_ws/install/gazebo_msgs/lib/python3.8/site-packages:/home/terranova/uav_ws/install/cv_bridge/lib/python3.8/site-packages:/home/terranova/uav_ws/install/turtlebot3_teleop/lib/python3.8/site-packages:/home/terranova/uav_ws/install/turtlebot3_example/lib/python3.8/site-packages:/home/terranova/uav_ws/install/turtlebot3_msgs/lib/python3.8/site-packages:/home/terranova/uav_ws/install/pcl_msgs/lib/python3.8/site-packages:/home/terranova/uav_ws/install/opencv_tests/lib/python3.8/site-packages:/home/terranova/uav_ws/install/joint_state_publisher_gui/lib/python3.8/site-packages:/home/terranova/uav_ws/install/joint_state_publisher/lib/python3.8/site-packages:/home/terranova/uav_ws/install/image_geometry/lib/python3.8/site-packages:/home/terranova/uav_ws/install/dynamixel_sdk_custom_interfaces/lib/python3.8/site-packages:/opt/ros/foxy/lib/python3.8/site-packages:/home/terranova/.local/bin /home/terranova/.local/bin/cmake --install /home/terranova/uav_ws/build/uav_gazebo
