[0.049s] Invoking command in '/home/terranova/uav_ws/build/turtlebot3_description': CMAKE_PREFIX_PATH=/opt/ros/foxy /home/terranova/.local/bin/cmake /home/terranova/uav_ws/src/turtlebot3/turtlebot3/turtlebot3_description -DCMAKE_INSTALL_PREFIX=/home/terranova/uav_ws/install/turtlebot3_description
[0.249s] -- The C compiler identification is GNU 9.4.0
[0.433s] -- The CXX compiler identification is GNU 9.4.0
[0.539s] -- Detecting C compiler ABI info
[0.924s] -- Detecting C compiler ABI info - done
[0.986s] -- Check for working C compiler: /usr/lib/ccache/cc - skipped
[0.994s] -- Detecting C compile features
[0.995s] -- Detecting C compile features - done
[1.068s] -- Detecting CXX compiler ABI info
[1.408s] -- Detecting CXX compiler ABI info - done
[1.468s] -- Check for working CXX compiler: /usr/lib/ccache/c++ - skipped
[1.469s] -- Detecting CXX compile features
[1.470s] -- Detecting CXX compile features - done
[1.492s] -- Found ament_cmake: 0.9.12 (/opt/ros/foxy/share/ament_cmake/cmake)
[1.523s] [33mCMake Warning (dev) at /opt/ros/foxy/share/ament_cmake_core/cmake/core/python.cmake:22 (find_package):
[1.523s]   Policy CMP0148 is not set: The FindPythonInterp and FindPythonLibs modules
[1.523s]   are removed.  Run "cmake --help-policy CMP0148" for policy details.  Use
[1.524s]   the cmake_policy command to set the policy and suppress this warning.
[1.524s] 
[1.524s] Call Stack (most recent call first):
[1.524s]   /opt/ros/foxy/share/ament_cmake_core/cmake/core/all.cmake:53 (include)
[1.524s]   /opt/ros/foxy/share/ament_cmake_core/cmake/ament_cmake_core-extras.cmake:17 (include)
[1.525s]   /opt/ros/foxy/share/ament_cmake_core/cmake/ament_cmake_coreConfig.cmake:41 (include)
[1.525s]   /opt/ros/foxy/share/ament_cmake/cmake/ament_cmake_export_dependencies-extras.cmake:15 (find_package)
[1.525s]   /opt/ros/foxy/share/ament_cmake/cmake/ament_cmakeConfig.cmake:41 (include)
[1.525s]   CMakeLists.txt:18 (find_package)
[1.525s] This warning is for project developers.  Use -Wno-dev to suppress it.
[1.525s] [0m
[1.617s] -- Found PythonInterp: /usr/bin/python3 (found suitable version "3.8.10", minimum required is "3") 
[1.618s] -- Using PYTHON_EXECUTABLE: /usr/bin/python3
[2.400s] -- Found urdf: 2.4.0 (/opt/ros/foxy/share/urdf/cmake)
[2.807s] -- Configuring done (2.7s)
[2.835s] -- Generating done (0.0s)
[2.838s] -- Build files have been written to: /home/terranova/uav_ws/build/turtlebot3_description
[2.900s] Invoked command in '/home/terranova/uav_ws/build/turtlebot3_description' returned '0': CMAKE_PREFIX_PATH=/opt/ros/foxy /home/terranova/.local/bin/cmake /home/terranova/uav_ws/src/turtlebot3/turtlebot3/turtlebot3_description -DCMAKE_INSTALL_PREFIX=/home/terranova/uav_ws/install/turtlebot3_description
[2.903s] Invoking command in '/home/terranova/uav_ws/build/turtlebot3_description': CMAKE_PREFIX_PATH=/opt/ros/foxy /home/terranova/.local/bin/cmake --build /home/terranova/uav_ws/build/turtlebot3_description -- -j4 -l4
[3.126s] Invoked command in '/home/terranova/uav_ws/build/turtlebot3_description' returned '0': CMAKE_PREFIX_PATH=/opt/ros/foxy /home/terranova/.local/bin/cmake --build /home/terranova/uav_ws/build/turtlebot3_description -- -j4 -l4
[3.480s] Invoking command in '/home/terranova/uav_ws/build/turtlebot3_description': CMAKE_PREFIX_PATH=/opt/ros/foxy /home/terranova/.local/bin/cmake --install /home/terranova/uav_ws/build/turtlebot3_description
[3.658s] -- Install configuration: ""
[3.659s] -- Installing: /home/terranova/uav_ws/install/turtlebot3_description/share/turtlebot3_description/meshes
[3.661s] -- Installing: /home/terranova/uav_ws/install/turtlebot3_description/share/turtlebot3_description/meshes/bases
[3.663s] -- Installing: /home/terranova/uav_ws/install/turtlebot3_description/share/turtlebot3_description/meshes/bases/burger_base.stl
[3.721s] -- Installing: /home/terranova/uav_ws/install/turtlebot3_description/share/turtlebot3_description/meshes/bases/waffle_base.stl
[3.865s] -- Installing: /home/terranova/uav_ws/install/turtlebot3_description/share/turtlebot3_description/meshes/bases/waffle_pi_base.stl
[3.931s] -- Installing: /home/terranova/uav_ws/install/turtlebot3_description/share/turtlebot3_description/meshes/sensors
[3.932s] -- Installing: /home/terranova/uav_ws/install/turtlebot3_description/share/turtlebot3_description/meshes/sensors/lds.stl
[3.941s] -- Installing: /home/terranova/uav_ws/install/turtlebot3_description/share/turtlebot3_description/meshes/sensors/r200.dae
[3.941s] -- Installing: /home/terranova/uav_ws/install/turtlebot3_description/share/turtlebot3_description/meshes/sensors/astra.dae
[4.019s] -- Installing: /home/terranova/uav_ws/install/turtlebot3_description/share/turtlebot3_description/meshes/sensors/r200.jpg
[4.019s] -- Installing: /home/terranova/uav_ws/install/turtlebot3_description/share/turtlebot3_description/meshes/sensors/astra.jpg
[4.019s] -- Installing: /home/terranova/uav_ws/install/turtlebot3_description/share/turtlebot3_description/meshes/wheels
[4.020s] -- Installing: /home/terranova/uav_ws/install/turtlebot3_description/share/turtlebot3_description/meshes/wheels/right_tire.stl
[4.029s] -- Installing: /home/terranova/uav_ws/install/turtlebot3_description/share/turtlebot3_description/meshes/wheels/left_tire.stl
[4.033s] -- Installing: /home/terranova/uav_ws/install/turtlebot3_description/share/turtlebot3_description/rviz
[4.034s] -- Installing: /home/terranova/uav_ws/install/turtlebot3_description/share/turtlebot3_description/rviz/model.rviz
[4.034s] -- Installing: /home/terranova/uav_ws/install/turtlebot3_description/share/turtlebot3_description/urdf
[4.034s] -- Installing: /home/terranova/uav_ws/install/turtlebot3_description/share/turtlebot3_description/urdf/turtlebot3_waffle_pi.urdf
[4.034s] -- Installing: /home/terranova/uav_ws/install/turtlebot3_description/share/turtlebot3_description/urdf/common_properties.urdf
[4.035s] -- Installing: /home/terranova/uav_ws/install/turtlebot3_description/share/turtlebot3_description/urdf/turtlebot3_waffle.urdf
[4.036s] -- Installing: /home/terranova/uav_ws/install/turtlebot3_description/share/turtlebot3_description/urdf/turtlebot3_burger.urdf
[4.037s] -- Installing: /home/terranova/uav_ws/install/turtlebot3_description/share/ament_index/resource_index/package_run_dependencies/turtlebot3_description
[4.037s] -- Installing: /home/terranova/uav_ws/install/turtlebot3_description/share/ament_index/resource_index/parent_prefix_path/turtlebot3_description
[4.037s] -- Installing: /home/terranova/uav_ws/install/turtlebot3_description/share/turtlebot3_description/environment/ament_prefix_path.sh
[4.038s] -- Installing: /home/terranova/uav_ws/install/turtlebot3_description/share/turtlebot3_description/environment/ament_prefix_path.dsv
[4.038s] -- Installing: /home/terranova/uav_ws/install/turtlebot3_description/share/turtlebot3_description/environment/path.sh
[4.038s] -- Installing: /home/terranova/uav_ws/install/turtlebot3_description/share/turtlebot3_description/environment/path.dsv
[4.039s] -- Installing: /home/terranova/uav_ws/install/turtlebot3_description/share/turtlebot3_description/local_setup.bash
[4.039s] -- Installing: /home/terranova/uav_ws/install/turtlebot3_description/share/turtlebot3_description/local_setup.sh
[4.039s] -- Installing: /home/terranova/uav_ws/install/turtlebot3_description/share/turtlebot3_description/local_setup.zsh
[4.040s] -- Installing: /home/terranova/uav_ws/install/turtlebot3_description/share/turtlebot3_description/local_setup.dsv
[4.040s] -- Installing: /home/terranova/uav_ws/install/turtlebot3_description/share/turtlebot3_description/package.dsv
[4.040s] -- Installing: /home/terranova/uav_ws/install/turtlebot3_description/share/ament_index/resource_index/packages/turtlebot3_description
[4.041s] -- Installing: /home/terranova/uav_ws/install/turtlebot3_description/share/turtlebot3_description/cmake/turtlebot3_descriptionConfig.cmake
[4.041s] -- Installing: /home/terranova/uav_ws/install/turtlebot3_description/share/turtlebot3_description/cmake/turtlebot3_descriptionConfig-version.cmake
[4.041s] -- Installing: /home/terranova/uav_ws/install/turtlebot3_description/share/turtlebot3_description/package.xml
[4.058s] Invoked command in '/home/terranova/uav_ws/build/turtlebot3_description' returned '0': CMAKE_PREFIX_PATH=/opt/ros/foxy /home/terranova/.local/bin/cmake --install /home/terranova/uav_ws/build/turtlebot3_description
