[6.065s] Invoking command in '/home/terranova/uav_ws/src/joint_state_publisher_gui': PYTHONPATH=/home/terranova/uav_ws/build/joint_state_publisher_gui/prefix_override:/home/terranova/uav_ws/install/joint_state_publisher_gui/lib/python3.8/site-packages:${PYTHONPATH} /usr/bin/python3 -W ignore:setup.py install is deprecated setup.py egg_info --egg-base ../../build/joint_state_publisher_gui build --build-base /home/terranova/uav_ws/build/joint_state_publisher_gui/build install --record /home/terranova/uav_ws/build/joint_state_publisher_gui/install.log --single-version-externally-managed install_data
[7.583s] running egg_info
[7.759s] writing ../../build/joint_state_publisher_gui/joint_state_publisher_gui.egg-info/PKG-INFO
[7.763s] writing dependency_links to ../../build/joint_state_publisher_gui/joint_state_publisher_gui.egg-info/dependency_links.txt
[7.768s] writing requirements to ../../build/joint_state_publisher_gui/joint_state_publisher_gui.egg-info/requires.txt
[7.778s] writing top-level names to ../../build/joint_state_publisher_gui/joint_state_publisher_gui.egg-info/top_level.txt
[8.791s] reading manifest file '../../build/joint_state_publisher_gui/joint_state_publisher_gui.egg-info/SOURCES.txt'
[8.803s] writing manifest file '../../build/joint_state_publisher_gui/joint_state_publisher_gui.egg-info/SOURCES.txt'
[8.821s] running build
[8.825s] running build_py
[8.838s] copying joint_state_publisher_gui/__init__.py -> /home/terranova/uav_ws/build/joint_state_publisher_gui/build/lib/joint_state_publisher_gui
[8.841s] running install
[8.894s] running install_lib
[9.060s] running install_data
[9.060s] copying resource/joint_state_publisher_gui -> /home/terranova/uav_ws/install/joint_state_publisher_gui/share/ament_index/resource_index/packages
[9.064s] copying package.xml -> /home/terranova/uav_ws/install/joint_state_publisher_gui/share/joint_state_publisher_gui
[9.074s] running install_egg_info
[9.279s] removing '/home/terranova/uav_ws/install/joint_state_publisher_gui/lib/python3.8/site-packages/joint_state_publisher_gui-0.0.0-py3.8.egg-info' (and everything under it)
[9.280s] Copying ../../build/joint_state_publisher_gui/joint_state_publisher_gui.egg-info to /home/terranova/uav_ws/install/joint_state_publisher_gui/lib/python3.8/site-packages/joint_state_publisher_gui-0.0.0-py3.8.egg-info
[9.283s] running install_scripts
[9.625s] writing list of installed files to '/home/terranova/uav_ws/build/joint_state_publisher_gui/install.log'
[9.732s] Invoked command in '/home/terranova/uav_ws/src/joint_state_publisher_gui' returned '0': PYTHONPATH=/home/terranova/uav_ws/build/joint_state_publisher_gui/prefix_override:/home/terranova/uav_ws/install/joint_state_publisher_gui/lib/python3.8/site-packages:${PYTHONPATH} /usr/bin/python3 -W ignore:setup.py install is deprecated setup.py egg_info --egg-base ../../build/joint_state_publisher_gui build --build-base /home/terranova/uav_ws/build/joint_state_publisher_gui/build install --record /home/terranova/uav_ws/build/joint_state_publisher_gui/install.log --single-version-externally-managed install_data
