[0.204s] Invoking command in '/home/terranova/uav_ws/build/turtlebot3_node': AMENT_PREFIX_PATH=/home/terranova/uav_ws/install/turtlebot3_msgs:/home/terranova/uav_ws/install/dynamixel_sdk:${AMENT_PREFIX_PATH} CMAKE_PREFIX_PATH=/home/terranova/uav_ws/install/turtlebot3_msgs:/home/terranova/uav_ws/install/dynamixel_sdk:/opt/ros/foxy LD_LIBRARY_PATH=/home/terranova/uav_ws/install/turtlebot3_msgs/lib:/home/terranova/uav_ws/install/dynamixel_sdk/lib:/opt/ros/foxy/opt/yaml_cpp_vendor/lib:/opt/ros/foxy/opt/rviz_ogre_vendor/lib:/opt/ros/foxy/lib/x86_64-linux-gnu:/opt/ros/foxy/lib:/usr/lib/x86_64-linux-gnu/gazebo-11/plugins:/usr/lib/x86_64-linux-gnu/gazebo-11/plugins:/usr/lib/x86_64-linux-gnu/gazebo-11/plugins PYTHONPATH=/home/terranova/uav_ws/install/turtlebot3_msgs/lib/python3.8/site-packages:/opt/ros/foxy/lib/python3.8/site-packages:/home/terranova/.local/bin /home/terranova/.local/bin/cmake --build /home/terranova/uav_ws/build/turtlebot3_node -- -j4 -l4
[1.820s] [ 85%] Built target turtlebot3_node_lib
[2.144s] [100%] Built target turtlebot3_ros
[2.230s] Invoked command in '/home/terranova/uav_ws/build/turtlebot3_node' returned '0': AMENT_PREFIX_PATH=/home/terranova/uav_ws/install/turtlebot3_msgs:/home/terranova/uav_ws/install/dynamixel_sdk:${AMENT_PREFIX_PATH} CMAKE_PREFIX_PATH=/home/terranova/uav_ws/install/turtlebot3_msgs:/home/terranova/uav_ws/install/dynamixel_sdk:/opt/ros/foxy LD_LIBRARY_PATH=/home/terranova/uav_ws/install/turtlebot3_msgs/lib:/home/terranova/uav_ws/install/dynamixel_sdk/lib:/opt/ros/foxy/opt/yaml_cpp_vendor/lib:/opt/ros/foxy/opt/rviz_ogre_vendor/lib:/opt/ros/foxy/lib/x86_64-linux-gnu:/opt/ros/foxy/lib:/usr/lib/x86_64-linux-gnu/gazebo-11/plugins:/usr/lib/x86_64-linux-gnu/gazebo-11/plugins:/usr/lib/x86_64-linux-gnu/gazebo-11/plugins PYTHONPATH=/home/terranova/uav_ws/install/turtlebot3_msgs/lib/python3.8/site-packages:/opt/ros/foxy/lib/python3.8/site-packages:/home/terranova/.local/bin /home/terranova/.local/bin/cmake --build /home/terranova/uav_ws/build/turtlebot3_node -- -j4 -l4
[2.946s] Invoking command in '/home/terranova/uav_ws/build/turtlebot3_node': AMENT_PREFIX_PATH=/home/terranova/uav_ws/install/turtlebot3_msgs:/home/terranova/uav_ws/install/dynamixel_sdk:${AMENT_PREFIX_PATH} CMAKE_PREFIX_PATH=/home/terranova/uav_ws/install/turtlebot3_msgs:/home/terranova/uav_ws/install/dynamixel_sdk:/opt/ros/foxy LD_LIBRARY_PATH=/home/terranova/uav_ws/install/turtlebot3_msgs/lib:/home/terranova/uav_ws/install/dynamixel_sdk/lib:/opt/ros/foxy/opt/yaml_cpp_vendor/lib:/opt/ros/foxy/opt/rviz_ogre_vendor/lib:/opt/ros/foxy/lib/x86_64-linux-gnu:/opt/ros/foxy/lib:/usr/lib/x86_64-linux-gnu/gazebo-11/plugins:/usr/lib/x86_64-linux-gnu/gazebo-11/plugins:/usr/lib/x86_64-linux-gnu/gazebo-11/plugins PYTHONPATH=/home/terranova/uav_ws/install/turtlebot3_msgs/lib/python3.8/site-packages:/opt/ros/foxy/lib/python3.8/site-packages:/home/terranova/.local/bin /home/terranova/.local/bin/cmake --install /home/terranova/uav_ws/build/turtlebot3_node
[3.522s] -- Install configuration: ""
[3.522s] -- Up-to-date: /home/terranova/uav_ws/install/turtlebot3_node/share/turtlebot3_node/param
[3.523s] -- Up-to-date: /home/terranova/uav_ws/install/turtlebot3_node/share/turtlebot3_node/param/waffle_pi.yaml
[3.523s] -- Up-to-date: /home/terranova/uav_ws/install/turtlebot3_node/share/turtlebot3_node/param/waffle.yaml
[3.524s] -- Up-to-date: /home/terranova/uav_ws/install/turtlebot3_node/share/turtlebot3_node/param/burger.yaml
[3.542s] -- Up-to-date: /home/terranova/uav_ws/install/turtlebot3_node/lib/turtlebot3_node/turtlebot3_ros
[3.552s] -- Up-to-date: /home/terranova/uav_ws/install/turtlebot3_node/share/ament_index/resource_index/package_run_dependencies/turtlebot3_node
[3.553s] -- Up-to-date: /home/terranova/uav_ws/install/turtlebot3_node/share/ament_index/resource_index/parent_prefix_path/turtlebot3_node
[3.554s] -- Up-to-date: /home/terranova/uav_ws/install/turtlebot3_node/share/turtlebot3_node/environment/ament_prefix_path.sh
[3.557s] -- Up-to-date: /home/terranova/uav_ws/install/turtlebot3_node/share/turtlebot3_node/environment/ament_prefix_path.dsv
[3.558s] -- Up-to-date: /home/terranova/uav_ws/install/turtlebot3_node/share/turtlebot3_node/environment/path.sh
[3.558s] -- Up-to-date: /home/terranova/uav_ws/install/turtlebot3_node/share/turtlebot3_node/environment/path.dsv
[3.559s] -- Up-to-date: /home/terranova/uav_ws/install/turtlebot3_node/share/turtlebot3_node/local_setup.bash
[3.560s] -- Up-to-date: /home/terranova/uav_ws/install/turtlebot3_node/share/turtlebot3_node/local_setup.sh
[3.561s] -- Up-to-date: /home/terranova/uav_ws/install/turtlebot3_node/share/turtlebot3_node/local_setup.zsh
[3.562s] -- Up-to-date: /home/terranova/uav_ws/install/turtlebot3_node/share/turtlebot3_node/local_setup.dsv
[3.562s] -- Installing: /home/terranova/uav_ws/install/turtlebot3_node/share/turtlebot3_node/package.dsv
[3.570s] -- Up-to-date: /home/terranova/uav_ws/install/turtlebot3_node/share/ament_index/resource_index/packages/turtlebot3_node
[3.572s] -- Up-to-date: /home/terranova/uav_ws/install/turtlebot3_node/share/turtlebot3_node/cmake/ament_cmake_export_include_directories-extras.cmake
[3.574s] -- Up-to-date: /home/terranova/uav_ws/install/turtlebot3_node/share/turtlebot3_node/cmake/turtlebot3_nodeConfig.cmake
[3.575s] -- Up-to-date: /home/terranova/uav_ws/install/turtlebot3_node/share/turtlebot3_node/cmake/turtlebot3_nodeConfig-version.cmake
[3.578s] -- Up-to-date: /home/terranova/uav_ws/install/turtlebot3_node/share/turtlebot3_node/package.xml
[3.608s] Invoked command in '/home/terranova/uav_ws/build/turtlebot3_node' returned '0': AMENT_PREFIX_PATH=/home/terranova/uav_ws/install/turtlebot3_msgs:/home/terranova/uav_ws/install/dynamixel_sdk:${AMENT_PREFIX_PATH} CMAKE_PREFIX_PATH=/home/terranova/uav_ws/install/turtlebot3_msgs:/home/terranova/uav_ws/install/dynamixel_sdk:/opt/ros/foxy LD_LIBRARY_PATH=/home/terranova/uav_ws/install/turtlebot3_msgs/lib:/home/terranova/uav_ws/install/dynamixel_sdk/lib:/opt/ros/foxy/opt/yaml_cpp_vendor/lib:/opt/ros/foxy/opt/rviz_ogre_vendor/lib:/opt/ros/foxy/lib/x86_64-linux-gnu:/opt/ros/foxy/lib:/usr/lib/x86_64-linux-gnu/gazebo-11/plugins:/usr/lib/x86_64-linux-gnu/gazebo-11/plugins:/usr/lib/x86_64-linux-gnu/gazebo-11/plugins PYTHONPATH=/home/terranova/uav_ws/install/turtlebot3_msgs/lib/python3.8/site-packages:/opt/ros/foxy/lib/python3.8/site-packages:/home/terranova/.local/bin /home/terranova/.local/bin/cmake --install /home/terranova/uav_ws/build/turtlebot3_node
