[0.119s] Invoking command in '/home/terranova/uav_ws/build/turtlebot3_msgs': CMAKE_PREFIX_PATH=${CMAKE_PREFIX_PATH}:/home/terranova/uav_ws/install/turtlebot3_teleop:/home/terranova/uav_ws/install/turtlebot3_example:/home/terranova/uav_ws/install/opencv_tests:/home/terranova/uav_ws/install/joint_state_publisher_gui:/home/terranova/uav_ws/install/joint_state_publisher:/opt/ros/foxy /home/terranova/.local/bin/cmake /home/terranova/uav_ws/src/turtlebot3/turtlebot3_msgs -DCMAKE_INSTALL_PREFIX=/home/terranova/uav_ws/install/turtlebot3_msgs
[0.334s] -- The C compiler identification is GNU 9.4.0
[0.527s] -- The CXX compiler identification is GNU 9.4.0
[0.623s] -- Detecting C compiler ABI info
[0.754s] -- Detecting C compiler ABI info - done
[0.791s] -- Check for working C compiler: /usr/lib/ccache/cc - skipped
[0.792s] -- Detecting C compile features
[0.795s] -- Detecting C compile features - done
[0.833s] -- Detecting CXX compiler ABI info
[1.058s] -- Detecting CXX compiler ABI info - done
[1.081s] -- Check for working CXX compiler: /usr/lib/ccache/c++ - skipped
[1.083s] -- Detecting CXX compile features
[1.084s] -- Detecting CXX compile features - done
[1.096s] -- Found action_msgs: 1.0.0 (/opt/ros/foxy/share/action_msgs/cmake)
[1.110s] [33mCMake Warning (dev) at /opt/ros/foxy/share/ament_cmake_core/cmake/core/python.cmake:22 (find_package):
[1.110s]   Policy CMP0148 is not set: The FindPythonInterp and FindPythonLibs modules
[1.111s]   are removed.  Run "cmake --help-policy CMP0148" for policy details.  Use
[1.111s]   the cmake_policy command to set the policy and suppress this warning.
[1.111s] 
[1.111s] Call Stack (most recent call first):
[1.112s]   /opt/ros/foxy/share/ament_cmake_core/cmake/core/all.cmake:53 (include)
[1.112s]   /opt/ros/foxy/share/ament_cmake_core/cmake/ament_cmake_core-extras.cmake:17 (include)
[1.113s]   /opt/ros/foxy/share/ament_cmake_core/cmake/ament_cmake_coreConfig.cmake:41 (include)
[1.113s]   /opt/ros/foxy/share/action_msgs/cmake/ament_cmake_export_dependencies-extras.cmake:15 (find_package)
[1.113s]   /opt/ros/foxy/share/action_msgs/cmake/action_msgsConfig.cmake:41 (include)
[1.113s]   CMakeLists.txt:18 (find_package)
[1.114s] This warning is for project developers.  Use -Wno-dev to suppress it.
[1.114s] [0m
[1.187s] -- Found PythonInterp: /usr/bin/python3 (found suitable version "3.8.10", minimum required is "3") 
[1.188s] -- Using PYTHON_EXECUTABLE: /usr/bin/python3
[1.971s] -- Using all available rosidl_typesupport_c: rosidl_typesupport_fastrtps_c;rosidl_typesupport_introspection_c
[2.006s] -- Found rosidl_adapter: 1.3.1 (/opt/ros/foxy/share/rosidl_adapter/cmake)
[2.327s] -- Found OpenSSL: /usr/lib/x86_64-linux-gnu/libcrypto.so (found version "1.1.1f")  
[2.429s] -- Found FastRTPS: /opt/ros/foxy/include  
[2.697s] -- Using all available rosidl_typesupport_cpp: rosidl_typesupport_fastrtps_cpp;rosidl_typesupport_introspection_cpp
[2.932s] -- Found rosidl_default_generators: 1.0.1 (/opt/ros/foxy/share/rosidl_default_generators/cmake)
[2.980s] -- Found std_msgs: 2.0.5 (/opt/ros/foxy/share/std_msgs/cmake)
[3.086s] [33mCMake Warning (dev) at /opt/ros/foxy/share/rosidl_adapter/cmake/rosidl_adapt_interfaces.cmake:40 (find_package):
[3.096s]   Policy CMP0148 is not set: The FindPythonInterp and FindPythonLibs modules
[3.097s]   are removed.  Run "cmake --help-policy CMP0148" for policy details.  Use
[3.097s]   the cmake_policy command to set the policy and suppress this warning.
[3.098s] 
[3.098s] Call Stack (most recent call first):
[3.098s]   /opt/ros/foxy/share/rosidl_cmake/cmake/rosidl_generate_interfaces.cmake:130 (rosidl_adapt_interfaces)
[3.098s]   CMakeLists.txt:45 (rosidl_generate_interfaces)
[3.098s] This warning is for project developers.  Use -Wno-dev to suppress it.
[3.099s] [0m
[3.165s] -- Found PythonInterp: /usr/bin/python3 (found version "3.8.10") 
[3.828s] -- Found ament_cmake_cppcheck: 0.9.8 (/opt/ros/foxy/share/ament_cmake_cppcheck/cmake)
[3.841s] -- Found ament_cmake_cpplint: 0.9.8 (/opt/ros/foxy/share/ament_cmake_cpplint/cmake)
[3.852s] -- Found ament_cmake_uncrustify: 0.9.8 (/opt/ros/foxy/share/ament_cmake_uncrustify/cmake)
[3.863s] -- Found ament_cmake_ros: 0.9.2 (/opt/ros/foxy/share/ament_cmake_ros/cmake)
[4.705s] -- Using all available rosidl_typesupport_c: rosidl_typesupport_fastrtps_c;rosidl_typesupport_introspection_c
[5.054s] -- Using all available rosidl_typesupport_cpp: rosidl_typesupport_fastrtps_cpp;rosidl_typesupport_introspection_cpp
[5.087s] [33mCMake Warning (dev) at /opt/ros/foxy/share/rosidl_generator_py/cmake/rosidl_generator_py_generate_interfaces.cmake:20 (find_package):
[5.088s]   Policy CMP0148 is not set: The FindPythonInterp and FindPythonLibs modules
[5.088s]   are removed.  Run "cmake --help-policy CMP0148" for policy details.  Use
[5.088s]   the cmake_policy command to set the policy and suppress this warning.
[5.088s] 
[5.089s] Call Stack (most recent call first):
[5.089s]   /opt/ros/foxy/share/ament_cmake_core/cmake/core/ament_execute_extensions.cmake:48 (include)
[5.089s]   /opt/ros/foxy/share/rosidl_cmake/cmake/rosidl_generate_interfaces.cmake:286 (ament_execute_extensions)
[5.089s]   CMakeLists.txt:45 (rosidl_generate_interfaces)
[5.089s] This warning is for project developers.  Use -Wno-dev to suppress it.
[5.090s] [0m
[5.164s] -- Found PythonInterp: /usr/bin/python3 (found suitable version "3.8.10", minimum required is "3.5") 
[5.169s] -- Found python_cmake_module: 0.8.1 (/opt/ros/foxy/share/python_cmake_module/cmake)
[5.172s] [33mCMake Warning (dev) at /opt/ros/foxy/share/python_cmake_module/cmake/Modules/FindPythonExtra.cmake:45 (find_package):
[5.172s]   Policy CMP0148 is not set: The FindPythonInterp and FindPythonLibs modules
[5.172s]   are removed.  Run "cmake --help-policy CMP0148" for policy details.  Use
[5.172s]   the cmake_policy command to set the policy and suppress this warning.
[5.173s] 
[5.173s] Call Stack (most recent call first):
[5.173s]   /opt/ros/foxy/share/rosidl_generator_py/cmake/rosidl_generator_py_generate_interfaces.cmake:23 (find_package)
[5.173s]   /opt/ros/foxy/share/ament_cmake_core/cmake/core/ament_execute_extensions.cmake:48 (include)
[5.173s]   /opt/ros/foxy/share/rosidl_cmake/cmake/rosidl_generate_interfaces.cmake:286 (ament_execute_extensions)
[5.173s]   CMakeLists.txt:45 (rosidl_generate_interfaces)
[5.174s] This warning is for project developers.  Use -Wno-dev to suppress it.
[5.174s] [0m
[5.240s] [33mCMake Warning (dev) at /opt/ros/foxy/share/python_cmake_module/cmake/Modules/FindPythonExtra.cmake:133 (find_package):
[5.240s]   Policy CMP0148 is not set: The FindPythonInterp and FindPythonLibs modules
[5.240s]   are removed.  Run "cmake --help-policy CMP0148" for policy details.  Use
[5.240s]   the cmake_policy command to set the policy and suppress this warning.
[5.240s] 
[5.241s] Call Stack (most recent call first):
[5.241s]   /opt/ros/foxy/share/rosidl_generator_py/cmake/rosidl_generator_py_generate_interfaces.cmake:23 (find_package)
[5.241s]   /opt/ros/foxy/share/ament_cmake_core/cmake/core/ament_execute_extensions.cmake:48 (include)
[5.241s]   /opt/ros/foxy/share/rosidl_cmake/cmake/rosidl_generate_interfaces.cmake:286 (ament_execute_extensions)
[5.241s]   CMakeLists.txt:45 (rosidl_generate_interfaces)
[5.242s] This warning is for project developers.  Use -Wno-dev to suppress it.
[5.242s] [0m
[5.267s] -- Found PythonLibs: /usr/lib/x86_64-linux-gnu/libpython3.8.so (found suitable version "3.8.10", minimum required is "3.5") 
[5.268s] -- Using PYTHON_EXECUTABLE: /usr/bin/python3
[5.268s] -- Using PYTHON_INCLUDE_DIRS: /usr/include/python3.8
[5.268s] -- Using PYTHON_LIBRARIES: /usr/lib/x86_64-linux-gnu/libpython3.8.so
[5.349s] -- Found PythonExtra: .so  
[5.941s] -- Found ament_cmake_flake8: 0.9.8 (/opt/ros/foxy/share/ament_cmake_flake8/cmake)
[5.949s] -- Found ament_cmake_pep257: 0.9.8 (/opt/ros/foxy/share/ament_cmake_pep257/cmake)
[5.975s] -- Configuring done (5.8s)
[6.200s] -- Generating done (0.2s)
[6.207s] -- Build files have been written to: /home/terranova/uav_ws/build/turtlebot3_msgs
[6.251s] Invoked command in '/home/terranova/uav_ws/build/turtlebot3_msgs' returned '0': CMAKE_PREFIX_PATH=${CMAKE_PREFIX_PATH}:/home/terranova/uav_ws/install/turtlebot3_teleop:/home/terranova/uav_ws/install/turtlebot3_example:/home/terranova/uav_ws/install/opencv_tests:/home/terranova/uav_ws/install/joint_state_publisher_gui:/home/terranova/uav_ws/install/joint_state_publisher:/opt/ros/foxy /home/terranova/.local/bin/cmake /home/terranova/uav_ws/src/turtlebot3/turtlebot3_msgs -DCMAKE_INSTALL_PREFIX=/home/terranova/uav_ws/install/turtlebot3_msgs
[6.253s] Invoking command in '/home/terranova/uav_ws/build/turtlebot3_msgs': CMAKE_PREFIX_PATH=${CMAKE_PREFIX_PATH}:/home/terranova/uav_ws/install/turtlebot3_teleop:/home/terranova/uav_ws/install/turtlebot3_example:/home/terranova/uav_ws/install/opencv_tests:/home/terranova/uav_ws/install/joint_state_publisher_gui:/home/terranova/uav_ws/install/joint_state_publisher:/opt/ros/foxy /home/terranova/.local/bin/cmake --build /home/terranova/uav_ws/build/turtlebot3_msgs -- -j4 -l4
[6.372s] [  1%] [34m[1mGenerating C code for ROS interfaces[0m
[6.386s] [  2%] [34m[1mGenerating C++ code for ROS interfaces[0m
[10.250s] [  2%] Built target turtlebot3_msgs__cpp
[10.307s] [  4%] [34m[1mGenerating C++ type support dispatch for ROS interfaces[0m
[10.309s] [  5%] [34m[1mGenerating C++ type support for eProsima Fast-RTPS[0m
[10.335s] [  7%] [34m[1mGenerating C++ introspection for ROS interfaces[0m
[11.848s] [  8%] [32mBuilding C object CMakeFiles/turtlebot3_msgs__rosidl_generator_c.dir/rosidl_generator_c/turtlebot3_msgs/msg/detail/sensor_state__functions.c.o[0m
[12.559s] [  9%] [32mBuilding C object CMakeFiles/turtlebot3_msgs__rosidl_generator_c.dir/rosidl_generator_c/turtlebot3_msgs/msg/detail/sound__functions.c.o[0m
[12.646s] [ 11%] [32mBuilding C object CMakeFiles/turtlebot3_msgs__rosidl_generator_c.dir/rosidl_generator_c/turtlebot3_msgs/msg/detail/version_info__functions.c.o[0m
[12.735s] [ 12%] [32mBuilding C object CMakeFiles/turtlebot3_msgs__rosidl_generator_c.dir/rosidl_generator_c/turtlebot3_msgs/srv/detail/sound__functions.c.o[0m
[12.804s] [ 14%] [32mBuilding C object CMakeFiles/turtlebot3_msgs__rosidl_generator_c.dir/rosidl_generator_c/turtlebot3_msgs/srv/detail/dqn__functions.c.o[0m
[12.872s] [ 15%] [32mBuilding C object CMakeFiles/turtlebot3_msgs__rosidl_generator_c.dir/rosidl_generator_c/turtlebot3_msgs/action/detail/patrol__functions.c.o[0m
[12.956s] [ 16%] [32m[1mLinking C shared library libturtlebot3_msgs__rosidl_generator_c.so[0m
[13.205s] [ 16%] Built target turtlebot3_msgs__rosidl_generator_c
[13.245s] [ 18%] [34m[1mGenerating C introspection for ROS interfaces[0m
[14.257s] [ 19%] [32mBuilding CXX object CMakeFiles/turtlebot3_msgs__rosidl_typesupport_cpp.dir/rosidl_typesupport_cpp/turtlebot3_msgs/msg/sensor_state__type_support.cpp.o[0m
[14.355s] [ 21%] [32mBuilding CXX object CMakeFiles/turtlebot3_msgs__rosidl_typesupport_cpp.dir/rosidl_typesupport_cpp/turtlebot3_msgs/msg/sound__type_support.cpp.o[0m
[14.460s] [ 22%] [32mBuilding CXX object CMakeFiles/turtlebot3_msgs__rosidl_typesupport_cpp.dir/rosidl_typesupport_cpp/turtlebot3_msgs/msg/version_info__type_support.cpp.o[0m
[14.594s] [ 23%] [32mBuilding CXX object CMakeFiles/turtlebot3_msgs__rosidl_typesupport_cpp.dir/rosidl_typesupport_cpp/turtlebot3_msgs/srv/sound__type_support.cpp.o[0m
[14.676s] [ 25%] [32mBuilding CXX object CMakeFiles/turtlebot3_msgs__rosidl_typesupport_cpp.dir/rosidl_typesupport_cpp/turtlebot3_msgs/srv/dqn__type_support.cpp.o[0m
[14.828s] [ 26%] [32mBuilding CXX object CMakeFiles/turtlebot3_msgs__rosidl_typesupport_cpp.dir/rosidl_typesupport_cpp/turtlebot3_msgs/action/patrol__type_support.cpp.o[0m
[14.941s] [ 28%] [32m[1mLinking CXX shared library libturtlebot3_msgs__rosidl_typesupport_cpp.so[0m
[15.171s] [ 28%] Built target turtlebot3_msgs__rosidl_typesupport_cpp
[15.232s] [ 29%] [34m[1mGenerating C type support dispatch for ROS interfaces[0m
[15.531s] [ 30%] [32mBuilding CXX object CMakeFiles/turtlebot3_msgs__rosidl_typesupport_introspection_cpp.dir/rosidl_typesupport_introspection_cpp/turtlebot3_msgs/msg/detail/sensor_state__type_support.cpp.o[0m
[15.605s] [ 32%] [32mBuilding CXX object CMakeFiles/turtlebot3_msgs__rosidl_typesupport_introspection_cpp.dir/rosidl_typesupport_introspection_cpp/turtlebot3_msgs/msg/detail/sound__type_support.cpp.o[0m
[15.688s] [ 33%] [32mBuilding CXX object CMakeFiles/turtlebot3_msgs__rosidl_typesupport_introspection_cpp.dir/rosidl_typesupport_introspection_cpp/turtlebot3_msgs/msg/detail/version_info__type_support.cpp.o[0m
[15.758s] [ 35%] [32mBuilding CXX object CMakeFiles/turtlebot3_msgs__rosidl_typesupport_fastrtps_cpp.dir/rosidl_typesupport_fastrtps_cpp/turtlebot3_msgs/msg/detail/dds_fastrtps/sensor_state__type_support.cpp.o[0m
[15.772s] [ 36%] [32mBuilding CXX object CMakeFiles/turtlebot3_msgs__rosidl_typesupport_introspection_cpp.dir/rosidl_typesupport_introspection_cpp/turtlebot3_msgs/srv/detail/sound__type_support.cpp.o[0m
[15.833s] [ 38%] [32mBuilding CXX object CMakeFiles/turtlebot3_msgs__rosidl_typesupport_fastrtps_cpp.dir/rosidl_typesupport_fastrtps_cpp/turtlebot3_msgs/msg/detail/dds_fastrtps/sound__type_support.cpp.o[0m
[15.856s] [ 39%] [32mBuilding CXX object CMakeFiles/turtlebot3_msgs__rosidl_typesupport_introspection_cpp.dir/rosidl_typesupport_introspection_cpp/turtlebot3_msgs/srv/detail/dqn__type_support.cpp.o[0m
[15.932s] [ 40%] [32mBuilding CXX object CMakeFiles/turtlebot3_msgs__rosidl_typesupport_fastrtps_cpp.dir/rosidl_typesupport_fastrtps_cpp/turtlebot3_msgs/msg/detail/dds_fastrtps/version_info__type_support.cpp.o[0m
[15.932s] [ 42%] [32mBuilding CXX object CMakeFiles/turtlebot3_msgs__rosidl_typesupport_introspection_cpp.dir/rosidl_typesupport_introspection_cpp/turtlebot3_msgs/action/detail/patrol__type_support.cpp.o[0m
[16.024s] [ 43%] [32mBuilding CXX object CMakeFiles/turtlebot3_msgs__rosidl_typesupport_fastrtps_cpp.dir/rosidl_typesupport_fastrtps_cpp/turtlebot3_msgs/srv/detail/dds_fastrtps/sound__type_support.cpp.o[0m
[16.051s] [ 45%] [32m[1mLinking CXX shared library libturtlebot3_msgs__rosidl_typesupport_introspection_cpp.so[0m
[16.131s] [ 46%] [32mBuilding CXX object CMakeFiles/turtlebot3_msgs__rosidl_typesupport_fastrtps_cpp.dir/rosidl_typesupport_fastrtps_cpp/turtlebot3_msgs/srv/detail/dds_fastrtps/dqn__type_support.cpp.o[0m
[16.253s] [ 47%] [32mBuilding CXX object CMakeFiles/turtlebot3_msgs__rosidl_typesupport_fastrtps_cpp.dir/rosidl_typesupport_fastrtps_cpp/turtlebot3_msgs/action/detail/dds_fastrtps/patrol__type_support.cpp.o[0m
[16.353s] [ 49%] [32m[1mLinking CXX shared library libturtlebot3_msgs__rosidl_typesupport_fastrtps_cpp.so[0m
[16.618s] [ 49%] Built target turtlebot3_msgs__rosidl_typesupport_introspection_cpp
[16.940s] [ 49%] Built target turtlebot3_msgs__rosidl_typesupport_fastrtps_cpp
[16.978s] [ 50%] [34m[1mGenerating C type support for eProsima Fast-RTPS[0m
[17.295s] [ 53%] [32mBuilding C object CMakeFiles/turtlebot3_msgs__rosidl_typesupport_introspection_c.dir/rosidl_typesupport_introspection_c/turtlebot3_msgs/msg/detail/sensor_state__type_support.c.o[0m
[17.317s] [ 53%] [32mBuilding C object CMakeFiles/turtlebot3_msgs__rosidl_typesupport_introspection_c.dir/rosidl_typesupport_introspection_c/turtlebot3_msgs/msg/detail/sound__type_support.c.o[0m
[17.389s] [ 54%] [32mBuilding C object CMakeFiles/turtlebot3_msgs__rosidl_typesupport_introspection_c.dir/rosidl_typesupport_introspection_c/turtlebot3_msgs/msg/detail/version_info__type_support.c.o[0m
[17.409s] [ 56%] [32mBuilding C object CMakeFiles/turtlebot3_msgs__rosidl_typesupport_introspection_c.dir/rosidl_typesupport_introspection_c/turtlebot3_msgs/srv/detail/sound__type_support.c.o[0m
[17.452s] [ 57%] [32mBuilding C object CMakeFiles/turtlebot3_msgs__rosidl_typesupport_introspection_c.dir/rosidl_typesupport_introspection_c/turtlebot3_msgs/srv/detail/dqn__type_support.c.o[0m
[17.464s] [ 59%] [32mBuilding C object CMakeFiles/turtlebot3_msgs__rosidl_typesupport_introspection_c.dir/rosidl_typesupport_introspection_c/turtlebot3_msgs/action/detail/patrol__type_support.c.o[0m
[17.527s] [ 60%] [32m[1mLinking C shared library libturtlebot3_msgs__rosidl_typesupport_introspection_c.so[0m
[17.715s] [ 60%] Built target turtlebot3_msgs__rosidl_typesupport_introspection_c
[18.368s] [ 61%] [32mBuilding CXX object CMakeFiles/turtlebot3_msgs__rosidl_typesupport_c.dir/rosidl_typesupport_c/turtlebot3_msgs/msg/sensor_state__type_support.cpp.o[0m
[18.382s] [ 63%] [32mBuilding CXX object CMakeFiles/turtlebot3_msgs__rosidl_typesupport_c.dir/rosidl_typesupport_c/turtlebot3_msgs/msg/sound__type_support.cpp.o[0m
[18.397s] [ 64%] [32mBuilding CXX object CMakeFiles/turtlebot3_msgs__rosidl_typesupport_c.dir/rosidl_typesupport_c/turtlebot3_msgs/msg/version_info__type_support.cpp.o[0m
[18.441s] [ 66%] [32mBuilding CXX object CMakeFiles/turtlebot3_msgs__rosidl_typesupport_c.dir/rosidl_typesupport_c/turtlebot3_msgs/srv/sound__type_support.cpp.o[0m
[18.463s] [ 67%] [32mBuilding CXX object CMakeFiles/turtlebot3_msgs__rosidl_typesupport_c.dir/rosidl_typesupport_c/turtlebot3_msgs/srv/dqn__type_support.cpp.o[0m
[18.473s] [ 69%] [32mBuilding CXX object CMakeFiles/turtlebot3_msgs__rosidl_typesupport_c.dir/rosidl_typesupport_c/turtlebot3_msgs/action/patrol__type_support.cpp.o[0m
[18.532s] [ 70%] [32m[1mLinking CXX shared library libturtlebot3_msgs__rosidl_typesupport_c.so[0m
[18.782s] [ 70%] Built target turtlebot3_msgs__rosidl_typesupport_c
[20.825s] [ 71%] [32mBuilding CXX object CMakeFiles/turtlebot3_msgs__rosidl_typesupport_fastrtps_c.dir/rosidl_typesupport_fastrtps_c/turtlebot3_msgs/msg/detail/sensor_state__type_support_c.cpp.o[0m
[20.838s] [ 74%] [32mBuilding CXX object CMakeFiles/turtlebot3_msgs__rosidl_typesupport_fastrtps_c.dir/rosidl_typesupport_fastrtps_c/turtlebot3_msgs/msg/detail/version_info__type_support_c.cpp.o[0m
[20.841s] [ 74%] [32mBuilding CXX object CMakeFiles/turtlebot3_msgs__rosidl_typesupport_fastrtps_c.dir/rosidl_typesupport_fastrtps_c/turtlebot3_msgs/msg/detail/sound__type_support_c.cpp.o[0m
[20.846s] [ 76%] [32mBuilding CXX object CMakeFiles/turtlebot3_msgs__rosidl_typesupport_fastrtps_c.dir/rosidl_typesupport_fastrtps_c/turtlebot3_msgs/srv/detail/sound__type_support_c.cpp.o[0m
[20.925s] [ 77%] [32mBuilding CXX object CMakeFiles/turtlebot3_msgs__rosidl_typesupport_fastrtps_c.dir/rosidl_typesupport_fastrtps_c/turtlebot3_msgs/srv/detail/dqn__type_support_c.cpp.o[0m
[20.936s] [ 78%] [32mBuilding CXX object CMakeFiles/turtlebot3_msgs__rosidl_typesupport_fastrtps_c.dir/rosidl_typesupport_fastrtps_c/turtlebot3_msgs/action/detail/patrol__type_support_c.cpp.o[0m
[21.178s] [ 80%] [32m[1mLinking CXX shared library libturtlebot3_msgs__rosidl_typesupport_fastrtps_c.so[0m
[21.785s] [ 80%] Built target turtlebot3_msgs__rosidl_typesupport_fastrtps_c
[21.884s] [ 80%] Built target turtlebot3_msgs
[22.004s] [ 81%] [34m[1mGenerating Python code for ROS interfaces[0m
[30.752s] [ 81%] Built target turtlebot3_msgs__py
[30.839s] [ 83%] [32mBuilding C object CMakeFiles/turtlebot3_msgs__python.dir/rosidl_generator_py/turtlebot3_msgs/msg/_sensor_state_s.c.o[0m
[30.856s] [ 84%] [32mBuilding C object CMakeFiles/turtlebot3_msgs__python.dir/rosidl_generator_py/turtlebot3_msgs/msg/_sound_s.c.o[0m
[30.860s] [ 85%] [32mBuilding C object CMakeFiles/turtlebot3_msgs__python.dir/rosidl_generator_py/turtlebot3_msgs/msg/_version_info_s.c.o[0m
[30.880s] [ 87%] [32mBuilding C object CMakeFiles/turtlebot3_msgs__python.dir/rosidl_generator_py/turtlebot3_msgs/srv/_sound_s.c.o[0m
[31.604s] [ 88%] [32mBuilding C object CMakeFiles/turtlebot3_msgs__python.dir/rosidl_generator_py/turtlebot3_msgs/srv/_dqn_s.c.o[0m
[31.608s] [ 90%] [32mBuilding C object CMakeFiles/turtlebot3_msgs__python.dir/rosidl_generator_py/turtlebot3_msgs/action/_patrol_s.c.o[0m
[31.659s] [ 91%] [32m[1mLinking C shared library rosidl_generator_py/turtlebot3_msgs/libturtlebot3_msgs__python.so[0m
[31.749s] [ 91%] Built target turtlebot3_msgs__python
[31.804s] [ 92%] [32mBuilding C object CMakeFiles/turtlebot3_msgs__rosidl_typesupport_introspection_c__pyext.dir/rosidl_generator_py/turtlebot3_msgs/_turtlebot3_msgs_s.ep.rosidl_typesupport_introspection_c.c.o[0m
[31.823s] [ 94%] [32mBuilding C object CMakeFiles/turtlebot3_msgs__rosidl_typesupport_fastrtps_c__pyext.dir/rosidl_generator_py/turtlebot3_msgs/_turtlebot3_msgs_s.ep.rosidl_typesupport_fastrtps_c.c.o[0m
[31.840s] [ 95%] [32mBuilding C object CMakeFiles/turtlebot3_msgs__rosidl_typesupport_c__pyext.dir/rosidl_generator_py/turtlebot3_msgs/_turtlebot3_msgs_s.ep.rosidl_typesupport_c.c.o[0m
[31.861s] [ 97%] [32m[1mLinking CXX shared library rosidl_generator_py/turtlebot3_msgs/turtlebot3_msgs_s__rosidl_typesupport_fastrtps_c.cpython-38-x86_64-linux-gnu.so[0m
[31.871s] [ 98%] [32m[1mLinking C shared library rosidl_generator_py/turtlebot3_msgs/turtlebot3_msgs_s__rosidl_typesupport_introspection_c.cpython-38-x86_64-linux-gnu.so[0m
[31.906s] [100%] [32m[1mLinking C shared library rosidl_generator_py/turtlebot3_msgs/turtlebot3_msgs_s__rosidl_typesupport_c.cpython-38-x86_64-linux-gnu.so[0m
[32.096s] [100%] Built target turtlebot3_msgs__rosidl_typesupport_introspection_c__pyext
[32.102s] [100%] Built target turtlebot3_msgs__rosidl_typesupport_c__pyext
[32.108s] [100%] Built target turtlebot3_msgs__rosidl_typesupport_fastrtps_c__pyext
[32.131s] Invoked command in '/home/terranova/uav_ws/build/turtlebot3_msgs' returned '0': CMAKE_PREFIX_PATH=${CMAKE_PREFIX_PATH}:/home/terranova/uav_ws/install/turtlebot3_teleop:/home/terranova/uav_ws/install/turtlebot3_example:/home/terranova/uav_ws/install/opencv_tests:/home/terranova/uav_ws/install/joint_state_publisher_gui:/home/terranova/uav_ws/install/joint_state_publisher:/opt/ros/foxy /home/terranova/.local/bin/cmake --build /home/terranova/uav_ws/build/turtlebot3_msgs -- -j4 -l4
[33.102s] Invoking command in '/home/terranova/uav_ws/build/turtlebot3_msgs': CMAKE_PREFIX_PATH=${CMAKE_PREFIX_PATH}:/home/terranova/uav_ws/install/turtlebot3_teleop:/home/terranova/uav_ws/install/turtlebot3_example:/home/terranova/uav_ws/install/opencv_tests:/home/terranova/uav_ws/install/joint_state_publisher_gui:/home/terranova/uav_ws/install/joint_state_publisher:/opt/ros/foxy /home/terranova/.local/bin/cmake --install /home/terranova/uav_ws/build/turtlebot3_msgs
[33.197s] -- Install configuration: ""
[33.198s] -- Installing: /home/terranova/uav_ws/install/turtlebot3_msgs/share/ament_index/resource_index/rosidl_interfaces/turtlebot3_msgs
[33.199s] -- Installing: /home/terranova/uav_ws/install/turtlebot3_msgs/include/turtlebot3_msgs
[33.199s] -- Installing: /home/terranova/uav_ws/install/turtlebot3_msgs/include/turtlebot3_msgs/msg
[33.200s] -- Installing: /home/terranova/uav_ws/install/turtlebot3_msgs/include/turtlebot3_msgs/msg/version_info.h
[33.201s] -- Installing: /home/terranova/uav_ws/install/turtlebot3_msgs/include/turtlebot3_msgs/msg/rosidl_generator_c__visibility_control.h
[33.201s] -- Installing: /home/terranova/uav_ws/install/turtlebot3_msgs/include/turtlebot3_msgs/msg/sound.h
[33.202s] -- Installing: /home/terranova/uav_ws/install/turtlebot3_msgs/include/turtlebot3_msgs/msg/sensor_state.h
[33.202s] -- Installing: /home/terranova/uav_ws/install/turtlebot3_msgs/include/turtlebot3_msgs/msg/detail
[33.203s] -- Installing: /home/terranova/uav_ws/install/turtlebot3_msgs/include/turtlebot3_msgs/msg/detail/sound__functions.c
[33.204s] -- Installing: /home/terranova/uav_ws/install/turtlebot3_msgs/include/turtlebot3_msgs/msg/detail/sound__type_support.h
[33.204s] -- Installing: /home/terranova/uav_ws/install/turtlebot3_msgs/include/turtlebot3_msgs/msg/detail/version_info__type_support.h
[33.205s] -- Installing: /home/terranova/uav_ws/install/turtlebot3_msgs/include/turtlebot3_msgs/msg/detail/sound__struct.h
[33.205s] -- Installing: /home/terranova/uav_ws/install/turtlebot3_msgs/include/turtlebot3_msgs/msg/detail/sensor_state__functions.h
[33.206s] -- Installing: /home/terranova/uav_ws/install/turtlebot3_msgs/include/turtlebot3_msgs/msg/detail/version_info__struct.h
[33.206s] -- Installing: /home/terranova/uav_ws/install/turtlebot3_msgs/include/turtlebot3_msgs/msg/detail/sensor_state__type_support.h
[33.207s] -- Installing: /home/terranova/uav_ws/install/turtlebot3_msgs/include/turtlebot3_msgs/msg/detail/sound__functions.h
[33.207s] -- Installing: /home/terranova/uav_ws/install/turtlebot3_msgs/include/turtlebot3_msgs/msg/detail/version_info__functions.h
[33.208s] -- Installing: /home/terranova/uav_ws/install/turtlebot3_msgs/include/turtlebot3_msgs/msg/detail/sensor_state__functions.c
[33.209s] -- Installing: /home/terranova/uav_ws/install/turtlebot3_msgs/include/turtlebot3_msgs/msg/detail/sensor_state__struct.h
[33.210s] -- Installing: /home/terranova/uav_ws/install/turtlebot3_msgs/include/turtlebot3_msgs/msg/detail/version_info__functions.c
[33.210s] -- Installing: /home/terranova/uav_ws/install/turtlebot3_msgs/include/turtlebot3_msgs/srv
[33.211s] -- Installing: /home/terranova/uav_ws/install/turtlebot3_msgs/include/turtlebot3_msgs/srv/dqn.h
[33.211s] -- Installing: /home/terranova/uav_ws/install/turtlebot3_msgs/include/turtlebot3_msgs/srv/sound.h
[33.212s] -- Installing: /home/terranova/uav_ws/install/turtlebot3_msgs/include/turtlebot3_msgs/srv/detail
[33.213s] -- Installing: /home/terranova/uav_ws/install/turtlebot3_msgs/include/turtlebot3_msgs/srv/detail/sound__functions.c
[33.213s] -- Installing: /home/terranova/uav_ws/install/turtlebot3_msgs/include/turtlebot3_msgs/srv/detail/sound__type_support.h
[33.214s] -- Installing: /home/terranova/uav_ws/install/turtlebot3_msgs/include/turtlebot3_msgs/srv/detail/sound__struct.h
[33.214s] -- Installing: /home/terranova/uav_ws/install/turtlebot3_msgs/include/turtlebot3_msgs/srv/detail/dqn__functions.c
[33.215s] -- Installing: /home/terranova/uav_ws/install/turtlebot3_msgs/include/turtlebot3_msgs/srv/detail/dqn__functions.h
[33.216s] -- Installing: /home/terranova/uav_ws/install/turtlebot3_msgs/include/turtlebot3_msgs/srv/detail/dqn__struct.h
[33.216s] -- Installing: /home/terranova/uav_ws/install/turtlebot3_msgs/include/turtlebot3_msgs/srv/detail/sound__functions.h
[33.217s] -- Installing: /home/terranova/uav_ws/install/turtlebot3_msgs/include/turtlebot3_msgs/srv/detail/dqn__type_support.h
[33.218s] -- Installing: /home/terranova/uav_ws/install/turtlebot3_msgs/include/turtlebot3_msgs/action
[33.218s] -- Installing: /home/terranova/uav_ws/install/turtlebot3_msgs/include/turtlebot3_msgs/action/patrol.h
[33.219s] -- Installing: /home/terranova/uav_ws/install/turtlebot3_msgs/include/turtlebot3_msgs/action/detail
[33.219s] -- Installing: /home/terranova/uav_ws/install/turtlebot3_msgs/include/turtlebot3_msgs/action/detail/patrol__type_support.h
[33.219s] -- Installing: /home/terranova/uav_ws/install/turtlebot3_msgs/include/turtlebot3_msgs/action/detail/patrol__functions.h
[33.220s] -- Installing: /home/terranova/uav_ws/install/turtlebot3_msgs/include/turtlebot3_msgs/action/detail/patrol__struct.h
[33.220s] -- Installing: /home/terranova/uav_ws/install/turtlebot3_msgs/include/turtlebot3_msgs/action/detail/patrol__functions.c
[33.221s] -- Installing: /home/terranova/uav_ws/install/turtlebot3_msgs/share/turtlebot3_msgs/environment/library_path.sh
[33.221s] -- Installing: /home/terranova/uav_ws/install/turtlebot3_msgs/share/turtlebot3_msgs/environment/library_path.dsv
[33.221s] -- Installing: /home/terranova/uav_ws/install/turtlebot3_msgs/lib/libturtlebot3_msgs__rosidl_generator_c.so
[33.223s] -- Set non-toolchain portion of runtime path of "/home/terranova/uav_ws/install/turtlebot3_msgs/lib/libturtlebot3_msgs__rosidl_generator_c.so" to ""
[33.223s] -- Up-to-date: /home/terranova/uav_ws/install/turtlebot3_msgs/include/turtlebot3_msgs
[33.223s] -- Up-to-date: /home/terranova/uav_ws/install/turtlebot3_msgs/include/turtlebot3_msgs/msg
[33.223s] -- Installing: /home/terranova/uav_ws/install/turtlebot3_msgs/include/turtlebot3_msgs/msg/rosidl_typesupport_fastrtps_c__visibility_control.h
[33.223s] -- Up-to-date: /home/terranova/uav_ws/install/turtlebot3_msgs/include/turtlebot3_msgs/msg/detail
[33.224s] -- Installing: /home/terranova/uav_ws/install/turtlebot3_msgs/include/turtlebot3_msgs/msg/detail/sound__rosidl_typesupport_fastrtps_c.h
[33.224s] -- Installing: /home/terranova/uav_ws/install/turtlebot3_msgs/include/turtlebot3_msgs/msg/detail/sensor_state__rosidl_typesupport_fastrtps_c.h
[33.224s] -- Installing: /home/terranova/uav_ws/install/turtlebot3_msgs/include/turtlebot3_msgs/msg/detail/version_info__rosidl_typesupport_fastrtps_c.h
[33.224s] -- Up-to-date: /home/terranova/uav_ws/install/turtlebot3_msgs/include/turtlebot3_msgs/srv
[33.225s] -- Up-to-date: /home/terranova/uav_ws/install/turtlebot3_msgs/include/turtlebot3_msgs/srv/detail
[33.225s] -- Installing: /home/terranova/uav_ws/install/turtlebot3_msgs/include/turtlebot3_msgs/srv/detail/sound__rosidl_typesupport_fastrtps_c.h
[33.225s] -- Installing: /home/terranova/uav_ws/install/turtlebot3_msgs/include/turtlebot3_msgs/srv/detail/dqn__rosidl_typesupport_fastrtps_c.h
[33.225s] -- Up-to-date: /home/terranova/uav_ws/install/turtlebot3_msgs/include/turtlebot3_msgs/action
[33.225s] -- Up-to-date: /home/terranova/uav_ws/install/turtlebot3_msgs/include/turtlebot3_msgs/action/detail
[33.226s] -- Installing: /home/terranova/uav_ws/install/turtlebot3_msgs/include/turtlebot3_msgs/action/detail/patrol__rosidl_typesupport_fastrtps_c.h
[33.226s] -- Installing: /home/terranova/uav_ws/install/turtlebot3_msgs/lib/libturtlebot3_msgs__rosidl_typesupport_fastrtps_c.so
[33.226s] -- Set non-toolchain portion of runtime path of "/home/terranova/uav_ws/install/turtlebot3_msgs/lib/libturtlebot3_msgs__rosidl_typesupport_fastrtps_c.so" to ""
[33.227s] -- Up-to-date: /home/terranova/uav_ws/install/turtlebot3_msgs/include/turtlebot3_msgs
[33.227s] -- Up-to-date: /home/terranova/uav_ws/install/turtlebot3_msgs/include/turtlebot3_msgs/msg
[33.227s] -- Installing: /home/terranova/uav_ws/install/turtlebot3_msgs/include/turtlebot3_msgs/msg/rosidl_typesupport_fastrtps_cpp__visibility_control.h
[33.227s] -- Up-to-date: /home/terranova/uav_ws/install/turtlebot3_msgs/include/turtlebot3_msgs/msg/detail
[33.228s] -- Installing: /home/terranova/uav_ws/install/turtlebot3_msgs/include/turtlebot3_msgs/msg/detail/dds_fastrtps
[33.228s] -- Installing: /home/terranova/uav_ws/install/turtlebot3_msgs/include/turtlebot3_msgs/msg/detail/sound__rosidl_typesupport_fastrtps_cpp.hpp
[33.228s] -- Installing: /home/terranova/uav_ws/install/turtlebot3_msgs/include/turtlebot3_msgs/msg/detail/sensor_state__rosidl_typesupport_fastrtps_cpp.hpp
[33.229s] -- Installing: /home/terranova/uav_ws/install/turtlebot3_msgs/include/turtlebot3_msgs/msg/detail/version_info__rosidl_typesupport_fastrtps_cpp.hpp
[33.229s] -- Up-to-date: /home/terranova/uav_ws/install/turtlebot3_msgs/include/turtlebot3_msgs/srv
[33.229s] -- Up-to-date: /home/terranova/uav_ws/install/turtlebot3_msgs/include/turtlebot3_msgs/srv/detail
[33.229s] -- Installing: /home/terranova/uav_ws/install/turtlebot3_msgs/include/turtlebot3_msgs/srv/detail/dds_fastrtps
[33.230s] -- Installing: /home/terranova/uav_ws/install/turtlebot3_msgs/include/turtlebot3_msgs/srv/detail/dqn__rosidl_typesupport_fastrtps_cpp.hpp
[33.230s] -- Installing: /home/terranova/uav_ws/install/turtlebot3_msgs/include/turtlebot3_msgs/srv/detail/sound__rosidl_typesupport_fastrtps_cpp.hpp
[33.230s] -- Up-to-date: /home/terranova/uav_ws/install/turtlebot3_msgs/include/turtlebot3_msgs/action
[33.230s] -- Up-to-date: /home/terranova/uav_ws/install/turtlebot3_msgs/include/turtlebot3_msgs/action/detail
[33.231s] -- Installing: /home/terranova/uav_ws/install/turtlebot3_msgs/include/turtlebot3_msgs/action/detail/dds_fastrtps
[33.231s] -- Installing: /home/terranova/uav_ws/install/turtlebot3_msgs/include/turtlebot3_msgs/action/detail/patrol__rosidl_typesupport_fastrtps_cpp.hpp
[33.231s] -- Installing: /home/terranova/uav_ws/install/turtlebot3_msgs/lib/libturtlebot3_msgs__rosidl_typesupport_fastrtps_cpp.so
[33.231s] -- Set non-toolchain portion of runtime path of "/home/terranova/uav_ws/install/turtlebot3_msgs/lib/libturtlebot3_msgs__rosidl_typesupport_fastrtps_cpp.so" to ""
[33.232s] -- Up-to-date: /home/terranova/uav_ws/install/turtlebot3_msgs/include/turtlebot3_msgs
[33.232s] -- Up-to-date: /home/terranova/uav_ws/install/turtlebot3_msgs/include/turtlebot3_msgs/msg
[33.232s] -- Up-to-date: /home/terranova/uav_ws/install/turtlebot3_msgs/include/turtlebot3_msgs/msg/detail
[33.233s] -- Installing: /home/terranova/uav_ws/install/turtlebot3_msgs/include/turtlebot3_msgs/msg/detail/version_info__type_support.c
[33.235s] -- Installing: /home/terranova/uav_ws/install/turtlebot3_msgs/include/turtlebot3_msgs/msg/detail/sound__rosidl_typesupport_introspection_c.h
[33.235s] -- Installing: /home/terranova/uav_ws/install/turtlebot3_msgs/include/turtlebot3_msgs/msg/detail/sensor_state__rosidl_typesupport_introspection_c.h
[33.236s] -- Installing: /home/terranova/uav_ws/install/turtlebot3_msgs/include/turtlebot3_msgs/msg/detail/sensor_state__type_support.c
[33.236s] -- Installing: /home/terranova/uav_ws/install/turtlebot3_msgs/include/turtlebot3_msgs/msg/detail/version_info__rosidl_typesupport_introspection_c.h
[33.236s] -- Installing: /home/terranova/uav_ws/install/turtlebot3_msgs/include/turtlebot3_msgs/msg/detail/sound__type_support.c
[33.236s] -- Installing: /home/terranova/uav_ws/install/turtlebot3_msgs/include/turtlebot3_msgs/msg/rosidl_typesupport_introspection_c__visibility_control.h
[33.237s] -- Up-to-date: /home/terranova/uav_ws/install/turtlebot3_msgs/include/turtlebot3_msgs/srv
[33.237s] -- Up-to-date: /home/terranova/uav_ws/install/turtlebot3_msgs/include/turtlebot3_msgs/srv/detail
[33.237s] -- Installing: /home/terranova/uav_ws/install/turtlebot3_msgs/include/turtlebot3_msgs/srv/detail/dqn__type_support.c
[33.240s] -- Installing: /home/terranova/uav_ws/install/turtlebot3_msgs/include/turtlebot3_msgs/srv/detail/sound__rosidl_typesupport_introspection_c.h
[33.241s] -- Installing: /home/terranova/uav_ws/install/turtlebot3_msgs/include/turtlebot3_msgs/srv/detail/dqn__rosidl_typesupport_introspection_c.h
[33.241s] -- Installing: /home/terranova/uav_ws/install/turtlebot3_msgs/include/turtlebot3_msgs/srv/detail/sound__type_support.c
[33.241s] -- Up-to-date: /home/terranova/uav_ws/install/turtlebot3_msgs/include/turtlebot3_msgs/action
[33.242s] -- Up-to-date: /home/terranova/uav_ws/install/turtlebot3_msgs/include/turtlebot3_msgs/action/detail
[33.242s] -- Installing: /home/terranova/uav_ws/install/turtlebot3_msgs/include/turtlebot3_msgs/action/detail/patrol__rosidl_typesupport_introspection_c.h
[33.242s] -- Installing: /home/terranova/uav_ws/install/turtlebot3_msgs/include/turtlebot3_msgs/action/detail/patrol__type_support.c
[33.243s] -- Installing: /home/terranova/uav_ws/install/turtlebot3_msgs/lib/libturtlebot3_msgs__rosidl_typesupport_introspection_c.so
[33.249s] -- Set non-toolchain portion of runtime path of "/home/terranova/uav_ws/install/turtlebot3_msgs/lib/libturtlebot3_msgs__rosidl_typesupport_introspection_c.so" to ""
[33.249s] -- Installing: /home/terranova/uav_ws/install/turtlebot3_msgs/lib/libturtlebot3_msgs__rosidl_typesupport_c.so
[33.250s] -- Set non-toolchain portion of runtime path of "/home/terranova/uav_ws/install/turtlebot3_msgs/lib/libturtlebot3_msgs__rosidl_typesupport_c.so" to ""
[33.250s] -- Up-to-date: /home/terranova/uav_ws/install/turtlebot3_msgs/include/turtlebot3_msgs
[33.250s] -- Up-to-date: /home/terranova/uav_ws/install/turtlebot3_msgs/include/turtlebot3_msgs/msg
[33.250s] -- Installing: /home/terranova/uav_ws/install/turtlebot3_msgs/include/turtlebot3_msgs/msg/sensor_state.hpp
[33.251s] -- Installing: /home/terranova/uav_ws/install/turtlebot3_msgs/include/turtlebot3_msgs/msg/sound.hpp
[33.251s] -- Installing: /home/terranova/uav_ws/install/turtlebot3_msgs/include/turtlebot3_msgs/msg/version_info.hpp
[33.251s] -- Installing: /home/terranova/uav_ws/install/turtlebot3_msgs/include/turtlebot3_msgs/msg/rosidl_generator_cpp__visibility_control.hpp
[33.251s] -- Up-to-date: /home/terranova/uav_ws/install/turtlebot3_msgs/include/turtlebot3_msgs/msg/detail
[33.252s] -- Installing: /home/terranova/uav_ws/install/turtlebot3_msgs/include/turtlebot3_msgs/msg/detail/sound__builder.hpp
[33.252s] -- Installing: /home/terranova/uav_ws/install/turtlebot3_msgs/include/turtlebot3_msgs/msg/detail/sensor_state__builder.hpp
[33.252s] -- Installing: /home/terranova/uav_ws/install/turtlebot3_msgs/include/turtlebot3_msgs/msg/detail/version_info__traits.hpp
[33.252s] -- Installing: /home/terranova/uav_ws/install/turtlebot3_msgs/include/turtlebot3_msgs/msg/detail/sound__type_support.hpp
[33.252s] -- Installing: /home/terranova/uav_ws/install/turtlebot3_msgs/include/turtlebot3_msgs/msg/detail/sensor_state__traits.hpp
[33.253s] -- Installing: /home/terranova/uav_ws/install/turtlebot3_msgs/include/turtlebot3_msgs/msg/detail/sensor_state__struct.hpp
[33.253s] -- Installing: /home/terranova/uav_ws/install/turtlebot3_msgs/include/turtlebot3_msgs/msg/detail/sensor_state__type_support.hpp
[33.253s] -- Installing: /home/terranova/uav_ws/install/turtlebot3_msgs/include/turtlebot3_msgs/msg/detail/version_info__struct.hpp
[33.253s] -- Installing: /home/terranova/uav_ws/install/turtlebot3_msgs/include/turtlebot3_msgs/msg/detail/sound__struct.hpp
[33.254s] -- Installing: /home/terranova/uav_ws/install/turtlebot3_msgs/include/turtlebot3_msgs/msg/detail/sound__traits.hpp
[33.254s] -- Installing: /home/terranova/uav_ws/install/turtlebot3_msgs/include/turtlebot3_msgs/msg/detail/version_info__builder.hpp
[33.254s] -- Installing: /home/terranova/uav_ws/install/turtlebot3_msgs/include/turtlebot3_msgs/msg/detail/version_info__type_support.hpp
[33.254s] -- Up-to-date: /home/terranova/uav_ws/install/turtlebot3_msgs/include/turtlebot3_msgs/srv
[33.254s] -- Installing: /home/terranova/uav_ws/install/turtlebot3_msgs/include/turtlebot3_msgs/srv/dqn.hpp
[33.254s] -- Installing: /home/terranova/uav_ws/install/turtlebot3_msgs/include/turtlebot3_msgs/srv/sound.hpp
[33.255s] -- Up-to-date: /home/terranova/uav_ws/install/turtlebot3_msgs/include/turtlebot3_msgs/srv/detail
[33.257s] -- Installing: /home/terranova/uav_ws/install/turtlebot3_msgs/include/turtlebot3_msgs/srv/detail/sound__builder.hpp
[33.258s] -- Installing: /home/terranova/uav_ws/install/turtlebot3_msgs/include/turtlebot3_msgs/srv/detail/sound__type_support.hpp
[33.258s] -- Installing: /home/terranova/uav_ws/install/turtlebot3_msgs/include/turtlebot3_msgs/srv/detail/dqn__type_support.hpp
[33.258s] -- Installing: /home/terranova/uav_ws/install/turtlebot3_msgs/include/turtlebot3_msgs/srv/detail/dqn__builder.hpp
[33.258s] -- Installing: /home/terranova/uav_ws/install/turtlebot3_msgs/include/turtlebot3_msgs/srv/detail/dqn__struct.hpp
[33.258s] -- Installing: /home/terranova/uav_ws/install/turtlebot3_msgs/include/turtlebot3_msgs/srv/detail/dqn__traits.hpp
[33.259s] -- Installing: /home/terranova/uav_ws/install/turtlebot3_msgs/include/turtlebot3_msgs/srv/detail/sound__struct.hpp
[33.259s] -- Installing: /home/terranova/uav_ws/install/turtlebot3_msgs/include/turtlebot3_msgs/srv/detail/sound__traits.hpp
[33.259s] -- Up-to-date: /home/terranova/uav_ws/install/turtlebot3_msgs/include/turtlebot3_msgs/action
[33.259s] -- Installing: /home/terranova/uav_ws/install/turtlebot3_msgs/include/turtlebot3_msgs/action/patrol.hpp
[33.260s] -- Up-to-date: /home/terranova/uav_ws/install/turtlebot3_msgs/include/turtlebot3_msgs/action/detail
[33.260s] -- Installing: /home/terranova/uav_ws/install/turtlebot3_msgs/include/turtlebot3_msgs/action/detail/patrol__struct.hpp
[33.260s] -- Installing: /home/terranova/uav_ws/install/turtlebot3_msgs/include/turtlebot3_msgs/action/detail/patrol__type_support.hpp
[33.260s] -- Installing: /home/terranova/uav_ws/install/turtlebot3_msgs/include/turtlebot3_msgs/action/detail/patrol__traits.hpp
[33.260s] -- Installing: /home/terranova/uav_ws/install/turtlebot3_msgs/include/turtlebot3_msgs/action/detail/patrol__builder.hpp
[33.260s] -- Up-to-date: /home/terranova/uav_ws/install/turtlebot3_msgs/include/turtlebot3_msgs
[33.261s] -- Up-to-date: /home/terranova/uav_ws/install/turtlebot3_msgs/include/turtlebot3_msgs/msg
[33.261s] -- Up-to-date: /home/terranova/uav_ws/install/turtlebot3_msgs/include/turtlebot3_msgs/msg/detail
[33.261s] -- Installing: /home/terranova/uav_ws/install/turtlebot3_msgs/include/turtlebot3_msgs/msg/detail/sensor_state__rosidl_typesupport_introspection_cpp.hpp
[33.261s] -- Installing: /home/terranova/uav_ws/install/turtlebot3_msgs/include/turtlebot3_msgs/msg/detail/version_info__rosidl_typesupport_introspection_cpp.hpp
[33.261s] -- Installing: /home/terranova/uav_ws/install/turtlebot3_msgs/include/turtlebot3_msgs/msg/detail/version_info__type_support.cpp
[33.262s] -- Installing: /home/terranova/uav_ws/install/turtlebot3_msgs/include/turtlebot3_msgs/msg/detail/sound__rosidl_typesupport_introspection_cpp.hpp
[33.262s] -- Installing: /home/terranova/uav_ws/install/turtlebot3_msgs/include/turtlebot3_msgs/msg/detail/sensor_state__type_support.cpp
[33.262s] -- Installing: /home/terranova/uav_ws/install/turtlebot3_msgs/include/turtlebot3_msgs/msg/detail/sound__type_support.cpp
[33.262s] -- Up-to-date: /home/terranova/uav_ws/install/turtlebot3_msgs/include/turtlebot3_msgs/srv
[33.262s] -- Up-to-date: /home/terranova/uav_ws/install/turtlebot3_msgs/include/turtlebot3_msgs/srv/detail
[33.262s] -- Installing: /home/terranova/uav_ws/install/turtlebot3_msgs/include/turtlebot3_msgs/srv/detail/dqn__rosidl_typesupport_introspection_cpp.hpp
[33.263s] -- Installing: /home/terranova/uav_ws/install/turtlebot3_msgs/include/turtlebot3_msgs/srv/detail/sound__rosidl_typesupport_introspection_cpp.hpp
[33.263s] -- Installing: /home/terranova/uav_ws/install/turtlebot3_msgs/include/turtlebot3_msgs/srv/detail/dqn__type_support.cpp
[33.263s] -- Installing: /home/terranova/uav_ws/install/turtlebot3_msgs/include/turtlebot3_msgs/srv/detail/sound__type_support.cpp
[33.263s] -- Up-to-date: /home/terranova/uav_ws/install/turtlebot3_msgs/include/turtlebot3_msgs/action
[33.263s] -- Up-to-date: /home/terranova/uav_ws/install/turtlebot3_msgs/include/turtlebot3_msgs/action/detail
[33.263s] -- Installing: /home/terranova/uav_ws/install/turtlebot3_msgs/include/turtlebot3_msgs/action/detail/patrol__type_support.cpp
[33.264s] -- Installing: /home/terranova/uav_ws/install/turtlebot3_msgs/include/turtlebot3_msgs/action/detail/patrol__rosidl_typesupport_introspection_cpp.hpp
[33.264s] -- Installing: /home/terranova/uav_ws/install/turtlebot3_msgs/lib/libturtlebot3_msgs__rosidl_typesupport_introspection_cpp.so
[33.264s] -- Set non-toolchain portion of runtime path of "/home/terranova/uav_ws/install/turtlebot3_msgs/lib/libturtlebot3_msgs__rosidl_typesupport_introspection_cpp.so" to ""
[33.264s] -- Installing: /home/terranova/uav_ws/install/turtlebot3_msgs/lib/libturtlebot3_msgs__rosidl_typesupport_cpp.so
[33.264s] -- Set non-toolchain portion of runtime path of "/home/terranova/uav_ws/install/turtlebot3_msgs/lib/libturtlebot3_msgs__rosidl_typesupport_cpp.so" to ""
[33.264s] -- Installing: /home/terranova/uav_ws/install/turtlebot3_msgs/share/turtlebot3_msgs/environment/pythonpath.sh
[33.265s] -- Installing: /home/terranova/uav_ws/install/turtlebot3_msgs/share/turtlebot3_msgs/environment/pythonpath.dsv
[33.265s] -- Installing: /home/terranova/uav_ws/install/turtlebot3_msgs/lib/python3.8/site-packages/turtlebot3_msgs/__init__.py
[33.350s] Compiling '/home/terranova/uav_ws/install/turtlebot3_msgs/lib/python3.8/site-packages/turtlebot3_msgs/__init__.py'...
[33.365s] -- Installing: /home/terranova/uav_ws/install/turtlebot3_msgs/lib/python3.8/site-packages/turtlebot3_msgs/msg
[33.365s] -- Installing: /home/terranova/uav_ws/install/turtlebot3_msgs/lib/python3.8/site-packages/turtlebot3_msgs/msg/_sensor_state_s.c
[33.366s] -- Installing: /home/terranova/uav_ws/install/turtlebot3_msgs/lib/python3.8/site-packages/turtlebot3_msgs/msg/_version_info.py
[33.366s] -- Installing: /home/terranova/uav_ws/install/turtlebot3_msgs/lib/python3.8/site-packages/turtlebot3_msgs/msg/_sound.py
[33.367s] -- Installing: /home/terranova/uav_ws/install/turtlebot3_msgs/lib/python3.8/site-packages/turtlebot3_msgs/msg/__init__.py
[33.367s] -- Installing: /home/terranova/uav_ws/install/turtlebot3_msgs/lib/python3.8/site-packages/turtlebot3_msgs/msg/_sound_s.c
[33.368s] -- Installing: /home/terranova/uav_ws/install/turtlebot3_msgs/lib/python3.8/site-packages/turtlebot3_msgs/msg/_sensor_state.py
[33.368s] -- Installing: /home/terranova/uav_ws/install/turtlebot3_msgs/lib/python3.8/site-packages/turtlebot3_msgs/msg/_version_info_s.c
[33.371s] -- Installing: /home/terranova/uav_ws/install/turtlebot3_msgs/lib/python3.8/site-packages/turtlebot3_msgs/srv
[33.371s] -- Installing: /home/terranova/uav_ws/install/turtlebot3_msgs/lib/python3.8/site-packages/turtlebot3_msgs/srv/_dqn_s.c
[33.372s] -- Installing: /home/terranova/uav_ws/install/turtlebot3_msgs/lib/python3.8/site-packages/turtlebot3_msgs/srv/_dqn.py
[33.372s] -- Installing: /home/terranova/uav_ws/install/turtlebot3_msgs/lib/python3.8/site-packages/turtlebot3_msgs/srv/_sound.py
[33.372s] -- Installing: /home/terranova/uav_ws/install/turtlebot3_msgs/lib/python3.8/site-packages/turtlebot3_msgs/srv/__init__.py
[33.372s] -- Installing: /home/terranova/uav_ws/install/turtlebot3_msgs/lib/python3.8/site-packages/turtlebot3_msgs/srv/_sound_s.c
[33.373s] -- Installing: /home/terranova/uav_ws/install/turtlebot3_msgs/lib/python3.8/site-packages/turtlebot3_msgs/action
[33.373s] -- Installing: /home/terranova/uav_ws/install/turtlebot3_msgs/lib/python3.8/site-packages/turtlebot3_msgs/action/_patrol.py
[33.373s] -- Installing: /home/terranova/uav_ws/install/turtlebot3_msgs/lib/python3.8/site-packages/turtlebot3_msgs/action/__init__.py
[33.373s] -- Installing: /home/terranova/uav_ws/install/turtlebot3_msgs/lib/python3.8/site-packages/turtlebot3_msgs/action/_patrol_s.c
[33.373s] -- Installing: /home/terranova/uav_ws/install/turtlebot3_msgs/lib/python3.8/site-packages/turtlebot3_msgs/turtlebot3_msgs_s__rosidl_typesupport_fastrtps_c.cpython-38-x86_64-linux-gnu.so
[33.374s] -- Set non-toolchain portion of runtime path of "/home/terranova/uav_ws/install/turtlebot3_msgs/lib/python3.8/site-packages/turtlebot3_msgs/turtlebot3_msgs_s__rosidl_typesupport_fastrtps_c.cpython-38-x86_64-linux-gnu.so" to ""
[33.374s] -- Installing: /home/terranova/uav_ws/install/turtlebot3_msgs/lib/python3.8/site-packages/turtlebot3_msgs/turtlebot3_msgs_s__rosidl_typesupport_introspection_c.cpython-38-x86_64-linux-gnu.so
[33.379s] -- Set non-toolchain portion of runtime path of "/home/terranova/uav_ws/install/turtlebot3_msgs/lib/python3.8/site-packages/turtlebot3_msgs/turtlebot3_msgs_s__rosidl_typesupport_introspection_c.cpython-38-x86_64-linux-gnu.so" to ""
[33.383s] -- Installing: /home/terranova/uav_ws/install/turtlebot3_msgs/lib/python3.8/site-packages/turtlebot3_msgs/turtlebot3_msgs_s__rosidl_typesupport_c.cpython-38-x86_64-linux-gnu.so
[33.384s] -- Set non-toolchain portion of runtime path of "/home/terranova/uav_ws/install/turtlebot3_msgs/lib/python3.8/site-packages/turtlebot3_msgs/turtlebot3_msgs_s__rosidl_typesupport_c.cpython-38-x86_64-linux-gnu.so" to ""
[33.384s] -- Installing: /home/terranova/uav_ws/install/turtlebot3_msgs/lib/libturtlebot3_msgs__python.so
[33.384s] -- Set non-toolchain portion of runtime path of "/home/terranova/uav_ws/install/turtlebot3_msgs/lib/libturtlebot3_msgs__python.so" to ""
[33.384s] -- Installing: /home/terranova/uav_ws/install/turtlebot3_msgs/share/turtlebot3_msgs/msg/SensorState.idl
[33.385s] -- Installing: /home/terranova/uav_ws/install/turtlebot3_msgs/share/turtlebot3_msgs/msg/Sound.idl
[33.385s] -- Installing: /home/terranova/uav_ws/install/turtlebot3_msgs/share/turtlebot3_msgs/msg/VersionInfo.idl
[33.385s] -- Installing: /home/terranova/uav_ws/install/turtlebot3_msgs/share/turtlebot3_msgs/srv/Sound.idl
[33.385s] -- Installing: /home/terranova/uav_ws/install/turtlebot3_msgs/share/turtlebot3_msgs/srv/Dqn.idl
[33.386s] -- Installing: /home/terranova/uav_ws/install/turtlebot3_msgs/share/turtlebot3_msgs/action/Patrol.idl
[33.386s] -- Installing: /home/terranova/uav_ws/install/turtlebot3_msgs/share/turtlebot3_msgs/msg/SensorState.msg
[33.386s] -- Installing: /home/terranova/uav_ws/install/turtlebot3_msgs/share/turtlebot3_msgs/msg/Sound.msg
[33.386s] -- Installing: /home/terranova/uav_ws/install/turtlebot3_msgs/share/turtlebot3_msgs/msg/VersionInfo.msg
[33.387s] -- Installing: /home/terranova/uav_ws/install/turtlebot3_msgs/share/turtlebot3_msgs/srv/Sound.srv
[33.387s] -- Installing: /home/terranova/uav_ws/install/turtlebot3_msgs/share/turtlebot3_msgs/srv/Sound_Request.msg
[33.387s] -- Installing: /home/terranova/uav_ws/install/turtlebot3_msgs/share/turtlebot3_msgs/srv/Sound_Response.msg
[33.387s] -- Installing: /home/terranova/uav_ws/install/turtlebot3_msgs/share/turtlebot3_msgs/srv/Dqn.srv
[33.387s] -- Installing: /home/terranova/uav_ws/install/turtlebot3_msgs/share/turtlebot3_msgs/srv/Dqn_Request.msg
[33.388s] -- Installing: /home/terranova/uav_ws/install/turtlebot3_msgs/share/turtlebot3_msgs/srv/Dqn_Response.msg
[33.388s] -- Installing: /home/terranova/uav_ws/install/turtlebot3_msgs/share/turtlebot3_msgs/action/Patrol.action
[33.388s] -- Installing: /home/terranova/uav_ws/install/turtlebot3_msgs/share/ament_index/resource_index/package_run_dependencies/turtlebot3_msgs
[33.388s] -- Installing: /home/terranova/uav_ws/install/turtlebot3_msgs/share/ament_index/resource_index/parent_prefix_path/turtlebot3_msgs
[33.388s] -- Installing: /home/terranova/uav_ws/install/turtlebot3_msgs/share/turtlebot3_msgs/environment/ament_prefix_path.sh
[33.388s] -- Installing: /home/terranova/uav_ws/install/turtlebot3_msgs/share/turtlebot3_msgs/environment/ament_prefix_path.dsv
[33.389s] -- Installing: /home/terranova/uav_ws/install/turtlebot3_msgs/share/turtlebot3_msgs/environment/path.sh
[33.389s] -- Installing: /home/terranova/uav_ws/install/turtlebot3_msgs/share/turtlebot3_msgs/environment/path.dsv
[33.389s] -- Installing: /home/terranova/uav_ws/install/turtlebot3_msgs/share/turtlebot3_msgs/local_setup.bash
[33.389s] -- Installing: /home/terranova/uav_ws/install/turtlebot3_msgs/share/turtlebot3_msgs/local_setup.sh
[33.389s] -- Installing: /home/terranova/uav_ws/install/turtlebot3_msgs/share/turtlebot3_msgs/local_setup.zsh
[33.389s] -- Installing: /home/terranova/uav_ws/install/turtlebot3_msgs/share/turtlebot3_msgs/local_setup.dsv
[33.390s] -- Installing: /home/terranova/uav_ws/install/turtlebot3_msgs/share/turtlebot3_msgs/package.dsv
[33.390s] -- Installing: /home/terranova/uav_ws/install/turtlebot3_msgs/share/ament_index/resource_index/packages/turtlebot3_msgs
[33.390s] -- Installing: /home/terranova/uav_ws/install/turtlebot3_msgs/share/turtlebot3_msgs/cmake/turtlebot3_msgs__rosidl_generator_cExport.cmake
[33.393s] -- Installing: /home/terranova/uav_ws/install/turtlebot3_msgs/share/turtlebot3_msgs/cmake/turtlebot3_msgs__rosidl_generator_cExport-noconfig.cmake
[33.395s] -- Installing: /home/terranova/uav_ws/install/turtlebot3_msgs/share/turtlebot3_msgs/cmake/turtlebot3_msgs__rosidl_typesupport_introspection_cExport.cmake
[33.397s] -- Installing: /home/terranova/uav_ws/install/turtlebot3_msgs/share/turtlebot3_msgs/cmake/turtlebot3_msgs__rosidl_typesupport_introspection_cExport-noconfig.cmake
[33.398s] -- Installing: /home/terranova/uav_ws/install/turtlebot3_msgs/share/turtlebot3_msgs/cmake/turtlebot3_msgs__rosidl_typesupport_cExport.cmake
[33.398s] -- Installing: /home/terranova/uav_ws/install/turtlebot3_msgs/share/turtlebot3_msgs/cmake/turtlebot3_msgs__rosidl_typesupport_cExport-noconfig.cmake
[33.398s] -- Installing: /home/terranova/uav_ws/install/turtlebot3_msgs/share/turtlebot3_msgs/cmake/turtlebot3_msgs__rosidl_generator_cppExport.cmake
[33.398s] -- Installing: /home/terranova/uav_ws/install/turtlebot3_msgs/share/turtlebot3_msgs/cmake/turtlebot3_msgs__rosidl_typesupport_introspection_cppExport.cmake
[33.398s] -- Installing: /home/terranova/uav_ws/install/turtlebot3_msgs/share/turtlebot3_msgs/cmake/turtlebot3_msgs__rosidl_typesupport_introspection_cppExport-noconfig.cmake
[33.403s] -- Installing: /home/terranova/uav_ws/install/turtlebot3_msgs/share/turtlebot3_msgs/cmake/turtlebot3_msgs__rosidl_typesupport_cppExport.cmake
[33.403s] -- Installing: /home/terranova/uav_ws/install/turtlebot3_msgs/share/turtlebot3_msgs/cmake/turtlebot3_msgs__rosidl_typesupport_cppExport-noconfig.cmake
[33.404s] -- Installing: /home/terranova/uav_ws/install/turtlebot3_msgs/share/turtlebot3_msgs/cmake/rosidl_cmake-extras.cmake
[33.404s] -- Installing: /home/terranova/uav_ws/install/turtlebot3_msgs/share/turtlebot3_msgs/cmake/ament_cmake_export_dependencies-extras.cmake
[33.404s] -- Installing: /home/terranova/uav_ws/install/turtlebot3_msgs/share/turtlebot3_msgs/cmake/ament_cmake_export_libraries-extras.cmake
[33.404s] -- Installing: /home/terranova/uav_ws/install/turtlebot3_msgs/share/turtlebot3_msgs/cmake/ament_cmake_export_targets-extras.cmake
[33.404s] -- Installing: /home/terranova/uav_ws/install/turtlebot3_msgs/share/turtlebot3_msgs/cmake/ament_cmake_export_include_directories-extras.cmake
[33.404s] -- Installing: /home/terranova/uav_ws/install/turtlebot3_msgs/share/turtlebot3_msgs/cmake/rosidl_cmake_export_typesupport_libraries-extras.cmake
[33.405s] -- Installing: /home/terranova/uav_ws/install/turtlebot3_msgs/share/turtlebot3_msgs/cmake/rosidl_cmake_export_typesupport_targets-extras.cmake
[33.405s] -- Installing: /home/terranova/uav_ws/install/turtlebot3_msgs/share/turtlebot3_msgs/cmake/turtlebot3_msgsConfig.cmake
[33.405s] -- Installing: /home/terranova/uav_ws/install/turtlebot3_msgs/share/turtlebot3_msgs/cmake/turtlebot3_msgsConfig-version.cmake
[33.405s] -- Installing: /home/terranova/uav_ws/install/turtlebot3_msgs/share/turtlebot3_msgs/package.xml
[33.415s] Invoked command in '/home/terranova/uav_ws/build/turtlebot3_msgs' returned '0': CMAKE_PREFIX_PATH=${CMAKE_PREFIX_PATH}:/home/terranova/uav_ws/install/turtlebot3_teleop:/home/terranova/uav_ws/install/turtlebot3_example:/home/terranova/uav_ws/install/opencv_tests:/home/terranova/uav_ws/install/joint_state_publisher_gui:/home/terranova/uav_ws/install/joint_state_publisher:/opt/ros/foxy /home/terranova/.local/bin/cmake --install /home/terranova/uav_ws/build/turtlebot3_msgs
