[0.204s] Invoking command in '/home/terranova/uav_ws/build/turtlebot3_fake_node': AMENT_PREFIX_PATH=/home/terranova/uav_ws/install/turtlebot3_msgs:${AMENT_PREFIX_PATH} CMAKE_PREFIX_PATH=/home/terranova/uav_ws/install/turtlebot3_msgs:/opt/ros/foxy LD_LIBRARY_PATH=/home/terranova/uav_ws/install/turtlebot3_msgs/lib:/opt/ros/foxy/opt/yaml_cpp_vendor/lib:/opt/ros/foxy/opt/rviz_ogre_vendor/lib:/opt/ros/foxy/lib/x86_64-linux-gnu:/opt/ros/foxy/lib:/usr/lib/x86_64-linux-gnu/gazebo-11/plugins:/usr/lib/x86_64-linux-gnu/gazebo-11/plugins:/usr/lib/x86_64-linux-gnu/gazebo-11/plugins PYTHONPATH=/home/terranova/uav_ws/install/turtlebot3_msgs/lib/python3.8/site-packages:/opt/ros/foxy/lib/python3.8/site-packages:/home/terranova/.local/bin /home/terranova/.local/bin/cmake --build /home/terranova/uav_ws/build/turtlebot3_fake_node -- -j4 -l4
[1.233s] [100%] Built target turtlebot3_fake_node
[1.358s] Invoked command in '/home/terranova/uav_ws/build/turtlebot3_fake_node' returned '0': AMENT_PREFIX_PATH=/home/terranova/uav_ws/install/turtlebot3_msgs:${AMENT_PREFIX_PATH} CMAKE_PREFIX_PATH=/home/terranova/uav_ws/install/turtlebot3_msgs:/opt/ros/foxy LD_LIBRARY_PATH=/home/terranova/uav_ws/install/turtlebot3_msgs/lib:/opt/ros/foxy/opt/yaml_cpp_vendor/lib:/opt/ros/foxy/opt/rviz_ogre_vendor/lib:/opt/ros/foxy/lib/x86_64-linux-gnu:/opt/ros/foxy/lib:/usr/lib/x86_64-linux-gnu/gazebo-11/plugins:/usr/lib/x86_64-linux-gnu/gazebo-11/plugins:/usr/lib/x86_64-linux-gnu/gazebo-11/plugins PYTHONPATH=/home/terranova/uav_ws/install/turtlebot3_msgs/lib/python3.8/site-packages:/opt/ros/foxy/lib/python3.8/site-packages:/home/terranova/.local/bin /home/terranova/.local/bin/cmake --build /home/terranova/uav_ws/build/turtlebot3_fake_node -- -j4 -l4
[1.984s] Invoking command in '/home/terranova/uav_ws/build/turtlebot3_fake_node': AMENT_PREFIX_PATH=/home/terranova/uav_ws/install/turtlebot3_msgs:${AMENT_PREFIX_PATH} CMAKE_PREFIX_PATH=/home/terranova/uav_ws/install/turtlebot3_msgs:/opt/ros/foxy LD_LIBRARY_PATH=/home/terranova/uav_ws/install/turtlebot3_msgs/lib:/opt/ros/foxy/opt/yaml_cpp_vendor/lib:/opt/ros/foxy/opt/rviz_ogre_vendor/lib:/opt/ros/foxy/lib/x86_64-linux-gnu:/opt/ros/foxy/lib:/usr/lib/x86_64-linux-gnu/gazebo-11/plugins:/usr/lib/x86_64-linux-gnu/gazebo-11/plugins:/usr/lib/x86_64-linux-gnu/gazebo-11/plugins PYTHONPATH=/home/terranova/uav_ws/install/turtlebot3_msgs/lib/python3.8/site-packages:/opt/ros/foxy/lib/python3.8/site-packages:/home/terranova/.local/bin /home/terranova/.local/bin/cmake --install /home/terranova/uav_ws/build/turtlebot3_fake_node
[2.292s] -- Install configuration: ""
[2.292s] -- Up-to-date: /home/terranova/uav_ws/install/turtlebot3_fake_node/lib/turtlebot3_fake_node/turtlebot3_fake_node
[2.299s] -- Up-to-date: /home/terranova/uav_ws/install/turtlebot3_fake_node/share/turtlebot3_fake_node/launch
[2.299s] -- Up-to-date: /home/terranova/uav_ws/install/turtlebot3_fake_node/share/turtlebot3_fake_node/launch/turtlebot3_fake_node.launch.py
[2.300s] -- Up-to-date: /home/terranova/uav_ws/install/turtlebot3_fake_node/share/turtlebot3_fake_node/launch/rviz2.launch.py
[2.301s] -- Up-to-date: /home/terranova/uav_ws/install/turtlebot3_fake_node/share/turtlebot3_fake_node/param
[2.301s] -- Up-to-date: /home/terranova/uav_ws/install/turtlebot3_fake_node/share/turtlebot3_fake_node/param/waffle_pi.yaml
[2.304s] -- Up-to-date: /home/terranova/uav_ws/install/turtlebot3_fake_node/share/turtlebot3_fake_node/param/waffle.yaml
[2.304s] -- Up-to-date: /home/terranova/uav_ws/install/turtlebot3_fake_node/share/turtlebot3_fake_node/param/burger.yaml
[2.304s] -- Up-to-date: /home/terranova/uav_ws/install/turtlebot3_fake_node/share/turtlebot3_fake_node/rviz
[2.305s] -- Up-to-date: /home/terranova/uav_ws/install/turtlebot3_fake_node/share/turtlebot3_fake_node/rviz/model.rviz
[2.305s] -- Up-to-date: /home/terranova/uav_ws/install/turtlebot3_fake_node/include/
[2.305s] -- Up-to-date: /home/terranova/uav_ws/install/turtlebot3_fake_node/include//turtlebot3_fake_node
[2.306s] -- Up-to-date: /home/terranova/uav_ws/install/turtlebot3_fake_node/include//turtlebot3_fake_node/turtlebot3_fake_node.hpp
[2.306s] -- Up-to-date: /home/terranova/uav_ws/install/turtlebot3_fake_node/share/ament_index/resource_index/package_run_dependencies/turtlebot3_fake_node
[2.306s] -- Up-to-date: /home/terranova/uav_ws/install/turtlebot3_fake_node/share/ament_index/resource_index/parent_prefix_path/turtlebot3_fake_node
[2.307s] -- Up-to-date: /home/terranova/uav_ws/install/turtlebot3_fake_node/share/turtlebot3_fake_node/environment/ament_prefix_path.sh
[2.307s] -- Up-to-date: /home/terranova/uav_ws/install/turtlebot3_fake_node/share/turtlebot3_fake_node/environment/ament_prefix_path.dsv
[2.307s] -- Up-to-date: /home/terranova/uav_ws/install/turtlebot3_fake_node/share/turtlebot3_fake_node/environment/path.sh
[2.312s] -- Up-to-date: /home/terranova/uav_ws/install/turtlebot3_fake_node/share/turtlebot3_fake_node/environment/path.dsv
[2.313s] -- Up-to-date: /home/terranova/uav_ws/install/turtlebot3_fake_node/share/turtlebot3_fake_node/local_setup.bash
[2.313s] -- Up-to-date: /home/terranova/uav_ws/install/turtlebot3_fake_node/share/turtlebot3_fake_node/local_setup.sh
[2.314s] -- Up-to-date: /home/terranova/uav_ws/install/turtlebot3_fake_node/share/turtlebot3_fake_node/local_setup.zsh
[2.314s] -- Up-to-date: /home/terranova/uav_ws/install/turtlebot3_fake_node/share/turtlebot3_fake_node/local_setup.dsv
[2.321s] -- Installing: /home/terranova/uav_ws/install/turtlebot3_fake_node/share/turtlebot3_fake_node/package.dsv
[2.322s] -- Up-to-date: /home/terranova/uav_ws/install/turtlebot3_fake_node/share/ament_index/resource_index/packages/turtlebot3_fake_node
[2.322s] -- Up-to-date: /home/terranova/uav_ws/install/turtlebot3_fake_node/share/turtlebot3_fake_node/cmake/ament_cmake_export_include_directories-extras.cmake
[2.323s] -- Up-to-date: /home/terranova/uav_ws/install/turtlebot3_fake_node/share/turtlebot3_fake_node/cmake/ament_cmake_export_dependencies-extras.cmake
[2.323s] -- Up-to-date: /home/terranova/uav_ws/install/turtlebot3_fake_node/share/turtlebot3_fake_node/cmake/turtlebot3_fake_nodeConfig.cmake
[2.323s] -- Up-to-date: /home/terranova/uav_ws/install/turtlebot3_fake_node/share/turtlebot3_fake_node/cmake/turtlebot3_fake_nodeConfig-version.cmake
[2.340s] -- Up-to-date: /home/terranova/uav_ws/install/turtlebot3_fake_node/share/turtlebot3_fake_node/package.xml
[2.346s] Invoked command in '/home/terranova/uav_ws/build/turtlebot3_fake_node' returned '0': AMENT_PREFIX_PATH=/home/terranova/uav_ws/install/turtlebot3_msgs:${AMENT_PREFIX_PATH} CMAKE_PREFIX_PATH=/home/terranova/uav_ws/install/turtlebot3_msgs:/opt/ros/foxy LD_LIBRARY_PATH=/home/terranova/uav_ws/install/turtlebot3_msgs/lib:/opt/ros/foxy/opt/yaml_cpp_vendor/lib:/opt/ros/foxy/opt/rviz_ogre_vendor/lib:/opt/ros/foxy/lib/x86_64-linux-gnu:/opt/ros/foxy/lib:/usr/lib/x86_64-linux-gnu/gazebo-11/plugins:/usr/lib/x86_64-linux-gnu/gazebo-11/plugins:/usr/lib/x86_64-linux-gnu/gazebo-11/plugins PYTHONPATH=/home/terranova/uav_ws/install/turtlebot3_msgs/lib/python3.8/site-packages:/opt/ros/foxy/lib/python3.8/site-packages:/home/terranova/.local/bin /home/terranova/.local/bin/cmake --install /home/terranova/uav_ws/build/turtlebot3_fake_node
