[4.727s] Invoking command in '/home/terranova/uav_ws/src/turtlebot3/turtlebot3/turtlebot3_example': CMAKE_PREFIX_PATH=/home/terranova/uav_ws/install/turtlebot3_msgs:/home/terranova/uav_ws/install/cartographer_ros_msgs:/home/terranova/uav_ws/install/vision_opencv:/home/terranova/uav_ws/install/uav_gazebo:/home/terranova/uav_ws/install/uav_cartographer:/home/terranova/uav_ws/install/turtlebot3:/home/terranova/uav_ws/install/turtlebot3_simulations:/home/terranova/uav_ws/install/turtlebot3_bringup:/home/terranova/uav_ws/install/turtlebot3_node:/home/terranova/uav_ws/install/turtlebot3_navigation2:/home/terranova/uav_ws/install/turtlebot3_fake_node:/home/terranova/uav_ws/install/turtlebot3_gazebo:/home/terranova/uav_ws/install/turtlebot3_description:/home/terranova/uav_ws/install/turtlebot3_cartographer:/home/terranova/uav_ws/install/realsense_gazebo_plugin:/home/terranova/uav_ws/install/perception_pcl:/home/terranova/uav_ws/install/pcl_ros:/home/terranova/uav_ws/install/pcl_conversions:/home/terranova/uav_ws/install/pcl_msgs:/home/terranova/uav_ws/install/image_geometry:/home/terranova/uav_ws/install/hls_lfcd_lds_driver:/home/terranova/uav_ws/install/gazebo_ros_pkgs:/home/terranova/uav_ws/install/gazebo_plugins:/home/terranova/uav_ws/install/gazebo_ros:/home/terranova/uav_ws/install/gazebo_msgs:/home/terranova/uav_ws/install/gazebo_dev:/home/terranova/uav_ws/install/dynamixel_sdk_examples:/home/terranova/uav_ws/install/dynamixel_sdk_custom_interfaces:/home/terranova/uav_ws/install/dynamixel_sdk:/home/terranova/uav_ws/install/cv_bridge:/home/terranova/uav_ws/install/absl LD_LIBRARY_PATH=/home/terranova/uav_ws/install/turtlebot3_msgs/lib:/home/terranova/uav_ws/install/cartographer_ros_msgs/lib:/home/terranova/uav_ws/install/realsense_gazebo_plugin/lib:/home/terranova/uav_ws/install/pcl_ros/lib:/home/terranova/uav_ws/install/pcl_msgs/lib:/home/terranova/uav_ws/install/image_geometry/lib:/home/terranova/uav_ws/install/gazebo_plugins/lib:/home/terranova/uav_ws/install/gazebo_ros/lib:/home/terranova/uav_ws/install/gazebo_msgs/lib:/home/terranova/uav_ws/install/dynamixel_sdk_custom_interfaces/lib:/home/terranova/uav_ws/install/dynamixel_sdk/lib:/home/terranova/uav_ws/install/cv_bridge/lib:/opt/ros/foxy/opt/yaml_cpp_vendor/lib:/opt/ros/foxy/opt/rviz_ogre_vendor/lib:/opt/ros/foxy/lib/x86_64-linux-gnu:/opt/ros/foxy/lib:/usr/lib/x86_64-linux-gnu/gazebo-11/plugins PYTHONPATH=/home/terranova/uav_ws/build/turtlebot3_example/prefix_override:/home/terranova/uav_ws/install/turtlebot3_example/lib/python3.8/site-packages:/home/terranova/uav_ws/install/turtlebot3_msgs/lib/python3.8/site-packages:/home/terranova/uav_ws/install/cartographer_ros_msgs/lib/python3.8/site-packages:/home/terranova/uav_ws/install/turtlebot3_teleop/lib/python3.8/site-packages:/home/terranova/uav_ws/install/turtlebot3_example/lib/python3.8/site-packages:/home/terranova/uav_ws/install/pcl_msgs/lib/python3.8/site-packages:/home/terranova/uav_ws/install/opencv_tests/lib/python3.8/site-packages:/home/terranova/uav_ws/install/joint_state_publisher_gui/lib/python3.8/site-packages:/home/terranova/uav_ws/install/joint_state_publisher/lib/python3.8/site-packages:/home/terranova/uav_ws/install/image_geometry/lib/python3.8/site-packages:/home/terranova/uav_ws/install/gazebo_ros/lib/python3.8/site-packages:/home/terranova/uav_ws/install/gazebo_msgs/lib/python3.8/site-packages:/home/terranova/uav_ws/install/dynamixel_sdk_custom_interfaces/lib/python3.8/site-packages:/home/terranova/uav_ws/install/cv_bridge/lib/python3.8/site-packages:/opt/ros/foxy/lib/python3.8/site-packages:/home/terranova/.local/bin /usr/bin/python3 -W ignore:setup.py install is deprecated setup.py egg_info --egg-base ../../../../build/turtlebot3_example build --build-base /home/terranova/uav_ws/build/turtlebot3_example/build install --record /home/terranova/uav_ws/build/turtlebot3_example/install.log --single-version-externally-managed install_data
[5.750s] running egg_info
[5.759s] creating ../../../../build/turtlebot3_example/turtlebot3_example.egg-info
[5.886s] writing ../../../../build/turtlebot3_example/turtlebot3_example.egg-info/PKG-INFO
[5.888s] writing dependency_links to ../../../../build/turtlebot3_example/turtlebot3_example.egg-info/dependency_links.txt
[5.890s] writing entry points to ../../../../build/turtlebot3_example/turtlebot3_example.egg-info/entry_points.txt
[5.891s] writing requirements to ../../../../build/turtlebot3_example/turtlebot3_example.egg-info/requires.txt
[5.892s] writing top-level names to ../../../../build/turtlebot3_example/turtlebot3_example.egg-info/top_level.txt
[6.458s] writing manifest file '../../../../build/turtlebot3_example/turtlebot3_example.egg-info/SOURCES.txt'
[6.604s] reading manifest file '../../../../build/turtlebot3_example/turtlebot3_example.egg-info/SOURCES.txt'
[6.608s] writing manifest file '../../../../build/turtlebot3_example/turtlebot3_example.egg-info/SOURCES.txt'
[6.608s] running build
[6.609s] running build_py
[6.610s] creating /home/terranova/uav_ws/build/turtlebot3_example/build
[6.610s] creating /home/terranova/uav_ws/build/turtlebot3_example/build/lib
[6.611s] creating /home/terranova/uav_ws/build/turtlebot3_example/build/lib/turtlebot3_example
[6.611s] copying turtlebot3_example/__init__.py -> /home/terranova/uav_ws/build/turtlebot3_example/build/lib/turtlebot3_example
[6.613s] creating /home/terranova/uav_ws/build/turtlebot3_example/build/lib/turtlebot3_example/turtlebot3_obstacle_detection
[6.613s] copying turtlebot3_example/turtlebot3_obstacle_detection/main.py -> /home/terranova/uav_ws/build/turtlebot3_example/build/lib/turtlebot3_example/turtlebot3_obstacle_detection
[6.614s] copying turtlebot3_example/turtlebot3_obstacle_detection/turtlebot3_obstacle_detection.py -> /home/terranova/uav_ws/build/turtlebot3_example/build/lib/turtlebot3_example/turtlebot3_obstacle_detection
[6.615s] copying turtlebot3_example/turtlebot3_obstacle_detection/__init__.py -> /home/terranova/uav_ws/build/turtlebot3_example/build/lib/turtlebot3_example/turtlebot3_obstacle_detection
[6.616s] creating /home/terranova/uav_ws/build/turtlebot3_example/build/lib/turtlebot3_example/turtlebot3_patrol_client
[6.617s] copying turtlebot3_example/turtlebot3_patrol_client/main.py -> /home/terranova/uav_ws/build/turtlebot3_example/build/lib/turtlebot3_example/turtlebot3_patrol_client
[6.618s] copying turtlebot3_example/turtlebot3_patrol_client/__init__.py -> /home/terranova/uav_ws/build/turtlebot3_example/build/lib/turtlebot3_example/turtlebot3_patrol_client
[6.619s] copying turtlebot3_example/turtlebot3_patrol_client/turtlebot3_patrol_client.py -> /home/terranova/uav_ws/build/turtlebot3_example/build/lib/turtlebot3_example/turtlebot3_patrol_client
[6.620s] creating /home/terranova/uav_ws/build/turtlebot3_example/build/lib/turtlebot3_example/turtlebot3_patrol_server
[6.620s] copying turtlebot3_example/turtlebot3_patrol_server/main.py -> /home/terranova/uav_ws/build/turtlebot3_example/build/lib/turtlebot3_example/turtlebot3_patrol_server
[6.621s] copying turtlebot3_example/turtlebot3_patrol_server/turtlebot3_path.py -> /home/terranova/uav_ws/build/turtlebot3_example/build/lib/turtlebot3_example/turtlebot3_patrol_server
[6.622s] copying turtlebot3_example/turtlebot3_patrol_server/__init__.py -> /home/terranova/uav_ws/build/turtlebot3_example/build/lib/turtlebot3_example/turtlebot3_patrol_server
[6.623s] copying turtlebot3_example/turtlebot3_patrol_server/turtlebot3_patrol_server.py -> /home/terranova/uav_ws/build/turtlebot3_example/build/lib/turtlebot3_example/turtlebot3_patrol_server
[6.623s] creating /home/terranova/uav_ws/build/turtlebot3_example/build/lib/turtlebot3_example/turtlebot3_position_control
[6.624s] copying turtlebot3_example/turtlebot3_position_control/main.py -> /home/terranova/uav_ws/build/turtlebot3_example/build/lib/turtlebot3_example/turtlebot3_position_control
[6.625s] copying turtlebot3_example/turtlebot3_position_control/turtlebot3_path.py -> /home/terranova/uav_ws/build/turtlebot3_example/build/lib/turtlebot3_example/turtlebot3_position_control
[6.625s] copying turtlebot3_example/turtlebot3_position_control/turtlebot3_position_control.py -> /home/terranova/uav_ws/build/turtlebot3_example/build/lib/turtlebot3_example/turtlebot3_position_control
[6.627s] copying turtlebot3_example/turtlebot3_position_control/__init__.py -> /home/terranova/uav_ws/build/turtlebot3_example/build/lib/turtlebot3_example/turtlebot3_position_control
[6.636s] running install
[6.651s] running install_lib
[6.718s] creating /home/terranova/uav_ws/install/turtlebot3_example/lib/python3.8/site-packages/turtlebot3_example
[6.719s] creating /home/terranova/uav_ws/install/turtlebot3_example/lib/python3.8/site-packages/turtlebot3_example/turtlebot3_obstacle_detection
[6.719s] copying /home/terranova/uav_ws/build/turtlebot3_example/build/lib/turtlebot3_example/turtlebot3_obstacle_detection/main.py -> /home/terranova/uav_ws/install/turtlebot3_example/lib/python3.8/site-packages/turtlebot3_example/turtlebot3_obstacle_detection
[6.720s] copying /home/terranova/uav_ws/build/turtlebot3_example/build/lib/turtlebot3_example/turtlebot3_obstacle_detection/turtlebot3_obstacle_detection.py -> /home/terranova/uav_ws/install/turtlebot3_example/lib/python3.8/site-packages/turtlebot3_example/turtlebot3_obstacle_detection
[6.721s] copying /home/terranova/uav_ws/build/turtlebot3_example/build/lib/turtlebot3_example/turtlebot3_obstacle_detection/__init__.py -> /home/terranova/uav_ws/install/turtlebot3_example/lib/python3.8/site-packages/turtlebot3_example/turtlebot3_obstacle_detection
[6.721s] creating /home/terranova/uav_ws/install/turtlebot3_example/lib/python3.8/site-packages/turtlebot3_example/turtlebot3_patrol_client
[6.722s] copying /home/terranova/uav_ws/build/turtlebot3_example/build/lib/turtlebot3_example/turtlebot3_patrol_client/main.py -> /home/terranova/uav_ws/install/turtlebot3_example/lib/python3.8/site-packages/turtlebot3_example/turtlebot3_patrol_client
[6.722s] copying /home/terranova/uav_ws/build/turtlebot3_example/build/lib/turtlebot3_example/turtlebot3_patrol_client/__init__.py -> /home/terranova/uav_ws/install/turtlebot3_example/lib/python3.8/site-packages/turtlebot3_example/turtlebot3_patrol_client
[6.723s] copying /home/terranova/uav_ws/build/turtlebot3_example/build/lib/turtlebot3_example/turtlebot3_patrol_client/turtlebot3_patrol_client.py -> /home/terranova/uav_ws/install/turtlebot3_example/lib/python3.8/site-packages/turtlebot3_example/turtlebot3_patrol_client
[6.723s] creating /home/terranova/uav_ws/install/turtlebot3_example/lib/python3.8/site-packages/turtlebot3_example/turtlebot3_patrol_server
[6.723s] copying /home/terranova/uav_ws/build/turtlebot3_example/build/lib/turtlebot3_example/turtlebot3_patrol_server/main.py -> /home/terranova/uav_ws/install/turtlebot3_example/lib/python3.8/site-packages/turtlebot3_example/turtlebot3_patrol_server
[6.723s] copying /home/terranova/uav_ws/build/turtlebot3_example/build/lib/turtlebot3_example/turtlebot3_patrol_server/turtlebot3_path.py -> /home/terranova/uav_ws/install/turtlebot3_example/lib/python3.8/site-packages/turtlebot3_example/turtlebot3_patrol_server
[6.724s] copying /home/terranova/uav_ws/build/turtlebot3_example/build/lib/turtlebot3_example/turtlebot3_patrol_server/__init__.py -> /home/terranova/uav_ws/install/turtlebot3_example/lib/python3.8/site-packages/turtlebot3_example/turtlebot3_patrol_server
[6.724s] copying /home/terranova/uav_ws/build/turtlebot3_example/build/lib/turtlebot3_example/turtlebot3_patrol_server/turtlebot3_patrol_server.py -> /home/terranova/uav_ws/install/turtlebot3_example/lib/python3.8/site-packages/turtlebot3_example/turtlebot3_patrol_server
[6.724s] copying /home/terranova/uav_ws/build/turtlebot3_example/build/lib/turtlebot3_example/__init__.py -> /home/terranova/uav_ws/install/turtlebot3_example/lib/python3.8/site-packages/turtlebot3_example
[6.725s] creating /home/terranova/uav_ws/install/turtlebot3_example/lib/python3.8/site-packages/turtlebot3_example/turtlebot3_position_control
[6.725s] copying /home/terranova/uav_ws/build/turtlebot3_example/build/lib/turtlebot3_example/turtlebot3_position_control/main.py -> /home/terranova/uav_ws/install/turtlebot3_example/lib/python3.8/site-packages/turtlebot3_example/turtlebot3_position_control
[6.726s] copying /home/terranova/uav_ws/build/turtlebot3_example/build/lib/turtlebot3_example/turtlebot3_position_control/turtlebot3_path.py -> /home/terranova/uav_ws/install/turtlebot3_example/lib/python3.8/site-packages/turtlebot3_example/turtlebot3_position_control
[6.726s] copying /home/terranova/uav_ws/build/turtlebot3_example/build/lib/turtlebot3_example/turtlebot3_position_control/turtlebot3_position_control.py -> /home/terranova/uav_ws/install/turtlebot3_example/lib/python3.8/site-packages/turtlebot3_example/turtlebot3_position_control
[6.726s] copying /home/terranova/uav_ws/build/turtlebot3_example/build/lib/turtlebot3_example/turtlebot3_position_control/__init__.py -> /home/terranova/uav_ws/install/turtlebot3_example/lib/python3.8/site-packages/turtlebot3_example/turtlebot3_position_control
[6.728s] byte-compiling /home/terranova/uav_ws/install/turtlebot3_example/lib/python3.8/site-packages/turtlebot3_example/turtlebot3_obstacle_detection/main.py to main.cpython-38.pyc
[6.729s] byte-compiling /home/terranova/uav_ws/install/turtlebot3_example/lib/python3.8/site-packages/turtlebot3_example/turtlebot3_obstacle_detection/turtlebot3_obstacle_detection.py to turtlebot3_obstacle_detection.cpython-38.pyc
[6.730s] byte-compiling /home/terranova/uav_ws/install/turtlebot3_example/lib/python3.8/site-packages/turtlebot3_example/turtlebot3_obstacle_detection/__init__.py to __init__.cpython-38.pyc
[6.731s] byte-compiling /home/terranova/uav_ws/install/turtlebot3_example/lib/python3.8/site-packages/turtlebot3_example/turtlebot3_patrol_client/main.py to main.cpython-38.pyc
[6.731s] byte-compiling /home/terranova/uav_ws/install/turtlebot3_example/lib/python3.8/site-packages/turtlebot3_example/turtlebot3_patrol_client/__init__.py to __init__.cpython-38.pyc
[6.732s] byte-compiling /home/terranova/uav_ws/install/turtlebot3_example/lib/python3.8/site-packages/turtlebot3_example/turtlebot3_patrol_client/turtlebot3_patrol_client.py to turtlebot3_patrol_client.cpython-38.pyc
[6.733s] byte-compiling /home/terranova/uav_ws/install/turtlebot3_example/lib/python3.8/site-packages/turtlebot3_example/turtlebot3_patrol_server/main.py to main.cpython-38.pyc
[6.734s] byte-compiling /home/terranova/uav_ws/install/turtlebot3_example/lib/python3.8/site-packages/turtlebot3_example/turtlebot3_patrol_server/turtlebot3_path.py to turtlebot3_path.cpython-38.pyc
[6.735s] byte-compiling /home/terranova/uav_ws/install/turtlebot3_example/lib/python3.8/site-packages/turtlebot3_example/turtlebot3_patrol_server/__init__.py to __init__.cpython-38.pyc
[6.735s] byte-compiling /home/terranova/uav_ws/install/turtlebot3_example/lib/python3.8/site-packages/turtlebot3_example/turtlebot3_patrol_server/turtlebot3_patrol_server.py to turtlebot3_patrol_server.cpython-38.pyc
[6.737s] byte-compiling /home/terranova/uav_ws/install/turtlebot3_example/lib/python3.8/site-packages/turtlebot3_example/__init__.py to __init__.cpython-38.pyc
[6.738s] byte-compiling /home/terranova/uav_ws/install/turtlebot3_example/lib/python3.8/site-packages/turtlebot3_example/turtlebot3_position_control/main.py to main.cpython-38.pyc
[6.738s] byte-compiling /home/terranova/uav_ws/install/turtlebot3_example/lib/python3.8/site-packages/turtlebot3_example/turtlebot3_position_control/turtlebot3_path.py to turtlebot3_path.cpython-38.pyc
[6.739s] byte-compiling /home/terranova/uav_ws/install/turtlebot3_example/lib/python3.8/site-packages/turtlebot3_example/turtlebot3_position_control/turtlebot3_position_control.py to turtlebot3_position_control.cpython-38.pyc
[6.742s] byte-compiling /home/terranova/uav_ws/install/turtlebot3_example/lib/python3.8/site-packages/turtlebot3_example/turtlebot3_position_control/__init__.py to __init__.cpython-38.pyc
[6.743s] running install_data
[6.743s] creating /home/terranova/uav_ws/install/turtlebot3_example/share/ament_index
[6.743s] creating /home/terranova/uav_ws/install/turtlebot3_example/share/ament_index/resource_index
[6.744s] creating /home/terranova/uav_ws/install/turtlebot3_example/share/ament_index/resource_index/packages
[6.744s] copying resource/turtlebot3_example -> /home/terranova/uav_ws/install/turtlebot3_example/share/ament_index/resource_index/packages
[6.744s] copying package.xml -> /home/terranova/uav_ws/install/turtlebot3_example/share/turtlebot3_example
[6.745s] running install_egg_info
[6.800s] Copying ../../../../build/turtlebot3_example/turtlebot3_example.egg-info to /home/terranova/uav_ws/install/turtlebot3_example/lib/python3.8/site-packages/turtlebot3_example-2.1.4-py3.8.egg-info
[6.800s] running install_scripts
[6.955s] Installing turtlebot3_obstacle_detection script to /home/terranova/uav_ws/install/turtlebot3_example/lib/turtlebot3_example
[6.955s] Installing turtlebot3_patrol_client script to /home/terranova/uav_ws/install/turtlebot3_example/lib/turtlebot3_example
[6.955s] Installing turtlebot3_patrol_server script to /home/terranova/uav_ws/install/turtlebot3_example/lib/turtlebot3_example
[6.956s] Installing turtlebot3_position_control script to /home/terranova/uav_ws/install/turtlebot3_example/lib/turtlebot3_example
[6.959s] writing list of installed files to '/home/terranova/uav_ws/build/turtlebot3_example/install.log'
[7.031s] Invoked command in '/home/terranova/uav_ws/src/turtlebot3/turtlebot3/turtlebot3_example' returned '0': CMAKE_PREFIX_PATH=/home/terranova/uav_ws/install/turtlebot3_msgs:/home/terranova/uav_ws/install/cartographer_ros_msgs:/home/terranova/uav_ws/install/vision_opencv:/home/terranova/uav_ws/install/uav_gazebo:/home/terranova/uav_ws/install/uav_cartographer:/home/terranova/uav_ws/install/turtlebot3:/home/terranova/uav_ws/install/turtlebot3_simulations:/home/terranova/uav_ws/install/turtlebot3_bringup:/home/terranova/uav_ws/install/turtlebot3_node:/home/terranova/uav_ws/install/turtlebot3_navigation2:/home/terranova/uav_ws/install/turtlebot3_fake_node:/home/terranova/uav_ws/install/turtlebot3_gazebo:/home/terranova/uav_ws/install/turtlebot3_description:/home/terranova/uav_ws/install/turtlebot3_cartographer:/home/terranova/uav_ws/install/realsense_gazebo_plugin:/home/terranova/uav_ws/install/perception_pcl:/home/terranova/uav_ws/install/pcl_ros:/home/terranova/uav_ws/install/pcl_conversions:/home/terranova/uav_ws/install/pcl_msgs:/home/terranova/uav_ws/install/image_geometry:/home/terranova/uav_ws/install/hls_lfcd_lds_driver:/home/terranova/uav_ws/install/gazebo_ros_pkgs:/home/terranova/uav_ws/install/gazebo_plugins:/home/terranova/uav_ws/install/gazebo_ros:/home/terranova/uav_ws/install/gazebo_msgs:/home/terranova/uav_ws/install/gazebo_dev:/home/terranova/uav_ws/install/dynamixel_sdk_examples:/home/terranova/uav_ws/install/dynamixel_sdk_custom_interfaces:/home/terranova/uav_ws/install/dynamixel_sdk:/home/terranova/uav_ws/install/cv_bridge:/home/terranova/uav_ws/install/absl LD_LIBRARY_PATH=/home/terranova/uav_ws/install/turtlebot3_msgs/lib:/home/terranova/uav_ws/install/cartographer_ros_msgs/lib:/home/terranova/uav_ws/install/realsense_gazebo_plugin/lib:/home/terranova/uav_ws/install/pcl_ros/lib:/home/terranova/uav_ws/install/pcl_msgs/lib:/home/terranova/uav_ws/install/image_geometry/lib:/home/terranova/uav_ws/install/gazebo_plugins/lib:/home/terranova/uav_ws/install/gazebo_ros/lib:/home/terranova/uav_ws/install/gazebo_msgs/lib:/home/terranova/uav_ws/install/dynamixel_sdk_custom_interfaces/lib:/home/terranova/uav_ws/install/dynamixel_sdk/lib:/home/terranova/uav_ws/install/cv_bridge/lib:/opt/ros/foxy/opt/yaml_cpp_vendor/lib:/opt/ros/foxy/opt/rviz_ogre_vendor/lib:/opt/ros/foxy/lib/x86_64-linux-gnu:/opt/ros/foxy/lib:/usr/lib/x86_64-linux-gnu/gazebo-11/plugins PYTHONPATH=/home/terranova/uav_ws/build/turtlebot3_example/prefix_override:/home/terranova/uav_ws/install/turtlebot3_example/lib/python3.8/site-packages:/home/terranova/uav_ws/install/turtlebot3_msgs/lib/python3.8/site-packages:/home/terranova/uav_ws/install/cartographer_ros_msgs/lib/python3.8/site-packages:/home/terranova/uav_ws/install/turtlebot3_teleop/lib/python3.8/site-packages:/home/terranova/uav_ws/install/turtlebot3_example/lib/python3.8/site-packages:/home/terranova/uav_ws/install/pcl_msgs/lib/python3.8/site-packages:/home/terranova/uav_ws/install/opencv_tests/lib/python3.8/site-packages:/home/terranova/uav_ws/install/joint_state_publisher_gui/lib/python3.8/site-packages:/home/terranova/uav_ws/install/joint_state_publisher/lib/python3.8/site-packages:/home/terranova/uav_ws/install/image_geometry/lib/python3.8/site-packages:/home/terranova/uav_ws/install/gazebo_ros/lib/python3.8/site-packages:/home/terranova/uav_ws/install/gazebo_msgs/lib/python3.8/site-packages:/home/terranova/uav_ws/install/dynamixel_sdk_custom_interfaces/lib/python3.8/site-packages:/home/terranova/uav_ws/install/cv_bridge/lib/python3.8/site-packages:/opt/ros/foxy/lib/python3.8/site-packages:/home/terranova/.local/bin /usr/bin/python3 -W ignore:setup.py install is deprecated setup.py egg_info --egg-base ../../../../build/turtlebot3_example build --build-base /home/terranova/uav_ws/build/turtlebot3_example/build install --record /home/terranova/uav_ws/build/turtlebot3_example/install.log --single-version-externally-managed install_data
