[4.524s] Invoking command in '/home/terranova/uav_ws/src/joint_state_publisher_gui': PYTHONPATH=/home/terranova/uav_ws/build/joint_state_publisher_gui/prefix_override:/home/terranova/uav_ws/install/joint_state_publisher_gui/lib/python3.8/site-packages:${PYTHONPATH} /usr/bin/python3 -W ignore:setup.py install is deprecated setup.py egg_info --egg-base ../../build/joint_state_publisher_gui build --build-base /home/terranova/uav_ws/build/joint_state_publisher_gui/build install --record /home/terranova/uav_ws/build/joint_state_publisher_gui/install.log --single-version-externally-managed install_data
[5.469s] running egg_info
[5.470s] creating ../../build/joint_state_publisher_gui/joint_state_publisher_gui.egg-info
[5.510s] writing ../../build/joint_state_publisher_gui/joint_state_publisher_gui.egg-info/PKG-INFO
[5.510s] writing dependency_links to ../../build/joint_state_publisher_gui/joint_state_publisher_gui.egg-info/dependency_links.txt
[5.510s] writing requirements to ../../build/joint_state_publisher_gui/joint_state_publisher_gui.egg-info/requires.txt
[5.510s] writing top-level names to ../../build/joint_state_publisher_gui/joint_state_publisher_gui.egg-info/top_level.txt
[5.829s] writing manifest file '../../build/joint_state_publisher_gui/joint_state_publisher_gui.egg-info/SOURCES.txt'
[5.949s] reading manifest file '../../build/joint_state_publisher_gui/joint_state_publisher_gui.egg-info/SOURCES.txt'
[5.952s] writing manifest file '../../build/joint_state_publisher_gui/joint_state_publisher_gui.egg-info/SOURCES.txt'
[5.953s] running build
[5.953s] running build_py
[5.954s] creating /home/terranova/uav_ws/build/joint_state_publisher_gui/build
[5.955s] creating /home/terranova/uav_ws/build/joint_state_publisher_gui/build/lib
[5.956s] creating /home/terranova/uav_ws/build/joint_state_publisher_gui/build/lib/joint_state_publisher_gui
[5.956s] copying joint_state_publisher_gui/__init__.py -> /home/terranova/uav_ws/build/joint_state_publisher_gui/build/lib/joint_state_publisher_gui
[5.958s] running install
[5.973s] running install_lib
[6.013s] creating /home/terranova/uav_ws/install/joint_state_publisher_gui/lib/python3.8/site-packages/joint_state_publisher_gui
[6.013s] copying /home/terranova/uav_ws/build/joint_state_publisher_gui/build/lib/joint_state_publisher_gui/__init__.py -> /home/terranova/uav_ws/install/joint_state_publisher_gui/lib/python3.8/site-packages/joint_state_publisher_gui
[6.014s] byte-compiling /home/terranova/uav_ws/install/joint_state_publisher_gui/lib/python3.8/site-packages/joint_state_publisher_gui/__init__.py to __init__.cpython-38.pyc
[6.014s] running install_data
[6.015s] creating /home/terranova/uav_ws/install/joint_state_publisher_gui/share/ament_index
[6.015s] creating /home/terranova/uav_ws/install/joint_state_publisher_gui/share/ament_index/resource_index
[6.016s] creating /home/terranova/uav_ws/install/joint_state_publisher_gui/share/ament_index/resource_index/packages
[6.016s] copying resource/joint_state_publisher_gui -> /home/terranova/uav_ws/install/joint_state_publisher_gui/share/ament_index/resource_index/packages
[6.016s] copying package.xml -> /home/terranova/uav_ws/install/joint_state_publisher_gui/share/joint_state_publisher_gui
[6.030s] running install_egg_info
[6.067s] Copying ../../build/joint_state_publisher_gui/joint_state_publisher_gui.egg-info to /home/terranova/uav_ws/install/joint_state_publisher_gui/lib/python3.8/site-packages/joint_state_publisher_gui-0.0.0-py3.8.egg-info
[6.069s] running install_scripts
[6.202s] writing list of installed files to '/home/terranova/uav_ws/build/joint_state_publisher_gui/install.log'
[6.276s] Invoked command in '/home/terranova/uav_ws/src/joint_state_publisher_gui' returned '0': PYTHONPATH=/home/terranova/uav_ws/build/joint_state_publisher_gui/prefix_override:/home/terranova/uav_ws/install/joint_state_publisher_gui/lib/python3.8/site-packages:${PYTHONPATH} /usr/bin/python3 -W ignore:setup.py install is deprecated setup.py egg_info --egg-base ../../build/joint_state_publisher_gui build --build-base /home/terranova/uav_ws/build/joint_state_publisher_gui/build install --record /home/terranova/uav_ws/build/joint_state_publisher_gui/install.log --single-version-externally-managed install_data
