[4.588s] Invoking command in '/home/terranova/uav_ws/src/turtlebot3/turtlebot3/turtlebot3_teleop': PYTHONPATH=/home/terranova/uav_ws/build/turtlebot3_teleop/prefix_override:/home/terranova/uav_ws/install/turtlebot3_teleop/lib/python3.8/site-packages:${PYTHONPATH} /usr/bin/python3 -W ignore:setup.py install is deprecated setup.py egg_info --egg-base ../../../../build/turtlebot3_teleop build --build-base /home/terranova/uav_ws/build/turtlebot3_teleop/build install --record /home/terranova/uav_ws/build/turtlebot3_teleop/install.log --single-version-externally-managed install_data
[6.086s] running egg_info
[6.203s] writing ../../../../build/turtlebot3_teleop/turtlebot3_teleop.egg-info/PKG-INFO
[6.216s] writing dependency_links to ../../../../build/turtlebot3_teleop/turtlebot3_teleop.egg-info/dependency_links.txt
[6.217s] writing entry points to ../../../../build/turtlebot3_teleop/turtlebot3_teleop.egg-info/entry_points.txt
[6.218s] writing requirements to ../../../../build/turtlebot3_teleop/turtlebot3_teleop.egg-info/requires.txt
[6.219s] writing top-level names to ../../../../build/turtlebot3_teleop/turtlebot3_teleop.egg-info/top_level.txt
[7.340s] reading manifest file '../../../../build/turtlebot3_teleop/turtlebot3_teleop.egg-info/SOURCES.txt'
[7.350s] writing manifest file '../../../../build/turtlebot3_teleop/turtlebot3_teleop.egg-info/SOURCES.txt'
[7.350s] running build
[7.350s] running build_py
[7.357s] copying turtlebot3_teleop/__init__.py -> /home/terranova/uav_ws/build/turtlebot3_teleop/build/lib/turtlebot3_teleop
[7.357s] copying turtlebot3_teleop/script/teleop_keyboard.py -> /home/terranova/uav_ws/build/turtlebot3_teleop/build/lib/turtlebot3_teleop/script
[7.359s] copying turtlebot3_teleop/script/__init__.py -> /home/terranova/uav_ws/build/turtlebot3_teleop/build/lib/turtlebot3_teleop/script
[7.359s] running install
[7.391s] running install_lib
[7.492s] running install_data
[7.492s] copying resource/turtlebot3_teleop -> /home/terranova/uav_ws/install/turtlebot3_teleop/share/ament_index/resource_index/packages
[7.493s] copying package.xml -> /home/terranova/uav_ws/install/turtlebot3_teleop/share/turtlebot3_teleop
[7.493s] running install_egg_info
[7.628s] removing '/home/terranova/uav_ws/install/turtlebot3_teleop/lib/python3.8/site-packages/turtlebot3_teleop-2.1.4-py3.8.egg-info' (and everything under it)
[7.629s] Copying ../../../../build/turtlebot3_teleop/turtlebot3_teleop.egg-info to /home/terranova/uav_ws/install/turtlebot3_teleop/lib/python3.8/site-packages/turtlebot3_teleop-2.1.4-py3.8.egg-info
[7.632s] running install_scripts
[7.825s] Installing teleop_keyboard script to /home/terranova/uav_ws/install/turtlebot3_teleop/lib/turtlebot3_teleop
[7.834s] writing list of installed files to '/home/terranova/uav_ws/build/turtlebot3_teleop/install.log'
[7.929s] Invoked command in '/home/terranova/uav_ws/src/turtlebot3/turtlebot3/turtlebot3_teleop' returned '0': PYTHONPATH=/home/terranova/uav_ws/build/turtlebot3_teleop/prefix_override:/home/terranova/uav_ws/install/turtlebot3_teleop/lib/python3.8/site-packages:${PYTHONPATH} /usr/bin/python3 -W ignore:setup.py install is deprecated setup.py egg_info --egg-base ../../../../build/turtlebot3_teleop build --build-base /home/terranova/uav_ws/build/turtlebot3_teleop/build install --record /home/terranova/uav_ws/build/turtlebot3_teleop/install.log --single-version-externally-managed install_data
