[0.173s] Invoking command in '/home/terranova/uav_ws/build/gazebo_plugins': CMAKE_PREFIX_PATH=/home/terranova/uav_ws/install/gazebo_ros:/home/terranova/uav_ws/install/gazebo_msgs:/home/terranova/uav_ws/install/gazebo_dev:/home/terranova/uav_ws/install/cv_bridge:/home/terranova/uav_ws/install/vision_opencv:/home/terranova/uav_ws/install/uav_gazebo:/home/terranova/uav_ws/install/uav_cartographer:/home/terranova/uav_ws/install/turtlebot3:/home/terranova/uav_ws/install/turtlebot3_simulations:/home/terranova/uav_ws/install/turtlebot3_bringup:/home/terranova/uav_ws/install/turtlebot3_node:/home/terranova/uav_ws/install/turtlebot3_navigation2:/home/terranova/uav_ws/install/turtlebot3_fake_node:/home/terranova/uav_ws/install/turtlebot3_msgs:/home/terranova/uav_ws/install/turtlebot3_gazebo:/home/terranova/uav_ws/install/turtlebot3_description:/home/terranova/uav_ws/install/turtlebot3_cartographer:/home/terranova/uav_ws/install/turtlebot3_teleop:/home/terranova/uav_ws/install/turtlebot3_example:/home/terranova/uav_ws/install/opencv_tests:/home/terranova/uav_ws/install/joint_state_publisher_gui:/home/terranova/uav_ws/install/joint_state_publisher:/opt/ros/foxy:/home/terranova/uav_ws/install/realsense_gazebo_plugin:/home/terranova/uav_ws/install/perception_pcl:/home/terranova/uav_ws/install/pcl_ros:/home/terranova/uav_ws/install/pcl_conversions:/home/terranova/uav_ws/install/pcl_msgs:/home/terranova/uav_ws/install/image_geometry:/home/terranova/uav_ws/install/hls_lfcd_lds_driver:/home/terranova/uav_ws/install/gazebo_ros_pkgs:/home/terranova/uav_ws/install/gazebo_plugins:/home/terranova/uav_ws/install/dynamixel_sdk_examples:/home/terranova/uav_ws/install/dynamixel_sdk_custom_interfaces:/home/terranova/uav_ws/install/dynamixel_sdk:/home/terranova/uav_ws/install/absl LD_LIBRARY_PATH=/home/terranova/uav_ws/install/gazebo_ros/lib:/home/terranova/uav_ws/install/gazebo_msgs/lib:/home/terranova/uav_ws/install/cv_bridge/lib:/home/terranova/uav_ws/install/turtlebot3_msgs/lib:/home/terranova/uav_ws/install/realsense_gazebo_plugin/lib:/home/terranova/uav_ws/install/pcl_ros/lib:/home/terranova/uav_ws/install/pcl_msgs/lib:/home/terranova/uav_ws/install/image_geometry/lib:/home/terranova/uav_ws/install/gazebo_plugins/lib:/home/terranova/uav_ws/install/dynamixel_sdk_custom_interfaces/lib:/home/terranova/uav_ws/install/dynamixel_sdk/lib:/opt/ros/foxy/opt/yaml_cpp_vendor/lib:/opt/ros/foxy/opt/rviz_ogre_vendor/lib:/opt/ros/foxy/lib/x86_64-linux-gnu:/opt/ros/foxy/lib:/usr/lib/x86_64-linux-gnu/gazebo-11/plugins PYTHONPATH=/home/terranova/uav_ws/install/gazebo_ros/lib/python3.8/site-packages:/home/terranova/uav_ws/install/gazebo_msgs/lib/python3.8/site-packages:/home/terranova/uav_ws/install/cv_bridge/lib/python3.8/site-packages:/home/terranova/uav_ws/install/turtlebot3_teleop/lib/python3.8/site-packages:/home/terranova/uav_ws/install/turtlebot3_example/lib/python3.8/site-packages:/home/terranova/uav_ws/install/turtlebot3_msgs/lib/python3.8/site-packages:/home/terranova/uav_ws/install/pcl_msgs/lib/python3.8/site-packages:/home/terranova/uav_ws/install/opencv_tests/lib/python3.8/site-packages:/home/terranova/uav_ws/install/joint_state_publisher_gui/lib/python3.8/site-packages:/home/terranova/uav_ws/install/joint_state_publisher/lib/python3.8/site-packages:/home/terranova/uav_ws/install/image_geometry/lib/python3.8/site-packages:/home/terranova/uav_ws/install/dynamixel_sdk_custom_interfaces/lib/python3.8/site-packages:/opt/ros/foxy/lib/python3.8/site-packages:/home/terranova/.local/bin /home/terranova/.local/bin/cmake --build /home/terranova/uav_ws/build/gazebo_plugins -- -j4 -l4
[0.688s] [  2%] Built target gazebo_ros_joint_state_publisher
[0.716s] [  4%] Built target gazebo_ros_diff_drive
[0.722s] [  7%] Built target gazebo_ros_force
[0.743s] [  9%] Built target gazebo_ros_template
[0.964s] [ 11%] Built target gazebo_ros_gps_sensor
[0.986s] [ 14%] Built target gazebo_ros_imu_sensor
[0.994s] [ 16%] Built target multi_camera_plugin
[1.040s] [ 19%] Built target gazebo_ros_ray_sensor
[1.271s] [ 21%] Built target gazebo_ros_video
[1.283s] [ 23%] Built target gazebo_ros_tricycle_drive
[1.289s] [ 26%] Built target gazebo_ros_ft_sensor
[1.300s] [ 28%] Built target gazebo_ros_p3d
[1.523s] [ 30%] Built target gazebo_ros_ackermann_drive
[1.557s] [ 33%] Built target gazebo_ros_bumper
[1.569s] [ 35%] Built target gazebo_ros_harness
[1.579s] [ 38%] Built target gazebo_ros_hand_of_god
[1.752s] [ 40%] Built target gazebo_ros_elevator
[1.820s] [ 42%] Built target gazebo_ros_vacuum_gripper
[1.822s] [ 45%] Built target gazebo_ros_joint_pose_trajectory
[1.854s] [ 47%] Built target gazebo_ros_planar_move
[1.987s] [ 50%] Built target gtest_main
[2.022s] [ 52%] Built target gtest
[2.052s] [ 54%] Built target gazebo_ros_projector
[2.087s] [ 57%] Built target gazebo_ros_wheel_slip
[2.342s] [ 59%] Built target gazebo_ros_camera
[2.354s] [ 61%] Built target test_gazebo_ros_diff_drive
[2.400s] [ 64%] Built target test_gazebo_ros_bumper
[2.406s] [ 66%] Built target test_gazebo_ros_ackermann_drive
[2.615s] [ 69%] Built target test_gazebo_ros_elevator
[2.665s] [ 71%] Built target test_gazebo_ros_ft_sensor
[2.739s] [ 73%] Built target test_gazebo_ros_force
[2.771s] [ 76%] Built target test_gazebo_ros_hand_of_god
[2.939s] [ 78%] Built target test_gazebo_ros_imu_sensor
[2.974s] [ 80%] Built target test_gazebo_ros_gps_sensor
[3.028s] [ 83%] Built target test_gazebo_ros_harness
[3.135s] [ 85%] Built target test_gazebo_ros_joint_pose_trajectory
[3.251s] [ 88%] Built target test_gazebo_ros_joint_state_publisher
[3.285s] [ 90%] Built target test_gazebo_ros_p3d
[3.410s] [ 92%] Built target test_gazebo_ros_planar_move
[3.530s] [ 95%] Built target test_gazebo_ros_ray_sensor
[3.551s] [ 97%] Built target test_gazebo_ros_tricycle_drive
[3.557s] [100%] Built target test_gazebo_ros_vacuum_gripper
[3.582s] Invoked command in '/home/terranova/uav_ws/build/gazebo_plugins' returned '0': CMAKE_PREFIX_PATH=/home/terranova/uav_ws/install/gazebo_ros:/home/terranova/uav_ws/install/gazebo_msgs:/home/terranova/uav_ws/install/gazebo_dev:/home/terranova/uav_ws/install/cv_bridge:/home/terranova/uav_ws/install/vision_opencv:/home/terranova/uav_ws/install/uav_gazebo:/home/terranova/uav_ws/install/uav_cartographer:/home/terranova/uav_ws/install/turtlebot3:/home/terranova/uav_ws/install/turtlebot3_simulations:/home/terranova/uav_ws/install/turtlebot3_bringup:/home/terranova/uav_ws/install/turtlebot3_node:/home/terranova/uav_ws/install/turtlebot3_navigation2:/home/terranova/uav_ws/install/turtlebot3_fake_node:/home/terranova/uav_ws/install/turtlebot3_msgs:/home/terranova/uav_ws/install/turtlebot3_gazebo:/home/terranova/uav_ws/install/turtlebot3_description:/home/terranova/uav_ws/install/turtlebot3_cartographer:/home/terranova/uav_ws/install/turtlebot3_teleop:/home/terranova/uav_ws/install/turtlebot3_example:/home/terranova/uav_ws/install/opencv_tests:/home/terranova/uav_ws/install/joint_state_publisher_gui:/home/terranova/uav_ws/install/joint_state_publisher:/opt/ros/foxy:/home/terranova/uav_ws/install/realsense_gazebo_plugin:/home/terranova/uav_ws/install/perception_pcl:/home/terranova/uav_ws/install/pcl_ros:/home/terranova/uav_ws/install/pcl_conversions:/home/terranova/uav_ws/install/pcl_msgs:/home/terranova/uav_ws/install/image_geometry:/home/terranova/uav_ws/install/hls_lfcd_lds_driver:/home/terranova/uav_ws/install/gazebo_ros_pkgs:/home/terranova/uav_ws/install/gazebo_plugins:/home/terranova/uav_ws/install/dynamixel_sdk_examples:/home/terranova/uav_ws/install/dynamixel_sdk_custom_interfaces:/home/terranova/uav_ws/install/dynamixel_sdk:/home/terranova/uav_ws/install/absl LD_LIBRARY_PATH=/home/terranova/uav_ws/install/gazebo_ros/lib:/home/terranova/uav_ws/install/gazebo_msgs/lib:/home/terranova/uav_ws/install/cv_bridge/lib:/home/terranova/uav_ws/install/turtlebot3_msgs/lib:/home/terranova/uav_ws/install/realsense_gazebo_plugin/lib:/home/terranova/uav_ws/install/pcl_ros/lib:/home/terranova/uav_ws/install/pcl_msgs/lib:/home/terranova/uav_ws/install/image_geometry/lib:/home/terranova/uav_ws/install/gazebo_plugins/lib:/home/terranova/uav_ws/install/dynamixel_sdk_custom_interfaces/lib:/home/terranova/uav_ws/install/dynamixel_sdk/lib:/opt/ros/foxy/opt/yaml_cpp_vendor/lib:/opt/ros/foxy/opt/rviz_ogre_vendor/lib:/opt/ros/foxy/lib/x86_64-linux-gnu:/opt/ros/foxy/lib:/usr/lib/x86_64-linux-gnu/gazebo-11/plugins PYTHONPATH=/home/terranova/uav_ws/install/gazebo_ros/lib/python3.8/site-packages:/home/terranova/uav_ws/install/gazebo_msgs/lib/python3.8/site-packages:/home/terranova/uav_ws/install/cv_bridge/lib/python3.8/site-packages:/home/terranova/uav_ws/install/turtlebot3_teleop/lib/python3.8/site-packages:/home/terranova/uav_ws/install/turtlebot3_example/lib/python3.8/site-packages:/home/terranova/uav_ws/install/turtlebot3_msgs/lib/python3.8/site-packages:/home/terranova/uav_ws/install/pcl_msgs/lib/python3.8/site-packages:/home/terranova/uav_ws/install/opencv_tests/lib/python3.8/site-packages:/home/terranova/uav_ws/install/joint_state_publisher_gui/lib/python3.8/site-packages:/home/terranova/uav_ws/install/joint_state_publisher/lib/python3.8/site-packages:/home/terranova/uav_ws/install/image_geometry/lib/python3.8/site-packages:/home/terranova/uav_ws/install/dynamixel_sdk_custom_interfaces/lib/python3.8/site-packages:/opt/ros/foxy/lib/python3.8/site-packages:/home/terranova/.local/bin /home/terranova/.local/bin/cmake --build /home/terranova/uav_ws/build/gazebo_plugins -- -j4 -l4
[5.001s] Invoking command in '/home/terranova/uav_ws/build/gazebo_plugins': CMAKE_PREFIX_PATH=/home/terranova/uav_ws/install/gazebo_ros:/home/terranova/uav_ws/install/gazebo_msgs:/home/terranova/uav_ws/install/gazebo_dev:/home/terranova/uav_ws/install/cv_bridge:/home/terranova/uav_ws/install/vision_opencv:/home/terranova/uav_ws/install/uav_gazebo:/home/terranova/uav_ws/install/uav_cartographer:/home/terranova/uav_ws/install/turtlebot3:/home/terranova/uav_ws/install/turtlebot3_simulations:/home/terranova/uav_ws/install/turtlebot3_bringup:/home/terranova/uav_ws/install/turtlebot3_node:/home/terranova/uav_ws/install/turtlebot3_navigation2:/home/terranova/uav_ws/install/turtlebot3_fake_node:/home/terranova/uav_ws/install/turtlebot3_msgs:/home/terranova/uav_ws/install/turtlebot3_gazebo:/home/terranova/uav_ws/install/turtlebot3_description:/home/terranova/uav_ws/install/turtlebot3_cartographer:/home/terranova/uav_ws/install/turtlebot3_teleop:/home/terranova/uav_ws/install/turtlebot3_example:/home/terranova/uav_ws/install/opencv_tests:/home/terranova/uav_ws/install/joint_state_publisher_gui:/home/terranova/uav_ws/install/joint_state_publisher:/opt/ros/foxy:/home/terranova/uav_ws/install/realsense_gazebo_plugin:/home/terranova/uav_ws/install/perception_pcl:/home/terranova/uav_ws/install/pcl_ros:/home/terranova/uav_ws/install/pcl_conversions:/home/terranova/uav_ws/install/pcl_msgs:/home/terranova/uav_ws/install/image_geometry:/home/terranova/uav_ws/install/hls_lfcd_lds_driver:/home/terranova/uav_ws/install/gazebo_ros_pkgs:/home/terranova/uav_ws/install/gazebo_plugins:/home/terranova/uav_ws/install/dynamixel_sdk_examples:/home/terranova/uav_ws/install/dynamixel_sdk_custom_interfaces:/home/terranova/uav_ws/install/dynamixel_sdk:/home/terranova/uav_ws/install/absl LD_LIBRARY_PATH=/home/terranova/uav_ws/install/gazebo_ros/lib:/home/terranova/uav_ws/install/gazebo_msgs/lib:/home/terranova/uav_ws/install/cv_bridge/lib:/home/terranova/uav_ws/install/turtlebot3_msgs/lib:/home/terranova/uav_ws/install/realsense_gazebo_plugin/lib:/home/terranova/uav_ws/install/pcl_ros/lib:/home/terranova/uav_ws/install/pcl_msgs/lib:/home/terranova/uav_ws/install/image_geometry/lib:/home/terranova/uav_ws/install/gazebo_plugins/lib:/home/terranova/uav_ws/install/dynamixel_sdk_custom_interfaces/lib:/home/terranova/uav_ws/install/dynamixel_sdk/lib:/opt/ros/foxy/opt/yaml_cpp_vendor/lib:/opt/ros/foxy/opt/rviz_ogre_vendor/lib:/opt/ros/foxy/lib/x86_64-linux-gnu:/opt/ros/foxy/lib:/usr/lib/x86_64-linux-gnu/gazebo-11/plugins PYTHONPATH=/home/terranova/uav_ws/install/gazebo_ros/lib/python3.8/site-packages:/home/terranova/uav_ws/install/gazebo_msgs/lib/python3.8/site-packages:/home/terranova/uav_ws/install/cv_bridge/lib/python3.8/site-packages:/home/terranova/uav_ws/install/turtlebot3_teleop/lib/python3.8/site-packages:/home/terranova/uav_ws/install/turtlebot3_example/lib/python3.8/site-packages:/home/terranova/uav_ws/install/turtlebot3_msgs/lib/python3.8/site-packages:/home/terranova/uav_ws/install/pcl_msgs/lib/python3.8/site-packages:/home/terranova/uav_ws/install/opencv_tests/lib/python3.8/site-packages:/home/terranova/uav_ws/install/joint_state_publisher_gui/lib/python3.8/site-packages:/home/terranova/uav_ws/install/joint_state_publisher/lib/python3.8/site-packages:/home/terranova/uav_ws/install/image_geometry/lib/python3.8/site-packages:/home/terranova/uav_ws/install/dynamixel_sdk_custom_interfaces/lib/python3.8/site-packages:/opt/ros/foxy/lib/python3.8/site-packages:/home/terranova/.local/bin /home/terranova/.local/bin/cmake --install /home/terranova/uav_ws/build/gazebo_plugins
[5.143s] -- Install configuration: ""
[5.144s] -- Up-to-date: /home/terranova/uav_ws/install/gazebo_plugins/share/gazebo_plugins/environment/library_path.sh
[5.144s] -- Up-to-date: /home/terranova/uav_ws/install/gazebo_plugins/share/gazebo_plugins/environment/library_path.dsv
[5.144s] -- Up-to-date: /home/terranova/uav_ws/install/gazebo_plugins/share/gazebo_plugins/environment/gazebo_plugins.sh
[5.145s] -- Up-to-date: /home/terranova/uav_ws/install/gazebo_plugins/share/gazebo_plugins/environment/gazebo_plugins.dsv
[5.145s] -- Up-to-date: /home/terranova/uav_ws/install/gazebo_plugins/share/ament_index/resource_index/package_run_dependencies/gazebo_plugins
[5.145s] -- Up-to-date: /home/terranova/uav_ws/install/gazebo_plugins/share/ament_index/resource_index/parent_prefix_path/gazebo_plugins
[5.145s] -- Up-to-date: /home/terranova/uav_ws/install/gazebo_plugins/share/gazebo_plugins/environment/ament_prefix_path.sh
[5.146s] -- Up-to-date: /home/terranova/uav_ws/install/gazebo_plugins/share/gazebo_plugins/environment/ament_prefix_path.dsv
[5.146s] -- Up-to-date: /home/terranova/uav_ws/install/gazebo_plugins/share/gazebo_plugins/environment/path.sh
[5.146s] -- Up-to-date: /home/terranova/uav_ws/install/gazebo_plugins/share/gazebo_plugins/environment/path.dsv
[5.146s] -- Up-to-date: /home/terranova/uav_ws/install/gazebo_plugins/share/gazebo_plugins/local_setup.bash
[5.147s] -- Up-to-date: /home/terranova/uav_ws/install/gazebo_plugins/share/gazebo_plugins/local_setup.sh
[5.147s] -- Up-to-date: /home/terranova/uav_ws/install/gazebo_plugins/share/gazebo_plugins/local_setup.zsh
[5.147s] -- Up-to-date: /home/terranova/uav_ws/install/gazebo_plugins/share/gazebo_plugins/local_setup.dsv
[5.147s] -- Installing: /home/terranova/uav_ws/install/gazebo_plugins/share/gazebo_plugins/package.dsv
[5.148s] -- Up-to-date: /home/terranova/uav_ws/install/gazebo_plugins/share/ament_index/resource_index/packages/gazebo_plugins
[5.149s] -- Up-to-date: /home/terranova/uav_ws/install/gazebo_plugins/share/gazebo_plugins/cmake/ament_cmake_export_libraries-extras.cmake
[5.149s] -- Up-to-date: /home/terranova/uav_ws/install/gazebo_plugins/share/gazebo_plugins/cmake/ament_cmake_export_include_directories-extras.cmake
[5.149s] -- Up-to-date: /home/terranova/uav_ws/install/gazebo_plugins/share/gazebo_plugins/cmake/ament_cmake_export_dependencies-extras.cmake
[5.149s] -- Up-to-date: /home/terranova/uav_ws/install/gazebo_plugins/share/gazebo_plugins/cmake/gazebo_pluginsConfig.cmake
[5.149s] -- Up-to-date: /home/terranova/uav_ws/install/gazebo_plugins/share/gazebo_plugins/cmake/gazebo_pluginsConfig-version.cmake
[5.150s] -- Up-to-date: /home/terranova/uav_ws/install/gazebo_plugins/share/gazebo_plugins/package.xml
[5.150s] -- Up-to-date: /home/terranova/uav_ws/install/gazebo_plugins/include
[5.150s] -- Up-to-date: /home/terranova/uav_ws/install/gazebo_plugins/include/gazebo_plugins
[5.150s] -- Up-to-date: /home/terranova/uav_ws/install/gazebo_plugins/include/gazebo_plugins/gazebo_ros_joint_state_publisher.hpp
[5.150s] -- Up-to-date: /home/terranova/uav_ws/install/gazebo_plugins/include/gazebo_plugins/gazebo_ros_template.hpp
[5.151s] -- Up-to-date: /home/terranova/uav_ws/install/gazebo_plugins/include/gazebo_plugins/gazebo_ros_force.hpp
[5.151s] -- Up-to-date: /home/terranova/uav_ws/install/gazebo_plugins/include/gazebo_plugins/gazebo_ros_ft_sensor.hpp
[5.151s] -- Up-to-date: /home/terranova/uav_ws/install/gazebo_plugins/include/gazebo_plugins/gazebo_ros_tricycle_drive.hpp
[5.151s] -- Up-to-date: /home/terranova/uav_ws/install/gazebo_plugins/include/gazebo_plugins/multi_camera_plugin.hpp
[5.151s] -- Up-to-date: /home/terranova/uav_ws/install/gazebo_plugins/include/gazebo_plugins/gazebo_ros_diff_drive.hpp
[5.152s] -- Up-to-date: /home/terranova/uav_ws/install/gazebo_plugins/include/gazebo_plugins/gazebo_ros_p3d.hpp
[5.152s] -- Up-to-date: /home/terranova/uav_ws/install/gazebo_plugins/include/gazebo_plugins/gazebo_ros_joint_pose_trajectory.hpp
[5.152s] -- Up-to-date: /home/terranova/uav_ws/install/gazebo_plugins/include/gazebo_plugins/gazebo_ros_ray_sensor.hpp
[5.153s] -- Up-to-date: /home/terranova/uav_ws/install/gazebo_plugins/include/gazebo_plugins/gazebo_ros_imu_sensor.hpp
[5.153s] -- Up-to-date: /home/terranova/uav_ws/install/gazebo_plugins/include/gazebo_plugins/gazebo_ros_camera.hpp
[5.153s] -- Up-to-date: /home/terranova/uav_ws/install/gazebo_plugins/include/gazebo_plugins/gazebo_ros_harness.hpp
[5.153s] -- Up-to-date: /home/terranova/uav_ws/install/gazebo_plugins/include/gazebo_plugins/gazebo_ros_bumper.hpp
[5.153s] -- Up-to-date: /home/terranova/uav_ws/install/gazebo_plugins/include/gazebo_plugins/gazebo_ros_ackermann_drive.hpp
[5.154s] -- Up-to-date: /home/terranova/uav_ws/install/gazebo_plugins/include/gazebo_plugins/gazebo_ros_gps_sensor.hpp
[5.154s] -- Up-to-date: /home/terranova/uav_ws/install/gazebo_plugins/include/gazebo_plugins/gazebo_ros_hand_of_god.hpp
[5.154s] -- Up-to-date: /home/terranova/uav_ws/install/gazebo_plugins/include/gazebo_plugins/gazebo_ros_video.hpp
[5.154s] -- Up-to-date: /home/terranova/uav_ws/install/gazebo_plugins/include/gazebo_plugins/gazebo_ros_planar_move.hpp
[5.154s] -- Up-to-date: /home/terranova/uav_ws/install/gazebo_plugins/include/gazebo_plugins/gazebo_ros_vacuum_gripper.hpp
[5.155s] -- Up-to-date: /home/terranova/uav_ws/install/gazebo_plugins/include/gazebo_plugins/gazebo_ros_elevator.hpp
[5.155s] -- Up-to-date: /home/terranova/uav_ws/install/gazebo_plugins/include/gazebo_plugins/gazebo_ros_projector.hpp
[5.155s] -- Up-to-date: /home/terranova/uav_ws/install/gazebo_plugins/include/gazebo_plugins/gazebo_ros_wheel_slip.hpp
[5.155s] -- Up-to-date: /home/terranova/uav_ws/install/gazebo_plugins/lib/libgazebo_ros_ackermann_drive.so
[5.155s] -- Up-to-date: /home/terranova/uav_ws/install/gazebo_plugins/lib/libgazebo_ros_bumper.so
[5.156s] -- Up-to-date: /home/terranova/uav_ws/install/gazebo_plugins/lib/libgazebo_ros_camera.so
[5.156s] -- Up-to-date: /home/terranova/uav_ws/install/gazebo_plugins/lib/libgazebo_ros_diff_drive.so
[5.158s] -- Up-to-date: /home/terranova/uav_ws/install/gazebo_plugins/lib/libgazebo_ros_elevator.so
[5.160s] -- Up-to-date: /home/terranova/uav_ws/install/gazebo_plugins/lib/libgazebo_ros_force.so
[5.162s] -- Up-to-date: /home/terranova/uav_ws/install/gazebo_plugins/lib/libgazebo_ros_ft_sensor.so
[5.165s] -- Up-to-date: /home/terranova/uav_ws/install/gazebo_plugins/lib/libgazebo_ros_hand_of_god.so
[5.166s] -- Up-to-date: /home/terranova/uav_ws/install/gazebo_plugins/lib/libgazebo_ros_harness.so
[5.168s] -- Up-to-date: /home/terranova/uav_ws/install/gazebo_plugins/lib/libgazebo_ros_imu_sensor.so
[5.170s] -- Up-to-date: /home/terranova/uav_ws/install/gazebo_plugins/lib/libgazebo_ros_gps_sensor.so
[5.172s] -- Up-to-date: /home/terranova/uav_ws/install/gazebo_plugins/lib/libgazebo_ros_joint_pose_trajectory.so
[5.173s] -- Up-to-date: /home/terranova/uav_ws/install/gazebo_plugins/lib/libgazebo_ros_joint_state_publisher.so
[5.184s] -- Up-to-date: /home/terranova/uav_ws/install/gazebo_plugins/lib/libgazebo_ros_planar_move.so
[5.186s] -- Up-to-date: /home/terranova/uav_ws/install/gazebo_plugins/lib/libgazebo_ros_projector.so
[5.187s] -- Up-to-date: /home/terranova/uav_ws/install/gazebo_plugins/lib/libgazebo_ros_ray_sensor.so
[5.189s] -- Up-to-date: /home/terranova/uav_ws/install/gazebo_plugins/lib/libgazebo_ros_p3d.so
[5.192s] -- Up-to-date: /home/terranova/uav_ws/install/gazebo_plugins/lib/libgazebo_ros_template.so
[5.194s] -- Up-to-date: /home/terranova/uav_ws/install/gazebo_plugins/lib/libgazebo_ros_tricycle_drive.so
[5.195s] -- Up-to-date: /home/terranova/uav_ws/install/gazebo_plugins/lib/libgazebo_ros_vacuum_gripper.so
[5.202s] -- Up-to-date: /home/terranova/uav_ws/install/gazebo_plugins/lib/libgazebo_ros_video.so
[5.209s] -- Up-to-date: /home/terranova/uav_ws/install/gazebo_plugins/lib/libmulti_camera_plugin.so
[5.211s] -- Up-to-date: /home/terranova/uav_ws/install/gazebo_plugins/lib/libgazebo_ros_wheel_slip.so
[5.212s] -- Up-to-date: /home/terranova/uav_ws/install/gazebo_plugins/share/gazebo_plugins//worlds
[5.213s] -- Up-to-date: /home/terranova/uav_ws/install/gazebo_plugins/share/gazebo_plugins//worlds/gazebo_ros_ackermann_drive_demo.world
[5.213s] -- Up-to-date: /home/terranova/uav_ws/install/gazebo_plugins/share/gazebo_plugins//worlds/gazebo_ros_camera_distortion_pincushion_demo.world
[5.213s] -- Up-to-date: /home/terranova/uav_ws/install/gazebo_plugins/share/gazebo_plugins//worlds/gazebo_ros_camera_demo.world
[5.214s] -- Up-to-date: /home/terranova/uav_ws/install/gazebo_plugins/share/gazebo_plugins//worlds/gazebo_ros_bumper_demo.world
[5.214s] -- Up-to-date: /home/terranova/uav_ws/install/gazebo_plugins/share/gazebo_plugins//worlds/gazebo_ros_video_demo.world
[5.214s] -- Up-to-date: /home/terranova/uav_ws/install/gazebo_plugins/share/gazebo_plugins//worlds/gazebo_ros_projector_demo.world
[5.214s] -- Up-to-date: /home/terranova/uav_ws/install/gazebo_plugins/share/gazebo_plugins//worlds/gazebo_ros_multi_camera_demo.world
[5.214s] -- Up-to-date: /home/terranova/uav_ws/install/gazebo_plugins/share/gazebo_plugins//worlds/gazebo_ros_diff_drive_demo.world
[5.215s] -- Up-to-date: /home/terranova/uav_ws/install/gazebo_plugins/share/gazebo_plugins//worlds/gazebo_ros_gps_sensor_demo.world
[5.215s] -- Up-to-date: /home/terranova/uav_ws/install/gazebo_plugins/share/gazebo_plugins//worlds/gazebo_ros_tricycle_drive_demo.world
[5.215s] -- Up-to-date: /home/terranova/uav_ws/install/gazebo_plugins/share/gazebo_plugins//worlds/gazebo_ros_skid_steer_drive_demo.world
[5.215s] -- Up-to-date: /home/terranova/uav_ws/install/gazebo_plugins/share/gazebo_plugins//worlds/gazebo_ros_ft_sensor_demo.world
[5.215s] -- Up-to-date: /home/terranova/uav_ws/install/gazebo_plugins/share/gazebo_plugins//worlds/gazebo_ros_planar_move_demo.world
[5.215s] -- Up-to-date: /home/terranova/uav_ws/install/gazebo_plugins/share/gazebo_plugins//worlds/gazebo_ros_camera_distortion_barrel_demo.world
[5.216s] -- Up-to-date: /home/terranova/uav_ws/install/gazebo_plugins/share/gazebo_plugins//worlds/gazebo_ros_depth_camera_demo.world
[5.216s] -- Up-to-date: /home/terranova/uav_ws/install/gazebo_plugins/share/gazebo_plugins//worlds/gazebo_ros_elevator_demo.world
[5.216s] -- Up-to-date: /home/terranova/uav_ws/install/gazebo_plugins/share/gazebo_plugins//worlds/gazebo_ros_joint_pose_trajectory_demo.world
[5.216s] -- Up-to-date: /home/terranova/uav_ws/install/gazebo_plugins/share/gazebo_plugins//worlds/gazebo_ros_vacuum_gripper_demo.world
[5.218s] -- Up-to-date: /home/terranova/uav_ws/install/gazebo_plugins/share/gazebo_plugins//worlds/gazebo_ros_hand_of_god_demo.world
[5.218s] -- Up-to-date: /home/terranova/uav_ws/install/gazebo_plugins/share/gazebo_plugins//worlds/gazebo_ros_harness_demo.world
[5.218s] -- Up-to-date: /home/terranova/uav_ws/install/gazebo_plugins/share/gazebo_plugins//worlds/gazebo_ros_multicamera_demo.world
[5.218s] -- Up-to-date: /home/terranova/uav_ws/install/gazebo_plugins/share/gazebo_plugins//worlds/gazebo_ros_p3d_demo.world
[5.219s] -- Up-to-date: /home/terranova/uav_ws/install/gazebo_plugins/share/gazebo_plugins//worlds/gazebo_ros_force_demo.world
[5.219s] -- Up-to-date: /home/terranova/uav_ws/install/gazebo_plugins/share/gazebo_plugins//worlds/gazebo_ros_camera_triggered_demo.world
[5.219s] -- Up-to-date: /home/terranova/uav_ws/install/gazebo_plugins/share/gazebo_plugins//worlds/gazebo_ros_template_demo.world
[5.219s] -- Up-to-date: /home/terranova/uav_ws/install/gazebo_plugins/share/gazebo_plugins//worlds/gazebo_ros_wheel_slip_demo.world
[5.219s] -- Up-to-date: /home/terranova/uav_ws/install/gazebo_plugins/share/gazebo_plugins//worlds/gazebo_ros_ray_sensor_demo.world
[5.220s] -- Up-to-date: /home/terranova/uav_ws/install/gazebo_plugins/share/gazebo_plugins//worlds/gazebo_ros_joint_state_publisher_demo.world
[5.281s] Invoked command in '/home/terranova/uav_ws/build/gazebo_plugins' returned '0': CMAKE_PREFIX_PATH=/home/terranova/uav_ws/install/gazebo_ros:/home/terranova/uav_ws/install/gazebo_msgs:/home/terranova/uav_ws/install/gazebo_dev:/home/terranova/uav_ws/install/cv_bridge:/home/terranova/uav_ws/install/vision_opencv:/home/terranova/uav_ws/install/uav_gazebo:/home/terranova/uav_ws/install/uav_cartographer:/home/terranova/uav_ws/install/turtlebot3:/home/terranova/uav_ws/install/turtlebot3_simulations:/home/terranova/uav_ws/install/turtlebot3_bringup:/home/terranova/uav_ws/install/turtlebot3_node:/home/terranova/uav_ws/install/turtlebot3_navigation2:/home/terranova/uav_ws/install/turtlebot3_fake_node:/home/terranova/uav_ws/install/turtlebot3_msgs:/home/terranova/uav_ws/install/turtlebot3_gazebo:/home/terranova/uav_ws/install/turtlebot3_description:/home/terranova/uav_ws/install/turtlebot3_cartographer:/home/terranova/uav_ws/install/turtlebot3_teleop:/home/terranova/uav_ws/install/turtlebot3_example:/home/terranova/uav_ws/install/opencv_tests:/home/terranova/uav_ws/install/joint_state_publisher_gui:/home/terranova/uav_ws/install/joint_state_publisher:/opt/ros/foxy:/home/terranova/uav_ws/install/realsense_gazebo_plugin:/home/terranova/uav_ws/install/perception_pcl:/home/terranova/uav_ws/install/pcl_ros:/home/terranova/uav_ws/install/pcl_conversions:/home/terranova/uav_ws/install/pcl_msgs:/home/terranova/uav_ws/install/image_geometry:/home/terranova/uav_ws/install/hls_lfcd_lds_driver:/home/terranova/uav_ws/install/gazebo_ros_pkgs:/home/terranova/uav_ws/install/gazebo_plugins:/home/terranova/uav_ws/install/dynamixel_sdk_examples:/home/terranova/uav_ws/install/dynamixel_sdk_custom_interfaces:/home/terranova/uav_ws/install/dynamixel_sdk:/home/terranova/uav_ws/install/absl LD_LIBRARY_PATH=/home/terranova/uav_ws/install/gazebo_ros/lib:/home/terranova/uav_ws/install/gazebo_msgs/lib:/home/terranova/uav_ws/install/cv_bridge/lib:/home/terranova/uav_ws/install/turtlebot3_msgs/lib:/home/terranova/uav_ws/install/realsense_gazebo_plugin/lib:/home/terranova/uav_ws/install/pcl_ros/lib:/home/terranova/uav_ws/install/pcl_msgs/lib:/home/terranova/uav_ws/install/image_geometry/lib:/home/terranova/uav_ws/install/gazebo_plugins/lib:/home/terranova/uav_ws/install/dynamixel_sdk_custom_interfaces/lib:/home/terranova/uav_ws/install/dynamixel_sdk/lib:/opt/ros/foxy/opt/yaml_cpp_vendor/lib:/opt/ros/foxy/opt/rviz_ogre_vendor/lib:/opt/ros/foxy/lib/x86_64-linux-gnu:/opt/ros/foxy/lib:/usr/lib/x86_64-linux-gnu/gazebo-11/plugins PYTHONPATH=/home/terranova/uav_ws/install/gazebo_ros/lib/python3.8/site-packages:/home/terranova/uav_ws/install/gazebo_msgs/lib/python3.8/site-packages:/home/terranova/uav_ws/install/cv_bridge/lib/python3.8/site-packages:/home/terranova/uav_ws/install/turtlebot3_teleop/lib/python3.8/site-packages:/home/terranova/uav_ws/install/turtlebot3_example/lib/python3.8/site-packages:/home/terranova/uav_ws/install/turtlebot3_msgs/lib/python3.8/site-packages:/home/terranova/uav_ws/install/pcl_msgs/lib/python3.8/site-packages:/home/terranova/uav_ws/install/opencv_tests/lib/python3.8/site-packages:/home/terranova/uav_ws/install/joint_state_publisher_gui/lib/python3.8/site-packages:/home/terranova/uav_ws/install/joint_state_publisher/lib/python3.8/site-packages:/home/terranova/uav_ws/install/image_geometry/lib/python3.8/site-packages:/home/terranova/uav_ws/install/dynamixel_sdk_custom_interfaces/lib/python3.8/site-packages:/opt/ros/foxy/lib/python3.8/site-packages:/home/terranova/.local/bin /home/terranova/.local/bin/cmake --install /home/terranova/uav_ws/build/gazebo_plugins
