[4.257s] Invoking command in '/home/terranova/uav_ws/src/joint_state_publisher': PYTHONPATH=/home/terranova/uav_ws/build/joint_state_publisher/prefix_override:/home/terranova/uav_ws/install/joint_state_publisher/lib/python3.8/site-packages:${PYTHONPATH} /usr/bin/python3 -W ignore:setup.py install is deprecated setup.py egg_info --egg-base ../../build/joint_state_publisher build --build-base /home/terranova/uav_ws/build/joint_state_publisher/build install --record /home/terranova/uav_ws/build/joint_state_publisher/install.log --single-version-externally-managed install_data
[5.498s] running egg_info
[5.498s] creating ../../build/joint_state_publisher/joint_state_publisher.egg-info
[5.548s] writing ../../build/joint_state_publisher/joint_state_publisher.egg-info/PKG-INFO
[5.550s] writing dependency_links to ../../build/joint_state_publisher/joint_state_publisher.egg-info/dependency_links.txt
[5.551s] writing entry points to ../../build/joint_state_publisher/joint_state_publisher.egg-info/entry_points.txt
[5.552s] writing requirements to ../../build/joint_state_publisher/joint_state_publisher.egg-info/requires.txt
[5.553s] writing top-level names to ../../build/joint_state_publisher/joint_state_publisher.egg-info/top_level.txt
[6.074s] writing manifest file '../../build/joint_state_publisher/joint_state_publisher.egg-info/SOURCES.txt'
[6.251s] reading manifest file '../../build/joint_state_publisher/joint_state_publisher.egg-info/SOURCES.txt'
[6.252s] adding license file 'LICENSE'
[6.254s] writing manifest file '../../build/joint_state_publisher/joint_state_publisher.egg-info/SOURCES.txt'
[6.255s] running build
[6.256s] running build_py
[6.256s] creating /home/terranova/uav_ws/build/joint_state_publisher/build
[6.256s] creating /home/terranova/uav_ws/build/joint_state_publisher/build/lib
[6.256s] creating /home/terranova/uav_ws/build/joint_state_publisher/build/lib/joint_state_publisher
[6.257s] copying joint_state_publisher/__init__.py -> /home/terranova/uav_ws/build/joint_state_publisher/build/lib/joint_state_publisher
[6.258s] copying joint_state_publisher/joint_state_publisher.py -> /home/terranova/uav_ws/build/joint_state_publisher/build/lib/joint_state_publisher
[6.261s] running install
[6.279s] running install_lib
[6.335s] creating /home/terranova/uav_ws/install/joint_state_publisher/lib/python3.8/site-packages/joint_state_publisher
[6.336s] copying /home/terranova/uav_ws/build/joint_state_publisher/build/lib/joint_state_publisher/__init__.py -> /home/terranova/uav_ws/install/joint_state_publisher/lib/python3.8/site-packages/joint_state_publisher
[6.338s] copying /home/terranova/uav_ws/build/joint_state_publisher/build/lib/joint_state_publisher/joint_state_publisher.py -> /home/terranova/uav_ws/install/joint_state_publisher/lib/python3.8/site-packages/joint_state_publisher
[6.341s] byte-compiling /home/terranova/uav_ws/install/joint_state_publisher/lib/python3.8/site-packages/joint_state_publisher/__init__.py to __init__.cpython-38.pyc
[6.345s] byte-compiling /home/terranova/uav_ws/install/joint_state_publisher/lib/python3.8/site-packages/joint_state_publisher/joint_state_publisher.py to joint_state_publisher.cpython-38.pyc
[6.354s] running install_data
[6.355s] creating /home/terranova/uav_ws/install/joint_state_publisher/share/ament_index
[6.355s] creating /home/terranova/uav_ws/install/joint_state_publisher/share/ament_index/resource_index
[6.355s] creating /home/terranova/uav_ws/install/joint_state_publisher/share/ament_index/resource_index/packages
[6.356s] copying resource/joint_state_publisher -> /home/terranova/uav_ws/install/joint_state_publisher/share/ament_index/resource_index/packages
[6.358s] copying package.xml -> /home/terranova/uav_ws/install/joint_state_publisher/share/joint_state_publisher
[6.374s] running install_egg_info
[6.436s] Copying ../../build/joint_state_publisher/joint_state_publisher.egg-info to /home/terranova/uav_ws/install/joint_state_publisher/lib/python3.8/site-packages/joint_state_publisher-2.2.0-py3.8.egg-info
[6.455s] running install_scripts
[6.626s] Installing joint_state_publisher script to /home/terranova/uav_ws/install/joint_state_publisher/lib/joint_state_publisher
[6.629s] writing list of installed files to '/home/terranova/uav_ws/build/joint_state_publisher/install.log'
[6.715s] Invoked command in '/home/terranova/uav_ws/src/joint_state_publisher' returned '0': PYTHONPATH=/home/terranova/uav_ws/build/joint_state_publisher/prefix_override:/home/terranova/uav_ws/install/joint_state_publisher/lib/python3.8/site-packages:${PYTHONPATH} /usr/bin/python3 -W ignore:setup.py install is deprecated setup.py egg_info --egg-base ../../build/joint_state_publisher build --build-base /home/terranova/uav_ws/build/joint_state_publisher/build install --record /home/terranova/uav_ws/build/joint_state_publisher/install.log --single-version-externally-managed install_data
