[0.041s] Invoking command in '/home/terranova/uav_ws/build/uav_cartographer': CMAKE_PREFIX_PATH=${CMAKE_PREFIX_PATH}:/home/terranova/uav_ws/install/turtlebot3_teleop:/home/terranova/uav_ws/install/turtlebot3_example:/home/terranova/uav_ws/install/opencv_tests:/home/terranova/uav_ws/install/joint_state_publisher_gui:/home/terranova/uav_ws/install/joint_state_publisher:/opt/ros/foxy /home/terranova/.local/bin/cmake /home/terranova/uav_ws/src/uav_cartographer -DCMAKE_INSTALL_PREFIX=/home/terranova/uav_ws/install/uav_cartographer
[0.242s] -- The C compiler identification is GNU 9.4.0
[0.398s] -- The CXX compiler identification is GNU 9.4.0
[0.447s] -- Detecting C compiler ABI info
[0.635s] -- Detecting C compiler ABI info - done
[0.668s] -- Check for working C compiler: /usr/lib/ccache/cc - skipped
[0.669s] -- Detecting C compile features
[0.670s] -- Detecting C compile features - done
[0.702s] -- Detecting CXX compiler ABI info
[0.875s] -- Detecting CXX compiler ABI info - done
[0.913s] -- Check for working CXX compiler: /usr/lib/ccache/c++ - skipped
[0.913s] -- Detecting CXX compile features
[0.916s] -- Detecting CXX compile features - done
[0.926s] -- Found ament_cmake: 0.9.12 (/opt/ros/foxy/share/ament_cmake/cmake)
[0.946s] [33mCMake Warning (dev) at /opt/ros/foxy/share/ament_cmake_core/cmake/core/python.cmake:22 (find_package):
[0.946s]   Policy CMP0148 is not set: The FindPythonInterp and FindPythonLibs modules
[0.946s]   are removed.  Run "cmake --help-policy CMP0148" for policy details.  Use
[0.946s]   the cmake_policy command to set the policy and suppress this warning.
[0.947s] 
[0.947s] Call Stack (most recent call first):
[0.947s]   /opt/ros/foxy/share/ament_cmake_core/cmake/core/all.cmake:53 (include)
[0.947s]   /opt/ros/foxy/share/ament_cmake_core/cmake/ament_cmake_core-extras.cmake:17 (include)
[0.947s]   /opt/ros/foxy/share/ament_cmake_core/cmake/ament_cmake_coreConfig.cmake:41 (include)
[0.947s]   /opt/ros/foxy/share/ament_cmake/cmake/ament_cmake_export_dependencies-extras.cmake:15 (find_package)
[0.948s]   /opt/ros/foxy/share/ament_cmake/cmake/ament_cmakeConfig.cmake:41 (include)
[0.948s]   CMakeLists.txt:10 (find_package)
[0.948s] This warning is for project developers.  Use -Wno-dev to suppress it.
[0.948s] [0m
[1.021s] -- Found PythonInterp: /usr/bin/python3 (found suitable version "3.8.10", minimum required is "3") 
[1.022s] -- Using PYTHON_EXECUTABLE: /usr/bin/python3
[2.307s] -- Configuring done (2.2s)
[2.330s] -- Generating done (0.0s)
[2.334s] -- Build files have been written to: /home/terranova/uav_ws/build/uav_cartographer
[2.376s] Invoked command in '/home/terranova/uav_ws/build/uav_cartographer' returned '0': CMAKE_PREFIX_PATH=${CMAKE_PREFIX_PATH}:/home/terranova/uav_ws/install/turtlebot3_teleop:/home/terranova/uav_ws/install/turtlebot3_example:/home/terranova/uav_ws/install/opencv_tests:/home/terranova/uav_ws/install/joint_state_publisher_gui:/home/terranova/uav_ws/install/joint_state_publisher:/opt/ros/foxy /home/terranova/.local/bin/cmake /home/terranova/uav_ws/src/uav_cartographer -DCMAKE_INSTALL_PREFIX=/home/terranova/uav_ws/install/uav_cartographer
[2.378s] Invoking command in '/home/terranova/uav_ws/build/uav_cartographer': CMAKE_PREFIX_PATH=${CMAKE_PREFIX_PATH}:/home/terranova/uav_ws/install/turtlebot3_teleop:/home/terranova/uav_ws/install/turtlebot3_example:/home/terranova/uav_ws/install/opencv_tests:/home/terranova/uav_ws/install/joint_state_publisher_gui:/home/terranova/uav_ws/install/joint_state_publisher:/opt/ros/foxy /home/terranova/.local/bin/cmake --build /home/terranova/uav_ws/build/uav_cartographer -- -j4 -l4
[2.652s] Invoked command in '/home/terranova/uav_ws/build/uav_cartographer' returned '0': CMAKE_PREFIX_PATH=${CMAKE_PREFIX_PATH}:/home/terranova/uav_ws/install/turtlebot3_teleop:/home/terranova/uav_ws/install/turtlebot3_example:/home/terranova/uav_ws/install/opencv_tests:/home/terranova/uav_ws/install/joint_state_publisher_gui:/home/terranova/uav_ws/install/joint_state_publisher:/opt/ros/foxy /home/terranova/.local/bin/cmake --build /home/terranova/uav_ws/build/uav_cartographer -- -j4 -l4
[2.935s] Invoking command in '/home/terranova/uav_ws/build/uav_cartographer': CMAKE_PREFIX_PATH=${CMAKE_PREFIX_PATH}:/home/terranova/uav_ws/install/turtlebot3_teleop:/home/terranova/uav_ws/install/turtlebot3_example:/home/terranova/uav_ws/install/opencv_tests:/home/terranova/uav_ws/install/joint_state_publisher_gui:/home/terranova/uav_ws/install/joint_state_publisher:/opt/ros/foxy /home/terranova/.local/bin/cmake --install /home/terranova/uav_ws/build/uav_cartographer
[3.040s] -- Install configuration: ""
[3.041s] -- Installing: /home/terranova/uav_ws/install/uav_cartographer/share/uav_cartographer/config
[3.042s] -- Installing: /home/terranova/uav_ws/install/uav_cartographer/share/uav_cartographer/config/uav_lds_2d.lua
[3.047s] -- Installing: /home/terranova/uav_ws/install/uav_cartographer/share/uav_cartographer/launch
[3.048s] -- Installing: /home/terranova/uav_ws/install/uav_cartographer/share/uav_cartographer/launch/uav_cartographer.launch.py
[3.049s] -- Installing: /home/terranova/uav_ws/install/uav_cartographer/share/uav_cartographer/launch/occupancy_grid.launch.py
[3.049s] -- Installing: /home/terranova/uav_ws/install/uav_cartographer/share/uav_cartographer/rviz
[3.050s] -- Installing: /home/terranova/uav_ws/install/uav_cartographer/share/uav_cartographer/rviz/test_config.rviz
[3.051s] -- Installing: /home/terranova/uav_ws/install/uav_cartographer/share/uav_cartographer/rviz/uav_cartographer.rviz
[3.052s] -- Installing: /home/terranova/uav_ws/install/uav_cartographer/share/ament_index/resource_index/package_run_dependencies/uav_cartographer
[3.053s] -- Installing: /home/terranova/uav_ws/install/uav_cartographer/share/ament_index/resource_index/parent_prefix_path/uav_cartographer
[3.054s] -- Installing: /home/terranova/uav_ws/install/uav_cartographer/share/uav_cartographer/environment/ament_prefix_path.sh
[3.055s] -- Installing: /home/terranova/uav_ws/install/uav_cartographer/share/uav_cartographer/environment/ament_prefix_path.dsv
[3.056s] -- Installing: /home/terranova/uav_ws/install/uav_cartographer/share/uav_cartographer/environment/path.sh
[3.056s] -- Installing: /home/terranova/uav_ws/install/uav_cartographer/share/uav_cartographer/environment/path.dsv
[3.057s] -- Installing: /home/terranova/uav_ws/install/uav_cartographer/share/uav_cartographer/local_setup.bash
[3.058s] -- Installing: /home/terranova/uav_ws/install/uav_cartographer/share/uav_cartographer/local_setup.sh
[3.058s] -- Installing: /home/terranova/uav_ws/install/uav_cartographer/share/uav_cartographer/local_setup.zsh
[3.059s] -- Installing: /home/terranova/uav_ws/install/uav_cartographer/share/uav_cartographer/local_setup.dsv
[3.060s] -- Installing: /home/terranova/uav_ws/install/uav_cartographer/share/uav_cartographer/package.dsv
[3.061s] -- Installing: /home/terranova/uav_ws/install/uav_cartographer/share/ament_index/resource_index/packages/uav_cartographer
[3.061s] -- Installing: /home/terranova/uav_ws/install/uav_cartographer/share/uav_cartographer/cmake/uav_cartographerConfig.cmake
[3.066s] -- Installing: /home/terranova/uav_ws/install/uav_cartographer/share/uav_cartographer/cmake/uav_cartographerConfig-version.cmake
[3.071s] -- Installing: /home/terranova/uav_ws/install/uav_cartographer/share/uav_cartographer/package.xml
[3.092s] Invoked command in '/home/terranova/uav_ws/build/uav_cartographer' returned '0': CMAKE_PREFIX_PATH=${CMAKE_PREFIX_PATH}:/home/terranova/uav_ws/install/turtlebot3_teleop:/home/terranova/uav_ws/install/turtlebot3_example:/home/terranova/uav_ws/install/opencv_tests:/home/terranova/uav_ws/install/joint_state_publisher_gui:/home/terranova/uav_ws/install/joint_state_publisher:/opt/ros/foxy /home/terranova/.local/bin/cmake --install /home/terranova/uav_ws/build/uav_cartographer
