[0.049s] Invoking command in '/home/terranova/uav_ws/build/absl': /home/terranova/.local/bin/cmake /home/terranova/uav_ws/src/abseil-cpp -DCMAKE_INSTALL_PREFIX=/home/terranova/uav_ws/install/absl
[0.320s] -- The CXX compiler identification is GNU 9.4.0
[0.374s] -- Detecting CXX compiler ABI info
[0.555s] -- Detecting CXX compiler ABI info - done
[0.589s] -- Check for working CXX compiler: /usr/lib/ccache/c++ - skipped
[0.590s] -- Detecting CXX compile features
[0.593s] -- Detecting CXX compile features - done
[0.628s] [33mCMake Warning at CMakeLists.txt:82 (message):
[0.628s]   A future Abseil release will default ABSL_PROPAGATE_CXX_STD to ON for CMake
[0.628s]   3.8 and up.  We recommend enabling this option to ensure your project still
[0.629s]   builds correctly.
[0.629s] 
[0.629s] [0m
[0.647s] -- Performing Test ABSL_INTERNAL_AT_LEAST_CXX17
[0.724s] -- Performing Test ABSL_INTERNAL_AT_LEAST_CXX17 - Failed
[0.725s] -- Performing Test ABSL_INTERNAL_AT_LEAST_CXX20
[0.806s] -- Performing Test ABSL_INTERNAL_AT_LEAST_CXX20 - Failed
[0.820s] -- Performing Test CMAKE_HAVE_LIBC_PTHREAD
[1.074s] -- Performing Test CMAKE_HAVE_LIBC_PTHREAD - Failed
[1.074s] -- Looking for pthread_create in pthreads
[1.243s] -- Looking for pthread_create in pthreads - not found
[1.244s] -- Looking for pthread_create in pthread
[1.425s] -- Looking for pthread_create in pthread - found
[1.428s] -- Found Threads: TRUE  
[1.921s] -- Configuring done (1.8s)
[2.479s] -- Generating done (0.5s)
[2.515s] -- Build files have been written to: /home/terranova/uav_ws/build/absl
[2.569s] Invoked command in '/home/terranova/uav_ws/build/absl' returned '0': /home/terranova/.local/bin/cmake /home/terranova/uav_ws/src/abseil-cpp -DCMAKE_INSTALL_PREFIX=/home/terranova/uav_ws/install/absl
[2.571s] Invoking command in '/home/terranova/uav_ws/build/absl': /home/terranova/.local/bin/cmake --build /home/terranova/uav_ws/build/absl -- -j4 -l4
[2.739s] [  0%] [32mBuilding CXX object absl/base/CMakeFiles/log_severity.dir/log_severity.cc.o[0m
[2.780s] [  1%] [32m[1mLinking CXX static library libabsl_log_severity.a[0m
[2.813s] [  1%] Built target log_severity
[2.839s] [  2%] [32mBuilding CXX object absl/time/CMakeFiles/time_zone.dir/internal/cctz/src/time_zone_fixed.cc.o[0m
[2.887s] [  2%] [32mBuilding CXX object absl/time/CMakeFiles/time_zone.dir/internal/cctz/src/time_zone_format.cc.o[0m
[2.917s] [  3%] [32mBuilding CXX object absl/time/CMakeFiles/time_zone.dir/internal/cctz/src/time_zone_if.cc.o[0m
[2.945s] [  3%] [32mBuilding CXX object absl/time/CMakeFiles/time_zone.dir/internal/cctz/src/time_zone_impl.cc.o[0m
[2.975s] [  4%] [32mBuilding CXX object absl/time/CMakeFiles/time_zone.dir/internal/cctz/src/time_zone_info.cc.o[0m
[3.007s] [  4%] [32mBuilding CXX object absl/time/CMakeFiles/time_zone.dir/internal/cctz/src/time_zone_libc.cc.o[0m
[3.034s] [  4%] [32mBuilding CXX object absl/time/CMakeFiles/time_zone.dir/internal/cctz/src/time_zone_lookup.cc.o[0m
[3.059s] [  5%] [32mBuilding CXX object absl/time/CMakeFiles/time_zone.dir/internal/cctz/src/time_zone_posix.cc.o[0m
[3.081s] [  5%] [32mBuilding CXX object absl/time/CMakeFiles/time_zone.dir/internal/cctz/src/zone_info_source.cc.o[0m
[3.105s] [  6%] [32m[1mLinking CXX static library libabsl_time_zone.a[0m
[3.167s] [  6%] Built target time_zone
[3.191s] [  7%] [32mBuilding CXX object absl/numeric/CMakeFiles/int128.dir/int128.cc.o[0m
[3.220s] [  7%] [32m[1mLinking CXX static library libabsl_int128.a[0m
[3.261s] [  7%] Built target int128
[3.288s] [  7%] [32mBuilding CXX object absl/profiling/CMakeFiles/exponential_biased.dir/internal/exponential_biased.cc.o[0m
[3.315s] [  7%] [32m[1mLinking CXX static library libabsl_exponential_biased.a[0m
[3.357s] [  7%] Built target exponential_biased
[3.382s] [  8%] [32mBuilding CXX object absl/time/CMakeFiles/civil_time.dir/internal/cctz/src/civil_time_detail.cc.o[0m
[3.412s] [  8%] [32m[1mLinking CXX static library libabsl_civil_time.a[0m
[3.466s] [  8%] Built target civil_time
[3.488s] [  9%] [32mBuilding CXX object absl/debugging/CMakeFiles/leak_check.dir/leak_check.cc.o[0m
[3.506s] [  9%] [32m[1mLinking CXX static library libabsl_leak_check.a[0m
[3.543s] [  9%] Built target leak_check
[3.565s] [ 10%] [32mBuilding CXX object absl/flags/CMakeFiles/flags_commandlineflag_internal.dir/internal/commandlineflag.cc.o[0m
[3.584s] [ 10%] [32m[1mLinking CXX static library libabsl_flags_commandlineflag_internal.a[0m
[3.617s] [ 10%] Built target flags_commandlineflag_internal
[3.643s] [ 11%] [32mBuilding CXX object absl/log/CMakeFiles/log_internal_nullguard.dir/internal/nullguard.cc.o[0m
[3.670s] [ 11%] [32m[1mLinking CXX static library libabsl_log_internal_nullguard.a[0m
[3.720s] [ 11%] Built target log_internal_nullguard
[3.757s] [ 12%] [32mBuilding CXX object absl/profiling/CMakeFiles/periodic_sampler.dir/internal/periodic_sampler.cc.o[0m
[3.782s] [ 12%] [32m[1mLinking CXX static library libabsl_periodic_sampler.a[0m
[3.829s] [ 12%] Built target periodic_sampler
[3.873s] [ 12%] [32mBuilding CXX object absl/random/CMakeFiles/random_seed_gen_exception.dir/seed_gen_exception.cc.o[0m
[3.898s] [ 12%] [32m[1mLinking CXX static library libabsl_random_seed_gen_exception.a[0m
[3.935s] [ 12%] Built target random_seed_gen_exception
[3.961s] [ 12%] [32mBuilding CXX object absl/random/CMakeFiles/random_internal_platform.dir/internal/randen_round_keys.cc.o[0m
[3.979s] [ 13%] [32m[1mLinking CXX static library libabsl_random_internal_platform.a[0m
[4.015s] [ 13%] Built target random_internal_platform
[4.039s] [ 14%] [32mBuilding CXX object absl/base/CMakeFiles/raw_logging_internal.dir/internal/raw_logging.cc.o[0m
[4.071s] [ 14%] [32m[1mLinking CXX static library libabsl_raw_logging_internal.a[0m
[4.106s] [ 14%] Built target raw_logging_internal
[4.132s] [ 15%] [32mBuilding CXX object absl/random/CMakeFiles/random_internal_randen_hwaes_impl.dir/internal/randen_hwaes.cc.o[0m
[4.205s] [ 15%] [32m[1mLinking CXX static library libabsl_random_internal_randen_hwaes_impl.a[0m
[4.245s] [ 15%] Built target random_internal_randen_hwaes_impl
[4.269s] [ 15%] [32mBuilding CXX object absl/random/CMakeFiles/random_internal_randen_slow.dir/internal/randen_slow.cc.o[0m
[4.301s] [ 16%] [32m[1mLinking CXX static library libabsl_random_internal_randen_slow.a[0m
[4.343s] [ 16%] Built target random_internal_randen_slow
[4.366s] [ 16%] [32mBuilding CXX object absl/types/CMakeFiles/bad_any_cast_impl.dir/bad_any_cast.cc.o[0m
[4.400s] [ 16%] [32m[1mLinking CXX static library libabsl_bad_any_cast_impl.a[0m
[4.433s] [ 16%] Built target bad_any_cast_impl
[4.457s] [ 16%] [32mBuilding CXX object absl/base/CMakeFiles/throw_delegate.dir/internal/throw_delegate.cc.o[0m
[4.484s] [ 17%] [32m[1mLinking CXX static library libabsl_throw_delegate.a[0m
[4.520s] [ 17%] Built target throw_delegate
[4.547s] [ 17%] [32mBuilding CXX object absl/base/CMakeFiles/scoped_set_env.dir/internal/scoped_set_env.cc.o[0m
[4.572s] [ 18%] [32m[1mLinking CXX static library libabsl_scoped_set_env.a[0m
[4.606s] [ 18%] Built target scoped_set_env
[4.628s] [ 19%] [32mBuilding CXX object absl/debugging/CMakeFiles/debugging_internal.dir/internal/address_is_readable.cc.o[0m
[4.658s] [ 19%] [32mBuilding CXX object absl/debugging/CMakeFiles/debugging_internal.dir/internal/elf_mem_image.cc.o[0m
[4.687s] [ 20%] [32mBuilding CXX object absl/debugging/CMakeFiles/debugging_internal.dir/internal/vdso_support.cc.o[0m
[4.714s] [ 20%] [32m[1mLinking CXX static library libabsl_debugging_internal.a[0m
[4.756s] [ 20%] Built target debugging_internal
[4.778s] [ 21%] [32mBuilding CXX object absl/types/CMakeFiles/bad_variant_access.dir/bad_variant_access.cc.o[0m
[4.806s] [ 21%] [32m[1mLinking CXX static library libabsl_bad_variant_access.a[0m
[4.856s] [ 21%] Built target bad_variant_access
[4.881s] [ 22%] [32mBuilding CXX object absl/types/CMakeFiles/bad_optional_access.dir/bad_optional_access.cc.o[0m
[4.921s] [ 22%] [32m[1mLinking CXX static library libabsl_bad_optional_access.a[0m
[4.986s] [ 22%] Built target bad_optional_access
[5.009s] [ 22%] [32mBuilding CXX object absl/strings/CMakeFiles/cordz_functions.dir/internal/cordz_functions.cc.o[0m
[5.058s] [ 23%] [32m[1mLinking CXX static library libabsl_cordz_functions.a[0m
[5.099s] [ 23%] Built target cordz_functions
[5.127s] [ 24%] [32mBuilding CXX object absl/random/CMakeFiles/random_internal_randen_hwaes.dir/internal/randen_detect.cc.o[0m
[5.146s] [ 24%] [32m[1mLinking CXX static library libabsl_random_internal_randen_hwaes.a[0m
[5.193s] [ 24%] Built target random_internal_randen_hwaes
[5.227s] [ 24%] [32mBuilding CXX object absl/debugging/CMakeFiles/stacktrace.dir/stacktrace.cc.o[0m
[5.261s] [ 25%] [32m[1mLinking CXX static library libabsl_stacktrace.a[0m
[5.298s] [ 25%] Built target stacktrace
[5.325s] [ 26%] [32mBuilding CXX object absl/random/CMakeFiles/random_internal_randen.dir/internal/randen.cc.o[0m
[5.354s] [ 26%] [32m[1mLinking CXX static library libabsl_random_internal_randen.a[0m
[5.396s] [ 26%] Built target random_internal_randen
[5.421s] [ 26%] [32mBuilding CXX object absl/base/CMakeFiles/strerror.dir/internal/strerror.cc.o[0m
[5.453s] [ 27%] [32m[1mLinking CXX static library libabsl_strerror.a[0m
[5.485s] [ 27%] Built target strerror
[5.508s] [ 27%] [32mBuilding CXX object absl/base/CMakeFiles/spinlock_wait.dir/internal/spinlock_wait.cc.o[0m
[5.529s] [ 28%] [32m[1mLinking CXX static library libabsl_spinlock_wait.a[0m
[5.574s] [ 28%] Built target spinlock_wait
[5.595s] [ 28%] [32mBuilding CXX object absl/base/CMakeFiles/base.dir/internal/cycleclock.cc.o[0m
[5.617s] [ 29%] [32mBuilding CXX object absl/base/CMakeFiles/base.dir/internal/thread_identity.cc.o[0m
[5.648s] [ 29%] [32mBuilding CXX object absl/base/CMakeFiles/base.dir/internal/unscaledcycleclock.cc.o[0m
[5.665s] [ 29%] [32mBuilding CXX object absl/base/CMakeFiles/base.dir/internal/sysinfo.cc.o[0m
[5.696s] [ 30%] [32mBuilding CXX object absl/base/CMakeFiles/base.dir/internal/spinlock.cc.o[0m
[5.725s] [ 31%] [32m[1mLinking CXX static library libabsl_base.a[0m
[5.767s] [ 31%] Built target base
[5.797s] [ 31%] [32mBuilding CXX object absl/base/CMakeFiles/malloc_internal.dir/internal/low_level_alloc.cc.o[0m
[5.832s] [ 31%] [32m[1mLinking CXX static library libabsl_malloc_internal.a[0m
[5.866s] [ 31%] Built target malloc_internal
[5.888s] [ 31%] [32mBuilding CXX object absl/strings/CMakeFiles/string_view.dir/string_view.cc.o[0m
[5.915s] [ 32%] [32m[1mLinking CXX static library libabsl_string_view.a[0m
[5.949s] [ 32%] Built target string_view
[5.972s] [ 32%] [32mBuilding CXX object absl/hash/CMakeFiles/city.dir/internal/city.cc.o[0m
[5.998s] [ 32%] [32m[1mLinking CXX static library libabsl_city.a[0m
[6.039s] [ 32%] Built target city
[6.070s] [ 32%] [32mBuilding CXX object absl/hash/CMakeFiles/low_level_hash.dir/internal/low_level_hash.cc.o[0m
[6.101s] [ 33%] [32m[1mLinking CXX static library libabsl_low_level_hash.a[0m
[6.134s] [ 33%] Built target low_level_hash
[6.157s] [ 34%] [32mBuilding CXX object absl/crc/CMakeFiles/crc_cpu_detect.dir/internal/cpu_detect.cc.o[0m
[6.179s] [ 34%] [32m[1mLinking CXX static library libabsl_crc_cpu_detect.a[0m
[6.212s] [ 34%] Built target crc_cpu_detect
[6.235s] [ 35%] [32mBuilding CXX object absl/log/CMakeFiles/log_internal_conditions.dir/internal/conditions.cc.o[0m
[6.256s] [ 35%] [32m[1mLinking CXX static library libabsl_log_internal_conditions.a[0m
[6.292s] [ 35%] Built target log_internal_conditions
[6.314s] [ 35%] [32mBuilding CXX object absl/synchronization/CMakeFiles/graphcycles_internal.dir/internal/graphcycles.cc.o[0m
[6.341s] [ 35%] [32m[1mLinking CXX static library libabsl_graphcycles_internal.a[0m
[6.376s] [ 35%] Built target graphcycles_internal
[6.399s] [ 35%] [32mBuilding CXX object absl/crc/CMakeFiles/crc_internal.dir/internal/crc.cc.o[0m
[6.445s] [ 36%] [32mBuilding CXX object absl/crc/CMakeFiles/crc_internal.dir/internal/crc_x86_arm_combined.cc.o[0m
[6.517s] [ 36%] [32m[1mLinking CXX static library libabsl_crc_internal.a[0m
[6.567s] [ 36%] Built target crc_internal
[6.594s] [ 36%] [32mBuilding CXX object absl/debugging/CMakeFiles/demangle_internal.dir/internal/demangle.cc.o[0m
[6.629s] [ 37%] [32m[1mLinking CXX static library libabsl_demangle_internal.a[0m
[6.675s] [ 37%] Built target demangle_internal
[6.698s] [ 37%] [32mBuilding CXX object absl/strings/CMakeFiles/strings_internal.dir/internal/ostringstream.cc.o[0m
[6.721s] [ 37%] [32mBuilding CXX object absl/strings/CMakeFiles/strings_internal.dir/internal/escaping.cc.o[0m
[6.767s] [ 38%] [32mBuilding CXX object absl/strings/CMakeFiles/strings_internal.dir/internal/utf8.cc.o[0m
[6.784s] [ 39%] [32m[1mLinking CXX static library libabsl_strings_internal.a[0m
[6.821s] [ 39%] Built target strings_internal
[6.844s] [ 39%] [32mBuilding CXX object absl/strings/CMakeFiles/strings.dir/ascii.cc.o[0m
[6.878s] [ 39%] [32mBuilding CXX object absl/strings/CMakeFiles/strings.dir/internal/charconv_bigint.cc.o[0m
[6.904s] [ 40%] [32mBuilding CXX object absl/strings/CMakeFiles/strings.dir/internal/charconv_parse.cc.o[0m
[6.928s] [ 40%] [32mBuilding CXX object absl/strings/CMakeFiles/strings.dir/internal/damerau_levenshtein_distance.cc.o[0m
[6.956s] [ 41%] [32mBuilding CXX object absl/strings/CMakeFiles/strings.dir/internal/memutil.cc.o[0m
[6.985s] [ 41%] [32mBuilding CXX object absl/strings/CMakeFiles/strings.dir/internal/stringify_sink.cc.o[0m
[7.020s] [ 42%] [32mBuilding CXX object absl/strings/CMakeFiles/strings.dir/match.cc.o[0m
[7.071s] [ 42%] [32mBuilding CXX object absl/strings/CMakeFiles/strings.dir/numbers.cc.o[0m
[7.102s] [ 42%] [32mBuilding CXX object absl/strings/CMakeFiles/strings.dir/str_cat.cc.o[0m
[7.133s] [ 43%] [32mBuilding CXX object absl/strings/CMakeFiles/strings.dir/str_replace.cc.o[0m
[7.171s] [ 43%] [32mBuilding CXX object absl/strings/CMakeFiles/strings.dir/str_split.cc.o[0m
[7.217s] [ 44%] [32mBuilding CXX object absl/strings/CMakeFiles/strings.dir/substitute.cc.o[0m
[7.253s] [ 44%] [32mBuilding CXX object absl/strings/CMakeFiles/strings.dir/escaping.cc.o[0m
[7.287s] [ 45%] [32mBuilding CXX object absl/strings/CMakeFiles/strings.dir/charconv.cc.o[0m
[7.317s] [ 45%] [32m[1mLinking CXX static library libabsl_strings.a[0m
[7.399s] [ 45%] Built target strings
[7.425s] [ 45%] [32mBuilding CXX object absl/debugging/CMakeFiles/symbolize.dir/symbolize.cc.o[0m
[7.462s] [ 46%] [32m[1mLinking CXX static library libabsl_symbolize.a[0m
[7.501s] [ 46%] Built target symbolize
[7.522s] [ 46%] [32mBuilding CXX object absl/strings/CMakeFiles/str_format_internal.dir/internal/str_format/arg.cc.o[0m
[7.557s] [ 47%] [32mBuilding CXX object absl/strings/CMakeFiles/str_format_internal.dir/internal/str_format/bind.cc.o[0m
[7.594s] [ 47%] [32mBuilding CXX object absl/strings/CMakeFiles/str_format_internal.dir/internal/str_format/extension.cc.o[0m
[7.629s] [ 48%] [32mBuilding CXX object absl/strings/CMakeFiles/str_format_internal.dir/internal/str_format/float_conversion.cc.o[0m
[7.678s] [ 48%] [32mBuilding CXX object absl/strings/CMakeFiles/str_format_internal.dir/internal/str_format/output.cc.o[0m
[7.717s] [ 49%] [32mBuilding CXX object absl/strings/CMakeFiles/str_format_internal.dir/internal/str_format/parser.cc.o[0m
[7.773s] [ 49%] [32m[1mLinking CXX static library libabsl_str_format_internal.a[0m
[7.841s] [ 49%] Built target str_format_internal
[7.868s] [ 50%] [32mBuilding CXX object absl/flags/CMakeFiles/flags_commandlineflag.dir/commandlineflag.cc.o[0m
[7.914s] [ 50%] [32m[1mLinking CXX static library libabsl_flags_commandlineflag.a[0m
[7.959s] [ 50%] Built target flags_commandlineflag
[7.978s] [ 51%] [32mBuilding CXX object absl/log/CMakeFiles/log_internal_proto.dir/internal/proto.cc.o[0m
[8.005s] [ 51%] [32m[1mLinking CXX static library libabsl_log_internal_proto.a[0m
[8.038s] [ 51%] Built target log_internal_proto
[8.060s] [ 51%] [32mBuilding CXX object absl/log/CMakeFiles/log_internal_fnmatch.dir/internal/fnmatch.cc.o[0m
[8.101s] [ 52%] [32m[1mLinking CXX static library libabsl_log_internal_fnmatch.a[0m
[8.138s] [ 52%] Built target log_internal_fnmatch
[8.165s] [ 53%] [32mBuilding CXX object absl/random/CMakeFiles/random_distributions.dir/discrete_distribution.cc.o[0m
[8.244s] [ 53%] [32mBuilding CXX object absl/random/CMakeFiles/random_distributions.dir/gaussian_distribution.cc.o[0m
[8.314s] [ 53%] [32m[1mLinking CXX static library libabsl_random_distributions.a[0m
[8.352s] [ 53%] Built target random_distributions
[8.374s] [ 53%] [32mBuilding CXX object absl/random/CMakeFiles/random_internal_seed_material.dir/internal/seed_material.cc.o[0m
[8.405s] [ 54%] [32m[1mLinking CXX static library libabsl_random_internal_seed_material.a[0m
[8.439s] [ 54%] Built target random_internal_seed_material
[8.462s] [ 55%] [32mBuilding CXX object absl/random/CMakeFiles/random_internal_distribution_test_util.dir/internal/chi_square.cc.o[0m
[8.491s] [ 55%] [32mBuilding CXX object absl/random/CMakeFiles/random_internal_distribution_test_util.dir/internal/distribution_test_util.cc.o[0m
[8.523s] [ 56%] [32m[1mLinking CXX static library libabsl_random_internal_distribution_test_util.a[0m
[8.564s] [ 56%] Built target random_internal_distribution_test_util
[8.601s] [ 57%] [32mBuilding CXX object absl/crc/CMakeFiles/crc32c.dir/crc32c.cc.o[0m
[8.633s] [ 57%] [32mBuilding CXX object absl/crc/CMakeFiles/crc32c.dir/internal/crc_memcpy_fallback.cc.o[0m
[8.662s] [ 58%] [32mBuilding CXX object absl/crc/CMakeFiles/crc32c.dir/internal/crc_memcpy_x86_arm_combined.cc.o[0m
[8.695s] [ 58%] [32mBuilding CXX object absl/crc/CMakeFiles/crc32c.dir/internal/crc_non_temporal_memcpy.cc.o[0m
[8.754s] [ 58%] [32m[1mLinking CXX static library libabsl_crc32c.a[0m
[8.799s] [ 58%] Built target crc32c
[8.819s] [ 58%] [32mBuilding CXX object absl/debugging/CMakeFiles/examine_stack.dir/internal/examine_stack.cc.o[0m
[8.850s] [ 59%] [32m[1mLinking CXX static library libabsl_examine_stack.a[0m
[8.900s] [ 59%] Built target examine_stack
[8.932s] [ 59%] [32mBuilding CXX object absl/flags/CMakeFiles/flags_marshalling.dir/marshalling.cc.o[0m
[8.973s] [ 59%] [32m[1mLinking CXX static library libabsl_flags_marshalling.a[0m
[9.039s] [ 59%] Built target flags_marshalling
[9.063s] [ 60%] [32mBuilding CXX object absl/flags/CMakeFiles/flags_private_handle_accessor.dir/internal/private_handle_accessor.cc.o[0m
[9.093s] [ 60%] [32m[1mLinking CXX static library libabsl_flags_private_handle_accessor.a[0m
[9.125s] [ 60%] Built target flags_private_handle_accessor
[9.147s] [ 60%] [32mBuilding CXX object absl/random/CMakeFiles/random_internal_pool_urbg.dir/internal/pool_urbg.cc.o[0m
[9.179s] [ 60%] [32m[1mLinking CXX static library libabsl_random_internal_pool_urbg.a[0m
[9.216s] [ 60%] Built target random_internal_pool_urbg
[9.238s] [ 61%] [32mBuilding CXX object absl/crc/CMakeFiles/crc_cord_state.dir/internal/crc_cord_state.cc.o[0m
[9.275s] [ 61%] [32m[1mLinking CXX static library libabsl_crc_cord_state.a[0m
[9.315s] [ 61%] Built target crc_cord_state
[9.336s] [ 62%] [32mBuilding CXX object absl/debugging/CMakeFiles/failure_signal_handler.dir/failure_signal_handler.cc.o[0m
[9.364s] [ 62%] [32m[1mLinking CXX static library libabsl_failure_signal_handler.a[0m
[9.403s] [ 62%] Built target failure_signal_handler
[9.419s] [ 63%] [32mBuilding CXX object absl/random/CMakeFiles/random_seed_sequences.dir/seed_sequences.cc.o[0m
[9.553s] [ 63%] [32m[1mLinking CXX static library libabsl_random_seed_sequences.a[0m
[9.598s] [ 63%] Built target random_seed_sequences
[9.619s] [ 63%] [32mBuilding CXX object absl/strings/CMakeFiles/cord_internal.dir/internal/cord_internal.cc.o[0m
[9.672s] [ 64%] [32mBuilding CXX object absl/strings/CMakeFiles/cord_internal.dir/internal/cord_rep_btree.cc.o[0m
[9.704s] [ 64%] [32mBuilding CXX object absl/strings/CMakeFiles/cord_internal.dir/internal/cord_rep_btree_navigator.cc.o[0m
[9.731s] [ 65%] [32mBuilding CXX object absl/strings/CMakeFiles/cord_internal.dir/internal/cord_rep_btree_reader.cc.o[0m
[9.760s] [ 65%] [32mBuilding CXX object absl/strings/CMakeFiles/cord_internal.dir/internal/cord_rep_crc.cc.o[0m
[9.797s] [ 65%] [32mBuilding CXX object absl/strings/CMakeFiles/cord_internal.dir/internal/cord_rep_consume.cc.o[0m
[9.825s] [ 66%] [32m[1mLinking CXX static library libabsl_cord_internal.a[0m
[9.885s] [ 66%] Built target cord_internal
[9.913s] [ 67%] [32mBuilding CXX object absl/hash/CMakeFiles/hash.dir/internal/hash.cc.o[0m
[9.958s] [ 67%] [32m[1mLinking CXX static library libabsl_hash.a[0m
[9.999s] [ 67%] Built target hash
[10.023s] [ 67%] [32mBuilding CXX object absl/time/CMakeFiles/time.dir/civil_time.cc.o[0m
[10.057s] [ 68%] [32mBuilding CXX object absl/time/CMakeFiles/time.dir/format.cc.o[0m
[10.092s] [ 68%] [32mBuilding CXX object absl/time/CMakeFiles/time.dir/time.cc.o[0m
[10.122s] [ 68%] [32mBuilding CXX object absl/time/CMakeFiles/time.dir/duration.cc.o[0m
[10.152s] [ 69%] [32mBuilding CXX object absl/time/CMakeFiles/time.dir/clock.cc.o[0m
[10.182s] [ 69%] [32m[1mLinking CXX static library libabsl_time.a[0m
[10.230s] [ 69%] Built target time
[10.257s] [ 70%] [32mBuilding CXX object absl/synchronization/CMakeFiles/kernel_timeout_internal.dir/internal/kernel_timeout.cc.o[0m
[10.291s] [ 70%] [32m[1mLinking CXX static library libabsl_kernel_timeout_internal.a[0m
[10.338s] [ 70%] Built target kernel_timeout_internal
[10.361s] [ 70%] [32mBuilding CXX object absl/log/CMakeFiles/log_entry.dir/log_entry.cc.o[0m
[10.391s] [ 71%] [32m[1mLinking CXX static library libabsl_log_entry.a[0m
[10.429s] [ 71%] Built target log_entry
[10.453s] [ 71%] [32mBuilding CXX object absl/synchronization/CMakeFiles/synchronization.dir/barrier.cc.o[0m
[10.483s] [ 71%] [32mBuilding CXX object absl/synchronization/CMakeFiles/synchronization.dir/blocking_counter.cc.o[0m
[10.511s] [ 72%] [32mBuilding CXX object absl/synchronization/CMakeFiles/synchronization.dir/internal/create_thread_identity.cc.o[0m
[10.546s] [ 72%] [32mBuilding CXX object absl/synchronization/CMakeFiles/synchronization.dir/internal/futex_waiter.cc.o[0m
[10.575s] [ 73%] [32mBuilding CXX object absl/synchronization/CMakeFiles/synchronization.dir/internal/per_thread_sem.cc.o[0m
[10.606s] [ 73%] [32mBuilding CXX object absl/synchronization/CMakeFiles/synchronization.dir/internal/pthread_waiter.cc.o[0m
[10.636s] [ 74%] [32mBuilding CXX object absl/synchronization/CMakeFiles/synchronization.dir/internal/sem_waiter.cc.o[0m
[10.667s] [ 74%] [32mBuilding CXX object absl/synchronization/CMakeFiles/synchronization.dir/internal/stdcpp_waiter.cc.o[0m
[10.697s] [ 74%] [32mBuilding CXX object absl/synchronization/CMakeFiles/synchronization.dir/internal/waiter_base.cc.o[0m
[10.766s] [ 75%] [32mBuilding CXX object absl/synchronization/CMakeFiles/synchronization.dir/internal/win32_waiter.cc.o[0m
[10.831s] [ 75%] [32mBuilding CXX object absl/synchronization/CMakeFiles/synchronization.dir/notification.cc.o[0m
[10.934s] [ 76%] [32mBuilding CXX object absl/synchronization/CMakeFiles/synchronization.dir/mutex.cc.o[0m
[11.020s] [ 76%] [32m[1mLinking CXX static library libabsl_synchronization.a[0m
[11.168s] [ 76%] Built target synchronization
[11.267s] [ 76%] [32mBuilding CXX object absl/log/CMakeFiles/log_sink.dir/log_sink.cc.o[0m
[11.372s] [ 77%] [32m[1mLinking CXX static library libabsl_log_sink.a[0m
[11.501s] [ 77%] Built target log_sink
[11.585s] [ 78%] [32mBuilding CXX object absl/flags/CMakeFiles/flags_program_name.dir/internal/program_name.cc.o[0m
[11.734s] [ 78%] [32m[1mLinking CXX static library libabsl_flags_program_name.a[0m
[11.861s] [ 78%] Built target flags_program_name
[11.968s] [ 78%] [32mBuilding CXX object absl/strings/CMakeFiles/cordz_handle.dir/internal/cordz_handle.cc.o[0m
[12.059s] [ 79%] [32m[1mLinking CXX static library libabsl_cordz_handle.a[0m
[12.204s] [ 79%] Built target cordz_handle
[12.266s] [ 79%] [32mBuilding CXX object absl/log/CMakeFiles/vlog_config_internal.dir/internal/vlog_config.cc.o[0m
[12.341s] [ 80%] [32m[1mLinking CXX static library libabsl_vlog_config_internal.a[0m
[12.438s] [ 80%] Built target vlog_config_internal
[12.536s] [ 80%] [32mBuilding CXX object absl/flags/CMakeFiles/flags_config.dir/usage_config.cc.o[0m
[12.617s] [ 81%] [32m[1mLinking CXX static library libabsl_flags_config.a[0m
[12.666s] [ 81%] Built target flags_config
[12.687s] [ 81%] [32mBuilding CXX object absl/strings/CMakeFiles/cordz_info.dir/internal/cordz_info.cc.o[0m
[12.745s] [ 81%] [32m[1mLinking CXX static library libabsl_cordz_info.a[0m
[12.816s] [ 81%] Built target cordz_info
[12.868s] [ 81%] [32mBuilding CXX object absl/log/CMakeFiles/log_globals.dir/globals.cc.o[0m
[12.914s] [ 82%] [32m[1mLinking CXX static library libabsl_log_globals.a[0m
[12.981s] [ 82%] Built target log_globals
[13.060s] [ 83%] [32mBuilding CXX object absl/strings/CMakeFiles/cord.dir/cord.cc.o[0m
[13.159s] [ 83%] [32mBuilding CXX object absl/strings/CMakeFiles/cord.dir/cord_analysis.cc.o[0m
[13.250s] [ 84%] [32mBuilding CXX object absl/strings/CMakeFiles/cord.dir/cord_buffer.cc.o[0m
[13.328s] [ 84%] [32m[1mLinking CXX static library libabsl_cord.a[0m
[13.490s] [ 84%] Built target cord
[13.612s] [ 84%] [32mBuilding CXX object absl/flags/CMakeFiles/flags_internal.dir/internal/flag.cc.o[0m
[13.720s] [ 85%] [32m[1mLinking CXX static library libabsl_flags_internal.a[0m
[13.858s] [ 85%] Built target flags_internal
[13.949s] [ 86%] [32mBuilding CXX object absl/strings/CMakeFiles/cordz_sample_token.dir/internal/cordz_sample_token.cc.o[0m
[14.032s] [ 86%] [32m[1mLinking CXX static library libabsl_cordz_sample_token.a[0m
[14.133s] [ 86%] Built target cordz_sample_token
[14.162s] [ 86%] [32mBuilding CXX object absl/status/CMakeFiles/status.dir/internal/status_internal.cc.o[0m
[14.213s] [ 86%] [32mBuilding CXX object absl/status/CMakeFiles/status.dir/status.cc.o[0m
[14.273s] [ 87%] [32mBuilding CXX object absl/status/CMakeFiles/status.dir/status_payload_printer.cc.o[0m
[14.323s] [ 87%] [32m[1mLinking CXX static library libabsl_status.a[0m
[14.380s] [ 87%] Built target status
[14.406s] [ 88%] [32mBuilding CXX object absl/container/CMakeFiles/hashtablez_sampler.dir/internal/hashtablez_sampler.cc.o[0m
[14.469s] [ 88%] [32mBuilding CXX object absl/container/CMakeFiles/hashtablez_sampler.dir/internal/hashtablez_sampler_force_weak_definition.cc.o[0m
[14.515s] [ 88%] [32m[1mLinking CXX static library libabsl_hashtablez_sampler.a[0m
[14.562s] [ 88%] Built target hashtablez_sampler
[14.588s] [ 89%] [32mBuilding CXX object absl/status/CMakeFiles/statusor.dir/statusor.cc.o[0m
[14.658s] [ 89%] [32m[1mLinking CXX static library libabsl_statusor.a[0m
[14.714s] [ 89%] Built target statusor
[14.750s] [ 90%] [32mBuilding CXX object absl/container/CMakeFiles/raw_hash_set.dir/internal/raw_hash_set.cc.o[0m
[14.828s] [ 90%] [32m[1mLinking CXX static library libabsl_raw_hash_set.a[0m
[14.876s] [ 90%] Built target raw_hash_set
[14.903s] [ 90%] [32mBuilding CXX object absl/log/CMakeFiles/log_internal_globals.dir/internal/globals.cc.o[0m
[14.988s] [ 91%] [32m[1mLinking CXX static library libabsl_log_internal_globals.a[0m
[15.072s] [ 91%] Built target log_internal_globals
[15.096s] [ 91%] [32mBuilding CXX object absl/flags/CMakeFiles/flags_reflection.dir/reflection.cc.o[0m
[15.157s] [ 92%] [32m[1mLinking CXX static library libabsl_flags_reflection.a[0m
[15.224s] [ 92%] Built target flags_reflection
[15.245s] [ 92%] [32mBuilding CXX object absl/log/CMakeFiles/log_initialize.dir/initialize.cc.o[0m
[15.273s] [ 92%] [32m[1mLinking CXX static library libabsl_log_initialize.a[0m
[15.304s] [ 92%] Built target log_initialize
[15.327s] [ 92%] [32mBuilding CXX object absl/flags/CMakeFiles/flags_usage_internal.dir/internal/usage.cc.o[0m
[15.363s] [ 93%] [32m[1mLinking CXX static library libabsl_flags_usage_internal.a[0m
[15.413s] [ 93%] Built target flags_usage_internal
[15.437s] [ 93%] [32mBuilding CXX object absl/log/CMakeFiles/log_flags.dir/flags.cc.o[0m
[15.478s] [ 94%] [32m[1mLinking CXX static library libabsl_log_flags.a[0m
[15.515s] [ 94%] Built target log_flags
[15.536s] [ 94%] [32mBuilding CXX object absl/flags/CMakeFiles/flags_usage.dir/usage.cc.o[0m
[15.567s] [ 95%] [32m[1mLinking CXX static library libabsl_flags_usage.a[0m
[15.603s] [ 95%] Built target flags_usage
[15.626s] [ 95%] [32mBuilding CXX object absl/log/CMakeFiles/log_internal_log_sink_set.dir/internal/log_sink_set.cc.o[0m
[15.657s] [ 95%] [32m[1mLinking CXX static library libabsl_log_internal_log_sink_set.a[0m
[15.695s] [ 95%] Built target log_internal_log_sink_set
[15.717s] [ 96%] [32mBuilding CXX object absl/flags/CMakeFiles/flags_parse.dir/parse.cc.o[0m
[15.763s] [ 96%] [32m[1mLinking CXX static library libabsl_flags_parse.a[0m
[15.815s] [ 96%] Built target flags_parse
[15.835s] [ 96%] [32mBuilding CXX object absl/log/CMakeFiles/log_internal_format.dir/internal/log_format.cc.o[0m
[15.880s] [ 97%] [32m[1mLinking CXX static library libabsl_log_internal_format.a[0m
[15.916s] [ 97%] Built target log_internal_format
[15.941s] [ 98%] [32mBuilding CXX object absl/log/CMakeFiles/log_internal_message.dir/internal/log_message.cc.o[0m
[15.975s] [ 98%] [32m[1mLinking CXX static library libabsl_log_internal_message.a[0m
[16.014s] [ 98%] Built target log_internal_message
[16.036s] [ 99%] [32mBuilding CXX object absl/log/CMakeFiles/log_internal_check_op.dir/internal/check_op.cc.o[0m
[16.068s] [ 99%] [32m[1mLinking CXX static library libabsl_log_internal_check_op.a[0m
[16.101s] [ 99%] Built target log_internal_check_op
[16.122s] [ 99%] [32mBuilding CXX object absl/log/CMakeFiles/die_if_null.dir/die_if_null.cc.o[0m
[16.153s] [100%] [32m[1mLinking CXX static library libabsl_die_if_null.a[0m
[16.192s] [100%] Built target die_if_null
[16.219s] Invoked command in '/home/terranova/uav_ws/build/absl' returned '0': /home/terranova/.local/bin/cmake --build /home/terranova/uav_ws/build/absl -- -j4 -l4
[16.608s] Invoking command in '/home/terranova/uav_ws/build/absl': /home/terranova/.local/bin/cmake --install /home/terranova/uav_ws/build/absl
[16.692s] -- Install configuration: ""
[16.693s] -- Installing: /home/terranova/uav_ws/install/absl/lib/cmake/absl/abslTargets.cmake
[16.694s] -- Installing: /home/terranova/uav_ws/install/absl/lib/cmake/absl/abslTargets-noconfig.cmake
[16.694s] -- Installing: /home/terranova/uav_ws/install/absl/lib/cmake/absl/abslConfig.cmake
[16.695s] -- Installing: /home/terranova/uav_ws/install/absl/include/absl
[16.696s] -- Installing: /home/terranova/uav_ws/install/absl/include/absl/hash
[16.696s] -- Installing: /home/terranova/uav_ws/install/absl/include/absl/hash/hash_testing.h
[16.697s] -- Installing: /home/terranova/uav_ws/install/absl/include/absl/hash/internal
[16.698s] -- Installing: /home/terranova/uav_ws/install/absl/include/absl/hash/internal/hash_test.h
[16.699s] -- Installing: /home/terranova/uav_ws/install/absl/include/absl/hash/internal/hash.h
[16.700s] -- Installing: /home/terranova/uav_ws/install/absl/include/absl/hash/internal/city.h
[16.700s] -- Installing: /home/terranova/uav_ws/install/absl/include/absl/hash/internal/spy_hash_state.h
[16.700s] -- Installing: /home/terranova/uav_ws/install/absl/include/absl/hash/internal/low_level_hash.h
[16.701s] -- Installing: /home/terranova/uav_ws/install/absl/include/absl/hash/hash.h
[16.702s] -- Installing: /home/terranova/uav_ws/install/absl/include/absl/strings
[16.702s] -- Installing: /home/terranova/uav_ws/install/absl/include/absl/strings/numbers.h
[16.702s] -- Installing: /home/terranova/uav_ws/install/absl/include/absl/strings/cord.h
[16.703s] -- Installing: /home/terranova/uav_ws/install/absl/include/absl/strings/str_split.h
[16.703s] -- Installing: /home/terranova/uav_ws/install/absl/include/absl/strings/escaping.h
[16.703s] -- Installing: /home/terranova/uav_ws/install/absl/include/absl/strings/internal
[16.703s] -- Installing: /home/terranova/uav_ws/install/absl/include/absl/strings/internal/escaping_test_common.h
[16.704s] -- Installing: /home/terranova/uav_ws/install/absl/include/absl/strings/internal/cord_internal.h
[16.704s] -- Installing: /home/terranova/uav_ws/install/absl/include/absl/strings/internal/cord_rep_btree_reader.h
[16.705s] -- Installing: /home/terranova/uav_ws/install/absl/include/absl/strings/internal/damerau_levenshtein_distance.h
[16.706s] -- Installing: /home/terranova/uav_ws/install/absl/include/absl/strings/internal/charconv_bigint.h
[16.706s] -- Installing: /home/terranova/uav_ws/install/absl/include/absl/strings/internal/numbers_test_common.h
[16.706s] -- Installing: /home/terranova/uav_ws/install/absl/include/absl/strings/internal/cord_rep_btree_navigator.h
[16.707s] -- Installing: /home/terranova/uav_ws/install/absl/include/absl/strings/internal/escaping.h
[16.708s] -- Installing: /home/terranova/uav_ws/install/absl/include/absl/strings/internal/string_constant.h
[16.709s] -- Installing: /home/terranova/uav_ws/install/absl/include/absl/strings/internal/cord_rep_consume.h
[16.710s] -- Installing: /home/terranova/uav_ws/install/absl/include/absl/strings/internal/stl_type_traits.h
[16.710s] -- Installing: /home/terranova/uav_ws/install/absl/include/absl/strings/internal/resize_uninitialized.h
[16.710s] -- Installing: /home/terranova/uav_ws/install/absl/include/absl/strings/internal/stringify_sink.h
[16.711s] -- Installing: /home/terranova/uav_ws/install/absl/include/absl/strings/internal/cord_rep_crc.h
[16.712s] -- Installing: /home/terranova/uav_ws/install/absl/include/absl/strings/internal/utf8.h
[16.713s] -- Installing: /home/terranova/uav_ws/install/absl/include/absl/strings/internal/ostringstream.h
[16.715s] -- Installing: /home/terranova/uav_ws/install/absl/include/absl/strings/internal/str_split_internal.h
[16.716s] -- Installing: /home/terranova/uav_ws/install/absl/include/absl/strings/internal/charconv_parse.h
[16.716s] -- Installing: /home/terranova/uav_ws/install/absl/include/absl/strings/internal/cord_rep_flat.h
[16.717s] -- Installing: /home/terranova/uav_ws/install/absl/include/absl/strings/internal/cord_rep_test_util.h
[16.718s] -- Installing: /home/terranova/uav_ws/install/absl/include/absl/strings/internal/cordz_update_tracker.h
[16.718s] -- Installing: /home/terranova/uav_ws/install/absl/include/absl/strings/internal/memutil.h
[16.718s] -- Installing: /home/terranova/uav_ws/install/absl/include/absl/strings/internal/cord_data_edge.h
[16.718s] -- Installing: /home/terranova/uav_ws/install/absl/include/absl/strings/internal/str_join_internal.h
[16.719s] -- Installing: /home/terranova/uav_ws/install/absl/include/absl/strings/internal/has_absl_stringify.h
[16.719s] -- Installing: /home/terranova/uav_ws/install/absl/include/absl/strings/internal/cordz_sample_token.h
[16.719s] -- Installing: /home/terranova/uav_ws/install/absl/include/absl/strings/internal/cordz_statistics.h
[16.719s] -- Installing: /home/terranova/uav_ws/install/absl/include/absl/strings/internal/str_format
[16.719s] -- Installing: /home/terranova/uav_ws/install/absl/include/absl/strings/internal/str_format/parser.h
[16.719s] -- Installing: /home/terranova/uav_ws/install/absl/include/absl/strings/internal/str_format/output.h
[16.720s] -- Installing: /home/terranova/uav_ws/install/absl/include/absl/strings/internal/str_format/constexpr_parser.h
[16.720s] -- Installing: /home/terranova/uav_ws/install/absl/include/absl/strings/internal/str_format/extension.h
[16.720s] -- Installing: /home/terranova/uav_ws/install/absl/include/absl/strings/internal/str_format/float_conversion.h
[16.720s] -- Installing: /home/terranova/uav_ws/install/absl/include/absl/strings/internal/str_format/checker.h
[16.720s] -- Installing: /home/terranova/uav_ws/install/absl/include/absl/strings/internal/str_format/bind.h
[16.720s] -- Installing: /home/terranova/uav_ws/install/absl/include/absl/strings/internal/str_format/arg.h
[16.721s] -- Installing: /home/terranova/uav_ws/install/absl/include/absl/strings/internal/cord_rep_btree.h
[16.721s] -- Installing: /home/terranova/uav_ws/install/absl/include/absl/strings/internal/cordz_handle.h
[16.721s] -- Installing: /home/terranova/uav_ws/install/absl/include/absl/strings/internal/cordz_functions.h
[16.721s] -- Installing: /home/terranova/uav_ws/install/absl/include/absl/strings/internal/cordz_info.h
[16.721s] -- Installing: /home/terranova/uav_ws/install/absl/include/absl/strings/internal/cordz_update_scope.h
[16.722s] -- Installing: /home/terranova/uav_ws/install/absl/include/absl/strings/internal/pow10_helper.h
[16.722s] -- Installing: /home/terranova/uav_ws/install/absl/include/absl/strings/str_replace.h
[16.722s] -- Installing: /home/terranova/uav_ws/install/absl/include/absl/strings/str_join.h
[16.722s] -- Installing: /home/terranova/uav_ws/install/absl/include/absl/strings/str_cat.h
[16.722s] -- Installing: /home/terranova/uav_ws/install/absl/include/absl/strings/cord_analysis.h
[16.723s] -- Installing: /home/terranova/uav_ws/install/absl/include/absl/strings/cord_test_helpers.h
[16.723s] -- Installing: /home/terranova/uav_ws/install/absl/include/absl/strings/charset.h
[16.723s] -- Installing: /home/terranova/uav_ws/install/absl/include/absl/strings/cord_buffer.h
[16.723s] -- Installing: /home/terranova/uav_ws/install/absl/include/absl/strings/string_view.h
[16.723s] -- Installing: /home/terranova/uav_ws/install/absl/include/absl/strings/str_format.h
[16.723s] -- Installing: /home/terranova/uav_ws/install/absl/include/absl/strings/match.h
[16.724s] -- Installing: /home/terranova/uav_ws/install/absl/include/absl/strings/strip.h
[16.724s] -- Installing: /home/terranova/uav_ws/install/absl/include/absl/strings/cordz_test_helpers.h
[16.732s] -- Installing: /home/terranova/uav_ws/install/absl/include/absl/strings/has_ostream_operator.h
[16.732s] -- Installing: /home/terranova/uav_ws/install/absl/include/absl/strings/substitute.h
[16.732s] -- Installing: /home/terranova/uav_ws/install/absl/include/absl/strings/has_absl_stringify.h
[16.732s] -- Installing: /home/terranova/uav_ws/install/absl/include/absl/strings/ascii.h
[16.733s] -- Installing: /home/terranova/uav_ws/install/absl/include/absl/strings/charconv.h
[16.733s] -- Installing: /home/terranova/uav_ws/install/absl/include/absl/types
[16.733s] -- Installing: /home/terranova/uav_ws/install/absl/include/absl/types/compare.h
[16.733s] -- Installing: /home/terranova/uav_ws/install/absl/include/absl/types/bad_any_cast.h
[16.733s] -- Installing: /home/terranova/uav_ws/install/absl/include/absl/types/span.h
[16.733s] -- Installing: /home/terranova/uav_ws/install/absl/include/absl/types/internal
[16.734s] -- Installing: /home/terranova/uav_ws/install/absl/include/absl/types/internal/span.h
[16.734s] -- Installing: /home/terranova/uav_ws/install/absl/include/absl/types/internal/optional.h
[16.734s] -- Installing: /home/terranova/uav_ws/install/absl/include/absl/types/internal/variant.h
[16.734s] -- Installing: /home/terranova/uav_ws/install/absl/include/absl/types/bad_variant_access.h
[16.734s] -- Installing: /home/terranova/uav_ws/install/absl/include/absl/types/optional.h
[16.735s] -- Installing: /home/terranova/uav_ws/install/absl/include/absl/types/variant.h
[16.735s] -- Installing: /home/terranova/uav_ws/install/absl/include/absl/types/any.h
[16.735s] -- Installing: /home/terranova/uav_ws/install/absl/include/absl/types/bad_optional_access.h
[16.735s] -- Installing: /home/terranova/uav_ws/install/absl/include/absl/numeric
[16.735s] -- Installing: /home/terranova/uav_ws/install/absl/include/absl/numeric/int128_have_intrinsic.inc
[16.735s] -- Installing: /home/terranova/uav_ws/install/absl/include/absl/numeric/internal
[16.736s] -- Installing: /home/terranova/uav_ws/install/absl/include/absl/numeric/internal/representation.h
[16.736s] -- Installing: /home/terranova/uav_ws/install/absl/include/absl/numeric/internal/bits.h
[16.736s] -- Installing: /home/terranova/uav_ws/install/absl/include/absl/numeric/int128_no_intrinsic.inc
[16.739s] -- Installing: /home/terranova/uav_ws/install/absl/include/absl/numeric/bits.h
[16.739s] -- Installing: /home/terranova/uav_ws/install/absl/include/absl/numeric/int128.h
[16.739s] -- Installing: /home/terranova/uav_ws/install/absl/include/absl/profiling
[16.739s] -- Installing: /home/terranova/uav_ws/install/absl/include/absl/profiling/internal
[16.739s] -- Installing: /home/terranova/uav_ws/install/absl/include/absl/profiling/internal/periodic_sampler.h
[16.740s] -- Installing: /home/terranova/uav_ws/install/absl/include/absl/profiling/internal/sample_recorder.h
[16.740s] -- Installing: /home/terranova/uav_ws/install/absl/include/absl/profiling/internal/exponential_biased.h
[16.740s] -- Installing: /home/terranova/uav_ws/install/absl/include/absl/random
[16.740s] -- Installing: /home/terranova/uav_ws/install/absl/include/absl/random/beta_distribution.h
[16.741s] -- Installing: /home/terranova/uav_ws/install/absl/include/absl/random/mocking_bit_gen.h
[16.742s] -- Installing: /home/terranova/uav_ws/install/absl/include/absl/random/distributions.h
[16.743s] -- Installing: /home/terranova/uav_ws/install/absl/include/absl/random/random.h
[16.743s] -- Installing: /home/terranova/uav_ws/install/absl/include/absl/random/bernoulli_distribution.h
[16.744s] -- Installing: /home/terranova/uav_ws/install/absl/include/absl/random/mock_distributions.h
[16.744s] -- Installing: /home/terranova/uav_ws/install/absl/include/absl/random/uniform_real_distribution.h
[16.746s] -- Installing: /home/terranova/uav_ws/install/absl/include/absl/random/seed_gen_exception.h
[16.746s] -- Installing: /home/terranova/uav_ws/install/absl/include/absl/random/internal
[16.746s] -- Installing: /home/terranova/uav_ws/install/absl/include/absl/random/internal/iostream_state_saver.h
[16.747s] -- Installing: /home/terranova/uav_ws/install/absl/include/absl/random/internal/fast_uniform_bits.h
[16.747s] -- Installing: /home/terranova/uav_ws/install/absl/include/absl/random/internal/pool_urbg.h
[16.747s] -- Installing: /home/terranova/uav_ws/install/absl/include/absl/random/internal/randen_engine.h
[16.747s] -- Installing: /home/terranova/uav_ws/install/absl/include/absl/random/internal/randen.h
[16.748s] -- Installing: /home/terranova/uav_ws/install/absl/include/absl/random/internal/distribution_caller.h
[16.748s] -- Installing: /home/terranova/uav_ws/install/absl/include/absl/random/internal/nonsecure_base.h
[16.748s] -- Installing: /home/terranova/uav_ws/install/absl/include/absl/random/internal/mock_overload_set.h
[16.748s] -- Installing: /home/terranova/uav_ws/install/absl/include/absl/random/internal/mock_helpers.h
[16.749s] -- Installing: /home/terranova/uav_ws/install/absl/include/absl/random/internal/randen_detect.h
[16.750s] -- Installing: /home/terranova/uav_ws/install/absl/include/absl/random/internal/randen_traits.h
[16.750s] -- Installing: /home/terranova/uav_ws/install/absl/include/absl/random/internal/salted_seed_seq.h
[16.750s] -- Installing: /home/terranova/uav_ws/install/absl/include/absl/random/internal/pcg_engine.h
[16.751s] -- Installing: /home/terranova/uav_ws/install/absl/include/absl/random/internal/platform.h
[16.751s] -- Installing: /home/terranova/uav_ws/install/absl/include/absl/random/internal/randen_slow.h
[16.752s] -- Installing: /home/terranova/uav_ws/install/absl/include/absl/random/internal/traits.h
[16.752s] -- Installing: /home/terranova/uav_ws/install/absl/include/absl/random/internal/fastmath.h
[16.752s] -- Installing: /home/terranova/uav_ws/install/absl/include/absl/random/internal/randen_hwaes.h
[16.752s] -- Installing: /home/terranova/uav_ws/install/absl/include/absl/random/internal/wide_multiply.h
[16.752s] -- Installing: /home/terranova/uav_ws/install/absl/include/absl/random/internal/seed_material.h
[16.753s] -- Installing: /home/terranova/uav_ws/install/absl/include/absl/random/internal/chi_square.h
[16.753s] -- Installing: /home/terranova/uav_ws/install/absl/include/absl/random/internal/uniform_helper.h
[16.753s] -- Installing: /home/terranova/uav_ws/install/absl/include/absl/random/internal/explicit_seed_seq.h
[16.753s] -- Installing: /home/terranova/uav_ws/install/absl/include/absl/random/internal/generate_real.h
[16.754s] -- Installing: /home/terranova/uav_ws/install/absl/include/absl/random/internal/nanobenchmark.h
[16.754s] -- Installing: /home/terranova/uav_ws/install/absl/include/absl/random/internal/distribution_test_util.h
[16.754s] -- Installing: /home/terranova/uav_ws/install/absl/include/absl/random/internal/sequence_urbg.h
[16.754s] -- Installing: /home/terranova/uav_ws/install/absl/include/absl/random/exponential_distribution.h
[16.754s] -- Installing: /home/terranova/uav_ws/install/absl/include/absl/random/bit_gen_ref.h
[16.755s] -- Installing: /home/terranova/uav_ws/install/absl/include/absl/random/gaussian_distribution.h
[16.755s] -- Installing: /home/terranova/uav_ws/install/absl/include/absl/random/uniform_int_distribution.h
[16.755s] -- Installing: /home/terranova/uav_ws/install/absl/include/absl/random/poisson_distribution.h
[16.757s] -- Installing: /home/terranova/uav_ws/install/absl/include/absl/random/seed_sequences.h
[16.757s] -- Installing: /home/terranova/uav_ws/install/absl/include/absl/random/discrete_distribution.h
[16.760s] -- Installing: /home/terranova/uav_ws/install/absl/include/absl/random/log_uniform_int_distribution.h
[16.760s] -- Installing: /home/terranova/uav_ws/install/absl/include/absl/random/zipf_distribution.h
[16.760s] -- Installing: /home/terranova/uav_ws/install/absl/include/absl/time
[16.760s] -- Installing: /home/terranova/uav_ws/install/absl/include/absl/time/clock.h
[16.761s] -- Installing: /home/terranova/uav_ws/install/absl/include/absl/time/internal
[16.761s] -- Installing: /home/terranova/uav_ws/install/absl/include/absl/time/internal/get_current_time_posix.inc
[16.761s] -- Installing: /home/terranova/uav_ws/install/absl/include/absl/time/internal/cctz
[16.761s] -- Installing: /home/terranova/uav_ws/install/absl/include/absl/time/internal/cctz/src
[16.762s] -- Installing: /home/terranova/uav_ws/install/absl/include/absl/time/internal/cctz/src/time_zone_if.h
[16.762s] -- Installing: /home/terranova/uav_ws/install/absl/include/absl/time/internal/cctz/src/time_zone_libc.h
[16.762s] -- Installing: /home/terranova/uav_ws/install/absl/include/absl/time/internal/cctz/src/tzfile.h
[16.762s] -- Installing: /home/terranova/uav_ws/install/absl/include/absl/time/internal/cctz/src/time_zone_posix.h
[16.763s] -- Installing: /home/terranova/uav_ws/install/absl/include/absl/time/internal/cctz/src/time_zone_info.h
[16.763s] -- Installing: /home/terranova/uav_ws/install/absl/include/absl/time/internal/cctz/src/time_zone_fixed.h
[16.763s] -- Installing: /home/terranova/uav_ws/install/absl/include/absl/time/internal/cctz/src/time_zone_impl.h
[16.764s] -- Installing: /home/terranova/uav_ws/install/absl/include/absl/time/internal/cctz/include
[16.764s] -- Installing: /home/terranova/uav_ws/install/absl/include/absl/time/internal/cctz/include/cctz
[16.764s] -- Installing: /home/terranova/uav_ws/install/absl/include/absl/time/internal/cctz/include/cctz/zone_info_source.h
[16.764s] -- Installing: /home/terranova/uav_ws/install/absl/include/absl/time/internal/cctz/include/cctz/time_zone.h
[16.765s] -- Installing: /home/terranova/uav_ws/install/absl/include/absl/time/internal/cctz/include/cctz/civil_time_detail.h
[16.765s] -- Installing: /home/terranova/uav_ws/install/absl/include/absl/time/internal/cctz/include/cctz/civil_time.h
[16.765s] -- Installing: /home/terranova/uav_ws/install/absl/include/absl/time/internal/get_current_time_chrono.inc
[16.765s] -- Installing: /home/terranova/uav_ws/install/absl/include/absl/time/internal/test_util.h
[16.765s] -- Installing: /home/terranova/uav_ws/install/absl/include/absl/time/time.h
[16.765s] -- Installing: /home/terranova/uav_ws/install/absl/include/absl/time/civil_time.h
[16.765s] -- Installing: /home/terranova/uav_ws/install/absl/include/absl/log
[16.766s] -- Installing: /home/terranova/uav_ws/install/absl/include/absl/log/check.h
[16.766s] -- Installing: /home/terranova/uav_ws/install/absl/include/absl/log/log_basic_test_impl.inc
[16.766s] -- Installing: /home/terranova/uav_ws/install/absl/include/absl/log/structured.h
[16.766s] -- Installing: /home/terranova/uav_ws/install/absl/include/absl/log/log_streamer.h
[16.767s] -- Installing: /home/terranova/uav_ws/install/absl/include/absl/log/absl_vlog_is_on.h
[16.767s] -- Installing: /home/terranova/uav_ws/install/absl/include/absl/log/scoped_mock_log.h
[16.768s] -- Installing: /home/terranova/uav_ws/install/absl/include/absl/log/log_entry.h
[16.778s] -- Installing: /home/terranova/uav_ws/install/absl/include/absl/log/internal
[16.779s] -- Installing: /home/terranova/uav_ws/install/absl/include/absl/log/internal/structured.h
[16.779s] -- Installing: /home/terranova/uav_ws/install/absl/include/absl/log/internal/test_helpers.h
[16.779s] -- Installing: /home/terranova/uav_ws/install/absl/include/absl/log/internal/vlog_config.h
[16.780s] -- Installing: /home/terranova/uav_ws/install/absl/include/absl/log/internal/log_sink_set.h
[16.780s] -- Installing: /home/terranova/uav_ws/install/absl/include/absl/log/internal/log_message.h
[16.780s] -- Installing: /home/terranova/uav_ws/install/absl/include/absl/log/internal/globals.h
[16.780s] -- Installing: /home/terranova/uav_ws/install/absl/include/absl/log/internal/nullguard.h
[16.781s] -- Installing: /home/terranova/uav_ws/install/absl/include/absl/log/internal/voidify.h
[16.781s] -- Installing: /home/terranova/uav_ws/install/absl/include/absl/log/internal/log_format.h
[16.781s] -- Installing: /home/terranova/uav_ws/install/absl/include/absl/log/internal/proto.h
[16.781s] -- Installing: /home/terranova/uav_ws/install/absl/include/absl/log/internal/test_actions.h
[16.782s] -- Installing: /home/terranova/uav_ws/install/absl/include/absl/log/internal/flags.h
[16.782s] -- Installing: /home/terranova/uav_ws/install/absl/include/absl/log/internal/nullstream.h
[16.782s] -- Installing: /home/terranova/uav_ws/install/absl/include/absl/log/internal/strip.h
[16.782s] -- Installing: /home/terranova/uav_ws/install/absl/include/absl/log/internal/fnmatch.h
[16.783s] -- Installing: /home/terranova/uav_ws/install/absl/include/absl/log/internal/check_op.h
[16.783s] -- Installing: /home/terranova/uav_ws/install/absl/include/absl/log/internal/config.h
[16.783s] -- Installing: /home/terranova/uav_ws/install/absl/include/absl/log/internal/append_truncated.h
[16.783s] -- Installing: /home/terranova/uav_ws/install/absl/include/absl/log/internal/test_matchers.h
[16.784s] -- Installing: /home/terranova/uav_ws/install/absl/include/absl/log/internal/conditions.h
[16.784s] -- Installing: /home/terranova/uav_ws/install/absl/include/absl/log/internal/check_impl.h
[16.784s] -- Installing: /home/terranova/uav_ws/install/absl/include/absl/log/internal/log_impl.h
[16.785s] -- Installing: /home/terranova/uav_ws/install/absl/include/absl/log/die_if_null.h
[16.785s] -- Installing: /home/terranova/uav_ws/install/absl/include/absl/log/globals.h
[16.785s] -- Installing: /home/terranova/uav_ws/install/absl/include/absl/log/log.h
[16.785s] -- Installing: /home/terranova/uav_ws/install/absl/include/absl/log/vlog_is_on.h
[16.786s] -- Installing: /home/terranova/uav_ws/install/absl/include/absl/log/absl_check.h
[16.786s] -- Installing: /home/terranova/uav_ws/install/absl/include/absl/log/log_sink.h
[16.786s] -- Installing: /home/terranova/uav_ws/install/absl/include/absl/log/log_sink_registry.h
[16.786s] -- Installing: /home/terranova/uav_ws/install/absl/include/absl/log/absl_log.h
[16.787s] -- Installing: /home/terranova/uav_ws/install/absl/include/absl/log/flags.h
[16.787s] -- Installing: /home/terranova/uav_ws/install/absl/include/absl/log/initialize.h
[16.787s] -- Installing: /home/terranova/uav_ws/install/absl/include/absl/log/check_test_impl.inc
[16.788s] -- Installing: /home/terranova/uav_ws/install/absl/include/absl/base
[16.788s] -- Installing: /home/terranova/uav_ws/install/absl/include/absl/base/log_severity.h
[16.788s] -- Installing: /home/terranova/uav_ws/install/absl/include/absl/base/const_init.h
[16.789s] -- Installing: /home/terranova/uav_ws/install/absl/include/absl/base/internal
[16.789s] -- Installing: /home/terranova/uav_ws/install/absl/include/absl/base/internal/low_level_scheduling.h
[16.789s] -- Installing: /home/terranova/uav_ws/install/absl/include/absl/base/internal/exception_testing.h
[16.789s] -- Installing: /home/terranova/uav_ws/install/absl/include/absl/base/internal/low_level_alloc.h
[16.789s] -- Installing: /home/terranova/uav_ws/install/absl/include/absl/base/internal/raw_logging.h
[16.790s] -- Installing: /home/terranova/uav_ws/install/absl/include/absl/base/internal/sysinfo.h
[16.790s] -- Installing: /home/terranova/uav_ws/install/absl/include/absl/base/internal/nullability_impl.h
[16.790s] -- Installing: /home/terranova/uav_ws/install/absl/include/absl/base/internal/scheduling_mode.h
[16.791s] -- Installing: /home/terranova/uav_ws/install/absl/include/absl/base/internal/fast_type_id.h
[16.791s] -- Installing: /home/terranova/uav_ws/install/absl/include/absl/base/internal/unaligned_access.h
[16.791s] -- Installing: /home/terranova/uav_ws/install/absl/include/absl/base/internal/inline_variable_testing.h
[16.791s] -- Installing: /home/terranova/uav_ws/install/absl/include/absl/base/internal/identity.h
[16.792s] -- Installing: /home/terranova/uav_ws/install/absl/include/absl/base/internal/direct_mmap.h
[16.792s] -- Installing: /home/terranova/uav_ws/install/absl/include/absl/base/internal/errno_saver.h
[16.792s] -- Installing: /home/terranova/uav_ws/install/absl/include/absl/base/internal/endian.h
[16.792s] -- Installing: /home/terranova/uav_ws/install/absl/include/absl/base/internal/throw_delegate.h
[16.792s] -- Installing: /home/terranova/uav_ws/install/absl/include/absl/base/internal/spinlock_akaros.inc
[16.793s] -- Installing: /home/terranova/uav_ws/install/absl/include/absl/base/internal/atomic_hook_test_helper.h
[16.793s] -- Installing: /home/terranova/uav_ws/install/absl/include/absl/base/internal/spinlock.h
[16.793s] -- Installing: /home/terranova/uav_ws/install/absl/include/absl/base/internal/scoped_set_env.h
[16.793s] -- Installing: /home/terranova/uav_ws/install/absl/include/absl/base/internal/spinlock_linux.inc
[16.793s] -- Installing: /home/terranova/uav_ws/install/absl/include/absl/base/internal/pretty_function.h
[16.793s] -- Installing: /home/terranova/uav_ws/install/absl/include/absl/base/internal/spinlock_wait.h
[16.794s] -- Installing: /home/terranova/uav_ws/install/absl/include/absl/base/internal/thread_identity.h
[16.794s] -- Installing: /home/terranova/uav_ws/install/absl/include/absl/base/internal/spinlock_posix.inc
[16.794s] -- Installing: /home/terranova/uav_ws/install/absl/include/absl/base/internal/atomic_hook.h
[16.794s] -- Installing: /home/terranova/uav_ws/install/absl/include/absl/base/internal/inline_variable.h
[16.794s] -- Installing: /home/terranova/uav_ws/install/absl/include/absl/base/internal/exception_safety_testing.h
[16.794s] -- Installing: /home/terranova/uav_ws/install/absl/include/absl/base/internal/invoke.h
[16.795s] -- Installing: /home/terranova/uav_ws/install/absl/include/absl/base/internal/unscaledcycleclock.h
[16.795s] -- Installing: /home/terranova/uav_ws/install/absl/include/absl/base/internal/hide_ptr.h
[16.795s] -- Installing: /home/terranova/uav_ws/install/absl/include/absl/base/internal/unscaledcycleclock_config.h
[16.795s] -- Installing: /home/terranova/uav_ws/install/absl/include/absl/base/internal/dynamic_annotations.h
[16.795s] -- Installing: /home/terranova/uav_ws/install/absl/include/absl/base/internal/cycleclock_config.h
[16.795s] -- Installing: /home/terranova/uav_ws/install/absl/include/absl/base/internal/tsan_mutex_interface.h
[16.796s] -- Installing: /home/terranova/uav_ws/install/absl/include/absl/base/internal/strerror.h
[16.796s] -- Installing: /home/terranova/uav_ws/install/absl/include/absl/base/internal/spinlock_win32.inc
[16.798s] -- Installing: /home/terranova/uav_ws/install/absl/include/absl/base/internal/cycleclock.h
[16.798s] -- Installing: /home/terranova/uav_ws/install/absl/include/absl/base/internal/per_thread_tls.h
[16.798s] -- Installing: /home/terranova/uav_ws/install/absl/include/absl/base/thread_annotations.h
[16.798s] -- Installing: /home/terranova/uav_ws/install/absl/include/absl/base/port.h
[16.798s] -- Installing: /home/terranova/uav_ws/install/absl/include/absl/base/no_destructor.h
[16.799s] -- Installing: /home/terranova/uav_ws/install/absl/include/absl/base/casts.h
[16.799s] -- Installing: /home/terranova/uav_ws/install/absl/include/absl/base/policy_checks.h
[16.799s] -- Installing: /home/terranova/uav_ws/install/absl/include/absl/base/optimization.h
[16.800s] -- Installing: /home/terranova/uav_ws/install/absl/include/absl/base/prefetch.h
[16.800s] -- Installing: /home/terranova/uav_ws/install/absl/include/absl/base/call_once.h
[16.800s] -- Installing: /home/terranova/uav_ws/install/absl/include/absl/base/nullability.h
[16.800s] -- Installing: /home/terranova/uav_ws/install/absl/include/absl/base/config.h
[16.801s] -- Installing: /home/terranova/uav_ws/install/absl/include/absl/base/macros.h
[16.801s] -- Installing: /home/terranova/uav_ws/install/absl/include/absl/base/attributes.h
[16.801s] -- Installing: /home/terranova/uav_ws/install/absl/include/absl/base/dynamic_annotations.h
[16.802s] -- Installing: /home/terranova/uav_ws/install/absl/include/absl/base/options.h
[16.802s] -- Installing: /home/terranova/uav_ws/install/absl/include/absl/flags
[16.802s] -- Installing: /home/terranova/uav_ws/install/absl/include/absl/flags/parse.h
[16.803s] -- Installing: /home/terranova/uav_ws/install/absl/include/absl/flags/internal
[16.803s] -- Installing: /home/terranova/uav_ws/install/absl/include/absl/flags/internal/parse.h
[16.803s] -- Installing: /home/terranova/uav_ws/install/absl/include/absl/flags/internal/sequence_lock.h
[16.803s] -- Installing: /home/terranova/uav_ws/install/absl/include/absl/flags/internal/usage.h
[16.804s] -- Installing: /home/terranova/uav_ws/install/absl/include/absl/flags/internal/commandlineflag.h
[16.804s] -- Installing: /home/terranova/uav_ws/install/absl/include/absl/flags/internal/registry.h
[16.804s] -- Installing: /home/terranova/uav_ws/install/absl/include/absl/flags/internal/flag.h
[16.805s] -- Installing: /home/terranova/uav_ws/install/absl/include/absl/flags/internal/path_util.h
[16.805s] -- Installing: /home/terranova/uav_ws/install/absl/include/absl/flags/internal/private_handle_accessor.h
[16.805s] -- Installing: /home/terranova/uav_ws/install/absl/include/absl/flags/internal/program_name.h
[16.805s] -- Installing: /home/terranova/uav_ws/install/absl/include/absl/flags/usage.h
[16.806s] -- Installing: /home/terranova/uav_ws/install/absl/include/absl/flags/commandlineflag.h
[16.806s] -- Installing: /home/terranova/uav_ws/install/absl/include/absl/flags/reflection.h
[16.806s] -- Installing: /home/terranova/uav_ws/install/absl/include/absl/flags/marshalling.h
[16.806s] -- Installing: /home/terranova/uav_ws/install/absl/include/absl/flags/flag.h
[16.807s] -- Installing: /home/terranova/uav_ws/install/absl/include/absl/flags/declare.h
[16.807s] -- Installing: /home/terranova/uav_ws/install/absl/include/absl/flags/config.h
[16.807s] -- Installing: /home/terranova/uav_ws/install/absl/include/absl/flags/usage_config.h
[16.808s] -- Installing: /home/terranova/uav_ws/install/absl/include/absl/meta
[16.808s] -- Installing: /home/terranova/uav_ws/install/absl/include/absl/meta/type_traits.h
[16.808s] -- Installing: /home/terranova/uav_ws/install/absl/include/absl/algorithm
[16.808s] -- Installing: /home/terranova/uav_ws/install/absl/include/absl/algorithm/algorithm.h
[16.809s] -- Installing: /home/terranova/uav_ws/install/absl/include/absl/algorithm/container.h
[16.809s] -- Installing: /home/terranova/uav_ws/install/absl/include/absl/memory
[16.809s] -- Installing: /home/terranova/uav_ws/install/absl/include/absl/memory/memory.h
[16.810s] -- Installing: /home/terranova/uav_ws/install/absl/include/absl/debugging
[16.810s] -- Installing: /home/terranova/uav_ws/install/absl/include/absl/debugging/symbolize_darwin.inc
[16.811s] -- Installing: /home/terranova/uav_ws/install/absl/include/absl/debugging/symbolize_win32.inc
[16.812s] -- Installing: /home/terranova/uav_ws/install/absl/include/absl/debugging/symbolize_elf.inc
[16.813s] -- Installing: /home/terranova/uav_ws/install/absl/include/absl/debugging/internal
[16.813s] -- Installing: /home/terranova/uav_ws/install/absl/include/absl/debugging/internal/symbolize.h
[16.813s] -- Installing: /home/terranova/uav_ws/install/absl/include/absl/debugging/internal/stack_consumption.h
[16.813s] -- Installing: /home/terranova/uav_ws/install/absl/include/absl/debugging/internal/stacktrace_powerpc-inl.inc
[16.815s] -- Installing: /home/terranova/uav_ws/install/absl/include/absl/debugging/internal/elf_mem_image.h
[16.816s] -- Installing: /home/terranova/uav_ws/install/absl/include/absl/debugging/internal/stacktrace_arm-inl.inc
[16.816s] -- Installing: /home/terranova/uav_ws/install/absl/include/absl/debugging/internal/address_is_readable.h
[16.822s] -- Installing: /home/terranova/uav_ws/install/absl/include/absl/debugging/internal/demangle.h
[16.822s] -- Installing: /home/terranova/uav_ws/install/absl/include/absl/debugging/internal/stacktrace_aarch64-inl.inc
[16.823s] -- Installing: /home/terranova/uav_ws/install/absl/include/absl/debugging/internal/stacktrace_win32-inl.inc
[16.824s] -- Installing: /home/terranova/uav_ws/install/absl/include/absl/debugging/internal/stacktrace_riscv-inl.inc
[16.825s] -- Installing: /home/terranova/uav_ws/install/absl/include/absl/debugging/internal/stacktrace_config.h
[16.825s] -- Installing: /home/terranova/uav_ws/install/absl/include/absl/debugging/internal/stacktrace_generic-inl.inc
[16.826s] -- Installing: /home/terranova/uav_ws/install/absl/include/absl/debugging/internal/stacktrace_x86-inl.inc
[16.827s] -- Installing: /home/terranova/uav_ws/install/absl/include/absl/debugging/internal/examine_stack.h
[16.827s] -- Installing: /home/terranova/uav_ws/install/absl/include/absl/debugging/internal/stacktrace_unimplemented-inl.inc
[16.828s] -- Installing: /home/terranova/uav_ws/install/absl/include/absl/debugging/internal/stacktrace_emscripten-inl.inc
[16.828s] -- Installing: /home/terranova/uav_ws/install/absl/include/absl/debugging/internal/vdso_support.h
[16.829s] -- Installing: /home/terranova/uav_ws/install/absl/include/absl/debugging/symbolize.h
[16.829s] -- Installing: /home/terranova/uav_ws/install/absl/include/absl/debugging/symbolize_unimplemented.inc
[16.830s] -- Installing: /home/terranova/uav_ws/install/absl/include/absl/debugging/symbolize_emscripten.inc
[16.831s] -- Installing: /home/terranova/uav_ws/install/absl/include/absl/debugging/failure_signal_handler.h
[16.831s] -- Installing: /home/terranova/uav_ws/install/absl/include/absl/debugging/stacktrace.h
[16.832s] -- Installing: /home/terranova/uav_ws/install/absl/include/absl/debugging/leak_check.h
[16.832s] -- Installing: /home/terranova/uav_ws/install/absl/include/absl/utility
[16.833s] -- Installing: /home/terranova/uav_ws/install/absl/include/absl/utility/internal
[16.833s] -- Installing: /home/terranova/uav_ws/install/absl/include/absl/utility/internal/if_constexpr.h
[16.834s] -- Installing: /home/terranova/uav_ws/install/absl/include/absl/utility/utility.h
[16.834s] -- Installing: /home/terranova/uav_ws/install/absl/include/absl/crc
[16.835s] -- Installing: /home/terranova/uav_ws/install/absl/include/absl/crc/internal
[16.835s] -- Installing: /home/terranova/uav_ws/install/absl/include/absl/crc/internal/non_temporal_memcpy.h
[16.836s] -- Installing: /home/terranova/uav_ws/install/absl/include/absl/crc/internal/crc32c_inline.h
[16.836s] -- Installing: /home/terranova/uav_ws/install/absl/include/absl/crc/internal/cpu_detect.h
[16.837s] -- Installing: /home/terranova/uav_ws/install/absl/include/absl/crc/internal/non_temporal_arm_intrinsics.h
[16.838s] -- Installing: /home/terranova/uav_ws/install/absl/include/absl/crc/internal/crc_internal.h
[16.838s] -- Installing: /home/terranova/uav_ws/install/absl/include/absl/crc/internal/crc32_x86_arm_combined_simd.h
[16.838s] -- Installing: /home/terranova/uav_ws/install/absl/include/absl/crc/internal/crc.h
[16.838s] -- Installing: /home/terranova/uav_ws/install/absl/include/absl/crc/internal/crc_memcpy.h
[16.839s] -- Installing: /home/terranova/uav_ws/install/absl/include/absl/crc/internal/crc_cord_state.h
[16.839s] -- Installing: /home/terranova/uav_ws/install/absl/include/absl/crc/internal/crc32c.h
[16.839s] -- Installing: /home/terranova/uav_ws/install/absl/include/absl/crc/crc32c.h
[16.840s] -- Installing: /home/terranova/uav_ws/install/absl/include/absl/functional
[16.840s] -- Installing: /home/terranova/uav_ws/install/absl/include/absl/functional/overload.h
[16.842s] -- Installing: /home/terranova/uav_ws/install/absl/include/absl/functional/internal
[16.843s] -- Installing: /home/terranova/uav_ws/install/absl/include/absl/functional/internal/front_binder.h
[16.843s] -- Installing: /home/terranova/uav_ws/install/absl/include/absl/functional/internal/any_invocable.h
[16.844s] -- Installing: /home/terranova/uav_ws/install/absl/include/absl/functional/internal/function_ref.h
[16.845s] -- Installing: /home/terranova/uav_ws/install/absl/include/absl/functional/any_invocable.h
[16.845s] -- Installing: /home/terranova/uav_ws/install/absl/include/absl/functional/function_ref.h
[16.846s] -- Installing: /home/terranova/uav_ws/install/absl/include/absl/functional/bind_front.h
[16.847s] -- Installing: /home/terranova/uav_ws/install/absl/include/absl/status
[16.847s] -- Installing: /home/terranova/uav_ws/install/absl/include/absl/status/internal
[16.848s] -- Installing: /home/terranova/uav_ws/install/absl/include/absl/status/internal/statusor_internal.h
[16.848s] -- Installing: /home/terranova/uav_ws/install/absl/include/absl/status/internal/status_internal.h
[16.849s] -- Installing: /home/terranova/uav_ws/install/absl/include/absl/status/statusor.h
[16.849s] -- Installing: /home/terranova/uav_ws/install/absl/include/absl/status/status_payload_printer.h
[16.852s] -- Installing: /home/terranova/uav_ws/install/absl/include/absl/status/status.h
[16.852s] -- Installing: /home/terranova/uav_ws/install/absl/include/absl/synchronization
[16.852s] -- Installing: /home/terranova/uav_ws/install/absl/include/absl/synchronization/barrier.h
[16.853s] -- Installing: /home/terranova/uav_ws/install/absl/include/absl/synchronization/internal
[16.853s] -- Installing: /home/terranova/uav_ws/install/absl/include/absl/synchronization/internal/win32_waiter.h
[16.853s] -- Installing: /home/terranova/uav_ws/install/absl/include/absl/synchronization/internal/sem_waiter.h
[16.854s] -- Installing: /home/terranova/uav_ws/install/absl/include/absl/synchronization/internal/create_thread_identity.h
[16.854s] -- Installing: /home/terranova/uav_ws/install/absl/include/absl/synchronization/internal/stdcpp_waiter.h
[16.854s] -- Installing: /home/terranova/uav_ws/install/absl/include/absl/synchronization/internal/pthread_waiter.h
[16.854s] -- Installing: /home/terranova/uav_ws/install/absl/include/absl/synchronization/internal/waiter.h
[16.854s] -- Installing: /home/terranova/uav_ws/install/absl/include/absl/synchronization/internal/waiter_base.h
[16.854s] -- Installing: /home/terranova/uav_ws/install/absl/include/absl/synchronization/internal/thread_pool.h
[16.855s] -- Installing: /home/terranova/uav_ws/install/absl/include/absl/synchronization/internal/futex.h
[16.856s] -- Installing: /home/terranova/uav_ws/install/absl/include/absl/synchronization/internal/futex_waiter.h
[16.856s] -- Installing: /home/terranova/uav_ws/install/absl/include/absl/synchronization/internal/kernel_timeout.h
[16.856s] -- Installing: /home/terranova/uav_ws/install/absl/include/absl/synchronization/internal/per_thread_sem.h
[16.857s] -- Installing: /home/terranova/uav_ws/install/absl/include/absl/synchronization/internal/graphcycles.h
[16.857s] -- Installing: /home/terranova/uav_ws/install/absl/include/absl/synchronization/blocking_counter.h
[16.857s] -- Installing: /home/terranova/uav_ws/install/absl/include/absl/synchronization/notification.h
[16.858s] -- Installing: /home/terranova/uav_ws/install/absl/include/absl/synchronization/mutex.h
[16.858s] -- Installing: /home/terranova/uav_ws/install/absl/include/absl/cleanup
[16.858s] -- Installing: /home/terranova/uav_ws/install/absl/include/absl/cleanup/internal
[16.859s] -- Installing: /home/terranova/uav_ws/install/absl/include/absl/cleanup/internal/cleanup.h
[16.859s] -- Installing: /home/terranova/uav_ws/install/absl/include/absl/cleanup/cleanup.h
[16.859s] -- Installing: /home/terranova/uav_ws/install/absl/include/absl/container
[16.859s] -- Installing: /home/terranova/uav_ws/install/absl/include/absl/container/node_hash_map.h
[16.860s] -- Installing: /home/terranova/uav_ws/install/absl/include/absl/container/flat_hash_map.h
[16.861s] -- Installing: /home/terranova/uav_ws/install/absl/include/absl/container/internal
[16.862s] -- Installing: /home/terranova/uav_ws/install/absl/include/absl/container/internal/unordered_map_lookup_test.h
[16.863s] -- Installing: /home/terranova/uav_ws/install/absl/include/absl/container/internal/hash_policy_testing.h
[16.864s] -- Installing: /home/terranova/uav_ws/install/absl/include/absl/container/internal/unordered_set_members_test.h
[16.864s] -- Installing: /home/terranova/uav_ws/install/absl/include/absl/container/internal/hashtable_debug_hooks.h
[16.865s] -- Installing: /home/terranova/uav_ws/install/absl/include/absl/container/internal/hash_function_defaults.h
[16.865s] -- Installing: /home/terranova/uav_ws/install/absl/include/absl/container/internal/raw_hash_set.h
[16.866s] -- Installing: /home/terranova/uav_ws/install/absl/include/absl/container/internal/unordered_map_modifiers_test.h
[16.867s] -- Installing: /home/terranova/uav_ws/install/absl/include/absl/container/internal/layout.h
[16.869s] -- Installing: /home/terranova/uav_ws/install/absl/include/absl/container/internal/hash_policy_traits.h
[16.869s] -- Installing: /home/terranova/uav_ws/install/absl/include/absl/container/internal/inlined_vector.h
[16.870s] -- Installing: /home/terranova/uav_ws/install/absl/include/absl/container/internal/common_policy_traits.h
[16.870s] -- Installing: /home/terranova/uav_ws/install/absl/include/absl/container/internal/unordered_set_constructor_test.h
[16.872s] -- Installing: /home/terranova/uav_ws/install/absl/include/absl/container/internal/node_slot_policy.h
[16.872s] -- Installing: /home/terranova/uav_ws/install/absl/include/absl/container/internal/container_memory.h
[16.873s] -- Installing: /home/terranova/uav_ws/install/absl/include/absl/container/internal/test_instance_tracker.h
[16.874s] -- Installing: /home/terranova/uav_ws/install/absl/include/absl/container/internal/raw_hash_map.h
[16.874s] -- Installing: /home/terranova/uav_ws/install/absl/include/absl/container/internal/btree_container.h
[16.876s] -- Installing: /home/terranova/uav_ws/install/absl/include/absl/container/internal/hashtable_debug.h
[16.877s] -- Installing: /home/terranova/uav_ws/install/absl/include/absl/container/internal/compressed_tuple.h
[16.877s] -- Installing: /home/terranova/uav_ws/install/absl/include/absl/container/internal/common.h
[16.877s] -- Installing: /home/terranova/uav_ws/install/absl/include/absl/container/internal/unordered_map_constructor_test.h
[16.877s] -- Installing: /home/terranova/uav_ws/install/absl/include/absl/container/internal/unordered_set_modifiers_test.h
[16.878s] -- Installing: /home/terranova/uav_ws/install/absl/include/absl/container/internal/tracked.h
[16.878s] -- Installing: /home/terranova/uav_ws/install/absl/include/absl/container/internal/hash_generator_testing.h
[16.878s] -- Installing: /home/terranova/uav_ws/install/absl/include/absl/container/internal/unordered_map_members_test.h
[16.879s] -- Installing: /home/terranova/uav_ws/install/absl/include/absl/container/internal/btree.h
[16.881s] -- Installing: /home/terranova/uav_ws/install/absl/include/absl/container/internal/test_allocator.h
[16.882s] -- Installing: /home/terranova/uav_ws/install/absl/include/absl/container/internal/unordered_set_lookup_test.h
[16.882s] -- Installing: /home/terranova/uav_ws/install/absl/include/absl/container/internal/hashtablez_sampler.h
[16.882s] -- Installing: /home/terranova/uav_ws/install/absl/include/absl/container/inlined_vector.h
[16.883s] -- Installing: /home/terranova/uav_ws/install/absl/include/absl/container/flat_hash_set.h
[16.884s] -- Installing: /home/terranova/uav_ws/install/absl/include/absl/container/btree_set.h
[16.885s] -- Installing: /home/terranova/uav_ws/install/absl/include/absl/container/fixed_array.h
[16.885s] -- Installing: /home/terranova/uav_ws/install/absl/include/absl/container/btree_test.h
[16.886s] -- Installing: /home/terranova/uav_ws/install/absl/include/absl/container/btree_map.h
[16.887s] -- Installing: /home/terranova/uav_ws/install/absl/include/absl/container/node_hash_set.h
[16.888s] -- Installing: /home/terranova/uav_ws/install/absl/include/absl/base/options.h
[16.890s] -- Installing: /home/terranova/uav_ws/install/absl/lib/pkgconfig/absl_atomic_hook.pc
[16.890s] -- Installing: /home/terranova/uav_ws/install/absl/lib/pkgconfig/absl_errno_saver.pc
[16.891s] -- Installing: /home/terranova/uav_ws/install/absl/lib/pkgconfig/absl_log_severity.pc
[16.891s] -- Installing: /home/terranova/uav_ws/install/absl/lib/libabsl_log_severity.a
[16.891s] -- Installing: /home/terranova/uav_ws/install/absl/lib/pkgconfig/absl_no_destructor.pc
[16.892s] -- Installing: /home/terranova/uav_ws/install/absl/lib/pkgconfig/absl_nullability.pc
[16.892s] -- Installing: /home/terranova/uav_ws/install/absl/lib/pkgconfig/absl_raw_logging_internal.pc
[16.893s] -- Installing: /home/terranova/uav_ws/install/absl/lib/libabsl_raw_logging_internal.a
[16.893s] -- Installing: /home/terranova/uav_ws/install/absl/lib/pkgconfig/absl_spinlock_wait.pc
[16.893s] -- Installing: /home/terranova/uav_ws/install/absl/lib/libabsl_spinlock_wait.a
[16.894s] -- Installing: /home/terranova/uav_ws/install/absl/lib/pkgconfig/absl_config.pc
[16.894s] -- Installing: /home/terranova/uav_ws/install/absl/lib/pkgconfig/absl_dynamic_annotations.pc
[16.895s] -- Installing: /home/terranova/uav_ws/install/absl/lib/pkgconfig/absl_core_headers.pc
[16.895s] -- Installing: /home/terranova/uav_ws/install/absl/lib/pkgconfig/absl_malloc_internal.pc
[16.896s] -- Installing: /home/terranova/uav_ws/install/absl/lib/libabsl_malloc_internal.a
[16.896s] -- Installing: /home/terranova/uav_ws/install/absl/lib/pkgconfig/absl_base_internal.pc
[16.896s] -- Installing: /home/terranova/uav_ws/install/absl/lib/pkgconfig/absl_base.pc
[16.897s] -- Installing: /home/terranova/uav_ws/install/absl/lib/libabsl_base.a
[16.897s] -- Installing: /home/terranova/uav_ws/install/absl/lib/pkgconfig/absl_throw_delegate.pc
[16.898s] -- Installing: /home/terranova/uav_ws/install/absl/lib/libabsl_throw_delegate.a
[16.898s] -- Installing: /home/terranova/uav_ws/install/absl/lib/pkgconfig/absl_pretty_function.pc
[16.899s] -- Installing: /home/terranova/uav_ws/install/absl/lib/pkgconfig/absl_endian.pc
[16.900s] -- Installing: /home/terranova/uav_ws/install/absl/lib/pkgconfig/absl_scoped_set_env.pc
[16.900s] -- Installing: /home/terranova/uav_ws/install/absl/lib/libabsl_scoped_set_env.a
[16.900s] -- Installing: /home/terranova/uav_ws/install/absl/lib/pkgconfig/absl_strerror.pc
[16.901s] -- Installing: /home/terranova/uav_ws/install/absl/lib/libabsl_strerror.a
[16.901s] -- Installing: /home/terranova/uav_ws/install/absl/lib/pkgconfig/absl_fast_type_id.pc
[16.902s] -- Installing: /home/terranova/uav_ws/install/absl/lib/pkgconfig/absl_prefetch.pc
[16.902s] -- Installing: /home/terranova/uav_ws/install/absl/lib/pkgconfig/absl_algorithm.pc
[16.903s] -- Installing: /home/terranova/uav_ws/install/absl/lib/pkgconfig/absl_algorithm_container.pc
[16.904s] -- Installing: /home/terranova/uav_ws/install/absl/lib/pkgconfig/absl_cleanup_internal.pc
[16.904s] -- Installing: /home/terranova/uav_ws/install/absl/lib/pkgconfig/absl_cleanup.pc
[16.905s] -- Installing: /home/terranova/uav_ws/install/absl/lib/pkgconfig/absl_btree.pc
[16.905s] -- Installing: /home/terranova/uav_ws/install/absl/lib/pkgconfig/absl_compressed_tuple.pc
[16.906s] -- Installing: /home/terranova/uav_ws/install/absl/lib/pkgconfig/absl_fixed_array.pc
[16.906s] -- Installing: /home/terranova/uav_ws/install/absl/lib/pkgconfig/absl_inlined_vector_internal.pc
[16.906s] -- Installing: /home/terranova/uav_ws/install/absl/lib/pkgconfig/absl_inlined_vector.pc
[16.907s] -- Installing: /home/terranova/uav_ws/install/absl/lib/pkgconfig/absl_flat_hash_map.pc
[16.907s] -- Installing: /home/terranova/uav_ws/install/absl/lib/pkgconfig/absl_flat_hash_set.pc
[16.908s] -- Installing: /home/terranova/uav_ws/install/absl/lib/pkgconfig/absl_node_hash_map.pc
[16.908s] -- Installing: /home/terranova/uav_ws/install/absl/lib/pkgconfig/absl_node_hash_set.pc
[16.909s] -- Installing: /home/terranova/uav_ws/install/absl/lib/pkgconfig/absl_container_memory.pc
[16.909s] -- Installing: /home/terranova/uav_ws/install/absl/lib/pkgconfig/absl_hash_function_defaults.pc
[16.909s] -- Installing: /home/terranova/uav_ws/install/absl/lib/pkgconfig/absl_hash_policy_traits.pc
[16.910s] -- Installing: /home/terranova/uav_ws/install/absl/lib/pkgconfig/absl_common_policy_traits.pc
[16.910s] -- Installing: /home/terranova/uav_ws/install/absl/lib/pkgconfig/absl_hashtablez_sampler.pc
[16.911s] -- Installing: /home/terranova/uav_ws/install/absl/lib/libabsl_hashtablez_sampler.a
[16.911s] -- Installing: /home/terranova/uav_ws/install/absl/lib/pkgconfig/absl_hashtable_debug.pc
[16.912s] -- Installing: /home/terranova/uav_ws/install/absl/lib/pkgconfig/absl_hashtable_debug_hooks.pc
[16.912s] -- Installing: /home/terranova/uav_ws/install/absl/lib/pkgconfig/absl_node_slot_policy.pc
[16.913s] -- Installing: /home/terranova/uav_ws/install/absl/lib/pkgconfig/absl_raw_hash_map.pc
[16.913s] -- Installing: /home/terranova/uav_ws/install/absl/lib/pkgconfig/absl_container_common.pc
[16.914s] -- Installing: /home/terranova/uav_ws/install/absl/lib/pkgconfig/absl_raw_hash_set.pc
[16.915s] -- Installing: /home/terranova/uav_ws/install/absl/lib/libabsl_raw_hash_set.a
[16.916s] -- Installing: /home/terranova/uav_ws/install/absl/lib/pkgconfig/absl_layout.pc
[16.917s] -- Installing: /home/terranova/uav_ws/install/absl/lib/pkgconfig/absl_crc_cpu_detect.pc
[16.918s] -- Installing: /home/terranova/uav_ws/install/absl/lib/libabsl_crc_cpu_detect.a
[16.918s] -- Installing: /home/terranova/uav_ws/install/absl/lib/pkgconfig/absl_crc_internal.pc
[16.919s] -- Installing: /home/terranova/uav_ws/install/absl/lib/libabsl_crc_internal.a
[16.919s] -- Installing: /home/terranova/uav_ws/install/absl/lib/pkgconfig/absl_crc32c.pc
[16.920s] -- Installing: /home/terranova/uav_ws/install/absl/lib/libabsl_crc32c.a
[16.920s] -- Installing: /home/terranova/uav_ws/install/absl/lib/pkgconfig/absl_non_temporal_arm_intrinsics.pc
[16.921s] -- Installing: /home/terranova/uav_ws/install/absl/lib/pkgconfig/absl_non_temporal_memcpy.pc
[16.921s] -- Installing: /home/terranova/uav_ws/install/absl/lib/pkgconfig/absl_crc_cord_state.pc
[16.922s] -- Installing: /home/terranova/uav_ws/install/absl/lib/libabsl_crc_cord_state.a
[16.923s] -- Installing: /home/terranova/uav_ws/install/absl/lib/pkgconfig/absl_stacktrace.pc
[16.924s] -- Installing: /home/terranova/uav_ws/install/absl/lib/libabsl_stacktrace.a
[16.924s] -- Installing: /home/terranova/uav_ws/install/absl/lib/pkgconfig/absl_symbolize.pc
[16.925s] -- Installing: /home/terranova/uav_ws/install/absl/lib/libabsl_symbolize.a
[16.925s] -- Installing: /home/terranova/uav_ws/install/absl/lib/pkgconfig/absl_examine_stack.pc
[16.926s] -- Installing: /home/terranova/uav_ws/install/absl/lib/libabsl_examine_stack.a
[16.926s] -- Installing: /home/terranova/uav_ws/install/absl/lib/pkgconfig/absl_failure_signal_handler.pc
[16.926s] -- Installing: /home/terranova/uav_ws/install/absl/lib/libabsl_failure_signal_handler.a
[16.927s] -- Installing: /home/terranova/uav_ws/install/absl/lib/pkgconfig/absl_debugging_internal.pc
[16.927s] -- Installing: /home/terranova/uav_ws/install/absl/lib/libabsl_debugging_internal.a
[16.928s] -- Installing: /home/terranova/uav_ws/install/absl/lib/pkgconfig/absl_demangle_internal.pc
[16.928s] -- Installing: /home/terranova/uav_ws/install/absl/lib/libabsl_demangle_internal.a
[16.929s] -- Installing: /home/terranova/uav_ws/install/absl/lib/pkgconfig/absl_leak_check.pc
[16.929s] -- Installing: /home/terranova/uav_ws/install/absl/lib/libabsl_leak_check.a
[16.930s] -- Installing: /home/terranova/uav_ws/install/absl/lib/pkgconfig/absl_debugging.pc
[16.931s] -- Installing: /home/terranova/uav_ws/install/absl/lib/pkgconfig/absl_flags_path_util.pc
[16.931s] -- Installing: /home/terranova/uav_ws/install/absl/lib/pkgconfig/absl_flags_program_name.pc
[16.931s] -- Installing: /home/terranova/uav_ws/install/absl/lib/libabsl_flags_program_name.a
[16.932s] -- Installing: /home/terranova/uav_ws/install/absl/lib/pkgconfig/absl_flags_config.pc
[16.932s] -- Installing: /home/terranova/uav_ws/install/absl/lib/libabsl_flags_config.a
[16.933s] -- Installing: /home/terranova/uav_ws/install/absl/lib/pkgconfig/absl_flags_marshalling.pc
[16.933s] -- Installing: /home/terranova/uav_ws/install/absl/lib/libabsl_flags_marshalling.a
[16.935s] -- Installing: /home/terranova/uav_ws/install/absl/lib/pkgconfig/absl_flags_commandlineflag_internal.pc
[16.935s] -- Installing: /home/terranova/uav_ws/install/absl/lib/libabsl_flags_commandlineflag_internal.a
[16.936s] -- Installing: /home/terranova/uav_ws/install/absl/lib/pkgconfig/absl_flags_commandlineflag.pc
[16.936s] -- Installing: /home/terranova/uav_ws/install/absl/lib/libabsl_flags_commandlineflag.a
[16.936s] -- Installing: /home/terranova/uav_ws/install/absl/lib/pkgconfig/absl_flags_private_handle_accessor.pc
[16.937s] -- Installing: /home/terranova/uav_ws/install/absl/lib/libabsl_flags_private_handle_accessor.a
[16.937s] -- Installing: /home/terranova/uav_ws/install/absl/lib/pkgconfig/absl_flags_reflection.pc
[16.938s] -- Installing: /home/terranova/uav_ws/install/absl/lib/libabsl_flags_reflection.a
[16.940s] -- Installing: /home/terranova/uav_ws/install/absl/lib/pkgconfig/absl_flags_internal.pc
[16.940s] -- Installing: /home/terranova/uav_ws/install/absl/lib/libabsl_flags_internal.a
[16.941s] -- Installing: /home/terranova/uav_ws/install/absl/lib/pkgconfig/absl_flags.pc
[16.941s] -- Installing: /home/terranova/uav_ws/install/absl/lib/pkgconfig/absl_flags_usage_internal.pc
[16.942s] -- Installing: /home/terranova/uav_ws/install/absl/lib/libabsl_flags_usage_internal.a
[16.943s] -- Installing: /home/terranova/uav_ws/install/absl/lib/pkgconfig/absl_flags_usage.pc
[16.944s] -- Installing: /home/terranova/uav_ws/install/absl/lib/libabsl_flags_usage.a
[16.944s] -- Installing: /home/terranova/uav_ws/install/absl/lib/pkgconfig/absl_flags_parse.pc
[16.944s] -- Installing: /home/terranova/uav_ws/install/absl/lib/libabsl_flags_parse.a
[16.947s] -- Installing: /home/terranova/uav_ws/install/absl/lib/pkgconfig/absl_any_invocable.pc
[16.947s] -- Installing: /home/terranova/uav_ws/install/absl/lib/pkgconfig/absl_bind_front.pc
[16.948s] -- Installing: /home/terranova/uav_ws/install/absl/lib/pkgconfig/absl_function_ref.pc
[16.948s] -- Installing: /home/terranova/uav_ws/install/absl/lib/pkgconfig/absl_overload.pc
[16.949s] -- Installing: /home/terranova/uav_ws/install/absl/lib/pkgconfig/absl_hash.pc
[16.949s] -- Installing: /home/terranova/uav_ws/install/absl/lib/libabsl_hash.a
[16.950s] -- Installing: /home/terranova/uav_ws/install/absl/lib/pkgconfig/absl_city.pc
[16.950s] -- Installing: /home/terranova/uav_ws/install/absl/lib/libabsl_city.a
[16.951s] -- Installing: /home/terranova/uav_ws/install/absl/lib/pkgconfig/absl_low_level_hash.pc
[16.951s] -- Installing: /home/terranova/uav_ws/install/absl/lib/libabsl_low_level_hash.a
[16.953s] -- Installing: /home/terranova/uav_ws/install/absl/lib/pkgconfig/absl_log_internal_check_impl.pc
[16.957s] -- Installing: /home/terranova/uav_ws/install/absl/lib/pkgconfig/absl_log_internal_check_op.pc
[16.958s] -- Installing: /home/terranova/uav_ws/install/absl/lib/libabsl_log_internal_check_op.a
[16.959s] -- Installing: /home/terranova/uav_ws/install/absl/lib/pkgconfig/absl_log_internal_conditions.pc
[16.959s] -- Installing: /home/terranova/uav_ws/install/absl/lib/libabsl_log_internal_conditions.a
[16.960s] -- Installing: /home/terranova/uav_ws/install/absl/lib/pkgconfig/absl_log_internal_config.pc
[16.960s] -- Installing: /home/terranova/uav_ws/install/absl/lib/pkgconfig/absl_log_internal_flags.pc
[16.960s] -- Installing: /home/terranova/uav_ws/install/absl/lib/pkgconfig/absl_log_internal_format.pc
[16.960s] -- Installing: /home/terranova/uav_ws/install/absl/lib/libabsl_log_internal_format.a
[16.960s] -- Installing: /home/terranova/uav_ws/install/absl/lib/pkgconfig/absl_log_internal_globals.pc
[16.960s] -- Installing: /home/terranova/uav_ws/install/absl/lib/libabsl_log_internal_globals.a
[16.961s] -- Installing: /home/terranova/uav_ws/install/absl/lib/pkgconfig/absl_log_internal_log_impl.pc
[16.961s] -- Installing: /home/terranova/uav_ws/install/absl/lib/pkgconfig/absl_log_internal_proto.pc
[16.961s] -- Installing: /home/terranova/uav_ws/install/absl/lib/libabsl_log_internal_proto.a
[16.961s] -- Installing: /home/terranova/uav_ws/install/absl/lib/pkgconfig/absl_log_internal_message.pc
[16.961s] -- Installing: /home/terranova/uav_ws/install/absl/lib/libabsl_log_internal_message.a
[16.962s] -- Installing: /home/terranova/uav_ws/install/absl/lib/pkgconfig/absl_log_internal_log_sink_set.pc
[16.965s] -- Installing: /home/terranova/uav_ws/install/absl/lib/libabsl_log_internal_log_sink_set.a
[16.965s] -- Installing: /home/terranova/uav_ws/install/absl/lib/pkgconfig/absl_log_internal_nullguard.pc
[16.966s] -- Installing: /home/terranova/uav_ws/install/absl/lib/libabsl_log_internal_nullguard.a
[16.972s] -- Installing: /home/terranova/uav_ws/install/absl/lib/pkgconfig/absl_log_internal_nullstream.pc
[16.972s] -- Installing: /home/terranova/uav_ws/install/absl/lib/pkgconfig/absl_log_internal_strip.pc
[16.972s] -- Installing: /home/terranova/uav_ws/install/absl/lib/pkgconfig/absl_log_internal_voidify.pc
[16.972s] -- Installing: /home/terranova/uav_ws/install/absl/lib/pkgconfig/absl_log_internal_append_truncated.pc
[16.972s] -- Installing: /home/terranova/uav_ws/install/absl/lib/pkgconfig/absl_absl_check.pc
[16.973s] -- Installing: /home/terranova/uav_ws/install/absl/lib/pkgconfig/absl_absl_log.pc
[16.973s] -- Installing: /home/terranova/uav_ws/install/absl/lib/pkgconfig/absl_check.pc
[16.973s] -- Installing: /home/terranova/uav_ws/install/absl/lib/pkgconfig/absl_die_if_null.pc
[16.974s] -- Installing: /home/terranova/uav_ws/install/absl/lib/libabsl_die_if_null.a
[16.974s] -- Installing: /home/terranova/uav_ws/install/absl/lib/pkgconfig/absl_log_flags.pc
[16.974s] -- Installing: /home/terranova/uav_ws/install/absl/lib/libabsl_log_flags.a
[16.974s] -- Installing: /home/terranova/uav_ws/install/absl/lib/pkgconfig/absl_log_globals.pc
[16.975s] -- Installing: /home/terranova/uav_ws/install/absl/lib/libabsl_log_globals.a
[16.975s] -- Installing: /home/terranova/uav_ws/install/absl/lib/pkgconfig/absl_log_initialize.pc
[16.975s] -- Installing: /home/terranova/uav_ws/install/absl/lib/libabsl_log_initialize.a
[16.975s] -- Installing: /home/terranova/uav_ws/install/absl/lib/pkgconfig/absl_log.pc
[16.976s] -- Installing: /home/terranova/uav_ws/install/absl/lib/pkgconfig/absl_log_entry.pc
[16.976s] -- Installing: /home/terranova/uav_ws/install/absl/lib/libabsl_log_entry.a
[16.976s] -- Installing: /home/terranova/uav_ws/install/absl/lib/pkgconfig/absl_log_sink.pc
[16.976s] -- Installing: /home/terranova/uav_ws/install/absl/lib/libabsl_log_sink.a
[16.982s] -- Installing: /home/terranova/uav_ws/install/absl/lib/pkgconfig/absl_log_sink_registry.pc
[16.982s] -- Installing: /home/terranova/uav_ws/install/absl/lib/pkgconfig/absl_log_streamer.pc
[16.983s] -- Installing: /home/terranova/uav_ws/install/absl/lib/pkgconfig/absl_log_internal_structured.pc
[16.983s] -- Installing: /home/terranova/uav_ws/install/absl/lib/pkgconfig/absl_log_structured.pc
[16.983s] -- Installing: /home/terranova/uav_ws/install/absl/lib/pkgconfig/absl_vlog_config_internal.pc
[16.983s] -- Installing: /home/terranova/uav_ws/install/absl/lib/libabsl_vlog_config_internal.a
[16.984s] -- Installing: /home/terranova/uav_ws/install/absl/lib/pkgconfig/absl_absl_vlog_is_on.pc
[16.984s] -- Installing: /home/terranova/uav_ws/install/absl/lib/pkgconfig/absl_vlog_is_on.pc
[16.984s] -- Installing: /home/terranova/uav_ws/install/absl/lib/pkgconfig/absl_log_internal_fnmatch.pc
[16.984s] -- Installing: /home/terranova/uav_ws/install/absl/lib/libabsl_log_internal_fnmatch.a
[16.985s] -- Installing: /home/terranova/uav_ws/install/absl/lib/pkgconfig/absl_memory.pc
[16.985s] -- Installing: /home/terranova/uav_ws/install/absl/lib/pkgconfig/absl_type_traits.pc
[16.985s] -- Installing: /home/terranova/uav_ws/install/absl/lib/pkgconfig/absl_meta.pc
[16.985s] -- Installing: /home/terranova/uav_ws/install/absl/lib/pkgconfig/absl_bits.pc
[16.986s] -- Installing: /home/terranova/uav_ws/install/absl/lib/pkgconfig/absl_int128.pc
[16.986s] -- Installing: /home/terranova/uav_ws/install/absl/lib/libabsl_int128.a
[16.986s] -- Installing: /home/terranova/uav_ws/install/absl/lib/pkgconfig/absl_numeric.pc
[16.986s] -- Installing: /home/terranova/uav_ws/install/absl/lib/pkgconfig/absl_numeric_representation.pc
[16.987s] -- Installing: /home/terranova/uav_ws/install/absl/lib/pkgconfig/absl_sample_recorder.pc
[16.987s] -- Installing: /home/terranova/uav_ws/install/absl/lib/pkgconfig/absl_exponential_biased.pc
[16.987s] -- Installing: /home/terranova/uav_ws/install/absl/lib/libabsl_exponential_biased.a
[16.987s] -- Installing: /home/terranova/uav_ws/install/absl/lib/pkgconfig/absl_periodic_sampler.pc
[16.988s] -- Installing: /home/terranova/uav_ws/install/absl/lib/libabsl_periodic_sampler.a
[16.991s] -- Installing: /home/terranova/uav_ws/install/absl/lib/pkgconfig/absl_random_random.pc
[16.999s] -- Installing: /home/terranova/uav_ws/install/absl/lib/pkgconfig/absl_random_bit_gen_ref.pc
[16.999s] -- Installing: /home/terranova/uav_ws/install/absl/lib/pkgconfig/absl_random_internal_mock_helpers.pc
[17.000s] -- Installing: /home/terranova/uav_ws/install/absl/lib/pkgconfig/absl_random_distributions.pc
[17.000s] -- Installing: /home/terranova/uav_ws/install/absl/lib/libabsl_random_distributions.a
[17.000s] -- Installing: /home/terranova/uav_ws/install/absl/lib/pkgconfig/absl_random_seed_gen_exception.pc
[17.000s] -- Installing: /home/terranova/uav_ws/install/absl/lib/libabsl_random_seed_gen_exception.a
[17.001s] -- Installing: /home/terranova/uav_ws/install/absl/lib/pkgconfig/absl_random_seed_sequences.pc
[17.001s] -- Installing: /home/terranova/uav_ws/install/absl/lib/libabsl_random_seed_sequences.a
[17.001s] -- Installing: /home/terranova/uav_ws/install/absl/lib/pkgconfig/absl_random_internal_traits.pc
[17.001s] -- Installing: /home/terranova/uav_ws/install/absl/lib/pkgconfig/absl_random_internal_distribution_caller.pc
[17.001s] -- Installing: /home/terranova/uav_ws/install/absl/lib/pkgconfig/absl_random_internal_fast_uniform_bits.pc
[17.002s] -- Installing: /home/terranova/uav_ws/install/absl/lib/pkgconfig/absl_random_internal_seed_material.pc
[17.002s] -- Installing: /home/terranova/uav_ws/install/absl/lib/libabsl_random_internal_seed_material.a
[17.002s] -- Installing: /home/terranova/uav_ws/install/absl/lib/pkgconfig/absl_random_internal_pool_urbg.pc
[17.002s] -- Installing: /home/terranova/uav_ws/install/absl/lib/libabsl_random_internal_pool_urbg.a
[17.002s] -- Installing: /home/terranova/uav_ws/install/absl/lib/pkgconfig/absl_random_internal_salted_seed_seq.pc
[17.003s] -- Installing: /home/terranova/uav_ws/install/absl/lib/pkgconfig/absl_random_internal_iostream_state_saver.pc
[17.003s] -- Installing: /home/terranova/uav_ws/install/absl/lib/pkgconfig/absl_random_internal_generate_real.pc
[17.003s] -- Installing: /home/terranova/uav_ws/install/absl/lib/pkgconfig/absl_random_internal_wide_multiply.pc
[17.003s] -- Installing: /home/terranova/uav_ws/install/absl/lib/pkgconfig/absl_random_internal_fastmath.pc
[17.004s] -- Installing: /home/terranova/uav_ws/install/absl/lib/pkgconfig/absl_random_internal_nonsecure_base.pc
[17.004s] -- Installing: /home/terranova/uav_ws/install/absl/lib/pkgconfig/absl_random_internal_pcg_engine.pc
[17.004s] -- Installing: /home/terranova/uav_ws/install/absl/lib/pkgconfig/absl_random_internal_randen_engine.pc
[17.004s] -- Installing: /home/terranova/uav_ws/install/absl/lib/pkgconfig/absl_random_internal_platform.pc
[17.004s] -- Installing: /home/terranova/uav_ws/install/absl/lib/libabsl_random_internal_platform.a
[17.005s] -- Installing: /home/terranova/uav_ws/install/absl/lib/pkgconfig/absl_random_internal_randen.pc
[17.005s] -- Installing: /home/terranova/uav_ws/install/absl/lib/libabsl_random_internal_randen.a
[17.005s] -- Installing: /home/terranova/uav_ws/install/absl/lib/pkgconfig/absl_random_internal_randen_slow.pc
[17.005s] -- Installing: /home/terranova/uav_ws/install/absl/lib/libabsl_random_internal_randen_slow.a
[17.005s] -- Installing: /home/terranova/uav_ws/install/absl/lib/pkgconfig/absl_random_internal_randen_hwaes.pc
[17.005s] -- Installing: /home/terranova/uav_ws/install/absl/lib/libabsl_random_internal_randen_hwaes.a
[17.006s] -- Installing: /home/terranova/uav_ws/install/absl/lib/pkgconfig/absl_random_internal_randen_hwaes_impl.pc
[17.006s] -- Installing: /home/terranova/uav_ws/install/absl/lib/libabsl_random_internal_randen_hwaes_impl.a
[17.006s] -- Installing: /home/terranova/uav_ws/install/absl/lib/pkgconfig/absl_random_internal_distribution_test_util.pc
[17.006s] -- Installing: /home/terranova/uav_ws/install/absl/lib/libabsl_random_internal_distribution_test_util.a
[17.007s] -- Installing: /home/terranova/uav_ws/install/absl/lib/pkgconfig/absl_random_internal_uniform_helper.pc
[17.007s] -- Installing: /home/terranova/uav_ws/install/absl/lib/pkgconfig/absl_status.pc
[17.007s] -- Installing: /home/terranova/uav_ws/install/absl/lib/libabsl_status.a
[17.007s] -- Installing: /home/terranova/uav_ws/install/absl/lib/pkgconfig/absl_statusor.pc
[17.015s] -- Installing: /home/terranova/uav_ws/install/absl/lib/libabsl_statusor.a
[17.015s] -- Installing: /home/terranova/uav_ws/install/absl/lib/pkgconfig/absl_string_view.pc
[17.016s] -- Installing: /home/terranova/uav_ws/install/absl/lib/libabsl_string_view.a
[17.016s] -- Installing: /home/terranova/uav_ws/install/absl/lib/pkgconfig/absl_strings.pc
[17.016s] -- Installing: /home/terranova/uav_ws/install/absl/lib/libabsl_strings.a
[17.016s] -- Installing: /home/terranova/uav_ws/install/absl/lib/pkgconfig/absl_charset.pc
[17.017s] -- Installing: /home/terranova/uav_ws/install/absl/lib/pkgconfig/absl_has_ostream_operator.pc
[17.017s] -- Installing: /home/terranova/uav_ws/install/absl/lib/pkgconfig/absl_strings_internal.pc
[17.017s] -- Installing: /home/terranova/uav_ws/install/absl/lib/libabsl_strings_internal.a
[17.017s] -- Installing: /home/terranova/uav_ws/install/absl/lib/pkgconfig/absl_str_format.pc
[17.017s] -- Installing: /home/terranova/uav_ws/install/absl/lib/pkgconfig/absl_str_format_internal.pc
[17.018s] -- Installing: /home/terranova/uav_ws/install/absl/lib/libabsl_str_format_internal.a
[17.018s] -- Installing: /home/terranova/uav_ws/install/absl/lib/pkgconfig/absl_cord_internal.pc
[17.018s] -- Installing: /home/terranova/uav_ws/install/absl/lib/libabsl_cord_internal.a
[17.018s] -- Installing: /home/terranova/uav_ws/install/absl/lib/pkgconfig/absl_cordz_update_tracker.pc
[17.018s] -- Installing: /home/terranova/uav_ws/install/absl/lib/pkgconfig/absl_cordz_functions.pc
[17.018s] -- Installing: /home/terranova/uav_ws/install/absl/lib/libabsl_cordz_functions.a
[17.019s] -- Installing: /home/terranova/uav_ws/install/absl/lib/pkgconfig/absl_cordz_statistics.pc
[17.019s] -- Installing: /home/terranova/uav_ws/install/absl/lib/pkgconfig/absl_cordz_handle.pc
[17.019s] -- Installing: /home/terranova/uav_ws/install/absl/lib/libabsl_cordz_handle.a
[17.019s] -- Installing: /home/terranova/uav_ws/install/absl/lib/pkgconfig/absl_cordz_info.pc
[17.019s] -- Installing: /home/terranova/uav_ws/install/absl/lib/libabsl_cordz_info.a
[17.020s] -- Installing: /home/terranova/uav_ws/install/absl/lib/pkgconfig/absl_cordz_sample_token.pc
[17.020s] -- Installing: /home/terranova/uav_ws/install/absl/lib/libabsl_cordz_sample_token.a
[17.020s] -- Installing: /home/terranova/uav_ws/install/absl/lib/pkgconfig/absl_cordz_update_scope.pc
[17.020s] -- Installing: /home/terranova/uav_ws/install/absl/lib/pkgconfig/absl_cord.pc
[17.021s] -- Installing: /home/terranova/uav_ws/install/absl/lib/libabsl_cord.a
[17.021s] -- Installing: /home/terranova/uav_ws/install/absl/lib/pkgconfig/absl_graphcycles_internal.pc
[17.021s] -- Installing: /home/terranova/uav_ws/install/absl/lib/libabsl_graphcycles_internal.a
[17.021s] -- Installing: /home/terranova/uav_ws/install/absl/lib/pkgconfig/absl_kernel_timeout_internal.pc
[17.021s] -- Installing: /home/terranova/uav_ws/install/absl/lib/libabsl_kernel_timeout_internal.a
[17.022s] -- Installing: /home/terranova/uav_ws/install/absl/lib/pkgconfig/absl_synchronization.pc
[17.022s] -- Installing: /home/terranova/uav_ws/install/absl/lib/libabsl_synchronization.a
[17.022s] -- Installing: /home/terranova/uav_ws/install/absl/lib/pkgconfig/absl_time.pc
[17.023s] -- Installing: /home/terranova/uav_ws/install/absl/lib/libabsl_time.a
[17.024s] -- Installing: /home/terranova/uav_ws/install/absl/lib/pkgconfig/absl_civil_time.pc
[17.025s] -- Installing: /home/terranova/uav_ws/install/absl/lib/libabsl_civil_time.a
[17.025s] -- Installing: /home/terranova/uav_ws/install/absl/lib/pkgconfig/absl_time_zone.pc
[17.026s] -- Installing: /home/terranova/uav_ws/install/absl/lib/libabsl_time_zone.a
[17.029s] -- Installing: /home/terranova/uav_ws/install/absl/lib/pkgconfig/absl_any.pc
[17.029s] -- Installing: /home/terranova/uav_ws/install/absl/lib/pkgconfig/absl_bad_any_cast.pc
[17.030s] -- Installing: /home/terranova/uav_ws/install/absl/lib/pkgconfig/absl_bad_any_cast_impl.pc
[17.030s] -- Installing: /home/terranova/uav_ws/install/absl/lib/libabsl_bad_any_cast_impl.a
[17.031s] -- Installing: /home/terranova/uav_ws/install/absl/lib/pkgconfig/absl_span.pc
[17.031s] -- Installing: /home/terranova/uav_ws/install/absl/lib/pkgconfig/absl_optional.pc
[17.032s] -- Installing: /home/terranova/uav_ws/install/absl/lib/pkgconfig/absl_bad_optional_access.pc
[17.032s] -- Installing: /home/terranova/uav_ws/install/absl/lib/libabsl_bad_optional_access.a
[17.033s] -- Installing: /home/terranova/uav_ws/install/absl/lib/pkgconfig/absl_bad_variant_access.pc
[17.033s] -- Installing: /home/terranova/uav_ws/install/absl/lib/libabsl_bad_variant_access.a
[17.033s] -- Installing: /home/terranova/uav_ws/install/absl/lib/pkgconfig/absl_variant.pc
[17.034s] -- Installing: /home/terranova/uav_ws/install/absl/lib/pkgconfig/absl_compare.pc
[17.035s] -- Installing: /home/terranova/uav_ws/install/absl/lib/pkgconfig/absl_utility.pc
[17.035s] -- Installing: /home/terranova/uav_ws/install/absl/lib/pkgconfig/absl_if_constexpr.pc
[17.047s] Invoked command in '/home/terranova/uav_ws/build/absl' returned '0': /home/terranova/.local/bin/cmake --install /home/terranova/uav_ws/build/absl
