[0.042s] Invoking command in '/home/terranova/uav_ws/build/dynamixel_sdk': CMAKE_PREFIX_PATH=/home/terranova/uav_ws/install/vision_opencv:/home/terranova/uav_ws/install/uav_gazebo:/home/terranova/uav_ws/install/uav_cartographer:/home/terranova/uav_ws/install/turtlebot3:/home/terranova/uav_ws/install/turtlebot3_simulations:/home/terranova/uav_ws/install/turtlebot3_bringup:/home/terranova/uav_ws/install/turtlebot3_node:/home/terranova/uav_ws/install/turtlebot3_navigation2:/home/terranova/uav_ws/install/turtlebot3_fake_node:/home/terranova/uav_ws/install/turtlebot3_msgs:/home/terranova/uav_ws/install/turtlebot3_gazebo:/home/terranova/uav_ws/install/turtlebot3_description:/home/terranova/uav_ws/install/turtlebot3_cartographer:/home/terranova/uav_ws/install/turtlebot3_teleop:/home/terranova/uav_ws/install/turtlebot3_example:/home/terranova/uav_ws/install/opencv_tests:/home/terranova/uav_ws/install/joint_state_publisher_gui:/home/terranova/uav_ws/install/joint_state_publisher:/opt/ros/foxy:/home/terranova/uav_ws/install/realsense_gazebo_plugin:/home/terranova/uav_ws/install/perception_pcl:/home/terranova/uav_ws/install/pcl_ros:/home/terranova/uav_ws/install/pcl_conversions:/home/terranova/uav_ws/install/pcl_msgs:/home/terranova/uav_ws/install/image_geometry:/home/terranova/uav_ws/install/hls_lfcd_lds_driver:/home/terranova/uav_ws/install/gazebo_ros_pkgs:/home/terranova/uav_ws/install/gazebo_plugins:/home/terranova/uav_ws/install/gazebo_ros:/home/terranova/uav_ws/install/gazebo_msgs:/home/terranova/uav_ws/install/gazebo_dev:/home/terranova/uav_ws/install/dynamixel_sdk_examples:/home/terranova/uav_ws/install/dynamixel_sdk_custom_interfaces:/home/terranova/uav_ws/install/dynamixel_sdk:/home/terranova/uav_ws/install/cv_bridge:/home/terranova/uav_ws/install/absl /home/terranova/.local/bin/cmake --build /home/terranova/uav_ws/build/dynamixel_sdk -- -j4 -l4
[0.263s] [100%] Built target dynamixel_sdk
[0.285s] Invoked command in '/home/terranova/uav_ws/build/dynamixel_sdk' returned '0': CMAKE_PREFIX_PATH=/home/terranova/uav_ws/install/vision_opencv:/home/terranova/uav_ws/install/uav_gazebo:/home/terranova/uav_ws/install/uav_cartographer:/home/terranova/uav_ws/install/turtlebot3:/home/terranova/uav_ws/install/turtlebot3_simulations:/home/terranova/uav_ws/install/turtlebot3_bringup:/home/terranova/uav_ws/install/turtlebot3_node:/home/terranova/uav_ws/install/turtlebot3_navigation2:/home/terranova/uav_ws/install/turtlebot3_fake_node:/home/terranova/uav_ws/install/turtlebot3_msgs:/home/terranova/uav_ws/install/turtlebot3_gazebo:/home/terranova/uav_ws/install/turtlebot3_description:/home/terranova/uav_ws/install/turtlebot3_cartographer:/home/terranova/uav_ws/install/turtlebot3_teleop:/home/terranova/uav_ws/install/turtlebot3_example:/home/terranova/uav_ws/install/opencv_tests:/home/terranova/uav_ws/install/joint_state_publisher_gui:/home/terranova/uav_ws/install/joint_state_publisher:/opt/ros/foxy:/home/terranova/uav_ws/install/realsense_gazebo_plugin:/home/terranova/uav_ws/install/perception_pcl:/home/terranova/uav_ws/install/pcl_ros:/home/terranova/uav_ws/install/pcl_conversions:/home/terranova/uav_ws/install/pcl_msgs:/home/terranova/uav_ws/install/image_geometry:/home/terranova/uav_ws/install/hls_lfcd_lds_driver:/home/terranova/uav_ws/install/gazebo_ros_pkgs:/home/terranova/uav_ws/install/gazebo_plugins:/home/terranova/uav_ws/install/gazebo_ros:/home/terranova/uav_ws/install/gazebo_msgs:/home/terranova/uav_ws/install/gazebo_dev:/home/terranova/uav_ws/install/dynamixel_sdk_examples:/home/terranova/uav_ws/install/dynamixel_sdk_custom_interfaces:/home/terranova/uav_ws/install/dynamixel_sdk:/home/terranova/uav_ws/install/cv_bridge:/home/terranova/uav_ws/install/absl /home/terranova/.local/bin/cmake --build /home/terranova/uav_ws/build/dynamixel_sdk -- -j4 -l4
[0.566s] Invoking command in '/home/terranova/uav_ws/build/dynamixel_sdk': CMAKE_PREFIX_PATH=/home/terranova/uav_ws/install/vision_opencv:/home/terranova/uav_ws/install/uav_gazebo:/home/terranova/uav_ws/install/uav_cartographer:/home/terranova/uav_ws/install/turtlebot3:/home/terranova/uav_ws/install/turtlebot3_simulations:/home/terranova/uav_ws/install/turtlebot3_bringup:/home/terranova/uav_ws/install/turtlebot3_node:/home/terranova/uav_ws/install/turtlebot3_navigation2:/home/terranova/uav_ws/install/turtlebot3_fake_node:/home/terranova/uav_ws/install/turtlebot3_msgs:/home/terranova/uav_ws/install/turtlebot3_gazebo:/home/terranova/uav_ws/install/turtlebot3_description:/home/terranova/uav_ws/install/turtlebot3_cartographer:/home/terranova/uav_ws/install/turtlebot3_teleop:/home/terranova/uav_ws/install/turtlebot3_example:/home/terranova/uav_ws/install/opencv_tests:/home/terranova/uav_ws/install/joint_state_publisher_gui:/home/terranova/uav_ws/install/joint_state_publisher:/opt/ros/foxy:/home/terranova/uav_ws/install/realsense_gazebo_plugin:/home/terranova/uav_ws/install/perception_pcl:/home/terranova/uav_ws/install/pcl_ros:/home/terranova/uav_ws/install/pcl_conversions:/home/terranova/uav_ws/install/pcl_msgs:/home/terranova/uav_ws/install/image_geometry:/home/terranova/uav_ws/install/hls_lfcd_lds_driver:/home/terranova/uav_ws/install/gazebo_ros_pkgs:/home/terranova/uav_ws/install/gazebo_plugins:/home/terranova/uav_ws/install/gazebo_ros:/home/terranova/uav_ws/install/gazebo_msgs:/home/terranova/uav_ws/install/gazebo_dev:/home/terranova/uav_ws/install/dynamixel_sdk_examples:/home/terranova/uav_ws/install/dynamixel_sdk_custom_interfaces:/home/terranova/uav_ws/install/dynamixel_sdk:/home/terranova/uav_ws/install/cv_bridge:/home/terranova/uav_ws/install/absl /home/terranova/.local/bin/cmake --install /home/terranova/uav_ws/build/dynamixel_sdk
[0.653s] -- Install configuration: ""
[0.653s] -- Up-to-date: /home/terranova/uav_ws/install/dynamixel_sdk/include/
[0.656s] -- Up-to-date: /home/terranova/uav_ws/install/dynamixel_sdk/include//dynamixel_sdk
[0.656s] -- Up-to-date: /home/terranova/uav_ws/install/dynamixel_sdk/include//dynamixel_sdk/group_sync_write.h
[0.656s] -- Up-to-date: /home/terranova/uav_ws/install/dynamixel_sdk/include//dynamixel_sdk/port_handler_linux.h
[0.657s] -- Up-to-date: /home/terranova/uav_ws/install/dynamixel_sdk/include//dynamixel_sdk/packet_handler.h
[0.657s] -- Up-to-date: /home/terranova/uav_ws/install/dynamixel_sdk/include//dynamixel_sdk/port_handler_arduino.h
[0.657s] -- Up-to-date: /home/terranova/uav_ws/install/dynamixel_sdk/include//dynamixel_sdk/protocol2_packet_handler.h
[0.657s] -- Up-to-date: /home/terranova/uav_ws/install/dynamixel_sdk/include//dynamixel_sdk/group_bulk_write.h
[0.657s] -- Up-to-date: /home/terranova/uav_ws/install/dynamixel_sdk/include//dynamixel_sdk/port_handler_mac.h
[0.658s] -- Up-to-date: /home/terranova/uav_ws/install/dynamixel_sdk/include//dynamixel_sdk/port_handler_windows.h
[0.658s] -- Up-to-date: /home/terranova/uav_ws/install/dynamixel_sdk/include//dynamixel_sdk/dynamixel_sdk.h
[0.659s] -- Up-to-date: /home/terranova/uav_ws/install/dynamixel_sdk/include//dynamixel_sdk/protocol1_packet_handler.h
[0.659s] -- Up-to-date: /home/terranova/uav_ws/install/dynamixel_sdk/include//dynamixel_sdk/group_bulk_read.h
[0.659s] -- Up-to-date: /home/terranova/uav_ws/install/dynamixel_sdk/include//dynamixel_sdk/port_handler.h
[0.659s] -- Up-to-date: /home/terranova/uav_ws/install/dynamixel_sdk/include//dynamixel_sdk/group_sync_read.h
[0.661s] -- Up-to-date: /home/terranova/uav_ws/install/dynamixel_sdk/lib/libdynamixel_sdk.so
[0.661s] -- Up-to-date: /home/terranova/uav_ws/install/dynamixel_sdk/share/dynamixel_sdk/environment/library_path.sh
[0.661s] -- Up-to-date: /home/terranova/uav_ws/install/dynamixel_sdk/share/dynamixel_sdk/environment/library_path.dsv
[0.661s] -- Up-to-date: /home/terranova/uav_ws/install/dynamixel_sdk/share/ament_index/resource_index/package_run_dependencies/dynamixel_sdk
[0.661s] -- Up-to-date: /home/terranova/uav_ws/install/dynamixel_sdk/share/ament_index/resource_index/parent_prefix_path/dynamixel_sdk
[0.662s] -- Up-to-date: /home/terranova/uav_ws/install/dynamixel_sdk/share/dynamixel_sdk/environment/ament_prefix_path.sh
[0.662s] -- Up-to-date: /home/terranova/uav_ws/install/dynamixel_sdk/share/dynamixel_sdk/environment/ament_prefix_path.dsv
[0.662s] -- Up-to-date: /home/terranova/uav_ws/install/dynamixel_sdk/share/dynamixel_sdk/environment/path.sh
[0.662s] -- Up-to-date: /home/terranova/uav_ws/install/dynamixel_sdk/share/dynamixel_sdk/environment/path.dsv
[0.662s] -- Up-to-date: /home/terranova/uav_ws/install/dynamixel_sdk/share/dynamixel_sdk/local_setup.bash
[0.663s] -- Up-to-date: /home/terranova/uav_ws/install/dynamixel_sdk/share/dynamixel_sdk/local_setup.sh
[0.663s] -- Up-to-date: /home/terranova/uav_ws/install/dynamixel_sdk/share/dynamixel_sdk/local_setup.zsh
[0.663s] -- Up-to-date: /home/terranova/uav_ws/install/dynamixel_sdk/share/dynamixel_sdk/local_setup.dsv
[0.663s] -- Installing: /home/terranova/uav_ws/install/dynamixel_sdk/share/dynamixel_sdk/package.dsv
[0.664s] -- Up-to-date: /home/terranova/uav_ws/install/dynamixel_sdk/share/ament_index/resource_index/packages/dynamixel_sdk
[0.664s] -- Up-to-date: /home/terranova/uav_ws/install/dynamixel_sdk/share/dynamixel_sdk/cmake/ament_cmake_export_include_directories-extras.cmake
[0.664s] -- Up-to-date: /home/terranova/uav_ws/install/dynamixel_sdk/share/dynamixel_sdk/cmake/ament_cmake_export_libraries-extras.cmake
[0.664s] -- Up-to-date: /home/terranova/uav_ws/install/dynamixel_sdk/share/dynamixel_sdk/cmake/dynamixel_sdkConfig.cmake
[0.664s] -- Up-to-date: /home/terranova/uav_ws/install/dynamixel_sdk/share/dynamixel_sdk/cmake/dynamixel_sdkConfig-version.cmake
[0.664s] -- Up-to-date: /home/terranova/uav_ws/install/dynamixel_sdk/share/dynamixel_sdk/package.xml
[0.676s] Invoked command in '/home/terranova/uav_ws/build/dynamixel_sdk' returned '0': CMAKE_PREFIX_PATH=/home/terranova/uav_ws/install/vision_opencv:/home/terranova/uav_ws/install/uav_gazebo:/home/terranova/uav_ws/install/uav_cartographer:/home/terranova/uav_ws/install/turtlebot3:/home/terranova/uav_ws/install/turtlebot3_simulations:/home/terranova/uav_ws/install/turtlebot3_bringup:/home/terranova/uav_ws/install/turtlebot3_node:/home/terranova/uav_ws/install/turtlebot3_navigation2:/home/terranova/uav_ws/install/turtlebot3_fake_node:/home/terranova/uav_ws/install/turtlebot3_msgs:/home/terranova/uav_ws/install/turtlebot3_gazebo:/home/terranova/uav_ws/install/turtlebot3_description:/home/terranova/uav_ws/install/turtlebot3_cartographer:/home/terranova/uav_ws/install/turtlebot3_teleop:/home/terranova/uav_ws/install/turtlebot3_example:/home/terranova/uav_ws/install/opencv_tests:/home/terranova/uav_ws/install/joint_state_publisher_gui:/home/terranova/uav_ws/install/joint_state_publisher:/opt/ros/foxy:/home/terranova/uav_ws/install/realsense_gazebo_plugin:/home/terranova/uav_ws/install/perception_pcl:/home/terranova/uav_ws/install/pcl_ros:/home/terranova/uav_ws/install/pcl_conversions:/home/terranova/uav_ws/install/pcl_msgs:/home/terranova/uav_ws/install/image_geometry:/home/terranova/uav_ws/install/hls_lfcd_lds_driver:/home/terranova/uav_ws/install/gazebo_ros_pkgs:/home/terranova/uav_ws/install/gazebo_plugins:/home/terranova/uav_ws/install/gazebo_ros:/home/terranova/uav_ws/install/gazebo_msgs:/home/terranova/uav_ws/install/gazebo_dev:/home/terranova/uav_ws/install/dynamixel_sdk_examples:/home/terranova/uav_ws/install/dynamixel_sdk_custom_interfaces:/home/terranova/uav_ws/install/dynamixel_sdk:/home/terranova/uav_ws/install/cv_bridge:/home/terranova/uav_ws/install/absl /home/terranova/.local/bin/cmake --install /home/terranova/uav_ws/build/dynamixel_sdk
