-- The C compiler identification is GNU 9.4.0
-- The CXX compiler identification is GNU 9.4.0
-- Detecting C compiler ABI info
-- Detecting C compiler ABI info - done
-- Check for working C compiler: /usr/lib/ccache/cc - skipped
-- Detecting C compile features
-- Detecting C compile features - done
-- Detecting CXX compiler ABI info
-- Detecting CXX compiler ABI info - done
-- Check for working CXX compiler: /usr/lib/ccache/c++ - skipped
-- Detecting CXX compile features
-- Detecting CXX compile features - done
-- Found ament_cmake: 0.9.12 (/opt/ros/foxy/share/ament_cmake/cmake)
[33mCMake Warning (dev) at /opt/ros/foxy/share/ament_cmake_core/cmake/core/python.cmake:22 (find_package):
  Policy CMP0148 is not set: The FindPythonInterp and FindPythonLibs modules
  are removed.  Run "cmake --help-policy CMP0148" for policy details.  Use
  the cmake_policy command to set the policy and suppress this warning.

Call Stack (most recent call first):
  /opt/ros/foxy/share/ament_cmake_core/cmake/core/all.cmake:53 (include)
  /opt/ros/foxy/share/ament_cmake_core/cmake/ament_cmake_core-extras.cmake:17 (include)
  /opt/ros/foxy/share/ament_cmake_core/cmake/ament_cmake_coreConfig.cmake:41 (include)
  /opt/ros/foxy/share/ament_cmake/cmake/ament_cmake_export_dependencies-extras.cmake:15 (find_package)
  /opt/ros/foxy/share/ament_cmake/cmake/ament_cmakeConfig.cmake:41 (include)
  CMakeLists.txt:10 (find_package)
This warning is for project developers.  Use -Wno-dev to suppress it.
[0m
-- Found PythonInterp: /usr/bin/python3 (found suitable version "3.8.10", minimum required is "3") 
-- Using PYTHON_EXECUTABLE: /usr/bin/python3
-- Configuring done (3.8s)
-- Generating done (0.0s)
-- Build files have been written to: /home/terranova/uav_ws/build/turtlebot3_cartographer
-- Install configuration: ""
-- Installing: /home/terranova/uav_ws/install/turtlebot3_cartographer/share/turtlebot3_cartographer/config
-- Installing: /home/terranova/uav_ws/install/turtlebot3_cartographer/share/turtlebot3_cartographer/config/turtlebot3_lds_2d.lua
-- Installing: /home/terranova/uav_ws/install/turtlebot3_cartographer/share/turtlebot3_cartographer/launch
-- Installing: /home/terranova/uav_ws/install/turtlebot3_cartographer/share/turtlebot3_cartographer/launch/cartographer.launch.py
-- Installing: /home/terranova/uav_ws/install/turtlebot3_cartographer/share/turtlebot3_cartographer/launch/occupancy_grid.launch.py
-- Installing: /home/terranova/uav_ws/install/turtlebot3_cartographer/share/turtlebot3_cartographer/rviz
-- Installing: /home/terranova/uav_ws/install/turtlebot3_cartographer/share/turtlebot3_cartographer/rviz/tb3_cartographer.rviz
-- Installing: /home/terranova/uav_ws/install/turtlebot3_cartographer/share/ament_index/resource_index/package_run_dependencies/turtlebot3_cartographer
-- Installing: /home/terranova/uav_ws/install/turtlebot3_cartographer/share/ament_index/resource_index/parent_prefix_path/turtlebot3_cartographer
-- Installing: /home/terranova/uav_ws/install/turtlebot3_cartographer/share/turtlebot3_cartographer/environment/ament_prefix_path.sh
-- Installing: /home/terranova/uav_ws/install/turtlebot3_cartographer/share/turtlebot3_cartographer/environment/ament_prefix_path.dsv
-- Installing: /home/terranova/uav_ws/install/turtlebot3_cartographer/share/turtlebot3_cartographer/environment/path.sh
-- Installing: /home/terranova/uav_ws/install/turtlebot3_cartographer/share/turtlebot3_cartographer/environment/path.dsv
-- Installing: /home/terranova/uav_ws/install/turtlebot3_cartographer/share/turtlebot3_cartographer/local_setup.bash
-- Installing: /home/terranova/uav_ws/install/turtlebot3_cartographer/share/turtlebot3_cartographer/local_setup.sh
-- Installing: /home/terranova/uav_ws/install/turtlebot3_cartographer/share/turtlebot3_cartographer/local_setup.zsh
-- Installing: /home/terranova/uav_ws/install/turtlebot3_cartographer/share/turtlebot3_cartographer/local_setup.dsv
-- Installing: /home/terranova/uav_ws/install/turtlebot3_cartographer/share/turtlebot3_cartographer/package.dsv
-- Installing: /home/terranova/uav_ws/install/turtlebot3_cartographer/share/ament_index/resource_index/packages/turtlebot3_cartographer
-- Installing: /home/terranova/uav_ws/install/turtlebot3_cartographer/share/turtlebot3_cartographer/cmake/turtlebot3_cartographerConfig.cmake
-- Installing: /home/terranova/uav_ws/install/turtlebot3_cartographer/share/turtlebot3_cartographer/cmake/turtlebot3_cartographerConfig-version.cmake
-- Installing: /home/terranova/uav_ws/install/turtlebot3_cartographer/share/turtlebot3_cartographer/package.xml
