[0.034s] Invoking command in '/home/terranova/uav_ws/build/turtlebot3_cartographer': CMAKE_PREFIX_PATH=${CMAKE_PREFIX_PATH}:/home/terranova/uav_ws/install/turtlebot3_teleop:/home/terranova/uav_ws/install/turtlebot3_example:/home/terranova/uav_ws/install/opencv_tests:/home/terranova/uav_ws/install/joint_state_publisher_gui:/home/terranova/uav_ws/install/joint_state_publisher:/opt/ros/foxy /home/terranova/.local/bin/cmake /home/terranova/uav_ws/src/turtlebot3/turtlebot3/turtlebot3_cartographer -DCMAKE_INSTALL_PREFIX=/home/terranova/uav_ws/install/turtlebot3_cartographer
[0.364s] -- The C compiler identification is GNU 9.4.0
[0.592s] -- The CXX compiler identification is GNU 9.4.0
[0.762s] -- Detecting C compiler ABI info
[1.140s] -- Detecting C compiler ABI info - done
[1.225s] -- Check for working C compiler: /usr/lib/ccache/cc - skipped
[1.226s] -- Detecting C compile features
[1.228s] -- Detecting C compile features - done
[1.328s] -- Detecting CXX compiler ABI info
[1.758s] -- Detecting CXX compiler ABI info - done
[1.847s] -- Check for working CXX compiler: /usr/lib/ccache/c++ - skipped
[1.849s] -- Detecting CXX compile features
[1.854s] -- Detecting CXX compile features - done
[1.881s] -- Found ament_cmake: 0.9.12 (/opt/ros/foxy/share/ament_cmake/cmake)
[1.904s] [33mCMake Warning (dev) at /opt/ros/foxy/share/ament_cmake_core/cmake/core/python.cmake:22 (find_package):
[1.904s]   Policy CMP0148 is not set: The FindPythonInterp and FindPythonLibs modules
[1.905s]   are removed.  Run "cmake --help-policy CMP0148" for policy details.  Use
[1.905s]   the cmake_policy command to set the policy and suppress this warning.
[1.905s] 
[1.905s] Call Stack (most recent call first):
[1.905s]   /opt/ros/foxy/share/ament_cmake_core/cmake/core/all.cmake:53 (include)
[1.906s]   /opt/ros/foxy/share/ament_cmake_core/cmake/ament_cmake_core-extras.cmake:17 (include)
[1.906s]   /opt/ros/foxy/share/ament_cmake_core/cmake/ament_cmake_coreConfig.cmake:41 (include)
[1.906s]   /opt/ros/foxy/share/ament_cmake/cmake/ament_cmake_export_dependencies-extras.cmake:15 (find_package)
[1.906s]   /opt/ros/foxy/share/ament_cmake/cmake/ament_cmakeConfig.cmake:41 (include)
[1.907s]   CMakeLists.txt:10 (find_package)
[1.907s] This warning is for project developers.  Use -Wno-dev to suppress it.
[1.907s] [0m
[2.039s] -- Found PythonInterp: /usr/bin/python3 (found suitable version "3.8.10", minimum required is "3") 
[2.042s] -- Using PYTHON_EXECUTABLE: /usr/bin/python3
[3.894s] -- Configuring done (3.8s)
[3.912s] -- Generating done (0.0s)
[3.913s] -- Build files have been written to: /home/terranova/uav_ws/build/turtlebot3_cartographer
[3.942s] Invoked command in '/home/terranova/uav_ws/build/turtlebot3_cartographer' returned '0': CMAKE_PREFIX_PATH=${CMAKE_PREFIX_PATH}:/home/terranova/uav_ws/install/turtlebot3_teleop:/home/terranova/uav_ws/install/turtlebot3_example:/home/terranova/uav_ws/install/opencv_tests:/home/terranova/uav_ws/install/joint_state_publisher_gui:/home/terranova/uav_ws/install/joint_state_publisher:/opt/ros/foxy /home/terranova/.local/bin/cmake /home/terranova/uav_ws/src/turtlebot3/turtlebot3/turtlebot3_cartographer -DCMAKE_INSTALL_PREFIX=/home/terranova/uav_ws/install/turtlebot3_cartographer
[3.945s] Invoking command in '/home/terranova/uav_ws/build/turtlebot3_cartographer': CMAKE_PREFIX_PATH=${CMAKE_PREFIX_PATH}:/home/terranova/uav_ws/install/turtlebot3_teleop:/home/terranova/uav_ws/install/turtlebot3_example:/home/terranova/uav_ws/install/opencv_tests:/home/terranova/uav_ws/install/joint_state_publisher_gui:/home/terranova/uav_ws/install/joint_state_publisher:/opt/ros/foxy /home/terranova/.local/bin/cmake --build /home/terranova/uav_ws/build/turtlebot3_cartographer -- -j4 -l4
[4.258s] Invoked command in '/home/terranova/uav_ws/build/turtlebot3_cartographer' returned '0': CMAKE_PREFIX_PATH=${CMAKE_PREFIX_PATH}:/home/terranova/uav_ws/install/turtlebot3_teleop:/home/terranova/uav_ws/install/turtlebot3_example:/home/terranova/uav_ws/install/opencv_tests:/home/terranova/uav_ws/install/joint_state_publisher_gui:/home/terranova/uav_ws/install/joint_state_publisher:/opt/ros/foxy /home/terranova/.local/bin/cmake --build /home/terranova/uav_ws/build/turtlebot3_cartographer -- -j4 -l4
[4.549s] Invoking command in '/home/terranova/uav_ws/build/turtlebot3_cartographer': CMAKE_PREFIX_PATH=${CMAKE_PREFIX_PATH}:/home/terranova/uav_ws/install/turtlebot3_teleop:/home/terranova/uav_ws/install/turtlebot3_example:/home/terranova/uav_ws/install/opencv_tests:/home/terranova/uav_ws/install/joint_state_publisher_gui:/home/terranova/uav_ws/install/joint_state_publisher:/opt/ros/foxy /home/terranova/.local/bin/cmake --install /home/terranova/uav_ws/build/turtlebot3_cartographer
[4.758s] -- Install configuration: ""
[4.759s] -- Installing: /home/terranova/uav_ws/install/turtlebot3_cartographer/share/turtlebot3_cartographer/config
[4.759s] -- Installing: /home/terranova/uav_ws/install/turtlebot3_cartographer/share/turtlebot3_cartographer/config/turtlebot3_lds_2d.lua
[4.764s] -- Installing: /home/terranova/uav_ws/install/turtlebot3_cartographer/share/turtlebot3_cartographer/launch
[4.765s] -- Installing: /home/terranova/uav_ws/install/turtlebot3_cartographer/share/turtlebot3_cartographer/launch/cartographer.launch.py
[4.765s] -- Installing: /home/terranova/uav_ws/install/turtlebot3_cartographer/share/turtlebot3_cartographer/launch/occupancy_grid.launch.py
[4.765s] -- Installing: /home/terranova/uav_ws/install/turtlebot3_cartographer/share/turtlebot3_cartographer/rviz
[4.765s] -- Installing: /home/terranova/uav_ws/install/turtlebot3_cartographer/share/turtlebot3_cartographer/rviz/tb3_cartographer.rviz
[4.767s] -- Installing: /home/terranova/uav_ws/install/turtlebot3_cartographer/share/ament_index/resource_index/package_run_dependencies/turtlebot3_cartographer
[4.768s] -- Installing: /home/terranova/uav_ws/install/turtlebot3_cartographer/share/ament_index/resource_index/parent_prefix_path/turtlebot3_cartographer
[4.768s] -- Installing: /home/terranova/uav_ws/install/turtlebot3_cartographer/share/turtlebot3_cartographer/environment/ament_prefix_path.sh
[4.768s] -- Installing: /home/terranova/uav_ws/install/turtlebot3_cartographer/share/turtlebot3_cartographer/environment/ament_prefix_path.dsv
[4.769s] -- Installing: /home/terranova/uav_ws/install/turtlebot3_cartographer/share/turtlebot3_cartographer/environment/path.sh
[4.769s] -- Installing: /home/terranova/uav_ws/install/turtlebot3_cartographer/share/turtlebot3_cartographer/environment/path.dsv
[4.769s] -- Installing: /home/terranova/uav_ws/install/turtlebot3_cartographer/share/turtlebot3_cartographer/local_setup.bash
[4.770s] -- Installing: /home/terranova/uav_ws/install/turtlebot3_cartographer/share/turtlebot3_cartographer/local_setup.sh
[4.770s] -- Installing: /home/terranova/uav_ws/install/turtlebot3_cartographer/share/turtlebot3_cartographer/local_setup.zsh
[4.770s] -- Installing: /home/terranova/uav_ws/install/turtlebot3_cartographer/share/turtlebot3_cartographer/local_setup.dsv
[4.771s] -- Installing: /home/terranova/uav_ws/install/turtlebot3_cartographer/share/turtlebot3_cartographer/package.dsv
[4.771s] -- Installing: /home/terranova/uav_ws/install/turtlebot3_cartographer/share/ament_index/resource_index/packages/turtlebot3_cartographer
[4.771s] -- Installing: /home/terranova/uav_ws/install/turtlebot3_cartographer/share/turtlebot3_cartographer/cmake/turtlebot3_cartographerConfig.cmake
[4.772s] -- Installing: /home/terranova/uav_ws/install/turtlebot3_cartographer/share/turtlebot3_cartographer/cmake/turtlebot3_cartographerConfig-version.cmake
[4.772s] -- Installing: /home/terranova/uav_ws/install/turtlebot3_cartographer/share/turtlebot3_cartographer/package.xml
[4.797s] Invoked command in '/home/terranova/uav_ws/build/turtlebot3_cartographer' returned '0': CMAKE_PREFIX_PATH=${CMAKE_PREFIX_PATH}:/home/terranova/uav_ws/install/turtlebot3_teleop:/home/terranova/uav_ws/install/turtlebot3_example:/home/terranova/uav_ws/install/opencv_tests:/home/terranova/uav_ws/install/joint_state_publisher_gui:/home/terranova/uav_ws/install/joint_state_publisher:/opt/ros/foxy /home/terranova/.local/bin/cmake --install /home/terranova/uav_ws/build/turtlebot3_cartographer
