-- The C compiler identification is GNU 9.4.0
-- The CXX compiler identification is GNU 9.4.0
-- Detecting C compiler ABI info
-- Detecting C compiler ABI info - done
-- Check for working C compiler: /usr/lib/ccache/cc - skipped
-- Detecting C compile features
-- Detecting C compile features - done
-- Detecting CXX compiler ABI info
-- Detecting CXX compiler ABI info - done
-- Check for working CXX compiler: /usr/lib/ccache/c++ - skipped
-- Detecting CXX compile features
-- Detecting CXX compile features - done
-- Build type: Release
Files /home/terranova/uav_ws/build/cartographer/AllFiles.cmake and - differ
-- Found PythonInterp: /usr/bin/python (found version "3.8.10") 
-- Performing Test CMAKE_HAVE_LIBC_PTHREAD
-- Performing Test CMAKE_HAVE_LIBC_PTHREAD - Failed
-- Looking for pthread_create in pthreads
-- Looking for pthread_create in pthreads - not found
-- Looking for pthread_create in pthread
-- Looking for pthread_create in pthread - found
-- Found Threads: TRUE  
-- Found GMock: gmock_main;-lpthread  
-- Found Boost: /usr/lib/x86_64-linux-gnu/cmake/Boost-1.71.0/BoostConfig.cmake (found version "1.71.0") found components: iostreams 
-- Found installed version of Eigen: /usr/lib/cmake/eigen3
-- Found required Ceres dependency: Eigen version 3.3.7 in /usr/include/eigen3
-- Found required Ceres dependency: glog
-- Found installed version of gflags: /usr/lib/x86_64-linux-gnu/cmake/gflags
-- Detected gflags version: 2.2.2
-- Found required Ceres dependency: gflags
-- Found Ceres version: 1.14.0 installed in: /usr with components: [EigenSparse, SparseLinearAlgebraLibrary, LAPACK, SuiteSparse, CXSparse, SchurSpecializations, OpenMP, Multithreading]
-- Found Lua: /usr/lib/x86_64-linux-gnu/liblua5.2.so;/usr/lib/x86_64-linux-gnu/libm.so (found version "5.2.4") 
-- Found Protobuf: /usr/lib/x86_64-linux-gnu/libprotobuf.so;-lpthread (found suitable version "3.6.1", minimum required is "3.0.0") 
-- Found PkgConfig: /usr/bin/pkg-config (found version "0.29.1") 
-- Checking for one of the modules 'cairo>=1.12.16'
-- Found Sphinx: /usr/bin/sphinx-build  
-- Configuring done (1.7s)
-- Generating done (0.8s)
-- Build files have been written to: /home/terranova/uav_ws/build/cartographer
[  0%] [34m[1mRunning C++ protocol buffer compiler on /home/terranova/uav_ws/src/cartographer/cartographer/transform/proto/transform.proto[0m
[  1%] [32mBuilding CXX object googletest/CMakeFiles/gtest.dir/src/gtest-all.cc.o[0m
[  1%] [34m[1mBuilding documentation.[0m
[  1%] Built target cartographer_detect_changes
[  1%] [34m[1mRunning C++ protocol buffer compiler on /home/terranova/uav_ws/src/cartographer/cartographer/common/proto/ceres_solver_options.proto[0m
[  1%] [34m[1mRunning C++ protocol buffer compiler on /home/terranova/uav_ws/src/cartographer/cartographer/ground_truth/proto/relations.proto[0m
[  2%] [34m[1mRunning C++ protocol buffer compiler on /home/terranova/uav_ws/src/cartographer/cartographer/mapping/proto/cell_limits_2d.proto[0m
[  2%] [34m[1mRunning C++ protocol buffer compiler on /home/terranova/uav_ws/src/cartographer/cartographer/mapping/proto/connected_components.proto[0m
[  2%] [34m[1mRunning C++ protocol buffer compiler on /home/terranova/uav_ws/src/cartographer/cartographer/mapping/proto/grid_2d.proto[0m
[  2%] [34m[1mRunning C++ protocol buffer compiler on /home/terranova/uav_ws/src/cartographer/cartographer/mapping/proto/grid_2d_options.proto[0m
[  3%] [32m[1mLinking CXX static library ../lib/libgtest.a[0m
[  3%] [34m[1mRunning C++ protocol buffer compiler on /home/terranova/uav_ws/src/cartographer/cartographer/mapping/proto/local_trajectory_builder_options_2d.proto[0m
[  3%] [34m[1mRunning C++ protocol buffer compiler on /home/terranova/uav_ws/src/cartographer/cartographer/mapping/proto/hybrid_grid.proto[0m
[  3%] [34m[1mRunning C++ protocol buffer compiler on /home/terranova/uav_ws/src/cartographer/cartographer/mapping/proto/local_trajectory_builder_options_3d.proto[0m
[  3%] [34m[1mRunning C++ protocol buffer compiler on /home/terranova/uav_ws/src/cartographer/cartographer/mapping/proto/map_builder_options.proto[0m
[  4%] [34m[1mRunning C++ protocol buffer compiler on /home/terranova/uav_ws/src/cartographer/cartographer/mapping/proto/map_limits.proto[0m
[  4%] Built target gtest
[  4%] [34m[1mRunning C++ protocol buffer compiler on /home/terranova/uav_ws/src/cartographer/cartographer/mapping/proto/motion_filter_options.proto[0m
[  5%] [32mBuilding CXX object gmock/CMakeFiles/gmock.dir/src/gmock-all.cc.o[0m
[  5%] [34m[1mRunning C++ protocol buffer compiler on /home/terranova/uav_ws/src/cartographer/cartographer/mapping/proto/normal_estimation_options_2d.proto[0m
[  6%] [34m[1mRunning C++ protocol buffer compiler on /home/terranova/uav_ws/src/cartographer/cartographer/mapping/proto/pose_graph.proto[0m
[  6%] [34m[1mRunning C++ protocol buffer compiler on /home/terranova/uav_ws/src/cartographer/cartographer/mapping/proto/pose_extrapolator_options.proto[0m
[  6%] [34m[1mRunning C++ protocol buffer compiler on /home/terranova/uav_ws/src/cartographer/cartographer/mapping/proto/pose_graph/constraint_builder_options.proto[0m
[  6%] [32m[1mLinking CXX static library ../lib/libgmock.a[0m
[  6%] [34m[1mRunning C++ protocol buffer compiler on /home/terranova/uav_ws/src/cartographer/cartographer/mapping/proto/pose_graph/optimization_problem_options.proto[0m
[  6%] [34m[1mRunning C++ protocol buffer compiler on /home/terranova/uav_ws/src/cartographer/cartographer/mapping/proto/pose_graph_options.proto[0m
[  7%] [34m[1mRunning C++ protocol buffer compiler on /home/terranova/uav_ws/src/cartographer/cartographer/mapping/proto/probability_grid.proto[0m
[  7%] [34m[1mRunning C++ protocol buffer compiler on /home/terranova/uav_ws/src/cartographer/cartographer/mapping/proto/probability_grid_range_data_inserter_options_2d.proto[0m
[  7%] Built target gmock
[  7%] [34m[1mRunning C++ protocol buffer compiler on /home/terranova/uav_ws/src/cartographer/cartographer/mapping/proto/range_data_inserter_options.proto[0m
[  7%] [34m[1mRunning C++ protocol buffer compiler on /home/terranova/uav_ws/src/cartographer/cartographer/mapping/proto/range_data_inserter_options_3d.proto[0m
[  8%] [34m[1mRunning C++ protocol buffer compiler on /home/terranova/uav_ws/src/cartographer/cartographer/mapping/proto/scan_matching/ceres_scan_matcher_options_2d.proto[0m
[  8%] [34m[1mRunning C++ protocol buffer compiler on /home/terranova/uav_ws/src/cartographer/cartographer/mapping/proto/scan_matching/ceres_scan_matcher_options_3d.proto[0m
[  8%] [32mBuilding CXX object gmock/CMakeFiles/gmock_main.dir/src/gmock_main.cc.o[0m
[  8%] [34m[1mRunning C++ protocol buffer compiler on /home/terranova/uav_ws/src/cartographer/cartographer/mapping/proto/scan_matching/fast_correlative_scan_matcher_options_2d.proto[0m
[  8%] [34m[1mRunning C++ protocol buffer compiler on /home/terranova/uav_ws/src/cartographer/cartographer/mapping/proto/scan_matching/fast_correlative_scan_matcher_options_3d.proto[0m
[  9%] [34m[1mRunning C++ protocol buffer compiler on /home/terranova/uav_ws/src/cartographer/cartographer/mapping/proto/scan_matching/real_time_correlative_scan_matcher_options.proto[0m
[  9%] [32m[1mLinking CXX static library ../lib/libgmock_main.a[0m
[  9%] [34m[1mRunning C++ protocol buffer compiler on /home/terranova/uav_ws/src/cartographer/cartographer/mapping/proto/submap.proto[0m
[  9%] [34m[1mRunning C++ protocol buffer compiler on /home/terranova/uav_ws/src/cartographer/cartographer/mapping/proto/serialization.proto[0m
[  9%] Built target gmock_main
[  9%] [34m[1mRunning C++ protocol buffer compiler on /home/terranova/uav_ws/src/cartographer/cartographer/mapping/proto/submap_visualization.proto[0m
[ 10%] [34m[1mRunning C++ protocol buffer compiler on /home/terranova/uav_ws/src/cartographer/cartographer/mapping/proto/submaps_options_2d.proto[0m
[ 10%] [34m[1mRunning C++ protocol buffer compiler on /home/terranova/uav_ws/src/cartographer/cartographer/mapping/proto/submaps_options_3d.proto[0m
[ 10%] [34m[1mRunning C++ protocol buffer compiler on /home/terranova/uav_ws/src/cartographer/cartographer/mapping/proto/trajectory.proto[0m
[ 10%] [34m[1mRunning C++ protocol buffer compiler on /home/terranova/uav_ws/src/cartographer/cartographer/mapping/proto/trajectory_builder_options.proto[0m
[ 11%] [34m[1mRunning C++ protocol buffer compiler on /home/terranova/uav_ws/src/cartographer/cartographer/mapping/proto/trajectory_node_data.proto[0m
[ 11%] [34m[1mRunning C++ protocol buffer compiler on /home/terranova/uav_ws/src/cartographer/cartographer/mapping/proto/tsdf_2d.proto[0m
[ 11%] [34m[1mRunning C++ protocol buffer compiler on /home/terranova/uav_ws/src/cartographer/cartographer/mapping/proto/tsdf_range_data_inserter_options_2d.proto[0m
[ 12%] [34m[1mRunning C++ protocol buffer compiler on /home/terranova/uav_ws/src/cartographer/cartographer/sensor/proto/adaptive_voxel_filter_options.proto[0m
[ 12%] [34m[1mRunning C++ protocol buffer compiler on /home/terranova/uav_ws/src/cartographer/cartographer/transform/proto/timestamped_transform.proto[0m
[ 12%] [34m[1mRunning C++ protocol buffer compiler on /home/terranova/uav_ws/src/cartographer/cartographer/sensor/proto/sensor.proto[0m
[ 13%] [32mBuilding CXX object CMakeFiles/cartographer.dir/cartographer/common/configuration_file_resolver.cc.o[0m
[ 13%] [32mBuilding CXX object CMakeFiles/cartographer.dir/cartographer/common/histogram.cc.o[0m
[ 13%] [32mBuilding CXX object CMakeFiles/cartographer.dir/cartographer/common/fixed_ratio_sampler.cc.o[0m
[01mRunning Sphinx v1.8.5[39;49;00m
[ 13%] [32mBuilding CXX object CMakeFiles/cartographer.dir/cartographer/common/internal/ceres_solver_options.cc.o[0m
[ 14%] [32mBuilding CXX object CMakeFiles/cartographer.dir/cartographer/common/internal/testing/thread_pool_for_testing.cc.o[0m
[ 14%] [32mBuilding CXX object CMakeFiles/cartographer.dir/cartographer/common/lua_parameter_dictionary.cc.o[0m
[ 14%] [32mBuilding CXX object CMakeFiles/cartographer.dir/cartographer/common/task.cc.o[0m
