[0.023s] Invoking command in '/home/terranova/uav_ws/build/turtlebot3_cartographer': CMAKE_PREFIX_PATH=${CMAKE_PREFIX_PATH}:/home/terranova/uav_ws/install/turtlebot3_teleop:/home/terranova/uav_ws/install/turtlebot3_example:/home/terranova/uav_ws/install/opencv_tests:/home/terranova/uav_ws/install/joint_state_publisher_gui:/home/terranova/uav_ws/install/joint_state_publisher:/opt/ros/foxy /home/terranova/.local/bin/cmake /home/terranova/uav_ws/src/turtlebot3/turtlebot3/turtlebot3_cartographer -DCMAKE_INSTALL_PREFIX=/home/terranova/uav_ws/install/turtlebot3_cartographer
[0.212s] -- The C compiler identification is GNU 9.4.0
[0.362s] -- The CXX compiler identification is GNU 9.4.0
[0.413s] -- Detecting C compiler ABI info
[0.538s] -- Detecting C compiler ABI info - done
[0.568s] -- Check for working C compiler: /usr/lib/ccache/cc - skipped
[0.569s] -- Detecting C compile features
[0.570s] -- Detecting C compile features - done
[0.598s] -- Detecting CXX compiler ABI info
[0.774s] -- Detecting CXX compiler ABI info - done
[0.816s] -- Check for working CXX compiler: /usr/lib/ccache/c++ - skipped
[0.817s] -- Detecting CXX compile features
[0.820s] -- Detecting CXX compile features - done
[0.830s] -- Found ament_cmake: 0.9.12 (/opt/ros/foxy/share/ament_cmake/cmake)
[0.846s] [33mCMake Warning (dev) at /opt/ros/foxy/share/ament_cmake_core/cmake/core/python.cmake:22 (find_package):
[0.847s]   Policy CMP0148 is not set: The FindPythonInterp and FindPythonLibs modules
[0.847s]   are removed.  Run "cmake --help-policy CMP0148" for policy details.  Use
[0.848s]   the cmake_policy command to set the policy and suppress this warning.
[0.848s] 
[0.848s] Call Stack (most recent call first):
[0.849s]   /opt/ros/foxy/share/ament_cmake_core/cmake/core/all.cmake:53 (include)
[0.849s]   /opt/ros/foxy/share/ament_cmake_core/cmake/ament_cmake_core-extras.cmake:17 (include)
[0.849s]   /opt/ros/foxy/share/ament_cmake_core/cmake/ament_cmake_coreConfig.cmake:41 (include)
[0.849s]   /opt/ros/foxy/share/ament_cmake/cmake/ament_cmake_export_dependencies-extras.cmake:15 (find_package)
[0.850s]   /opt/ros/foxy/share/ament_cmake/cmake/ament_cmakeConfig.cmake:41 (include)
[0.850s]   CMakeLists.txt:10 (find_package)
[0.850s] This warning is for project developers.  Use -Wno-dev to suppress it.
[0.850s] [0m
[0.919s] -- Found PythonInterp: /usr/bin/python3 (found suitable version "3.8.10", minimum required is "3") 
[0.929s] -- Using PYTHON_EXECUTABLE: /usr/bin/python3
[1.662s] -- Configuring done (1.6s)
[1.669s] -- Generating done (0.0s)
[1.672s] -- Build files have been written to: /home/terranova/uav_ws/build/turtlebot3_cartographer
[1.688s] Invoked command in '/home/terranova/uav_ws/build/turtlebot3_cartographer' returned '0': CMAKE_PREFIX_PATH=${CMAKE_PREFIX_PATH}:/home/terranova/uav_ws/install/turtlebot3_teleop:/home/terranova/uav_ws/install/turtlebot3_example:/home/terranova/uav_ws/install/opencv_tests:/home/terranova/uav_ws/install/joint_state_publisher_gui:/home/terranova/uav_ws/install/joint_state_publisher:/opt/ros/foxy /home/terranova/.local/bin/cmake /home/terranova/uav_ws/src/turtlebot3/turtlebot3/turtlebot3_cartographer -DCMAKE_INSTALL_PREFIX=/home/terranova/uav_ws/install/turtlebot3_cartographer
[1.693s] Invoking command in '/home/terranova/uav_ws/build/turtlebot3_cartographer': CMAKE_PREFIX_PATH=${CMAKE_PREFIX_PATH}:/home/terranova/uav_ws/install/turtlebot3_teleop:/home/terranova/uav_ws/install/turtlebot3_example:/home/terranova/uav_ws/install/opencv_tests:/home/terranova/uav_ws/install/joint_state_publisher_gui:/home/terranova/uav_ws/install/joint_state_publisher:/opt/ros/foxy /home/terranova/.local/bin/cmake --build /home/terranova/uav_ws/build/turtlebot3_cartographer -- -j4 -l4
[1.817s] Invoked command in '/home/terranova/uav_ws/build/turtlebot3_cartographer' returned '0': CMAKE_PREFIX_PATH=${CMAKE_PREFIX_PATH}:/home/terranova/uav_ws/install/turtlebot3_teleop:/home/terranova/uav_ws/install/turtlebot3_example:/home/terranova/uav_ws/install/opencv_tests:/home/terranova/uav_ws/install/joint_state_publisher_gui:/home/terranova/uav_ws/install/joint_state_publisher:/opt/ros/foxy /home/terranova/.local/bin/cmake --build /home/terranova/uav_ws/build/turtlebot3_cartographer -- -j4 -l4
[1.942s] Invoking command in '/home/terranova/uav_ws/build/turtlebot3_cartographer': CMAKE_PREFIX_PATH=${CMAKE_PREFIX_PATH}:/home/terranova/uav_ws/install/turtlebot3_teleop:/home/terranova/uav_ws/install/turtlebot3_example:/home/terranova/uav_ws/install/opencv_tests:/home/terranova/uav_ws/install/joint_state_publisher_gui:/home/terranova/uav_ws/install/joint_state_publisher:/opt/ros/foxy /home/terranova/.local/bin/cmake --install /home/terranova/uav_ws/build/turtlebot3_cartographer
[2.019s] -- Install configuration: ""
[2.019s] -- Installing: /home/terranova/uav_ws/install/turtlebot3_cartographer/share/turtlebot3_cartographer/config
[2.020s] -- Installing: /home/terranova/uav_ws/install/turtlebot3_cartographer/share/turtlebot3_cartographer/config/turtlebot3_lds_2d.lua
[2.021s] -- Installing: /home/terranova/uav_ws/install/turtlebot3_cartographer/share/turtlebot3_cartographer/launch
[2.021s] -- Installing: /home/terranova/uav_ws/install/turtlebot3_cartographer/share/turtlebot3_cartographer/launch/cartographer.launch.py
[2.022s] -- Installing: /home/terranova/uav_ws/install/turtlebot3_cartographer/share/turtlebot3_cartographer/launch/occupancy_grid.launch.py
[2.022s] -- Installing: /home/terranova/uav_ws/install/turtlebot3_cartographer/share/turtlebot3_cartographer/rviz
[2.022s] -- Installing: /home/terranova/uav_ws/install/turtlebot3_cartographer/share/turtlebot3_cartographer/rviz/tb3_cartographer.rviz
[2.023s] -- Installing: /home/terranova/uav_ws/install/turtlebot3_cartographer/share/ament_index/resource_index/package_run_dependencies/turtlebot3_cartographer
[2.024s] -- Installing: /home/terranova/uav_ws/install/turtlebot3_cartographer/share/ament_index/resource_index/parent_prefix_path/turtlebot3_cartographer
[2.025s] -- Installing: /home/terranova/uav_ws/install/turtlebot3_cartographer/share/turtlebot3_cartographer/environment/ament_prefix_path.sh
[2.025s] -- Installing: /home/terranova/uav_ws/install/turtlebot3_cartographer/share/turtlebot3_cartographer/environment/ament_prefix_path.dsv
[2.026s] -- Installing: /home/terranova/uav_ws/install/turtlebot3_cartographer/share/turtlebot3_cartographer/environment/path.sh
[2.026s] -- Installing: /home/terranova/uav_ws/install/turtlebot3_cartographer/share/turtlebot3_cartographer/environment/path.dsv
[2.027s] -- Installing: /home/terranova/uav_ws/install/turtlebot3_cartographer/share/turtlebot3_cartographer/local_setup.bash
[2.028s] -- Installing: /home/terranova/uav_ws/install/turtlebot3_cartographer/share/turtlebot3_cartographer/local_setup.sh
[2.028s] -- Installing: /home/terranova/uav_ws/install/turtlebot3_cartographer/share/turtlebot3_cartographer/local_setup.zsh
[2.029s] -- Installing: /home/terranova/uav_ws/install/turtlebot3_cartographer/share/turtlebot3_cartographer/local_setup.dsv
[2.029s] -- Installing: /home/terranova/uav_ws/install/turtlebot3_cartographer/share/turtlebot3_cartographer/package.dsv
[2.030s] -- Installing: /home/terranova/uav_ws/install/turtlebot3_cartographer/share/ament_index/resource_index/packages/turtlebot3_cartographer
[2.031s] -- Installing: /home/terranova/uav_ws/install/turtlebot3_cartographer/share/turtlebot3_cartographer/cmake/turtlebot3_cartographerConfig.cmake
[2.031s] -- Installing: /home/terranova/uav_ws/install/turtlebot3_cartographer/share/turtlebot3_cartographer/cmake/turtlebot3_cartographerConfig-version.cmake
[2.032s] -- Installing: /home/terranova/uav_ws/install/turtlebot3_cartographer/share/turtlebot3_cartographer/package.xml
[2.052s] Invoked command in '/home/terranova/uav_ws/build/turtlebot3_cartographer' returned '0': CMAKE_PREFIX_PATH=${CMAKE_PREFIX_PATH}:/home/terranova/uav_ws/install/turtlebot3_teleop:/home/terranova/uav_ws/install/turtlebot3_example:/home/terranova/uav_ws/install/opencv_tests:/home/terranova/uav_ws/install/joint_state_publisher_gui:/home/terranova/uav_ws/install/joint_state_publisher:/opt/ros/foxy /home/terranova/.local/bin/cmake --install /home/terranova/uav_ws/build/turtlebot3_cartographer
