[0.021s] Invoking command in '/home/terranova/uav_ws/build/gazebo_ros': AMENT_PREFIX_PATH=/home/terranova/uav_ws/install/gazebo_msgs:/home/terranova/uav_ws/install/gazebo_dev:${AMENT_PREFIX_PATH} CMAKE_PREFIX_PATH=/home/terranova/uav_ws/install/gazebo_msgs:/home/terranova/uav_ws/install/gazebo_dev:/opt/ros/foxy LD_LIBRARY_PATH=/home/terranova/uav_ws/install/gazebo_msgs/lib:/opt/ros/foxy/opt/yaml_cpp_vendor/lib:/opt/ros/foxy/opt/rviz_ogre_vendor/lib:/opt/ros/foxy/lib/x86_64-linux-gnu:/opt/ros/foxy/lib:/usr/lib/x86_64-linux-gnu/gazebo-11/plugins:/usr/lib/x86_64-linux-gnu/gazebo-11/plugins:/usr/lib/x86_64-linux-gnu/gazebo-11/plugins PYTHONPATH=/home/terranova/uav_ws/install/gazebo_msgs/lib/python3.8/site-packages:/opt/ros/foxy/lib/python3.8/site-packages:/home/terranova/.local/bin /home/terranova/.local/bin/cmake /home/terranova/uav_ws/src/gazebo_ros_pkgs/gazebo_ros -DCMAKE_INSTALL_PREFIX=/home/terranova/uav_ws/install/gazebo_ros
[0.137s] -- The C compiler identification is GNU 9.4.0
[0.223s] -- The CXX compiler identification is GNU 9.4.0
[0.254s] -- Detecting C compiler ABI info
[0.330s] -- Detecting C compiler ABI info - done
[0.348s] -- Check for working C compiler: /usr/lib/ccache/cc - skipped
[0.349s] -- Detecting C compile features
[0.349s] -- Detecting C compile features - done
[0.367s] -- Detecting CXX compiler ABI info
[0.461s] -- Detecting CXX compiler ABI info - done
[0.480s] -- Check for working CXX compiler: /usr/lib/ccache/c++ - skipped
[0.481s] -- Detecting CXX compile features
[0.482s] -- Detecting CXX compile features - done
[0.486s] -- Found ament_cmake: 0.9.12 (/opt/ros/foxy/share/ament_cmake/cmake)
[0.493s] [33mCMake Warning (dev) at /opt/ros/foxy/share/ament_cmake_core/cmake/core/python.cmake:22 (find_package):
[0.493s]   Policy CMP0148 is not set: The FindPythonInterp and FindPythonLibs modules
[0.494s]   are removed.  Run "cmake --help-policy CMP0148" for policy details.  Use
[0.494s]   the cmake_policy command to set the policy and suppress this warning.
[0.494s] 
[0.494s] Call Stack (most recent call first):
[0.494s]   /opt/ros/foxy/share/ament_cmake_core/cmake/core/all.cmake:53 (include)
[0.494s]   /opt/ros/foxy/share/ament_cmake_core/cmake/ament_cmake_core-extras.cmake:17 (include)
[0.494s]   /opt/ros/foxy/share/ament_cmake_core/cmake/ament_cmake_coreConfig.cmake:41 (include)
[0.494s]   /opt/ros/foxy/share/ament_cmake/cmake/ament_cmake_export_dependencies-extras.cmake:15 (find_package)
[0.495s]   /opt/ros/foxy/share/ament_cmake/cmake/ament_cmakeConfig.cmake:41 (include)
[0.495s]   CMakeLists.txt:24 (find_package)
[0.495s] This warning is for project developers.  Use -Wno-dev to suppress it.
[0.495s] [0m
[0.531s] -- Found PythonInterp: /usr/bin/python3 (found suitable version "3.8.10", minimum required is "3") 
[0.532s] -- Using PYTHON_EXECUTABLE: /usr/bin/python3
[0.853s] -- Found builtin_interfaces: 1.0.0 (/opt/ros/foxy/share/builtin_interfaces/cmake)
[0.903s] -- Using all available rosidl_typesupport_c: rosidl_typesupport_fastrtps_c;rosidl_typesupport_introspection_c
[0.915s] -- Found rosidl_adapter: 1.3.1 (/opt/ros/foxy/share/rosidl_adapter/cmake)
[1.048s] -- Found OpenSSL: /usr/lib/x86_64-linux-gnu/libcrypto.so (found version "1.1.1f")  
[1.098s] -- Found FastRTPS: /opt/ros/foxy/include  
[1.234s] -- Using all available rosidl_typesupport_cpp: rosidl_typesupport_fastrtps_cpp;rosidl_typesupport_introspection_cpp
[1.296s] -- Found gazebo_dev: 3.5.3 (/home/terranova/uav_ws/install/gazebo_dev/share/gazebo_dev/cmake)
[1.315s] -- Found PkgConfig: /usr/bin/pkg-config (found version "0.29.1") 
[1.320s] -- Checking for module 'bullet>=2.82'
[1.348s] --   Found bullet, version 2.88
[1.577s] -- Found ccd: /usr/include (found suitable version "2.0", minimum required is "2.0") 
[1.689s] -- Found fcl: /usr/include (found suitable version "0.5.0", minimum required is "0.3.2") 
[1.795s] -- Found assimp: /usr/include (found version "5.0.0") 
[1.846s] -- Found DART: /usr/include (Required is at least version "6.6") found components: dart 
[2.192s] -- Found Boost: /usr/lib/x86_64-linux-gnu/cmake/Boost-1.71.0/BoostConfig.cmake (found suitable version "1.71.0", minimum required is "1.40.0") found components: thread system filesystem program_options regex iostreams date_time 
[2.266s] -- Found Protobuf: /usr/lib/x86_64-linux-gnu/libprotobuf.so;-lpthread (found version "3.6.1") 
[2.280s] -- Looking for ignition-math6 -- found version 6.15.1
[2.299s] -- Searching for dependencies of ignition-math6
[2.307s] -- Looking for OGRE...
[2.309s] -- OGRE_PREFIX_WATCH changed.
[2.318s] -- Checking for module 'OGRE'
[2.343s] --   Found OGRE, version 1.9.0
[2.419s] -- Found Ogre Ghadamon (1.9.0)
[2.443s] -- Found OGRE: optimized;/usr/lib/x86_64-linux-gnu/libOgreMain.so;debug;/usr/lib/x86_64-linux-gnu/libOgreMain.so
[2.460s] -- Looking for OGRE_Paging...
[2.480s] -- Found OGRE_Paging: optimized;/usr/lib/x86_64-linux-gnu/libOgrePaging.so;debug;/usr/lib/x86_64-linux-gnu/libOgrePaging.so
[2.480s] -- Looking for OGRE_Terrain...
[2.503s] -- Found OGRE_Terrain: optimized;/usr/lib/x86_64-linux-gnu/libOgreTerrain.so;debug;/usr/lib/x86_64-linux-gnu/libOgreTerrain.so
[2.503s] -- Looking for OGRE_Property...
[2.523s] -- Found OGRE_Property: optimized;/usr/lib/x86_64-linux-gnu/libOgreProperty.so;debug;/usr/lib/x86_64-linux-gnu/libOgreProperty.so
[2.523s] -- Looking for OGRE_RTShaderSystem...
[2.545s] -- Found OGRE_RTShaderSystem: optimized;/usr/lib/x86_64-linux-gnu/libOgreRTShaderSystem.so;debug;/usr/lib/x86_64-linux-gnu/libOgreRTShaderSystem.so
[2.545s] -- Looking for OGRE_Volume...
[2.566s] -- Found OGRE_Volume: optimized;/usr/lib/x86_64-linux-gnu/libOgreVolume.so;debug;/usr/lib/x86_64-linux-gnu/libOgreVolume.so
[2.566s] -- Looking for OGRE_Overlay...
[2.584s] -- Found OGRE_Overlay: optimized;/usr/lib/x86_64-linux-gnu/libOgreOverlay.so;debug;/usr/lib/x86_64-linux-gnu/libOgreOverlay.so
[2.992s] -- Looking for ignition-math6 -- found version 6.15.1
[3.002s] -- Looking for ignition-transport8 -- found version 8.5.0
[3.003s] -- Searching for dependencies of ignition-transport8
[3.050s] -- Config-file not installed for ZeroMQ -- checking for pkg-config
[3.057s] -- Checking for module 'libzmq >= 4'
[3.086s] --   Found libzmq, version 4.3.2
[3.164s] -- Found ZeroMQ: TRUE (Required is at least version "4") 
[3.174s] -- Checking for module 'uuid'
[3.199s] --   Found uuid, version 2.34.0
[3.270s] -- Found UUID: TRUE  
[3.279s] -- Looking for ignition-msgs5 -- found version 5.11.0
[3.279s] -- Searching for dependencies of ignition-msgs5
[3.311s] -- Found Protobuf: /usr/lib/x86_64-linux-gnu/libprotobuf.so;-lpthread (found suitable version "3.6.1", minimum required is "3") 
[3.313s] -- Looking for ignition-math6 -- found version 6.15.1
[3.322s] -- Checking for module 'tinyxml2'
[3.350s] --   Found tinyxml2, version 6.2.0
[3.426s] -- Looking for ignition-msgs5 -- found version 5.11.0
[3.433s] -- Looking for ignition-common3 -- found version 3.17.0
[3.433s] -- Searching for dependencies of ignition-common3
[3.435s] -- Looking for dlfcn.h - found
[3.438s] -- Looking for libdl - found
[3.440s] -- Found DL: TRUE  
[3.458s] -- Searching for <ignition-common3> component [graphics]
[3.462s] -- Looking for ignition-common3-graphics -- found version 3.17.0
[3.463s] -- Searching for dependencies of ignition-common3-graphics
[3.463s] -- Looking for ignition-math6 -- found version 6.15.1
[3.472s] -- Looking for ignition-fuel_tools4 -- found version 4.9.1
[3.473s] -- Searching for dependencies of ignition-fuel_tools4
[3.631s] -- Found CURL: /usr/lib/x86_64-linux-gnu/libcurl.so (found version "7.68.0")  
[3.646s] -- Checking for module 'jsoncpp'
[3.677s] --   Found jsoncpp, version 1.7.4
[3.745s] -- Found JSONCPP: TRUE  
[3.760s] -- Checking for module 'libzip'
[3.787s] --   Found libzip, version 1.5.1
[3.863s] -- Found ZIP: TRUE  
[3.863s] -- Looking for ignition-common3 -- found version 3.17.0
[3.864s] -- Looking for ignition-math6 -- found version 6.15.1
[3.865s] -- Looking for ignition-msgs5 -- found version 5.11.0
[3.872s] -- Gazebo version: 11.14
[3.873s] -- Found gazebo_msgs: 3.5.3 (/home/terranova/uav_ws/install/gazebo_msgs/share/gazebo_msgs/cmake)
[4.323s] -- Found rcl: 1.1.14 (/opt/ros/foxy/share/rcl/cmake)
[4.374s] -- Found rmw_implementation_cmake: 1.0.4 (/opt/ros/foxy/share/rmw_implementation_cmake/cmake)
[4.376s] -- Using RMW implementation 'rmw_fastrtps_cpp' as default
[4.379s] -- Found Threads: TRUE  
[4.411s] -- Found rclcpp: 2.4.3 (/opt/ros/foxy/share/rclcpp/cmake)
[4.628s] -- Found std_srvs: 2.0.5 (/opt/ros/foxy/share/std_srvs/cmake)
[4.651s] -- Found tinyxml_vendor: 0.8.2 (/opt/ros/foxy/share/tinyxml_vendor/cmake)
[4.905s] -- Found ament_cmake_gtest: 0.9.12 (/opt/ros/foxy/share/ament_cmake_gtest/cmake)
[4.913s] -- Found launch_testing_ament_cmake: 0.10.10 (/opt/ros/foxy/share/launch_testing_ament_cmake/cmake)
[4.917s] -- Found python_cmake_module: 0.8.1 (/opt/ros/foxy/share/python_cmake_module/cmake)
[4.917s] [33mCMake Warning (dev) at /opt/ros/foxy/share/python_cmake_module/cmake/Modules/FindPythonExtra.cmake:45 (find_package):
[4.917s]   Policy CMP0148 is not set: The FindPythonInterp and FindPythonLibs modules
[4.918s]   are removed.  Run "cmake --help-policy CMP0148" for policy details.  Use
[4.918s]   the cmake_policy command to set the policy and suppress this warning.
[4.918s] 
[4.918s] Call Stack (most recent call first):
[4.918s]   /opt/ros/foxy/share/launch_testing_ament_cmake/cmake/launch_testing_ament_cmake-extras.cmake:18 (find_package)
[4.918s]   /opt/ros/foxy/share/launch_testing_ament_cmake/cmake/launch_testing_ament_cmakeConfig.cmake:41 (include)
[4.918s]   test/CMakeLists.txt:5 (find_package)
[4.918s] This warning is for project developers.  Use -Wno-dev to suppress it.
[4.918s] [0m
[4.956s] -- Found PythonInterp: /usr/bin/python3 (found suitable version "3.8.10", minimum required is "3.5") 
[4.957s] [33mCMake Warning (dev) at /opt/ros/foxy/share/python_cmake_module/cmake/Modules/FindPythonExtra.cmake:133 (find_package):
[4.957s]   Policy CMP0148 is not set: The FindPythonInterp and FindPythonLibs modules
[4.957s]   are removed.  Run "cmake --help-policy CMP0148" for policy details.  Use
[4.957s]   the cmake_policy command to set the policy and suppress this warning.
[4.957s] 
[4.957s] Call Stack (most recent call first):
[4.957s]   /opt/ros/foxy/share/launch_testing_ament_cmake/cmake/launch_testing_ament_cmake-extras.cmake:18 (find_package)
[4.957s]   /opt/ros/foxy/share/launch_testing_ament_cmake/cmake/launch_testing_ament_cmakeConfig.cmake:41 (include)
[4.957s]   test/CMakeLists.txt:5 (find_package)
[4.958s] This warning is for project developers.  Use -Wno-dev to suppress it.
[4.958s] [0m
[4.970s] -- Found PythonLibs: /usr/lib/x86_64-linux-gnu/libpython3.8.so (found suitable version "3.8.10", minimum required is "3.5") 
[4.970s] -- Using PYTHON_EXECUTABLE: /usr/bin/python3
[4.970s] -- Using PYTHON_INCLUDE_DIRS: /usr/include/python3.8
[4.971s] -- Using PYTHON_LIBRARIES: /usr/lib/x86_64-linux-gnu/libpython3.8.so
[5.007s] -- Found PythonExtra: .so  
[5.014s] -- Found sensor_msgs: 2.0.5 (/opt/ros/foxy/share/sensor_msgs/cmake)
[5.179s] -- Found gtest sources under '/opt/ros/foxy/src/gtest_vendor': C++ tests using 'Google Test' will be built
[5.182s] [0mCMake Deprecation Warning at /opt/ros/foxy/src/gtest_vendor/CMakeLists.txt:2 (cmake_minimum_required):
[5.182s]   Compatibility with CMake < 3.5 will be removed from a future version of
[5.182s]   CMake.
[5.183s] 
[5.183s]   Update the VERSION argument <min> value or use a ...<max> suffix to tell
[5.183s]   CMake that the project does not need compatibility with older versions.
[5.183s] 
[5.183s] [0m
[5.184s] -- Check if compiler accepts -pthread
[5.292s] -- Check if compiler accepts -pthread - yes
[5.461s] -- Found ament_lint_auto: 0.9.8 (/opt/ros/foxy/share/ament_lint_auto/cmake)
[5.585s] -- Found python_cmake_module: 0.8.1 (/opt/ros/foxy/share/python_cmake_module/cmake)
[5.586s] [33mCMake Warning (dev) at /opt/ros/foxy/share/python_cmake_module/cmake/Modules/FindPythonExtra.cmake:45 (find_package):
[5.586s]   Policy CMP0148 is not set: The FindPythonInterp and FindPythonLibs modules
[5.586s]   are removed.  Run "cmake --help-policy CMP0148" for policy details.  Use
[5.586s]   the cmake_policy command to set the policy and suppress this warning.
[5.586s] 
[5.587s] Call Stack (most recent call first):
[5.587s]   /opt/ros/foxy/share/launch_testing_ament_cmake/cmake/launch_testing_ament_cmake-extras.cmake:18 (find_package)
[5.587s]   /opt/ros/foxy/share/launch_testing_ament_cmake/cmake/launch_testing_ament_cmakeConfig.cmake:41 (include)
[5.587s]   /opt/ros/foxy/share/ament_lint_auto/cmake/ament_lint_auto_find_test_dependencies.cmake:36 (find_package)
[5.587s]   CMakeLists.txt:164 (ament_lint_auto_find_test_dependencies)
[5.587s] This warning is for project developers.  Use -Wno-dev to suppress it.
[5.587s] [0m
[5.624s] [33mCMake Warning (dev) at /opt/ros/foxy/share/python_cmake_module/cmake/Modules/FindPythonExtra.cmake:133 (find_package):
[5.624s]   Policy CMP0148 is not set: The FindPythonInterp and FindPythonLibs modules
[5.625s]   are removed.  Run "cmake --help-policy CMP0148" for policy details.  Use
[5.625s]   the cmake_policy command to set the policy and suppress this warning.
[5.625s] 
[5.625s] Call Stack (most recent call first):
[5.625s]   /opt/ros/foxy/share/launch_testing_ament_cmake/cmake/launch_testing_ament_cmake-extras.cmake:18 (find_package)
[5.625s]   /opt/ros/foxy/share/launch_testing_ament_cmake/cmake/launch_testing_ament_cmakeConfig.cmake:41 (include)
[5.625s]   /opt/ros/foxy/share/ament_lint_auto/cmake/ament_lint_auto_find_test_dependencies.cmake:36 (find_package)
[5.625s]   CMakeLists.txt:164 (ament_lint_auto_find_test_dependencies)
[5.625s] This warning is for project developers.  Use -Wno-dev to suppress it.
[5.626s] [0m
[5.628s] -- Using PYTHON_EXECUTABLE: /usr/bin/python3
[5.628s] -- Using PYTHON_INCLUDE_DIRS: /usr/include/python3.8
[5.628s] -- Using PYTHON_LIBRARIES: /usr/lib/x86_64-linux-gnu/libpython3.8.so
[5.773s] -- Added test 'copyright' to check source files copyright and LICENSE
[5.779s] -- Added test 'cppcheck' to perform static code analysis on C / C++ code
[5.781s] -- Configured cppcheck include dirs: $<BUILD_INTERFACE:/home/terranova/uav_ws/src/gazebo_ros_pkgs/gazebo_ros/include>
[5.781s] -- Configured cppcheck exclude dirs and/or files: 
[5.785s] -- Added test 'cpplint' to check C / C++ code against the Google style
[5.786s] -- Configured cpplint exclude dirs and/or files: 
[5.787s] -- Added test 'flake8' to check Python code syntax and style conventions
[5.789s] -- Added test 'lint_cmake' to check CMake code style
[5.790s] -- Added test 'pep257' to check Python code against some of the style conventions in PEP 257
[5.794s] -- Added test 'uncrustify' to check C / C++ code style
[5.795s] -- Configured uncrustify additional arguments: 
[5.796s] -- Added test 'xmllint' to check XML markup files
[5.800s] -- Configuring done (5.7s)
[6.370s] -- Generating done (0.5s)
[6.377s] -- Build files have been written to: /home/terranova/uav_ws/build/gazebo_ros
[6.414s] Invoked command in '/home/terranova/uav_ws/build/gazebo_ros' returned '0': AMENT_PREFIX_PATH=/home/terranova/uav_ws/install/gazebo_msgs:/home/terranova/uav_ws/install/gazebo_dev:${AMENT_PREFIX_PATH} CMAKE_PREFIX_PATH=/home/terranova/uav_ws/install/gazebo_msgs:/home/terranova/uav_ws/install/gazebo_dev:/opt/ros/foxy LD_LIBRARY_PATH=/home/terranova/uav_ws/install/gazebo_msgs/lib:/opt/ros/foxy/opt/yaml_cpp_vendor/lib:/opt/ros/foxy/opt/rviz_ogre_vendor/lib:/opt/ros/foxy/lib/x86_64-linux-gnu:/opt/ros/foxy/lib:/usr/lib/x86_64-linux-gnu/gazebo-11/plugins:/usr/lib/x86_64-linux-gnu/gazebo-11/plugins:/usr/lib/x86_64-linux-gnu/gazebo-11/plugins PYTHONPATH=/home/terranova/uav_ws/install/gazebo_msgs/lib/python3.8/site-packages:/opt/ros/foxy/lib/python3.8/site-packages:/home/terranova/.local/bin /home/terranova/.local/bin/cmake /home/terranova/uav_ws/src/gazebo_ros_pkgs/gazebo_ros -DCMAKE_INSTALL_PREFIX=/home/terranova/uav_ws/install/gazebo_ros
[6.419s] Invoking command in '/home/terranova/uav_ws/build/gazebo_ros': AMENT_PREFIX_PATH=/home/terranova/uav_ws/install/gazebo_msgs:/home/terranova/uav_ws/install/gazebo_dev:${AMENT_PREFIX_PATH} CMAKE_PREFIX_PATH=/home/terranova/uav_ws/install/gazebo_msgs:/home/terranova/uav_ws/install/gazebo_dev:/opt/ros/foxy LD_LIBRARY_PATH=/home/terranova/uav_ws/install/gazebo_msgs/lib:/opt/ros/foxy/opt/yaml_cpp_vendor/lib:/opt/ros/foxy/opt/rviz_ogre_vendor/lib:/opt/ros/foxy/lib/x86_64-linux-gnu:/opt/ros/foxy/lib:/usr/lib/x86_64-linux-gnu/gazebo-11/plugins:/usr/lib/x86_64-linux-gnu/gazebo-11/plugins:/usr/lib/x86_64-linux-gnu/gazebo-11/plugins PYTHONPATH=/home/terranova/uav_ws/install/gazebo_msgs/lib/python3.8/site-packages:/opt/ros/foxy/lib/python3.8/site-packages:/home/terranova/.local/bin /home/terranova/.local/bin/cmake --build /home/terranova/uav_ws/build/gazebo_ros -- -j4 -l4
[6.492s] [  1%] [32mBuilding CXX object gtest/CMakeFiles/gtest_main.dir/src/gtest_main.cc.o[0m
[6.493s] [  3%] [32mBuilding CXX object CMakeFiles/gazebo_ros_utils.dir/src/utils.cpp.o[0m
[6.496s] [  5%] [32mBuilding CXX object CMakeFiles/gazebo_ros_node.dir/src/executor.cpp.o[0m
[6.498s] [  7%] [32mBuilding CXX object gtest/CMakeFiles/gtest.dir/src/gtest-all.cc.o[0m
[8.201s] [  8%] [32m[1mLinking CXX static library libgtest_main.a[0m
[8.229s] [  8%] Built target gtest_main
[8.270s] [ 10%] [32mBuilding CXX object test/CMakeFiles/mock_robot_state_publisher.dir/mock_robot_state_publisher/robot_state_publisher.cpp.o[0m
[10.591s] [ 12%] [32m[1mLinking CXX shared library libgazebo_ros_utils.so[0m
[11.872s] [ 12%] Built target gazebo_ros_utils
[11.878s] [ 14%] [32mBuilding CXX object CMakeFiles/gazebo_ros_node.dir/src/node.cpp.o[0m
[14.915s] [ 16%] [32m[1mLinking CXX static library libgtest.a[0m
[15.009s] [ 16%] Built target gtest
[15.017s] [ 17%] [32mBuilding CXX object CMakeFiles/gazebo_ros_node.dir/src/qos.cpp.o[0m
[16.530s] [ 19%] [32m[1mLinking CXX executable mock_robot_state_publisher[0m
[16.959s] [ 19%] Built target mock_robot_state_publisher
[27.998s] [ 21%] [32m[1mLinking CXX shared library libgazebo_ros_node.so[0m
[28.778s] [ 21%] Built target gazebo_ros_node
[28.799s] [ 25%] [32mBuilding CXX object CMakeFiles/gazebo_ros_state.dir/src/gazebo_ros_state.cpp.o[0m
[28.799s] [ 26%] [32mBuilding CXX object CMakeFiles/gazebo_ros_init.dir/src/gazebo_ros_init.cpp.o[0m
[28.801s] [ 26%] [32mBuilding CXX object CMakeFiles/gazebo_ros_properties.dir/src/gazebo_ros_properties.cpp.o[0m
[28.801s] [ 28%] [32mBuilding CXX object CMakeFiles/gazebo_ros_factory.dir/src/gazebo_ros_factory.cpp.o[0m
