[0.036s] Invoking command in '/home/terranova/uav_ws/build/turtlebot3_gazebo': AMENT_PREFIX_PATH=/home/terranova/uav_ws/install/gazebo_ros_pkgs:/home/terranova/uav_ws/install/gazebo_plugins:/home/terranova/uav_ws/install/gazebo_ros:/home/terranova/uav_ws/install/turtlebot3_description:/home/terranova/uav_ws/install/gazebo_msgs:/home/terranova/uav_ws/install/gazebo_dev:/home/terranova/uav_ws/install/cv_bridge:${AMENT_PREFIX_PATH} CMAKE_PREFIX_PATH=/home/terranova/uav_ws/install/gazebo_ros_pkgs:/home/terranova/uav_ws/install/gazebo_plugins:/home/terranova/uav_ws/install/gazebo_ros:/home/terranova/uav_ws/install/turtlebot3_description:/home/terranova/uav_ws/install/gazebo_msgs:/home/terranova/uav_ws/install/gazebo_dev:/home/terranova/uav_ws/install/cv_bridge:/opt/ros/foxy LD_LIBRARY_PATH=/home/terranova/uav_ws/install/gazebo_plugins/lib:/home/terranova/uav_ws/install/gazebo_ros/lib:/home/terranova/uav_ws/install/gazebo_msgs/lib:/home/terranova/uav_ws/install/cv_bridge/lib:/opt/ros/foxy/opt/yaml_cpp_vendor/lib:/opt/ros/foxy/opt/rviz_ogre_vendor/lib:/opt/ros/foxy/lib/x86_64-linux-gnu:/opt/ros/foxy/lib:/usr/lib/x86_64-linux-gnu/gazebo-11/plugins:/usr/lib/x86_64-linux-gnu/gazebo-11/plugins:/usr/lib/x86_64-linux-gnu/gazebo-11/plugins PYTHONPATH=/home/terranova/uav_ws/install/gazebo_ros/lib/python3.8/site-packages:/home/terranova/uav_ws/install/gazebo_msgs/lib/python3.8/site-packages:/home/terranova/uav_ws/install/cv_bridge/lib/python3.8/site-packages:/opt/ros/foxy/lib/python3.8/site-packages:/home/terranova/.local/bin /home/terranova/.local/bin/cmake /home/terranova/uav_ws/src/turtlebot3/turtlebot3_simulations/turtlebot3_gazebo -DCMAKE_INSTALL_PREFIX=/home/terranova/uav_ws/install/turtlebot3_gazebo
[0.158s] -- The C compiler identification is GNU 9.4.0
[0.249s] -- The CXX compiler identification is GNU 9.4.0
[0.279s] -- Detecting C compiler ABI info
[0.357s] -- Detecting C compiler ABI info - done
[0.376s] -- Check for working C compiler: /usr/lib/ccache/cc - skipped
[0.377s] -- Detecting C compile features
[0.378s] -- Detecting C compile features - done
[0.399s] -- Detecting CXX compiler ABI info
[0.493s] -- Detecting CXX compiler ABI info - done
[0.514s] -- Check for working CXX compiler: /usr/lib/ccache/c++ - skipped
[0.514s] -- Detecting CXX compile features
[0.515s] -- Detecting CXX compile features - done
[0.520s] -- Found ament_cmake: 0.9.12 (/opt/ros/foxy/share/ament_cmake/cmake)
[0.533s] [33mCMake Warning (dev) at /opt/ros/foxy/share/ament_cmake_core/cmake/core/python.cmake:22 (find_package):
[0.533s]   Policy CMP0148 is not set: The FindPythonInterp and FindPythonLibs modules
[0.533s]   are removed.  Run "cmake --help-policy CMP0148" for policy details.  Use
[0.533s]   the cmake_policy command to set the policy and suppress this warning.
[0.534s] 
[0.534s] Call Stack (most recent call first):
[0.534s]   /opt/ros/foxy/share/ament_cmake_core/cmake/core/all.cmake:53 (include)
[0.534s]   /opt/ros/foxy/share/ament_cmake_core/cmake/ament_cmake_core-extras.cmake:17 (include)
[0.534s]   /opt/ros/foxy/share/ament_cmake_core/cmake/ament_cmake_coreConfig.cmake:41 (include)
[0.535s]   /opt/ros/foxy/share/ament_cmake/cmake/ament_cmake_export_dependencies-extras.cmake:15 (find_package)
[0.535s]   /opt/ros/foxy/share/ament_cmake/cmake/ament_cmakeConfig.cmake:41 (include)
[0.535s]   CMakeLists.txt:22 (find_package)
[0.535s] This warning is for project developers.  Use -Wno-dev to suppress it.
[0.535s] [0m
[0.569s] -- Found PythonInterp: /usr/bin/python3 (found suitable version "3.8.10", minimum required is "3") 
[0.570s] -- Using PYTHON_EXECUTABLE: /usr/bin/python3
[0.974s] -- Found PkgConfig: /usr/bin/pkg-config (found version "0.29.1") 
[0.982s] -- Checking for module 'bullet>=2.82'
[1.035s] --   Found bullet, version 2.88
[1.255s] -- Found ccd: /usr/include (found suitable version "2.0", minimum required is "2.0") 
[1.357s] -- Found fcl: /usr/include (found suitable version "0.5.0", minimum required is "0.3.2") 
[1.462s] -- Found assimp: /usr/include (found version "5.0.0") 
[1.519s] -- Found DART: /usr/include (Required is at least version "6.6") found components: dart 
[1.889s] -- Found Boost: /usr/lib/x86_64-linux-gnu/cmake/Boost-1.71.0/BoostConfig.cmake (found suitable version "1.71.0", minimum required is "1.40.0") found components: thread system filesystem program_options regex iostreams date_time 
[1.964s] -- Found Protobuf: /usr/lib/x86_64-linux-gnu/libprotobuf.so;-lpthread (found version "3.6.1") 
[1.980s] -- Looking for ignition-math6 -- found version 6.15.1
[2.000s] -- Searching for dependencies of ignition-math6
[2.005s] -- Looking for OGRE...
[2.006s] -- OGRE_PREFIX_WATCH changed.
[2.014s] -- Checking for module 'OGRE'
[2.039s] --   Found OGRE, version 1.9.0
[2.104s] -- Found Ogre Ghadamon (1.9.0)
[2.144s] -- Found OGRE: optimized;/usr/lib/x86_64-linux-gnu/libOgreMain.so;debug;/usr/lib/x86_64-linux-gnu/libOgreMain.so
[2.161s] -- Looking for OGRE_Paging...
[2.185s] -- Found OGRE_Paging: optimized;/usr/lib/x86_64-linux-gnu/libOgrePaging.so;debug;/usr/lib/x86_64-linux-gnu/libOgrePaging.so
[2.185s] -- Looking for OGRE_Terrain...
[2.209s] -- Found OGRE_Terrain: optimized;/usr/lib/x86_64-linux-gnu/libOgreTerrain.so;debug;/usr/lib/x86_64-linux-gnu/libOgreTerrain.so
[2.210s] -- Looking for OGRE_Property...
[2.238s] -- Found OGRE_Property: optimized;/usr/lib/x86_64-linux-gnu/libOgreProperty.so;debug;/usr/lib/x86_64-linux-gnu/libOgreProperty.so
[2.239s] -- Looking for OGRE_RTShaderSystem...
[2.263s] -- Found OGRE_RTShaderSystem: optimized;/usr/lib/x86_64-linux-gnu/libOgreRTShaderSystem.so;debug;/usr/lib/x86_64-linux-gnu/libOgreRTShaderSystem.so
[2.263s] -- Looking for OGRE_Volume...
[2.287s] -- Found OGRE_Volume: optimized;/usr/lib/x86_64-linux-gnu/libOgreVolume.so;debug;/usr/lib/x86_64-linux-gnu/libOgreVolume.so
[2.287s] -- Looking for OGRE_Overlay...
[2.312s] -- Found OGRE_Overlay: optimized;/usr/lib/x86_64-linux-gnu/libOgreOverlay.so;debug;/usr/lib/x86_64-linux-gnu/libOgreOverlay.so
[2.800s] -- Looking for ignition-math6 -- found version 6.15.1
[2.810s] -- Looking for ignition-transport8 -- found version 8.5.0
[2.812s] -- Searching for dependencies of ignition-transport8
[2.862s] -- Config-file not installed for ZeroMQ -- checking for pkg-config
[2.869s] -- Checking for module 'libzmq >= 4'
[2.898s] --   Found libzmq, version 4.3.2
[2.967s] -- Found ZeroMQ: TRUE (Required is at least version "4") 
[2.981s] -- Checking for module 'uuid'
[3.006s] --   Found uuid, version 2.34.0
[3.075s] -- Found UUID: TRUE  
[3.084s] -- Looking for ignition-msgs5 -- found version 5.11.0
[3.085s] -- Searching for dependencies of ignition-msgs5
[3.116s] -- Found Protobuf: /usr/lib/x86_64-linux-gnu/libprotobuf.so;-lpthread (found suitable version "3.6.1", minimum required is "3") 
[3.118s] -- Looking for ignition-math6 -- found version 6.15.1
[3.127s] -- Checking for module 'tinyxml2'
[3.153s] --   Found tinyxml2, version 6.2.0
[3.228s] -- Looking for ignition-msgs5 -- found version 5.11.0
[3.236s] -- Looking for ignition-common3 -- found version 3.17.0
[3.236s] -- Searching for dependencies of ignition-common3
[3.237s] -- Looking for dlfcn.h - found
[3.240s] -- Looking for libdl - found
[3.243s] -- Found DL: TRUE  
[3.261s] -- Searching for <ignition-common3> component [graphics]
[3.267s] -- Looking for ignition-common3-graphics -- found version 3.17.0
[3.267s] -- Searching for dependencies of ignition-common3-graphics
[3.268s] -- Looking for ignition-math6 -- found version 6.15.1
[3.276s] -- Looking for ignition-fuel_tools4 -- found version 4.9.1
[3.277s] -- Searching for dependencies of ignition-fuel_tools4
[3.446s] -- Found CURL: /usr/lib/x86_64-linux-gnu/libcurl.so (found version "7.68.0")  
[3.462s] -- Checking for module 'jsoncpp'
[3.494s] --   Found jsoncpp, version 1.7.4
[3.574s] -- Found JSONCPP: TRUE  
[3.588s] -- Checking for module 'libzip'
[3.618s] --   Found libzip, version 1.5.1
[3.693s] -- Found ZIP: TRUE  
[3.694s] -- Looking for ignition-common3 -- found version 3.17.0
[3.695s] -- Looking for ignition-math6 -- found version 6.15.1
[3.696s] -- Looking for ignition-msgs5 -- found version 5.11.0
[3.699s] -- Found gazebo_ros_pkgs: 3.5.3 (/home/terranova/uav_ws/install/gazebo_ros_pkgs/share/gazebo_ros_pkgs/cmake)
[3.704s] -- Found geometry_msgs: 2.0.5 (/opt/ros/foxy/share/geometry_msgs/cmake)
[3.782s] -- Using all available rosidl_typesupport_c: rosidl_typesupport_fastrtps_c;rosidl_typesupport_introspection_c
[3.803s] -- Found rosidl_adapter: 1.3.1 (/opt/ros/foxy/share/rosidl_adapter/cmake)
[3.982s] -- Found OpenSSL: /usr/lib/x86_64-linux-gnu/libcrypto.so (found version "1.1.1f")  
[4.055s] -- Found FastRTPS: /opt/ros/foxy/include  
[4.261s] -- Using all available rosidl_typesupport_cpp: rosidl_typesupport_fastrtps_cpp;rosidl_typesupport_introspection_cpp
[4.451s] -- Found nav_msgs: 2.0.5 (/opt/ros/foxy/share/nav_msgs/cmake)
[4.649s] -- Found rclcpp: 2.4.3 (/opt/ros/foxy/share/rclcpp/cmake)
[4.759s] -- Found rmw_implementation_cmake: 1.0.4 (/opt/ros/foxy/share/rmw_implementation_cmake/cmake)
[4.765s] -- Using RMW implementation 'rmw_fastrtps_cpp' as default
[4.769s] -- Found Threads: TRUE  
[5.055s] -- Found sensor_msgs: 2.0.5 (/opt/ros/foxy/share/sensor_msgs/cmake)
[5.200s] -- Found tf2: 0.13.14 (/opt/ros/foxy/share/tf2/cmake)
[5.342s] -- Configuring done (5.3s)
[5.422s] -- Generating done (0.1s)
[5.426s] -- Build files have been written to: /home/terranova/uav_ws/build/turtlebot3_gazebo
[5.461s] Invoked command in '/home/terranova/uav_ws/build/turtlebot3_gazebo' returned '0': AMENT_PREFIX_PATH=/home/terranova/uav_ws/install/gazebo_ros_pkgs:/home/terranova/uav_ws/install/gazebo_plugins:/home/terranova/uav_ws/install/gazebo_ros:/home/terranova/uav_ws/install/turtlebot3_description:/home/terranova/uav_ws/install/gazebo_msgs:/home/terranova/uav_ws/install/gazebo_dev:/home/terranova/uav_ws/install/cv_bridge:${AMENT_PREFIX_PATH} CMAKE_PREFIX_PATH=/home/terranova/uav_ws/install/gazebo_ros_pkgs:/home/terranova/uav_ws/install/gazebo_plugins:/home/terranova/uav_ws/install/gazebo_ros:/home/terranova/uav_ws/install/turtlebot3_description:/home/terranova/uav_ws/install/gazebo_msgs:/home/terranova/uav_ws/install/gazebo_dev:/home/terranova/uav_ws/install/cv_bridge:/opt/ros/foxy LD_LIBRARY_PATH=/home/terranova/uav_ws/install/gazebo_plugins/lib:/home/terranova/uav_ws/install/gazebo_ros/lib:/home/terranova/uav_ws/install/gazebo_msgs/lib:/home/terranova/uav_ws/install/cv_bridge/lib:/opt/ros/foxy/opt/yaml_cpp_vendor/lib:/opt/ros/foxy/opt/rviz_ogre_vendor/lib:/opt/ros/foxy/lib/x86_64-linux-gnu:/opt/ros/foxy/lib:/usr/lib/x86_64-linux-gnu/gazebo-11/plugins:/usr/lib/x86_64-linux-gnu/gazebo-11/plugins:/usr/lib/x86_64-linux-gnu/gazebo-11/plugins PYTHONPATH=/home/terranova/uav_ws/install/gazebo_ros/lib/python3.8/site-packages:/home/terranova/uav_ws/install/gazebo_msgs/lib/python3.8/site-packages:/home/terranova/uav_ws/install/cv_bridge/lib/python3.8/site-packages:/opt/ros/foxy/lib/python3.8/site-packages:/home/terranova/.local/bin /home/terranova/.local/bin/cmake /home/terranova/uav_ws/src/turtlebot3/turtlebot3_simulations/turtlebot3_gazebo -DCMAKE_INSTALL_PREFIX=/home/terranova/uav_ws/install/turtlebot3_gazebo
[5.466s] Invoking command in '/home/terranova/uav_ws/build/turtlebot3_gazebo': AMENT_PREFIX_PATH=/home/terranova/uav_ws/install/gazebo_ros_pkgs:/home/terranova/uav_ws/install/gazebo_plugins:/home/terranova/uav_ws/install/gazebo_ros:/home/terranova/uav_ws/install/turtlebot3_description:/home/terranova/uav_ws/install/gazebo_msgs:/home/terranova/uav_ws/install/gazebo_dev:/home/terranova/uav_ws/install/cv_bridge:${AMENT_PREFIX_PATH} CMAKE_PREFIX_PATH=/home/terranova/uav_ws/install/gazebo_ros_pkgs:/home/terranova/uav_ws/install/gazebo_plugins:/home/terranova/uav_ws/install/gazebo_ros:/home/terranova/uav_ws/install/turtlebot3_description:/home/terranova/uav_ws/install/gazebo_msgs:/home/terranova/uav_ws/install/gazebo_dev:/home/terranova/uav_ws/install/cv_bridge:/opt/ros/foxy LD_LIBRARY_PATH=/home/terranova/uav_ws/install/gazebo_plugins/lib:/home/terranova/uav_ws/install/gazebo_ros/lib:/home/terranova/uav_ws/install/gazebo_msgs/lib:/home/terranova/uav_ws/install/cv_bridge/lib:/opt/ros/foxy/opt/yaml_cpp_vendor/lib:/opt/ros/foxy/opt/rviz_ogre_vendor/lib:/opt/ros/foxy/lib/x86_64-linux-gnu:/opt/ros/foxy/lib:/usr/lib/x86_64-linux-gnu/gazebo-11/plugins:/usr/lib/x86_64-linux-gnu/gazebo-11/plugins:/usr/lib/x86_64-linux-gnu/gazebo-11/plugins PYTHONPATH=/home/terranova/uav_ws/install/gazebo_ros/lib/python3.8/site-packages:/home/terranova/uav_ws/install/gazebo_msgs/lib/python3.8/site-packages:/home/terranova/uav_ws/install/cv_bridge/lib/python3.8/site-packages:/opt/ros/foxy/lib/python3.8/site-packages:/home/terranova/.local/bin /home/terranova/.local/bin/cmake --build /home/terranova/uav_ws/build/turtlebot3_gazebo -- -j4 -l4
[5.555s] [ 12%] [32mBuilding CXX object CMakeFiles/turtlebot3_drive.dir/src/turtlebot3_drive.cpp.o[0m
[5.555s] [ 25%] [32mBuilding CXX object CMakeFiles/obstacle2.dir/models/turtlebot3_dqn_world/obstacle_plugin/obstacle2.cc.o[0m
[5.555s] [ 37%] [32mBuilding CXX object CMakeFiles/obstacle1.dir/models/turtlebot3_dqn_world/obstacle_plugin/obstacle1.cc.o[0m
[5.560s] [ 50%] [32mBuilding CXX object CMakeFiles/obstacles.dir/models/turtlebot3_dqn_world/obstacle_plugin/obstacles.cc.o[0m
[9.634s] [ 62%] [32m[1mLinking CXX shared library libobstacle1.so[0m
[9.692s] [ 75%] [32m[1mLinking CXX shared library libobstacles.so[0m
[9.771s] [ 87%] [32m[1mLinking CXX shared library libobstacle2.so[0m
[10.404s] [ 87%] Built target obstacle1
[10.437s] [ 87%] Built target obstacles
[10.548s] [ 87%] Built target obstacle2
[18.281s] [100%] [32m[1mLinking CXX executable turtlebot3_drive[0m
[18.745s] [100%] Built target turtlebot3_drive
[18.757s] Invoked command in '/home/terranova/uav_ws/build/turtlebot3_gazebo' returned '0': AMENT_PREFIX_PATH=/home/terranova/uav_ws/install/gazebo_ros_pkgs:/home/terranova/uav_ws/install/gazebo_plugins:/home/terranova/uav_ws/install/gazebo_ros:/home/terranova/uav_ws/install/turtlebot3_description:/home/terranova/uav_ws/install/gazebo_msgs:/home/terranova/uav_ws/install/gazebo_dev:/home/terranova/uav_ws/install/cv_bridge:${AMENT_PREFIX_PATH} CMAKE_PREFIX_PATH=/home/terranova/uav_ws/install/gazebo_ros_pkgs:/home/terranova/uav_ws/install/gazebo_plugins:/home/terranova/uav_ws/install/gazebo_ros:/home/terranova/uav_ws/install/turtlebot3_description:/home/terranova/uav_ws/install/gazebo_msgs:/home/terranova/uav_ws/install/gazebo_dev:/home/terranova/uav_ws/install/cv_bridge:/opt/ros/foxy LD_LIBRARY_PATH=/home/terranova/uav_ws/install/gazebo_plugins/lib:/home/terranova/uav_ws/install/gazebo_ros/lib:/home/terranova/uav_ws/install/gazebo_msgs/lib:/home/terranova/uav_ws/install/cv_bridge/lib:/opt/ros/foxy/opt/yaml_cpp_vendor/lib:/opt/ros/foxy/opt/rviz_ogre_vendor/lib:/opt/ros/foxy/lib/x86_64-linux-gnu:/opt/ros/foxy/lib:/usr/lib/x86_64-linux-gnu/gazebo-11/plugins:/usr/lib/x86_64-linux-gnu/gazebo-11/plugins:/usr/lib/x86_64-linux-gnu/gazebo-11/plugins PYTHONPATH=/home/terranova/uav_ws/install/gazebo_ros/lib/python3.8/site-packages:/home/terranova/uav_ws/install/gazebo_msgs/lib/python3.8/site-packages:/home/terranova/uav_ws/install/cv_bridge/lib/python3.8/site-packages:/opt/ros/foxy/lib/python3.8/site-packages:/home/terranova/.local/bin /home/terranova/.local/bin/cmake --build /home/terranova/uav_ws/build/turtlebot3_gazebo -- -j4 -l4
[18.831s] Invoking command in '/home/terranova/uav_ws/build/turtlebot3_gazebo': AMENT_PREFIX_PATH=/home/terranova/uav_ws/install/gazebo_ros_pkgs:/home/terranova/uav_ws/install/gazebo_plugins:/home/terranova/uav_ws/install/gazebo_ros:/home/terranova/uav_ws/install/turtlebot3_description:/home/terranova/uav_ws/install/gazebo_msgs:/home/terranova/uav_ws/install/gazebo_dev:/home/terranova/uav_ws/install/cv_bridge:${AMENT_PREFIX_PATH} CMAKE_PREFIX_PATH=/home/terranova/uav_ws/install/gazebo_ros_pkgs:/home/terranova/uav_ws/install/gazebo_plugins:/home/terranova/uav_ws/install/gazebo_ros:/home/terranova/uav_ws/install/turtlebot3_description:/home/terranova/uav_ws/install/gazebo_msgs:/home/terranova/uav_ws/install/gazebo_dev:/home/terranova/uav_ws/install/cv_bridge:/opt/ros/foxy LD_LIBRARY_PATH=/home/terranova/uav_ws/install/gazebo_plugins/lib:/home/terranova/uav_ws/install/gazebo_ros/lib:/home/terranova/uav_ws/install/gazebo_msgs/lib:/home/terranova/uav_ws/install/cv_bridge/lib:/opt/ros/foxy/opt/yaml_cpp_vendor/lib:/opt/ros/foxy/opt/rviz_ogre_vendor/lib:/opt/ros/foxy/lib/x86_64-linux-gnu:/opt/ros/foxy/lib:/usr/lib/x86_64-linux-gnu/gazebo-11/plugins:/usr/lib/x86_64-linux-gnu/gazebo-11/plugins:/usr/lib/x86_64-linux-gnu/gazebo-11/plugins PYTHONPATH=/home/terranova/uav_ws/install/gazebo_ros/lib/python3.8/site-packages:/home/terranova/uav_ws/install/gazebo_msgs/lib/python3.8/site-packages:/home/terranova/uav_ws/install/cv_bridge/lib/python3.8/site-packages:/opt/ros/foxy/lib/python3.8/site-packages:/home/terranova/.local/bin /home/terranova/.local/bin/cmake --install /home/terranova/uav_ws/build/turtlebot3_gazebo
[18.867s] -- Install configuration: ""
[18.867s] -- Installing: /home/terranova/uav_ws/install/turtlebot3_gazebo/lib/turtlebot3_gazebo/turtlebot3_drive
[18.871s] -- Set non-toolchain portion of runtime path of "/home/terranova/uav_ws/install/turtlebot3_gazebo/lib/turtlebot3_gazebo/turtlebot3_drive" to ""
[18.871s] -- Installing: /home/terranova/uav_ws/install/turtlebot3_gazebo/share/turtlebot3_gazebo//launch
[18.875s] -- Installing: /home/terranova/uav_ws/install/turtlebot3_gazebo/share/turtlebot3_gazebo//launch/turtlebot3_dqn_stage3.launch.py
[18.876s] -- Installing: /home/terranova/uav_ws/install/turtlebot3_gazebo/share/turtlebot3_gazebo//launch/robot_state_publisher.launch.py
[18.876s] -- Installing: /home/terranova/uav_ws/install/turtlebot3_gazebo/share/turtlebot3_gazebo//launch/turtlebot3_house.launch.py
[18.876s] -- Installing: /home/terranova/uav_ws/install/turtlebot3_gazebo/share/turtlebot3_gazebo//launch/empty_world.launch.py
[18.877s] -- Installing: /home/terranova/uav_ws/install/turtlebot3_gazebo/share/turtlebot3_gazebo//launch/turtlebot3_world.launch.py
[18.877s] -- Installing: /home/terranova/uav_ws/install/turtlebot3_gazebo/share/turtlebot3_gazebo//launch/turtlebot3_dqn_stage2.launch.py
[18.878s] -- Installing: /home/terranova/uav_ws/install/turtlebot3_gazebo/share/turtlebot3_gazebo//launch/turtlebot3_autorace.launch.py
[18.878s] -- Installing: /home/terranova/uav_ws/install/turtlebot3_gazebo/share/turtlebot3_gazebo//launch/turtlebot3_dqn_stage4.launch.py
[18.878s] -- Installing: /home/terranova/uav_ws/install/turtlebot3_gazebo/share/turtlebot3_gazebo//launch/turtlebot3_dqn_stage1.launch.py
[18.879s] -- Installing: /home/terranova/uav_ws/install/turtlebot3_gazebo/share/turtlebot3_gazebo//models
[18.879s] -- Installing: /home/terranova/uav_ws/install/turtlebot3_gazebo/share/turtlebot3_gazebo//models/turtlebot3_autorace
[18.879s] -- Installing: /home/terranova/uav_ws/install/turtlebot3_gazebo/share/turtlebot3_gazebo//models/turtlebot3_autorace/tunnel_wall
[18.880s] -- Installing: /home/terranova/uav_ws/install/turtlebot3_gazebo/share/turtlebot3_gazebo//models/turtlebot3_autorace/tunnel_wall/model.config
[18.880s] -- Installing: /home/terranova/uav_ws/install/turtlebot3_gazebo/share/turtlebot3_gazebo//models/turtlebot3_autorace/tunnel_wall/model.sdf
[18.881s] -- Installing: /home/terranova/uav_ws/install/turtlebot3_gazebo/share/turtlebot3_gazebo//models/turtlebot3_autorace/tunnel_obstacles
[18.881s] -- Installing: /home/terranova/uav_ws/install/turtlebot3_gazebo/share/turtlebot3_gazebo//models/turtlebot3_autorace/tunnel_obstacles/model.config
[18.882s] -- Installing: /home/terranova/uav_ws/install/turtlebot3_gazebo/share/turtlebot3_gazebo//models/turtlebot3_autorace/tunnel_obstacles/model.sdf
[18.882s] -- Installing: /home/terranova/uav_ws/install/turtlebot3_gazebo/share/turtlebot3_gazebo//models/turtlebot3_autorace/lights
[18.883s] -- Installing: /home/terranova/uav_ws/install/turtlebot3_gazebo/share/turtlebot3_gazebo//models/turtlebot3_autorace/lights/model.config
[18.883s] -- Installing: /home/terranova/uav_ws/install/turtlebot3_gazebo/share/turtlebot3_gazebo//models/turtlebot3_autorace/lights/model.sdf
[18.883s] -- Installing: /home/terranova/uav_ws/install/turtlebot3_gazebo/share/turtlebot3_gazebo//models/turtlebot3_autorace/traffic_parking
[18.884s] -- Installing: /home/terranova/uav_ws/install/turtlebot3_gazebo/share/turtlebot3_gazebo//models/turtlebot3_autorace/traffic_parking/model.config
[18.884s] -- Installing: /home/terranova/uav_ws/install/turtlebot3_gazebo/share/turtlebot3_gazebo//models/turtlebot3_autorace/traffic_parking/materials
[18.885s] -- Installing: /home/terranova/uav_ws/install/turtlebot3_gazebo/share/turtlebot3_gazebo//models/turtlebot3_autorace/traffic_parking/materials/scripts
[18.885s] -- Installing: /home/terranova/uav_ws/install/turtlebot3_gazebo/share/turtlebot3_gazebo//models/turtlebot3_autorace/traffic_parking/materials/scripts/traffic_parking.material
[18.886s] -- Installing: /home/terranova/uav_ws/install/turtlebot3_gazebo/share/turtlebot3_gazebo//models/turtlebot3_autorace/traffic_parking/materials/textures
[18.886s] -- Installing: /home/terranova/uav_ws/install/turtlebot3_gazebo/share/turtlebot3_gazebo//models/turtlebot3_autorace/traffic_parking/materials/textures/traffic_parking.png
[18.887s] -- Installing: /home/terranova/uav_ws/install/turtlebot3_gazebo/share/turtlebot3_gazebo//models/turtlebot3_autorace/traffic_parking/model.sdf
[18.887s] -- Installing: /home/terranova/uav_ws/install/turtlebot3_gazebo/share/turtlebot3_gazebo//models/turtlebot3_autorace/traffic_stop
[18.888s] -- Installing: /home/terranova/uav_ws/install/turtlebot3_gazebo/share/turtlebot3_gazebo//models/turtlebot3_autorace/traffic_stop/model.config
[18.888s] -- Installing: /home/terranova/uav_ws/install/turtlebot3_gazebo/share/turtlebot3_gazebo//models/turtlebot3_autorace/traffic_stop/materials
[18.888s] -- Installing: /home/terranova/uav_ws/install/turtlebot3_gazebo/share/turtlebot3_gazebo//models/turtlebot3_autorace/traffic_stop/materials/scripts
[18.889s] -- Installing: /home/terranova/uav_ws/install/turtlebot3_gazebo/share/turtlebot3_gazebo//models/turtlebot3_autorace/traffic_stop/materials/scripts/traffic_stop.material
[18.889s] -- Installing: /home/terranova/uav_ws/install/turtlebot3_gazebo/share/turtlebot3_gazebo//models/turtlebot3_autorace/traffic_stop/materials/textures
[18.890s] -- Installing: /home/terranova/uav_ws/install/turtlebot3_gazebo/share/turtlebot3_gazebo//models/turtlebot3_autorace/traffic_stop/materials/textures/traffic_stop.png
[18.891s] -- Installing: /home/terranova/uav_ws/install/turtlebot3_gazebo/share/turtlebot3_gazebo//models/turtlebot3_autorace/traffic_stop/model.sdf
[18.891s] -- Installing: /home/terranova/uav_ws/install/turtlebot3_gazebo/share/turtlebot3_gazebo//models/turtlebot3_autorace/model.config
[18.892s] -- Installing: /home/terranova/uav_ws/install/turtlebot3_gazebo/share/turtlebot3_gazebo//models/turtlebot3_autorace/traffic_bar_up
[18.892s] -- Installing: /home/terranova/uav_ws/install/turtlebot3_gazebo/share/turtlebot3_gazebo//models/turtlebot3_autorace/traffic_bar_up/model.config
[18.892s] -- Installing: /home/terranova/uav_ws/install/turtlebot3_gazebo/share/turtlebot3_gazebo//models/turtlebot3_autorace/traffic_bar_up/materials
[18.893s] -- Installing: /home/terranova/uav_ws/install/turtlebot3_gazebo/share/turtlebot3_gazebo//models/turtlebot3_autorace/traffic_bar_up/materials/scripts
[18.893s] -- Installing: /home/terranova/uav_ws/install/turtlebot3_gazebo/share/turtlebot3_gazebo//models/turtlebot3_autorace/traffic_bar_up/materials/scripts/traffic_bar.material
[18.893s] -- Installing: /home/terranova/uav_ws/install/turtlebot3_gazebo/share/turtlebot3_gazebo//models/turtlebot3_autorace/traffic_bar_up/materials/textures
[18.894s] -- Installing: /home/terranova/uav_ws/install/turtlebot3_gazebo/share/turtlebot3_gazebo//models/turtlebot3_autorace/traffic_bar_up/materials/textures/traffic_bar.png
[18.894s] -- Installing: /home/terranova/uav_ws/install/turtlebot3_gazebo/share/turtlebot3_gazebo//models/turtlebot3_autorace/traffic_bar_up/model.sdf
[18.894s] -- Installing: /home/terranova/uav_ws/install/turtlebot3_gazebo/share/turtlebot3_gazebo//models/turtlebot3_autorace/traffic_light_yellow
[18.895s] -- Installing: /home/terranova/uav_ws/install/turtlebot3_gazebo/share/turtlebot3_gazebo//models/turtlebot3_autorace/traffic_light_yellow/model.config
[18.895s] -- Installing: /home/terranova/uav_ws/install/turtlebot3_gazebo/share/turtlebot3_gazebo//models/turtlebot3_autorace/traffic_light_yellow/model.sdf
[18.896s] -- Installing: /home/terranova/uav_ws/install/turtlebot3_gazebo/share/turtlebot3_gazebo//models/turtlebot3_autorace/traffic_tunnel
[18.896s] -- Installing: /home/terranova/uav_ws/install/turtlebot3_gazebo/share/turtlebot3_gazebo//models/turtlebot3_autorace/traffic_tunnel/model.config
[18.896s] -- Installing: /home/terranova/uav_ws/install/turtlebot3_gazebo/share/turtlebot3_gazebo//models/turtlebot3_autorace/traffic_tunnel/materials
[18.897s] -- Installing: /home/terranova/uav_ws/install/turtlebot3_gazebo/share/turtlebot3_gazebo//models/turtlebot3_autorace/traffic_tunnel/materials/scripts
[18.897s] -- Installing: /home/terranova/uav_ws/install/turtlebot3_gazebo/share/turtlebot3_gazebo//models/turtlebot3_autorace/traffic_tunnel/materials/scripts/tunnel.material
[18.897s] -- Installing: /home/terranova/uav_ws/install/turtlebot3_gazebo/share/turtlebot3_gazebo//models/turtlebot3_autorace/traffic_tunnel/materials/textures
[18.898s] -- Installing: /home/terranova/uav_ws/install/turtlebot3_gazebo/share/turtlebot3_gazebo//models/turtlebot3_autorace/traffic_tunnel/materials/textures/tunnel.png
[18.899s] -- Installing: /home/terranova/uav_ws/install/turtlebot3_gazebo/share/turtlebot3_gazebo//models/turtlebot3_autorace/traffic_tunnel/model.sdf
[18.900s] -- Installing: /home/terranova/uav_ws/install/turtlebot3_gazebo/share/turtlebot3_gazebo//models/turtlebot3_autorace/ground
[18.900s] -- Installing: /home/terranova/uav_ws/install/turtlebot3_gazebo/share/turtlebot3_gazebo//models/turtlebot3_autorace/ground/model.config
[18.900s] -- Installing: /home/terranova/uav_ws/install/turtlebot3_gazebo/share/turtlebot3_gazebo//models/turtlebot3_autorace/ground/model.sdf
[18.901s] -- Installing: /home/terranova/uav_ws/install/turtlebot3_gazebo/share/turtlebot3_gazebo//models/turtlebot3_autorace/traffic_bar_down
[18.901s] -- Installing: /home/terranova/uav_ws/install/turtlebot3_gazebo/share/turtlebot3_gazebo//models/turtlebot3_autorace/traffic_bar_down/model.config
[18.901s] -- Installing: /home/terranova/uav_ws/install/turtlebot3_gazebo/share/turtlebot3_gazebo//models/turtlebot3_autorace/traffic_bar_down/materials
[18.902s] -- Installing: /home/terranova/uav_ws/install/turtlebot3_gazebo/share/turtlebot3_gazebo//models/turtlebot3_autorace/traffic_bar_down/materials/scripts
[18.902s] -- Installing: /home/terranova/uav_ws/install/turtlebot3_gazebo/share/turtlebot3_gazebo//models/turtlebot3_autorace/traffic_bar_down/materials/scripts/traffic_bar.material
[18.903s] -- Installing: /home/terranova/uav_ws/install/turtlebot3_gazebo/share/turtlebot3_gazebo//models/turtlebot3_autorace/traffic_bar_down/materials/textures
[18.903s] -- Installing: /home/terranova/uav_ws/install/turtlebot3_gazebo/share/turtlebot3_gazebo//models/turtlebot3_autorace/traffic_bar_down/materials/textures/traffic_bar.png
[18.903s] -- Installing: /home/terranova/uav_ws/install/turtlebot3_gazebo/share/turtlebot3_gazebo//models/turtlebot3_autorace/traffic_bar_down/model.sdf
[18.904s] -- Installing: /home/terranova/uav_ws/install/turtlebot3_gazebo/share/turtlebot3_gazebo//models/turtlebot3_autorace/course
[18.904s] -- Installing: /home/terranova/uav_ws/install/turtlebot3_gazebo/share/turtlebot3_gazebo//models/turtlebot3_autorace/course/model.config
[18.904s] -- Installing: /home/terranova/uav_ws/install/turtlebot3_gazebo/share/turtlebot3_gazebo//models/turtlebot3_autorace/course/materials
[18.905s] -- Installing: /home/terranova/uav_ws/install/turtlebot3_gazebo/share/turtlebot3_gazebo//models/turtlebot3_autorace/course/materials/scripts
[18.905s] -- Installing: /home/terranova/uav_ws/install/turtlebot3_gazebo/share/turtlebot3_gazebo//models/turtlebot3_autorace/course/materials/scripts/course.material
[18.905s] -- Installing: /home/terranova/uav_ws/install/turtlebot3_gazebo/share/turtlebot3_gazebo//models/turtlebot3_autorace/course/materials/textures
[18.906s] -- Installing: /home/terranova/uav_ws/install/turtlebot3_gazebo/share/turtlebot3_gazebo//models/turtlebot3_autorace/course/materials/textures/course.png
[18.910s] -- Installing: /home/terranova/uav_ws/install/turtlebot3_gazebo/share/turtlebot3_gazebo//models/turtlebot3_autorace/course/model.sdf
[18.910s] -- Installing: /home/terranova/uav_ws/install/turtlebot3_gazebo/share/turtlebot3_gazebo//models/turtlebot3_autorace/traffic_light_red
[18.911s] -- Installing: /home/terranova/uav_ws/install/turtlebot3_gazebo/share/turtlebot3_gazebo//models/turtlebot3_autorace/traffic_light_red/model.config
[18.911s] -- Installing: /home/terranova/uav_ws/install/turtlebot3_gazebo/share/turtlebot3_gazebo//models/turtlebot3_autorace/traffic_light_red/model.sdf
[18.911s] -- Installing: /home/terranova/uav_ws/install/turtlebot3_gazebo/share/turtlebot3_gazebo//models/turtlebot3_autorace/traffic_light_green
[18.912s] -- Installing: /home/terranova/uav_ws/install/turtlebot3_gazebo/share/turtlebot3_gazebo//models/turtlebot3_autorace/traffic_light_green/model.config
[18.912s] -- Installing: /home/terranova/uav_ws/install/turtlebot3_gazebo/share/turtlebot3_gazebo//models/turtlebot3_autorace/traffic_light_green/model.sdf
[18.913s] -- Installing: /home/terranova/uav_ws/install/turtlebot3_gazebo/share/turtlebot3_gazebo//models/turtlebot3_world
[18.913s] -- Installing: /home/terranova/uav_ws/install/turtlebot3_gazebo/share/turtlebot3_gazebo//models/turtlebot3_world/meshes
[18.913s] -- Installing: /home/terranova/uav_ws/install/turtlebot3_gazebo/share/turtlebot3_gazebo//models/turtlebot3_world/meshes/wall.dae
[18.914s] -- Installing: /home/terranova/uav_ws/install/turtlebot3_gazebo/share/turtlebot3_gazebo//models/turtlebot3_world/meshes/hexagon.dae
[18.914s] -- Installing: /home/terranova/uav_ws/install/turtlebot3_gazebo/share/turtlebot3_gazebo//models/turtlebot3_world/model.config
[18.915s] -- Installing: /home/terranova/uav_ws/install/turtlebot3_gazebo/share/turtlebot3_gazebo//models/turtlebot3_world/model-1_4.sdf
[18.915s] -- Installing: /home/terranova/uav_ws/install/turtlebot3_gazebo/share/turtlebot3_gazebo//models/turtlebot3_world/model.sdf
[18.916s] -- Installing: /home/terranova/uav_ws/install/turtlebot3_gazebo/share/turtlebot3_gazebo//models/turtlebot3_dqn_world
[18.916s] -- Installing: /home/terranova/uav_ws/install/turtlebot3_gazebo/share/turtlebot3_gazebo//models/turtlebot3_dqn_world/inner_walls
[18.917s] -- Installing: /home/terranova/uav_ws/install/turtlebot3_gazebo/share/turtlebot3_gazebo//models/turtlebot3_dqn_world/inner_walls/model.config
[18.917s] -- Installing: /home/terranova/uav_ws/install/turtlebot3_gazebo/share/turtlebot3_gazebo//models/turtlebot3_dqn_world/inner_walls/model.sdf
[18.917s] -- Installing: /home/terranova/uav_ws/install/turtlebot3_gazebo/share/turtlebot3_gazebo//models/turtlebot3_dqn_world/obstacle1
[18.918s] -- Installing: /home/terranova/uav_ws/install/turtlebot3_gazebo/share/turtlebot3_gazebo//models/turtlebot3_dqn_world/obstacle1/model.config
[18.918s] -- Installing: /home/terranova/uav_ws/install/turtlebot3_gazebo/share/turtlebot3_gazebo//models/turtlebot3_dqn_world/obstacle1/model.sdf
[18.919s] -- Installing: /home/terranova/uav_ws/install/turtlebot3_gazebo/share/turtlebot3_gazebo//models/turtlebot3_dqn_world/model.config
[18.919s] -- Installing: /home/terranova/uav_ws/install/turtlebot3_gazebo/share/turtlebot3_gazebo//models/turtlebot3_dqn_world/obstacle_plugin
[18.920s] -- Installing: /home/terranova/uav_ws/install/turtlebot3_gazebo/share/turtlebot3_gazebo//models/turtlebot3_dqn_world/obstacle_plugin/obstacle2.cc
[18.920s] -- Installing: /home/terranova/uav_ws/install/turtlebot3_gazebo/share/turtlebot3_gazebo//models/turtlebot3_dqn_world/obstacle_plugin/obstacle1.cc
[18.920s] -- Installing: /home/terranova/uav_ws/install/turtlebot3_gazebo/share/turtlebot3_gazebo//models/turtlebot3_dqn_world/obstacle_plugin/CMakeLists.txt
[18.920s] -- Installing: /home/terranova/uav_ws/install/turtlebot3_gazebo/share/turtlebot3_gazebo//models/turtlebot3_dqn_world/obstacle_plugin/obstacles.cc
[18.921s] -- Installing: /home/terranova/uav_ws/install/turtlebot3_gazebo/share/turtlebot3_gazebo//models/turtlebot3_dqn_world/obstacles
[18.921s] -- Installing: /home/terranova/uav_ws/install/turtlebot3_gazebo/share/turtlebot3_gazebo//models/turtlebot3_dqn_world/obstacles/model.config
[18.921s] -- Installing: /home/terranova/uav_ws/install/turtlebot3_gazebo/share/turtlebot3_gazebo//models/turtlebot3_dqn_world/obstacles/model.sdf
[18.922s] -- Installing: /home/terranova/uav_ws/install/turtlebot3_gazebo/share/turtlebot3_gazebo//models/turtlebot3_dqn_world/goal_box
[18.922s] -- Installing: /home/terranova/uav_ws/install/turtlebot3_gazebo/share/turtlebot3_gazebo//models/turtlebot3_dqn_world/goal_box/model.config
[18.923s] -- Installing: /home/terranova/uav_ws/install/turtlebot3_gazebo/share/turtlebot3_gazebo//models/turtlebot3_dqn_world/goal_box/model.sdf
[18.923s] -- Installing: /home/terranova/uav_ws/install/turtlebot3_gazebo/share/turtlebot3_gazebo//models/turtlebot3_dqn_world/obstacle2
[18.923s] -- Installing: /home/terranova/uav_ws/install/turtlebot3_gazebo/share/turtlebot3_gazebo//models/turtlebot3_dqn_world/obstacle2/model.config
[18.924s] -- Installing: /home/terranova/uav_ws/install/turtlebot3_gazebo/share/turtlebot3_gazebo//models/turtlebot3_dqn_world/obstacle2/model.sdf
[18.924s] -- Installing: /home/terranova/uav_ws/install/turtlebot3_gazebo/share/turtlebot3_gazebo//models/turtlebot3_dqn_world/model.sdf
[18.925s] -- Installing: /home/terranova/uav_ws/install/turtlebot3_gazebo/share/turtlebot3_gazebo//models/turtlebot3_house
[18.925s] -- Installing: /home/terranova/uav_ws/install/turtlebot3_gazebo/share/turtlebot3_gazebo//models/turtlebot3_house/model.config
[18.926s] -- Installing: /home/terranova/uav_ws/install/turtlebot3_gazebo/share/turtlebot3_gazebo//models/turtlebot3_house/model.sdf
[18.928s] -- Installing: /home/terranova/uav_ws/install/turtlebot3_gazebo/share/turtlebot3_gazebo//models/turtlebot3_waffle_pi
[18.928s] -- Installing: /home/terranova/uav_ws/install/turtlebot3_gazebo/share/turtlebot3_gazebo//models/turtlebot3_waffle_pi/meshes
[18.929s] -- Installing: /home/terranova/uav_ws/install/turtlebot3_gazebo/share/turtlebot3_gazebo//models/turtlebot3_waffle_pi/meshes/waffle_pi_base.dae
[18.929s] -- Installing: /home/terranova/uav_ws/install/turtlebot3_gazebo/share/turtlebot3_gazebo//models/turtlebot3_waffle_pi/meshes/lds.dae
[18.930s] -- Installing: /home/terranova/uav_ws/install/turtlebot3_gazebo/share/turtlebot3_gazebo//models/turtlebot3_waffle_pi/meshes/tire.dae
[18.931s] -- Installing: /home/terranova/uav_ws/install/turtlebot3_gazebo/share/turtlebot3_gazebo//models/turtlebot3_waffle_pi/model.config
[18.931s] -- Installing: /home/terranova/uav_ws/install/turtlebot3_gazebo/share/turtlebot3_gazebo//models/turtlebot3_waffle_pi/model-1_4_.sdf
[18.932s] -- Installing: /home/terranova/uav_ws/install/turtlebot3_gazebo/share/turtlebot3_gazebo//models/turtlebot3_waffle_pi/model.sdf
[18.932s] -- Installing: /home/terranova/uav_ws/install/turtlebot3_gazebo/share/turtlebot3_gazebo//models/turtlebot3_waffle
[18.933s] -- Installing: /home/terranova/uav_ws/install/turtlebot3_gazebo/share/turtlebot3_gazebo//models/turtlebot3_waffle/meshes
[18.933s] -- Installing: /home/terranova/uav_ws/install/turtlebot3_gazebo/share/turtlebot3_gazebo//models/turtlebot3_waffle/meshes/lds.dae
[18.934s] -- Installing: /home/terranova/uav_ws/install/turtlebot3_gazebo/share/turtlebot3_gazebo//models/turtlebot3_waffle/meshes/r200.dae
[18.936s] -- Installing: /home/terranova/uav_ws/install/turtlebot3_gazebo/share/turtlebot3_gazebo//models/turtlebot3_waffle/meshes/tire.dae
[18.937s] -- Installing: /home/terranova/uav_ws/install/turtlebot3_gazebo/share/turtlebot3_gazebo//models/turtlebot3_waffle/meshes/waffle_base.dae
[18.938s] -- Installing: /home/terranova/uav_ws/install/turtlebot3_gazebo/share/turtlebot3_gazebo//models/turtlebot3_waffle/model.config
[18.938s] -- Installing: /home/terranova/uav_ws/install/turtlebot3_gazebo/share/turtlebot3_gazebo//models/turtlebot3_waffle/model-1_4.sdf
[18.939s] -- Installing: /home/terranova/uav_ws/install/turtlebot3_gazebo/share/turtlebot3_gazebo//models/turtlebot3_waffle/model.sdf
[18.939s] -- Installing: /home/terranova/uav_ws/install/turtlebot3_gazebo/share/turtlebot3_gazebo//models/turtlebot3_burger
[18.940s] -- Installing: /home/terranova/uav_ws/install/turtlebot3_gazebo/share/turtlebot3_gazebo//models/turtlebot3_burger/meshes
[18.940s] -- Installing: /home/terranova/uav_ws/install/turtlebot3_gazebo/share/turtlebot3_gazebo//models/turtlebot3_burger/meshes/burger_base.dae
[18.941s] -- Installing: /home/terranova/uav_ws/install/turtlebot3_gazebo/share/turtlebot3_gazebo//models/turtlebot3_burger/meshes/lds.dae
[18.942s] -- Installing: /home/terranova/uav_ws/install/turtlebot3_gazebo/share/turtlebot3_gazebo//models/turtlebot3_burger/meshes/tire.dae
[18.942s] -- Installing: /home/terranova/uav_ws/install/turtlebot3_gazebo/share/turtlebot3_gazebo//models/turtlebot3_burger/model.config
[18.943s] -- Installing: /home/terranova/uav_ws/install/turtlebot3_gazebo/share/turtlebot3_gazebo//models/turtlebot3_burger/model-1_4.sdf
[18.943s] -- Installing: /home/terranova/uav_ws/install/turtlebot3_gazebo/share/turtlebot3_gazebo//models/turtlebot3_burger/model.sdf
[18.944s] -- Installing: /home/terranova/uav_ws/install/turtlebot3_gazebo/share/turtlebot3_gazebo//rviz
[18.944s] -- Installing: /home/terranova/uav_ws/install/turtlebot3_gazebo/share/turtlebot3_gazebo//rviz/tb3_gazebo.rviz
[18.945s] -- Installing: /home/terranova/uav_ws/install/turtlebot3_gazebo/share/turtlebot3_gazebo//worlds
[18.945s] -- Installing: /home/terranova/uav_ws/install/turtlebot3_gazebo/share/turtlebot3_gazebo//worlds/turtlebot3_houses
[18.946s] -- Installing: /home/terranova/uav_ws/install/turtlebot3_gazebo/share/turtlebot3_gazebo//worlds/turtlebot3_houses/waffle.model
[18.946s] -- Installing: /home/terranova/uav_ws/install/turtlebot3_gazebo/share/turtlebot3_gazebo//worlds/turtlebot3_houses/burger.model
[18.947s] -- Installing: /home/terranova/uav_ws/install/turtlebot3_gazebo/share/turtlebot3_gazebo//worlds/turtlebot3_houses/waffle_pi.model
[18.947s] -- Installing: /home/terranova/uav_ws/install/turtlebot3_gazebo/share/turtlebot3_gazebo//worlds/turtlebot3_worlds
[18.948s] -- Installing: /home/terranova/uav_ws/install/turtlebot3_gazebo/share/turtlebot3_gazebo//worlds/turtlebot3_worlds/waffle.model
[18.948s] -- Installing: /home/terranova/uav_ws/install/turtlebot3_gazebo/share/turtlebot3_gazebo//worlds/turtlebot3_worlds/burger.model
[18.948s] -- Installing: /home/terranova/uav_ws/install/turtlebot3_gazebo/share/turtlebot3_gazebo//worlds/turtlebot3_worlds/waffle_pi.model
[18.949s] -- Installing: /home/terranova/uav_ws/install/turtlebot3_gazebo/share/turtlebot3_gazebo//worlds/empty_worlds
[18.949s] -- Installing: /home/terranova/uav_ws/install/turtlebot3_gazebo/share/turtlebot3_gazebo//worlds/empty_worlds/waffle.model
[18.950s] -- Installing: /home/terranova/uav_ws/install/turtlebot3_gazebo/share/turtlebot3_gazebo//worlds/empty_worlds/burger.model
[18.950s] -- Installing: /home/terranova/uav_ws/install/turtlebot3_gazebo/share/turtlebot3_gazebo//worlds/empty_worlds/waffle_pi.model
[18.951s] -- Installing: /home/terranova/uav_ws/install/turtlebot3_gazebo/share/turtlebot3_gazebo//worlds/turtlebot3_dqn_stage3
[18.951s] -- Installing: /home/terranova/uav_ws/install/turtlebot3_gazebo/share/turtlebot3_gazebo//worlds/turtlebot3_dqn_stage3/waffle.model
[18.951s] -- Installing: /home/terranova/uav_ws/install/turtlebot3_gazebo/share/turtlebot3_gazebo//worlds/turtlebot3_dqn_stage3/burger.model
[18.952s] -- Installing: /home/terranova/uav_ws/install/turtlebot3_gazebo/share/turtlebot3_gazebo//worlds/turtlebot3_dqn_stage3/waffle_pi.model
[18.952s] -- Installing: /home/terranova/uav_ws/install/turtlebot3_gazebo/share/turtlebot3_gazebo//worlds/turtlebot3_autoraces
[18.953s] -- Installing: /home/terranova/uav_ws/install/turtlebot3_gazebo/share/turtlebot3_gazebo//worlds/turtlebot3_autoraces/waffle.model
[18.953s] -- Installing: /home/terranova/uav_ws/install/turtlebot3_gazebo/share/turtlebot3_gazebo//worlds/turtlebot3_autoraces/burger.model
[18.953s] -- Installing: /home/terranova/uav_ws/install/turtlebot3_gazebo/share/turtlebot3_gazebo//worlds/turtlebot3_autoraces/waffle_pi.model
[18.954s] -- Installing: /home/terranova/uav_ws/install/turtlebot3_gazebo/share/turtlebot3_gazebo//worlds/turtlebot3_dqn_stage4
[18.954s] -- Installing: /home/terranova/uav_ws/install/turtlebot3_gazebo/share/turtlebot3_gazebo//worlds/turtlebot3_dqn_stage4/waffle.model
[18.955s] -- Installing: /home/terranova/uav_ws/install/turtlebot3_gazebo/share/turtlebot3_gazebo//worlds/turtlebot3_dqn_stage4/burger.model
[18.955s] -- Installing: /home/terranova/uav_ws/install/turtlebot3_gazebo/share/turtlebot3_gazebo//worlds/turtlebot3_dqn_stage4/waffle_pi.model
[18.956s] -- Installing: /home/terranova/uav_ws/install/turtlebot3_gazebo/share/turtlebot3_gazebo//worlds/turtlebot3_dqn_stage2
[18.956s] -- Installing: /home/terranova/uav_ws/install/turtlebot3_gazebo/share/turtlebot3_gazebo//worlds/turtlebot3_dqn_stage2/waffle.model
[18.956s] -- Installing: /home/terranova/uav_ws/install/turtlebot3_gazebo/share/turtlebot3_gazebo//worlds/turtlebot3_dqn_stage2/burger.model
[18.957s] -- Installing: /home/terranova/uav_ws/install/turtlebot3_gazebo/share/turtlebot3_gazebo//worlds/turtlebot3_dqn_stage2/waffle_pi.model
[18.957s] -- Installing: /home/terranova/uav_ws/install/turtlebot3_gazebo/share/turtlebot3_gazebo//worlds/turtlebot3_dqn_stage1
[18.957s] -- Installing: /home/terranova/uav_ws/install/turtlebot3_gazebo/share/turtlebot3_gazebo//worlds/turtlebot3_dqn_stage1/waffle.model
[18.958s] -- Installing: /home/terranova/uav_ws/install/turtlebot3_gazebo/share/turtlebot3_gazebo//worlds/turtlebot3_dqn_stage1/burger.model
[18.958s] -- Installing: /home/terranova/uav_ws/install/turtlebot3_gazebo/share/turtlebot3_gazebo//worlds/turtlebot3_dqn_stage1/waffle_pi.model
[18.959s] -- Installing: /home/terranova/uav_ws/install/turtlebot3_gazebo/include/
[18.959s] -- Installing: /home/terranova/uav_ws/install/turtlebot3_gazebo/include//turtlebot3_gazebo
[18.959s] -- Installing: /home/terranova/uav_ws/install/turtlebot3_gazebo/include//turtlebot3_gazebo/turtlebot3_drive.hpp
[18.960s] -- Installing: /home/terranova/uav_ws/install/turtlebot3_gazebo/share/ament_index/resource_index/package_run_dependencies/turtlebot3_gazebo
[18.960s] -- Installing: /home/terranova/uav_ws/install/turtlebot3_gazebo/share/ament_index/resource_index/parent_prefix_path/turtlebot3_gazebo
[18.960s] -- Installing: /home/terranova/uav_ws/install/turtlebot3_gazebo/share/turtlebot3_gazebo/environment/ament_prefix_path.sh
[18.960s] -- Installing: /home/terranova/uav_ws/install/turtlebot3_gazebo/share/turtlebot3_gazebo/environment/ament_prefix_path.dsv
[18.961s] -- Installing: /home/terranova/uav_ws/install/turtlebot3_gazebo/share/turtlebot3_gazebo/environment/path.sh
[18.961s] -- Installing: /home/terranova/uav_ws/install/turtlebot3_gazebo/share/turtlebot3_gazebo/environment/path.dsv
[18.961s] -- Installing: /home/terranova/uav_ws/install/turtlebot3_gazebo/share/turtlebot3_gazebo/local_setup.bash
[18.961s] -- Installing: /home/terranova/uav_ws/install/turtlebot3_gazebo/share/turtlebot3_gazebo/local_setup.sh
[18.961s] -- Installing: /home/terranova/uav_ws/install/turtlebot3_gazebo/share/turtlebot3_gazebo/local_setup.zsh
[18.962s] -- Installing: /home/terranova/uav_ws/install/turtlebot3_gazebo/share/turtlebot3_gazebo/local_setup.dsv
[18.962s] -- Installing: /home/terranova/uav_ws/install/turtlebot3_gazebo/share/turtlebot3_gazebo/package.dsv
[18.962s] -- Installing: /home/terranova/uav_ws/install/turtlebot3_gazebo/share/ament_index/resource_index/packages/turtlebot3_gazebo
[18.962s] -- Installing: /home/terranova/uav_ws/install/turtlebot3_gazebo/share/turtlebot3_gazebo/cmake/ament_cmake_export_include_directories-extras.cmake
[18.963s] -- Installing: /home/terranova/uav_ws/install/turtlebot3_gazebo/share/turtlebot3_gazebo/cmake/ament_cmake_export_dependencies-extras.cmake
[18.963s] -- Installing: /home/terranova/uav_ws/install/turtlebot3_gazebo/share/turtlebot3_gazebo/cmake/turtlebot3_gazeboConfig.cmake
[18.963s] -- Installing: /home/terranova/uav_ws/install/turtlebot3_gazebo/share/turtlebot3_gazebo/cmake/turtlebot3_gazeboConfig-version.cmake
[18.963s] -- Installing: /home/terranova/uav_ws/install/turtlebot3_gazebo/share/turtlebot3_gazebo/package.xml
[18.972s] Invoked command in '/home/terranova/uav_ws/build/turtlebot3_gazebo' returned '0': AMENT_PREFIX_PATH=/home/terranova/uav_ws/install/gazebo_ros_pkgs:/home/terranova/uav_ws/install/gazebo_plugins:/home/terranova/uav_ws/install/gazebo_ros:/home/terranova/uav_ws/install/turtlebot3_description:/home/terranova/uav_ws/install/gazebo_msgs:/home/terranova/uav_ws/install/gazebo_dev:/home/terranova/uav_ws/install/cv_bridge:${AMENT_PREFIX_PATH} CMAKE_PREFIX_PATH=/home/terranova/uav_ws/install/gazebo_ros_pkgs:/home/terranova/uav_ws/install/gazebo_plugins:/home/terranova/uav_ws/install/gazebo_ros:/home/terranova/uav_ws/install/turtlebot3_description:/home/terranova/uav_ws/install/gazebo_msgs:/home/terranova/uav_ws/install/gazebo_dev:/home/terranova/uav_ws/install/cv_bridge:/opt/ros/foxy LD_LIBRARY_PATH=/home/terranova/uav_ws/install/gazebo_plugins/lib:/home/terranova/uav_ws/install/gazebo_ros/lib:/home/terranova/uav_ws/install/gazebo_msgs/lib:/home/terranova/uav_ws/install/cv_bridge/lib:/opt/ros/foxy/opt/yaml_cpp_vendor/lib:/opt/ros/foxy/opt/rviz_ogre_vendor/lib:/opt/ros/foxy/lib/x86_64-linux-gnu:/opt/ros/foxy/lib:/usr/lib/x86_64-linux-gnu/gazebo-11/plugins:/usr/lib/x86_64-linux-gnu/gazebo-11/plugins:/usr/lib/x86_64-linux-gnu/gazebo-11/plugins PYTHONPATH=/home/terranova/uav_ws/install/gazebo_ros/lib/python3.8/site-packages:/home/terranova/uav_ws/install/gazebo_msgs/lib/python3.8/site-packages:/home/terranova/uav_ws/install/cv_bridge/lib/python3.8/site-packages:/opt/ros/foxy/lib/python3.8/site-packages:/home/terranova/.local/bin /home/terranova/.local/bin/cmake --install /home/terranova/uav_ws/build/turtlebot3_gazebo
