[0.061s] Invoking command in '/home/terranova/uav_ws/build/turtlebot3_cartographer': CMAKE_PREFIX_PATH=/opt/ros/foxy /home/terranova/.local/bin/cmake /home/terranova/uav_ws/src/turtlebot3/turtlebot3/turtlebot3_cartographer -DCMAKE_INSTALL_PREFIX=/home/terranova/uav_ws/install/turtlebot3_cartographer
[0.463s] -- The C compiler identification is GNU 9.4.0
[0.685s] -- The CXX compiler identification is GNU 9.4.0
[0.833s] -- Detecting C compiler ABI info
[1.160s] -- Detecting C compiler ABI info - done
[1.203s] -- Check for working C compiler: /usr/lib/ccache/cc - skipped
[1.204s] -- Detecting C compile features
[1.207s] -- Detecting C compile features - done
[1.289s] -- Detecting CXX compiler ABI info
[1.661s] -- Detecting CXX compiler ABI info - done
[1.702s] -- Check for working CXX compiler: /usr/lib/ccache/c++ - skipped
[1.703s] -- Detecting CXX compile features
[1.705s] -- Detecting CXX compile features - done
[1.714s] -- Found ament_cmake: 0.9.12 (/opt/ros/foxy/share/ament_cmake/cmake)
[1.728s] [33mCMake Warning (dev) at /opt/ros/foxy/share/ament_cmake_core/cmake/core/python.cmake:22 (find_package):
[1.728s]   Policy CMP0148 is not set: The FindPythonInterp and FindPythonLibs modules
[1.728s]   are removed.  Run "cmake --help-policy CMP0148" for policy details.  Use
[1.731s]   the cmake_policy command to set the policy and suppress this warning.
[1.731s] 
[1.731s] Call Stack (most recent call first):
[1.732s]   /opt/ros/foxy/share/ament_cmake_core/cmake/core/all.cmake:53 (include)
[1.732s]   /opt/ros/foxy/share/ament_cmake_core/cmake/ament_cmake_core-extras.cmake:17 (include)
[1.732s]   /opt/ros/foxy/share/ament_cmake_core/cmake/ament_cmake_coreConfig.cmake:41 (include)
[1.733s]   /opt/ros/foxy/share/ament_cmake/cmake/ament_cmake_export_dependencies-extras.cmake:15 (find_package)
[1.733s]   /opt/ros/foxy/share/ament_cmake/cmake/ament_cmakeConfig.cmake:41 (include)
[1.733s]   CMakeLists.txt:10 (find_package)
[1.734s] This warning is for project developers.  Use -Wno-dev to suppress it.
[1.734s] [0m
[1.805s] -- Found PythonInterp: /usr/bin/python3 (found suitable version "3.8.10", minimum required is "3") 
[1.806s] -- Using PYTHON_EXECUTABLE: /usr/bin/python3
[3.154s] -- Configuring done (2.9s)
[3.171s] -- Generating done (0.0s)
[3.189s] -- Build files have been written to: /home/terranova/uav_ws/build/turtlebot3_cartographer
[3.215s] Invoked command in '/home/terranova/uav_ws/build/turtlebot3_cartographer' returned '0': CMAKE_PREFIX_PATH=/opt/ros/foxy /home/terranova/.local/bin/cmake /home/terranova/uav_ws/src/turtlebot3/turtlebot3/turtlebot3_cartographer -DCMAKE_INSTALL_PREFIX=/home/terranova/uav_ws/install/turtlebot3_cartographer
[3.217s] Invoking command in '/home/terranova/uav_ws/build/turtlebot3_cartographer': CMAKE_PREFIX_PATH=/opt/ros/foxy /home/terranova/.local/bin/cmake --build /home/terranova/uav_ws/build/turtlebot3_cartographer -- -j4 -l4
[3.373s] Invoked command in '/home/terranova/uav_ws/build/turtlebot3_cartographer' returned '0': CMAKE_PREFIX_PATH=/opt/ros/foxy /home/terranova/.local/bin/cmake --build /home/terranova/uav_ws/build/turtlebot3_cartographer -- -j4 -l4
[3.498s] Invoking command in '/home/terranova/uav_ws/build/turtlebot3_cartographer': CMAKE_PREFIX_PATH=/opt/ros/foxy /home/terranova/.local/bin/cmake --install /home/terranova/uav_ws/build/turtlebot3_cartographer
[3.590s] -- Install configuration: ""
[3.591s] -- Installing: /home/terranova/uav_ws/install/turtlebot3_cartographer/share/turtlebot3_cartographer/config
[3.599s] -- Installing: /home/terranova/uav_ws/install/turtlebot3_cartographer/share/turtlebot3_cartographer/config/turtlebot3_lds_2d.lua
[3.604s] -- Installing: /home/terranova/uav_ws/install/turtlebot3_cartographer/share/turtlebot3_cartographer/launch
[3.605s] -- Installing: /home/terranova/uav_ws/install/turtlebot3_cartographer/share/turtlebot3_cartographer/launch/cartographer.launch.py
[3.605s] -- Installing: /home/terranova/uav_ws/install/turtlebot3_cartographer/share/turtlebot3_cartographer/launch/occupancy_grid.launch.py
[3.605s] -- Installing: /home/terranova/uav_ws/install/turtlebot3_cartographer/share/turtlebot3_cartographer/rviz
[3.606s] -- Installing: /home/terranova/uav_ws/install/turtlebot3_cartographer/share/turtlebot3_cartographer/rviz/tb3_cartographer.rviz
[3.611s] -- Installing: /home/terranova/uav_ws/install/turtlebot3_cartographer/share/ament_index/resource_index/package_run_dependencies/turtlebot3_cartographer
[3.616s] -- Installing: /home/terranova/uav_ws/install/turtlebot3_cartographer/share/ament_index/resource_index/parent_prefix_path/turtlebot3_cartographer
[3.619s] -- Installing: /home/terranova/uav_ws/install/turtlebot3_cartographer/share/turtlebot3_cartographer/environment/ament_prefix_path.sh
[3.619s] -- Installing: /home/terranova/uav_ws/install/turtlebot3_cartographer/share/turtlebot3_cartographer/environment/ament_prefix_path.dsv
[3.619s] -- Installing: /home/terranova/uav_ws/install/turtlebot3_cartographer/share/turtlebot3_cartographer/environment/path.sh
[3.620s] -- Installing: /home/terranova/uav_ws/install/turtlebot3_cartographer/share/turtlebot3_cartographer/environment/path.dsv
[3.620s] -- Installing: /home/terranova/uav_ws/install/turtlebot3_cartographer/share/turtlebot3_cartographer/local_setup.bash
[3.620s] -- Installing: /home/terranova/uav_ws/install/turtlebot3_cartographer/share/turtlebot3_cartographer/local_setup.sh
[3.620s] -- Installing: /home/terranova/uav_ws/install/turtlebot3_cartographer/share/turtlebot3_cartographer/local_setup.zsh
[3.621s] -- Installing: /home/terranova/uav_ws/install/turtlebot3_cartographer/share/turtlebot3_cartographer/local_setup.dsv
[3.621s] -- Installing: /home/terranova/uav_ws/install/turtlebot3_cartographer/share/turtlebot3_cartographer/package.dsv
[3.621s] -- Installing: /home/terranova/uav_ws/install/turtlebot3_cartographer/share/ament_index/resource_index/packages/turtlebot3_cartographer
[3.623s] -- Installing: /home/terranova/uav_ws/install/turtlebot3_cartographer/share/turtlebot3_cartographer/cmake/turtlebot3_cartographerConfig.cmake
[3.624s] -- Installing: /home/terranova/uav_ws/install/turtlebot3_cartographer/share/turtlebot3_cartographer/cmake/turtlebot3_cartographerConfig-version.cmake
[3.624s] -- Installing: /home/terranova/uav_ws/install/turtlebot3_cartographer/share/turtlebot3_cartographer/package.xml
[3.651s] Invoked command in '/home/terranova/uav_ws/build/turtlebot3_cartographer' returned '0': CMAKE_PREFIX_PATH=/opt/ros/foxy /home/terranova/.local/bin/cmake --install /home/terranova/uav_ws/build/turtlebot3_cartographer
