[0.059s] Invoking command in '/home/terranova/uav_ws/build/hls_lfcd_lds_driver': CMAKE_PREFIX_PATH=/opt/ros/foxy /home/terranova/.local/bin/cmake /home/terranova/uav_ws/src/utils/hls_lfcd_lds_driver -DCMAKE_INSTALL_PREFIX=/home/terranova/uav_ws/install/hls_lfcd_lds_driver
[0.280s] -- The C compiler identification is GNU 9.4.0
[0.444s] -- The CXX compiler identification is GNU 9.4.0
[0.537s] -- Detecting C compiler ABI info
[0.708s] -- Detecting C compiler ABI info - done
[0.747s] -- Check for working C compiler: /usr/lib/ccache/cc - skipped
[0.748s] -- Detecting C compile features
[0.750s] -- Detecting C compile features - done
[0.793s] -- Detecting CXX compiler ABI info
[0.942s] -- Detecting CXX compiler ABI info - done
[0.998s] -- Check for working CXX compiler: /usr/lib/ccache/c++ - skipped
[0.998s] -- Detecting CXX compile features
[1.000s] -- Detecting CXX compile features - done
[1.010s] -- Found ament_cmake: 0.9.12 (/opt/ros/foxy/share/ament_cmake/cmake)
[1.020s] [33mCMake Warning (dev) at /opt/ros/foxy/share/ament_cmake_core/cmake/core/python.cmake:22 (find_package):
[1.021s]   Policy CMP0148 is not set: The FindPythonInterp and FindPythonLibs modules
[1.021s]   are removed.  Run "cmake --help-policy CMP0148" for policy details.  Use
[1.021s]   the cmake_policy command to set the policy and suppress this warning.
[1.021s] 
[1.022s] Call Stack (most recent call first):
[1.022s]   /opt/ros/foxy/share/ament_cmake_core/cmake/core/all.cmake:53 (include)
[1.022s]   /opt/ros/foxy/share/ament_cmake_core/cmake/ament_cmake_core-extras.cmake:17 (include)
[1.022s]   /opt/ros/foxy/share/ament_cmake_core/cmake/ament_cmake_coreConfig.cmake:41 (include)
[1.022s]   /opt/ros/foxy/share/ament_cmake/cmake/ament_cmake_export_dependencies-extras.cmake:15 (find_package)
[1.023s]   /opt/ros/foxy/share/ament_cmake/cmake/ament_cmakeConfig.cmake:41 (include)
[1.023s]   CMakeLists.txt:24 (find_package)
[1.023s] This warning is for project developers.  Use -Wno-dev to suppress it.
[1.023s] [0m
[1.082s] -- Found PythonInterp: /usr/bin/python3 (found suitable version "3.8.10", minimum required is "3") 
[1.085s] -- Using PYTHON_EXECUTABLE: /usr/bin/python3
[1.694s] -- Found rclcpp: 2.4.3 (/opt/ros/foxy/share/rclcpp/cmake)
[1.848s] -- Using all available rosidl_typesupport_c: rosidl_typesupport_fastrtps_c;rosidl_typesupport_introspection_c
[1.869s] -- Found rosidl_adapter: 1.3.1 (/opt/ros/foxy/share/rosidl_adapter/cmake)
[2.118s] -- Found OpenSSL: /usr/lib/x86_64-linux-gnu/libcrypto.so (found version "1.1.1f")  
[2.216s] -- Found FastRTPS: /opt/ros/foxy/include  
[2.592s] -- Using all available rosidl_typesupport_cpp: rosidl_typesupport_fastrtps_cpp;rosidl_typesupport_introspection_cpp
[2.764s] -- Found rmw_implementation_cmake: 1.0.4 (/opt/ros/foxy/share/rmw_implementation_cmake/cmake)
[2.769s] -- Using RMW implementation 'rmw_fastrtps_cpp' as default
[2.772s] -- Performing Test CMAKE_HAVE_LIBC_PTHREAD
[2.979s] -- Performing Test CMAKE_HAVE_LIBC_PTHREAD - Failed
[2.980s] -- Looking for pthread_create in pthreads
[3.170s] -- Looking for pthread_create in pthreads - not found
[3.171s] -- Looking for pthread_create in pthread
[3.339s] -- Looking for pthread_create in pthread - found
[3.342s] -- Found Threads: TRUE  
[3.875s] -- Found sensor_msgs: 2.0.5 (/opt/ros/foxy/share/sensor_msgs/cmake)
[4.257s] -- Found Boost: /usr/lib/x86_64-linux-gnu/cmake/Boost-1.71.0/BoostConfig.cmake (found version "1.71.0") found components: system 
[4.421s] -- Configuring done (4.3s)
[4.449s] -- Generating done (0.0s)
[4.454s] -- Build files have been written to: /home/terranova/uav_ws/build/hls_lfcd_lds_driver
[4.485s] Invoked command in '/home/terranova/uav_ws/build/hls_lfcd_lds_driver' returned '0': CMAKE_PREFIX_PATH=/opt/ros/foxy /home/terranova/.local/bin/cmake /home/terranova/uav_ws/src/utils/hls_lfcd_lds_driver -DCMAKE_INSTALL_PREFIX=/home/terranova/uav_ws/install/hls_lfcd_lds_driver
[4.491s] Invoking command in '/home/terranova/uav_ws/build/hls_lfcd_lds_driver': CMAKE_PREFIX_PATH=/opt/ros/foxy /home/terranova/.local/bin/cmake --build /home/terranova/uav_ws/build/hls_lfcd_lds_driver -- -j4 -l4
[4.601s] [ 50%] [32mBuilding CXX object CMakeFiles/hlds_laser_publisher.dir/src/hlds_laser_publisher.cpp.o[0m
[18.577s] [100%] [32m[1mLinking CXX executable hlds_laser_publisher[0m
[19.175s] [100%] Built target hlds_laser_publisher
[19.214s] Invoked command in '/home/terranova/uav_ws/build/hls_lfcd_lds_driver' returned '0': CMAKE_PREFIX_PATH=/opt/ros/foxy /home/terranova/.local/bin/cmake --build /home/terranova/uav_ws/build/hls_lfcd_lds_driver -- -j4 -l4
[19.324s] Invoking command in '/home/terranova/uav_ws/build/hls_lfcd_lds_driver': CMAKE_PREFIX_PATH=/opt/ros/foxy /home/terranova/.local/bin/cmake --install /home/terranova/uav_ws/build/hls_lfcd_lds_driver
[19.393s] -- Install configuration: ""
[19.393s] -- Installing: /home/terranova/uav_ws/install/hls_lfcd_lds_driver/share/hls_lfcd_lds_driver/launch
[19.395s] -- Installing: /home/terranova/uav_ws/install/hls_lfcd_lds_driver/share/hls_lfcd_lds_driver/launch/view_hlds_laser.launch.py
[19.400s] -- Installing: /home/terranova/uav_ws/install/hls_lfcd_lds_driver/share/hls_lfcd_lds_driver/launch/hlds_laser.launch.py
[19.403s] -- Installing: /home/terranova/uav_ws/install/hls_lfcd_lds_driver/share/hls_lfcd_lds_driver/rviz
[19.405s] -- Installing: /home/terranova/uav_ws/install/hls_lfcd_lds_driver/share/hls_lfcd_lds_driver/rviz/hlds_laser.rviz
[19.410s] -- Installing: /home/terranova/uav_ws/install/hls_lfcd_lds_driver/lib/hls_lfcd_lds_driver/hlds_laser_publisher
[19.422s] -- Set non-toolchain portion of runtime path of "/home/terranova/uav_ws/install/hls_lfcd_lds_driver/lib/hls_lfcd_lds_driver/hlds_laser_publisher" to ""
[19.424s] -- Installing: /home/terranova/uav_ws/install/hls_lfcd_lds_driver/share/ament_index/resource_index/package_run_dependencies/hls_lfcd_lds_driver
[19.429s] -- Installing: /home/terranova/uav_ws/install/hls_lfcd_lds_driver/share/ament_index/resource_index/parent_prefix_path/hls_lfcd_lds_driver
[19.434s] -- Installing: /home/terranova/uav_ws/install/hls_lfcd_lds_driver/share/hls_lfcd_lds_driver/environment/ament_prefix_path.sh
[19.438s] -- Installing: /home/terranova/uav_ws/install/hls_lfcd_lds_driver/share/hls_lfcd_lds_driver/environment/ament_prefix_path.dsv
[19.442s] -- Installing: /home/terranova/uav_ws/install/hls_lfcd_lds_driver/share/hls_lfcd_lds_driver/environment/path.sh
[19.446s] -- Installing: /home/terranova/uav_ws/install/hls_lfcd_lds_driver/share/hls_lfcd_lds_driver/environment/path.dsv
[19.449s] -- Installing: /home/terranova/uav_ws/install/hls_lfcd_lds_driver/share/hls_lfcd_lds_driver/local_setup.bash
[19.453s] -- Installing: /home/terranova/uav_ws/install/hls_lfcd_lds_driver/share/hls_lfcd_lds_driver/local_setup.sh
[19.456s] -- Installing: /home/terranova/uav_ws/install/hls_lfcd_lds_driver/share/hls_lfcd_lds_driver/local_setup.zsh
[19.459s] -- Installing: /home/terranova/uav_ws/install/hls_lfcd_lds_driver/share/hls_lfcd_lds_driver/local_setup.dsv
[19.463s] -- Installing: /home/terranova/uav_ws/install/hls_lfcd_lds_driver/share/hls_lfcd_lds_driver/package.dsv
[19.466s] -- Installing: /home/terranova/uav_ws/install/hls_lfcd_lds_driver/share/ament_index/resource_index/packages/hls_lfcd_lds_driver
[19.470s] -- Installing: /home/terranova/uav_ws/install/hls_lfcd_lds_driver/share/hls_lfcd_lds_driver/cmake/ament_cmake_export_dependencies-extras.cmake
[19.475s] -- Installing: /home/terranova/uav_ws/install/hls_lfcd_lds_driver/share/hls_lfcd_lds_driver/cmake/ament_cmake_export_include_directories-extras.cmake
[19.479s] -- Installing: /home/terranova/uav_ws/install/hls_lfcd_lds_driver/share/hls_lfcd_lds_driver/cmake/hls_lfcd_lds_driverConfig.cmake
[19.480s] -- Installing: /home/terranova/uav_ws/install/hls_lfcd_lds_driver/share/hls_lfcd_lds_driver/cmake/hls_lfcd_lds_driverConfig-version.cmake
[19.480s] -- Installing: /home/terranova/uav_ws/install/hls_lfcd_lds_driver/share/hls_lfcd_lds_driver/package.xml
[19.497s] Invoked command in '/home/terranova/uav_ws/build/hls_lfcd_lds_driver' returned '0': CMAKE_PREFIX_PATH=/opt/ros/foxy /home/terranova/.local/bin/cmake --install /home/terranova/uav_ws/build/hls_lfcd_lds_driver
