[0.080s] Invoking command in '/home/terranova/uav_ws/build/realsense_gazebo_plugin': AMENT_PREFIX_PATH=/home/terranova/uav_ws/install/gazebo_ros:/home/terranova/uav_ws/install/gazebo_msgs:/home/terranova/uav_ws/install/gazebo_dev:${AMENT_PREFIX_PATH} CMAKE_PREFIX_PATH=/home/terranova/uav_ws/install/gazebo_ros:/home/terranova/uav_ws/install/gazebo_msgs:/home/terranova/uav_ws/install/gazebo_dev LD_LIBRARY_PATH=/home/terranova/uav_ws/install/gazebo_ros/lib:/home/terranova/uav_ws/install/gazebo_msgs/lib:/opt/ros/foxy/opt/yaml_cpp_vendor/lib:/opt/ros/foxy/opt/rviz_ogre_vendor/lib:/opt/ros/foxy/lib/x86_64-linux-gnu:/opt/ros/foxy/lib:/usr/lib/x86_64-linux-gnu/gazebo-11/plugins:/usr/lib/x86_64-linux-gnu/gazebo-11/plugins:/usr/lib/x86_64-linux-gnu/gazebo-11/plugins PYTHONPATH=/home/terranova/uav_ws/install/gazebo_ros/lib/python3.8/site-packages:/home/terranova/uav_ws/install/gazebo_msgs/lib/python3.8/site-packages:/opt/ros/foxy/lib/python3.8/site-packages:/home/terranova/.local/bin /home/terranova/.local/bin/cmake /home/terranova/uav_ws/src/realsense_gazebo_plugin -DCATKIN_INSTALL_INTO_PREFIX_ROOT=0 -DCMAKE_INSTALL_PREFIX=/home/terranova/uav_ws/install/realsense_gazebo_plugin
[0.332s] -- The C compiler identification is GNU 9.4.0
[0.470s] -- The CXX compiler identification is GNU 9.4.0
[0.511s] -- Detecting C compiler ABI info
[0.615s] -- Detecting C compiler ABI info - done
[0.638s] -- Check for working C compiler: /usr/lib/ccache/cc - skipped
[0.639s] -- Detecting C compile features
[0.640s] -- Detecting C compile features - done
[0.666s] -- Detecting CXX compiler ABI info
[0.791s] -- Detecting CXX compiler ABI info - done
[0.813s] -- Check for working CXX compiler: /usr/lib/ccache/c++ - skipped
[0.814s] -- Detecting CXX compile features
[0.815s] -- Detecting CXX compile features - done
[0.836s] -- Found ament_cmake: 0.9.12 (/opt/ros/foxy/share/ament_cmake/cmake)
[0.855s] [33mCMake Warning (dev) at /opt/ros/foxy/share/ament_cmake_core/cmake/core/python.cmake:22 (find_package):
[0.855s]   Policy CMP0148 is not set: The FindPythonInterp and FindPythonLibs modules
[0.855s]   are removed.  Run "cmake --help-policy CMP0148" for policy details.  Use
[0.855s]   the cmake_policy command to set the policy and suppress this warning.
[0.856s] 
[0.856s] Call Stack (most recent call first):
[0.856s]   /opt/ros/foxy/share/ament_cmake_core/cmake/core/all.cmake:53 (include)
[0.856s]   /opt/ros/foxy/share/ament_cmake_core/cmake/ament_cmake_core-extras.cmake:17 (include)
[0.856s]   /opt/ros/foxy/share/ament_cmake_core/cmake/ament_cmake_coreConfig.cmake:41 (include)
[0.856s]   /opt/ros/foxy/share/ament_cmake/cmake/ament_cmake_export_dependencies-extras.cmake:15 (find_package)
[0.856s]   /opt/ros/foxy/share/ament_cmake/cmake/ament_cmakeConfig.cmake:41 (include)
[0.856s]   CMakeLists.txt:17 (find_package)
[0.856s] This warning is for project developers.  Use -Wno-dev to suppress it.
[0.856s] [0m
[0.910s] -- Found PythonInterp: /usr/bin/python3 (found suitable version "3.8.10", minimum required is "3") 
[0.910s] -- Using PYTHON_EXECUTABLE: /usr/bin/python3
[1.656s] -- Found rclcpp: 2.4.3 (/opt/ros/foxy/share/rclcpp/cmake)
[1.795s] -- Using all available rosidl_typesupport_c: rosidl_typesupport_fastrtps_c;rosidl_typesupport_introspection_c
[1.816s] -- Found rosidl_adapter: 1.3.1 (/opt/ros/foxy/share/rosidl_adapter/cmake)
[2.015s] -- Found OpenSSL: /usr/lib/x86_64-linux-gnu/libcrypto.so (found version "1.1.1f")  
[2.092s] -- Found FastRTPS: /opt/ros/foxy/include  
[2.300s] -- Using all available rosidl_typesupport_cpp: rosidl_typesupport_fastrtps_cpp;rosidl_typesupport_introspection_cpp
[2.447s] -- Found rmw_implementation_cmake: 1.0.4 (/opt/ros/foxy/share/rmw_implementation_cmake/cmake)
[2.450s] -- Using RMW implementation 'rmw_fastrtps_cpp' as default
[2.452s] -- Performing Test CMAKE_HAVE_LIBC_PTHREAD
[2.591s] -- Performing Test CMAKE_HAVE_LIBC_PTHREAD - Failed
[2.591s] -- Looking for pthread_create in pthreads
[2.695s] -- Looking for pthread_create in pthreads - not found
[2.696s] -- Looking for pthread_create in pthread
[2.830s] -- Looking for pthread_create in pthread - found
[2.832s] -- Found Threads: TRUE  
[3.305s] -- Found gazebo_ros: 3.5.3 (/home/terranova/uav_ws/install/gazebo_ros/share/gazebo_ros/cmake)
[3.323s] -- Found PkgConfig: /usr/bin/pkg-config (found version "0.29.1") 
[3.327s] -- Checking for module 'bullet>=2.82'
[3.353s] --   Found bullet, version 2.88
[3.559s] -- Found ccd: /usr/include (found suitable version "2.0", minimum required is "2.0") 
[3.657s] -- Found fcl: /usr/include (found suitable version "0.5.0", minimum required is "0.3.2") 
[3.757s] -- Found assimp: /usr/include (found version "5.0.0") 
[3.787s] -- Found DART: /usr/include (Required is at least version "6.6") found components: dart 
[3.830s] -- Found Boost: /usr/lib/x86_64-linux-gnu/cmake/Boost-1.71.0/BoostConfig.cmake (found suitable version "1.71.0", minimum required is "1.40.0") found components: thread system filesystem program_options regex iostreams date_time 
[3.863s] -- Found Protobuf: /usr/lib/x86_64-linux-gnu/libprotobuf.so;-lpthread (found version "3.6.1") 
[3.873s] -- Looking for ignition-math6 -- found version 6.15.1
[3.884s] -- Searching for dependencies of ignition-math6
[3.887s] -- Looking for OGRE...
[3.888s] -- OGRE_PREFIX_WATCH changed.
[3.896s] -- Checking for module 'OGRE'
[3.930s] --   Found OGRE, version 1.9.0
[4.019s] -- Found Ogre Ghadamon (1.9.0)
[4.059s] -- Found OGRE: optimized;/usr/lib/x86_64-linux-gnu/libOgreMain.so;debug;/usr/lib/x86_64-linux-gnu/libOgreMain.so
[4.086s] -- Looking for OGRE_Paging...
[4.116s] -- Found OGRE_Paging: optimized;/usr/lib/x86_64-linux-gnu/libOgrePaging.so;debug;/usr/lib/x86_64-linux-gnu/libOgrePaging.so
[4.116s] -- Looking for OGRE_Terrain...
[4.153s] -- Found OGRE_Terrain: optimized;/usr/lib/x86_64-linux-gnu/libOgreTerrain.so;debug;/usr/lib/x86_64-linux-gnu/libOgreTerrain.so
[4.153s] -- Looking for OGRE_Property...
[4.190s] -- Found OGRE_Property: optimized;/usr/lib/x86_64-linux-gnu/libOgreProperty.so;debug;/usr/lib/x86_64-linux-gnu/libOgreProperty.so
[4.190s] -- Looking for OGRE_RTShaderSystem...
[4.227s] -- Found OGRE_RTShaderSystem: optimized;/usr/lib/x86_64-linux-gnu/libOgreRTShaderSystem.so;debug;/usr/lib/x86_64-linux-gnu/libOgreRTShaderSystem.so
[4.228s] -- Looking for OGRE_Volume...
[4.257s] -- Found OGRE_Volume: optimized;/usr/lib/x86_64-linux-gnu/libOgreVolume.so;debug;/usr/lib/x86_64-linux-gnu/libOgreVolume.so
[4.257s] -- Looking for OGRE_Overlay...
[4.291s] -- Found OGRE_Overlay: optimized;/usr/lib/x86_64-linux-gnu/libOgreOverlay.so;debug;/usr/lib/x86_64-linux-gnu/libOgreOverlay.so
[4.916s] -- Looking for ignition-math6 -- found version 6.15.1
[4.921s] -- Looking for ignition-transport8 -- found version 8.5.0
[4.922s] -- Searching for dependencies of ignition-transport8
[4.992s] -- Config-file not installed for ZeroMQ -- checking for pkg-config
[5.002s] -- Checking for module 'libzmq >= 4'
[5.036s] --   Found libzmq, version 4.3.2
[5.131s] -- Found ZeroMQ: TRUE (Required is at least version "4") 
[5.142s] -- Checking for module 'uuid'
[5.168s] --   Found uuid, version 2.34.0
[5.234s] -- Found UUID: TRUE  
[5.239s] -- Looking for ignition-msgs5 -- found version 5.11.0
[5.239s] -- Searching for dependencies of ignition-msgs5
[5.271s] -- Found Protobuf: /usr/lib/x86_64-linux-gnu/libprotobuf.so;-lpthread (found suitable version "3.6.1", minimum required is "3") 
[5.272s] -- Looking for ignition-math6 -- found version 6.15.1
[5.281s] -- Checking for module 'tinyxml2'
[5.307s] --   Found tinyxml2, version 6.2.0
[5.385s] -- Looking for ignition-msgs5 -- found version 5.11.0
[5.391s] -- Looking for ignition-common3 -- found version 3.17.0
[5.391s] -- Searching for dependencies of ignition-common3
[5.392s] -- Looking for dlfcn.h - found
[5.395s] -- Looking for libdl - found
[5.399s] -- Found DL: TRUE  
[5.426s] -- Searching for <ignition-common3> component [graphics]
[5.431s] -- Looking for ignition-common3-graphics -- found version 3.17.0
[5.432s] -- Searching for dependencies of ignition-common3-graphics
[5.434s] -- Looking for ignition-math6 -- found version 6.15.1
[5.444s] -- Looking for ignition-fuel_tools4 -- found version 4.9.1
[5.444s] -- Searching for dependencies of ignition-fuel_tools4
[5.659s] -- Found CURL: /usr/lib/x86_64-linux-gnu/libcurl.so (found version "7.68.0")  
[5.678s] -- Checking for module 'jsoncpp'
[5.716s] --   Found jsoncpp, version 1.7.4
[5.818s] -- Found JSONCPP: TRUE  
[5.830s] -- Checking for module 'libzip'
[5.866s] --   Found libzip, version 1.5.1
[5.956s] -- Found ZIP: TRUE  
[5.958s] -- Looking for ignition-common3 -- found version 3.17.0
[5.959s] -- Looking for ignition-math6 -- found version 6.15.1
[5.960s] -- Looking for ignition-msgs5 -- found version 5.11.0
[5.962s] -- Gazebo version: 11.14
[5.981s] -- Found image_transport: 2.4.0 (/opt/ros/foxy/share/image_transport/cmake)
[6.380s] -- Found camera_info_manager: 2.4.0 (/opt/ros/foxy/share/camera_info_manager/cmake)
[6.417s] -- Setting yaml-cpp_DIR to: '/opt/ros/foxy/share/yaml_cpp_vendor/cmake/../../../opt/yaml_cpp_vendor/lib/cmake/yaml-cpp'
[6.726s] -- Found ament_lint_auto: 0.9.8 (/opt/ros/foxy/share/ament_lint_auto/cmake)
[6.879s] -- Configuring done (6.7s)
[6.982s] -- Generating done (0.1s)
[6.986s] [33mCMake Warning:
[6.987s]   Manually-specified variables were not used by the project:
[6.987s] 
[6.987s]     CATKIN_INSTALL_INTO_PREFIX_ROOT
[6.987s] 
[6.987s] [0m
[6.989s] -- Build files have been written to: /home/terranova/uav_ws/build/realsense_gazebo_plugin
[7.018s] Invoked command in '/home/terranova/uav_ws/build/realsense_gazebo_plugin' returned '0': AMENT_PREFIX_PATH=/home/terranova/uav_ws/install/gazebo_ros:/home/terranova/uav_ws/install/gazebo_msgs:/home/terranova/uav_ws/install/gazebo_dev:${AMENT_PREFIX_PATH} CMAKE_PREFIX_PATH=/home/terranova/uav_ws/install/gazebo_ros:/home/terranova/uav_ws/install/gazebo_msgs:/home/terranova/uav_ws/install/gazebo_dev LD_LIBRARY_PATH=/home/terranova/uav_ws/install/gazebo_ros/lib:/home/terranova/uav_ws/install/gazebo_msgs/lib:/opt/ros/foxy/opt/yaml_cpp_vendor/lib:/opt/ros/foxy/opt/rviz_ogre_vendor/lib:/opt/ros/foxy/lib/x86_64-linux-gnu:/opt/ros/foxy/lib:/usr/lib/x86_64-linux-gnu/gazebo-11/plugins:/usr/lib/x86_64-linux-gnu/gazebo-11/plugins:/usr/lib/x86_64-linux-gnu/gazebo-11/plugins PYTHONPATH=/home/terranova/uav_ws/install/gazebo_ros/lib/python3.8/site-packages:/home/terranova/uav_ws/install/gazebo_msgs/lib/python3.8/site-packages:/opt/ros/foxy/lib/python3.8/site-packages:/home/terranova/.local/bin /home/terranova/.local/bin/cmake /home/terranova/uav_ws/src/realsense_gazebo_plugin -DCATKIN_INSTALL_INTO_PREFIX_ROOT=0 -DCMAKE_INSTALL_PREFIX=/home/terranova/uav_ws/install/realsense_gazebo_plugin
[7.029s] Invoking command in '/home/terranova/uav_ws/build/realsense_gazebo_plugin': AMENT_PREFIX_PATH=/home/terranova/uav_ws/install/gazebo_ros:/home/terranova/uav_ws/install/gazebo_msgs:/home/terranova/uav_ws/install/gazebo_dev:${AMENT_PREFIX_PATH} CMAKE_PREFIX_PATH=/home/terranova/uav_ws/install/gazebo_ros:/home/terranova/uav_ws/install/gazebo_msgs:/home/terranova/uav_ws/install/gazebo_dev LD_LIBRARY_PATH=/home/terranova/uav_ws/install/gazebo_ros/lib:/home/terranova/uav_ws/install/gazebo_msgs/lib:/opt/ros/foxy/opt/yaml_cpp_vendor/lib:/opt/ros/foxy/opt/rviz_ogre_vendor/lib:/opt/ros/foxy/lib/x86_64-linux-gnu:/opt/ros/foxy/lib:/usr/lib/x86_64-linux-gnu/gazebo-11/plugins:/usr/lib/x86_64-linux-gnu/gazebo-11/plugins:/usr/lib/x86_64-linux-gnu/gazebo-11/plugins PYTHONPATH=/home/terranova/uav_ws/install/gazebo_ros/lib/python3.8/site-packages:/home/terranova/uav_ws/install/gazebo_msgs/lib/python3.8/site-packages:/opt/ros/foxy/lib/python3.8/site-packages:/home/terranova/.local/bin /home/terranova/.local/bin/cmake --build /home/terranova/uav_ws/build/realsense_gazebo_plugin -- -j4 -l4
[7.140s] [ 33%] [32mBuilding CXX object CMakeFiles/realsense_gazebo_plugin.dir/src/RealSensePlugin.cpp.o[0m
[7.141s] [ 66%] [32mBuilding CXX object CMakeFiles/realsense_gazebo_plugin.dir/src/gazebo_ros_realsense.cpp.o[0m
[72.014s] [100%] [32m[1mLinking CXX shared library librealsense_gazebo_plugin.so[0m
[74.400s] [100%] Built target realsense_gazebo_plugin
[74.586s] Invoked command in '/home/terranova/uav_ws/build/realsense_gazebo_plugin' returned '0': AMENT_PREFIX_PATH=/home/terranova/uav_ws/install/gazebo_ros:/home/terranova/uav_ws/install/gazebo_msgs:/home/terranova/uav_ws/install/gazebo_dev:${AMENT_PREFIX_PATH} CMAKE_PREFIX_PATH=/home/terranova/uav_ws/install/gazebo_ros:/home/terranova/uav_ws/install/gazebo_msgs:/home/terranova/uav_ws/install/gazebo_dev LD_LIBRARY_PATH=/home/terranova/uav_ws/install/gazebo_ros/lib:/home/terranova/uav_ws/install/gazebo_msgs/lib:/opt/ros/foxy/opt/yaml_cpp_vendor/lib:/opt/ros/foxy/opt/rviz_ogre_vendor/lib:/opt/ros/foxy/lib/x86_64-linux-gnu:/opt/ros/foxy/lib:/usr/lib/x86_64-linux-gnu/gazebo-11/plugins:/usr/lib/x86_64-linux-gnu/gazebo-11/plugins:/usr/lib/x86_64-linux-gnu/gazebo-11/plugins PYTHONPATH=/home/terranova/uav_ws/install/gazebo_ros/lib/python3.8/site-packages:/home/terranova/uav_ws/install/gazebo_msgs/lib/python3.8/site-packages:/opt/ros/foxy/lib/python3.8/site-packages:/home/terranova/.local/bin /home/terranova/.local/bin/cmake --build /home/terranova/uav_ws/build/realsense_gazebo_plugin -- -j4 -l4
[74.729s] Invoking command in '/home/terranova/uav_ws/build/realsense_gazebo_plugin': AMENT_PREFIX_PATH=/home/terranova/uav_ws/install/gazebo_ros:/home/terranova/uav_ws/install/gazebo_msgs:/home/terranova/uav_ws/install/gazebo_dev:${AMENT_PREFIX_PATH} CMAKE_PREFIX_PATH=/home/terranova/uav_ws/install/gazebo_ros:/home/terranova/uav_ws/install/gazebo_msgs:/home/terranova/uav_ws/install/gazebo_dev LD_LIBRARY_PATH=/home/terranova/uav_ws/install/gazebo_ros/lib:/home/terranova/uav_ws/install/gazebo_msgs/lib:/opt/ros/foxy/opt/yaml_cpp_vendor/lib:/opt/ros/foxy/opt/rviz_ogre_vendor/lib:/opt/ros/foxy/lib/x86_64-linux-gnu:/opt/ros/foxy/lib:/usr/lib/x86_64-linux-gnu/gazebo-11/plugins:/usr/lib/x86_64-linux-gnu/gazebo-11/plugins:/usr/lib/x86_64-linux-gnu/gazebo-11/plugins PYTHONPATH=/home/terranova/uav_ws/install/gazebo_ros/lib/python3.8/site-packages:/home/terranova/uav_ws/install/gazebo_msgs/lib/python3.8/site-packages:/opt/ros/foxy/lib/python3.8/site-packages:/home/terranova/.local/bin /home/terranova/.local/bin/cmake --install /home/terranova/uav_ws/build/realsense_gazebo_plugin
[74.774s] -- Install configuration: ""
[74.774s] -- Installing: /home/terranova/uav_ws/install/realsense_gazebo_plugin/lib/librealsense_gazebo_plugin.so
[74.779s] -- Set non-toolchain portion of runtime path of "/home/terranova/uav_ws/install/realsense_gazebo_plugin/lib/librealsense_gazebo_plugin.so" to ""
[74.780s] -- Installing: /home/terranova/uav_ws/install/realsense_gazebo_plugin/include/
[74.780s] -- Installing: /home/terranova/uav_ws/install/realsense_gazebo_plugin/include//realsense_gazebo_plugin
[74.781s] -- Installing: /home/terranova/uav_ws/install/realsense_gazebo_plugin/include//realsense_gazebo_plugin/RealSensePlugin.h
[74.782s] -- Installing: /home/terranova/uav_ws/install/realsense_gazebo_plugin/include//realsense_gazebo_plugin/gazebo_ros_realsense.h
[74.783s] -- Installing: /home/terranova/uav_ws/install/realsense_gazebo_plugin/share/realsense_gazebo_plugin/environment/library_path.sh
[74.783s] -- Installing: /home/terranova/uav_ws/install/realsense_gazebo_plugin/share/realsense_gazebo_plugin/environment/library_path.dsv
[74.785s] -- Installing: /home/terranova/uav_ws/install/realsense_gazebo_plugin/share/ament_index/resource_index/package_run_dependencies/realsense_gazebo_plugin
[74.786s] -- Installing: /home/terranova/uav_ws/install/realsense_gazebo_plugin/share/ament_index/resource_index/parent_prefix_path/realsense_gazebo_plugin
[74.786s] -- Installing: /home/terranova/uav_ws/install/realsense_gazebo_plugin/share/realsense_gazebo_plugin/environment/ament_prefix_path.sh
[74.787s] -- Installing: /home/terranova/uav_ws/install/realsense_gazebo_plugin/share/realsense_gazebo_plugin/environment/ament_prefix_path.dsv
[74.787s] -- Installing: /home/terranova/uav_ws/install/realsense_gazebo_plugin/share/realsense_gazebo_plugin/environment/path.sh
[74.788s] -- Installing: /home/terranova/uav_ws/install/realsense_gazebo_plugin/share/realsense_gazebo_plugin/environment/path.dsv
[74.788s] -- Installing: /home/terranova/uav_ws/install/realsense_gazebo_plugin/share/realsense_gazebo_plugin/local_setup.bash
[74.788s] -- Installing: /home/terranova/uav_ws/install/realsense_gazebo_plugin/share/realsense_gazebo_plugin/local_setup.sh
[74.789s] -- Installing: /home/terranova/uav_ws/install/realsense_gazebo_plugin/share/realsense_gazebo_plugin/local_setup.zsh
[74.789s] -- Installing: /home/terranova/uav_ws/install/realsense_gazebo_plugin/share/realsense_gazebo_plugin/local_setup.dsv
[74.789s] -- Installing: /home/terranova/uav_ws/install/realsense_gazebo_plugin/share/realsense_gazebo_plugin/package.dsv
[74.790s] -- Installing: /home/terranova/uav_ws/install/realsense_gazebo_plugin/share/ament_index/resource_index/packages/realsense_gazebo_plugin
[74.791s] -- Installing: /home/terranova/uav_ws/install/realsense_gazebo_plugin/share/realsense_gazebo_plugin/cmake/ament_cmake_export_include_directories-extras.cmake
[74.791s] -- Installing: /home/terranova/uav_ws/install/realsense_gazebo_plugin/share/realsense_gazebo_plugin/cmake/ament_cmake_export_libraries-extras.cmake
[74.792s] -- Installing: /home/terranova/uav_ws/install/realsense_gazebo_plugin/share/realsense_gazebo_plugin/cmake/realsense_gazebo_pluginConfig.cmake
[74.792s] -- Installing: /home/terranova/uav_ws/install/realsense_gazebo_plugin/share/realsense_gazebo_plugin/cmake/realsense_gazebo_pluginConfig-version.cmake
[74.793s] -- Installing: /home/terranova/uav_ws/install/realsense_gazebo_plugin/share/realsense_gazebo_plugin/package.xml
[74.802s] Invoked command in '/home/terranova/uav_ws/build/realsense_gazebo_plugin' returned '0': AMENT_PREFIX_PATH=/home/terranova/uav_ws/install/gazebo_ros:/home/terranova/uav_ws/install/gazebo_msgs:/home/terranova/uav_ws/install/gazebo_dev:${AMENT_PREFIX_PATH} CMAKE_PREFIX_PATH=/home/terranova/uav_ws/install/gazebo_ros:/home/terranova/uav_ws/install/gazebo_msgs:/home/terranova/uav_ws/install/gazebo_dev LD_LIBRARY_PATH=/home/terranova/uav_ws/install/gazebo_ros/lib:/home/terranova/uav_ws/install/gazebo_msgs/lib:/opt/ros/foxy/opt/yaml_cpp_vendor/lib:/opt/ros/foxy/opt/rviz_ogre_vendor/lib:/opt/ros/foxy/lib/x86_64-linux-gnu:/opt/ros/foxy/lib:/usr/lib/x86_64-linux-gnu/gazebo-11/plugins:/usr/lib/x86_64-linux-gnu/gazebo-11/plugins:/usr/lib/x86_64-linux-gnu/gazebo-11/plugins PYTHONPATH=/home/terranova/uav_ws/install/gazebo_ros/lib/python3.8/site-packages:/home/terranova/uav_ws/install/gazebo_msgs/lib/python3.8/site-packages:/opt/ros/foxy/lib/python3.8/site-packages:/home/terranova/.local/bin /home/terranova/.local/bin/cmake --install /home/terranova/uav_ws/build/realsense_gazebo_plugin
