[3.091s] Invoking command in '/home/terranova/uav_ws/src/joint_state_publisher': PYTHONPATH=/home/terranova/uav_ws/build/joint_state_publisher/prefix_override:/home/terranova/uav_ws/install/joint_state_publisher/lib/python3.8/site-packages:${PYTHONPATH} /usr/bin/python3 -W ignore:setup.py install is deprecated setup.py egg_info --egg-base ../../build/joint_state_publisher build --build-base /home/terranova/uav_ws/build/joint_state_publisher/build install --record /home/terranova/uav_ws/build/joint_state_publisher/install.log --single-version-externally-managed install_data
[3.917s] running egg_info
[3.918s] creating ../../build/joint_state_publisher/joint_state_publisher.egg-info
[3.959s] writing ../../build/joint_state_publisher/joint_state_publisher.egg-info/PKG-INFO
[3.960s] writing dependency_links to ../../build/joint_state_publisher/joint_state_publisher.egg-info/dependency_links.txt
[3.961s] writing entry points to ../../build/joint_state_publisher/joint_state_publisher.egg-info/entry_points.txt
[3.962s] writing requirements to ../../build/joint_state_publisher/joint_state_publisher.egg-info/requires.txt
[3.963s] writing top-level names to ../../build/joint_state_publisher/joint_state_publisher.egg-info/top_level.txt
[4.293s] writing manifest file '../../build/joint_state_publisher/joint_state_publisher.egg-info/SOURCES.txt'
[4.396s] reading manifest file '../../build/joint_state_publisher/joint_state_publisher.egg-info/SOURCES.txt'
[4.396s] adding license file 'LICENSE'
[4.398s] writing manifest file '../../build/joint_state_publisher/joint_state_publisher.egg-info/SOURCES.txt'
[4.398s] running build
[4.399s] running build_py
[4.399s] creating /home/terranova/uav_ws/build/joint_state_publisher/build
[4.399s] creating /home/terranova/uav_ws/build/joint_state_publisher/build/lib
[4.399s] creating /home/terranova/uav_ws/build/joint_state_publisher/build/lib/joint_state_publisher
[4.400s] copying joint_state_publisher/__init__.py -> /home/terranova/uav_ws/build/joint_state_publisher/build/lib/joint_state_publisher
[4.400s] copying joint_state_publisher/joint_state_publisher.py -> /home/terranova/uav_ws/build/joint_state_publisher/build/lib/joint_state_publisher
[4.400s] running install
[4.417s] running install_lib
[4.477s] creating /home/terranova/uav_ws/install/joint_state_publisher/lib/python3.8/site-packages/joint_state_publisher
[4.478s] copying /home/terranova/uav_ws/build/joint_state_publisher/build/lib/joint_state_publisher/__init__.py -> /home/terranova/uav_ws/install/joint_state_publisher/lib/python3.8/site-packages/joint_state_publisher
[4.480s] copying /home/terranova/uav_ws/build/joint_state_publisher/build/lib/joint_state_publisher/joint_state_publisher.py -> /home/terranova/uav_ws/install/joint_state_publisher/lib/python3.8/site-packages/joint_state_publisher
[4.481s] byte-compiling /home/terranova/uav_ws/install/joint_state_publisher/lib/python3.8/site-packages/joint_state_publisher/__init__.py to __init__.cpython-38.pyc
[4.482s] byte-compiling /home/terranova/uav_ws/install/joint_state_publisher/lib/python3.8/site-packages/joint_state_publisher/joint_state_publisher.py to joint_state_publisher.cpython-38.pyc
[4.488s] running install_data
[4.488s] creating /home/terranova/uav_ws/install/joint_state_publisher/share/ament_index
[4.488s] creating /home/terranova/uav_ws/install/joint_state_publisher/share/ament_index/resource_index
[4.489s] creating /home/terranova/uav_ws/install/joint_state_publisher/share/ament_index/resource_index/packages
[4.489s] copying resource/joint_state_publisher -> /home/terranova/uav_ws/install/joint_state_publisher/share/ament_index/resource_index/packages
[4.489s] copying package.xml -> /home/terranova/uav_ws/install/joint_state_publisher/share/joint_state_publisher
[4.490s] running install_egg_info
[4.545s] Copying ../../build/joint_state_publisher/joint_state_publisher.egg-info to /home/terranova/uav_ws/install/joint_state_publisher/lib/python3.8/site-packages/joint_state_publisher-2.2.0-py3.8.egg-info
[4.547s] running install_scripts
[4.683s] Installing joint_state_publisher script to /home/terranova/uav_ws/install/joint_state_publisher/lib/joint_state_publisher
[4.684s] writing list of installed files to '/home/terranova/uav_ws/build/joint_state_publisher/install.log'
[4.757s] Invoked command in '/home/terranova/uav_ws/src/joint_state_publisher' returned '0': PYTHONPATH=/home/terranova/uav_ws/build/joint_state_publisher/prefix_override:/home/terranova/uav_ws/install/joint_state_publisher/lib/python3.8/site-packages:${PYTHONPATH} /usr/bin/python3 -W ignore:setup.py install is deprecated setup.py egg_info --egg-base ../../build/joint_state_publisher build --build-base /home/terranova/uav_ws/build/joint_state_publisher/build install --record /home/terranova/uav_ws/build/joint_state_publisher/install.log --single-version-externally-managed install_data
