-- The C compiler identification is GNU 9.4.0
-- The CXX compiler identification is GNU 9.4.0
-- Detecting C compiler ABI info
-- Detecting C compiler ABI info - done
-- Check for working C compiler: /usr/lib/ccache/cc - skipped
-- Detecting C compile features
-- Detecting C compile features - done
-- Detecting CXX compiler ABI info
-- Detecting CXX compiler ABI info - done
-- Check for working CXX compiler: /usr/lib/ccache/c++ - skipped
-- Detecting CXX compile features
-- Detecting CXX compile features - done
-- Found ament_cmake_python: 0.9.12 (/opt/ros/foxy/share/ament_cmake_python/cmake)
-- Found ament_cmake_ros: 0.9.2 (/opt/ros/foxy/share/ament_cmake_ros/cmake)
[33mCMake Warning (dev) at /opt/ros/foxy/share/ament_cmake_core/cmake/core/python.cmake:22 (find_package):
  Policy CMP0148 is not set: The FindPythonInterp and FindPythonLibs modules
  are removed.  Run "cmake --help-policy CMP0148" for policy details.  Use
  the cmake_policy command to set the policy and suppress this warning.

Call Stack (most recent call first):
  /opt/ros/foxy/share/ament_cmake_core/cmake/core/all.cmake:53 (include)
  /opt/ros/foxy/share/ament_cmake_core/cmake/ament_cmake_core-extras.cmake:17 (include)
  /opt/ros/foxy/share/ament_cmake_core/cmake/ament_cmake_coreConfig.cmake:41 (include)
  /opt/ros/foxy/share/ament_cmake_test/cmake/ament_cmake_test-extras.cmake:39 (find_package)
  /opt/ros/foxy/share/ament_cmake_test/cmake/ament_cmake_testConfig.cmake:41 (include)
  /opt/ros/foxy/share/ament_cmake_pytest/cmake/ament_cmake_pytest-extras.cmake:17 (find_package)
  /opt/ros/foxy/share/ament_cmake_pytest/cmake/ament_cmake_pytestConfig.cmake:41 (include)
  /opt/ros/foxy/share/ament_cmake_ros/cmake/ament_cmake_ros-extras.cmake:19 (find_package)
  /opt/ros/foxy/share/ament_cmake_ros/cmake/ament_cmake_rosConfig.cmake:41 (include)
  CMakeLists.txt:5 (find_package)
This warning is for project developers.  Use -Wno-dev to suppress it.
[0m
-- Found PythonInterp: /usr/bin/python3 (found suitable version "3.8.10", minimum required is "3") 
-- Using PYTHON_EXECUTABLE: /usr/bin/python3
-- Found OpenCV: /usr (found version "4.2.0") found components: calib3d core highgui imgproc 
-- Found sensor_msgs: 2.0.5 (/opt/ros/foxy/share/sensor_msgs/cmake)
-- Using all available rosidl_typesupport_c: rosidl_typesupport_fastrtps_c;rosidl_typesupport_introspection_c
-- Found rosidl_adapter: 1.3.1 (/opt/ros/foxy/share/rosidl_adapter/cmake)
-- Found OpenSSL: /usr/lib/x86_64-linux-gnu/libcrypto.so (found version "1.1.1f")  
-- Found FastRTPS: /opt/ros/foxy/include  
-- Using all available rosidl_typesupport_cpp: rosidl_typesupport_fastrtps_cpp;rosidl_typesupport_introspection_cpp
-- Found gtest sources under '/opt/ros/foxy/src/gtest_vendor': C++ tests using 'Google Test' will be built
[0mCMake Deprecation Warning at /opt/ros/foxy/src/gtest_vendor/CMakeLists.txt:2 (cmake_minimum_required):
  Compatibility with CMake < 3.5 will be removed from a future version of
  CMake.

  Update the VERSION argument <min> value or use a ...<max> suffix to tell
  CMake that the project does not need compatibility with older versions.

[0m
-- Performing Test CMAKE_HAVE_LIBC_PTHREAD
-- Performing Test CMAKE_HAVE_LIBC_PTHREAD - Failed
-- Check if compiler accepts -pthread
-- Check if compiler accepts -pthread - yes
-- Found Threads: TRUE  
-- Configuring done (4.0s)
-- Generating done (0.0s)
-- Build files have been written to: /home/terranova/uav_ws/build/image_geometry
[  9%] [32mBuilding CXX object CMakeFiles/image_geometry.dir/src/pinhole_camera_model.cpp.o[0m
[ 18%] [32mBuilding CXX object CMakeFiles/image_geometry.dir/src/stereo_camera_model.cpp.o[0m
[ 27%] [32m[1mLinking CXX shared library libimage_geometry.so[0m
[ 27%] Built target image_geometry
[ 36%] [32mBuilding CXX object gtest/CMakeFiles/gtest.dir/src/gtest-all.cc.o[0m
[ 45%] [32m[1mLinking CXX static library libgtest.a[0m
[ 45%] Built target gtest
[ 54%] [32mBuilding CXX object gtest/CMakeFiles/gtest_main.dir/src/gtest_main.cc.o[0m
[ 63%] [32m[1mLinking CXX static library libgtest_main.a[0m
[ 63%] Built target gtest_main
[ 72%] [32mBuilding CXX object test/CMakeFiles/image_geometry-utest.dir/utest.cpp.o[0m
[ 81%] [32m[1mLinking CXX executable image_geometry-utest[0m
[ 81%] Built target image_geometry-utest
[ 90%] [32mBuilding CXX object test/CMakeFiles/image_geometry-utest-equi.dir/utest_equi.cpp.o[0m
[100%] [32m[1mLinking CXX executable image_geometry-utest-equi[0m
[100%] Built target image_geometry-utest-equi
-- Install configuration: ""
-- Installing: /home/terranova/uav_ws/install/image_geometry/share/image_geometry/environment/pythonpath.sh
-- Installing: /home/terranova/uav_ws/install/image_geometry/share/image_geometry/environment/pythonpath.dsv
-- Installing: /home/terranova/uav_ws/install/image_geometry/lib/python3.8/site-packages/image_geometry
-- Installing: /home/terranova/uav_ws/install/image_geometry/lib/python3.8/site-packages/image_geometry/__init__.py
-- Installing: /home/terranova/uav_ws/install/image_geometry/lib/python3.8/site-packages/image_geometry/cameramodels.py
Listing '/home/terranova/uav_ws/install/image_geometry/lib/python3.8/site-packages/image_geometry'...
Compiling '/home/terranova/uav_ws/install/image_geometry/lib/python3.8/site-packages/image_geometry/__init__.py'...
Compiling '/home/terranova/uav_ws/install/image_geometry/lib/python3.8/site-packages/image_geometry/cameramodels.py'...
-- Installing: /home/terranova/uav_ws/install/image_geometry/include/image_geometry
-- Installing: /home/terranova/uav_ws/install/image_geometry/include/image_geometry/stereo_camera_model.h
-- Installing: /home/terranova/uav_ws/install/image_geometry/include/image_geometry/visibility_control.hpp
-- Installing: /home/terranova/uav_ws/install/image_geometry/include/image_geometry/pinhole_camera_model.h
-- Installing: /home/terranova/uav_ws/install/image_geometry/lib/libimage_geometry.so
-- Set non-toolchain portion of runtime path of "/home/terranova/uav_ws/install/image_geometry/lib/libimage_geometry.so" to ""
-- Installing: /home/terranova/uav_ws/install/image_geometry/share/image_geometry/environment/library_path.sh
-- Installing: /home/terranova/uav_ws/install/image_geometry/share/image_geometry/environment/library_path.dsv
-- Installing: /home/terranova/uav_ws/install/image_geometry/share/ament_index/resource_index/package_run_dependencies/image_geometry
-- Installing: /home/terranova/uav_ws/install/image_geometry/share/ament_index/resource_index/parent_prefix_path/image_geometry
-- Installing: /home/terranova/uav_ws/install/image_geometry/share/image_geometry/environment/ament_prefix_path.sh
-- Installing: /home/terranova/uav_ws/install/image_geometry/share/image_geometry/environment/ament_prefix_path.dsv
-- Installing: /home/terranova/uav_ws/install/image_geometry/share/image_geometry/environment/path.sh
-- Installing: /home/terranova/uav_ws/install/image_geometry/share/image_geometry/environment/path.dsv
-- Installing: /home/terranova/uav_ws/install/image_geometry/share/image_geometry/local_setup.bash
-- Installing: /home/terranova/uav_ws/install/image_geometry/share/image_geometry/local_setup.sh
-- Installing: /home/terranova/uav_ws/install/image_geometry/share/image_geometry/local_setup.zsh
-- Installing: /home/terranova/uav_ws/install/image_geometry/share/image_geometry/local_setup.dsv
-- Installing: /home/terranova/uav_ws/install/image_geometry/share/image_geometry/package.dsv
-- Installing: /home/terranova/uav_ws/install/image_geometry/share/ament_index/resource_index/packages/image_geometry
-- Installing: /home/terranova/uav_ws/install/image_geometry/share/image_geometry/cmake/ament_cmake_export_libraries-extras.cmake
-- Installing: /home/terranova/uav_ws/install/image_geometry/share/image_geometry/cmake/ament_cmake_export_dependencies-extras.cmake
-- Installing: /home/terranova/uav_ws/install/image_geometry/share/image_geometry/cmake/ament_cmake_export_include_directories-extras.cmake
-- Installing: /home/terranova/uav_ws/install/image_geometry/share/image_geometry/cmake/image_geometryConfig.cmake
-- Installing: /home/terranova/uav_ws/install/image_geometry/share/image_geometry/cmake/image_geometryConfig-version.cmake
-- Installing: /home/terranova/uav_ws/install/image_geometry/share/image_geometry/package.xml
