[0.036s] Invoking command in '/home/terranova/uav_ws/build/image_geometry': CMAKE_PREFIX_PATH=/opt/ros/foxy /home/terranova/.local/bin/cmake /home/terranova/uav_ws/src/vision_opencv/image_geometry -DCMAKE_INSTALL_PREFIX=/home/terranova/uav_ws/install/image_geometry
[0.314s] -- The C compiler identification is GNU 9.4.0
[0.483s] -- The CXX compiler identification is GNU 9.4.0
[0.532s] -- Detecting C compiler ABI info
[0.719s] -- Detecting C compiler ABI info - done
[0.769s] -- Check for working C compiler: /usr/lib/ccache/cc - skipped
[0.770s] -- Detecting C compile features
[0.776s] -- Detecting C compile features - done
[0.850s] -- Detecting CXX compiler ABI info
[1.128s] -- Detecting CXX compiler ABI info - done
[1.233s] -- Check for working CXX compiler: /usr/lib/ccache/c++ - skipped
[1.235s] -- Detecting CXX compile features
[1.237s] -- Detecting CXX compile features - done
[1.246s] -- Found ament_cmake_python: 0.9.12 (/opt/ros/foxy/share/ament_cmake_python/cmake)
[1.252s] -- Found ament_cmake_ros: 0.9.2 (/opt/ros/foxy/share/ament_cmake_ros/cmake)
[1.282s] [33mCMake Warning (dev) at /opt/ros/foxy/share/ament_cmake_core/cmake/core/python.cmake:22 (find_package):
[1.283s]   Policy CMP0148 is not set: The FindPythonInterp and FindPythonLibs modules
[1.283s]   are removed.  Run "cmake --help-policy CMP0148" for policy details.  Use
[1.283s]   the cmake_policy command to set the policy and suppress this warning.
[1.283s] 
[1.283s] Call Stack (most recent call first):
[1.284s]   /opt/ros/foxy/share/ament_cmake_core/cmake/core/all.cmake:53 (include)
[1.284s]   /opt/ros/foxy/share/ament_cmake_core/cmake/ament_cmake_core-extras.cmake:17 (include)
[1.284s]   /opt/ros/foxy/share/ament_cmake_core/cmake/ament_cmake_coreConfig.cmake:41 (include)
[1.284s]   /opt/ros/foxy/share/ament_cmake_test/cmake/ament_cmake_test-extras.cmake:39 (find_package)
[1.285s]   /opt/ros/foxy/share/ament_cmake_test/cmake/ament_cmake_testConfig.cmake:41 (include)
[1.285s]   /opt/ros/foxy/share/ament_cmake_pytest/cmake/ament_cmake_pytest-extras.cmake:17 (find_package)
[1.285s]   /opt/ros/foxy/share/ament_cmake_pytest/cmake/ament_cmake_pytestConfig.cmake:41 (include)
[1.285s]   /opt/ros/foxy/share/ament_cmake_ros/cmake/ament_cmake_ros-extras.cmake:19 (find_package)
[1.285s]   /opt/ros/foxy/share/ament_cmake_ros/cmake/ament_cmake_rosConfig.cmake:41 (include)
[1.286s]   CMakeLists.txt:5 (find_package)
[1.286s] This warning is for project developers.  Use -Wno-dev to suppress it.
[1.286s] [0m
[1.356s] -- Found PythonInterp: /usr/bin/python3 (found suitable version "3.8.10", minimum required is "3") 
[1.357s] -- Using PYTHON_EXECUTABLE: /usr/bin/python3
[2.320s] -- Found OpenCV: /usr (found version "4.2.0") found components: calib3d core highgui imgproc 
[2.325s] -- Found sensor_msgs: 2.0.5 (/opt/ros/foxy/share/sensor_msgs/cmake)
[2.416s] -- Using all available rosidl_typesupport_c: rosidl_typesupport_fastrtps_c;rosidl_typesupport_introspection_c
[2.439s] -- Found rosidl_adapter: 1.3.1 (/opt/ros/foxy/share/rosidl_adapter/cmake)
[2.659s] -- Found OpenSSL: /usr/lib/x86_64-linux-gnu/libcrypto.so (found version "1.1.1f")  
[2.751s] -- Found FastRTPS: /opt/ros/foxy/include  
[2.991s] -- Using all available rosidl_typesupport_cpp: rosidl_typesupport_fastrtps_cpp;rosidl_typesupport_introspection_cpp
[3.540s] -- Found gtest sources under '/opt/ros/foxy/src/gtest_vendor': C++ tests using 'Google Test' will be built
[3.543s] [0mCMake Deprecation Warning at /opt/ros/foxy/src/gtest_vendor/CMakeLists.txt:2 (cmake_minimum_required):
[3.543s]   Compatibility with CMake < 3.5 will be removed from a future version of
[3.544s]   CMake.
[3.544s] 
[3.544s]   Update the VERSION argument <min> value or use a ...<max> suffix to tell
[3.544s]   CMake that the project does not need compatibility with older versions.
[3.545s] 
[3.545s] [0m
[3.549s] -- Performing Test CMAKE_HAVE_LIBC_PTHREAD
[3.736s] -- Performing Test CMAKE_HAVE_LIBC_PTHREAD - Failed
[3.736s] -- Check if compiler accepts -pthread
[3.931s] -- Check if compiler accepts -pthread - yes
[3.934s] -- Found Threads: TRUE  
[4.115s] -- Configuring done (4.0s)
[4.172s] -- Generating done (0.0s)
[4.178s] -- Build files have been written to: /home/terranova/uav_ws/build/image_geometry
[4.221s] Invoked command in '/home/terranova/uav_ws/build/image_geometry' returned '0': CMAKE_PREFIX_PATH=/opt/ros/foxy /home/terranova/.local/bin/cmake /home/terranova/uav_ws/src/vision_opencv/image_geometry -DCMAKE_INSTALL_PREFIX=/home/terranova/uav_ws/install/image_geometry
[4.223s] Invoking command in '/home/terranova/uav_ws/build/image_geometry': CMAKE_PREFIX_PATH=/opt/ros/foxy /home/terranova/.local/bin/cmake --build /home/terranova/uav_ws/build/image_geometry -- -j4 -l4
[4.363s] [  9%] [32mBuilding CXX object CMakeFiles/image_geometry.dir/src/pinhole_camera_model.cpp.o[0m
[7.912s] [ 18%] [32mBuilding CXX object CMakeFiles/image_geometry.dir/src/stereo_camera_model.cpp.o[0m
[10.576s] [ 27%] [32m[1mLinking CXX shared library libimage_geometry.so[0m
[10.854s] [ 27%] Built target image_geometry
[10.873s] [ 36%] [32mBuilding CXX object gtest/CMakeFiles/gtest.dir/src/gtest-all.cc.o[0m
[11.276s] [ 45%] [32m[1mLinking CXX static library libgtest.a[0m
[11.375s] [ 45%] Built target gtest
[11.394s] [ 54%] [32mBuilding CXX object gtest/CMakeFiles/gtest_main.dir/src/gtest_main.cc.o[0m
[11.677s] [ 63%] [32m[1mLinking CXX static library libgtest_main.a[0m
[11.710s] [ 63%] Built target gtest_main
[11.730s] [ 72%] [32mBuilding CXX object test/CMakeFiles/image_geometry-utest.dir/utest.cpp.o[0m
[18.323s] [ 81%] [32m[1mLinking CXX executable image_geometry-utest[0m
[19.290s] [ 81%] Built target image_geometry-utest
[19.330s] [ 90%] [32mBuilding CXX object test/CMakeFiles/image_geometry-utest-equi.dir/utest_equi.cpp.o[0m
[25.369s] [100%] [32m[1mLinking CXX executable image_geometry-utest-equi[0m
[25.799s] [100%] Built target image_geometry-utest-equi
[25.825s] Invoked command in '/home/terranova/uav_ws/build/image_geometry' returned '0': CMAKE_PREFIX_PATH=/opt/ros/foxy /home/terranova/.local/bin/cmake --build /home/terranova/uav_ws/build/image_geometry -- -j4 -l4
[26.020s] Invoking command in '/home/terranova/uav_ws/build/image_geometry': CMAKE_PREFIX_PATH=/opt/ros/foxy /home/terranova/.local/bin/cmake --install /home/terranova/uav_ws/build/image_geometry
[26.108s] -- Install configuration: ""
[26.108s] -- Installing: /home/terranova/uav_ws/install/image_geometry/share/image_geometry/environment/pythonpath.sh
[26.115s] -- Installing: /home/terranova/uav_ws/install/image_geometry/share/image_geometry/environment/pythonpath.dsv
[26.115s] -- Installing: /home/terranova/uav_ws/install/image_geometry/lib/python3.8/site-packages/image_geometry
[26.115s] -- Installing: /home/terranova/uav_ws/install/image_geometry/lib/python3.8/site-packages/image_geometry/__init__.py
[26.115s] -- Installing: /home/terranova/uav_ws/install/image_geometry/lib/python3.8/site-packages/image_geometry/cameramodels.py
[26.193s] Listing '/home/terranova/uav_ws/install/image_geometry/lib/python3.8/site-packages/image_geometry'...
[26.194s] Compiling '/home/terranova/uav_ws/install/image_geometry/lib/python3.8/site-packages/image_geometry/__init__.py'...
[26.194s] Compiling '/home/terranova/uav_ws/install/image_geometry/lib/python3.8/site-packages/image_geometry/cameramodels.py'...
[26.208s] -- Installing: /home/terranova/uav_ws/install/image_geometry/include/image_geometry
[26.209s] -- Installing: /home/terranova/uav_ws/install/image_geometry/include/image_geometry/stereo_camera_model.h
[26.213s] -- Installing: /home/terranova/uav_ws/install/image_geometry/include/image_geometry/visibility_control.hpp
[26.216s] -- Installing: /home/terranova/uav_ws/install/image_geometry/include/image_geometry/pinhole_camera_model.h
[26.219s] -- Installing: /home/terranova/uav_ws/install/image_geometry/lib/libimage_geometry.so
[26.224s] -- Set non-toolchain portion of runtime path of "/home/terranova/uav_ws/install/image_geometry/lib/libimage_geometry.so" to ""
[26.225s] -- Installing: /home/terranova/uav_ws/install/image_geometry/share/image_geometry/environment/library_path.sh
[26.228s] -- Installing: /home/terranova/uav_ws/install/image_geometry/share/image_geometry/environment/library_path.dsv
[26.236s] -- Installing: /home/terranova/uav_ws/install/image_geometry/share/ament_index/resource_index/package_run_dependencies/image_geometry
[26.238s] -- Installing: /home/terranova/uav_ws/install/image_geometry/share/ament_index/resource_index/parent_prefix_path/image_geometry
[26.243s] -- Installing: /home/terranova/uav_ws/install/image_geometry/share/image_geometry/environment/ament_prefix_path.sh
[26.245s] -- Installing: /home/terranova/uav_ws/install/image_geometry/share/image_geometry/environment/ament_prefix_path.dsv
[26.248s] -- Installing: /home/terranova/uav_ws/install/image_geometry/share/image_geometry/environment/path.sh
[26.248s] -- Installing: /home/terranova/uav_ws/install/image_geometry/share/image_geometry/environment/path.dsv
[26.248s] -- Installing: /home/terranova/uav_ws/install/image_geometry/share/image_geometry/local_setup.bash
[26.248s] -- Installing: /home/terranova/uav_ws/install/image_geometry/share/image_geometry/local_setup.sh
[26.248s] -- Installing: /home/terranova/uav_ws/install/image_geometry/share/image_geometry/local_setup.zsh
[26.249s] -- Installing: /home/terranova/uav_ws/install/image_geometry/share/image_geometry/local_setup.dsv
[26.256s] -- Installing: /home/terranova/uav_ws/install/image_geometry/share/image_geometry/package.dsv
[26.257s] -- Installing: /home/terranova/uav_ws/install/image_geometry/share/ament_index/resource_index/packages/image_geometry
[26.257s] -- Installing: /home/terranova/uav_ws/install/image_geometry/share/image_geometry/cmake/ament_cmake_export_libraries-extras.cmake
[26.257s] -- Installing: /home/terranova/uav_ws/install/image_geometry/share/image_geometry/cmake/ament_cmake_export_dependencies-extras.cmake
[26.258s] -- Installing: /home/terranova/uav_ws/install/image_geometry/share/image_geometry/cmake/ament_cmake_export_include_directories-extras.cmake
[26.258s] -- Installing: /home/terranova/uav_ws/install/image_geometry/share/image_geometry/cmake/image_geometryConfig.cmake
[26.258s] -- Installing: /home/terranova/uav_ws/install/image_geometry/share/image_geometry/cmake/image_geometryConfig-version.cmake
[26.261s] -- Installing: /home/terranova/uav_ws/install/image_geometry/share/image_geometry/package.xml
[26.282s] Invoked command in '/home/terranova/uav_ws/build/image_geometry' returned '0': CMAKE_PREFIX_PATH=/opt/ros/foxy /home/terranova/.local/bin/cmake --install /home/terranova/uav_ws/build/image_geometry
