[4.367s] Invoking command in '/home/terranova/uav_ws/src/joint_state_publisher': PYTHONPATH=/home/terranova/uav_ws/build/joint_state_publisher/prefix_override:/home/terranova/uav_ws/install/joint_state_publisher/lib/python3.8/site-packages:${PYTHONPATH} /usr/bin/python3 -W ignore:setup.py install is deprecated setup.py egg_info --egg-base ../../build/joint_state_publisher build --build-base /home/terranova/uav_ws/build/joint_state_publisher/build install --record /home/terranova/uav_ws/build/joint_state_publisher/install.log --single-version-externally-managed install_data
[5.974s] running egg_info
[6.084s] writing ../../build/joint_state_publisher/joint_state_publisher.egg-info/PKG-INFO
[6.090s] writing dependency_links to ../../build/joint_state_publisher/joint_state_publisher.egg-info/dependency_links.txt
[6.092s] writing entry points to ../../build/joint_state_publisher/joint_state_publisher.egg-info/entry_points.txt
[6.092s] writing requirements to ../../build/joint_state_publisher/joint_state_publisher.egg-info/requires.txt
[6.093s] writing top-level names to ../../build/joint_state_publisher/joint_state_publisher.egg-info/top_level.txt
[7.189s] reading manifest file '../../build/joint_state_publisher/joint_state_publisher.egg-info/SOURCES.txt'
[7.190s] adding license file 'LICENSE'
[7.194s] writing manifest file '../../build/joint_state_publisher/joint_state_publisher.egg-info/SOURCES.txt'
[7.194s] running build
[7.194s] running build_py
[7.199s] copying joint_state_publisher/__init__.py -> /home/terranova/uav_ws/build/joint_state_publisher/build/lib/joint_state_publisher
[7.200s] copying joint_state_publisher/joint_state_publisher.py -> /home/terranova/uav_ws/build/joint_state_publisher/build/lib/joint_state_publisher
[7.201s] running install
[7.231s] running install_lib
[7.372s] running install_data
[7.372s] copying resource/joint_state_publisher -> /home/terranova/uav_ws/install/joint_state_publisher/share/ament_index/resource_index/packages
[7.372s] copying package.xml -> /home/terranova/uav_ws/install/joint_state_publisher/share/joint_state_publisher
[7.372s] running install_egg_info
[7.496s] removing '/home/terranova/uav_ws/install/joint_state_publisher/lib/python3.8/site-packages/joint_state_publisher-2.2.0-py3.8.egg-info' (and everything under it)
[7.500s] Copying ../../build/joint_state_publisher/joint_state_publisher.egg-info to /home/terranova/uav_ws/install/joint_state_publisher/lib/python3.8/site-packages/joint_state_publisher-2.2.0-py3.8.egg-info
[7.519s] running install_scripts
[7.819s] Installing joint_state_publisher script to /home/terranova/uav_ws/install/joint_state_publisher/lib/joint_state_publisher
[7.825s] writing list of installed files to '/home/terranova/uav_ws/build/joint_state_publisher/install.log'
[7.963s] Invoked command in '/home/terranova/uav_ws/src/joint_state_publisher' returned '0': PYTHONPATH=/home/terranova/uav_ws/build/joint_state_publisher/prefix_override:/home/terranova/uav_ws/install/joint_state_publisher/lib/python3.8/site-packages:${PYTHONPATH} /usr/bin/python3 -W ignore:setup.py install is deprecated setup.py egg_info --egg-base ../../build/joint_state_publisher build --build-base /home/terranova/uav_ws/build/joint_state_publisher/build install --record /home/terranova/uav_ws/build/joint_state_publisher/install.log --single-version-externally-managed install_data
