[0.046s] Invoking command in '/home/terranova/uav_ws/build/dynamixel_sdk': CMAKE_PREFIX_PATH=/opt/ros/foxy /home/terranova/.local/bin/cmake /home/terranova/uav_ws/src/utils/DynamixelSDK/dynamixel_sdk -DCMAKE_INSTALL_PREFIX=/home/terranova/uav_ws/install/dynamixel_sdk
[0.238s] -- The C compiler identification is GNU 9.4.0
[0.392s] -- The CXX compiler identification is GNU 9.4.0
[0.443s] -- Detecting C compiler ABI info
[0.699s] -- Detecting C compiler ABI info - done
[0.751s] -- Check for working C compiler: /usr/lib/ccache/cc - skipped
[0.752s] -- Detecting C compile features
[0.756s] -- Detecting C compile features - done
[0.785s] -- Detecting CXX compiler ABI info
[0.964s] -- Detecting CXX compiler ABI info - done
[1.002s] -- Check for working CXX compiler: /usr/lib/ccache/c++ - skipped
[1.004s] -- Detecting CXX compile features
[1.006s] -- Detecting CXX compile features - done
[1.016s] -- Found ament_cmake: 0.9.12 (/opt/ros/foxy/share/ament_cmake/cmake)
[1.038s] [33mCMake Warning (dev) at /opt/ros/foxy/share/ament_cmake_core/cmake/core/python.cmake:22 (find_package):
[1.039s]   Policy CMP0148 is not set: The FindPythonInterp and FindPythonLibs modules
[1.039s]   are removed.  Run "cmake --help-policy CMP0148" for policy details.  Use
[1.039s]   the cmake_policy command to set the policy and suppress this warning.
[1.039s] 
[1.039s] Call Stack (most recent call first):
[1.039s]   /opt/ros/foxy/share/ament_cmake_core/cmake/core/all.cmake:53 (include)
[1.040s]   /opt/ros/foxy/share/ament_cmake_core/cmake/ament_cmake_core-extras.cmake:17 (include)
[1.040s]   /opt/ros/foxy/share/ament_cmake_core/cmake/ament_cmake_coreConfig.cmake:41 (include)
[1.040s]   /opt/ros/foxy/share/ament_cmake/cmake/ament_cmake_export_dependencies-extras.cmake:15 (find_package)
[1.040s]   /opt/ros/foxy/share/ament_cmake/cmake/ament_cmakeConfig.cmake:41 (include)
[1.040s]   CMakeLists.txt:18 (find_package)
[1.041s] This warning is for project developers.  Use -Wno-dev to suppress it.
[1.041s] [0m
[1.108s] -- Found PythonInterp: /usr/bin/python3 (found suitable version "3.8.10", minimum required is "3") 
[1.109s] -- Using PYTHON_EXECUTABLE: /usr/bin/python3
[1.987s] -- Configuring done (1.9s)
[2.002s] -- Generating done (0.0s)
[2.006s] -- Build files have been written to: /home/terranova/uav_ws/build/dynamixel_sdk
[2.030s] Invoked command in '/home/terranova/uav_ws/build/dynamixel_sdk' returned '0': CMAKE_PREFIX_PATH=/opt/ros/foxy /home/terranova/.local/bin/cmake /home/terranova/uav_ws/src/utils/DynamixelSDK/dynamixel_sdk -DCMAKE_INSTALL_PREFIX=/home/terranova/uav_ws/install/dynamixel_sdk
[2.032s] Invoking command in '/home/terranova/uav_ws/build/dynamixel_sdk': CMAKE_PREFIX_PATH=/opt/ros/foxy /home/terranova/.local/bin/cmake --build /home/terranova/uav_ws/build/dynamixel_sdk -- -j4 -l4
[2.148s] [ 10%] [32mBuilding CXX object CMakeFiles/dynamixel_sdk.dir/src/dynamixel_sdk/packet_handler.cpp.o[0m
[2.160s] [ 20%] [32mBuilding CXX object CMakeFiles/dynamixel_sdk.dir/src/dynamixel_sdk/protocol1_packet_handler.cpp.o[0m
[2.168s] [ 30%] [32mBuilding CXX object CMakeFiles/dynamixel_sdk.dir/src/dynamixel_sdk/protocol2_packet_handler.cpp.o[0m
[2.191s] [ 40%] [32mBuilding CXX object CMakeFiles/dynamixel_sdk.dir/src/dynamixel_sdk/group_sync_read.cpp.o[0m
[2.197s] [ 50%] [32mBuilding CXX object CMakeFiles/dynamixel_sdk.dir/src/dynamixel_sdk/group_sync_write.cpp.o[0m
[2.212s] [ 60%] [32mBuilding CXX object CMakeFiles/dynamixel_sdk.dir/src/dynamixel_sdk/group_bulk_read.cpp.o[0m
[2.233s] [ 70%] [32mBuilding CXX object CMakeFiles/dynamixel_sdk.dir/src/dynamixel_sdk/group_bulk_write.cpp.o[0m
[2.235s] [ 80%] [32mBuilding CXX object CMakeFiles/dynamixel_sdk.dir/src/dynamixel_sdk/port_handler.cpp.o[0m
[2.259s] [ 90%] [32mBuilding CXX object CMakeFiles/dynamixel_sdk.dir/src/dynamixel_sdk/port_handler_linux.cpp.o[0m
[2.291s] [100%] [32m[1mLinking CXX shared library libdynamixel_sdk.so[0m
[2.546s] [100%] Built target dynamixel_sdk
[2.590s] Invoked command in '/home/terranova/uav_ws/build/dynamixel_sdk' returned '0': CMAKE_PREFIX_PATH=/opt/ros/foxy /home/terranova/.local/bin/cmake --build /home/terranova/uav_ws/build/dynamixel_sdk -- -j4 -l4
[2.754s] Invoking command in '/home/terranova/uav_ws/build/dynamixel_sdk': CMAKE_PREFIX_PATH=/opt/ros/foxy /home/terranova/.local/bin/cmake --install /home/terranova/uav_ws/build/dynamixel_sdk
[2.829s] -- Install configuration: ""
[2.830s] -- Installing: /home/terranova/uav_ws/install/dynamixel_sdk/include/
[2.831s] -- Installing: /home/terranova/uav_ws/install/dynamixel_sdk/include//dynamixel_sdk
[2.832s] -- Installing: /home/terranova/uav_ws/install/dynamixel_sdk/include//dynamixel_sdk/group_sync_write.h
[2.833s] -- Installing: /home/terranova/uav_ws/install/dynamixel_sdk/include//dynamixel_sdk/port_handler_linux.h
[2.833s] -- Installing: /home/terranova/uav_ws/install/dynamixel_sdk/include//dynamixel_sdk/packet_handler.h
[2.834s] -- Installing: /home/terranova/uav_ws/install/dynamixel_sdk/include//dynamixel_sdk/port_handler_arduino.h
[2.839s] -- Installing: /home/terranova/uav_ws/install/dynamixel_sdk/include//dynamixel_sdk/protocol2_packet_handler.h
[2.839s] -- Installing: /home/terranova/uav_ws/install/dynamixel_sdk/include//dynamixel_sdk/group_bulk_write.h
[2.839s] -- Installing: /home/terranova/uav_ws/install/dynamixel_sdk/include//dynamixel_sdk/port_handler_mac.h
[2.840s] -- Installing: /home/terranova/uav_ws/install/dynamixel_sdk/include//dynamixel_sdk/port_handler_windows.h
[2.841s] -- Installing: /home/terranova/uav_ws/install/dynamixel_sdk/include//dynamixel_sdk/dynamixel_sdk.h
[2.842s] -- Installing: /home/terranova/uav_ws/install/dynamixel_sdk/include//dynamixel_sdk/protocol1_packet_handler.h
[2.843s] -- Installing: /home/terranova/uav_ws/install/dynamixel_sdk/include//dynamixel_sdk/group_bulk_read.h
[2.843s] -- Installing: /home/terranova/uav_ws/install/dynamixel_sdk/include//dynamixel_sdk/port_handler.h
[2.844s] -- Installing: /home/terranova/uav_ws/install/dynamixel_sdk/include//dynamixel_sdk/group_sync_read.h
[2.844s] -- Installing: /home/terranova/uav_ws/install/dynamixel_sdk/lib/libdynamixel_sdk.so
[2.847s] -- Installing: /home/terranova/uav_ws/install/dynamixel_sdk/share/dynamixel_sdk/environment/library_path.sh
[2.859s] -- Installing: /home/terranova/uav_ws/install/dynamixel_sdk/share/dynamixel_sdk/environment/library_path.dsv
[2.860s] -- Installing: /home/terranova/uav_ws/install/dynamixel_sdk/share/ament_index/resource_index/package_run_dependencies/dynamixel_sdk
[2.860s] -- Installing: /home/terranova/uav_ws/install/dynamixel_sdk/share/ament_index/resource_index/parent_prefix_path/dynamixel_sdk
[2.860s] -- Installing: /home/terranova/uav_ws/install/dynamixel_sdk/share/dynamixel_sdk/environment/ament_prefix_path.sh
[2.860s] -- Installing: /home/terranova/uav_ws/install/dynamixel_sdk/share/dynamixel_sdk/environment/ament_prefix_path.dsv
[2.860s] -- Installing: /home/terranova/uav_ws/install/dynamixel_sdk/share/dynamixel_sdk/environment/path.sh
[2.860s] -- Installing: /home/terranova/uav_ws/install/dynamixel_sdk/share/dynamixel_sdk/environment/path.dsv
[2.861s] -- Installing: /home/terranova/uav_ws/install/dynamixel_sdk/share/dynamixel_sdk/local_setup.bash
[2.861s] -- Installing: /home/terranova/uav_ws/install/dynamixel_sdk/share/dynamixel_sdk/local_setup.sh
[2.861s] -- Installing: /home/terranova/uav_ws/install/dynamixel_sdk/share/dynamixel_sdk/local_setup.zsh
[2.861s] -- Installing: /home/terranova/uav_ws/install/dynamixel_sdk/share/dynamixel_sdk/local_setup.dsv
[2.861s] -- Installing: /home/terranova/uav_ws/install/dynamixel_sdk/share/dynamixel_sdk/package.dsv
[2.862s] -- Installing: /home/terranova/uav_ws/install/dynamixel_sdk/share/ament_index/resource_index/packages/dynamixel_sdk
[2.862s] -- Installing: /home/terranova/uav_ws/install/dynamixel_sdk/share/dynamixel_sdk/cmake/ament_cmake_export_include_directories-extras.cmake
[2.862s] -- Installing: /home/terranova/uav_ws/install/dynamixel_sdk/share/dynamixel_sdk/cmake/ament_cmake_export_libraries-extras.cmake
[2.862s] -- Installing: /home/terranova/uav_ws/install/dynamixel_sdk/share/dynamixel_sdk/cmake/dynamixel_sdkConfig.cmake
[2.862s] -- Installing: /home/terranova/uav_ws/install/dynamixel_sdk/share/dynamixel_sdk/cmake/dynamixel_sdkConfig-version.cmake
[2.863s] -- Installing: /home/terranova/uav_ws/install/dynamixel_sdk/share/dynamixel_sdk/package.xml
[2.872s] Invoked command in '/home/terranova/uav_ws/build/dynamixel_sdk' returned '0': CMAKE_PREFIX_PATH=/opt/ros/foxy /home/terranova/.local/bin/cmake --install /home/terranova/uav_ws/build/dynamixel_sdk
