[0.091s] Invoking command in '/home/terranova/uav_ws/build/gazebo_plugins': AMENT_PREFIX_PATH=/home/terranova/uav_ws/install/gazebo_ros:/home/terranova/uav_ws/install/gazebo_msgs:/home/terranova/uav_ws/install/gazebo_dev:/home/terranova/uav_ws/install/cv_bridge:${AMENT_PREFIX_PATH} CMAKE_PREFIX_PATH=/home/terranova/uav_ws/install/gazebo_ros:/home/terranova/uav_ws/install/gazebo_msgs:/home/terranova/uav_ws/install/gazebo_dev:/home/terranova/uav_ws/install/cv_bridge:/opt/ros/foxy LD_LIBRARY_PATH=/home/terranova/uav_ws/install/gazebo_ros/lib:/home/terranova/uav_ws/install/gazebo_msgs/lib:/home/terranova/uav_ws/install/cv_bridge/lib:/opt/ros/foxy/opt/yaml_cpp_vendor/lib:/opt/ros/foxy/opt/rviz_ogre_vendor/lib:/opt/ros/foxy/lib/x86_64-linux-gnu:/opt/ros/foxy/lib:/usr/lib/x86_64-linux-gnu/gazebo-11/plugins:/usr/lib/x86_64-linux-gnu/gazebo-11/plugins:/usr/lib/x86_64-linux-gnu/gazebo-11/plugins PYTHONPATH=/home/terranova/uav_ws/install/gazebo_ros/lib/python3.8/site-packages:/home/terranova/uav_ws/install/gazebo_msgs/lib/python3.8/site-packages:/home/terranova/uav_ws/install/cv_bridge/lib/python3.8/site-packages:/opt/ros/foxy/lib/python3.8/site-packages:/home/terranova/.local/bin /home/terranova/.local/bin/cmake /home/terranova/uav_ws/src/gazebo_ros_pkgs/gazebo_plugins -DCMAKE_INSTALL_PREFIX=/home/terranova/uav_ws/install/gazebo_plugins
[0.359s] -- The C compiler identification is GNU 9.4.0
[0.470s] -- The CXX compiler identification is GNU 9.4.0
[0.516s] -- Detecting C compiler ABI info
[0.619s] -- Detecting C compiler ABI info - done
[0.642s] -- Check for working C compiler: /usr/lib/ccache/cc - skipped
[0.646s] -- Detecting C compile features
[0.647s] -- Detecting C compile features - done
[0.677s] -- Detecting CXX compiler ABI info
[0.818s] -- Detecting CXX compiler ABI info - done
[0.840s] -- Check for working CXX compiler: /usr/lib/ccache/c++ - skipped
[0.841s] -- Detecting CXX compile features
[0.842s] -- Detecting CXX compile features - done
[0.856s] -- Found ament_cmake: 0.9.12 (/opt/ros/foxy/share/ament_cmake/cmake)
[0.874s] [33mCMake Warning (dev) at /opt/ros/foxy/share/ament_cmake_core/cmake/core/python.cmake:22 (find_package):
[0.874s]   Policy CMP0148 is not set: The FindPythonInterp and FindPythonLibs modules
[0.874s]   are removed.  Run "cmake --help-policy CMP0148" for policy details.  Use
[0.874s]   the cmake_policy command to set the policy and suppress this warning.
[0.874s] 
[0.874s] Call Stack (most recent call first):
[0.874s]   /opt/ros/foxy/share/ament_cmake_core/cmake/core/all.cmake:53 (include)
[0.874s]   /opt/ros/foxy/share/ament_cmake_core/cmake/ament_cmake_core-extras.cmake:17 (include)
[0.875s]   /opt/ros/foxy/share/ament_cmake_core/cmake/ament_cmake_coreConfig.cmake:41 (include)
[0.875s]   /opt/ros/foxy/share/ament_cmake/cmake/ament_cmake_export_dependencies-extras.cmake:15 (find_package)
[0.875s]   /opt/ros/foxy/share/ament_cmake/cmake/ament_cmakeConfig.cmake:41 (include)
[0.875s]   CMakeLists.txt:24 (find_package)
[0.875s] This warning is for project developers.  Use -Wno-dev to suppress it.
[0.875s] [0m
[0.921s] -- Found PythonInterp: /usr/bin/python3 (found suitable version "3.8.10", minimum required is "3") 
[0.921s] -- Using PYTHON_EXECUTABLE: /usr/bin/python3
[1.673s] -- Found camera_info_manager: 2.4.0 (/opt/ros/foxy/share/camera_info_manager/cmake)
[1.815s] -- Using all available rosidl_typesupport_c: rosidl_typesupport_fastrtps_c;rosidl_typesupport_introspection_c
[1.836s] -- Found rosidl_adapter: 1.3.1 (/opt/ros/foxy/share/rosidl_adapter/cmake)
[2.036s] -- Found OpenSSL: /usr/lib/x86_64-linux-gnu/libcrypto.so (found version "1.1.1f")  
[2.120s] -- Found FastRTPS: /opt/ros/foxy/include  
[2.323s] -- Using all available rosidl_typesupport_cpp: rosidl_typesupport_fastrtps_cpp;rosidl_typesupport_introspection_cpp
[2.466s] -- Found rmw_implementation_cmake: 1.0.4 (/opt/ros/foxy/share/rmw_implementation_cmake/cmake)
[2.471s] -- Using RMW implementation 'rmw_fastrtps_cpp' as default
[2.473s] -- Performing Test CMAKE_HAVE_LIBC_PTHREAD
[2.620s] -- Performing Test CMAKE_HAVE_LIBC_PTHREAD - Failed
[2.621s] -- Looking for pthread_create in pthreads
[2.721s] -- Looking for pthread_create in pthreads - not found
[2.722s] -- Looking for pthread_create in pthread
[2.851s] -- Looking for pthread_create in pthread - found
[2.854s] -- Found Threads: TRUE  
[3.737s] -- Setting yaml-cpp_DIR to: '/opt/ros/foxy/share/yaml_cpp_vendor/cmake/../../../opt/yaml_cpp_vendor/lib/cmake/yaml-cpp'
[3.902s] -- Found gazebo_dev: 3.5.3 (/home/terranova/uav_ws/install/gazebo_dev/share/gazebo_dev/cmake)
[3.916s] -- Found PkgConfig: /usr/bin/pkg-config (found version "0.29.1") 
[3.920s] -- Checking for module 'bullet>=2.82'
[3.950s] --   Found bullet, version 2.88
[4.229s] -- Found ccd: /usr/include (found suitable version "2.0", minimum required is "2.0") 
[4.353s] -- Found fcl: /usr/include (found suitable version "0.5.0", minimum required is "0.3.2") 
[4.489s] -- Found assimp: /usr/include (found version "5.0.0") 
[4.544s] -- Found DART: /usr/include (Required is at least version "6.6") found components: dart 
[4.619s] -- Found Boost: /usr/lib/x86_64-linux-gnu/cmake/Boost-1.71.0/BoostConfig.cmake (found suitable version "1.71.0", minimum required is "1.40.0") found components: thread system filesystem program_options regex iostreams date_time 
[4.672s] -- Found Protobuf: /usr/lib/x86_64-linux-gnu/libprotobuf.so;-lpthread (found version "3.6.1") 
[4.687s] -- Looking for ignition-math6 -- found version 6.15.1
[4.705s] -- Searching for dependencies of ignition-math6
[4.710s] -- Looking for OGRE...
[4.711s] -- OGRE_PREFIX_WATCH changed.
[4.724s] -- Checking for module 'OGRE'
[4.754s] --   Found OGRE, version 1.9.0
[4.831s] -- Found Ogre Ghadamon (1.9.0)
[4.863s] -- Found OGRE: optimized;/usr/lib/x86_64-linux-gnu/libOgreMain.so;debug;/usr/lib/x86_64-linux-gnu/libOgreMain.so
[4.881s] -- Looking for OGRE_Paging...
[4.908s] -- Found OGRE_Paging: optimized;/usr/lib/x86_64-linux-gnu/libOgrePaging.so;debug;/usr/lib/x86_64-linux-gnu/libOgrePaging.so
[4.908s] -- Looking for OGRE_Terrain...
[4.945s] -- Found OGRE_Terrain: optimized;/usr/lib/x86_64-linux-gnu/libOgreTerrain.so;debug;/usr/lib/x86_64-linux-gnu/libOgreTerrain.so
[4.945s] -- Looking for OGRE_Property...
[4.974s] -- Found OGRE_Property: optimized;/usr/lib/x86_64-linux-gnu/libOgreProperty.so;debug;/usr/lib/x86_64-linux-gnu/libOgreProperty.so
[4.974s] -- Looking for OGRE_RTShaderSystem...
[5.002s] -- Found OGRE_RTShaderSystem: optimized;/usr/lib/x86_64-linux-gnu/libOgreRTShaderSystem.so;debug;/usr/lib/x86_64-linux-gnu/libOgreRTShaderSystem.so
[5.002s] -- Looking for OGRE_Volume...
[5.037s] -- Found OGRE_Volume: optimized;/usr/lib/x86_64-linux-gnu/libOgreVolume.so;debug;/usr/lib/x86_64-linux-gnu/libOgreVolume.so
[5.037s] -- Looking for OGRE_Overlay...
[5.076s] -- Found OGRE_Overlay: optimized;/usr/lib/x86_64-linux-gnu/libOgreOverlay.so;debug;/usr/lib/x86_64-linux-gnu/libOgreOverlay.so
[5.751s] -- Looking for ignition-math6 -- found version 6.15.1
[5.758s] -- Looking for ignition-transport8 -- found version 8.5.0
[5.760s] -- Searching for dependencies of ignition-transport8
[5.814s] -- Config-file not installed for ZeroMQ -- checking for pkg-config
[5.822s] -- Checking for module 'libzmq >= 4'
[5.857s] --   Found libzmq, version 4.3.2
[5.950s] -- Found ZeroMQ: TRUE (Required is at least version "4") 
[5.965s] -- Checking for module 'uuid'
[6.004s] --   Found uuid, version 2.34.0
[6.103s] -- Found UUID: TRUE  
[6.110s] -- Looking for ignition-msgs5 -- found version 5.11.0
[6.111s] -- Searching for dependencies of ignition-msgs5
[6.160s] -- Found Protobuf: /usr/lib/x86_64-linux-gnu/libprotobuf.so;-lpthread (found suitable version "3.6.1", minimum required is "3") 
[6.162s] -- Looking for ignition-math6 -- found version 6.15.1
[6.174s] -- Checking for module 'tinyxml2'
[6.213s] --   Found tinyxml2, version 6.2.0
[6.316s] -- Looking for ignition-msgs5 -- found version 5.11.0
[6.323s] -- Looking for ignition-common3 -- found version 3.17.0
[6.324s] -- Searching for dependencies of ignition-common3
[6.325s] -- Looking for dlfcn.h - found
[6.329s] -- Looking for libdl - found
[6.332s] -- Found DL: TRUE  
[6.358s] -- Searching for <ignition-common3> component [graphics]
[6.365s] -- Looking for ignition-common3-graphics -- found version 3.17.0
[6.366s] -- Searching for dependencies of ignition-common3-graphics
[6.366s] -- Looking for ignition-math6 -- found version 6.15.1
[6.375s] -- Looking for ignition-fuel_tools4 -- found version 4.9.1
[6.376s] -- Searching for dependencies of ignition-fuel_tools4
[6.585s] -- Found CURL: /usr/lib/x86_64-linux-gnu/libcurl.so (found version "7.68.0")  
[6.598s] -- Checking for module 'jsoncpp'
[6.624s] --   Found jsoncpp, version 1.7.4
[6.691s] -- Found JSONCPP: TRUE  
[6.700s] -- Checking for module 'libzip'
[6.726s] --   Found libzip, version 1.5.1
[6.815s] -- Found ZIP: TRUE  
[6.816s] -- Looking for ignition-common3 -- found version 3.17.0
[6.817s] -- Looking for ignition-math6 -- found version 6.15.1
[6.817s] -- Looking for ignition-msgs5 -- found version 5.11.0
[6.820s] -- Gazebo version: 11.14
[6.821s] -- Found gazebo_msgs: 3.5.3 (/home/terranova/uav_ws/install/gazebo_msgs/share/gazebo_msgs/cmake)
[7.299s] -- Found gazebo_ros: 3.5.3 (/home/terranova/uav_ws/install/gazebo_ros/share/gazebo_ros/cmake)
[7.328s] -- Found image_transport: 2.4.0 (/opt/ros/foxy/share/image_transport/cmake)
[7.486s] -- Found cv_bridge: 3.0.7 (/home/terranova/uav_ws/install/cv_bridge/share/cv_bridge/cmake)
[7.577s] -- Found nav_msgs: 2.0.5 (/opt/ros/foxy/share/nav_msgs/cmake)
[7.808s] -- Found std_srvs: 2.0.5 (/opt/ros/foxy/share/std_srvs/cmake)
[7.858s] -- Found tf2: 0.13.14 (/opt/ros/foxy/share/tf2/cmake)
[7.892s] -- Found tf2_geometry_msgs: 0.13.14 (/opt/ros/foxy/share/tf2_geometry_msgs/cmake)
[7.922s] -- Found eigen3_cmake_module: 0.1.1 (/opt/ros/foxy/share/eigen3_cmake_module/cmake)
[7.927s] -- Found Eigen3: TRUE (found version "3.3.7") 
[10.459s] -- Found ament_cmake_gtest: 0.9.12 (/opt/ros/foxy/share/ament_cmake_gtest/cmake)
[10.483s] -- Found gtest sources under '/opt/ros/foxy/src/gtest_vendor': C++ tests using 'Google Test' will be built
[10.487s] [0mCMake Deprecation Warning at /opt/ros/foxy/src/gtest_vendor/CMakeLists.txt:2 (cmake_minimum_required):
[10.488s]   Compatibility with CMake < 3.5 will be removed from a future version of
[10.488s]   CMake.
[10.488s] 
[10.488s]   Update the VERSION argument <min> value or use a ...<max> suffix to tell
[10.488s]   CMake that the project does not need compatibility with older versions.
[10.488s] 
[10.489s] [0m
[10.492s] -- Check if compiler accepts -pthread
[10.677s] -- Check if compiler accepts -pthread - yes
[13.410s] -- Found ament_lint_auto: 0.9.8 (/opt/ros/foxy/share/ament_lint_auto/cmake)
[13.635s] -- Added test 'copyright' to check source files copyright and LICENSE
[13.648s] -- Added test 'cppcheck' to perform static code analysis on C / C++ code
[13.660s] -- Configured cppcheck include dirs: /home/terranova/uav_ws/src/gazebo_ros_pkgs/gazebo_plugins/include
[13.660s] -- Configured cppcheck exclude dirs and/or files: 
[13.672s] -- Added test 'cpplint' to check C / C++ code against the Google style
[13.672s] -- Configured cpplint exclude dirs and/or files: 
[13.677s] -- Added test 'lint_cmake' to check CMake code style
[13.691s] -- Added test 'uncrustify' to check C / C++ code style
[13.691s] -- Configured uncrustify additional arguments: 
[13.694s] -- Added test 'xmllint' to check XML markup files
[13.700s] -- Configuring done (13.5s)
[15.234s] -- Generating done (1.2s)
[15.244s] -- Build files have been written to: /home/terranova/uav_ws/build/gazebo_plugins
[15.296s] Invoked command in '/home/terranova/uav_ws/build/gazebo_plugins' returned '0': AMENT_PREFIX_PATH=/home/terranova/uav_ws/install/gazebo_ros:/home/terranova/uav_ws/install/gazebo_msgs:/home/terranova/uav_ws/install/gazebo_dev:/home/terranova/uav_ws/install/cv_bridge:${AMENT_PREFIX_PATH} CMAKE_PREFIX_PATH=/home/terranova/uav_ws/install/gazebo_ros:/home/terranova/uav_ws/install/gazebo_msgs:/home/terranova/uav_ws/install/gazebo_dev:/home/terranova/uav_ws/install/cv_bridge:/opt/ros/foxy LD_LIBRARY_PATH=/home/terranova/uav_ws/install/gazebo_ros/lib:/home/terranova/uav_ws/install/gazebo_msgs/lib:/home/terranova/uav_ws/install/cv_bridge/lib:/opt/ros/foxy/opt/yaml_cpp_vendor/lib:/opt/ros/foxy/opt/rviz_ogre_vendor/lib:/opt/ros/foxy/lib/x86_64-linux-gnu:/opt/ros/foxy/lib:/usr/lib/x86_64-linux-gnu/gazebo-11/plugins:/usr/lib/x86_64-linux-gnu/gazebo-11/plugins:/usr/lib/x86_64-linux-gnu/gazebo-11/plugins PYTHONPATH=/home/terranova/uav_ws/install/gazebo_ros/lib/python3.8/site-packages:/home/terranova/uav_ws/install/gazebo_msgs/lib/python3.8/site-packages:/home/terranova/uav_ws/install/cv_bridge/lib/python3.8/site-packages:/opt/ros/foxy/lib/python3.8/site-packages:/home/terranova/.local/bin /home/terranova/.local/bin/cmake /home/terranova/uav_ws/src/gazebo_ros_pkgs/gazebo_plugins -DCMAKE_INSTALL_PREFIX=/home/terranova/uav_ws/install/gazebo_plugins
[15.302s] Invoking command in '/home/terranova/uav_ws/build/gazebo_plugins': AMENT_PREFIX_PATH=/home/terranova/uav_ws/install/gazebo_ros:/home/terranova/uav_ws/install/gazebo_msgs:/home/terranova/uav_ws/install/gazebo_dev:/home/terranova/uav_ws/install/cv_bridge:${AMENT_PREFIX_PATH} CMAKE_PREFIX_PATH=/home/terranova/uav_ws/install/gazebo_ros:/home/terranova/uav_ws/install/gazebo_msgs:/home/terranova/uav_ws/install/gazebo_dev:/home/terranova/uav_ws/install/cv_bridge:/opt/ros/foxy LD_LIBRARY_PATH=/home/terranova/uav_ws/install/gazebo_ros/lib:/home/terranova/uav_ws/install/gazebo_msgs/lib:/home/terranova/uav_ws/install/cv_bridge/lib:/opt/ros/foxy/opt/yaml_cpp_vendor/lib:/opt/ros/foxy/opt/rviz_ogre_vendor/lib:/opt/ros/foxy/lib/x86_64-linux-gnu:/opt/ros/foxy/lib:/usr/lib/x86_64-linux-gnu/gazebo-11/plugins:/usr/lib/x86_64-linux-gnu/gazebo-11/plugins:/usr/lib/x86_64-linux-gnu/gazebo-11/plugins PYTHONPATH=/home/terranova/uav_ws/install/gazebo_ros/lib/python3.8/site-packages:/home/terranova/uav_ws/install/gazebo_msgs/lib/python3.8/site-packages:/home/terranova/uav_ws/install/cv_bridge/lib/python3.8/site-packages:/opt/ros/foxy/lib/python3.8/site-packages:/home/terranova/.local/bin /home/terranova/.local/bin/cmake --build /home/terranova/uav_ws/build/gazebo_plugins -- -j4 -l4
[15.390s] [  1%] [32mBuilding CXX object CMakeFiles/gazebo_ros_force.dir/src/gazebo_ros_force.cpp.o[0m
[15.402s] [  2%] [32mBuilding CXX object CMakeFiles/gazebo_ros_template.dir/src/gazebo_ros_template.cpp.o[0m
[15.406s] [  3%] [32mBuilding CXX object CMakeFiles/gazebo_ros_joint_state_publisher.dir/src/gazebo_ros_joint_state_publisher.cpp.o[0m
[15.419s] [  4%] [32mBuilding CXX object CMakeFiles/gazebo_ros_diff_drive.dir/src/gazebo_ros_diff_drive.cpp.o[0m
[55.367s] [  5%] [32m[1mLinking CXX shared library libgazebo_ros_template.so[0m
[57.644s] [  5%] Built target gazebo_ros_template
[61.127s] [  7%] [32m[1mLinking CXX shared library libgazebo_ros_joint_state_publisher.so[0m
[62.452s] [  7%] Built target gazebo_ros_joint_state_publisher
[66.127s] [  8%] [32m[1mLinking CXX shared library libgazebo_ros_force.so[0m
[67.663s] [  8%] Built target gazebo_ros_force
[69.325s] [  9%] [32m[1mLinking CXX shared library libgazebo_ros_diff_drive.so[0m
[70.740s] [  9%] Built target gazebo_ros_diff_drive
[70.764s] [ 10%] [32mBuilding CXX object CMakeFiles/gazebo_ros_gps_sensor.dir/src/gazebo_ros_gps_sensor.cpp.o[0m
[85.790s] [ 11%] [32mBuilding CXX object CMakeFiles/gazebo_ros_ray_sensor.dir/src/gazebo_ros_ray_sensor.cpp.o[0m
[86.804s] [ 13%] [32mBuilding CXX object CMakeFiles/gazebo_ros_imu_sensor.dir/src/gazebo_ros_imu_sensor.cpp.o[0m
[87.827s] [ 14%] [32mBuilding CXX object CMakeFiles/multi_camera_plugin.dir/src/multi_camera_plugin.cpp.o[0m
[91.114s] [ 15%] [32m[1mLinking CXX shared library libgazebo_ros_gps_sensor.so[0m
[92.580s] [ 15%] Built target gazebo_ros_gps_sensor
[92.606s] [ 16%] [32mBuilding CXX object CMakeFiles/gazebo_ros_p3d.dir/src/gazebo_ros_p3d.cpp.o[0m
[92.803s] [ 17%] [32m[1mLinking CXX shared library libmulti_camera_plugin.so[0m
[93.489s] [ 17%] Built target multi_camera_plugin
[93.522s] [ 19%] [32mBuilding CXX object CMakeFiles/gazebo_ros_tricycle_drive.dir/src/gazebo_ros_tricycle_drive.cpp.o[0m
[118.182s] [ 20%] [32m[1mLinking CXX shared library libgazebo_ros_imu_sensor.so[0m
[119.397s] [ 20%] Built target gazebo_ros_imu_sensor
[119.425s] [ 21%] [32mBuilding CXX object CMakeFiles/gazebo_ros_video.dir/src/gazebo_ros_video.cpp.o[0m
[125.648s] [ 22%] [32m[1mLinking CXX shared library libgazebo_ros_p3d.so[0m
[126.601s] [ 23%] [32m[1mLinking CXX shared library libgazebo_ros_ray_sensor.so[0m
[127.252s] [ 23%] Built target gazebo_ros_p3d
[128.447s] [ 23%] Built target gazebo_ros_ray_sensor
[130.476s] [ 25%] [32mBuilding CXX object CMakeFiles/gazebo_ros_bumper.dir/src/gazebo_ros_bumper.cpp.o[0m
[131.498s] [ 26%] [32mBuilding CXX object CMakeFiles/gazebo_ros_ft_sensor.dir/src/gazebo_ros_ft_sensor.cpp.o[0m
[132.626s] [ 27%] [32m[1mLinking CXX shared library libgazebo_ros_tricycle_drive.so[0m
[134.595s] [ 27%] Built target gazebo_ros_tricycle_drive
[134.632s] [ 28%] [32mBuilding CXX object CMakeFiles/gazebo_ros_harness.dir/src/gazebo_ros_harness.cpp.o[0m
[163.527s] [ 29%] [32m[1mLinking CXX shared library libgazebo_ros_ft_sensor.so[0m
[164.058s] [ 30%] [32m[1mLinking CXX shared library libgazebo_ros_bumper.so[0m
[164.898s] [ 30%] Built target gazebo_ros_ft_sensor
[164.946s] [ 32%] [32mBuilding CXX object CMakeFiles/gazebo_ros_hand_of_god.dir/src/gazebo_ros_hand_of_god.cpp.o[0m
[165.774s] [ 32%] Built target gazebo_ros_bumper
[165.814s] [ 33%] [32mBuilding CXX object CMakeFiles/gazebo_ros_ackermann_drive.dir/src/gazebo_ros_ackermann_drive.cpp.o[0m
[172.758s] [ 34%] [32m[1mLinking CXX shared library libgazebo_ros_harness.so[0m
[174.489s] [ 34%] Built target gazebo_ros_harness
[174.518s] [ 35%] [32mBuilding CXX object CMakeFiles/gazebo_ros_elevator.dir/src/gazebo_ros_elevator.cpp.o[0m
[175.555s] [ 36%] [32m[1mLinking CXX shared library libgazebo_ros_video.so[0m
[178.970s] [ 36%] Built target gazebo_ros_video
[193.624s] [ 38%] [32m[1mLinking CXX shared library libgazebo_ros_hand_of_god.so[0m
[195.159s] [ 38%] Built target gazebo_ros_hand_of_god
[196.187s] [ 39%] [32mBuilding CXX object CMakeFiles/gazebo_ros_joint_pose_trajectory.dir/src/gazebo_ros_joint_pose_trajectory.cpp.o[0m
[198.236s] [ 40%] [32mBuilding CXX object CMakeFiles/gazebo_ros_vacuum_gripper.dir/src/gazebo_ros_vacuum_gripper.cpp.o[0m
[199.368s] [ 41%] [32m[1mLinking CXX shared library libgazebo_ros_elevator.so[0m
[200.812s] [ 41%] Built target gazebo_ros_elevator
[202.209s] [ 42%] [32m[1mLinking CXX shared library libgazebo_ros_ackermann_drive.so[0m
[203.648s] [ 42%] Built target gazebo_ros_ackermann_drive
[205.689s] [ 44%] [32mBuilding CXX object CMakeFiles/gazebo_ros_projector.dir/src/gazebo_ros_projector.cpp.o[0m
[206.720s] [ 45%] [32mBuilding CXX object CMakeFiles/gazebo_ros_planar_move.dir/src/gazebo_ros_planar_move.cpp.o[0m
[230.070s] [ 46%] [32m[1mLinking CXX shared library libgazebo_ros_vacuum_gripper.so[0m
[231.146s] [ 47%] [32m[1mLinking CXX shared library libgazebo_ros_joint_pose_trajectory.so[0m
[231.362s] [ 47%] Built target gazebo_ros_vacuum_gripper
[231.394s] [ 48%] [32mBuilding CXX object CMakeFiles/gazebo_ros_wheel_slip.dir/src/gazebo_ros_wheel_slip.cpp.o[0m
[232.788s] [ 48%] Built target gazebo_ros_joint_pose_trajectory
[232.818s] [ 50%] [32mBuilding CXX object gtest/CMakeFiles/gtest_main.dir/src/gtest_main.cc.o[0m
[232.863s] [ 51%] [32m[1mLinking CXX static library libgtest_main.a[0m
[232.903s] [ 51%] Built target gtest_main
[232.930s] [ 52%] [32mBuilding CXX object gtest/CMakeFiles/gtest.dir/src/gtest-all.cc.o[0m
[232.990s] [ 53%] [32m[1mLinking CXX static library libgtest.a[0m
[233.079s] [ 53%] Built target gtest
[233.112s] [ 54%] [32mBuilding CXX object CMakeFiles/gazebo_ros_camera.dir/src/gazebo_ros_camera.cpp.o[0m
[245.240s] [ 55%] [32m[1mLinking CXX shared library libgazebo_ros_projector.so[0m
[245.603s] [ 57%] [32m[1mLinking CXX shared library libgazebo_ros_planar_move.so[0m
[247.291s] [ 57%] Built target gazebo_ros_projector
[247.323s] [ 58%] [32mBuilding CXX object test/CMakeFiles/test_gazebo_ros_ackermann_drive.dir/test_gazebo_ros_ackermann_drive.cpp.o[0m
[247.813s] [ 58%] Built target gazebo_ros_planar_move
[247.842s] [ 59%] [32mBuilding CXX object test/CMakeFiles/test_gazebo_ros_bumper.dir/test_gazebo_ros_bumper.cpp.o[0m
[264.245s] [ 60%] [32m[1mLinking CXX shared library libgazebo_ros_wheel_slip.so[0m
[265.223s] [ 60%] Built target gazebo_ros_wheel_slip
[266.250s] [ 61%] [32mBuilding CXX object test/CMakeFiles/test_gazebo_ros_diff_drive.dir/test_gazebo_ros_diff_drive.cpp.o[0m
[295.011s] [ 63%] [32m[1mLinking CXX shared library libgazebo_ros_camera.so[0m
[298.088s] [ 63%] Built target gazebo_ros_camera
[308.448s] [ 64%] [32m[1mLinking CXX executable test_gazebo_ros_bumper[0m
[309.535s] [ 65%] [32m[1mLinking CXX executable test_gazebo_ros_ackermann_drive[0m
[312.598s] [ 65%] Built target test_gazebo_ros_bumper
[314.012s] [ 65%] Built target test_gazebo_ros_ackermann_drive
[316.034s] [ 66%] [32mBuilding CXX object test/CMakeFiles/test_gazebo_ros_ft_sensor.dir/test_gazebo_ros_ft_sensor.cpp.o[0m
[317.049s] [ 67%] [32mBuilding CXX object test/CMakeFiles/test_gazebo_ros_force.dir/test_gazebo_ros_force.cpp.o[0m
[318.073s] [ 69%] [32mBuilding CXX object test/CMakeFiles/test_gazebo_ros_elevator.dir/test_gazebo_ros_elevator.cpp.o[0m
[325.858s] [ 70%] [32m[1mLinking CXX executable test_gazebo_ros_diff_drive[0m
[330.534s] [ 70%] Built target test_gazebo_ros_diff_drive
[330.563s] [ 71%] [32mBuilding CXX object test/CMakeFiles/test_gazebo_ros_hand_of_god.dir/test_gazebo_ros_hand_of_god.cpp.o[0m
[373.198s] [ 72%] [32m[1mLinking CXX executable test_gazebo_ros_force[0m
[376.848s] [ 73%] [32m[1mLinking CXX executable test_gazebo_ros_elevator[0m
[379.497s] [ 73%] Built target test_gazebo_ros_force
[380.562s] [ 73%] Built target test_gazebo_ros_elevator
[381.605s] [ 75%] [32mBuilding CXX object test/CMakeFiles/test_gazebo_ros_imu_sensor.dir/test_gazebo_ros_imu_sensor.cpp.o[0m
[382.219s] [ 76%] [32m[1mLinking CXX executable test_gazebo_ros_hand_of_god[0m
[382.620s] [ 77%] [32mBuilding CXX object test/CMakeFiles/test_gazebo_ros_harness.dir/test_gazebo_ros_harness.cpp.o[0m
[383.140s] [ 78%] [32m[1mLinking CXX executable test_gazebo_ros_ft_sensor[0m
[386.535s] [ 78%] Built target test_gazebo_ros_hand_of_god
[386.562s] [ 79%] [32mBuilding CXX object test/CMakeFiles/test_gazebo_ros_gps_sensor.dir/test_gazebo_ros_gps_sensor.cpp.o[0m
[387.607s] [ 79%] Built target test_gazebo_ros_ft_sensor
[387.630s] [ 80%] [32mBuilding CXX object test/CMakeFiles/test_gazebo_ros_joint_pose_trajectory.dir/test_gazebo_ros_joint_pose_trajectory.cpp.o[0m
[447.580s] [ 82%] [32m[1mLinking CXX executable test_gazebo_ros_joint_pose_trajectory[0m
[452.861s] [ 82%] Built target test_gazebo_ros_joint_pose_trajectory
[454.212s] [ 83%] [32m[1mLinking CXX executable test_gazebo_ros_harness[0m
[456.131s] [ 84%] [32m[1mLinking CXX executable test_gazebo_ros_imu_sensor[0m
[456.378s] [ 85%] [32m[1mLinking CXX executable test_gazebo_ros_gps_sensor[0m
[458.532s] [ 85%] Built target test_gazebo_ros_harness
[459.896s] [ 85%] Built target test_gazebo_ros_imu_sensor
[460.535s] [ 85%] Built target test_gazebo_ros_gps_sensor
[460.572s] [ 86%] [32mBuilding CXX object test/CMakeFiles/test_gazebo_ros_planar_move.dir/test_gazebo_ros_planar_move.cpp.o[0m
[461.579s] [ 88%] [32mBuilding CXX object test/CMakeFiles/test_gazebo_ros_ray_sensor.dir/test_gazebo_ros_ray_sensor.cpp.o[0m
[462.590s] [ 89%] [32mBuilding CXX object test/CMakeFiles/test_gazebo_ros_p3d.dir/test_gazebo_ros_p3d.cpp.o[0m
[463.612s] [ 90%] [32mBuilding CXX object test/CMakeFiles/test_gazebo_ros_joint_state_publisher.dir/test_gazebo_ros_joint_state_publisher.cpp.o[0m
[535.535s] [ 91%] [32m[1mLinking CXX executable test_gazebo_ros_joint_state_publisher[0m
[540.830s] [ 91%] Built target test_gazebo_ros_joint_state_publisher
[541.967s] [ 92%] [32m[1mLinking CXX executable test_gazebo_ros_p3d[0m
[545.721s] [ 92%] Built target test_gazebo_ros_p3d
[548.242s] [ 94%] [32m[1mLinking CXX executable test_gazebo_ros_planar_move[0m
[551.563s] [ 94%] Built target test_gazebo_ros_planar_move
[557.118s] [ 95%] [32m[1mLinking CXX executable test_gazebo_ros_ray_sensor[0m
[560.388s] [ 95%] Built target test_gazebo_ros_ray_sensor
[560.426s] [ 96%] [32mBuilding CXX object test/CMakeFiles/test_gazebo_ros_vacuum_gripper.dir/test_gazebo_ros_vacuum_gripper.cpp.o[0m
[590.149s] [ 97%] [32m[1mLinking CXX executable test_gazebo_ros_vacuum_gripper[0m
[592.794s] [ 97%] Built target test_gazebo_ros_vacuum_gripper
[592.828s] [ 98%] [32mBuilding CXX object test/CMakeFiles/test_gazebo_ros_tricycle_drive.dir/test_gazebo_ros_tricycle_drive.cpp.o[0m
[625.847s] [100%] [32m[1mLinking CXX executable test_gazebo_ros_tricycle_drive[0m
[628.625s] [100%] Built target test_gazebo_ros_tricycle_drive
[628.937s] Invoked command in '/home/terranova/uav_ws/build/gazebo_plugins' returned '0': AMENT_PREFIX_PATH=/home/terranova/uav_ws/install/gazebo_ros:/home/terranova/uav_ws/install/gazebo_msgs:/home/terranova/uav_ws/install/gazebo_dev:/home/terranova/uav_ws/install/cv_bridge:${AMENT_PREFIX_PATH} CMAKE_PREFIX_PATH=/home/terranova/uav_ws/install/gazebo_ros:/home/terranova/uav_ws/install/gazebo_msgs:/home/terranova/uav_ws/install/gazebo_dev:/home/terranova/uav_ws/install/cv_bridge:/opt/ros/foxy LD_LIBRARY_PATH=/home/terranova/uav_ws/install/gazebo_ros/lib:/home/terranova/uav_ws/install/gazebo_msgs/lib:/home/terranova/uav_ws/install/cv_bridge/lib:/opt/ros/foxy/opt/yaml_cpp_vendor/lib:/opt/ros/foxy/opt/rviz_ogre_vendor/lib:/opt/ros/foxy/lib/x86_64-linux-gnu:/opt/ros/foxy/lib:/usr/lib/x86_64-linux-gnu/gazebo-11/plugins:/usr/lib/x86_64-linux-gnu/gazebo-11/plugins:/usr/lib/x86_64-linux-gnu/gazebo-11/plugins PYTHONPATH=/home/terranova/uav_ws/install/gazebo_ros/lib/python3.8/site-packages:/home/terranova/uav_ws/install/gazebo_msgs/lib/python3.8/site-packages:/home/terranova/uav_ws/install/cv_bridge/lib/python3.8/site-packages:/opt/ros/foxy/lib/python3.8/site-packages:/home/terranova/.local/bin /home/terranova/.local/bin/cmake --build /home/terranova/uav_ws/build/gazebo_plugins -- -j4 -l4
[629.212s] Invoking command in '/home/terranova/uav_ws/build/gazebo_plugins': AMENT_PREFIX_PATH=/home/terranova/uav_ws/install/gazebo_ros:/home/terranova/uav_ws/install/gazebo_msgs:/home/terranova/uav_ws/install/gazebo_dev:/home/terranova/uav_ws/install/cv_bridge:${AMENT_PREFIX_PATH} CMAKE_PREFIX_PATH=/home/terranova/uav_ws/install/gazebo_ros:/home/terranova/uav_ws/install/gazebo_msgs:/home/terranova/uav_ws/install/gazebo_dev:/home/terranova/uav_ws/install/cv_bridge:/opt/ros/foxy LD_LIBRARY_PATH=/home/terranova/uav_ws/install/gazebo_ros/lib:/home/terranova/uav_ws/install/gazebo_msgs/lib:/home/terranova/uav_ws/install/cv_bridge/lib:/opt/ros/foxy/opt/yaml_cpp_vendor/lib:/opt/ros/foxy/opt/rviz_ogre_vendor/lib:/opt/ros/foxy/lib/x86_64-linux-gnu:/opt/ros/foxy/lib:/usr/lib/x86_64-linux-gnu/gazebo-11/plugins:/usr/lib/x86_64-linux-gnu/gazebo-11/plugins:/usr/lib/x86_64-linux-gnu/gazebo-11/plugins PYTHONPATH=/home/terranova/uav_ws/install/gazebo_ros/lib/python3.8/site-packages:/home/terranova/uav_ws/install/gazebo_msgs/lib/python3.8/site-packages:/home/terranova/uav_ws/install/cv_bridge/lib/python3.8/site-packages:/opt/ros/foxy/lib/python3.8/site-packages:/home/terranova/.local/bin /home/terranova/.local/bin/cmake --install /home/terranova/uav_ws/build/gazebo_plugins
[629.260s] -- Install configuration: ""
[629.265s] -- Installing: /home/terranova/uav_ws/install/gazebo_plugins/share/gazebo_plugins/environment/library_path.sh
[629.266s] -- Installing: /home/terranova/uav_ws/install/gazebo_plugins/share/gazebo_plugins/environment/library_path.dsv
[629.267s] -- Installing: /home/terranova/uav_ws/install/gazebo_plugins/share/gazebo_plugins/environment/gazebo_plugins.sh
[629.267s] -- Installing: /home/terranova/uav_ws/install/gazebo_plugins/share/gazebo_plugins/environment/gazebo_plugins.dsv
[629.269s] -- Installing: /home/terranova/uav_ws/install/gazebo_plugins/share/ament_index/resource_index/package_run_dependencies/gazebo_plugins
[629.270s] -- Installing: /home/terranova/uav_ws/install/gazebo_plugins/share/ament_index/resource_index/parent_prefix_path/gazebo_plugins
[629.274s] -- Installing: /home/terranova/uav_ws/install/gazebo_plugins/share/gazebo_plugins/environment/ament_prefix_path.sh
[629.275s] -- Installing: /home/terranova/uav_ws/install/gazebo_plugins/share/gazebo_plugins/environment/ament_prefix_path.dsv
[629.275s] -- Installing: /home/terranova/uav_ws/install/gazebo_plugins/share/gazebo_plugins/environment/path.sh
[629.276s] -- Installing: /home/terranova/uav_ws/install/gazebo_plugins/share/gazebo_plugins/environment/path.dsv
[629.276s] -- Installing: /home/terranova/uav_ws/install/gazebo_plugins/share/gazebo_plugins/local_setup.bash
[629.277s] -- Installing: /home/terranova/uav_ws/install/gazebo_plugins/share/gazebo_plugins/local_setup.sh
[629.277s] -- Installing: /home/terranova/uav_ws/install/gazebo_plugins/share/gazebo_plugins/local_setup.zsh
[629.278s] -- Installing: /home/terranova/uav_ws/install/gazebo_plugins/share/gazebo_plugins/local_setup.dsv
[629.278s] -- Installing: /home/terranova/uav_ws/install/gazebo_plugins/share/gazebo_plugins/package.dsv
[629.279s] -- Installing: /home/terranova/uav_ws/install/gazebo_plugins/share/ament_index/resource_index/packages/gazebo_plugins
[629.279s] -- Installing: /home/terranova/uav_ws/install/gazebo_plugins/share/gazebo_plugins/cmake/ament_cmake_export_libraries-extras.cmake
[629.280s] -- Installing: /home/terranova/uav_ws/install/gazebo_plugins/share/gazebo_plugins/cmake/ament_cmake_export_include_directories-extras.cmake
[629.281s] -- Installing: /home/terranova/uav_ws/install/gazebo_plugins/share/gazebo_plugins/cmake/ament_cmake_export_dependencies-extras.cmake
[629.282s] -- Installing: /home/terranova/uav_ws/install/gazebo_plugins/share/gazebo_plugins/cmake/gazebo_pluginsConfig.cmake
[629.282s] -- Installing: /home/terranova/uav_ws/install/gazebo_plugins/share/gazebo_plugins/cmake/gazebo_pluginsConfig-version.cmake
[629.283s] -- Installing: /home/terranova/uav_ws/install/gazebo_plugins/share/gazebo_plugins/package.xml
[629.283s] -- Installing: /home/terranova/uav_ws/install/gazebo_plugins/include
[629.284s] -- Installing: /home/terranova/uav_ws/install/gazebo_plugins/include/gazebo_plugins
[629.284s] -- Installing: /home/terranova/uav_ws/install/gazebo_plugins/include/gazebo_plugins/gazebo_ros_joint_state_publisher.hpp
[629.285s] -- Installing: /home/terranova/uav_ws/install/gazebo_plugins/include/gazebo_plugins/gazebo_ros_template.hpp
[629.285s] -- Installing: /home/terranova/uav_ws/install/gazebo_plugins/include/gazebo_plugins/gazebo_ros_force.hpp
[629.286s] -- Installing: /home/terranova/uav_ws/install/gazebo_plugins/include/gazebo_plugins/gazebo_ros_ft_sensor.hpp
[629.286s] -- Installing: /home/terranova/uav_ws/install/gazebo_plugins/include/gazebo_plugins/gazebo_ros_tricycle_drive.hpp
[629.286s] -- Installing: /home/terranova/uav_ws/install/gazebo_plugins/include/gazebo_plugins/multi_camera_plugin.hpp
[629.287s] -- Installing: /home/terranova/uav_ws/install/gazebo_plugins/include/gazebo_plugins/gazebo_ros_diff_drive.hpp
[629.287s] -- Installing: /home/terranova/uav_ws/install/gazebo_plugins/include/gazebo_plugins/gazebo_ros_p3d.hpp
[629.288s] -- Installing: /home/terranova/uav_ws/install/gazebo_plugins/include/gazebo_plugins/gazebo_ros_joint_pose_trajectory.hpp
[629.288s] -- Installing: /home/terranova/uav_ws/install/gazebo_plugins/include/gazebo_plugins/gazebo_ros_ray_sensor.hpp
[629.288s] -- Installing: /home/terranova/uav_ws/install/gazebo_plugins/include/gazebo_plugins/gazebo_ros_imu_sensor.hpp
[629.289s] -- Installing: /home/terranova/uav_ws/install/gazebo_plugins/include/gazebo_plugins/gazebo_ros_camera.hpp
[629.289s] -- Installing: /home/terranova/uav_ws/install/gazebo_plugins/include/gazebo_plugins/gazebo_ros_harness.hpp
[629.290s] -- Installing: /home/terranova/uav_ws/install/gazebo_plugins/include/gazebo_plugins/gazebo_ros_bumper.hpp
[629.290s] -- Installing: /home/terranova/uav_ws/install/gazebo_plugins/include/gazebo_plugins/gazebo_ros_ackermann_drive.hpp
[629.291s] -- Installing: /home/terranova/uav_ws/install/gazebo_plugins/include/gazebo_plugins/gazebo_ros_gps_sensor.hpp
[629.291s] -- Installing: /home/terranova/uav_ws/install/gazebo_plugins/include/gazebo_plugins/gazebo_ros_hand_of_god.hpp
[629.291s] -- Installing: /home/terranova/uav_ws/install/gazebo_plugins/include/gazebo_plugins/gazebo_ros_video.hpp
[629.292s] -- Installing: /home/terranova/uav_ws/install/gazebo_plugins/include/gazebo_plugins/gazebo_ros_planar_move.hpp
[629.292s] -- Installing: /home/terranova/uav_ws/install/gazebo_plugins/include/gazebo_plugins/gazebo_ros_vacuum_gripper.hpp
[629.293s] -- Installing: /home/terranova/uav_ws/install/gazebo_plugins/include/gazebo_plugins/gazebo_ros_elevator.hpp
[629.293s] -- Installing: /home/terranova/uav_ws/install/gazebo_plugins/include/gazebo_plugins/gazebo_ros_projector.hpp
[629.293s] -- Installing: /home/terranova/uav_ws/install/gazebo_plugins/include/gazebo_plugins/gazebo_ros_wheel_slip.hpp
[629.294s] -- Installing: /home/terranova/uav_ws/install/gazebo_plugins/lib/libgazebo_ros_ackermann_drive.so
[629.338s] -- Set non-toolchain portion of runtime path of "/home/terranova/uav_ws/install/gazebo_plugins/lib/libgazebo_ros_ackermann_drive.so" to ""
[629.338s] -- Installing: /home/terranova/uav_ws/install/gazebo_plugins/lib/libgazebo_ros_bumper.so
[629.360s] -- Set non-toolchain portion of runtime path of "/home/terranova/uav_ws/install/gazebo_plugins/lib/libgazebo_ros_bumper.so" to ""
[629.360s] -- Installing: /home/terranova/uav_ws/install/gazebo_plugins/lib/libgazebo_ros_camera.so
[629.403s] -- Set non-toolchain portion of runtime path of "/home/terranova/uav_ws/install/gazebo_plugins/lib/libgazebo_ros_camera.so" to ""
[629.404s] -- Installing: /home/terranova/uav_ws/install/gazebo_plugins/lib/libgazebo_ros_diff_drive.so
[629.444s] -- Set non-toolchain portion of runtime path of "/home/terranova/uav_ws/install/gazebo_plugins/lib/libgazebo_ros_diff_drive.so" to ""
[629.444s] -- Installing: /home/terranova/uav_ws/install/gazebo_plugins/lib/libgazebo_ros_elevator.so
[629.477s] -- Set non-toolchain portion of runtime path of "/home/terranova/uav_ws/install/gazebo_plugins/lib/libgazebo_ros_elevator.so" to ""
[629.478s] -- Installing: /home/terranova/uav_ws/install/gazebo_plugins/lib/libgazebo_ros_force.so
[629.513s] -- Set non-toolchain portion of runtime path of "/home/terranova/uav_ws/install/gazebo_plugins/lib/libgazebo_ros_force.so" to ""
[629.513s] -- Installing: /home/terranova/uav_ws/install/gazebo_plugins/lib/libgazebo_ros_ft_sensor.so
[629.533s] -- Set non-toolchain portion of runtime path of "/home/terranova/uav_ws/install/gazebo_plugins/lib/libgazebo_ros_ft_sensor.so" to ""
[629.534s] -- Installing: /home/terranova/uav_ws/install/gazebo_plugins/lib/libgazebo_ros_hand_of_god.so
[629.555s] -- Set non-toolchain portion of runtime path of "/home/terranova/uav_ws/install/gazebo_plugins/lib/libgazebo_ros_hand_of_god.so" to ""
[629.555s] -- Installing: /home/terranova/uav_ws/install/gazebo_plugins/lib/libgazebo_ros_harness.so
[629.598s] -- Set non-toolchain portion of runtime path of "/home/terranova/uav_ws/install/gazebo_plugins/lib/libgazebo_ros_harness.so" to ""
[629.598s] -- Installing: /home/terranova/uav_ws/install/gazebo_plugins/lib/libgazebo_ros_imu_sensor.so
[629.618s] -- Set non-toolchain portion of runtime path of "/home/terranova/uav_ws/install/gazebo_plugins/lib/libgazebo_ros_imu_sensor.so" to ""
[629.618s] -- Installing: /home/terranova/uav_ws/install/gazebo_plugins/lib/libgazebo_ros_gps_sensor.so
[629.638s] -- Set non-toolchain portion of runtime path of "/home/terranova/uav_ws/install/gazebo_plugins/lib/libgazebo_ros_gps_sensor.so" to ""
[629.638s] -- Installing: /home/terranova/uav_ws/install/gazebo_plugins/lib/libgazebo_ros_joint_pose_trajectory.so
[629.673s] -- Set non-toolchain portion of runtime path of "/home/terranova/uav_ws/install/gazebo_plugins/lib/libgazebo_ros_joint_pose_trajectory.so" to ""
[629.674s] -- Installing: /home/terranova/uav_ws/install/gazebo_plugins/lib/libgazebo_ros_joint_state_publisher.so
[629.694s] -- Set non-toolchain portion of runtime path of "/home/terranova/uav_ws/install/gazebo_plugins/lib/libgazebo_ros_joint_state_publisher.so" to ""
[629.694s] -- Installing: /home/terranova/uav_ws/install/gazebo_plugins/lib/libgazebo_ros_planar_move.so
[629.734s] -- Set non-toolchain portion of runtime path of "/home/terranova/uav_ws/install/gazebo_plugins/lib/libgazebo_ros_planar_move.so" to ""
[629.734s] -- Installing: /home/terranova/uav_ws/install/gazebo_plugins/lib/libgazebo_ros_projector.so
[629.768s] -- Set non-toolchain portion of runtime path of "/home/terranova/uav_ws/install/gazebo_plugins/lib/libgazebo_ros_projector.so" to ""
[629.768s] -- Installing: /home/terranova/uav_ws/install/gazebo_plugins/lib/libgazebo_ros_ray_sensor.so
[629.801s] -- Set non-toolchain portion of runtime path of "/home/terranova/uav_ws/install/gazebo_plugins/lib/libgazebo_ros_ray_sensor.so" to ""
[629.802s] -- Installing: /home/terranova/uav_ws/install/gazebo_plugins/lib/libgazebo_ros_p3d.so
[629.822s] -- Set non-toolchain portion of runtime path of "/home/terranova/uav_ws/install/gazebo_plugins/lib/libgazebo_ros_p3d.so" to ""
[629.823s] -- Installing: /home/terranova/uav_ws/install/gazebo_plugins/lib/libgazebo_ros_template.so
[629.834s] -- Set non-toolchain portion of runtime path of "/home/terranova/uav_ws/install/gazebo_plugins/lib/libgazebo_ros_template.so" to ""
[629.834s] -- Installing: /home/terranova/uav_ws/install/gazebo_plugins/lib/libgazebo_ros_tricycle_drive.so
[629.876s] -- Set non-toolchain portion of runtime path of "/home/terranova/uav_ws/install/gazebo_plugins/lib/libgazebo_ros_tricycle_drive.so" to ""
[629.877s] -- Installing: /home/terranova/uav_ws/install/gazebo_plugins/lib/libgazebo_ros_vacuum_gripper.so
[629.900s] -- Set non-toolchain portion of runtime path of "/home/terranova/uav_ws/install/gazebo_plugins/lib/libgazebo_ros_vacuum_gripper.so" to ""
[629.900s] -- Installing: /home/terranova/uav_ws/install/gazebo_plugins/lib/libgazebo_ros_video.so
[629.936s] -- Set non-toolchain portion of runtime path of "/home/terranova/uav_ws/install/gazebo_plugins/lib/libgazebo_ros_video.so" to ""
[629.936s] -- Installing: /home/terranova/uav_ws/install/gazebo_plugins/lib/libmulti_camera_plugin.so
[629.948s] -- Set non-toolchain portion of runtime path of "/home/terranova/uav_ws/install/gazebo_plugins/lib/libmulti_camera_plugin.so" to ""
[629.948s] -- Installing: /home/terranova/uav_ws/install/gazebo_plugins/lib/libgazebo_ros_wheel_slip.so
[629.961s] -- Set non-toolchain portion of runtime path of "/home/terranova/uav_ws/install/gazebo_plugins/lib/libgazebo_ros_wheel_slip.so" to ""
[629.962s] -- Installing: /home/terranova/uav_ws/install/gazebo_plugins/share/gazebo_plugins//worlds
[629.963s] -- Installing: /home/terranova/uav_ws/install/gazebo_plugins/share/gazebo_plugins//worlds/gazebo_ros_ackermann_drive_demo.world
[629.964s] -- Installing: /home/terranova/uav_ws/install/gazebo_plugins/share/gazebo_plugins//worlds/gazebo_ros_camera_distortion_pincushion_demo.world
[629.964s] -- Installing: /home/terranova/uav_ws/install/gazebo_plugins/share/gazebo_plugins//worlds/gazebo_ros_camera_demo.world
[629.965s] -- Installing: /home/terranova/uav_ws/install/gazebo_plugins/share/gazebo_plugins//worlds/gazebo_ros_bumper_demo.world
[629.965s] -- Installing: /home/terranova/uav_ws/install/gazebo_plugins/share/gazebo_plugins//worlds/gazebo_ros_video_demo.world
[629.966s] -- Installing: /home/terranova/uav_ws/install/gazebo_plugins/share/gazebo_plugins//worlds/gazebo_ros_projector_demo.world
[629.966s] -- Installing: /home/terranova/uav_ws/install/gazebo_plugins/share/gazebo_plugins//worlds/gazebo_ros_multi_camera_demo.world
[629.967s] -- Installing: /home/terranova/uav_ws/install/gazebo_plugins/share/gazebo_plugins//worlds/gazebo_ros_diff_drive_demo.world
[629.967s] -- Installing: /home/terranova/uav_ws/install/gazebo_plugins/share/gazebo_plugins//worlds/gazebo_ros_gps_sensor_demo.world
[629.967s] -- Installing: /home/terranova/uav_ws/install/gazebo_plugins/share/gazebo_plugins//worlds/gazebo_ros_tricycle_drive_demo.world
[629.968s] -- Installing: /home/terranova/uav_ws/install/gazebo_plugins/share/gazebo_plugins//worlds/gazebo_ros_skid_steer_drive_demo.world
[629.968s] -- Installing: /home/terranova/uav_ws/install/gazebo_plugins/share/gazebo_plugins//worlds/gazebo_ros_ft_sensor_demo.world
[629.969s] -- Installing: /home/terranova/uav_ws/install/gazebo_plugins/share/gazebo_plugins//worlds/gazebo_ros_planar_move_demo.world
[629.969s] -- Installing: /home/terranova/uav_ws/install/gazebo_plugins/share/gazebo_plugins//worlds/gazebo_ros_camera_distortion_barrel_demo.world
[629.970s] -- Installing: /home/terranova/uav_ws/install/gazebo_plugins/share/gazebo_plugins//worlds/gazebo_ros_depth_camera_demo.world
[629.970s] -- Installing: /home/terranova/uav_ws/install/gazebo_plugins/share/gazebo_plugins//worlds/gazebo_ros_elevator_demo.world
[629.970s] -- Installing: /home/terranova/uav_ws/install/gazebo_plugins/share/gazebo_plugins//worlds/gazebo_ros_joint_pose_trajectory_demo.world
[629.971s] -- Installing: /home/terranova/uav_ws/install/gazebo_plugins/share/gazebo_plugins//worlds/gazebo_ros_vacuum_gripper_demo.world
[629.971s] -- Installing: /home/terranova/uav_ws/install/gazebo_plugins/share/gazebo_plugins//worlds/gazebo_ros_hand_of_god_demo.world
[629.972s] -- Installing: /home/terranova/uav_ws/install/gazebo_plugins/share/gazebo_plugins//worlds/gazebo_ros_harness_demo.world
[629.972s] -- Installing: /home/terranova/uav_ws/install/gazebo_plugins/share/gazebo_plugins//worlds/gazebo_ros_multicamera_demo.world
[629.972s] -- Installing: /home/terranova/uav_ws/install/gazebo_plugins/share/gazebo_plugins//worlds/gazebo_ros_p3d_demo.world
[629.973s] -- Installing: /home/terranova/uav_ws/install/gazebo_plugins/share/gazebo_plugins//worlds/gazebo_ros_force_demo.world
[629.973s] -- Installing: /home/terranova/uav_ws/install/gazebo_plugins/share/gazebo_plugins//worlds/gazebo_ros_camera_triggered_demo.world
[629.974s] -- Installing: /home/terranova/uav_ws/install/gazebo_plugins/share/gazebo_plugins//worlds/gazebo_ros_template_demo.world
[629.974s] -- Installing: /home/terranova/uav_ws/install/gazebo_plugins/share/gazebo_plugins//worlds/gazebo_ros_wheel_slip_demo.world
[629.974s] -- Installing: /home/terranova/uav_ws/install/gazebo_plugins/share/gazebo_plugins//worlds/gazebo_ros_ray_sensor_demo.world
[629.975s] -- Installing: /home/terranova/uav_ws/install/gazebo_plugins/share/gazebo_plugins//worlds/gazebo_ros_joint_state_publisher_demo.world
[629.990s] Invoked command in '/home/terranova/uav_ws/build/gazebo_plugins' returned '0': AMENT_PREFIX_PATH=/home/terranova/uav_ws/install/gazebo_ros:/home/terranova/uav_ws/install/gazebo_msgs:/home/terranova/uav_ws/install/gazebo_dev:/home/terranova/uav_ws/install/cv_bridge:${AMENT_PREFIX_PATH} CMAKE_PREFIX_PATH=/home/terranova/uav_ws/install/gazebo_ros:/home/terranova/uav_ws/install/gazebo_msgs:/home/terranova/uav_ws/install/gazebo_dev:/home/terranova/uav_ws/install/cv_bridge:/opt/ros/foxy LD_LIBRARY_PATH=/home/terranova/uav_ws/install/gazebo_ros/lib:/home/terranova/uav_ws/install/gazebo_msgs/lib:/home/terranova/uav_ws/install/cv_bridge/lib:/opt/ros/foxy/opt/yaml_cpp_vendor/lib:/opt/ros/foxy/opt/rviz_ogre_vendor/lib:/opt/ros/foxy/lib/x86_64-linux-gnu:/opt/ros/foxy/lib:/usr/lib/x86_64-linux-gnu/gazebo-11/plugins:/usr/lib/x86_64-linux-gnu/gazebo-11/plugins:/usr/lib/x86_64-linux-gnu/gazebo-11/plugins PYTHONPATH=/home/terranova/uav_ws/install/gazebo_ros/lib/python3.8/site-packages:/home/terranova/uav_ws/install/gazebo_msgs/lib/python3.8/site-packages:/home/terranova/uav_ws/install/cv_bridge/lib/python3.8/site-packages:/opt/ros/foxy/lib/python3.8/site-packages:/home/terranova/.local/bin /home/terranova/.local/bin/cmake --install /home/terranova/uav_ws/build/gazebo_plugins
