[2.832s] Invoking command in '/home/terranova/uav_ws/src/turtlebot3/turtlebot3/turtlebot3_example': CMAKE_PREFIX_PATH=/home/terranova/uav_ws/install/turtlebot3_msgs:/home/terranova/uav_ws/install/vision_opencv:/home/terranova/uav_ws/install/velodyne_gazebo_plugin:/home/terranova/uav_ws/install/uav_gazebo:/home/terranova/uav_ws/install/turtlebot3:/home/terranova/uav_ws/install/turtlebot3_simulations:/home/terranova/uav_ws/install/turtlebot3_bringup:/home/terranova/uav_ws/install/turtlebot3_node:/home/terranova/uav_ws/install/turtlebot3_navigation2:/home/terranova/uav_ws/install/turtlebot3_fake_node:/home/terranova/uav_ws/install/turtlebot3_gazebo:/home/terranova/uav_ws/install/turtlebot3_description:/home/terranova/uav_ws/install/turtlebot3_cartographer:/home/terranova/uav_ws/install/realsense_gazebo_plugin:/home/terranova/uav_ws/install/perception_pcl:/home/terranova/uav_ws/install/pcl_ros:/home/terranova/uav_ws/install/pcl_conversions:/home/terranova/uav_ws/install/pcl_msgs:/home/terranova/uav_ws/install/image_geometry:/home/terranova/uav_ws/install/hls_lfcd_lds_driver:/home/terranova/uav_ws/install/gazebo_ros_pkgs:/home/terranova/uav_ws/install/gazebo_plugins:/home/terranova/uav_ws/install/gazebo_ros:/home/terranova/uav_ws/install/gazebo_msgs:/home/terranova/uav_ws/install/gazebo_dev:/home/terranova/uav_ws/install/dynamixel_sdk_examples:/home/terranova/uav_ws/install/dynamixel_sdk_custom_interfaces:/home/terranova/uav_ws/install/dynamixel_sdk:/home/terranova/uav_ws/install/cv_bridge:/home/terranova/uav_ws/install/absl LD_LIBRARY_PATH=/home/terranova/uav_ws/install/turtlebot3_msgs/lib:/home/terranova/uav_ws/install/velodyne_gazebo_plugin/lib:/home/terranova/uav_ws/install/realsense_gazebo_plugin/lib:/home/terranova/uav_ws/install/pcl_ros/lib:/home/terranova/uav_ws/install/pcl_msgs/lib:/home/terranova/uav_ws/install/image_geometry/lib:/home/terranova/uav_ws/install/gazebo_plugins/lib:/home/terranova/uav_ws/install/gazebo_ros/lib:/home/terranova/uav_ws/install/gazebo_msgs/lib:/home/terranova/uav_ws/install/dynamixel_sdk_custom_interfaces/lib:/home/terranova/uav_ws/install/dynamixel_sdk/lib:/home/terranova/uav_ws/install/cv_bridge/lib:/opt/ros/foxy/opt/yaml_cpp_vendor/lib:/opt/ros/foxy/opt/rviz_ogre_vendor/lib:/opt/ros/foxy/lib/x86_64-linux-gnu:/opt/ros/foxy/lib:/usr/lib/x86_64-linux-gnu/gazebo-11/plugins PYTHONPATH=/home/terranova/uav_ws/build/turtlebot3_example/prefix_override:/home/terranova/uav_ws/install/turtlebot3_example/lib/python3.8/site-packages:/home/terranova/uav_ws/install/turtlebot3_msgs/lib/python3.8/site-packages:/home/terranova/uav_ws/install/turtlebot3_teleop/lib/python3.8/site-packages:/home/terranova/uav_ws/install/turtlebot3_example/lib/python3.8/site-packages:/home/terranova/uav_ws/install/pcl_msgs/lib/python3.8/site-packages:/home/terranova/uav_ws/install/opencv_tests/lib/python3.8/site-packages:/home/terranova/uav_ws/install/joint_state_publisher_gui/lib/python3.8/site-packages:/home/terranova/uav_ws/install/joint_state_publisher/lib/python3.8/site-packages:/home/terranova/uav_ws/install/image_geometry/lib/python3.8/site-packages:/home/terranova/uav_ws/install/gazebo_ros/lib/python3.8/site-packages:/home/terranova/uav_ws/install/gazebo_msgs/lib/python3.8/site-packages:/home/terranova/uav_ws/install/dynamixel_sdk_custom_interfaces/lib/python3.8/site-packages:/home/terranova/uav_ws/install/cv_bridge/lib/python3.8/site-packages:/opt/ros/foxy/lib/python3.8/site-packages:/home/terranova/.local/bin /usr/bin/python3 -W ignore:setup.py install is deprecated setup.py egg_info --egg-base ../../../../build/turtlebot3_example build --build-base /home/terranova/uav_ws/build/turtlebot3_example/build install --record /home/terranova/uav_ws/build/turtlebot3_example/install.log --single-version-externally-managed install_data
[3.604s] running egg_info
[3.606s] creating ../../../../build/turtlebot3_example/turtlebot3_example.egg-info
[3.656s] writing ../../../../build/turtlebot3_example/turtlebot3_example.egg-info/PKG-INFO
[3.658s] writing dependency_links to ../../../../build/turtlebot3_example/turtlebot3_example.egg-info/dependency_links.txt
[3.659s] writing entry points to ../../../../build/turtlebot3_example/turtlebot3_example.egg-info/entry_points.txt
[3.660s] writing requirements to ../../../../build/turtlebot3_example/turtlebot3_example.egg-info/requires.txt
[3.660s] writing top-level names to ../../../../build/turtlebot3_example/turtlebot3_example.egg-info/top_level.txt
[3.974s] writing manifest file '../../../../build/turtlebot3_example/turtlebot3_example.egg-info/SOURCES.txt'
[4.083s] reading manifest file '../../../../build/turtlebot3_example/turtlebot3_example.egg-info/SOURCES.txt'
[4.086s] writing manifest file '../../../../build/turtlebot3_example/turtlebot3_example.egg-info/SOURCES.txt'
[4.087s] running build
[4.087s] running build_py
[4.088s] creating /home/terranova/uav_ws/build/turtlebot3_example/build
[4.089s] creating /home/terranova/uav_ws/build/turtlebot3_example/build/lib
[4.089s] creating /home/terranova/uav_ws/build/turtlebot3_example/build/lib/turtlebot3_example
[4.090s] copying turtlebot3_example/__init__.py -> /home/terranova/uav_ws/build/turtlebot3_example/build/lib/turtlebot3_example
[4.091s] creating /home/terranova/uav_ws/build/turtlebot3_example/build/lib/turtlebot3_example/turtlebot3_obstacle_detection
[4.092s] copying turtlebot3_example/turtlebot3_obstacle_detection/main.py -> /home/terranova/uav_ws/build/turtlebot3_example/build/lib/turtlebot3_example/turtlebot3_obstacle_detection
[4.093s] copying turtlebot3_example/turtlebot3_obstacle_detection/turtlebot3_obstacle_detection.py -> /home/terranova/uav_ws/build/turtlebot3_example/build/lib/turtlebot3_example/turtlebot3_obstacle_detection
[4.093s] copying turtlebot3_example/turtlebot3_obstacle_detection/__init__.py -> /home/terranova/uav_ws/build/turtlebot3_example/build/lib/turtlebot3_example/turtlebot3_obstacle_detection
[4.094s] creating /home/terranova/uav_ws/build/turtlebot3_example/build/lib/turtlebot3_example/turtlebot3_patrol_client
[4.095s] copying turtlebot3_example/turtlebot3_patrol_client/main.py -> /home/terranova/uav_ws/build/turtlebot3_example/build/lib/turtlebot3_example/turtlebot3_patrol_client
[4.096s] copying turtlebot3_example/turtlebot3_patrol_client/__init__.py -> /home/terranova/uav_ws/build/turtlebot3_example/build/lib/turtlebot3_example/turtlebot3_patrol_client
[4.097s] copying turtlebot3_example/turtlebot3_patrol_client/turtlebot3_patrol_client.py -> /home/terranova/uav_ws/build/turtlebot3_example/build/lib/turtlebot3_example/turtlebot3_patrol_client
[4.098s] creating /home/terranova/uav_ws/build/turtlebot3_example/build/lib/turtlebot3_example/turtlebot3_patrol_server
[4.098s] copying turtlebot3_example/turtlebot3_patrol_server/main.py -> /home/terranova/uav_ws/build/turtlebot3_example/build/lib/turtlebot3_example/turtlebot3_patrol_server
[4.099s] copying turtlebot3_example/turtlebot3_patrol_server/turtlebot3_path.py -> /home/terranova/uav_ws/build/turtlebot3_example/build/lib/turtlebot3_example/turtlebot3_patrol_server
[4.100s] copying turtlebot3_example/turtlebot3_patrol_server/__init__.py -> /home/terranova/uav_ws/build/turtlebot3_example/build/lib/turtlebot3_example/turtlebot3_patrol_server
[4.101s] copying turtlebot3_example/turtlebot3_patrol_server/turtlebot3_patrol_server.py -> /home/terranova/uav_ws/build/turtlebot3_example/build/lib/turtlebot3_example/turtlebot3_patrol_server
[4.102s] creating /home/terranova/uav_ws/build/turtlebot3_example/build/lib/turtlebot3_example/turtlebot3_position_control
[4.103s] copying turtlebot3_example/turtlebot3_position_control/main.py -> /home/terranova/uav_ws/build/turtlebot3_example/build/lib/turtlebot3_example/turtlebot3_position_control
[4.104s] copying turtlebot3_example/turtlebot3_position_control/turtlebot3_path.py -> /home/terranova/uav_ws/build/turtlebot3_example/build/lib/turtlebot3_example/turtlebot3_position_control
[4.104s] copying turtlebot3_example/turtlebot3_position_control/turtlebot3_position_control.py -> /home/terranova/uav_ws/build/turtlebot3_example/build/lib/turtlebot3_example/turtlebot3_position_control
[4.105s] copying turtlebot3_example/turtlebot3_position_control/__init__.py -> /home/terranova/uav_ws/build/turtlebot3_example/build/lib/turtlebot3_example/turtlebot3_position_control
[4.108s] running install
[4.126s] running install_lib
[4.178s] creating /home/terranova/uav_ws/install/turtlebot3_example/lib/python3.8/site-packages/turtlebot3_example
[4.179s] creating /home/terranova/uav_ws/install/turtlebot3_example/lib/python3.8/site-packages/turtlebot3_example/turtlebot3_obstacle_detection
[4.180s] copying /home/terranova/uav_ws/build/turtlebot3_example/build/lib/turtlebot3_example/turtlebot3_obstacle_detection/main.py -> /home/terranova/uav_ws/install/turtlebot3_example/lib/python3.8/site-packages/turtlebot3_example/turtlebot3_obstacle_detection
[4.180s] copying /home/terranova/uav_ws/build/turtlebot3_example/build/lib/turtlebot3_example/turtlebot3_obstacle_detection/turtlebot3_obstacle_detection.py -> /home/terranova/uav_ws/install/turtlebot3_example/lib/python3.8/site-packages/turtlebot3_example/turtlebot3_obstacle_detection
[4.181s] copying /home/terranova/uav_ws/build/turtlebot3_example/build/lib/turtlebot3_example/turtlebot3_obstacle_detection/__init__.py -> /home/terranova/uav_ws/install/turtlebot3_example/lib/python3.8/site-packages/turtlebot3_example/turtlebot3_obstacle_detection
[4.182s] creating /home/terranova/uav_ws/install/turtlebot3_example/lib/python3.8/site-packages/turtlebot3_example/turtlebot3_patrol_client
[4.182s] copying /home/terranova/uav_ws/build/turtlebot3_example/build/lib/turtlebot3_example/turtlebot3_patrol_client/main.py -> /home/terranova/uav_ws/install/turtlebot3_example/lib/python3.8/site-packages/turtlebot3_example/turtlebot3_patrol_client
[4.183s] copying /home/terranova/uav_ws/build/turtlebot3_example/build/lib/turtlebot3_example/turtlebot3_patrol_client/__init__.py -> /home/terranova/uav_ws/install/turtlebot3_example/lib/python3.8/site-packages/turtlebot3_example/turtlebot3_patrol_client
[4.184s] copying /home/terranova/uav_ws/build/turtlebot3_example/build/lib/turtlebot3_example/turtlebot3_patrol_client/turtlebot3_patrol_client.py -> /home/terranova/uav_ws/install/turtlebot3_example/lib/python3.8/site-packages/turtlebot3_example/turtlebot3_patrol_client
[4.185s] creating /home/terranova/uav_ws/install/turtlebot3_example/lib/python3.8/site-packages/turtlebot3_example/turtlebot3_patrol_server
[4.185s] copying /home/terranova/uav_ws/build/turtlebot3_example/build/lib/turtlebot3_example/turtlebot3_patrol_server/main.py -> /home/terranova/uav_ws/install/turtlebot3_example/lib/python3.8/site-packages/turtlebot3_example/turtlebot3_patrol_server
[4.186s] copying /home/terranova/uav_ws/build/turtlebot3_example/build/lib/turtlebot3_example/turtlebot3_patrol_server/turtlebot3_path.py -> /home/terranova/uav_ws/install/turtlebot3_example/lib/python3.8/site-packages/turtlebot3_example/turtlebot3_patrol_server
[4.187s] copying /home/terranova/uav_ws/build/turtlebot3_example/build/lib/turtlebot3_example/turtlebot3_patrol_server/__init__.py -> /home/terranova/uav_ws/install/turtlebot3_example/lib/python3.8/site-packages/turtlebot3_example/turtlebot3_patrol_server
[4.187s] copying /home/terranova/uav_ws/build/turtlebot3_example/build/lib/turtlebot3_example/turtlebot3_patrol_server/turtlebot3_patrol_server.py -> /home/terranova/uav_ws/install/turtlebot3_example/lib/python3.8/site-packages/turtlebot3_example/turtlebot3_patrol_server
[4.188s] copying /home/terranova/uav_ws/build/turtlebot3_example/build/lib/turtlebot3_example/__init__.py -> /home/terranova/uav_ws/install/turtlebot3_example/lib/python3.8/site-packages/turtlebot3_example
[4.189s] creating /home/terranova/uav_ws/install/turtlebot3_example/lib/python3.8/site-packages/turtlebot3_example/turtlebot3_position_control
[4.189s] copying /home/terranova/uav_ws/build/turtlebot3_example/build/lib/turtlebot3_example/turtlebot3_position_control/main.py -> /home/terranova/uav_ws/install/turtlebot3_example/lib/python3.8/site-packages/turtlebot3_example/turtlebot3_position_control
[4.190s] copying /home/terranova/uav_ws/build/turtlebot3_example/build/lib/turtlebot3_example/turtlebot3_position_control/turtlebot3_path.py -> /home/terranova/uav_ws/install/turtlebot3_example/lib/python3.8/site-packages/turtlebot3_example/turtlebot3_position_control
[4.191s] copying /home/terranova/uav_ws/build/turtlebot3_example/build/lib/turtlebot3_example/turtlebot3_position_control/turtlebot3_position_control.py -> /home/terranova/uav_ws/install/turtlebot3_example/lib/python3.8/site-packages/turtlebot3_example/turtlebot3_position_control
[4.191s] copying /home/terranova/uav_ws/build/turtlebot3_example/build/lib/turtlebot3_example/turtlebot3_position_control/__init__.py -> /home/terranova/uav_ws/install/turtlebot3_example/lib/python3.8/site-packages/turtlebot3_example/turtlebot3_position_control
[4.193s] byte-compiling /home/terranova/uav_ws/install/turtlebot3_example/lib/python3.8/site-packages/turtlebot3_example/turtlebot3_obstacle_detection/main.py to main.cpython-38.pyc
[4.194s] byte-compiling /home/terranova/uav_ws/install/turtlebot3_example/lib/python3.8/site-packages/turtlebot3_example/turtlebot3_obstacle_detection/turtlebot3_obstacle_detection.py to turtlebot3_obstacle_detection.cpython-38.pyc
[4.196s] byte-compiling /home/terranova/uav_ws/install/turtlebot3_example/lib/python3.8/site-packages/turtlebot3_example/turtlebot3_obstacle_detection/__init__.py to __init__.cpython-38.pyc
[4.197s] byte-compiling /home/terranova/uav_ws/install/turtlebot3_example/lib/python3.8/site-packages/turtlebot3_example/turtlebot3_patrol_client/main.py to main.cpython-38.pyc
[4.198s] byte-compiling /home/terranova/uav_ws/install/turtlebot3_example/lib/python3.8/site-packages/turtlebot3_example/turtlebot3_patrol_client/__init__.py to __init__.cpython-38.pyc
[4.199s] byte-compiling /home/terranova/uav_ws/install/turtlebot3_example/lib/python3.8/site-packages/turtlebot3_example/turtlebot3_patrol_client/turtlebot3_patrol_client.py to turtlebot3_patrol_client.cpython-38.pyc
[4.201s] byte-compiling /home/terranova/uav_ws/install/turtlebot3_example/lib/python3.8/site-packages/turtlebot3_example/turtlebot3_patrol_server/main.py to main.cpython-38.pyc
[4.202s] byte-compiling /home/terranova/uav_ws/install/turtlebot3_example/lib/python3.8/site-packages/turtlebot3_example/turtlebot3_patrol_server/turtlebot3_path.py to turtlebot3_path.cpython-38.pyc
[4.204s] byte-compiling /home/terranova/uav_ws/install/turtlebot3_example/lib/python3.8/site-packages/turtlebot3_example/turtlebot3_patrol_server/__init__.py to __init__.cpython-38.pyc
[4.204s] byte-compiling /home/terranova/uav_ws/install/turtlebot3_example/lib/python3.8/site-packages/turtlebot3_example/turtlebot3_patrol_server/turtlebot3_patrol_server.py to turtlebot3_patrol_server.cpython-38.pyc
[4.206s] byte-compiling /home/terranova/uav_ws/install/turtlebot3_example/lib/python3.8/site-packages/turtlebot3_example/__init__.py to __init__.cpython-38.pyc
[4.207s] byte-compiling /home/terranova/uav_ws/install/turtlebot3_example/lib/python3.8/site-packages/turtlebot3_example/turtlebot3_position_control/main.py to main.cpython-38.pyc
[4.209s] byte-compiling /home/terranova/uav_ws/install/turtlebot3_example/lib/python3.8/site-packages/turtlebot3_example/turtlebot3_position_control/turtlebot3_path.py to turtlebot3_path.cpython-38.pyc
[4.210s] byte-compiling /home/terranova/uav_ws/install/turtlebot3_example/lib/python3.8/site-packages/turtlebot3_example/turtlebot3_position_control/turtlebot3_position_control.py to turtlebot3_position_control.cpython-38.pyc
[4.213s] byte-compiling /home/terranova/uav_ws/install/turtlebot3_example/lib/python3.8/site-packages/turtlebot3_example/turtlebot3_position_control/__init__.py to __init__.cpython-38.pyc
[4.214s] running install_data
[4.214s] creating /home/terranova/uav_ws/install/turtlebot3_example/share/ament_index
[4.215s] creating /home/terranova/uav_ws/install/turtlebot3_example/share/ament_index/resource_index
[4.215s] creating /home/terranova/uav_ws/install/turtlebot3_example/share/ament_index/resource_index/packages
[4.216s] copying resource/turtlebot3_example -> /home/terranova/uav_ws/install/turtlebot3_example/share/ament_index/resource_index/packages
[4.217s] copying package.xml -> /home/terranova/uav_ws/install/turtlebot3_example/share/turtlebot3_example
[4.217s] running install_egg_info
[4.271s] Copying ../../../../build/turtlebot3_example/turtlebot3_example.egg-info to /home/terranova/uav_ws/install/turtlebot3_example/lib/python3.8/site-packages/turtlebot3_example-2.1.4-py3.8.egg-info
[4.273s] running install_scripts
[4.417s] Installing turtlebot3_obstacle_detection script to /home/terranova/uav_ws/install/turtlebot3_example/lib/turtlebot3_example
[4.417s] Installing turtlebot3_patrol_client script to /home/terranova/uav_ws/install/turtlebot3_example/lib/turtlebot3_example
[4.418s] Installing turtlebot3_patrol_server script to /home/terranova/uav_ws/install/turtlebot3_example/lib/turtlebot3_example
[4.418s] Installing turtlebot3_position_control script to /home/terranova/uav_ws/install/turtlebot3_example/lib/turtlebot3_example
[4.420s] writing list of installed files to '/home/terranova/uav_ws/build/turtlebot3_example/install.log'
[4.492s] Invoked command in '/home/terranova/uav_ws/src/turtlebot3/turtlebot3/turtlebot3_example' returned '0': CMAKE_PREFIX_PATH=/home/terranova/uav_ws/install/turtlebot3_msgs:/home/terranova/uav_ws/install/vision_opencv:/home/terranova/uav_ws/install/velodyne_gazebo_plugin:/home/terranova/uav_ws/install/uav_gazebo:/home/terranova/uav_ws/install/turtlebot3:/home/terranova/uav_ws/install/turtlebot3_simulations:/home/terranova/uav_ws/install/turtlebot3_bringup:/home/terranova/uav_ws/install/turtlebot3_node:/home/terranova/uav_ws/install/turtlebot3_navigation2:/home/terranova/uav_ws/install/turtlebot3_fake_node:/home/terranova/uav_ws/install/turtlebot3_gazebo:/home/terranova/uav_ws/install/turtlebot3_description:/home/terranova/uav_ws/install/turtlebot3_cartographer:/home/terranova/uav_ws/install/realsense_gazebo_plugin:/home/terranova/uav_ws/install/perception_pcl:/home/terranova/uav_ws/install/pcl_ros:/home/terranova/uav_ws/install/pcl_conversions:/home/terranova/uav_ws/install/pcl_msgs:/home/terranova/uav_ws/install/image_geometry:/home/terranova/uav_ws/install/hls_lfcd_lds_driver:/home/terranova/uav_ws/install/gazebo_ros_pkgs:/home/terranova/uav_ws/install/gazebo_plugins:/home/terranova/uav_ws/install/gazebo_ros:/home/terranova/uav_ws/install/gazebo_msgs:/home/terranova/uav_ws/install/gazebo_dev:/home/terranova/uav_ws/install/dynamixel_sdk_examples:/home/terranova/uav_ws/install/dynamixel_sdk_custom_interfaces:/home/terranova/uav_ws/install/dynamixel_sdk:/home/terranova/uav_ws/install/cv_bridge:/home/terranova/uav_ws/install/absl LD_LIBRARY_PATH=/home/terranova/uav_ws/install/turtlebot3_msgs/lib:/home/terranova/uav_ws/install/velodyne_gazebo_plugin/lib:/home/terranova/uav_ws/install/realsense_gazebo_plugin/lib:/home/terranova/uav_ws/install/pcl_ros/lib:/home/terranova/uav_ws/install/pcl_msgs/lib:/home/terranova/uav_ws/install/image_geometry/lib:/home/terranova/uav_ws/install/gazebo_plugins/lib:/home/terranova/uav_ws/install/gazebo_ros/lib:/home/terranova/uav_ws/install/gazebo_msgs/lib:/home/terranova/uav_ws/install/dynamixel_sdk_custom_interfaces/lib:/home/terranova/uav_ws/install/dynamixel_sdk/lib:/home/terranova/uav_ws/install/cv_bridge/lib:/opt/ros/foxy/opt/yaml_cpp_vendor/lib:/opt/ros/foxy/opt/rviz_ogre_vendor/lib:/opt/ros/foxy/lib/x86_64-linux-gnu:/opt/ros/foxy/lib:/usr/lib/x86_64-linux-gnu/gazebo-11/plugins PYTHONPATH=/home/terranova/uav_ws/build/turtlebot3_example/prefix_override:/home/terranova/uav_ws/install/turtlebot3_example/lib/python3.8/site-packages:/home/terranova/uav_ws/install/turtlebot3_msgs/lib/python3.8/site-packages:/home/terranova/uav_ws/install/turtlebot3_teleop/lib/python3.8/site-packages:/home/terranova/uav_ws/install/turtlebot3_example/lib/python3.8/site-packages:/home/terranova/uav_ws/install/pcl_msgs/lib/python3.8/site-packages:/home/terranova/uav_ws/install/opencv_tests/lib/python3.8/site-packages:/home/terranova/uav_ws/install/joint_state_publisher_gui/lib/python3.8/site-packages:/home/terranova/uav_ws/install/joint_state_publisher/lib/python3.8/site-packages:/home/terranova/uav_ws/install/image_geometry/lib/python3.8/site-packages:/home/terranova/uav_ws/install/gazebo_ros/lib/python3.8/site-packages:/home/terranova/uav_ws/install/gazebo_msgs/lib/python3.8/site-packages:/home/terranova/uav_ws/install/dynamixel_sdk_custom_interfaces/lib/python3.8/site-packages:/home/terranova/uav_ws/install/cv_bridge/lib/python3.8/site-packages:/opt/ros/foxy/lib/python3.8/site-packages:/home/terranova/.local/bin /usr/bin/python3 -W ignore:setup.py install is deprecated setup.py egg_info --egg-base ../../../../build/turtlebot3_example build --build-base /home/terranova/uav_ws/build/turtlebot3_example/build install --record /home/terranova/uav_ws/build/turtlebot3_example/install.log --single-version-externally-managed install_data
