[0.139s] Invoking command in '/home/terranova/uav_ws/build/turtlebot3_description': CMAKE_PREFIX_PATH=/opt/ros/foxy /home/terranova/.local/bin/cmake --build /home/terranova/uav_ws/build/turtlebot3_description -- -j4 -l4
[0.662s] Invoked command in '/home/terranova/uav_ws/build/turtlebot3_description' returned '0': CMAKE_PREFIX_PATH=/opt/ros/foxy /home/terranova/.local/bin/cmake --build /home/terranova/uav_ws/build/turtlebot3_description -- -j4 -l4
[1.402s] Invoking command in '/home/terranova/uav_ws/build/turtlebot3_description': CMAKE_PREFIX_PATH=/opt/ros/foxy /home/terranova/.local/bin/cmake --install /home/terranova/uav_ws/build/turtlebot3_description
[1.944s] -- Install configuration: ""
[1.948s] -- Up-to-date: /home/terranova/uav_ws/install/turtlebot3_description/share/turtlebot3_description/meshes
[1.951s] -- Up-to-date: /home/terranova/uav_ws/install/turtlebot3_description/share/turtlebot3_description/meshes/bases
[1.955s] -- Up-to-date: /home/terranova/uav_ws/install/turtlebot3_description/share/turtlebot3_description/meshes/bases/burger_base.stl
[1.956s] -- Up-to-date: /home/terranova/uav_ws/install/turtlebot3_description/share/turtlebot3_description/meshes/bases/waffle_base.stl
[1.956s] -- Up-to-date: /home/terranova/uav_ws/install/turtlebot3_description/share/turtlebot3_description/meshes/bases/waffle_pi_base.stl
[1.958s] -- Up-to-date: /home/terranova/uav_ws/install/turtlebot3_description/share/turtlebot3_description/meshes/sensors
[1.958s] -- Up-to-date: /home/terranova/uav_ws/install/turtlebot3_description/share/turtlebot3_description/meshes/sensors/lds.stl
[1.959s] -- Up-to-date: /home/terranova/uav_ws/install/turtlebot3_description/share/turtlebot3_description/meshes/sensors/r200.dae
[1.960s] -- Up-to-date: /home/terranova/uav_ws/install/turtlebot3_description/share/turtlebot3_description/meshes/sensors/astra.dae
[1.960s] -- Up-to-date: /home/terranova/uav_ws/install/turtlebot3_description/share/turtlebot3_description/meshes/sensors/r200.jpg
[1.961s] -- Up-to-date: /home/terranova/uav_ws/install/turtlebot3_description/share/turtlebot3_description/meshes/sensors/astra.jpg
[1.962s] -- Up-to-date: /home/terranova/uav_ws/install/turtlebot3_description/share/turtlebot3_description/meshes/wheels
[1.963s] -- Up-to-date: /home/terranova/uav_ws/install/turtlebot3_description/share/turtlebot3_description/meshes/wheels/right_tire.stl
[1.967s] -- Up-to-date: /home/terranova/uav_ws/install/turtlebot3_description/share/turtlebot3_description/meshes/wheels/left_tire.stl
[1.969s] -- Up-to-date: /home/terranova/uav_ws/install/turtlebot3_description/share/turtlebot3_description/rviz
[1.972s] -- Up-to-date: /home/terranova/uav_ws/install/turtlebot3_description/share/turtlebot3_description/rviz/model.rviz
[1.974s] -- Up-to-date: /home/terranova/uav_ws/install/turtlebot3_description/share/turtlebot3_description/urdf
[1.976s] -- Up-to-date: /home/terranova/uav_ws/install/turtlebot3_description/share/turtlebot3_description/urdf/turtlebot3_waffle_pi.urdf
[1.985s] -- Up-to-date: /home/terranova/uav_ws/install/turtlebot3_description/share/turtlebot3_description/urdf/common_properties.urdf
[1.986s] -- Up-to-date: /home/terranova/uav_ws/install/turtlebot3_description/share/turtlebot3_description/urdf/turtlebot3_waffle.urdf
[1.987s] -- Up-to-date: /home/terranova/uav_ws/install/turtlebot3_description/share/turtlebot3_description/urdf/turtlebot3_burger.urdf
[2.001s] -- Up-to-date: /home/terranova/uav_ws/install/turtlebot3_description/share/ament_index/resource_index/package_run_dependencies/turtlebot3_description
[2.003s] -- Up-to-date: /home/terranova/uav_ws/install/turtlebot3_description/share/ament_index/resource_index/parent_prefix_path/turtlebot3_description
[2.004s] -- Up-to-date: /home/terranova/uav_ws/install/turtlebot3_description/share/turtlebot3_description/environment/ament_prefix_path.sh
[2.005s] -- Up-to-date: /home/terranova/uav_ws/install/turtlebot3_description/share/turtlebot3_description/environment/ament_prefix_path.dsv
[2.005s] -- Up-to-date: /home/terranova/uav_ws/install/turtlebot3_description/share/turtlebot3_description/environment/path.sh
[2.006s] -- Up-to-date: /home/terranova/uav_ws/install/turtlebot3_description/share/turtlebot3_description/environment/path.dsv
[2.007s] -- Up-to-date: /home/terranova/uav_ws/install/turtlebot3_description/share/turtlebot3_description/local_setup.bash
[2.007s] -- Up-to-date: /home/terranova/uav_ws/install/turtlebot3_description/share/turtlebot3_description/local_setup.sh
[2.008s] -- Up-to-date: /home/terranova/uav_ws/install/turtlebot3_description/share/turtlebot3_description/local_setup.zsh
[2.008s] -- Up-to-date: /home/terranova/uav_ws/install/turtlebot3_description/share/turtlebot3_description/local_setup.dsv
[2.009s] -- Installing: /home/terranova/uav_ws/install/turtlebot3_description/share/turtlebot3_description/package.dsv
[2.009s] -- Up-to-date: /home/terranova/uav_ws/install/turtlebot3_description/share/ament_index/resource_index/packages/turtlebot3_description
[2.010s] -- Up-to-date: /home/terranova/uav_ws/install/turtlebot3_description/share/turtlebot3_description/cmake/turtlebot3_descriptionConfig.cmake
[2.010s] -- Up-to-date: /home/terranova/uav_ws/install/turtlebot3_description/share/turtlebot3_description/cmake/turtlebot3_descriptionConfig-version.cmake
[2.011s] -- Up-to-date: /home/terranova/uav_ws/install/turtlebot3_description/share/turtlebot3_description/package.xml
[2.141s] Invoked command in '/home/terranova/uav_ws/build/turtlebot3_description' returned '0': CMAKE_PREFIX_PATH=/opt/ros/foxy /home/terranova/.local/bin/cmake --install /home/terranova/uav_ws/build/turtlebot3_description
