-- The C compiler identification is GNU 9.4.0
-- The CXX compiler identification is GNU 9.4.0
-- Detecting C compiler ABI info
-- Detecting C compiler ABI info - done
-- Check for working C compiler: /usr/lib/ccache/cc - skipped
-- Detecting C compile features
-- Detecting C compile features - done
-- Detecting CXX compiler ABI info
-- Detecting CXX compiler ABI info - done
-- Check for working CXX compiler: /usr/lib/ccache/c++ - skipped
-- Detecting CXX compile features
-- Detecting CXX compile features - done
-- Found ament_cmake: 0.9.12 (/opt/ros/foxy/share/ament_cmake/cmake)
[33mCMake Warning (dev) at /opt/ros/foxy/share/ament_cmake_core/cmake/core/python.cmake:22 (find_package):
  Policy CMP0148 is not set: The FindPythonInterp and FindPythonLibs modules
  are removed.  Run "cmake --help-policy CMP0148" for policy details.  Use
  the cmake_policy command to set the policy and suppress this warning.

Call Stack (most recent call first):
  /opt/ros/foxy/share/ament_cmake_core/cmake/core/all.cmake:53 (include)
  /opt/ros/foxy/share/ament_cmake_core/cmake/ament_cmake_core-extras.cmake:17 (include)
  /opt/ros/foxy/share/ament_cmake_core/cmake/ament_cmake_coreConfig.cmake:41 (include)
  /opt/ros/foxy/share/ament_cmake/cmake/ament_cmake_export_dependencies-extras.cmake:15 (find_package)
  /opt/ros/foxy/share/ament_cmake/cmake/ament_cmakeConfig.cmake:41 (include)
  CMakeLists.txt:13 (find_package)
This warning is for project developers.  Use -Wno-dev to suppress it.
[0m
-- Found PythonInterp: /usr/bin/python3 (found suitable version "3.8.10", minimum required is "3") 
-- Using PYTHON_EXECUTABLE: /usr/bin/python3
-- Found rosidl_default_generators: 1.0.1 (/opt/ros/foxy/share/rosidl_default_generators/cmake)
-- Using all available rosidl_typesupport_c: rosidl_typesupport_fastrtps_c;rosidl_typesupport_introspection_c
-- Found rosidl_adapter: 1.3.1 (/opt/ros/foxy/share/rosidl_adapter/cmake)
-- Found OpenSSL: /usr/lib/x86_64-linux-gnu/libcrypto.so (found version "1.1.1f")  
-- Found FastRTPS: /opt/ros/foxy/include  
-- Using all available rosidl_typesupport_cpp: rosidl_typesupport_fastrtps_cpp;rosidl_typesupport_introspection_cpp
-- Found sensor_msgs: 2.0.5 (/opt/ros/foxy/share/sensor_msgs/cmake)
[33mCMake Warning (dev) at /opt/ros/foxy/share/rosidl_adapter/cmake/rosidl_adapt_interfaces.cmake:40 (find_package):
  Policy CMP0148 is not set: The FindPythonInterp and FindPythonLibs modules
  are removed.  Run "cmake --help-policy CMP0148" for policy details.  Use
  the cmake_policy command to set the policy and suppress this warning.

Call Stack (most recent call first):
  /opt/ros/foxy/share/rosidl_cmake/cmake/rosidl_generate_interfaces.cmake:130 (rosidl_adapt_interfaces)
  CMakeLists.txt:31 (rosidl_generate_interfaces)
This warning is for project developers.  Use -Wno-dev to suppress it.
[0m
-- Found PythonInterp: /usr/bin/python3 (found version "3.8.10") 
-- Found ament_cmake_cppcheck: 0.9.8 (/opt/ros/foxy/share/ament_cmake_cppcheck/cmake)
-- Found ament_cmake_cpplint: 0.9.8 (/opt/ros/foxy/share/ament_cmake_cpplint/cmake)
-- Found ament_cmake_uncrustify: 0.9.8 (/opt/ros/foxy/share/ament_cmake_uncrustify/cmake)
-- Found ament_cmake_ros: 0.9.2 (/opt/ros/foxy/share/ament_cmake_ros/cmake)
-- Using all available rosidl_typesupport_c: rosidl_typesupport_fastrtps_c;rosidl_typesupport_introspection_c
-- Using all available rosidl_typesupport_cpp: rosidl_typesupport_fastrtps_cpp;rosidl_typesupport_introspection_cpp
[33mCMake Warning (dev) at /opt/ros/foxy/share/rosidl_generator_py/cmake/rosidl_generator_py_generate_interfaces.cmake:20 (find_package):
  Policy CMP0148 is not set: The FindPythonInterp and FindPythonLibs modules
  are removed.  Run "cmake --help-policy CMP0148" for policy details.  Use
  the cmake_policy command to set the policy and suppress this warning.

Call Stack (most recent call first):
  /opt/ros/foxy/share/ament_cmake_core/cmake/core/ament_execute_extensions.cmake:48 (include)
  /opt/ros/foxy/share/rosidl_cmake/cmake/rosidl_generate_interfaces.cmake:286 (ament_execute_extensions)
  CMakeLists.txt:31 (rosidl_generate_interfaces)
This warning is for project developers.  Use -Wno-dev to suppress it.
[0m
-- Found PythonInterp: /usr/bin/python3 (found suitable version "3.8.10", minimum required is "3.5") 
-- Found python_cmake_module: 0.8.1 (/opt/ros/foxy/share/python_cmake_module/cmake)
[33mCMake Warning (dev) at /opt/ros/foxy/share/python_cmake_module/cmake/Modules/FindPythonExtra.cmake:45 (find_package):
  Policy CMP0148 is not set: The FindPythonInterp and FindPythonLibs modules
  are removed.  Run "cmake --help-policy CMP0148" for policy details.  Use
  the cmake_policy command to set the policy and suppress this warning.

Call Stack (most recent call first):
  /opt/ros/foxy/share/rosidl_generator_py/cmake/rosidl_generator_py_generate_interfaces.cmake:23 (find_package)
  /opt/ros/foxy/share/ament_cmake_core/cmake/core/ament_execute_extensions.cmake:48 (include)
  /opt/ros/foxy/share/rosidl_cmake/cmake/rosidl_generate_interfaces.cmake:286 (ament_execute_extensions)
  CMakeLists.txt:31 (rosidl_generate_interfaces)
This warning is for project developers.  Use -Wno-dev to suppress it.
[0m
[33mCMake Warning (dev) at /opt/ros/foxy/share/python_cmake_module/cmake/Modules/FindPythonExtra.cmake:133 (find_package):
  Policy CMP0148 is not set: The FindPythonInterp and FindPythonLibs modules
  are removed.  Run "cmake --help-policy CMP0148" for policy details.  Use
  the cmake_policy command to set the policy and suppress this warning.

Call Stack (most recent call first):
  /opt/ros/foxy/share/rosidl_generator_py/cmake/rosidl_generator_py_generate_interfaces.cmake:23 (find_package)
  /opt/ros/foxy/share/ament_cmake_core/cmake/core/ament_execute_extensions.cmake:48 (include)
  /opt/ros/foxy/share/rosidl_cmake/cmake/rosidl_generate_interfaces.cmake:286 (ament_execute_extensions)
  CMakeLists.txt:31 (rosidl_generate_interfaces)
This warning is for project developers.  Use -Wno-dev to suppress it.
[0m
-- Found PythonLibs: /usr/lib/x86_64-linux-gnu/libpython3.8.so (found suitable version "3.8.10", minimum required is "3.5") 
-- Using PYTHON_EXECUTABLE: /usr/bin/python3
-- Using PYTHON_INCLUDE_DIRS: /usr/include/python3.8
-- Using PYTHON_LIBRARIES: /usr/lib/x86_64-linux-gnu/libpython3.8.so
-- Found PythonExtra: .so  
-- Found ament_cmake_flake8: 0.9.8 (/opt/ros/foxy/share/ament_cmake_flake8/cmake)
-- Found ament_cmake_pep257: 0.9.8 (/opt/ros/foxy/share/ament_cmake_pep257/cmake)
-- Configuring done (13.0s)
-- Generating done (0.2s)
-- Build files have been written to: /home/terranova/uav_ws/build/pcl_msgs
[  1%] [34m[1mGenerating C code for ROS interfaces[0m
[  3%] [34m[1mGenerating C++ code for ROS interfaces[0m
[  4%] [32mBuilding C object CMakeFiles/pcl_msgs__rosidl_generator_c.dir/rosidl_generator_c/pcl_msgs/msg/detail/model_coefficients__functions.c.o[0m
[  6%] [32mBuilding C object CMakeFiles/pcl_msgs__rosidl_generator_c.dir/rosidl_generator_c/pcl_msgs/msg/detail/polygon_mesh__functions.c.o[0m
[  7%] [32mBuilding C object CMakeFiles/pcl_msgs__rosidl_generator_c.dir/rosidl_generator_c/pcl_msgs/msg/detail/point_indices__functions.c.o[0m
[  7%] Built target pcl_msgs__cpp
[  9%] [34m[1mGenerating C++ type support dispatch for ROS interfaces[0m
[ 11%] [32mBuilding C object CMakeFiles/pcl_msgs__rosidl_generator_c.dir/rosidl_generator_c/pcl_msgs/msg/detail/vertices__functions.c.o[0m
[ 12%] [32mBuilding C object CMakeFiles/pcl_msgs__rosidl_generator_c.dir/rosidl_generator_c/pcl_msgs/srv/detail/update_filename__functions.c.o[0m
[ 14%] [34m[1mGenerating C++ type support for eProsima Fast-RTPS[0m
[ 15%] [32m[1mLinking C shared library libpcl_msgs__rosidl_generator_c.so[0m
[ 17%] [34m[1mGenerating C++ introspection for ROS interfaces[0m
[ 17%] Built target pcl_msgs__rosidl_generator_c
[ 19%] [34m[1mGenerating C introspection for ROS interfaces[0m
[ 20%] [32mBuilding CXX object CMakeFiles/pcl_msgs__rosidl_typesupport_cpp.dir/rosidl_typesupport_cpp/pcl_msgs/msg/model_coefficients__type_support.cpp.o[0m
[ 22%] [32mBuilding CXX object CMakeFiles/pcl_msgs__rosidl_typesupport_cpp.dir/rosidl_typesupport_cpp/pcl_msgs/msg/point_indices__type_support.cpp.o[0m
[ 23%] [32mBuilding CXX object CMakeFiles/pcl_msgs__rosidl_typesupport_cpp.dir/rosidl_typesupport_cpp/pcl_msgs/msg/polygon_mesh__type_support.cpp.o[0m
[ 25%] [32mBuilding CXX object CMakeFiles/pcl_msgs__rosidl_typesupport_cpp.dir/rosidl_typesupport_cpp/pcl_msgs/msg/vertices__type_support.cpp.o[0m
[ 26%] [32mBuilding CXX object CMakeFiles/pcl_msgs__rosidl_typesupport_cpp.dir/rosidl_typesupport_cpp/pcl_msgs/srv/update_filename__type_support.cpp.o[0m
[ 28%] [32m[1mLinking CXX shared library libpcl_msgs__rosidl_typesupport_cpp.so[0m
[ 28%] Built target pcl_msgs__rosidl_typesupport_cpp
[ 30%] [34m[1mGenerating C type support dispatch for ROS interfaces[0m
[ 31%] [32mBuilding CXX object CMakeFiles/pcl_msgs__rosidl_typesupport_fastrtps_cpp.dir/rosidl_typesupport_fastrtps_cpp/pcl_msgs/msg/detail/dds_fastrtps/model_coefficients__type_support.cpp.o[0m
[ 33%] [32mBuilding CXX object CMakeFiles/pcl_msgs__rosidl_typesupport_introspection_cpp.dir/rosidl_typesupport_introspection_cpp/pcl_msgs/msg/detail/model_coefficients__type_support.cpp.o[0m
[ 34%] [32mBuilding C object CMakeFiles/pcl_msgs__rosidl_typesupport_introspection_c.dir/rosidl_typesupport_introspection_c/pcl_msgs/msg/detail/model_coefficients__type_support.c.o[0m
[ 36%] [32mBuilding C object CMakeFiles/pcl_msgs__rosidl_typesupport_introspection_c.dir/rosidl_typesupport_introspection_c/pcl_msgs/msg/detail/point_indices__type_support.c.o[0m
[ 38%] [32mBuilding CXX object CMakeFiles/pcl_msgs__rosidl_typesupport_introspection_cpp.dir/rosidl_typesupport_introspection_cpp/pcl_msgs/msg/detail/point_indices__type_support.cpp.o[0m
[ 39%] [32mBuilding CXX object CMakeFiles/pcl_msgs__rosidl_typesupport_introspection_cpp.dir/rosidl_typesupport_introspection_cpp/pcl_msgs/msg/detail/polygon_mesh__type_support.cpp.o[0m
[ 41%] [32mBuilding CXX object CMakeFiles/pcl_msgs__rosidl_typesupport_fastrtps_cpp.dir/rosidl_typesupport_fastrtps_cpp/pcl_msgs/msg/detail/dds_fastrtps/point_indices__type_support.cpp.o[0m
[ 42%] [32mBuilding C object CMakeFiles/pcl_msgs__rosidl_typesupport_introspection_c.dir/rosidl_typesupport_introspection_c/pcl_msgs/msg/detail/polygon_mesh__type_support.c.o[0m
[ 44%] [32mBuilding CXX object CMakeFiles/pcl_msgs__rosidl_typesupport_introspection_cpp.dir/rosidl_typesupport_introspection_cpp/pcl_msgs/msg/detail/vertices__type_support.cpp.o[0m
[ 46%] [32mBuilding CXX object CMakeFiles/pcl_msgs__rosidl_typesupport_c.dir/rosidl_typesupport_c/pcl_msgs/msg/model_coefficients__type_support.cpp.o[0m
[ 47%] [32mBuilding CXX object CMakeFiles/pcl_msgs__rosidl_typesupport_fastrtps_cpp.dir/rosidl_typesupport_fastrtps_cpp/pcl_msgs/msg/detail/dds_fastrtps/polygon_mesh__type_support.cpp.o[0m
[ 49%] [32mBuilding CXX object CMakeFiles/pcl_msgs__rosidl_typesupport_introspection_cpp.dir/rosidl_typesupport_introspection_cpp/pcl_msgs/srv/detail/update_filename__type_support.cpp.o[0m
[ 50%] [32mBuilding CXX object CMakeFiles/pcl_msgs__rosidl_typesupport_c.dir/rosidl_typesupport_c/pcl_msgs/msg/point_indices__type_support.cpp.o[0m
[ 52%] [32mBuilding C object CMakeFiles/pcl_msgs__rosidl_typesupport_introspection_c.dir/rosidl_typesupport_introspection_c/pcl_msgs/msg/detail/vertices__type_support.c.o[0m
[ 53%] [32mBuilding CXX object CMakeFiles/pcl_msgs__rosidl_typesupport_fastrtps_cpp.dir/rosidl_typesupport_fastrtps_cpp/pcl_msgs/msg/detail/dds_fastrtps/vertices__type_support.cpp.o[0m
[ 55%] [32mBuilding CXX object CMakeFiles/pcl_msgs__rosidl_typesupport_c.dir/rosidl_typesupport_c/pcl_msgs/msg/polygon_mesh__type_support.cpp.o[0m
[ 57%] [32m[1mLinking CXX shared library libpcl_msgs__rosidl_typesupport_introspection_cpp.so[0m
[ 58%] [32mBuilding CXX object CMakeFiles/pcl_msgs__rosidl_typesupport_c.dir/rosidl_typesupport_c/pcl_msgs/msg/vertices__type_support.cpp.o[0m
[ 60%] [32mBuilding CXX object CMakeFiles/pcl_msgs__rosidl_typesupport_fastrtps_cpp.dir/rosidl_typesupport_fastrtps_cpp/pcl_msgs/srv/detail/dds_fastrtps/update_filename__type_support.cpp.o[0m
[ 61%] [32mBuilding CXX object CMakeFiles/pcl_msgs__rosidl_typesupport_c.dir/rosidl_typesupport_c/pcl_msgs/srv/update_filename__type_support.cpp.o[0m
[ 63%] [32mBuilding C object CMakeFiles/pcl_msgs__rosidl_typesupport_introspection_c.dir/rosidl_typesupport_introspection_c/pcl_msgs/srv/detail/update_filename__type_support.c.o[0m
[ 65%] [32m[1mLinking CXX shared library libpcl_msgs__rosidl_typesupport_c.so[0m
[ 66%] [32m[1mLinking CXX shared library libpcl_msgs__rosidl_typesupport_fastrtps_cpp.so[0m
[ 68%] [32m[1mLinking C shared library libpcl_msgs__rosidl_typesupport_introspection_c.so[0m
[ 68%] Built target pcl_msgs__rosidl_typesupport_introspection_cpp
[ 68%] Built target pcl_msgs__rosidl_typesupport_c
[ 68%] Built target pcl_msgs__rosidl_typesupport_introspection_c
[ 68%] Built target pcl_msgs__rosidl_typesupport_fastrtps_cpp
[ 69%] [34m[1mGenerating C type support for eProsima Fast-RTPS[0m
[ 71%] [32mBuilding CXX object CMakeFiles/pcl_msgs__rosidl_typesupport_fastrtps_c.dir/rosidl_typesupport_fastrtps_c/pcl_msgs/msg/detail/point_indices__type_support_c.cpp.o[0m
[ 73%] [32mBuilding CXX object CMakeFiles/pcl_msgs__rosidl_typesupport_fastrtps_c.dir/rosidl_typesupport_fastrtps_c/pcl_msgs/msg/detail/model_coefficients__type_support_c.cpp.o[0m
[ 74%] [32mBuilding CXX object CMakeFiles/pcl_msgs__rosidl_typesupport_fastrtps_c.dir/rosidl_typesupport_fastrtps_c/pcl_msgs/msg/detail/polygon_mesh__type_support_c.cpp.o[0m
[ 76%] [32mBuilding CXX object CMakeFiles/pcl_msgs__rosidl_typesupport_fastrtps_c.dir/rosidl_typesupport_fastrtps_c/pcl_msgs/srv/detail/update_filename__type_support_c.cpp.o[0m
[ 77%] [32mBuilding CXX object CMakeFiles/pcl_msgs__rosidl_typesupport_fastrtps_c.dir/rosidl_typesupport_fastrtps_c/pcl_msgs/msg/detail/vertices__type_support_c.cpp.o[0m
[ 79%] [32m[1mLinking CXX shared library libpcl_msgs__rosidl_typesupport_fastrtps_c.so[0m
[ 79%] Built target pcl_msgs__rosidl_typesupport_fastrtps_c
[ 79%] Built target pcl_msgs
[ 80%] [34m[1mGenerating Python code for ROS interfaces[0m
[ 80%] Built target pcl_msgs__py
[ 82%] [32mBuilding C object CMakeFiles/pcl_msgs__python.dir/rosidl_generator_py/pcl_msgs/msg/_model_coefficients_s.c.o[0m
[ 84%] [32mBuilding C object CMakeFiles/pcl_msgs__python.dir/rosidl_generator_py/pcl_msgs/msg/_point_indices_s.c.o[0m
[ 85%] [32mBuilding C object CMakeFiles/pcl_msgs__python.dir/rosidl_generator_py/pcl_msgs/msg/_polygon_mesh_s.c.o[0m
[ 87%] [32mBuilding C object CMakeFiles/pcl_msgs__python.dir/rosidl_generator_py/pcl_msgs/msg/_vertices_s.c.o[0m
[ 88%] [32mBuilding C object CMakeFiles/pcl_msgs__python.dir/rosidl_generator_py/pcl_msgs/srv/_update_filename_s.c.o[0m
[ 90%] [32m[1mLinking C shared library rosidl_generator_py/pcl_msgs/libpcl_msgs__python.so[0m
[ 90%] Built target pcl_msgs__python
[ 92%] [32mBuilding C object CMakeFiles/pcl_msgs__rosidl_typesupport_fastrtps_c__pyext.dir/rosidl_generator_py/pcl_msgs/_pcl_msgs_s.ep.rosidl_typesupport_fastrtps_c.c.o[0m
[ 93%] [32mBuilding C object CMakeFiles/pcl_msgs__rosidl_typesupport_c__pyext.dir/rosidl_generator_py/pcl_msgs/_pcl_msgs_s.ep.rosidl_typesupport_c.c.o[0m
[ 95%] [32mBuilding C object CMakeFiles/pcl_msgs__rosidl_typesupport_introspection_c__pyext.dir/rosidl_generator_py/pcl_msgs/_pcl_msgs_s.ep.rosidl_typesupport_introspection_c.c.o[0m
[ 96%] [32m[1mLinking C shared library rosidl_generator_py/pcl_msgs/pcl_msgs_s__rosidl_typesupport_c.cpython-38-x86_64-linux-gnu.so[0m
[ 98%] [32m[1mLinking CXX shared library rosidl_generator_py/pcl_msgs/pcl_msgs_s__rosidl_typesupport_fastrtps_c.cpython-38-x86_64-linux-gnu.so[0m
[100%] [32m[1mLinking C shared library rosidl_generator_py/pcl_msgs/pcl_msgs_s__rosidl_typesupport_introspection_c.cpython-38-x86_64-linux-gnu.so[0m
[100%] Built target pcl_msgs__rosidl_typesupport_c__pyext
[100%] Built target pcl_msgs__rosidl_typesupport_introspection_c__pyext
[100%] Built target pcl_msgs__rosidl_typesupport_fastrtps_c__pyext
-- Install configuration: ""
-- Installing: /home/terranova/uav_ws/install/pcl_msgs/share/ament_index/resource_index/rosidl_interfaces/pcl_msgs
-- Installing: /home/terranova/uav_ws/install/pcl_msgs/include/pcl_msgs
-- Installing: /home/terranova/uav_ws/install/pcl_msgs/include/pcl_msgs/msg
-- Installing: /home/terranova/uav_ws/install/pcl_msgs/include/pcl_msgs/msg/rosidl_generator_c__visibility_control.h
-- Installing: /home/terranova/uav_ws/install/pcl_msgs/include/pcl_msgs/msg/vertices.h
-- Installing: /home/terranova/uav_ws/install/pcl_msgs/include/pcl_msgs/msg/polygon_mesh.h
-- Installing: /home/terranova/uav_ws/install/pcl_msgs/include/pcl_msgs/msg/model_coefficients.h
-- Installing: /home/terranova/uav_ws/install/pcl_msgs/include/pcl_msgs/msg/detail
-- Installing: /home/terranova/uav_ws/install/pcl_msgs/include/pcl_msgs/msg/detail/point_indices__type_support.h
-- Installing: /home/terranova/uav_ws/install/pcl_msgs/include/pcl_msgs/msg/detail/vertices__functions.c
-- Installing: /home/terranova/uav_ws/install/pcl_msgs/include/pcl_msgs/msg/detail/model_coefficients__struct.h
-- Installing: /home/terranova/uav_ws/install/pcl_msgs/include/pcl_msgs/msg/detail/polygon_mesh__type_support.h
-- Installing: /home/terranova/uav_ws/install/pcl_msgs/include/pcl_msgs/msg/detail/vertices__functions.h
-- Installing: /home/terranova/uav_ws/install/pcl_msgs/include/pcl_msgs/msg/detail/polygon_mesh__struct.h
-- Installing: /home/terranova/uav_ws/install/pcl_msgs/include/pcl_msgs/msg/detail/point_indices__functions.c
-- Installing: /home/terranova/uav_ws/install/pcl_msgs/include/pcl_msgs/msg/detail/vertices__struct.h
-- Installing: /home/terranova/uav_ws/install/pcl_msgs/include/pcl_msgs/msg/detail/polygon_mesh__functions.h
-- Installing: /home/terranova/uav_ws/install/pcl_msgs/include/pcl_msgs/msg/detail/polygon_mesh__functions.c
-- Installing: /home/terranova/uav_ws/install/pcl_msgs/include/pcl_msgs/msg/detail/model_coefficients__type_support.h
-- Installing: /home/terranova/uav_ws/install/pcl_msgs/include/pcl_msgs/msg/detail/point_indices__functions.h
-- Installing: /home/terranova/uav_ws/install/pcl_msgs/include/pcl_msgs/msg/detail/vertices__type_support.h
-- Installing: /home/terranova/uav_ws/install/pcl_msgs/include/pcl_msgs/msg/detail/point_indices__struct.h
-- Installing: /home/terranova/uav_ws/install/pcl_msgs/include/pcl_msgs/msg/detail/model_coefficients__functions.h
-- Installing: /home/terranova/uav_ws/install/pcl_msgs/include/pcl_msgs/msg/detail/model_coefficients__functions.c
-- Installing: /home/terranova/uav_ws/install/pcl_msgs/include/pcl_msgs/msg/point_indices.h
-- Installing: /home/terranova/uav_ws/install/pcl_msgs/include/pcl_msgs/srv
-- Installing: /home/terranova/uav_ws/install/pcl_msgs/include/pcl_msgs/srv/update_filename.h
-- Installing: /home/terranova/uav_ws/install/pcl_msgs/include/pcl_msgs/srv/detail
-- Installing: /home/terranova/uav_ws/install/pcl_msgs/include/pcl_msgs/srv/detail/update_filename__functions.h
-- Installing: /home/terranova/uav_ws/install/pcl_msgs/include/pcl_msgs/srv/detail/update_filename__type_support.h
-- Installing: /home/terranova/uav_ws/install/pcl_msgs/include/pcl_msgs/srv/detail/update_filename__functions.c
-- Installing: /home/terranova/uav_ws/install/pcl_msgs/include/pcl_msgs/srv/detail/update_filename__struct.h
-- Installing: /home/terranova/uav_ws/install/pcl_msgs/share/pcl_msgs/environment/library_path.sh
-- Installing: /home/terranova/uav_ws/install/pcl_msgs/share/pcl_msgs/environment/library_path.dsv
-- Installing: /home/terranova/uav_ws/install/pcl_msgs/lib/libpcl_msgs__rosidl_generator_c.so
-- Set non-toolchain portion of runtime path of "/home/terranova/uav_ws/install/pcl_msgs/lib/libpcl_msgs__rosidl_generator_c.so" to ""
-- Up-to-date: /home/terranova/uav_ws/install/pcl_msgs/include/pcl_msgs
-- Up-to-date: /home/terranova/uav_ws/install/pcl_msgs/include/pcl_msgs/msg
-- Installing: /home/terranova/uav_ws/install/pcl_msgs/include/pcl_msgs/msg/rosidl_typesupport_fastrtps_c__visibility_control.h
-- Up-to-date: /home/terranova/uav_ws/install/pcl_msgs/include/pcl_msgs/msg/detail
-- Installing: /home/terranova/uav_ws/install/pcl_msgs/include/pcl_msgs/msg/detail/point_indices__rosidl_typesupport_fastrtps_c.h
-- Installing: /home/terranova/uav_ws/install/pcl_msgs/include/pcl_msgs/msg/detail/vertices__rosidl_typesupport_fastrtps_c.h
-- Installing: /home/terranova/uav_ws/install/pcl_msgs/include/pcl_msgs/msg/detail/polygon_mesh__rosidl_typesupport_fastrtps_c.h
-- Installing: /home/terranova/uav_ws/install/pcl_msgs/include/pcl_msgs/msg/detail/model_coefficients__rosidl_typesupport_fastrtps_c.h
-- Up-to-date: /home/terranova/uav_ws/install/pcl_msgs/include/pcl_msgs/srv
-- Up-to-date: /home/terranova/uav_ws/install/pcl_msgs/include/pcl_msgs/srv/detail
-- Installing: /home/terranova/uav_ws/install/pcl_msgs/include/pcl_msgs/srv/detail/update_filename__rosidl_typesupport_fastrtps_c.h
-- Installing: /home/terranova/uav_ws/install/pcl_msgs/lib/libpcl_msgs__rosidl_typesupport_fastrtps_c.so
-- Set non-toolchain portion of runtime path of "/home/terranova/uav_ws/install/pcl_msgs/lib/libpcl_msgs__rosidl_typesupport_fastrtps_c.so" to ""
-- Up-to-date: /home/terranova/uav_ws/install/pcl_msgs/include/pcl_msgs
-- Up-to-date: /home/terranova/uav_ws/install/pcl_msgs/include/pcl_msgs/msg
-- Installing: /home/terranova/uav_ws/install/pcl_msgs/include/pcl_msgs/msg/rosidl_typesupport_fastrtps_cpp__visibility_control.h
-- Up-to-date: /home/terranova/uav_ws/install/pcl_msgs/include/pcl_msgs/msg/detail
-- Installing: /home/terranova/uav_ws/install/pcl_msgs/include/pcl_msgs/msg/detail/vertices__rosidl_typesupport_fastrtps_cpp.hpp
-- Installing: /home/terranova/uav_ws/install/pcl_msgs/include/pcl_msgs/msg/detail/dds_fastrtps
-- Installing: /home/terranova/uav_ws/install/pcl_msgs/include/pcl_msgs/msg/detail/point_indices__rosidl_typesupport_fastrtps_cpp.hpp
-- Installing: /home/terranova/uav_ws/install/pcl_msgs/include/pcl_msgs/msg/detail/model_coefficients__rosidl_typesupport_fastrtps_cpp.hpp
-- Installing: /home/terranova/uav_ws/install/pcl_msgs/include/pcl_msgs/msg/detail/polygon_mesh__rosidl_typesupport_fastrtps_cpp.hpp
-- Up-to-date: /home/terranova/uav_ws/install/pcl_msgs/include/pcl_msgs/srv
-- Up-to-date: /home/terranova/uav_ws/install/pcl_msgs/include/pcl_msgs/srv/detail
-- Installing: /home/terranova/uav_ws/install/pcl_msgs/include/pcl_msgs/srv/detail/dds_fastrtps
-- Installing: /home/terranova/uav_ws/install/pcl_msgs/include/pcl_msgs/srv/detail/update_filename__rosidl_typesupport_fastrtps_cpp.hpp
-- Installing: /home/terranova/uav_ws/install/pcl_msgs/lib/libpcl_msgs__rosidl_typesupport_fastrtps_cpp.so
-- Set non-toolchain portion of runtime path of "/home/terranova/uav_ws/install/pcl_msgs/lib/libpcl_msgs__rosidl_typesupport_fastrtps_cpp.so" to ""
-- Up-to-date: /home/terranova/uav_ws/install/pcl_msgs/include/pcl_msgs
-- Up-to-date: /home/terranova/uav_ws/install/pcl_msgs/include/pcl_msgs/msg
-- Up-to-date: /home/terranova/uav_ws/install/pcl_msgs/include/pcl_msgs/msg/detail
-- Installing: /home/terranova/uav_ws/install/pcl_msgs/include/pcl_msgs/msg/detail/vertices__type_support.c
-- Installing: /home/terranova/uav_ws/install/pcl_msgs/include/pcl_msgs/msg/detail/point_indices__rosidl_typesupport_introspection_c.h
-- Installing: /home/terranova/uav_ws/install/pcl_msgs/include/pcl_msgs/msg/detail/vertices__rosidl_typesupport_introspection_c.h
-- Installing: /home/terranova/uav_ws/install/pcl_msgs/include/pcl_msgs/msg/detail/model_coefficients__rosidl_typesupport_introspection_c.h
-- Installing: /home/terranova/uav_ws/install/pcl_msgs/include/pcl_msgs/msg/detail/point_indices__type_support.c
-- Installing: /home/terranova/uav_ws/install/pcl_msgs/include/pcl_msgs/msg/detail/model_coefficients__type_support.c
-- Installing: /home/terranova/uav_ws/install/pcl_msgs/include/pcl_msgs/msg/detail/polygon_mesh__type_support.c
-- Installing: /home/terranova/uav_ws/install/pcl_msgs/include/pcl_msgs/msg/detail/polygon_mesh__rosidl_typesupport_introspection_c.h
-- Installing: /home/terranova/uav_ws/install/pcl_msgs/include/pcl_msgs/msg/rosidl_typesupport_introspection_c__visibility_control.h
-- Up-to-date: /home/terranova/uav_ws/install/pcl_msgs/include/pcl_msgs/srv
-- Up-to-date: /home/terranova/uav_ws/install/pcl_msgs/include/pcl_msgs/srv/detail
-- Installing: /home/terranova/uav_ws/install/pcl_msgs/include/pcl_msgs/srv/detail/update_filename__rosidl_typesupport_introspection_c.h
-- Installing: /home/terranova/uav_ws/install/pcl_msgs/include/pcl_msgs/srv/detail/update_filename__type_support.c
-- Installing: /home/terranova/uav_ws/install/pcl_msgs/lib/libpcl_msgs__rosidl_typesupport_introspection_c.so
-- Set non-toolchain portion of runtime path of "/home/terranova/uav_ws/install/pcl_msgs/lib/libpcl_msgs__rosidl_typesupport_introspection_c.so" to ""
-- Installing: /home/terranova/uav_ws/install/pcl_msgs/lib/libpcl_msgs__rosidl_typesupport_c.so
-- Set non-toolchain portion of runtime path of "/home/terranova/uav_ws/install/pcl_msgs/lib/libpcl_msgs__rosidl_typesupport_c.so" to ""
-- Up-to-date: /home/terranova/uav_ws/install/pcl_msgs/include/pcl_msgs
-- Up-to-date: /home/terranova/uav_ws/install/pcl_msgs/include/pcl_msgs/msg
-- Installing: /home/terranova/uav_ws/install/pcl_msgs/include/pcl_msgs/msg/polygon_mesh.hpp
-- Installing: /home/terranova/uav_ws/install/pcl_msgs/include/pcl_msgs/msg/model_coefficients.hpp
-- Installing: /home/terranova/uav_ws/install/pcl_msgs/include/pcl_msgs/msg/vertices.hpp
-- Installing: /home/terranova/uav_ws/install/pcl_msgs/include/pcl_msgs/msg/point_indices.hpp
-- Installing: /home/terranova/uav_ws/install/pcl_msgs/include/pcl_msgs/msg/rosidl_generator_cpp__visibility_control.hpp
-- Up-to-date: /home/terranova/uav_ws/install/pcl_msgs/include/pcl_msgs/msg/detail
-- Installing: /home/terranova/uav_ws/install/pcl_msgs/include/pcl_msgs/msg/detail/model_coefficients__type_support.hpp
-- Installing: /home/terranova/uav_ws/install/pcl_msgs/include/pcl_msgs/msg/detail/point_indices__builder.hpp
-- Installing: /home/terranova/uav_ws/install/pcl_msgs/include/pcl_msgs/msg/detail/polygon_mesh__builder.hpp
-- Installing: /home/terranova/uav_ws/install/pcl_msgs/include/pcl_msgs/msg/detail/model_coefficients__builder.hpp
-- Installing: /home/terranova/uav_ws/install/pcl_msgs/include/pcl_msgs/msg/detail/point_indices__type_support.hpp
-- Installing: /home/terranova/uav_ws/install/pcl_msgs/include/pcl_msgs/msg/detail/model_coefficients__struct.hpp
-- Installing: /home/terranova/uav_ws/install/pcl_msgs/include/pcl_msgs/msg/detail/model_coefficients__traits.hpp
-- Installing: /home/terranova/uav_ws/install/pcl_msgs/include/pcl_msgs/msg/detail/polygon_mesh__struct.hpp
-- Installing: /home/terranova/uav_ws/install/pcl_msgs/include/pcl_msgs/msg/detail/vertices__type_support.hpp
-- Installing: /home/terranova/uav_ws/install/pcl_msgs/include/pcl_msgs/msg/detail/vertices__traits.hpp
-- Installing: /home/terranova/uav_ws/install/pcl_msgs/include/pcl_msgs/msg/detail/point_indices__traits.hpp
-- Installing: /home/terranova/uav_ws/install/pcl_msgs/include/pcl_msgs/msg/detail/vertices__builder.hpp
-- Installing: /home/terranova/uav_ws/install/pcl_msgs/include/pcl_msgs/msg/detail/vertices__struct.hpp
-- Installing: /home/terranova/uav_ws/install/pcl_msgs/include/pcl_msgs/msg/detail/polygon_mesh__type_support.hpp
-- Installing: /home/terranova/uav_ws/install/pcl_msgs/include/pcl_msgs/msg/detail/point_indices__struct.hpp
-- Installing: /home/terranova/uav_ws/install/pcl_msgs/include/pcl_msgs/msg/detail/polygon_mesh__traits.hpp
-- Up-to-date: /home/terranova/uav_ws/install/pcl_msgs/include/pcl_msgs/srv
-- Installing: /home/terranova/uav_ws/install/pcl_msgs/include/pcl_msgs/srv/update_filename.hpp
-- Up-to-date: /home/terranova/uav_ws/install/pcl_msgs/include/pcl_msgs/srv/detail
-- Installing: /home/terranova/uav_ws/install/pcl_msgs/include/pcl_msgs/srv/detail/update_filename__builder.hpp
-- Installing: /home/terranova/uav_ws/install/pcl_msgs/include/pcl_msgs/srv/detail/update_filename__struct.hpp
-- Installing: /home/terranova/uav_ws/install/pcl_msgs/include/pcl_msgs/srv/detail/update_filename__traits.hpp
-- Installing: /home/terranova/uav_ws/install/pcl_msgs/include/pcl_msgs/srv/detail/update_filename__type_support.hpp
-- Up-to-date: /home/terranova/uav_ws/install/pcl_msgs/include/pcl_msgs
-- Up-to-date: /home/terranova/uav_ws/install/pcl_msgs/include/pcl_msgs/msg
-- Up-to-date: /home/terranova/uav_ws/install/pcl_msgs/include/pcl_msgs/msg/detail
-- Installing: /home/terranova/uav_ws/install/pcl_msgs/include/pcl_msgs/msg/detail/vertices__rosidl_typesupport_introspection_cpp.hpp
-- Installing: /home/terranova/uav_ws/install/pcl_msgs/include/pcl_msgs/msg/detail/point_indices__rosidl_typesupport_introspection_cpp.hpp
-- Installing: /home/terranova/uav_ws/install/pcl_msgs/include/pcl_msgs/msg/detail/polygon_mesh__type_support.cpp
-- Installing: /home/terranova/uav_ws/install/pcl_msgs/include/pcl_msgs/msg/detail/point_indices__type_support.cpp
-- Installing: /home/terranova/uav_ws/install/pcl_msgs/include/pcl_msgs/msg/detail/model_coefficients__type_support.cpp
-- Installing: /home/terranova/uav_ws/install/pcl_msgs/include/pcl_msgs/msg/detail/vertices__type_support.cpp
-- Installing: /home/terranova/uav_ws/install/pcl_msgs/include/pcl_msgs/msg/detail/model_coefficients__rosidl_typesupport_introspection_cpp.hpp
-- Installing: /home/terranova/uav_ws/install/pcl_msgs/include/pcl_msgs/msg/detail/polygon_mesh__rosidl_typesupport_introspection_cpp.hpp
-- Up-to-date: /home/terranova/uav_ws/install/pcl_msgs/include/pcl_msgs/srv
-- Up-to-date: /home/terranova/uav_ws/install/pcl_msgs/include/pcl_msgs/srv/detail
-- Installing: /home/terranova/uav_ws/install/pcl_msgs/include/pcl_msgs/srv/detail/update_filename__type_support.cpp
-- Installing: /home/terranova/uav_ws/install/pcl_msgs/include/pcl_msgs/srv/detail/update_filename__rosidl_typesupport_introspection_cpp.hpp
-- Installing: /home/terranova/uav_ws/install/pcl_msgs/lib/libpcl_msgs__rosidl_typesupport_introspection_cpp.so
-- Set non-toolchain portion of runtime path of "/home/terranova/uav_ws/install/pcl_msgs/lib/libpcl_msgs__rosidl_typesupport_introspection_cpp.so" to ""
-- Installing: /home/terranova/uav_ws/install/pcl_msgs/lib/libpcl_msgs__rosidl_typesupport_cpp.so
-- Set non-toolchain portion of runtime path of "/home/terranova/uav_ws/install/pcl_msgs/lib/libpcl_msgs__rosidl_typesupport_cpp.so" to ""
-- Installing: /home/terranova/uav_ws/install/pcl_msgs/share/pcl_msgs/environment/pythonpath.sh
-- Installing: /home/terranova/uav_ws/install/pcl_msgs/share/pcl_msgs/environment/pythonpath.dsv
-- Installing: /home/terranova/uav_ws/install/pcl_msgs/lib/python3.8/site-packages/pcl_msgs/__init__.py
Compiling '/home/terranova/uav_ws/install/pcl_msgs/lib/python3.8/site-packages/pcl_msgs/__init__.py'...
-- Installing: /home/terranova/uav_ws/install/pcl_msgs/lib/python3.8/site-packages/pcl_msgs/msg
-- Installing: /home/terranova/uav_ws/install/pcl_msgs/lib/python3.8/site-packages/pcl_msgs/msg/_vertices_s.c
-- Installing: /home/terranova/uav_ws/install/pcl_msgs/lib/python3.8/site-packages/pcl_msgs/msg/_vertices.py
-- Installing: /home/terranova/uav_ws/install/pcl_msgs/lib/python3.8/site-packages/pcl_msgs/msg/_point_indices.py
-- Installing: /home/terranova/uav_ws/install/pcl_msgs/lib/python3.8/site-packages/pcl_msgs/msg/_point_indices_s.c
-- Installing: /home/terranova/uav_ws/install/pcl_msgs/lib/python3.8/site-packages/pcl_msgs/msg/_model_coefficients.py
-- Installing: /home/terranova/uav_ws/install/pcl_msgs/lib/python3.8/site-packages/pcl_msgs/msg/_polygon_mesh_s.c
-- Installing: /home/terranova/uav_ws/install/pcl_msgs/lib/python3.8/site-packages/pcl_msgs/msg/_model_coefficients_s.c
-- Installing: /home/terranova/uav_ws/install/pcl_msgs/lib/python3.8/site-packages/pcl_msgs/msg/__init__.py
-- Installing: /home/terranova/uav_ws/install/pcl_msgs/lib/python3.8/site-packages/pcl_msgs/msg/_polygon_mesh.py
-- Installing: /home/terranova/uav_ws/install/pcl_msgs/lib/python3.8/site-packages/pcl_msgs/srv
-- Installing: /home/terranova/uav_ws/install/pcl_msgs/lib/python3.8/site-packages/pcl_msgs/srv/_update_filename_s.c
-- Installing: /home/terranova/uav_ws/install/pcl_msgs/lib/python3.8/site-packages/pcl_msgs/srv/__init__.py
-- Installing: /home/terranova/uav_ws/install/pcl_msgs/lib/python3.8/site-packages/pcl_msgs/srv/_update_filename.py
-- Installing: /home/terranova/uav_ws/install/pcl_msgs/lib/python3.8/site-packages/pcl_msgs/pcl_msgs_s__rosidl_typesupport_fastrtps_c.cpython-38-x86_64-linux-gnu.so
-- Set non-toolchain portion of runtime path of "/home/terranova/uav_ws/install/pcl_msgs/lib/python3.8/site-packages/pcl_msgs/pcl_msgs_s__rosidl_typesupport_fastrtps_c.cpython-38-x86_64-linux-gnu.so" to ""
-- Installing: /home/terranova/uav_ws/install/pcl_msgs/lib/python3.8/site-packages/pcl_msgs/pcl_msgs_s__rosidl_typesupport_introspection_c.cpython-38-x86_64-linux-gnu.so
-- Set non-toolchain portion of runtime path of "/home/terranova/uav_ws/install/pcl_msgs/lib/python3.8/site-packages/pcl_msgs/pcl_msgs_s__rosidl_typesupport_introspection_c.cpython-38-x86_64-linux-gnu.so" to ""
-- Installing: /home/terranova/uav_ws/install/pcl_msgs/lib/python3.8/site-packages/pcl_msgs/pcl_msgs_s__rosidl_typesupport_c.cpython-38-x86_64-linux-gnu.so
-- Set non-toolchain portion of runtime path of "/home/terranova/uav_ws/install/pcl_msgs/lib/python3.8/site-packages/pcl_msgs/pcl_msgs_s__rosidl_typesupport_c.cpython-38-x86_64-linux-gnu.so" to ""
-- Installing: /home/terranova/uav_ws/install/pcl_msgs/lib/libpcl_msgs__python.so
-- Set non-toolchain portion of runtime path of "/home/terranova/uav_ws/install/pcl_msgs/lib/libpcl_msgs__python.so" to ""
-- Installing: /home/terranova/uav_ws/install/pcl_msgs/share/pcl_msgs/msg/ModelCoefficients.idl
-- Installing: /home/terranova/uav_ws/install/pcl_msgs/share/pcl_msgs/msg/PointIndices.idl
-- Installing: /home/terranova/uav_ws/install/pcl_msgs/share/pcl_msgs/msg/PolygonMesh.idl
-- Installing: /home/terranova/uav_ws/install/pcl_msgs/share/pcl_msgs/msg/Vertices.idl
-- Installing: /home/terranova/uav_ws/install/pcl_msgs/share/pcl_msgs/srv/UpdateFilename.idl
-- Installing: /home/terranova/uav_ws/install/pcl_msgs/share/pcl_msgs/msg/ModelCoefficients.msg
-- Installing: /home/terranova/uav_ws/install/pcl_msgs/share/pcl_msgs/msg/PointIndices.msg
-- Installing: /home/terranova/uav_ws/install/pcl_msgs/share/pcl_msgs/msg/PolygonMesh.msg
-- Installing: /home/terranova/uav_ws/install/pcl_msgs/share/pcl_msgs/msg/Vertices.msg
-- Installing: /home/terranova/uav_ws/install/pcl_msgs/share/pcl_msgs/srv/UpdateFilename.srv
-- Installing: /home/terranova/uav_ws/install/pcl_msgs/share/pcl_msgs/srv/UpdateFilename_Request.msg
-- Installing: /home/terranova/uav_ws/install/pcl_msgs/share/pcl_msgs/srv/UpdateFilename_Response.msg
-- Installing: /home/terranova/uav_ws/install/pcl_msgs/share/ament_index/resource_index/package_run_dependencies/pcl_msgs
-- Installing: /home/terranova/uav_ws/install/pcl_msgs/share/ament_index/resource_index/parent_prefix_path/pcl_msgs
-- Installing: /home/terranova/uav_ws/install/pcl_msgs/share/pcl_msgs/environment/ament_prefix_path.sh
-- Installing: /home/terranova/uav_ws/install/pcl_msgs/share/pcl_msgs/environment/ament_prefix_path.dsv
-- Installing: /home/terranova/uav_ws/install/pcl_msgs/share/pcl_msgs/environment/path.sh
-- Installing: /home/terranova/uav_ws/install/pcl_msgs/share/pcl_msgs/environment/path.dsv
-- Installing: /home/terranova/uav_ws/install/pcl_msgs/share/pcl_msgs/local_setup.bash
-- Installing: /home/terranova/uav_ws/install/pcl_msgs/share/pcl_msgs/local_setup.sh
-- Installing: /home/terranova/uav_ws/install/pcl_msgs/share/pcl_msgs/local_setup.zsh
-- Installing: /home/terranova/uav_ws/install/pcl_msgs/share/pcl_msgs/local_setup.dsv
-- Installing: /home/terranova/uav_ws/install/pcl_msgs/share/pcl_msgs/package.dsv
-- Installing: /home/terranova/uav_ws/install/pcl_msgs/share/ament_index/resource_index/packages/pcl_msgs
-- Installing: /home/terranova/uav_ws/install/pcl_msgs/share/pcl_msgs/cmake/pcl_msgs__rosidl_generator_cExport.cmake
-- Installing: /home/terranova/uav_ws/install/pcl_msgs/share/pcl_msgs/cmake/pcl_msgs__rosidl_generator_cExport-noconfig.cmake
-- Installing: /home/terranova/uav_ws/install/pcl_msgs/share/pcl_msgs/cmake/pcl_msgs__rosidl_typesupport_introspection_cExport.cmake
-- Installing: /home/terranova/uav_ws/install/pcl_msgs/share/pcl_msgs/cmake/pcl_msgs__rosidl_typesupport_introspection_cExport-noconfig.cmake
-- Installing: /home/terranova/uav_ws/install/pcl_msgs/share/pcl_msgs/cmake/pcl_msgs__rosidl_typesupport_cExport.cmake
-- Installing: /home/terranova/uav_ws/install/pcl_msgs/share/pcl_msgs/cmake/pcl_msgs__rosidl_typesupport_cExport-noconfig.cmake
-- Installing: /home/terranova/uav_ws/install/pcl_msgs/share/pcl_msgs/cmake/pcl_msgs__rosidl_generator_cppExport.cmake
-- Installing: /home/terranova/uav_ws/install/pcl_msgs/share/pcl_msgs/cmake/pcl_msgs__rosidl_typesupport_introspection_cppExport.cmake
-- Installing: /home/terranova/uav_ws/install/pcl_msgs/share/pcl_msgs/cmake/pcl_msgs__rosidl_typesupport_introspection_cppExport-noconfig.cmake
-- Installing: /home/terranova/uav_ws/install/pcl_msgs/share/pcl_msgs/cmake/pcl_msgs__rosidl_typesupport_cppExport.cmake
-- Installing: /home/terranova/uav_ws/install/pcl_msgs/share/pcl_msgs/cmake/pcl_msgs__rosidl_typesupport_cppExport-noconfig.cmake
-- Installing: /home/terranova/uav_ws/install/pcl_msgs/share/pcl_msgs/cmake/rosidl_cmake-extras.cmake
-- Installing: /home/terranova/uav_ws/install/pcl_msgs/share/pcl_msgs/cmake/ament_cmake_export_dependencies-extras.cmake
-- Installing: /home/terranova/uav_ws/install/pcl_msgs/share/pcl_msgs/cmake/ament_cmake_export_libraries-extras.cmake
-- Installing: /home/terranova/uav_ws/install/pcl_msgs/share/pcl_msgs/cmake/ament_cmake_export_targets-extras.cmake
-- Installing: /home/terranova/uav_ws/install/pcl_msgs/share/pcl_msgs/cmake/ament_cmake_export_include_directories-extras.cmake
-- Installing: /home/terranova/uav_ws/install/pcl_msgs/share/pcl_msgs/cmake/rosidl_cmake_export_typesupport_libraries-extras.cmake
-- Installing: /home/terranova/uav_ws/install/pcl_msgs/share/pcl_msgs/cmake/rosidl_cmake_export_typesupport_targets-extras.cmake
-- Installing: /home/terranova/uav_ws/install/pcl_msgs/share/pcl_msgs/cmake/pcl_msgsConfig.cmake
-- Installing: /home/terranova/uav_ws/install/pcl_msgs/share/pcl_msgs/cmake/pcl_msgsConfig-version.cmake
-- Installing: /home/terranova/uav_ws/install/pcl_msgs/share/pcl_msgs/package.xml
