[0.077s] Invoking command in '/home/terranova/uav_ws/build/pcl_msgs': CMAKE_PREFIX_PATH=${CMAKE_PREFIX_PATH}:/home/terranova/uav_ws/install/turtlebot3_teleop:/home/terranova/uav_ws/install/turtlebot3_example:/home/terranova/uav_ws/install/opencv_tests:/home/terranova/uav_ws/install/joint_state_publisher_gui:/home/terranova/uav_ws/install/joint_state_publisher:/opt/ros/foxy /home/terranova/.local/bin/cmake /home/terranova/uav_ws/src/pcl_msgs -DCMAKE_INSTALL_PREFIX=/home/terranova/uav_ws/install/pcl_msgs
[0.598s] -- The C compiler identification is GNU 9.4.0
[1.072s] -- The CXX compiler identification is GNU 9.4.0
[1.176s] -- Detecting C compiler ABI info
[1.549s] -- Detecting C compiler ABI info - done
[1.608s] -- Check for working C compiler: /usr/lib/ccache/cc - skipped
[1.609s] -- Detecting C compile features
[1.610s] -- Detecting C compile features - done
[2.491s] -- Detecting CXX compiler ABI info
[2.973s] -- Detecting CXX compiler ABI info - done
[3.034s] -- Check for working CXX compiler: /usr/lib/ccache/c++ - skipped
[3.045s] -- Detecting CXX compile features
[3.049s] -- Detecting CXX compile features - done
[3.054s] -- Found ament_cmake: 0.9.12 (/opt/ros/foxy/share/ament_cmake/cmake)
[3.078s] [33mCMake Warning (dev) at /opt/ros/foxy/share/ament_cmake_core/cmake/core/python.cmake:22 (find_package):
[3.080s]   Policy CMP0148 is not set: The FindPythonInterp and FindPythonLibs modules
[3.081s]   are removed.  Run "cmake --help-policy CMP0148" for policy details.  Use
[3.082s]   the cmake_policy command to set the policy and suppress this warning.
[3.083s] 
[3.084s] Call Stack (most recent call first):
[3.086s]   /opt/ros/foxy/share/ament_cmake_core/cmake/core/all.cmake:53 (include)
[3.087s]   /opt/ros/foxy/share/ament_cmake_core/cmake/ament_cmake_core-extras.cmake:17 (include)
[3.088s]   /opt/ros/foxy/share/ament_cmake_core/cmake/ament_cmake_coreConfig.cmake:41 (include)
[3.089s]   /opt/ros/foxy/share/ament_cmake/cmake/ament_cmake_export_dependencies-extras.cmake:15 (find_package)
[3.090s]   /opt/ros/foxy/share/ament_cmake/cmake/ament_cmakeConfig.cmake:41 (include)
[3.092s]   CMakeLists.txt:13 (find_package)
[3.093s] This warning is for project developers.  Use -Wno-dev to suppress it.
[3.094s] [0m
[3.271s] -- Found PythonInterp: /usr/bin/python3 (found suitable version "3.8.10", minimum required is "3") 
[3.272s] -- Using PYTHON_EXECUTABLE: /usr/bin/python3
[4.709s] -- Found rosidl_default_generators: 1.0.1 (/opt/ros/foxy/share/rosidl_default_generators/cmake)
[4.812s] -- Using all available rosidl_typesupport_c: rosidl_typesupport_fastrtps_c;rosidl_typesupport_introspection_c
[4.873s] -- Found rosidl_adapter: 1.3.1 (/opt/ros/foxy/share/rosidl_adapter/cmake)
[5.701s] -- Found OpenSSL: /usr/lib/x86_64-linux-gnu/libcrypto.so (found version "1.1.1f")  
[5.923s] -- Found FastRTPS: /opt/ros/foxy/include  
[6.509s] -- Using all available rosidl_typesupport_cpp: rosidl_typesupport_fastrtps_cpp;rosidl_typesupport_introspection_cpp
[6.701s] -- Found sensor_msgs: 2.0.5 (/opt/ros/foxy/share/sensor_msgs/cmake)
[7.727s] [33mCMake Warning (dev) at /opt/ros/foxy/share/rosidl_adapter/cmake/rosidl_adapt_interfaces.cmake:40 (find_package):
[7.727s]   Policy CMP0148 is not set: The FindPythonInterp and FindPythonLibs modules
[7.728s]   are removed.  Run "cmake --help-policy CMP0148" for policy details.  Use
[7.728s]   the cmake_policy command to set the policy and suppress this warning.
[7.728s] 
[7.728s] Call Stack (most recent call first):
[7.728s]   /opt/ros/foxy/share/rosidl_cmake/cmake/rosidl_generate_interfaces.cmake:130 (rosidl_adapt_interfaces)
[7.728s]   CMakeLists.txt:31 (rosidl_generate_interfaces)
[7.729s] This warning is for project developers.  Use -Wno-dev to suppress it.
[7.729s] [0m
[7.855s] -- Found PythonInterp: /usr/bin/python3 (found version "3.8.10") 
[8.919s] -- Found ament_cmake_cppcheck: 0.9.8 (/opt/ros/foxy/share/ament_cmake_cppcheck/cmake)
[8.928s] -- Found ament_cmake_cpplint: 0.9.8 (/opt/ros/foxy/share/ament_cmake_cpplint/cmake)
[8.943s] -- Found ament_cmake_uncrustify: 0.9.8 (/opt/ros/foxy/share/ament_cmake_uncrustify/cmake)
[8.957s] -- Found ament_cmake_ros: 0.9.2 (/opt/ros/foxy/share/ament_cmake_ros/cmake)
[10.955s] -- Using all available rosidl_typesupport_c: rosidl_typesupport_fastrtps_c;rosidl_typesupport_introspection_c
[11.794s] -- Using all available rosidl_typesupport_cpp: rosidl_typesupport_fastrtps_cpp;rosidl_typesupport_introspection_cpp
[11.876s] [33mCMake Warning (dev) at /opt/ros/foxy/share/rosidl_generator_py/cmake/rosidl_generator_py_generate_interfaces.cmake:20 (find_package):
[11.876s]   Policy CMP0148 is not set: The FindPythonInterp and FindPythonLibs modules
[11.876s]   are removed.  Run "cmake --help-policy CMP0148" for policy details.  Use
[11.877s]   the cmake_policy command to set the policy and suppress this warning.
[11.877s] 
[11.889s] Call Stack (most recent call first):
[11.890s]   /opt/ros/foxy/share/ament_cmake_core/cmake/core/ament_execute_extensions.cmake:48 (include)
[11.890s]   /opt/ros/foxy/share/rosidl_cmake/cmake/rosidl_generate_interfaces.cmake:286 (ament_execute_extensions)
[11.891s]   CMakeLists.txt:31 (rosidl_generate_interfaces)
[11.891s] This warning is for project developers.  Use -Wno-dev to suppress it.
[11.892s] [0m
[12.001s] -- Found PythonInterp: /usr/bin/python3 (found suitable version "3.8.10", minimum required is "3.5") 
[12.009s] -- Found python_cmake_module: 0.8.1 (/opt/ros/foxy/share/python_cmake_module/cmake)
[12.013s] [33mCMake Warning (dev) at /opt/ros/foxy/share/python_cmake_module/cmake/Modules/FindPythonExtra.cmake:45 (find_package):
[12.013s]   Policy CMP0148 is not set: The FindPythonInterp and FindPythonLibs modules
[12.013s]   are removed.  Run "cmake --help-policy CMP0148" for policy details.  Use
[12.014s]   the cmake_policy command to set the policy and suppress this warning.
[12.014s] 
[12.014s] Call Stack (most recent call first):
[12.014s]   /opt/ros/foxy/share/rosidl_generator_py/cmake/rosidl_generator_py_generate_interfaces.cmake:23 (find_package)
[12.015s]   /opt/ros/foxy/share/ament_cmake_core/cmake/core/ament_execute_extensions.cmake:48 (include)
[12.015s]   /opt/ros/foxy/share/rosidl_cmake/cmake/rosidl_generate_interfaces.cmake:286 (ament_execute_extensions)
[12.016s]   CMakeLists.txt:31 (rosidl_generate_interfaces)
[12.017s] This warning is for project developers.  Use -Wno-dev to suppress it.
[12.017s] [0m
[12.179s] [33mCMake Warning (dev) at /opt/ros/foxy/share/python_cmake_module/cmake/Modules/FindPythonExtra.cmake:133 (find_package):
[12.180s]   Policy CMP0148 is not set: The FindPythonInterp and FindPythonLibs modules
[12.180s]   are removed.  Run "cmake --help-policy CMP0148" for policy details.  Use
[12.180s]   the cmake_policy command to set the policy and suppress this warning.
[12.180s] 
[12.180s] Call Stack (most recent call first):
[12.181s]   /opt/ros/foxy/share/rosidl_generator_py/cmake/rosidl_generator_py_generate_interfaces.cmake:23 (find_package)
[12.181s]   /opt/ros/foxy/share/ament_cmake_core/cmake/core/ament_execute_extensions.cmake:48 (include)
[12.181s]   /opt/ros/foxy/share/rosidl_cmake/cmake/rosidl_generate_interfaces.cmake:286 (ament_execute_extensions)
[12.181s]   CMakeLists.txt:31 (rosidl_generate_interfaces)
[12.181s] This warning is for project developers.  Use -Wno-dev to suppress it.
[12.184s] [0m
[12.231s] -- Found PythonLibs: /usr/lib/x86_64-linux-gnu/libpython3.8.so (found suitable version "3.8.10", minimum required is "3.5") 
[12.232s] -- Using PYTHON_EXECUTABLE: /usr/bin/python3
[12.232s] -- Using PYTHON_INCLUDE_DIRS: /usr/include/python3.8
[12.233s] -- Using PYTHON_LIBRARIES: /usr/lib/x86_64-linux-gnu/libpython3.8.so
[12.372s] -- Found PythonExtra: .so  
[13.201s] -- Found ament_cmake_flake8: 0.9.8 (/opt/ros/foxy/share/ament_cmake_flake8/cmake)
[13.210s] -- Found ament_cmake_pep257: 0.9.8 (/opt/ros/foxy/share/ament_cmake_pep257/cmake)
[13.235s] -- Configuring done (13.0s)
[13.479s] -- Generating done (0.2s)
[13.501s] -- Build files have been written to: /home/terranova/uav_ws/build/pcl_msgs
[13.550s] Invoked command in '/home/terranova/uav_ws/build/pcl_msgs' returned '0': CMAKE_PREFIX_PATH=${CMAKE_PREFIX_PATH}:/home/terranova/uav_ws/install/turtlebot3_teleop:/home/terranova/uav_ws/install/turtlebot3_example:/home/terranova/uav_ws/install/opencv_tests:/home/terranova/uav_ws/install/joint_state_publisher_gui:/home/terranova/uav_ws/install/joint_state_publisher:/opt/ros/foxy /home/terranova/.local/bin/cmake /home/terranova/uav_ws/src/pcl_msgs -DCMAKE_INSTALL_PREFIX=/home/terranova/uav_ws/install/pcl_msgs
[13.555s] Invoking command in '/home/terranova/uav_ws/build/pcl_msgs': CMAKE_PREFIX_PATH=${CMAKE_PREFIX_PATH}:/home/terranova/uav_ws/install/turtlebot3_teleop:/home/terranova/uav_ws/install/turtlebot3_example:/home/terranova/uav_ws/install/opencv_tests:/home/terranova/uav_ws/install/joint_state_publisher_gui:/home/terranova/uav_ws/install/joint_state_publisher:/opt/ros/foxy /home/terranova/.local/bin/cmake --build /home/terranova/uav_ws/build/pcl_msgs -- -j4 -l4
[13.841s] [  1%] [34m[1mGenerating C code for ROS interfaces[0m
[13.869s] [  3%] [34m[1mGenerating C++ code for ROS interfaces[0m
[15.753s] [  4%] [32mBuilding C object CMakeFiles/pcl_msgs__rosidl_generator_c.dir/rosidl_generator_c/pcl_msgs/msg/detail/model_coefficients__functions.c.o[0m
[15.764s] [  6%] [32mBuilding C object CMakeFiles/pcl_msgs__rosidl_generator_c.dir/rosidl_generator_c/pcl_msgs/msg/detail/polygon_mesh__functions.c.o[0m
[15.771s] [  7%] [32mBuilding C object CMakeFiles/pcl_msgs__rosidl_generator_c.dir/rosidl_generator_c/pcl_msgs/msg/detail/point_indices__functions.c.o[0m
[15.986s] [  7%] Built target pcl_msgs__cpp
[15.994s] [  9%] [34m[1mGenerating C++ type support dispatch for ROS interfaces[0m
[16.089s] [ 11%] [32mBuilding C object CMakeFiles/pcl_msgs__rosidl_generator_c.dir/rosidl_generator_c/pcl_msgs/msg/detail/vertices__functions.c.o[0m
[16.132s] [ 12%] [32mBuilding C object CMakeFiles/pcl_msgs__rosidl_generator_c.dir/rosidl_generator_c/pcl_msgs/srv/detail/update_filename__functions.c.o[0m
[16.150s] [ 14%] [34m[1mGenerating C++ type support for eProsima Fast-RTPS[0m
[16.200s] [ 15%] [32m[1mLinking C shared library libpcl_msgs__rosidl_generator_c.so[0m
[16.205s] [ 17%] [34m[1mGenerating C++ introspection for ROS interfaces[0m
[16.490s] [ 17%] Built target pcl_msgs__rosidl_generator_c
[16.554s] [ 19%] [34m[1mGenerating C introspection for ROS interfaces[0m
[17.817s] [ 20%] [32mBuilding CXX object CMakeFiles/pcl_msgs__rosidl_typesupport_cpp.dir/rosidl_typesupport_cpp/pcl_msgs/msg/model_coefficients__type_support.cpp.o[0m
[17.905s] [ 22%] [32mBuilding CXX object CMakeFiles/pcl_msgs__rosidl_typesupport_cpp.dir/rosidl_typesupport_cpp/pcl_msgs/msg/point_indices__type_support.cpp.o[0m
[17.989s] [ 23%] [32mBuilding CXX object CMakeFiles/pcl_msgs__rosidl_typesupport_cpp.dir/rosidl_typesupport_cpp/pcl_msgs/msg/polygon_mesh__type_support.cpp.o[0m
[18.097s] [ 25%] [32mBuilding CXX object CMakeFiles/pcl_msgs__rosidl_typesupport_cpp.dir/rosidl_typesupport_cpp/pcl_msgs/msg/vertices__type_support.cpp.o[0m
[18.201s] [ 26%] [32mBuilding CXX object CMakeFiles/pcl_msgs__rosidl_typesupport_cpp.dir/rosidl_typesupport_cpp/pcl_msgs/srv/update_filename__type_support.cpp.o[0m
[18.274s] [ 28%] [32m[1mLinking CXX shared library libpcl_msgs__rosidl_typesupport_cpp.so[0m
[18.383s] [ 28%] Built target pcl_msgs__rosidl_typesupport_cpp
[18.401s] [ 30%] [34m[1mGenerating C type support dispatch for ROS interfaces[0m
[18.481s] [ 31%] [32mBuilding CXX object CMakeFiles/pcl_msgs__rosidl_typesupport_fastrtps_cpp.dir/rosidl_typesupport_fastrtps_cpp/pcl_msgs/msg/detail/dds_fastrtps/model_coefficients__type_support.cpp.o[0m
[18.587s] [ 33%] [32mBuilding CXX object CMakeFiles/pcl_msgs__rosidl_typesupport_introspection_cpp.dir/rosidl_typesupport_introspection_cpp/pcl_msgs/msg/detail/model_coefficients__type_support.cpp.o[0m
[19.091s] [ 34%] [32mBuilding C object CMakeFiles/pcl_msgs__rosidl_typesupport_introspection_c.dir/rosidl_typesupport_introspection_c/pcl_msgs/msg/detail/model_coefficients__type_support.c.o[0m
[19.447s] [ 36%] [32mBuilding C object CMakeFiles/pcl_msgs__rosidl_typesupport_introspection_c.dir/rosidl_typesupport_introspection_c/pcl_msgs/msg/detail/point_indices__type_support.c.o[0m
[19.465s] [ 38%] [32mBuilding CXX object CMakeFiles/pcl_msgs__rosidl_typesupport_introspection_cpp.dir/rosidl_typesupport_introspection_cpp/pcl_msgs/msg/detail/point_indices__type_support.cpp.o[0m
[19.532s] [ 39%] [32mBuilding CXX object CMakeFiles/pcl_msgs__rosidl_typesupport_introspection_cpp.dir/rosidl_typesupport_introspection_cpp/pcl_msgs/msg/detail/polygon_mesh__type_support.cpp.o[0m
[19.598s] [ 41%] [32mBuilding CXX object CMakeFiles/pcl_msgs__rosidl_typesupport_fastrtps_cpp.dir/rosidl_typesupport_fastrtps_cpp/pcl_msgs/msg/detail/dds_fastrtps/point_indices__type_support.cpp.o[0m
[19.611s] [ 42%] [32mBuilding C object CMakeFiles/pcl_msgs__rosidl_typesupport_introspection_c.dir/rosidl_typesupport_introspection_c/pcl_msgs/msg/detail/polygon_mesh__type_support.c.o[0m
[19.616s] [ 44%] [32mBuilding CXX object CMakeFiles/pcl_msgs__rosidl_typesupport_introspection_cpp.dir/rosidl_typesupport_introspection_cpp/pcl_msgs/msg/detail/vertices__type_support.cpp.o[0m
[19.653s] [ 46%] [32mBuilding CXX object CMakeFiles/pcl_msgs__rosidl_typesupport_c.dir/rosidl_typesupport_c/pcl_msgs/msg/model_coefficients__type_support.cpp.o[0m
[19.672s] [ 47%] [32mBuilding CXX object CMakeFiles/pcl_msgs__rosidl_typesupport_fastrtps_cpp.dir/rosidl_typesupport_fastrtps_cpp/pcl_msgs/msg/detail/dds_fastrtps/polygon_mesh__type_support.cpp.o[0m
[19.719s] [ 49%] [32mBuilding CXX object CMakeFiles/pcl_msgs__rosidl_typesupport_introspection_cpp.dir/rosidl_typesupport_introspection_cpp/pcl_msgs/srv/detail/update_filename__type_support.cpp.o[0m
[19.720s] [ 50%] [32mBuilding CXX object CMakeFiles/pcl_msgs__rosidl_typesupport_c.dir/rosidl_typesupport_c/pcl_msgs/msg/point_indices__type_support.cpp.o[0m
[19.744s] [ 52%] [32mBuilding C object CMakeFiles/pcl_msgs__rosidl_typesupport_introspection_c.dir/rosidl_typesupport_introspection_c/pcl_msgs/msg/detail/vertices__type_support.c.o[0m
[19.755s] [ 53%] [32mBuilding CXX object CMakeFiles/pcl_msgs__rosidl_typesupport_fastrtps_cpp.dir/rosidl_typesupport_fastrtps_cpp/pcl_msgs/msg/detail/dds_fastrtps/vertices__type_support.cpp.o[0m
[19.763s] [ 55%] [32mBuilding CXX object CMakeFiles/pcl_msgs__rosidl_typesupport_c.dir/rosidl_typesupport_c/pcl_msgs/msg/polygon_mesh__type_support.cpp.o[0m
[19.785s] [ 57%] [32m[1mLinking CXX shared library libpcl_msgs__rosidl_typesupport_introspection_cpp.so[0m
[19.806s] [ 58%] [32mBuilding CXX object CMakeFiles/pcl_msgs__rosidl_typesupport_c.dir/rosidl_typesupport_c/pcl_msgs/msg/vertices__type_support.cpp.o[0m
[19.839s] [ 60%] [32mBuilding CXX object CMakeFiles/pcl_msgs__rosidl_typesupport_fastrtps_cpp.dir/rosidl_typesupport_fastrtps_cpp/pcl_msgs/srv/detail/dds_fastrtps/update_filename__type_support.cpp.o[0m
[19.855s] [ 61%] [32mBuilding CXX object CMakeFiles/pcl_msgs__rosidl_typesupport_c.dir/rosidl_typesupport_c/pcl_msgs/srv/update_filename__type_support.cpp.o[0m
[19.877s] [ 63%] [32mBuilding C object CMakeFiles/pcl_msgs__rosidl_typesupport_introspection_c.dir/rosidl_typesupport_introspection_c/pcl_msgs/srv/detail/update_filename__type_support.c.o[0m
[19.906s] [ 65%] [32m[1mLinking CXX shared library libpcl_msgs__rosidl_typesupport_c.so[0m
[19.968s] [ 66%] [32m[1mLinking CXX shared library libpcl_msgs__rosidl_typesupport_fastrtps_cpp.so[0m
[20.032s] [ 68%] [32m[1mLinking C shared library libpcl_msgs__rosidl_typesupport_introspection_c.so[0m
[20.071s] [ 68%] Built target pcl_msgs__rosidl_typesupport_introspection_cpp
[20.151s] [ 68%] Built target pcl_msgs__rosidl_typesupport_c
[20.199s] [ 68%] Built target pcl_msgs__rosidl_typesupport_introspection_c
[20.380s] [ 68%] Built target pcl_msgs__rosidl_typesupport_fastrtps_cpp
[20.433s] [ 69%] [34m[1mGenerating C type support for eProsima Fast-RTPS[0m
[22.270s] [ 71%] [32mBuilding CXX object CMakeFiles/pcl_msgs__rosidl_typesupport_fastrtps_c.dir/rosidl_typesupport_fastrtps_c/pcl_msgs/msg/detail/point_indices__type_support_c.cpp.o[0m
[22.276s] [ 73%] [32mBuilding CXX object CMakeFiles/pcl_msgs__rosidl_typesupport_fastrtps_c.dir/rosidl_typesupport_fastrtps_c/pcl_msgs/msg/detail/model_coefficients__type_support_c.cpp.o[0m
[22.286s] [ 74%] [32mBuilding CXX object CMakeFiles/pcl_msgs__rosidl_typesupport_fastrtps_c.dir/rosidl_typesupport_fastrtps_c/pcl_msgs/msg/detail/polygon_mesh__type_support_c.cpp.o[0m
[22.326s] [ 76%] [32mBuilding CXX object CMakeFiles/pcl_msgs__rosidl_typesupport_fastrtps_c.dir/rosidl_typesupport_fastrtps_c/pcl_msgs/srv/detail/update_filename__type_support_c.cpp.o[0m
[22.329s] [ 77%] [32mBuilding CXX object CMakeFiles/pcl_msgs__rosidl_typesupport_fastrtps_c.dir/rosidl_typesupport_fastrtps_c/pcl_msgs/msg/detail/vertices__type_support_c.cpp.o[0m
[22.538s] [ 79%] [32m[1mLinking CXX shared library libpcl_msgs__rosidl_typesupport_fastrtps_c.so[0m
[22.774s] [ 79%] Built target pcl_msgs__rosidl_typesupport_fastrtps_c
[22.822s] [ 79%] Built target pcl_msgs
[22.859s] [ 80%] [34m[1mGenerating Python code for ROS interfaces[0m
[25.876s] [ 80%] Built target pcl_msgs__py
[25.955s] [ 82%] [32mBuilding C object CMakeFiles/pcl_msgs__python.dir/rosidl_generator_py/pcl_msgs/msg/_model_coefficients_s.c.o[0m
[25.961s] [ 84%] [32mBuilding C object CMakeFiles/pcl_msgs__python.dir/rosidl_generator_py/pcl_msgs/msg/_point_indices_s.c.o[0m
[25.975s] [ 85%] [32mBuilding C object CMakeFiles/pcl_msgs__python.dir/rosidl_generator_py/pcl_msgs/msg/_polygon_mesh_s.c.o[0m
[26.025s] [ 87%] [32mBuilding C object CMakeFiles/pcl_msgs__python.dir/rosidl_generator_py/pcl_msgs/msg/_vertices_s.c.o[0m
[26.047s] [ 88%] [32mBuilding C object CMakeFiles/pcl_msgs__python.dir/rosidl_generator_py/pcl_msgs/srv/_update_filename_s.c.o[0m
[26.117s] [ 90%] [32m[1mLinking C shared library rosidl_generator_py/pcl_msgs/libpcl_msgs__python.so[0m
[26.356s] [ 90%] Built target pcl_msgs__python
[26.396s] [ 92%] [32mBuilding C object CMakeFiles/pcl_msgs__rosidl_typesupport_fastrtps_c__pyext.dir/rosidl_generator_py/pcl_msgs/_pcl_msgs_s.ep.rosidl_typesupport_fastrtps_c.c.o[0m
[26.413s] [ 93%] [32mBuilding C object CMakeFiles/pcl_msgs__rosidl_typesupport_c__pyext.dir/rosidl_generator_py/pcl_msgs/_pcl_msgs_s.ep.rosidl_typesupport_c.c.o[0m
[26.432s] [ 95%] [32mBuilding C object CMakeFiles/pcl_msgs__rosidl_typesupport_introspection_c__pyext.dir/rosidl_generator_py/pcl_msgs/_pcl_msgs_s.ep.rosidl_typesupport_introspection_c.c.o[0m
[26.461s] [ 96%] [32m[1mLinking C shared library rosidl_generator_py/pcl_msgs/pcl_msgs_s__rosidl_typesupport_c.cpython-38-x86_64-linux-gnu.so[0m
[26.461s] [ 98%] [32m[1mLinking CXX shared library rosidl_generator_py/pcl_msgs/pcl_msgs_s__rosidl_typesupport_fastrtps_c.cpython-38-x86_64-linux-gnu.so[0m
[26.488s] [100%] [32m[1mLinking C shared library rosidl_generator_py/pcl_msgs/pcl_msgs_s__rosidl_typesupport_introspection_c.cpython-38-x86_64-linux-gnu.so[0m
[26.649s] [100%] Built target pcl_msgs__rosidl_typesupport_c__pyext
[26.655s] [100%] Built target pcl_msgs__rosidl_typesupport_introspection_c__pyext
[26.708s] [100%] Built target pcl_msgs__rosidl_typesupport_fastrtps_c__pyext
[26.735s] Invoked command in '/home/terranova/uav_ws/build/pcl_msgs' returned '0': CMAKE_PREFIX_PATH=${CMAKE_PREFIX_PATH}:/home/terranova/uav_ws/install/turtlebot3_teleop:/home/terranova/uav_ws/install/turtlebot3_example:/home/terranova/uav_ws/install/opencv_tests:/home/terranova/uav_ws/install/joint_state_publisher_gui:/home/terranova/uav_ws/install/joint_state_publisher:/opt/ros/foxy /home/terranova/.local/bin/cmake --build /home/terranova/uav_ws/build/pcl_msgs -- -j4 -l4
[28.637s] Invoking command in '/home/terranova/uav_ws/build/pcl_msgs': CMAKE_PREFIX_PATH=${CMAKE_PREFIX_PATH}:/home/terranova/uav_ws/install/turtlebot3_teleop:/home/terranova/uav_ws/install/turtlebot3_example:/home/terranova/uav_ws/install/opencv_tests:/home/terranova/uav_ws/install/joint_state_publisher_gui:/home/terranova/uav_ws/install/joint_state_publisher:/opt/ros/foxy /home/terranova/.local/bin/cmake --install /home/terranova/uav_ws/build/pcl_msgs
[28.811s] -- Install configuration: ""
[28.811s] -- Installing: /home/terranova/uav_ws/install/pcl_msgs/share/ament_index/resource_index/rosidl_interfaces/pcl_msgs
[28.817s] -- Installing: /home/terranova/uav_ws/install/pcl_msgs/include/pcl_msgs
[28.817s] -- Installing: /home/terranova/uav_ws/install/pcl_msgs/include/pcl_msgs/msg
[28.817s] -- Installing: /home/terranova/uav_ws/install/pcl_msgs/include/pcl_msgs/msg/rosidl_generator_c__visibility_control.h
[28.817s] -- Installing: /home/terranova/uav_ws/install/pcl_msgs/include/pcl_msgs/msg/vertices.h
[28.818s] -- Installing: /home/terranova/uav_ws/install/pcl_msgs/include/pcl_msgs/msg/polygon_mesh.h
[28.818s] -- Installing: /home/terranova/uav_ws/install/pcl_msgs/include/pcl_msgs/msg/model_coefficients.h
[28.818s] -- Installing: /home/terranova/uav_ws/install/pcl_msgs/include/pcl_msgs/msg/detail
[28.819s] -- Installing: /home/terranova/uav_ws/install/pcl_msgs/include/pcl_msgs/msg/detail/point_indices__type_support.h
[28.819s] -- Installing: /home/terranova/uav_ws/install/pcl_msgs/include/pcl_msgs/msg/detail/vertices__functions.c
[28.819s] -- Installing: /home/terranova/uav_ws/install/pcl_msgs/include/pcl_msgs/msg/detail/model_coefficients__struct.h
[28.819s] -- Installing: /home/terranova/uav_ws/install/pcl_msgs/include/pcl_msgs/msg/detail/polygon_mesh__type_support.h
[28.820s] -- Installing: /home/terranova/uav_ws/install/pcl_msgs/include/pcl_msgs/msg/detail/vertices__functions.h
[28.820s] -- Installing: /home/terranova/uav_ws/install/pcl_msgs/include/pcl_msgs/msg/detail/polygon_mesh__struct.h
[28.823s] -- Installing: /home/terranova/uav_ws/install/pcl_msgs/include/pcl_msgs/msg/detail/point_indices__functions.c
[28.823s] -- Installing: /home/terranova/uav_ws/install/pcl_msgs/include/pcl_msgs/msg/detail/vertices__struct.h
[28.823s] -- Installing: /home/terranova/uav_ws/install/pcl_msgs/include/pcl_msgs/msg/detail/polygon_mesh__functions.h
[28.824s] -- Installing: /home/terranova/uav_ws/install/pcl_msgs/include/pcl_msgs/msg/detail/polygon_mesh__functions.c
[28.825s] -- Installing: /home/terranova/uav_ws/install/pcl_msgs/include/pcl_msgs/msg/detail/model_coefficients__type_support.h
[28.826s] -- Installing: /home/terranova/uav_ws/install/pcl_msgs/include/pcl_msgs/msg/detail/point_indices__functions.h
[28.826s] -- Installing: /home/terranova/uav_ws/install/pcl_msgs/include/pcl_msgs/msg/detail/vertices__type_support.h
[28.826s] -- Installing: /home/terranova/uav_ws/install/pcl_msgs/include/pcl_msgs/msg/detail/point_indices__struct.h
[28.826s] -- Installing: /home/terranova/uav_ws/install/pcl_msgs/include/pcl_msgs/msg/detail/model_coefficients__functions.h
[28.827s] -- Installing: /home/terranova/uav_ws/install/pcl_msgs/include/pcl_msgs/msg/detail/model_coefficients__functions.c
[28.827s] -- Installing: /home/terranova/uav_ws/install/pcl_msgs/include/pcl_msgs/msg/point_indices.h
[28.827s] -- Installing: /home/terranova/uav_ws/install/pcl_msgs/include/pcl_msgs/srv
[28.827s] -- Installing: /home/terranova/uav_ws/install/pcl_msgs/include/pcl_msgs/srv/update_filename.h
[28.827s] -- Installing: /home/terranova/uav_ws/install/pcl_msgs/include/pcl_msgs/srv/detail
[28.832s] -- Installing: /home/terranova/uav_ws/install/pcl_msgs/include/pcl_msgs/srv/detail/update_filename__functions.h
[28.833s] -- Installing: /home/terranova/uav_ws/install/pcl_msgs/include/pcl_msgs/srv/detail/update_filename__type_support.h
[28.833s] -- Installing: /home/terranova/uav_ws/install/pcl_msgs/include/pcl_msgs/srv/detail/update_filename__functions.c
[28.837s] -- Installing: /home/terranova/uav_ws/install/pcl_msgs/include/pcl_msgs/srv/detail/update_filename__struct.h
[28.837s] -- Installing: /home/terranova/uav_ws/install/pcl_msgs/share/pcl_msgs/environment/library_path.sh
[28.838s] -- Installing: /home/terranova/uav_ws/install/pcl_msgs/share/pcl_msgs/environment/library_path.dsv
[28.838s] -- Installing: /home/terranova/uav_ws/install/pcl_msgs/lib/libpcl_msgs__rosidl_generator_c.so
[28.838s] -- Set non-toolchain portion of runtime path of "/home/terranova/uav_ws/install/pcl_msgs/lib/libpcl_msgs__rosidl_generator_c.so" to ""
[28.838s] -- Up-to-date: /home/terranova/uav_ws/install/pcl_msgs/include/pcl_msgs
[28.838s] -- Up-to-date: /home/terranova/uav_ws/install/pcl_msgs/include/pcl_msgs/msg
[28.839s] -- Installing: /home/terranova/uav_ws/install/pcl_msgs/include/pcl_msgs/msg/rosidl_typesupport_fastrtps_c__visibility_control.h
[28.839s] -- Up-to-date: /home/terranova/uav_ws/install/pcl_msgs/include/pcl_msgs/msg/detail
[28.839s] -- Installing: /home/terranova/uav_ws/install/pcl_msgs/include/pcl_msgs/msg/detail/point_indices__rosidl_typesupport_fastrtps_c.h
[28.839s] -- Installing: /home/terranova/uav_ws/install/pcl_msgs/include/pcl_msgs/msg/detail/vertices__rosidl_typesupport_fastrtps_c.h
[28.840s] -- Installing: /home/terranova/uav_ws/install/pcl_msgs/include/pcl_msgs/msg/detail/polygon_mesh__rosidl_typesupport_fastrtps_c.h
[28.840s] -- Installing: /home/terranova/uav_ws/install/pcl_msgs/include/pcl_msgs/msg/detail/model_coefficients__rosidl_typesupport_fastrtps_c.h
[28.840s] -- Up-to-date: /home/terranova/uav_ws/install/pcl_msgs/include/pcl_msgs/srv
[28.840s] -- Up-to-date: /home/terranova/uav_ws/install/pcl_msgs/include/pcl_msgs/srv/detail
[28.845s] -- Installing: /home/terranova/uav_ws/install/pcl_msgs/include/pcl_msgs/srv/detail/update_filename__rosidl_typesupport_fastrtps_c.h
[28.845s] -- Installing: /home/terranova/uav_ws/install/pcl_msgs/lib/libpcl_msgs__rosidl_typesupport_fastrtps_c.so
[28.845s] -- Set non-toolchain portion of runtime path of "/home/terranova/uav_ws/install/pcl_msgs/lib/libpcl_msgs__rosidl_typesupport_fastrtps_c.so" to ""
[28.846s] -- Up-to-date: /home/terranova/uav_ws/install/pcl_msgs/include/pcl_msgs
[28.846s] -- Up-to-date: /home/terranova/uav_ws/install/pcl_msgs/include/pcl_msgs/msg
[28.846s] -- Installing: /home/terranova/uav_ws/install/pcl_msgs/include/pcl_msgs/msg/rosidl_typesupport_fastrtps_cpp__visibility_control.h
[28.846s] -- Up-to-date: /home/terranova/uav_ws/install/pcl_msgs/include/pcl_msgs/msg/detail
[28.846s] -- Installing: /home/terranova/uav_ws/install/pcl_msgs/include/pcl_msgs/msg/detail/vertices__rosidl_typesupport_fastrtps_cpp.hpp
[28.847s] -- Installing: /home/terranova/uav_ws/install/pcl_msgs/include/pcl_msgs/msg/detail/dds_fastrtps
[28.847s] -- Installing: /home/terranova/uav_ws/install/pcl_msgs/include/pcl_msgs/msg/detail/point_indices__rosidl_typesupport_fastrtps_cpp.hpp
[28.847s] -- Installing: /home/terranova/uav_ws/install/pcl_msgs/include/pcl_msgs/msg/detail/model_coefficients__rosidl_typesupport_fastrtps_cpp.hpp
[28.847s] -- Installing: /home/terranova/uav_ws/install/pcl_msgs/include/pcl_msgs/msg/detail/polygon_mesh__rosidl_typesupport_fastrtps_cpp.hpp
[28.847s] -- Up-to-date: /home/terranova/uav_ws/install/pcl_msgs/include/pcl_msgs/srv
[28.848s] -- Up-to-date: /home/terranova/uav_ws/install/pcl_msgs/include/pcl_msgs/srv/detail
[28.848s] -- Installing: /home/terranova/uav_ws/install/pcl_msgs/include/pcl_msgs/srv/detail/dds_fastrtps
[28.848s] -- Installing: /home/terranova/uav_ws/install/pcl_msgs/include/pcl_msgs/srv/detail/update_filename__rosidl_typesupport_fastrtps_cpp.hpp
[28.853s] -- Installing: /home/terranova/uav_ws/install/pcl_msgs/lib/libpcl_msgs__rosidl_typesupport_fastrtps_cpp.so
[28.853s] -- Set non-toolchain portion of runtime path of "/home/terranova/uav_ws/install/pcl_msgs/lib/libpcl_msgs__rosidl_typesupport_fastrtps_cpp.so" to ""
[28.853s] -- Up-to-date: /home/terranova/uav_ws/install/pcl_msgs/include/pcl_msgs
[28.853s] -- Up-to-date: /home/terranova/uav_ws/install/pcl_msgs/include/pcl_msgs/msg
[28.853s] -- Up-to-date: /home/terranova/uav_ws/install/pcl_msgs/include/pcl_msgs/msg/detail
[28.854s] -- Installing: /home/terranova/uav_ws/install/pcl_msgs/include/pcl_msgs/msg/detail/vertices__type_support.c
[28.854s] -- Installing: /home/terranova/uav_ws/install/pcl_msgs/include/pcl_msgs/msg/detail/point_indices__rosidl_typesupport_introspection_c.h
[28.854s] -- Installing: /home/terranova/uav_ws/install/pcl_msgs/include/pcl_msgs/msg/detail/vertices__rosidl_typesupport_introspection_c.h
[28.854s] -- Installing: /home/terranova/uav_ws/install/pcl_msgs/include/pcl_msgs/msg/detail/model_coefficients__rosidl_typesupport_introspection_c.h
[28.855s] -- Installing: /home/terranova/uav_ws/install/pcl_msgs/include/pcl_msgs/msg/detail/point_indices__type_support.c
[28.855s] -- Installing: /home/terranova/uav_ws/install/pcl_msgs/include/pcl_msgs/msg/detail/model_coefficients__type_support.c
[28.855s] -- Installing: /home/terranova/uav_ws/install/pcl_msgs/include/pcl_msgs/msg/detail/polygon_mesh__type_support.c
[28.856s] -- Installing: /home/terranova/uav_ws/install/pcl_msgs/include/pcl_msgs/msg/detail/polygon_mesh__rosidl_typesupport_introspection_c.h
[28.856s] -- Installing: /home/terranova/uav_ws/install/pcl_msgs/include/pcl_msgs/msg/rosidl_typesupport_introspection_c__visibility_control.h
[28.856s] -- Up-to-date: /home/terranova/uav_ws/install/pcl_msgs/include/pcl_msgs/srv
[28.856s] -- Up-to-date: /home/terranova/uav_ws/install/pcl_msgs/include/pcl_msgs/srv/detail
[28.856s] -- Installing: /home/terranova/uav_ws/install/pcl_msgs/include/pcl_msgs/srv/detail/update_filename__rosidl_typesupport_introspection_c.h
[28.857s] -- Installing: /home/terranova/uav_ws/install/pcl_msgs/include/pcl_msgs/srv/detail/update_filename__type_support.c
[28.857s] -- Installing: /home/terranova/uav_ws/install/pcl_msgs/lib/libpcl_msgs__rosidl_typesupport_introspection_c.so
[28.857s] -- Set non-toolchain portion of runtime path of "/home/terranova/uav_ws/install/pcl_msgs/lib/libpcl_msgs__rosidl_typesupport_introspection_c.so" to ""
[28.858s] -- Installing: /home/terranova/uav_ws/install/pcl_msgs/lib/libpcl_msgs__rosidl_typesupport_c.so
[28.861s] -- Set non-toolchain portion of runtime path of "/home/terranova/uav_ws/install/pcl_msgs/lib/libpcl_msgs__rosidl_typesupport_c.so" to ""
[28.861s] -- Up-to-date: /home/terranova/uav_ws/install/pcl_msgs/include/pcl_msgs
[28.861s] -- Up-to-date: /home/terranova/uav_ws/install/pcl_msgs/include/pcl_msgs/msg
[28.861s] -- Installing: /home/terranova/uav_ws/install/pcl_msgs/include/pcl_msgs/msg/polygon_mesh.hpp
[28.862s] -- Installing: /home/terranova/uav_ws/install/pcl_msgs/include/pcl_msgs/msg/model_coefficients.hpp
[28.862s] -- Installing: /home/terranova/uav_ws/install/pcl_msgs/include/pcl_msgs/msg/vertices.hpp
[28.862s] -- Installing: /home/terranova/uav_ws/install/pcl_msgs/include/pcl_msgs/msg/point_indices.hpp
[28.865s] -- Installing: /home/terranova/uav_ws/install/pcl_msgs/include/pcl_msgs/msg/rosidl_generator_cpp__visibility_control.hpp
[28.865s] -- Up-to-date: /home/terranova/uav_ws/install/pcl_msgs/include/pcl_msgs/msg/detail
[28.865s] -- Installing: /home/terranova/uav_ws/install/pcl_msgs/include/pcl_msgs/msg/detail/model_coefficients__type_support.hpp
[28.866s] -- Installing: /home/terranova/uav_ws/install/pcl_msgs/include/pcl_msgs/msg/detail/point_indices__builder.hpp
[28.866s] -- Installing: /home/terranova/uav_ws/install/pcl_msgs/include/pcl_msgs/msg/detail/polygon_mesh__builder.hpp
[28.866s] -- Installing: /home/terranova/uav_ws/install/pcl_msgs/include/pcl_msgs/msg/detail/model_coefficients__builder.hpp
[28.866s] -- Installing: /home/terranova/uav_ws/install/pcl_msgs/include/pcl_msgs/msg/detail/point_indices__type_support.hpp
[28.867s] -- Installing: /home/terranova/uav_ws/install/pcl_msgs/include/pcl_msgs/msg/detail/model_coefficients__struct.hpp
[28.867s] -- Installing: /home/terranova/uav_ws/install/pcl_msgs/include/pcl_msgs/msg/detail/model_coefficients__traits.hpp
[28.868s] -- Installing: /home/terranova/uav_ws/install/pcl_msgs/include/pcl_msgs/msg/detail/polygon_mesh__struct.hpp
[28.868s] -- Installing: /home/terranova/uav_ws/install/pcl_msgs/include/pcl_msgs/msg/detail/vertices__type_support.hpp
[28.873s] -- Installing: /home/terranova/uav_ws/install/pcl_msgs/include/pcl_msgs/msg/detail/vertices__traits.hpp
[28.873s] -- Installing: /home/terranova/uav_ws/install/pcl_msgs/include/pcl_msgs/msg/detail/point_indices__traits.hpp
[28.873s] -- Installing: /home/terranova/uav_ws/install/pcl_msgs/include/pcl_msgs/msg/detail/vertices__builder.hpp
[28.874s] -- Installing: /home/terranova/uav_ws/install/pcl_msgs/include/pcl_msgs/msg/detail/vertices__struct.hpp
[28.874s] -- Installing: /home/terranova/uav_ws/install/pcl_msgs/include/pcl_msgs/msg/detail/polygon_mesh__type_support.hpp
[28.874s] -- Installing: /home/terranova/uav_ws/install/pcl_msgs/include/pcl_msgs/msg/detail/point_indices__struct.hpp
[28.874s] -- Installing: /home/terranova/uav_ws/install/pcl_msgs/include/pcl_msgs/msg/detail/polygon_mesh__traits.hpp
[28.875s] -- Up-to-date: /home/terranova/uav_ws/install/pcl_msgs/include/pcl_msgs/srv
[28.875s] -- Installing: /home/terranova/uav_ws/install/pcl_msgs/include/pcl_msgs/srv/update_filename.hpp
[28.875s] -- Up-to-date: /home/terranova/uav_ws/install/pcl_msgs/include/pcl_msgs/srv/detail
[28.875s] -- Installing: /home/terranova/uav_ws/install/pcl_msgs/include/pcl_msgs/srv/detail/update_filename__builder.hpp
[28.875s] -- Installing: /home/terranova/uav_ws/install/pcl_msgs/include/pcl_msgs/srv/detail/update_filename__struct.hpp
[28.875s] -- Installing: /home/terranova/uav_ws/install/pcl_msgs/include/pcl_msgs/srv/detail/update_filename__traits.hpp
[28.876s] -- Installing: /home/terranova/uav_ws/install/pcl_msgs/include/pcl_msgs/srv/detail/update_filename__type_support.hpp
[28.877s] -- Up-to-date: /home/terranova/uav_ws/install/pcl_msgs/include/pcl_msgs
[28.877s] -- Up-to-date: /home/terranova/uav_ws/install/pcl_msgs/include/pcl_msgs/msg
[28.878s] -- Up-to-date: /home/terranova/uav_ws/install/pcl_msgs/include/pcl_msgs/msg/detail
[28.878s] -- Installing: /home/terranova/uav_ws/install/pcl_msgs/include/pcl_msgs/msg/detail/vertices__rosidl_typesupport_introspection_cpp.hpp
[28.878s] -- Installing: /home/terranova/uav_ws/install/pcl_msgs/include/pcl_msgs/msg/detail/point_indices__rosidl_typesupport_introspection_cpp.hpp
[28.879s] -- Installing: /home/terranova/uav_ws/install/pcl_msgs/include/pcl_msgs/msg/detail/polygon_mesh__type_support.cpp
[28.880s] -- Installing: /home/terranova/uav_ws/install/pcl_msgs/include/pcl_msgs/msg/detail/point_indices__type_support.cpp
[28.880s] -- Installing: /home/terranova/uav_ws/install/pcl_msgs/include/pcl_msgs/msg/detail/model_coefficients__type_support.cpp
[28.881s] -- Installing: /home/terranova/uav_ws/install/pcl_msgs/include/pcl_msgs/msg/detail/vertices__type_support.cpp
[28.881s] -- Installing: /home/terranova/uav_ws/install/pcl_msgs/include/pcl_msgs/msg/detail/model_coefficients__rosidl_typesupport_introspection_cpp.hpp
[28.881s] -- Installing: /home/terranova/uav_ws/install/pcl_msgs/include/pcl_msgs/msg/detail/polygon_mesh__rosidl_typesupport_introspection_cpp.hpp
[28.882s] -- Up-to-date: /home/terranova/uav_ws/install/pcl_msgs/include/pcl_msgs/srv
[28.883s] -- Up-to-date: /home/terranova/uav_ws/install/pcl_msgs/include/pcl_msgs/srv/detail
[28.892s] -- Installing: /home/terranova/uav_ws/install/pcl_msgs/include/pcl_msgs/srv/detail/update_filename__type_support.cpp
[28.893s] -- Installing: /home/terranova/uav_ws/install/pcl_msgs/include/pcl_msgs/srv/detail/update_filename__rosidl_typesupport_introspection_cpp.hpp
[28.893s] -- Installing: /home/terranova/uav_ws/install/pcl_msgs/lib/libpcl_msgs__rosidl_typesupport_introspection_cpp.so
[28.893s] -- Set non-toolchain portion of runtime path of "/home/terranova/uav_ws/install/pcl_msgs/lib/libpcl_msgs__rosidl_typesupport_introspection_cpp.so" to ""
[28.893s] -- Installing: /home/terranova/uav_ws/install/pcl_msgs/lib/libpcl_msgs__rosidl_typesupport_cpp.so
[28.893s] -- Set non-toolchain portion of runtime path of "/home/terranova/uav_ws/install/pcl_msgs/lib/libpcl_msgs__rosidl_typesupport_cpp.so" to ""
[28.894s] -- Installing: /home/terranova/uav_ws/install/pcl_msgs/share/pcl_msgs/environment/pythonpath.sh
[28.894s] -- Installing: /home/terranova/uav_ws/install/pcl_msgs/share/pcl_msgs/environment/pythonpath.dsv
[28.894s] -- Installing: /home/terranova/uav_ws/install/pcl_msgs/lib/python3.8/site-packages/pcl_msgs/__init__.py
[29.070s] Compiling '/home/terranova/uav_ws/install/pcl_msgs/lib/python3.8/site-packages/pcl_msgs/__init__.py'...
[29.089s] -- Installing: /home/terranova/uav_ws/install/pcl_msgs/lib/python3.8/site-packages/pcl_msgs/msg
[29.089s] -- Installing: /home/terranova/uav_ws/install/pcl_msgs/lib/python3.8/site-packages/pcl_msgs/msg/_vertices_s.c
[29.090s] -- Installing: /home/terranova/uav_ws/install/pcl_msgs/lib/python3.8/site-packages/pcl_msgs/msg/_vertices.py
[29.090s] -- Installing: /home/terranova/uav_ws/install/pcl_msgs/lib/python3.8/site-packages/pcl_msgs/msg/_point_indices.py
[29.090s] -- Installing: /home/terranova/uav_ws/install/pcl_msgs/lib/python3.8/site-packages/pcl_msgs/msg/_point_indices_s.c
[29.091s] -- Installing: /home/terranova/uav_ws/install/pcl_msgs/lib/python3.8/site-packages/pcl_msgs/msg/_model_coefficients.py
[29.091s] -- Installing: /home/terranova/uav_ws/install/pcl_msgs/lib/python3.8/site-packages/pcl_msgs/msg/_polygon_mesh_s.c
[29.092s] -- Installing: /home/terranova/uav_ws/install/pcl_msgs/lib/python3.8/site-packages/pcl_msgs/msg/_model_coefficients_s.c
[29.092s] -- Installing: /home/terranova/uav_ws/install/pcl_msgs/lib/python3.8/site-packages/pcl_msgs/msg/__init__.py
[29.092s] -- Installing: /home/terranova/uav_ws/install/pcl_msgs/lib/python3.8/site-packages/pcl_msgs/msg/_polygon_mesh.py
[29.092s] -- Installing: /home/terranova/uav_ws/install/pcl_msgs/lib/python3.8/site-packages/pcl_msgs/srv
[29.092s] -- Installing: /home/terranova/uav_ws/install/pcl_msgs/lib/python3.8/site-packages/pcl_msgs/srv/_update_filename_s.c
[29.093s] -- Installing: /home/terranova/uav_ws/install/pcl_msgs/lib/python3.8/site-packages/pcl_msgs/srv/__init__.py
[29.093s] -- Installing: /home/terranova/uav_ws/install/pcl_msgs/lib/python3.8/site-packages/pcl_msgs/srv/_update_filename.py
[29.093s] -- Installing: /home/terranova/uav_ws/install/pcl_msgs/lib/python3.8/site-packages/pcl_msgs/pcl_msgs_s__rosidl_typesupport_fastrtps_c.cpython-38-x86_64-linux-gnu.so
[29.093s] -- Set non-toolchain portion of runtime path of "/home/terranova/uav_ws/install/pcl_msgs/lib/python3.8/site-packages/pcl_msgs/pcl_msgs_s__rosidl_typesupport_fastrtps_c.cpython-38-x86_64-linux-gnu.so" to ""
[29.094s] -- Installing: /home/terranova/uav_ws/install/pcl_msgs/lib/python3.8/site-packages/pcl_msgs/pcl_msgs_s__rosidl_typesupport_introspection_c.cpython-38-x86_64-linux-gnu.so
[29.095s] -- Set non-toolchain portion of runtime path of "/home/terranova/uav_ws/install/pcl_msgs/lib/python3.8/site-packages/pcl_msgs/pcl_msgs_s__rosidl_typesupport_introspection_c.cpython-38-x86_64-linux-gnu.so" to ""
[29.095s] -- Installing: /home/terranova/uav_ws/install/pcl_msgs/lib/python3.8/site-packages/pcl_msgs/pcl_msgs_s__rosidl_typesupport_c.cpython-38-x86_64-linux-gnu.so
[29.096s] -- Set non-toolchain portion of runtime path of "/home/terranova/uav_ws/install/pcl_msgs/lib/python3.8/site-packages/pcl_msgs/pcl_msgs_s__rosidl_typesupport_c.cpython-38-x86_64-linux-gnu.so" to ""
[29.096s] -- Installing: /home/terranova/uav_ws/install/pcl_msgs/lib/libpcl_msgs__python.so
[29.097s] -- Set non-toolchain portion of runtime path of "/home/terranova/uav_ws/install/pcl_msgs/lib/libpcl_msgs__python.so" to ""
[29.097s] -- Installing: /home/terranova/uav_ws/install/pcl_msgs/share/pcl_msgs/msg/ModelCoefficients.idl
[29.098s] -- Installing: /home/terranova/uav_ws/install/pcl_msgs/share/pcl_msgs/msg/PointIndices.idl
[29.098s] -- Installing: /home/terranova/uav_ws/install/pcl_msgs/share/pcl_msgs/msg/PolygonMesh.idl
[29.101s] -- Installing: /home/terranova/uav_ws/install/pcl_msgs/share/pcl_msgs/msg/Vertices.idl
[29.102s] -- Installing: /home/terranova/uav_ws/install/pcl_msgs/share/pcl_msgs/srv/UpdateFilename.idl
[29.102s] -- Installing: /home/terranova/uav_ws/install/pcl_msgs/share/pcl_msgs/msg/ModelCoefficients.msg
[29.102s] -- Installing: /home/terranova/uav_ws/install/pcl_msgs/share/pcl_msgs/msg/PointIndices.msg
[29.103s] -- Installing: /home/terranova/uav_ws/install/pcl_msgs/share/pcl_msgs/msg/PolygonMesh.msg
[29.103s] -- Installing: /home/terranova/uav_ws/install/pcl_msgs/share/pcl_msgs/msg/Vertices.msg
[29.104s] -- Installing: /home/terranova/uav_ws/install/pcl_msgs/share/pcl_msgs/srv/UpdateFilename.srv
[29.105s] -- Installing: /home/terranova/uav_ws/install/pcl_msgs/share/pcl_msgs/srv/UpdateFilename_Request.msg
[29.106s] -- Installing: /home/terranova/uav_ws/install/pcl_msgs/share/pcl_msgs/srv/UpdateFilename_Response.msg
[29.106s] -- Installing: /home/terranova/uav_ws/install/pcl_msgs/share/ament_index/resource_index/package_run_dependencies/pcl_msgs
[29.110s] -- Installing: /home/terranova/uav_ws/install/pcl_msgs/share/ament_index/resource_index/parent_prefix_path/pcl_msgs
[29.111s] -- Installing: /home/terranova/uav_ws/install/pcl_msgs/share/pcl_msgs/environment/ament_prefix_path.sh
[29.111s] -- Installing: /home/terranova/uav_ws/install/pcl_msgs/share/pcl_msgs/environment/ament_prefix_path.dsv
[29.112s] -- Installing: /home/terranova/uav_ws/install/pcl_msgs/share/pcl_msgs/environment/path.sh
[29.112s] -- Installing: /home/terranova/uav_ws/install/pcl_msgs/share/pcl_msgs/environment/path.dsv
[29.112s] -- Installing: /home/terranova/uav_ws/install/pcl_msgs/share/pcl_msgs/local_setup.bash
[29.112s] -- Installing: /home/terranova/uav_ws/install/pcl_msgs/share/pcl_msgs/local_setup.sh
[29.113s] -- Installing: /home/terranova/uav_ws/install/pcl_msgs/share/pcl_msgs/local_setup.zsh
[29.113s] -- Installing: /home/terranova/uav_ws/install/pcl_msgs/share/pcl_msgs/local_setup.dsv
[29.113s] -- Installing: /home/terranova/uav_ws/install/pcl_msgs/share/pcl_msgs/package.dsv
[29.113s] -- Installing: /home/terranova/uav_ws/install/pcl_msgs/share/ament_index/resource_index/packages/pcl_msgs
[29.114s] -- Installing: /home/terranova/uav_ws/install/pcl_msgs/share/pcl_msgs/cmake/pcl_msgs__rosidl_generator_cExport.cmake
[29.114s] -- Installing: /home/terranova/uav_ws/install/pcl_msgs/share/pcl_msgs/cmake/pcl_msgs__rosidl_generator_cExport-noconfig.cmake
[29.114s] -- Installing: /home/terranova/uav_ws/install/pcl_msgs/share/pcl_msgs/cmake/pcl_msgs__rosidl_typesupport_introspection_cExport.cmake
[29.117s] -- Installing: /home/terranova/uav_ws/install/pcl_msgs/share/pcl_msgs/cmake/pcl_msgs__rosidl_typesupport_introspection_cExport-noconfig.cmake
[29.117s] -- Installing: /home/terranova/uav_ws/install/pcl_msgs/share/pcl_msgs/cmake/pcl_msgs__rosidl_typesupport_cExport.cmake
[29.118s] -- Installing: /home/terranova/uav_ws/install/pcl_msgs/share/pcl_msgs/cmake/pcl_msgs__rosidl_typesupport_cExport-noconfig.cmake
[29.118s] -- Installing: /home/terranova/uav_ws/install/pcl_msgs/share/pcl_msgs/cmake/pcl_msgs__rosidl_generator_cppExport.cmake
[29.119s] -- Installing: /home/terranova/uav_ws/install/pcl_msgs/share/pcl_msgs/cmake/pcl_msgs__rosidl_typesupport_introspection_cppExport.cmake
[29.119s] -- Installing: /home/terranova/uav_ws/install/pcl_msgs/share/pcl_msgs/cmake/pcl_msgs__rosidl_typesupport_introspection_cppExport-noconfig.cmake
[29.124s] -- Installing: /home/terranova/uav_ws/install/pcl_msgs/share/pcl_msgs/cmake/pcl_msgs__rosidl_typesupport_cppExport.cmake
[29.125s] -- Installing: /home/terranova/uav_ws/install/pcl_msgs/share/pcl_msgs/cmake/pcl_msgs__rosidl_typesupport_cppExport-noconfig.cmake
[29.125s] -- Installing: /home/terranova/uav_ws/install/pcl_msgs/share/pcl_msgs/cmake/rosidl_cmake-extras.cmake
[29.126s] -- Installing: /home/terranova/uav_ws/install/pcl_msgs/share/pcl_msgs/cmake/ament_cmake_export_dependencies-extras.cmake
[29.126s] -- Installing: /home/terranova/uav_ws/install/pcl_msgs/share/pcl_msgs/cmake/ament_cmake_export_libraries-extras.cmake
[29.126s] -- Installing: /home/terranova/uav_ws/install/pcl_msgs/share/pcl_msgs/cmake/ament_cmake_export_targets-extras.cmake
[29.126s] -- Installing: /home/terranova/uav_ws/install/pcl_msgs/share/pcl_msgs/cmake/ament_cmake_export_include_directories-extras.cmake
[29.127s] -- Installing: /home/terranova/uav_ws/install/pcl_msgs/share/pcl_msgs/cmake/rosidl_cmake_export_typesupport_libraries-extras.cmake
[29.127s] -- Installing: /home/terranova/uav_ws/install/pcl_msgs/share/pcl_msgs/cmake/rosidl_cmake_export_typesupport_targets-extras.cmake
[29.127s] -- Installing: /home/terranova/uav_ws/install/pcl_msgs/share/pcl_msgs/cmake/pcl_msgsConfig.cmake
[29.127s] -- Installing: /home/terranova/uav_ws/install/pcl_msgs/share/pcl_msgs/cmake/pcl_msgsConfig-version.cmake
[29.128s] -- Installing: /home/terranova/uav_ws/install/pcl_msgs/share/pcl_msgs/package.xml
[29.143s] Invoked command in '/home/terranova/uav_ws/build/pcl_msgs' returned '0': CMAKE_PREFIX_PATH=${CMAKE_PREFIX_PATH}:/home/terranova/uav_ws/install/turtlebot3_teleop:/home/terranova/uav_ws/install/turtlebot3_example:/home/terranova/uav_ws/install/opencv_tests:/home/terranova/uav_ws/install/joint_state_publisher_gui:/home/terranova/uav_ws/install/joint_state_publisher:/opt/ros/foxy /home/terranova/.local/bin/cmake --install /home/terranova/uav_ws/build/pcl_msgs
