[0.186s] Invoking command in '/home/terranova/uav_ws/build/vision_opencv': AMENT_PREFIX_PATH=/home/terranova/uav_ws/install/image_geometry:/home/terranova/uav_ws/install/cv_bridge:${AMENT_PREFIX_PATH} CMAKE_PREFIX_PATH=/home/terranova/uav_ws/install/image_geometry:/home/terranova/uav_ws/install/cv_bridge:/opt/ros/foxy LD_LIBRARY_PATH=/home/terranova/uav_ws/install/image_geometry/lib:/home/terranova/uav_ws/install/cv_bridge/lib:/opt/ros/foxy/opt/yaml_cpp_vendor/lib:/opt/ros/foxy/opt/rviz_ogre_vendor/lib:/opt/ros/foxy/lib/x86_64-linux-gnu:/opt/ros/foxy/lib:/usr/lib/x86_64-linux-gnu/gazebo-11/plugins:/usr/lib/x86_64-linux-gnu/gazebo-11/plugins:/usr/lib/x86_64-linux-gnu/gazebo-11/plugins PYTHONPATH=/home/terranova/uav_ws/install/image_geometry/lib/python3.8/site-packages:/home/terranova/uav_ws/install/cv_bridge/lib/python3.8/site-packages:/opt/ros/foxy/lib/python3.8/site-packages:/home/terranova/.local/bin /home/terranova/.local/bin/cmake --build /home/terranova/uav_ws/build/vision_opencv -- -j4 -l4
[1.475s] Invoked command in '/home/terranova/uav_ws/build/vision_opencv' returned '0': AMENT_PREFIX_PATH=/home/terranova/uav_ws/install/image_geometry:/home/terranova/uav_ws/install/cv_bridge:${AMENT_PREFIX_PATH} CMAKE_PREFIX_PATH=/home/terranova/uav_ws/install/image_geometry:/home/terranova/uav_ws/install/cv_bridge:/opt/ros/foxy LD_LIBRARY_PATH=/home/terranova/uav_ws/install/image_geometry/lib:/home/terranova/uav_ws/install/cv_bridge/lib:/opt/ros/foxy/opt/yaml_cpp_vendor/lib:/opt/ros/foxy/opt/rviz_ogre_vendor/lib:/opt/ros/foxy/lib/x86_64-linux-gnu:/opt/ros/foxy/lib:/usr/lib/x86_64-linux-gnu/gazebo-11/plugins:/usr/lib/x86_64-linux-gnu/gazebo-11/plugins:/usr/lib/x86_64-linux-gnu/gazebo-11/plugins PYTHONPATH=/home/terranova/uav_ws/install/image_geometry/lib/python3.8/site-packages:/home/terranova/uav_ws/install/cv_bridge/lib/python3.8/site-packages:/opt/ros/foxy/lib/python3.8/site-packages:/home/terranova/.local/bin /home/terranova/.local/bin/cmake --build /home/terranova/uav_ws/build/vision_opencv -- -j4 -l4
[2.354s] Invoking command in '/home/terranova/uav_ws/build/vision_opencv': AMENT_PREFIX_PATH=/home/terranova/uav_ws/install/image_geometry:/home/terranova/uav_ws/install/cv_bridge:${AMENT_PREFIX_PATH} CMAKE_PREFIX_PATH=/home/terranova/uav_ws/install/image_geometry:/home/terranova/uav_ws/install/cv_bridge:/opt/ros/foxy LD_LIBRARY_PATH=/home/terranova/uav_ws/install/image_geometry/lib:/home/terranova/uav_ws/install/cv_bridge/lib:/opt/ros/foxy/opt/yaml_cpp_vendor/lib:/opt/ros/foxy/opt/rviz_ogre_vendor/lib:/opt/ros/foxy/lib/x86_64-linux-gnu:/opt/ros/foxy/lib:/usr/lib/x86_64-linux-gnu/gazebo-11/plugins:/usr/lib/x86_64-linux-gnu/gazebo-11/plugins:/usr/lib/x86_64-linux-gnu/gazebo-11/plugins PYTHONPATH=/home/terranova/uav_ws/install/image_geometry/lib/python3.8/site-packages:/home/terranova/uav_ws/install/cv_bridge/lib/python3.8/site-packages:/opt/ros/foxy/lib/python3.8/site-packages:/home/terranova/.local/bin /home/terranova/.local/bin/cmake --install /home/terranova/uav_ws/build/vision_opencv
[2.752s] -- Install configuration: ""
[2.757s] -- Up-to-date: /home/terranova/uav_ws/install/vision_opencv/share/ament_index/resource_index/package_run_dependencies/vision_opencv
[2.757s] -- Up-to-date: /home/terranova/uav_ws/install/vision_opencv/share/ament_index/resource_index/parent_prefix_path/vision_opencv
[2.758s] -- Up-to-date: /home/terranova/uav_ws/install/vision_opencv/share/vision_opencv/environment/ament_prefix_path.sh
[2.758s] -- Up-to-date: /home/terranova/uav_ws/install/vision_opencv/share/vision_opencv/environment/ament_prefix_path.dsv
[2.759s] -- Up-to-date: /home/terranova/uav_ws/install/vision_opencv/share/vision_opencv/environment/path.sh
[2.759s] -- Up-to-date: /home/terranova/uav_ws/install/vision_opencv/share/vision_opencv/environment/path.dsv
[2.760s] -- Up-to-date: /home/terranova/uav_ws/install/vision_opencv/share/vision_opencv/local_setup.bash
[2.760s] -- Up-to-date: /home/terranova/uav_ws/install/vision_opencv/share/vision_opencv/local_setup.sh
[2.761s] -- Up-to-date: /home/terranova/uav_ws/install/vision_opencv/share/vision_opencv/local_setup.zsh
[2.770s] -- Up-to-date: /home/terranova/uav_ws/install/vision_opencv/share/vision_opencv/local_setup.dsv
[2.771s] -- Up-to-date: /home/terranova/uav_ws/install/vision_opencv/share/vision_opencv/package.dsv
[2.771s] -- Up-to-date: /home/terranova/uav_ws/install/vision_opencv/share/ament_index/resource_index/packages/vision_opencv
[2.772s] -- Up-to-date: /home/terranova/uav_ws/install/vision_opencv/share/vision_opencv/cmake/vision_opencvConfig.cmake
[2.773s] -- Up-to-date: /home/terranova/uav_ws/install/vision_opencv/share/vision_opencv/cmake/vision_opencvConfig-version.cmake
[2.782s] -- Up-to-date: /home/terranova/uav_ws/install/vision_opencv/share/vision_opencv/package.xml
[2.844s] Invoked command in '/home/terranova/uav_ws/build/vision_opencv' returned '0': AMENT_PREFIX_PATH=/home/terranova/uav_ws/install/image_geometry:/home/terranova/uav_ws/install/cv_bridge:${AMENT_PREFIX_PATH} CMAKE_PREFIX_PATH=/home/terranova/uav_ws/install/image_geometry:/home/terranova/uav_ws/install/cv_bridge:/opt/ros/foxy LD_LIBRARY_PATH=/home/terranova/uav_ws/install/image_geometry/lib:/home/terranova/uav_ws/install/cv_bridge/lib:/opt/ros/foxy/opt/yaml_cpp_vendor/lib:/opt/ros/foxy/opt/rviz_ogre_vendor/lib:/opt/ros/foxy/lib/x86_64-linux-gnu:/opt/ros/foxy/lib:/usr/lib/x86_64-linux-gnu/gazebo-11/plugins:/usr/lib/x86_64-linux-gnu/gazebo-11/plugins:/usr/lib/x86_64-linux-gnu/gazebo-11/plugins PYTHONPATH=/home/terranova/uav_ws/install/image_geometry/lib/python3.8/site-packages:/home/terranova/uav_ws/install/cv_bridge/lib/python3.8/site-packages:/opt/ros/foxy/lib/python3.8/site-packages:/home/terranova/.local/bin /home/terranova/.local/bin/cmake --install /home/terranova/uav_ws/build/vision_opencv
