[0.193s] Invoking command in '/home/terranova/uav_ws/build/turtlebot3_msgs': CMAKE_PREFIX_PATH=/opt/ros/foxy /home/terranova/.local/bin/cmake --build /home/terranova/uav_ws/build/turtlebot3_msgs -- -j4 -l4
[0.849s] [  1%] Built target turtlebot3_msgs__cpp
[1.041s] [ 12%] Built target turtlebot3_msgs__rosidl_generator_c
[1.378s] [ 23%] Built target turtlebot3_msgs__rosidl_typesupport_introspection_cpp
[1.562s] [ 35%] Built target turtlebot3_msgs__rosidl_typesupport_introspection_c
[1.748s] [ 46%] Built target turtlebot3_msgs__rosidl_typesupport_c
[2.115s] [ 57%] Built target turtlebot3_msgs__rosidl_typesupport_fastrtps_cpp
[2.355s] [ 69%] Built target turtlebot3_msgs__rosidl_typesupport_cpp
[2.783s] [ 80%] Built target turtlebot3_msgs__rosidl_typesupport_fastrtps_c
[2.940s] [ 80%] Built target turtlebot3_msgs
[3.091s] [ 81%] Built target turtlebot3_msgs__py
[3.301s] [ 91%] Built target turtlebot3_msgs__python
[3.501s] [ 94%] Built target turtlebot3_msgs__rosidl_typesupport_fastrtps_c__pyext
[3.750s] [ 97%] Built target turtlebot3_msgs__rosidl_typesupport_c__pyext
[3.997s] [100%] Built target turtlebot3_msgs__rosidl_typesupport_introspection_c__pyext
[4.150s] Invoked command in '/home/terranova/uav_ws/build/turtlebot3_msgs' returned '0': CMAKE_PREFIX_PATH=/opt/ros/foxy /home/terranova/.local/bin/cmake --build /home/terranova/uav_ws/build/turtlebot3_msgs -- -j4 -l4
[7.293s] Invoking command in '/home/terranova/uav_ws/build/turtlebot3_msgs': CMAKE_PREFIX_PATH=/opt/ros/foxy /home/terranova/.local/bin/cmake --install /home/terranova/uav_ws/build/turtlebot3_msgs
[7.941s] -- Install configuration: ""
[7.941s] -- Up-to-date: /home/terranova/uav_ws/install/turtlebot3_msgs/share/ament_index/resource_index/rosidl_interfaces/turtlebot3_msgs
[7.945s] -- Up-to-date: /home/terranova/uav_ws/install/turtlebot3_msgs/include/turtlebot3_msgs
[7.950s] -- Up-to-date: /home/terranova/uav_ws/install/turtlebot3_msgs/include/turtlebot3_msgs/msg
[7.955s] -- Up-to-date: /home/terranova/uav_ws/install/turtlebot3_msgs/include/turtlebot3_msgs/msg/version_info.h
[7.955s] -- Up-to-date: /home/terranova/uav_ws/install/turtlebot3_msgs/include/turtlebot3_msgs/msg/rosidl_generator_c__visibility_control.h
[7.960s] -- Up-to-date: /home/terranova/uav_ws/install/turtlebot3_msgs/include/turtlebot3_msgs/msg/sound.h
[7.966s] -- Up-to-date: /home/terranova/uav_ws/install/turtlebot3_msgs/include/turtlebot3_msgs/msg/sensor_state.h
[7.971s] -- Up-to-date: /home/terranova/uav_ws/install/turtlebot3_msgs/include/turtlebot3_msgs/msg/detail
[7.972s] -- Up-to-date: /home/terranova/uav_ws/install/turtlebot3_msgs/include/turtlebot3_msgs/msg/detail/sound__functions.c
[7.978s] -- Up-to-date: /home/terranova/uav_ws/install/turtlebot3_msgs/include/turtlebot3_msgs/msg/detail/sound__type_support.h
[7.985s] -- Up-to-date: /home/terranova/uav_ws/install/turtlebot3_msgs/include/turtlebot3_msgs/msg/detail/version_info__type_support.h
[7.985s] -- Up-to-date: /home/terranova/uav_ws/install/turtlebot3_msgs/include/turtlebot3_msgs/msg/detail/sound__struct.h
[7.995s] -- Up-to-date: /home/terranova/uav_ws/install/turtlebot3_msgs/include/turtlebot3_msgs/msg/detail/sensor_state__functions.h
[8.002s] -- Up-to-date: /home/terranova/uav_ws/install/turtlebot3_msgs/include/turtlebot3_msgs/msg/detail/version_info__struct.h
[8.003s] -- Up-to-date: /home/terranova/uav_ws/install/turtlebot3_msgs/include/turtlebot3_msgs/msg/detail/sensor_state__type_support.h
[8.008s] -- Up-to-date: /home/terranova/uav_ws/install/turtlebot3_msgs/include/turtlebot3_msgs/msg/detail/sound__functions.h
[8.018s] -- Up-to-date: /home/terranova/uav_ws/install/turtlebot3_msgs/include/turtlebot3_msgs/msg/detail/version_info__functions.h
[8.029s] -- Up-to-date: /home/terranova/uav_ws/install/turtlebot3_msgs/include/turtlebot3_msgs/msg/detail/sensor_state__functions.c
[8.030s] -- Up-to-date: /home/terranova/uav_ws/install/turtlebot3_msgs/include/turtlebot3_msgs/msg/detail/sensor_state__struct.h
[8.030s] -- Up-to-date: /home/terranova/uav_ws/install/turtlebot3_msgs/include/turtlebot3_msgs/msg/detail/version_info__functions.c
[8.043s] -- Up-to-date: /home/terranova/uav_ws/install/turtlebot3_msgs/include/turtlebot3_msgs/srv
[8.043s] -- Up-to-date: /home/terranova/uav_ws/install/turtlebot3_msgs/include/turtlebot3_msgs/srv/dqn.h
[8.047s] -- Up-to-date: /home/terranova/uav_ws/install/turtlebot3_msgs/include/turtlebot3_msgs/srv/sound.h
[8.056s] -- Up-to-date: /home/terranova/uav_ws/install/turtlebot3_msgs/include/turtlebot3_msgs/srv/detail
[8.057s] -- Up-to-date: /home/terranova/uav_ws/install/turtlebot3_msgs/include/turtlebot3_msgs/srv/detail/sound__functions.c
[8.063s] -- Up-to-date: /home/terranova/uav_ws/install/turtlebot3_msgs/include/turtlebot3_msgs/srv/detail/sound__type_support.h
[8.069s] -- Up-to-date: /home/terranova/uav_ws/install/turtlebot3_msgs/include/turtlebot3_msgs/srv/detail/sound__struct.h
[8.073s] -- Up-to-date: /home/terranova/uav_ws/install/turtlebot3_msgs/include/turtlebot3_msgs/srv/detail/dqn__functions.c
[8.073s] -- Up-to-date: /home/terranova/uav_ws/install/turtlebot3_msgs/include/turtlebot3_msgs/srv/detail/dqn__functions.h
[8.078s] -- Up-to-date: /home/terranova/uav_ws/install/turtlebot3_msgs/include/turtlebot3_msgs/srv/detail/dqn__struct.h
[8.085s] -- Up-to-date: /home/terranova/uav_ws/install/turtlebot3_msgs/include/turtlebot3_msgs/srv/detail/sound__functions.h
[8.086s] -- Up-to-date: /home/terranova/uav_ws/install/turtlebot3_msgs/include/turtlebot3_msgs/srv/detail/dqn__type_support.h
[8.086s] -- Up-to-date: /home/terranova/uav_ws/install/turtlebot3_msgs/include/turtlebot3_msgs/action
[8.087s] -- Up-to-date: /home/terranova/uav_ws/install/turtlebot3_msgs/include/turtlebot3_msgs/action/patrol.h
[8.087s] -- Up-to-date: /home/terranova/uav_ws/install/turtlebot3_msgs/include/turtlebot3_msgs/action/detail
[8.088s] -- Up-to-date: /home/terranova/uav_ws/install/turtlebot3_msgs/include/turtlebot3_msgs/action/detail/patrol__type_support.h
[8.095s] -- Up-to-date: /home/terranova/uav_ws/install/turtlebot3_msgs/include/turtlebot3_msgs/action/detail/patrol__functions.h
[8.095s] -- Up-to-date: /home/terranova/uav_ws/install/turtlebot3_msgs/include/turtlebot3_msgs/action/detail/patrol__struct.h
[8.095s] -- Up-to-date: /home/terranova/uav_ws/install/turtlebot3_msgs/include/turtlebot3_msgs/action/detail/patrol__functions.c
[8.096s] -- Up-to-date: /home/terranova/uav_ws/install/turtlebot3_msgs/share/turtlebot3_msgs/environment/library_path.sh
[8.096s] -- Up-to-date: /home/terranova/uav_ws/install/turtlebot3_msgs/share/turtlebot3_msgs/environment/library_path.dsv
[8.096s] -- Up-to-date: /home/terranova/uav_ws/install/turtlebot3_msgs/lib/libturtlebot3_msgs__rosidl_generator_c.so
[8.097s] -- Up-to-date: /home/terranova/uav_ws/install/turtlebot3_msgs/include/turtlebot3_msgs
[8.097s] -- Up-to-date: /home/terranova/uav_ws/install/turtlebot3_msgs/include/turtlebot3_msgs/msg
[8.097s] -- Up-to-date: /home/terranova/uav_ws/install/turtlebot3_msgs/include/turtlebot3_msgs/msg/rosidl_typesupport_fastrtps_c__visibility_control.h
[8.098s] -- Up-to-date: /home/terranova/uav_ws/install/turtlebot3_msgs/include/turtlebot3_msgs/msg/detail
[8.098s] -- Up-to-date: /home/terranova/uav_ws/install/turtlebot3_msgs/include/turtlebot3_msgs/msg/detail/sound__rosidl_typesupport_fastrtps_c.h
[8.099s] -- Up-to-date: /home/terranova/uav_ws/install/turtlebot3_msgs/include/turtlebot3_msgs/msg/detail/sensor_state__rosidl_typesupport_fastrtps_c.h
[8.099s] -- Up-to-date: /home/terranova/uav_ws/install/turtlebot3_msgs/include/turtlebot3_msgs/msg/detail/version_info__rosidl_typesupport_fastrtps_c.h
[8.100s] -- Up-to-date: /home/terranova/uav_ws/install/turtlebot3_msgs/include/turtlebot3_msgs/srv
[8.113s] -- Up-to-date: /home/terranova/uav_ws/install/turtlebot3_msgs/include/turtlebot3_msgs/srv/detail
[8.118s] -- Up-to-date: /home/terranova/uav_ws/install/turtlebot3_msgs/include/turtlebot3_msgs/srv/detail/sound__rosidl_typesupport_fastrtps_c.h
[8.118s] -- Up-to-date: /home/terranova/uav_ws/install/turtlebot3_msgs/include/turtlebot3_msgs/srv/detail/dqn__rosidl_typesupport_fastrtps_c.h
[8.121s] -- Up-to-date: /home/terranova/uav_ws/install/turtlebot3_msgs/include/turtlebot3_msgs/action
[8.127s] -- Up-to-date: /home/terranova/uav_ws/install/turtlebot3_msgs/include/turtlebot3_msgs/action/detail
[8.133s] -- Up-to-date: /home/terranova/uav_ws/install/turtlebot3_msgs/include/turtlebot3_msgs/action/detail/patrol__rosidl_typesupport_fastrtps_c.h
[8.140s] -- Up-to-date: /home/terranova/uav_ws/install/turtlebot3_msgs/lib/libturtlebot3_msgs__rosidl_typesupport_fastrtps_c.so
[8.144s] -- Up-to-date: /home/terranova/uav_ws/install/turtlebot3_msgs/include/turtlebot3_msgs
[8.148s] -- Up-to-date: /home/terranova/uav_ws/install/turtlebot3_msgs/include/turtlebot3_msgs/msg
[8.154s] -- Up-to-date: /home/terranova/uav_ws/install/turtlebot3_msgs/include/turtlebot3_msgs/msg/rosidl_typesupport_fastrtps_cpp__visibility_control.h
[8.159s] -- Up-to-date: /home/terranova/uav_ws/install/turtlebot3_msgs/include/turtlebot3_msgs/msg/detail
[8.161s] -- Up-to-date: /home/terranova/uav_ws/install/turtlebot3_msgs/include/turtlebot3_msgs/msg/detail/dds_fastrtps
[8.170s] -- Up-to-date: /home/terranova/uav_ws/install/turtlebot3_msgs/include/turtlebot3_msgs/msg/detail/sound__rosidl_typesupport_fastrtps_cpp.hpp
[8.170s] -- Up-to-date: /home/terranova/uav_ws/install/turtlebot3_msgs/include/turtlebot3_msgs/msg/detail/sensor_state__rosidl_typesupport_fastrtps_cpp.hpp
[8.175s] -- Up-to-date: /home/terranova/uav_ws/install/turtlebot3_msgs/include/turtlebot3_msgs/msg/detail/version_info__rosidl_typesupport_fastrtps_cpp.hpp
[8.182s] -- Up-to-date: /home/terranova/uav_ws/install/turtlebot3_msgs/include/turtlebot3_msgs/srv
[8.187s] -- Up-to-date: /home/terranova/uav_ws/install/turtlebot3_msgs/include/turtlebot3_msgs/srv/detail
[8.191s] -- Up-to-date: /home/terranova/uav_ws/install/turtlebot3_msgs/include/turtlebot3_msgs/srv/detail/dds_fastrtps
[8.197s] -- Up-to-date: /home/terranova/uav_ws/install/turtlebot3_msgs/include/turtlebot3_msgs/srv/detail/dqn__rosidl_typesupport_fastrtps_cpp.hpp
[8.199s] -- Up-to-date: /home/terranova/uav_ws/install/turtlebot3_msgs/include/turtlebot3_msgs/srv/detail/sound__rosidl_typesupport_fastrtps_cpp.hpp
[8.204s] -- Up-to-date: /home/terranova/uav_ws/install/turtlebot3_msgs/include/turtlebot3_msgs/action
[8.209s] -- Up-to-date: /home/terranova/uav_ws/install/turtlebot3_msgs/include/turtlebot3_msgs/action/detail
[8.214s] -- Up-to-date: /home/terranova/uav_ws/install/turtlebot3_msgs/include/turtlebot3_msgs/action/detail/dds_fastrtps
[8.219s] -- Up-to-date: /home/terranova/uav_ws/install/turtlebot3_msgs/include/turtlebot3_msgs/action/detail/patrol__rosidl_typesupport_fastrtps_cpp.hpp
[8.221s] -- Up-to-date: /home/terranova/uav_ws/install/turtlebot3_msgs/lib/libturtlebot3_msgs__rosidl_typesupport_fastrtps_cpp.so
[8.228s] -- Up-to-date: /home/terranova/uav_ws/install/turtlebot3_msgs/include/turtlebot3_msgs
[8.235s] -- Up-to-date: /home/terranova/uav_ws/install/turtlebot3_msgs/include/turtlebot3_msgs/msg
[8.240s] -- Up-to-date: /home/terranova/uav_ws/install/turtlebot3_msgs/include/turtlebot3_msgs/msg/detail
[8.243s] -- Up-to-date: /home/terranova/uav_ws/install/turtlebot3_msgs/include/turtlebot3_msgs/msg/detail/version_info__type_support.c
[8.248s] -- Up-to-date: /home/terranova/uav_ws/install/turtlebot3_msgs/include/turtlebot3_msgs/msg/detail/sound__rosidl_typesupport_introspection_c.h
[8.254s] -- Up-to-date: /home/terranova/uav_ws/install/turtlebot3_msgs/include/turtlebot3_msgs/msg/detail/sensor_state__rosidl_typesupport_introspection_c.h
[8.259s] -- Up-to-date: /home/terranova/uav_ws/install/turtlebot3_msgs/include/turtlebot3_msgs/msg/detail/sensor_state__type_support.c
[8.263s] -- Up-to-date: /home/terranova/uav_ws/install/turtlebot3_msgs/include/turtlebot3_msgs/msg/detail/version_info__rosidl_typesupport_introspection_c.h
[8.269s] -- Up-to-date: /home/terranova/uav_ws/install/turtlebot3_msgs/include/turtlebot3_msgs/msg/detail/sound__type_support.c
[8.271s] -- Up-to-date: /home/terranova/uav_ws/install/turtlebot3_msgs/include/turtlebot3_msgs/msg/rosidl_typesupport_introspection_c__visibility_control.h
[8.277s] -- Up-to-date: /home/terranova/uav_ws/install/turtlebot3_msgs/include/turtlebot3_msgs/srv
[8.281s] -- Up-to-date: /home/terranova/uav_ws/install/turtlebot3_msgs/include/turtlebot3_msgs/srv/detail
[8.287s] -- Up-to-date: /home/terranova/uav_ws/install/turtlebot3_msgs/include/turtlebot3_msgs/srv/detail/dqn__type_support.c
[8.291s] -- Up-to-date: /home/terranova/uav_ws/install/turtlebot3_msgs/include/turtlebot3_msgs/srv/detail/sound__rosidl_typesupport_introspection_c.h
[8.295s] -- Up-to-date: /home/terranova/uav_ws/install/turtlebot3_msgs/include/turtlebot3_msgs/srv/detail/dqn__rosidl_typesupport_introspection_c.h
[8.299s] -- Up-to-date: /home/terranova/uav_ws/install/turtlebot3_msgs/include/turtlebot3_msgs/srv/detail/sound__type_support.c
[8.307s] -- Up-to-date: /home/terranova/uav_ws/install/turtlebot3_msgs/include/turtlebot3_msgs/action
[8.310s] -- Up-to-date: /home/terranova/uav_ws/install/turtlebot3_msgs/include/turtlebot3_msgs/action/detail
[8.320s] -- Up-to-date: /home/terranova/uav_ws/install/turtlebot3_msgs/include/turtlebot3_msgs/action/detail/patrol__rosidl_typesupport_introspection_c.h
[8.323s] -- Up-to-date: /home/terranova/uav_ws/install/turtlebot3_msgs/include/turtlebot3_msgs/action/detail/patrol__type_support.c
[8.327s] -- Up-to-date: /home/terranova/uav_ws/install/turtlebot3_msgs/lib/libturtlebot3_msgs__rosidl_typesupport_introspection_c.so
[8.333s] -- Up-to-date: /home/terranova/uav_ws/install/turtlebot3_msgs/lib/libturtlebot3_msgs__rosidl_typesupport_c.so
[8.336s] -- Up-to-date: /home/terranova/uav_ws/install/turtlebot3_msgs/include/turtlebot3_msgs
[8.344s] -- Up-to-date: /home/terranova/uav_ws/install/turtlebot3_msgs/include/turtlebot3_msgs/msg
[8.348s] -- Up-to-date: /home/terranova/uav_ws/install/turtlebot3_msgs/include/turtlebot3_msgs/msg/sensor_state.hpp
[8.352s] -- Up-to-date: /home/terranova/uav_ws/install/turtlebot3_msgs/include/turtlebot3_msgs/msg/sound.hpp
[8.356s] -- Up-to-date: /home/terranova/uav_ws/install/turtlebot3_msgs/include/turtlebot3_msgs/msg/version_info.hpp
[8.364s] -- Up-to-date: /home/terranova/uav_ws/install/turtlebot3_msgs/include/turtlebot3_msgs/msg/rosidl_generator_cpp__visibility_control.hpp
[8.368s] -- Up-to-date: /home/terranova/uav_ws/install/turtlebot3_msgs/include/turtlebot3_msgs/msg/detail
[8.373s] -- Up-to-date: /home/terranova/uav_ws/install/turtlebot3_msgs/include/turtlebot3_msgs/msg/detail/sound__builder.hpp
[8.378s] -- Up-to-date: /home/terranova/uav_ws/install/turtlebot3_msgs/include/turtlebot3_msgs/msg/detail/sensor_state__builder.hpp
[8.382s] -- Up-to-date: /home/terranova/uav_ws/install/turtlebot3_msgs/include/turtlebot3_msgs/msg/detail/version_info__traits.hpp
[8.386s] -- Up-to-date: /home/terranova/uav_ws/install/turtlebot3_msgs/include/turtlebot3_msgs/msg/detail/sound__type_support.hpp
[8.391s] -- Up-to-date: /home/terranova/uav_ws/install/turtlebot3_msgs/include/turtlebot3_msgs/msg/detail/sensor_state__traits.hpp
[8.394s] -- Up-to-date: /home/terranova/uav_ws/install/turtlebot3_msgs/include/turtlebot3_msgs/msg/detail/sensor_state__struct.hpp
[8.395s] -- Up-to-date: /home/terranova/uav_ws/install/turtlebot3_msgs/include/turtlebot3_msgs/msg/detail/sensor_state__type_support.hpp
[8.400s] -- Up-to-date: /home/terranova/uav_ws/install/turtlebot3_msgs/include/turtlebot3_msgs/msg/detail/version_info__struct.hpp
[8.403s] -- Up-to-date: /home/terranova/uav_ws/install/turtlebot3_msgs/include/turtlebot3_msgs/msg/detail/sound__struct.hpp
[8.408s] -- Up-to-date: /home/terranova/uav_ws/install/turtlebot3_msgs/include/turtlebot3_msgs/msg/detail/sound__traits.hpp
[8.412s] -- Up-to-date: /home/terranova/uav_ws/install/turtlebot3_msgs/include/turtlebot3_msgs/msg/detail/version_info__builder.hpp
[8.413s] -- Up-to-date: /home/terranova/uav_ws/install/turtlebot3_msgs/include/turtlebot3_msgs/msg/detail/version_info__type_support.hpp
[8.418s] -- Up-to-date: /home/terranova/uav_ws/install/turtlebot3_msgs/include/turtlebot3_msgs/srv
[8.418s] -- Up-to-date: /home/terranova/uav_ws/install/turtlebot3_msgs/include/turtlebot3_msgs/srv/dqn.hpp
[8.419s] -- Up-to-date: /home/terranova/uav_ws/install/turtlebot3_msgs/include/turtlebot3_msgs/srv/sound.hpp
[8.423s] -- Up-to-date: /home/terranova/uav_ws/install/turtlebot3_msgs/include/turtlebot3_msgs/srv/detail
[8.424s] -- Up-to-date: /home/terranova/uav_ws/install/turtlebot3_msgs/include/turtlebot3_msgs/srv/detail/sound__builder.hpp
[8.428s] -- Up-to-date: /home/terranova/uav_ws/install/turtlebot3_msgs/include/turtlebot3_msgs/srv/detail/sound__type_support.hpp
[8.428s] -- Up-to-date: /home/terranova/uav_ws/install/turtlebot3_msgs/include/turtlebot3_msgs/srv/detail/dqn__type_support.hpp
[8.448s] -- Up-to-date: /home/terranova/uav_ws/install/turtlebot3_msgs/include/turtlebot3_msgs/srv/detail/dqn__builder.hpp
[8.460s] -- Up-to-date: /home/terranova/uav_ws/install/turtlebot3_msgs/include/turtlebot3_msgs/srv/detail/dqn__struct.hpp
[8.466s] -- Up-to-date: /home/terranova/uav_ws/install/turtlebot3_msgs/include/turtlebot3_msgs/srv/detail/dqn__traits.hpp
[8.470s] -- Up-to-date: /home/terranova/uav_ws/install/turtlebot3_msgs/include/turtlebot3_msgs/srv/detail/sound__struct.hpp
[8.471s] -- Up-to-date: /home/terranova/uav_ws/install/turtlebot3_msgs/include/turtlebot3_msgs/srv/detail/sound__traits.hpp
[8.475s] -- Up-to-date: /home/terranova/uav_ws/install/turtlebot3_msgs/include/turtlebot3_msgs/action
[8.476s] -- Up-to-date: /home/terranova/uav_ws/install/turtlebot3_msgs/include/turtlebot3_msgs/action/patrol.hpp
[8.476s] -- Up-to-date: /home/terranova/uav_ws/install/turtlebot3_msgs/include/turtlebot3_msgs/action/detail
[8.479s] -- Up-to-date: /home/terranova/uav_ws/install/turtlebot3_msgs/include/turtlebot3_msgs/action/detail/patrol__struct.hpp
[8.481s] -- Up-to-date: /home/terranova/uav_ws/install/turtlebot3_msgs/include/turtlebot3_msgs/action/detail/patrol__type_support.hpp
[8.481s] -- Up-to-date: /home/terranova/uav_ws/install/turtlebot3_msgs/include/turtlebot3_msgs/action/detail/patrol__traits.hpp
[8.482s] -- Up-to-date: /home/terranova/uav_ws/install/turtlebot3_msgs/include/turtlebot3_msgs/action/detail/patrol__builder.hpp
[8.483s] -- Up-to-date: /home/terranova/uav_ws/install/turtlebot3_msgs/include/turtlebot3_msgs
[8.486s] -- Up-to-date: /home/terranova/uav_ws/install/turtlebot3_msgs/include/turtlebot3_msgs/msg
[8.486s] -- Up-to-date: /home/terranova/uav_ws/install/turtlebot3_msgs/include/turtlebot3_msgs/msg/detail
[8.487s] -- Up-to-date: /home/terranova/uav_ws/install/turtlebot3_msgs/include/turtlebot3_msgs/msg/detail/sensor_state__rosidl_typesupport_introspection_cpp.hpp
[8.491s] -- Up-to-date: /home/terranova/uav_ws/install/turtlebot3_msgs/include/turtlebot3_msgs/msg/detail/version_info__rosidl_typesupport_introspection_cpp.hpp
[8.494s] -- Up-to-date: /home/terranova/uav_ws/install/turtlebot3_msgs/include/turtlebot3_msgs/msg/detail/version_info__type_support.cpp
[8.498s] -- Up-to-date: /home/terranova/uav_ws/install/turtlebot3_msgs/include/turtlebot3_msgs/msg/detail/sound__rosidl_typesupport_introspection_cpp.hpp
[8.498s] -- Up-to-date: /home/terranova/uav_ws/install/turtlebot3_msgs/include/turtlebot3_msgs/msg/detail/sensor_state__type_support.cpp
[8.501s] -- Up-to-date: /home/terranova/uav_ws/install/turtlebot3_msgs/include/turtlebot3_msgs/msg/detail/sound__type_support.cpp
[8.501s] -- Up-to-date: /home/terranova/uav_ws/install/turtlebot3_msgs/include/turtlebot3_msgs/srv
[8.502s] -- Up-to-date: /home/terranova/uav_ws/install/turtlebot3_msgs/include/turtlebot3_msgs/srv/detail
[8.507s] -- Up-to-date: /home/terranova/uav_ws/install/turtlebot3_msgs/include/turtlebot3_msgs/srv/detail/dqn__rosidl_typesupport_introspection_cpp.hpp
[8.511s] -- Up-to-date: /home/terranova/uav_ws/install/turtlebot3_msgs/include/turtlebot3_msgs/srv/detail/sound__rosidl_typesupport_introspection_cpp.hpp
[8.515s] -- Up-to-date: /home/terranova/uav_ws/install/turtlebot3_msgs/include/turtlebot3_msgs/srv/detail/dqn__type_support.cpp
[8.516s] -- Up-to-date: /home/terranova/uav_ws/install/turtlebot3_msgs/include/turtlebot3_msgs/srv/detail/sound__type_support.cpp
[8.519s] -- Up-to-date: /home/terranova/uav_ws/install/turtlebot3_msgs/include/turtlebot3_msgs/action
[8.519s] -- Up-to-date: /home/terranova/uav_ws/install/turtlebot3_msgs/include/turtlebot3_msgs/action/detail
[8.521s] -- Up-to-date: /home/terranova/uav_ws/install/turtlebot3_msgs/include/turtlebot3_msgs/action/detail/patrol__type_support.cpp
[8.521s] -- Up-to-date: /home/terranova/uav_ws/install/turtlebot3_msgs/include/turtlebot3_msgs/action/detail/patrol__rosidl_typesupport_introspection_cpp.hpp
[8.527s] -- Up-to-date: /home/terranova/uav_ws/install/turtlebot3_msgs/lib/libturtlebot3_msgs__rosidl_typesupport_introspection_cpp.so
[8.532s] -- Up-to-date: /home/terranova/uav_ws/install/turtlebot3_msgs/lib/libturtlebot3_msgs__rosidl_typesupport_cpp.so
[8.532s] -- Up-to-date: /home/terranova/uav_ws/install/turtlebot3_msgs/share/turtlebot3_msgs/environment/pythonpath.sh
[8.537s] -- Up-to-date: /home/terranova/uav_ws/install/turtlebot3_msgs/share/turtlebot3_msgs/environment/pythonpath.dsv
[8.542s] -- Up-to-date: /home/terranova/uav_ws/install/turtlebot3_msgs/lib/python3.8/site-packages/turtlebot3_msgs/__init__.py
[8.884s] -- Up-to-date: /home/terranova/uav_ws/install/turtlebot3_msgs/lib/python3.8/site-packages/turtlebot3_msgs/msg
[8.885s] -- Up-to-date: /home/terranova/uav_ws/install/turtlebot3_msgs/lib/python3.8/site-packages/turtlebot3_msgs/msg/_sensor_state_s.c
[8.885s] -- Up-to-date: /home/terranova/uav_ws/install/turtlebot3_msgs/lib/python3.8/site-packages/turtlebot3_msgs/msg/_version_info.py
[8.885s] -- Up-to-date: /home/terranova/uav_ws/install/turtlebot3_msgs/lib/python3.8/site-packages/turtlebot3_msgs/msg/_sound.py
[8.886s] -- Up-to-date: /home/terranova/uav_ws/install/turtlebot3_msgs/lib/python3.8/site-packages/turtlebot3_msgs/msg/__init__.py
[8.887s] -- Up-to-date: /home/terranova/uav_ws/install/turtlebot3_msgs/lib/python3.8/site-packages/turtlebot3_msgs/msg/_sound_s.c
[8.888s] -- Up-to-date: /home/terranova/uav_ws/install/turtlebot3_msgs/lib/python3.8/site-packages/turtlebot3_msgs/msg/_sensor_state.py
[8.890s] -- Up-to-date: /home/terranova/uav_ws/install/turtlebot3_msgs/lib/python3.8/site-packages/turtlebot3_msgs/msg/_version_info_s.c
[8.890s] -- Up-to-date: /home/terranova/uav_ws/install/turtlebot3_msgs/lib/python3.8/site-packages/turtlebot3_msgs/srv
[8.891s] -- Up-to-date: /home/terranova/uav_ws/install/turtlebot3_msgs/lib/python3.8/site-packages/turtlebot3_msgs/srv/_dqn_s.c
[8.891s] -- Up-to-date: /home/terranova/uav_ws/install/turtlebot3_msgs/lib/python3.8/site-packages/turtlebot3_msgs/srv/_dqn.py
[8.894s] -- Up-to-date: /home/terranova/uav_ws/install/turtlebot3_msgs/lib/python3.8/site-packages/turtlebot3_msgs/srv/_sound.py
[8.894s] -- Up-to-date: /home/terranova/uav_ws/install/turtlebot3_msgs/lib/python3.8/site-packages/turtlebot3_msgs/srv/__init__.py
[8.896s] -- Up-to-date: /home/terranova/uav_ws/install/turtlebot3_msgs/lib/python3.8/site-packages/turtlebot3_msgs/srv/_sound_s.c
[8.898s] -- Up-to-date: /home/terranova/uav_ws/install/turtlebot3_msgs/lib/python3.8/site-packages/turtlebot3_msgs/action
[8.899s] -- Up-to-date: /home/terranova/uav_ws/install/turtlebot3_msgs/lib/python3.8/site-packages/turtlebot3_msgs/action/_patrol.py
[8.901s] -- Up-to-date: /home/terranova/uav_ws/install/turtlebot3_msgs/lib/python3.8/site-packages/turtlebot3_msgs/action/__init__.py
[8.903s] -- Up-to-date: /home/terranova/uav_ws/install/turtlebot3_msgs/lib/python3.8/site-packages/turtlebot3_msgs/action/_patrol_s.c
[8.903s] -- Up-to-date: /home/terranova/uav_ws/install/turtlebot3_msgs/lib/python3.8/site-packages/turtlebot3_msgs/turtlebot3_msgs_s__rosidl_typesupport_fastrtps_c.cpython-38-x86_64-linux-gnu.so
[8.911s] -- Up-to-date: /home/terranova/uav_ws/install/turtlebot3_msgs/lib/python3.8/site-packages/turtlebot3_msgs/turtlebot3_msgs_s__rosidl_typesupport_introspection_c.cpython-38-x86_64-linux-gnu.so
[8.929s] -- Up-to-date: /home/terranova/uav_ws/install/turtlebot3_msgs/lib/python3.8/site-packages/turtlebot3_msgs/turtlebot3_msgs_s__rosidl_typesupport_c.cpython-38-x86_64-linux-gnu.so
[8.931s] -- Up-to-date: /home/terranova/uav_ws/install/turtlebot3_msgs/lib/libturtlebot3_msgs__python.so
[8.933s] -- Up-to-date: /home/terranova/uav_ws/install/turtlebot3_msgs/share/turtlebot3_msgs/msg/SensorState.idl
[8.933s] -- Up-to-date: /home/terranova/uav_ws/install/turtlebot3_msgs/share/turtlebot3_msgs/msg/Sound.idl
[8.934s] -- Up-to-date: /home/terranova/uav_ws/install/turtlebot3_msgs/share/turtlebot3_msgs/msg/VersionInfo.idl
[8.934s] -- Up-to-date: /home/terranova/uav_ws/install/turtlebot3_msgs/share/turtlebot3_msgs/srv/Sound.idl
[8.935s] -- Up-to-date: /home/terranova/uav_ws/install/turtlebot3_msgs/share/turtlebot3_msgs/srv/Dqn.idl
[8.935s] -- Up-to-date: /home/terranova/uav_ws/install/turtlebot3_msgs/share/turtlebot3_msgs/action/Patrol.idl
[8.936s] -- Up-to-date: /home/terranova/uav_ws/install/turtlebot3_msgs/share/turtlebot3_msgs/msg/SensorState.msg
[8.937s] -- Up-to-date: /home/terranova/uav_ws/install/turtlebot3_msgs/share/turtlebot3_msgs/msg/Sound.msg
[8.937s] -- Up-to-date: /home/terranova/uav_ws/install/turtlebot3_msgs/share/turtlebot3_msgs/msg/VersionInfo.msg
[8.937s] -- Up-to-date: /home/terranova/uav_ws/install/turtlebot3_msgs/share/turtlebot3_msgs/srv/Sound.srv
[8.938s] -- Up-to-date: /home/terranova/uav_ws/install/turtlebot3_msgs/share/turtlebot3_msgs/srv/Sound_Request.msg
[8.938s] -- Up-to-date: /home/terranova/uav_ws/install/turtlebot3_msgs/share/turtlebot3_msgs/srv/Sound_Response.msg
[8.939s] -- Up-to-date: /home/terranova/uav_ws/install/turtlebot3_msgs/share/turtlebot3_msgs/srv/Dqn.srv
[8.939s] -- Up-to-date: /home/terranova/uav_ws/install/turtlebot3_msgs/share/turtlebot3_msgs/srv/Dqn_Request.msg
[8.939s] -- Up-to-date: /home/terranova/uav_ws/install/turtlebot3_msgs/share/turtlebot3_msgs/srv/Dqn_Response.msg
[8.940s] -- Up-to-date: /home/terranova/uav_ws/install/turtlebot3_msgs/share/turtlebot3_msgs/action/Patrol.action
[8.982s] -- Up-to-date: /home/terranova/uav_ws/install/turtlebot3_msgs/share/ament_index/resource_index/package_run_dependencies/turtlebot3_msgs
[8.985s] -- Up-to-date: /home/terranova/uav_ws/install/turtlebot3_msgs/share/ament_index/resource_index/parent_prefix_path/turtlebot3_msgs
[8.986s] -- Up-to-date: /home/terranova/uav_ws/install/turtlebot3_msgs/share/turtlebot3_msgs/environment/ament_prefix_path.sh
[8.986s] -- Up-to-date: /home/terranova/uav_ws/install/turtlebot3_msgs/share/turtlebot3_msgs/environment/ament_prefix_path.dsv
[8.988s] -- Up-to-date: /home/terranova/uav_ws/install/turtlebot3_msgs/share/turtlebot3_msgs/environment/path.sh
[8.991s] -- Up-to-date: /home/terranova/uav_ws/install/turtlebot3_msgs/share/turtlebot3_msgs/environment/path.dsv
[8.992s] -- Up-to-date: /home/terranova/uav_ws/install/turtlebot3_msgs/share/turtlebot3_msgs/local_setup.bash
[8.994s] -- Up-to-date: /home/terranova/uav_ws/install/turtlebot3_msgs/share/turtlebot3_msgs/local_setup.sh
[8.995s] -- Up-to-date: /home/terranova/uav_ws/install/turtlebot3_msgs/share/turtlebot3_msgs/local_setup.zsh
[8.997s] -- Up-to-date: /home/terranova/uav_ws/install/turtlebot3_msgs/share/turtlebot3_msgs/local_setup.dsv
[8.997s] -- Installing: /home/terranova/uav_ws/install/turtlebot3_msgs/share/turtlebot3_msgs/package.dsv
[9.002s] -- Up-to-date: /home/terranova/uav_ws/install/turtlebot3_msgs/share/ament_index/resource_index/packages/turtlebot3_msgs
[9.006s] -- Up-to-date: /home/terranova/uav_ws/install/turtlebot3_msgs/share/turtlebot3_msgs/cmake/turtlebot3_msgs__rosidl_generator_cExport.cmake
[9.083s] -- Up-to-date: /home/terranova/uav_ws/install/turtlebot3_msgs/share/turtlebot3_msgs/cmake/turtlebot3_msgs__rosidl_generator_cExport-noconfig.cmake
[9.088s] -- Up-to-date: /home/terranova/uav_ws/install/turtlebot3_msgs/share/turtlebot3_msgs/cmake/turtlebot3_msgs__rosidl_typesupport_introspection_cExport.cmake
[9.095s] -- Up-to-date: /home/terranova/uav_ws/install/turtlebot3_msgs/share/turtlebot3_msgs/cmake/turtlebot3_msgs__rosidl_typesupport_introspection_cExport-noconfig.cmake
[9.108s] -- Up-to-date: /home/terranova/uav_ws/install/turtlebot3_msgs/share/turtlebot3_msgs/cmake/turtlebot3_msgs__rosidl_typesupport_cExport.cmake
[9.128s] -- Up-to-date: /home/terranova/uav_ws/install/turtlebot3_msgs/share/turtlebot3_msgs/cmake/turtlebot3_msgs__rosidl_typesupport_cExport-noconfig.cmake
[9.129s] -- Up-to-date: /home/terranova/uav_ws/install/turtlebot3_msgs/share/turtlebot3_msgs/cmake/turtlebot3_msgs__rosidl_generator_cppExport.cmake
[9.143s] -- Up-to-date: /home/terranova/uav_ws/install/turtlebot3_msgs/share/turtlebot3_msgs/cmake/turtlebot3_msgs__rosidl_typesupport_introspection_cppExport.cmake
[9.151s] -- Up-to-date: /home/terranova/uav_ws/install/turtlebot3_msgs/share/turtlebot3_msgs/cmake/turtlebot3_msgs__rosidl_typesupport_introspection_cppExport-noconfig.cmake
[9.185s] -- Up-to-date: /home/terranova/uav_ws/install/turtlebot3_msgs/share/turtlebot3_msgs/cmake/turtlebot3_msgs__rosidl_typesupport_cppExport.cmake
[9.186s] -- Up-to-date: /home/terranova/uav_ws/install/turtlebot3_msgs/share/turtlebot3_msgs/cmake/turtlebot3_msgs__rosidl_typesupport_cppExport-noconfig.cmake
[9.186s] -- Up-to-date: /home/terranova/uav_ws/install/turtlebot3_msgs/share/turtlebot3_msgs/cmake/rosidl_cmake-extras.cmake
[9.187s] -- Up-to-date: /home/terranova/uav_ws/install/turtlebot3_msgs/share/turtlebot3_msgs/cmake/ament_cmake_export_dependencies-extras.cmake
[9.187s] -- Up-to-date: /home/terranova/uav_ws/install/turtlebot3_msgs/share/turtlebot3_msgs/cmake/ament_cmake_export_libraries-extras.cmake
[9.187s] -- Up-to-date: /home/terranova/uav_ws/install/turtlebot3_msgs/share/turtlebot3_msgs/cmake/ament_cmake_export_targets-extras.cmake
[9.205s] -- Up-to-date: /home/terranova/uav_ws/install/turtlebot3_msgs/share/turtlebot3_msgs/cmake/ament_cmake_export_include_directories-extras.cmake
[9.206s] -- Up-to-date: /home/terranova/uav_ws/install/turtlebot3_msgs/share/turtlebot3_msgs/cmake/rosidl_cmake_export_typesupport_libraries-extras.cmake
[9.207s] -- Up-to-date: /home/terranova/uav_ws/install/turtlebot3_msgs/share/turtlebot3_msgs/cmake/rosidl_cmake_export_typesupport_targets-extras.cmake
[9.233s] -- Up-to-date: /home/terranova/uav_ws/install/turtlebot3_msgs/share/turtlebot3_msgs/cmake/turtlebot3_msgsConfig.cmake
[9.234s] -- Up-to-date: /home/terranova/uav_ws/install/turtlebot3_msgs/share/turtlebot3_msgs/cmake/turtlebot3_msgsConfig-version.cmake
[9.235s] -- Up-to-date: /home/terranova/uav_ws/install/turtlebot3_msgs/share/turtlebot3_msgs/package.xml
[9.254s] Invoked command in '/home/terranova/uav_ws/build/turtlebot3_msgs' returned '0': CMAKE_PREFIX_PATH=/opt/ros/foxy /home/terranova/.local/bin/cmake --install /home/terranova/uav_ws/build/turtlebot3_msgs
