[16.162s] Invoking command in '/home/terranova/uav_ws/src/joint_state_publisher': PYTHONPATH=/home/terranova/uav_ws/build/joint_state_publisher/prefix_override:/home/terranova/uav_ws/install/joint_state_publisher/lib/python3.8/site-packages:${PYTHONPATH} /usr/bin/python3 -W ignore:setup.py install is deprecated setup.py egg_info --egg-base ../../build/joint_state_publisher build --build-base /home/terranova/uav_ws/build/joint_state_publisher/build install --record /home/terranova/uav_ws/build/joint_state_publisher/install.log --single-version-externally-managed install_data
[20.478s] running egg_info
[20.947s] writing ../../build/joint_state_publisher/joint_state_publisher.egg-info/PKG-INFO
[20.953s] writing dependency_links to ../../build/joint_state_publisher/joint_state_publisher.egg-info/dependency_links.txt
[20.960s] writing entry points to ../../build/joint_state_publisher/joint_state_publisher.egg-info/entry_points.txt
[20.962s] writing requirements to ../../build/joint_state_publisher/joint_state_publisher.egg-info/requires.txt
[20.962s] writing top-level names to ../../build/joint_state_publisher/joint_state_publisher.egg-info/top_level.txt
[23.877s] reading manifest file '../../build/joint_state_publisher/joint_state_publisher.egg-info/SOURCES.txt'
[24.139s] adding license file 'LICENSE'
[24.161s] writing manifest file '../../build/joint_state_publisher/joint_state_publisher.egg-info/SOURCES.txt'
[24.162s] running build
[24.162s] running build_py
[24.168s] copying joint_state_publisher/__init__.py -> /home/terranova/uav_ws/build/joint_state_publisher/build/lib/joint_state_publisher
[24.170s] copying joint_state_publisher/joint_state_publisher.py -> /home/terranova/uav_ws/build/joint_state_publisher/build/lib/joint_state_publisher
[24.177s] running install
[24.301s] running install_lib
[24.801s] running install_data
[24.803s] copying resource/joint_state_publisher -> /home/terranova/uav_ws/install/joint_state_publisher/share/ament_index/resource_index/packages
[24.805s] copying package.xml -> /home/terranova/uav_ws/install/joint_state_publisher/share/joint_state_publisher
[24.806s] running install_egg_info
[25.358s] removing '/home/terranova/uav_ws/install/joint_state_publisher/lib/python3.8/site-packages/joint_state_publisher-2.2.0-py3.8.egg-info' (and everything under it)
[25.360s] Copying ../../build/joint_state_publisher/joint_state_publisher.egg-info to /home/terranova/uav_ws/install/joint_state_publisher/lib/python3.8/site-packages/joint_state_publisher-2.2.0-py3.8.egg-info
[25.393s] running install_scripts
[26.098s] Installing joint_state_publisher script to /home/terranova/uav_ws/install/joint_state_publisher/lib/joint_state_publisher
[26.101s] writing list of installed files to '/home/terranova/uav_ws/build/joint_state_publisher/install.log'
[26.267s] Invoked command in '/home/terranova/uav_ws/src/joint_state_publisher' returned '0': PYTHONPATH=/home/terranova/uav_ws/build/joint_state_publisher/prefix_override:/home/terranova/uav_ws/install/joint_state_publisher/lib/python3.8/site-packages:${PYTHONPATH} /usr/bin/python3 -W ignore:setup.py install is deprecated setup.py egg_info --egg-base ../../build/joint_state_publisher build --build-base /home/terranova/uav_ws/build/joint_state_publisher/build install --record /home/terranova/uav_ws/build/joint_state_publisher/install.log --single-version-externally-managed install_data
