[  1%] Built target log_severity
[  6%] Built target time_zone
[  7%] Built target int128
[  7%] Built target exponential_biased
[  8%] Built target civil_time
[  9%] Built target leak_check
[ 10%] Built target flags_commandlineflag_internal
[ 11%] Built target log_internal_nullguard
[ 12%] Built target periodic_sampler
[ 12%] Built target random_seed_gen_exception
[ 13%] Built target random_internal_platform
[ 14%] Built target raw_logging_internal
[ 15%] Built target random_internal_randen_hwaes_impl
[ 16%] Built target random_internal_randen_slow
[ 16%] Built target bad_any_cast_impl
[ 17%] Built target throw_delegate
[ 18%] Built target scoped_set_env
[ 20%] Built target debugging_internal
[ 21%] Built target bad_variant_access
[ 22%] Built target bad_optional_access
[ 23%] Built target cordz_functions
[ 24%] Built target random_internal_randen_hwaes
[ 25%] Built target stacktrace
[ 26%] Built target random_internal_randen
[ 27%] Built target strerror
[ 28%] Built target spinlock_wait
[ 31%] Built target base
[ 31%] Built target malloc_internal
[ 32%] Built target string_view
[ 32%] Built target city
[ 33%] Built target low_level_hash
[ 34%] Built target crc_cpu_detect
[ 35%] Built target log_internal_conditions
[ 35%] Built target graphcycles_internal
[ 36%] Built target crc_internal
[ 37%] Built target demangle_internal
[ 39%] Built target strings_internal
[ 45%] Built target strings
[ 46%] Built target symbolize
[ 49%] Built target str_format_internal
[ 50%] Built target flags_commandlineflag
[ 51%] Built target log_internal_proto
[ 52%] Built target log_internal_fnmatch
[ 53%] Built target random_distributions
[ 54%] Built target random_internal_seed_material
[ 56%] Built target random_internal_distribution_test_util
[ 58%] Built target crc32c
[ 59%] Built target examine_stack
[ 59%] Built target flags_marshalling
[ 60%] Built target flags_private_handle_accessor
[ 60%] Built target random_internal_pool_urbg
[ 61%] Built target crc_cord_state
[ 62%] Built target failure_signal_handler
[ 63%] Built target random_seed_sequences
[ 66%] Built target cord_internal
[ 67%] Built target hash
[ 69%] Built target time
[ 70%] Built target kernel_timeout_internal
[ 71%] Built target log_entry
[ 76%] Built target synchronization
[ 77%] Built target log_sink
[ 78%] Built target flags_program_name
[ 79%] Built target cordz_handle
[ 80%] Built target vlog_config_internal
[ 81%] Built target flags_config
[ 81%] Built target cordz_info
[ 82%] Built target log_globals
[ 84%] Built target cord
[ 85%] Built target flags_internal
[ 86%] Built target cordz_sample_token
[ 87%] Built target status
[ 88%] Built target hashtablez_sampler
[ 89%] Built target statusor
[ 90%] Built target raw_hash_set
[ 91%] Built target log_internal_globals
[ 92%] Built target flags_reflection
[ 92%] Built target log_initialize
[ 93%] Built target flags_usage_internal
[ 94%] Built target log_flags
[ 95%] Built target flags_usage
[ 95%] Built target log_internal_log_sink_set
[ 96%] Built target flags_parse
[ 97%] Built target log_internal_format
[ 98%] Built target log_internal_message
[ 99%] Built target log_internal_check_op
[100%] Built target die_if_null
-- Install configuration: ""
-- Up-to-date: /home/terranova/uav_ws/install/absl/lib/cmake/absl/abslTargets.cmake
-- Up-to-date: /home/terranova/uav_ws/install/absl/lib/cmake/absl/abslTargets-noconfig.cmake
-- Up-to-date: /home/terranova/uav_ws/install/absl/lib/cmake/absl/abslConfig.cmake
-- Up-to-date: /home/terranova/uav_ws/install/absl/include/absl
-- Up-to-date: /home/terranova/uav_ws/install/absl/include/absl/hash
-- Up-to-date: /home/terranova/uav_ws/install/absl/include/absl/hash/hash_testing.h
-- Up-to-date: /home/terranova/uav_ws/install/absl/include/absl/hash/internal
-- Up-to-date: /home/terranova/uav_ws/install/absl/include/absl/hash/internal/hash_test.h
-- Up-to-date: /home/terranova/uav_ws/install/absl/include/absl/hash/internal/hash.h
-- Up-to-date: /home/terranova/uav_ws/install/absl/include/absl/hash/internal/city.h
-- Up-to-date: /home/terranova/uav_ws/install/absl/include/absl/hash/internal/spy_hash_state.h
-- Up-to-date: /home/terranova/uav_ws/install/absl/include/absl/hash/internal/low_level_hash.h
-- Up-to-date: /home/terranova/uav_ws/install/absl/include/absl/hash/hash.h
-- Up-to-date: /home/terranova/uav_ws/install/absl/include/absl/strings
-- Up-to-date: /home/terranova/uav_ws/install/absl/include/absl/strings/numbers.h
-- Up-to-date: /home/terranova/uav_ws/install/absl/include/absl/strings/cord.h
-- Up-to-date: /home/terranova/uav_ws/install/absl/include/absl/strings/str_split.h
-- Up-to-date: /home/terranova/uav_ws/install/absl/include/absl/strings/escaping.h
-- Up-to-date: /home/terranova/uav_ws/install/absl/include/absl/strings/internal
-- Up-to-date: /home/terranova/uav_ws/install/absl/include/absl/strings/internal/escaping_test_common.h
-- Up-to-date: /home/terranova/uav_ws/install/absl/include/absl/strings/internal/cord_internal.h
-- Up-to-date: /home/terranova/uav_ws/install/absl/include/absl/strings/internal/cord_rep_btree_reader.h
-- Up-to-date: /home/terranova/uav_ws/install/absl/include/absl/strings/internal/damerau_levenshtein_distance.h
-- Up-to-date: /home/terranova/uav_ws/install/absl/include/absl/strings/internal/charconv_bigint.h
-- Up-to-date: /home/terranova/uav_ws/install/absl/include/absl/strings/internal/numbers_test_common.h
-- Up-to-date: /home/terranova/uav_ws/install/absl/include/absl/strings/internal/cord_rep_btree_navigator.h
-- Up-to-date: /home/terranova/uav_ws/install/absl/include/absl/strings/internal/escaping.h
-- Up-to-date: /home/terranova/uav_ws/install/absl/include/absl/strings/internal/string_constant.h
-- Up-to-date: /home/terranova/uav_ws/install/absl/include/absl/strings/internal/cord_rep_consume.h
-- Up-to-date: /home/terranova/uav_ws/install/absl/include/absl/strings/internal/stl_type_traits.h
-- Up-to-date: /home/terranova/uav_ws/install/absl/include/absl/strings/internal/resize_uninitialized.h
-- Up-to-date: /home/terranova/uav_ws/install/absl/include/absl/strings/internal/stringify_sink.h
-- Up-to-date: /home/terranova/uav_ws/install/absl/include/absl/strings/internal/cord_rep_crc.h
-- Up-to-date: /home/terranova/uav_ws/install/absl/include/absl/strings/internal/utf8.h
-- Up-to-date: /home/terranova/uav_ws/install/absl/include/absl/strings/internal/ostringstream.h
-- Up-to-date: /home/terranova/uav_ws/install/absl/include/absl/strings/internal/str_split_internal.h
-- Up-to-date: /home/terranova/uav_ws/install/absl/include/absl/strings/internal/charconv_parse.h
-- Up-to-date: /home/terranova/uav_ws/install/absl/include/absl/strings/internal/cord_rep_flat.h
-- Up-to-date: /home/terranova/uav_ws/install/absl/include/absl/strings/internal/cord_rep_test_util.h
-- Up-to-date: /home/terranova/uav_ws/install/absl/include/absl/strings/internal/cordz_update_tracker.h
-- Up-to-date: /home/terranova/uav_ws/install/absl/include/absl/strings/internal/memutil.h
-- Up-to-date: /home/terranova/uav_ws/install/absl/include/absl/strings/internal/cord_data_edge.h
-- Up-to-date: /home/terranova/uav_ws/install/absl/include/absl/strings/internal/str_join_internal.h
-- Up-to-date: /home/terranova/uav_ws/install/absl/include/absl/strings/internal/has_absl_stringify.h
-- Up-to-date: /home/terranova/uav_ws/install/absl/include/absl/strings/internal/cordz_sample_token.h
-- Up-to-date: /home/terranova/uav_ws/install/absl/include/absl/strings/internal/cordz_statistics.h
-- Up-to-date: /home/terranova/uav_ws/install/absl/include/absl/strings/internal/str_format
-- Up-to-date: /home/terranova/uav_ws/install/absl/include/absl/strings/internal/str_format/parser.h
-- Up-to-date: /home/terranova/uav_ws/install/absl/include/absl/strings/internal/str_format/output.h
-- Up-to-date: /home/terranova/uav_ws/install/absl/include/absl/strings/internal/str_format/constexpr_parser.h
-- Up-to-date: /home/terranova/uav_ws/install/absl/include/absl/strings/internal/str_format/extension.h
-- Up-to-date: /home/terranova/uav_ws/install/absl/include/absl/strings/internal/str_format/float_conversion.h
-- Up-to-date: /home/terranova/uav_ws/install/absl/include/absl/strings/internal/str_format/checker.h
-- Up-to-date: /home/terranova/uav_ws/install/absl/include/absl/strings/internal/str_format/bind.h
-- Up-to-date: /home/terranova/uav_ws/install/absl/include/absl/strings/internal/str_format/arg.h
-- Up-to-date: /home/terranova/uav_ws/install/absl/include/absl/strings/internal/cord_rep_btree.h
-- Up-to-date: /home/terranova/uav_ws/install/absl/include/absl/strings/internal/cordz_handle.h
-- Up-to-date: /home/terranova/uav_ws/install/absl/include/absl/strings/internal/cordz_functions.h
-- Up-to-date: /home/terranova/uav_ws/install/absl/include/absl/strings/internal/cordz_info.h
-- Up-to-date: /home/terranova/uav_ws/install/absl/include/absl/strings/internal/cordz_update_scope.h
-- Up-to-date: /home/terranova/uav_ws/install/absl/include/absl/strings/internal/pow10_helper.h
-- Up-to-date: /home/terranova/uav_ws/install/absl/include/absl/strings/str_replace.h
-- Up-to-date: /home/terranova/uav_ws/install/absl/include/absl/strings/str_join.h
-- Up-to-date: /home/terranova/uav_ws/install/absl/include/absl/strings/str_cat.h
-- Up-to-date: /home/terranova/uav_ws/install/absl/include/absl/strings/cord_analysis.h
-- Up-to-date: /home/terranova/uav_ws/install/absl/include/absl/strings/cord_test_helpers.h
-- Up-to-date: /home/terranova/uav_ws/install/absl/include/absl/strings/charset.h
-- Up-to-date: /home/terranova/uav_ws/install/absl/include/absl/strings/cord_buffer.h
-- Up-to-date: /home/terranova/uav_ws/install/absl/include/absl/strings/string_view.h
-- Up-to-date: /home/terranova/uav_ws/install/absl/include/absl/strings/str_format.h
-- Up-to-date: /home/terranova/uav_ws/install/absl/include/absl/strings/match.h
-- Up-to-date: /home/terranova/uav_ws/install/absl/include/absl/strings/strip.h
-- Up-to-date: /home/terranova/uav_ws/install/absl/include/absl/strings/cordz_test_helpers.h
-- Up-to-date: /home/terranova/uav_ws/install/absl/include/absl/strings/has_ostream_operator.h
-- Up-to-date: /home/terranova/uav_ws/install/absl/include/absl/strings/substitute.h
-- Up-to-date: /home/terranova/uav_ws/install/absl/include/absl/strings/has_absl_stringify.h
-- Up-to-date: /home/terranova/uav_ws/install/absl/include/absl/strings/ascii.h
-- Up-to-date: /home/terranova/uav_ws/install/absl/include/absl/strings/charconv.h
-- Up-to-date: /home/terranova/uav_ws/install/absl/include/absl/types
-- Up-to-date: /home/terranova/uav_ws/install/absl/include/absl/types/compare.h
-- Up-to-date: /home/terranova/uav_ws/install/absl/include/absl/types/bad_any_cast.h
-- Up-to-date: /home/terranova/uav_ws/install/absl/include/absl/types/span.h
-- Up-to-date: /home/terranova/uav_ws/install/absl/include/absl/types/internal
-- Up-to-date: /home/terranova/uav_ws/install/absl/include/absl/types/internal/span.h
-- Up-to-date: /home/terranova/uav_ws/install/absl/include/absl/types/internal/optional.h
-- Up-to-date: /home/terranova/uav_ws/install/absl/include/absl/types/internal/variant.h
-- Up-to-date: /home/terranova/uav_ws/install/absl/include/absl/types/bad_variant_access.h
-- Up-to-date: /home/terranova/uav_ws/install/absl/include/absl/types/optional.h
-- Up-to-date: /home/terranova/uav_ws/install/absl/include/absl/types/variant.h
-- Up-to-date: /home/terranova/uav_ws/install/absl/include/absl/types/any.h
-- Up-to-date: /home/terranova/uav_ws/install/absl/include/absl/types/bad_optional_access.h
-- Up-to-date: /home/terranova/uav_ws/install/absl/include/absl/numeric
-- Up-to-date: /home/terranova/uav_ws/install/absl/include/absl/numeric/int128_have_intrinsic.inc
-- Up-to-date: /home/terranova/uav_ws/install/absl/include/absl/numeric/internal
-- Up-to-date: /home/terranova/uav_ws/install/absl/include/absl/numeric/internal/representation.h
-- Up-to-date: /home/terranova/uav_ws/install/absl/include/absl/numeric/internal/bits.h
-- Up-to-date: /home/terranova/uav_ws/install/absl/include/absl/numeric/int128_no_intrinsic.inc
-- Up-to-date: /home/terranova/uav_ws/install/absl/include/absl/numeric/bits.h
-- Up-to-date: /home/terranova/uav_ws/install/absl/include/absl/numeric/int128.h
-- Up-to-date: /home/terranova/uav_ws/install/absl/include/absl/profiling
-- Up-to-date: /home/terranova/uav_ws/install/absl/include/absl/profiling/internal
-- Up-to-date: /home/terranova/uav_ws/install/absl/include/absl/profiling/internal/periodic_sampler.h
-- Up-to-date: /home/terranova/uav_ws/install/absl/include/absl/profiling/internal/sample_recorder.h
-- Up-to-date: /home/terranova/uav_ws/install/absl/include/absl/profiling/internal/exponential_biased.h
-- Up-to-date: /home/terranova/uav_ws/install/absl/include/absl/random
-- Up-to-date: /home/terranova/uav_ws/install/absl/include/absl/random/beta_distribution.h
-- Up-to-date: /home/terranova/uav_ws/install/absl/include/absl/random/mocking_bit_gen.h
-- Up-to-date: /home/terranova/uav_ws/install/absl/include/absl/random/distributions.h
-- Up-to-date: /home/terranova/uav_ws/install/absl/include/absl/random/random.h
-- Up-to-date: /home/terranova/uav_ws/install/absl/include/absl/random/bernoulli_distribution.h
-- Up-to-date: /home/terranova/uav_ws/install/absl/include/absl/random/mock_distributions.h
-- Up-to-date: /home/terranova/uav_ws/install/absl/include/absl/random/uniform_real_distribution.h
-- Up-to-date: /home/terranova/uav_ws/install/absl/include/absl/random/seed_gen_exception.h
-- Up-to-date: /home/terranova/uav_ws/install/absl/include/absl/random/internal
-- Up-to-date: /home/terranova/uav_ws/install/absl/include/absl/random/internal/iostream_state_saver.h
-- Up-to-date: /home/terranova/uav_ws/install/absl/include/absl/random/internal/fast_uniform_bits.h
-- Up-to-date: /home/terranova/uav_ws/install/absl/include/absl/random/internal/pool_urbg.h
-- Up-to-date: /home/terranova/uav_ws/install/absl/include/absl/random/internal/randen_engine.h
-- Up-to-date: /home/terranova/uav_ws/install/absl/include/absl/random/internal/randen.h
-- Up-to-date: /home/terranova/uav_ws/install/absl/include/absl/random/internal/distribution_caller.h
-- Up-to-date: /home/terranova/uav_ws/install/absl/include/absl/random/internal/nonsecure_base.h
-- Up-to-date: /home/terranova/uav_ws/install/absl/include/absl/random/internal/mock_overload_set.h
-- Up-to-date: /home/terranova/uav_ws/install/absl/include/absl/random/internal/mock_helpers.h
-- Up-to-date: /home/terranova/uav_ws/install/absl/include/absl/random/internal/randen_detect.h
-- Up-to-date: /home/terranova/uav_ws/install/absl/include/absl/random/internal/randen_traits.h
-- Up-to-date: /home/terranova/uav_ws/install/absl/include/absl/random/internal/salted_seed_seq.h
-- Up-to-date: /home/terranova/uav_ws/install/absl/include/absl/random/internal/pcg_engine.h
-- Up-to-date: /home/terranova/uav_ws/install/absl/include/absl/random/internal/platform.h
-- Up-to-date: /home/terranova/uav_ws/install/absl/include/absl/random/internal/randen_slow.h
-- Up-to-date: /home/terranova/uav_ws/install/absl/include/absl/random/internal/traits.h
-- Up-to-date: /home/terranova/uav_ws/install/absl/include/absl/random/internal/fastmath.h
-- Up-to-date: /home/terranova/uav_ws/install/absl/include/absl/random/internal/randen_hwaes.h
-- Up-to-date: /home/terranova/uav_ws/install/absl/include/absl/random/internal/wide_multiply.h
-- Up-to-date: /home/terranova/uav_ws/install/absl/include/absl/random/internal/seed_material.h
-- Up-to-date: /home/terranova/uav_ws/install/absl/include/absl/random/internal/chi_square.h
-- Up-to-date: /home/terranova/uav_ws/install/absl/include/absl/random/internal/uniform_helper.h
-- Up-to-date: /home/terranova/uav_ws/install/absl/include/absl/random/internal/explicit_seed_seq.h
-- Up-to-date: /home/terranova/uav_ws/install/absl/include/absl/random/internal/generate_real.h
-- Up-to-date: /home/terranova/uav_ws/install/absl/include/absl/random/internal/nanobenchmark.h
-- Up-to-date: /home/terranova/uav_ws/install/absl/include/absl/random/internal/distribution_test_util.h
-- Up-to-date: /home/terranova/uav_ws/install/absl/include/absl/random/internal/sequence_urbg.h
-- Up-to-date: /home/terranova/uav_ws/install/absl/include/absl/random/exponential_distribution.h
-- Up-to-date: /home/terranova/uav_ws/install/absl/include/absl/random/bit_gen_ref.h
-- Up-to-date: /home/terranova/uav_ws/install/absl/include/absl/random/gaussian_distribution.h
-- Up-to-date: /home/terranova/uav_ws/install/absl/include/absl/random/uniform_int_distribution.h
-- Up-to-date: /home/terranova/uav_ws/install/absl/include/absl/random/poisson_distribution.h
-- Up-to-date: /home/terranova/uav_ws/install/absl/include/absl/random/seed_sequences.h
-- Up-to-date: /home/terranova/uav_ws/install/absl/include/absl/random/discrete_distribution.h
-- Up-to-date: /home/terranova/uav_ws/install/absl/include/absl/random/log_uniform_int_distribution.h
-- Up-to-date: /home/terranova/uav_ws/install/absl/include/absl/random/zipf_distribution.h
-- Up-to-date: /home/terranova/uav_ws/install/absl/include/absl/time
-- Up-to-date: /home/terranova/uav_ws/install/absl/include/absl/time/clock.h
-- Up-to-date: /home/terranova/uav_ws/install/absl/include/absl/time/internal
-- Up-to-date: /home/terranova/uav_ws/install/absl/include/absl/time/internal/get_current_time_posix.inc
-- Up-to-date: /home/terranova/uav_ws/install/absl/include/absl/time/internal/cctz
-- Up-to-date: /home/terranova/uav_ws/install/absl/include/absl/time/internal/cctz/src
-- Up-to-date: /home/terranova/uav_ws/install/absl/include/absl/time/internal/cctz/src/time_zone_if.h
-- Up-to-date: /home/terranova/uav_ws/install/absl/include/absl/time/internal/cctz/src/time_zone_libc.h
-- Up-to-date: /home/terranova/uav_ws/install/absl/include/absl/time/internal/cctz/src/tzfile.h
-- Up-to-date: /home/terranova/uav_ws/install/absl/include/absl/time/internal/cctz/src/time_zone_posix.h
-- Up-to-date: /home/terranova/uav_ws/install/absl/include/absl/time/internal/cctz/src/time_zone_info.h
-- Up-to-date: /home/terranova/uav_ws/install/absl/include/absl/time/internal/cctz/src/time_zone_fixed.h
-- Up-to-date: /home/terranova/uav_ws/install/absl/include/absl/time/internal/cctz/src/time_zone_impl.h
-- Up-to-date: /home/terranova/uav_ws/install/absl/include/absl/time/internal/cctz/include
-- Up-to-date: /home/terranova/uav_ws/install/absl/include/absl/time/internal/cctz/include/cctz
-- Up-to-date: /home/terranova/uav_ws/install/absl/include/absl/time/internal/cctz/include/cctz/zone_info_source.h
-- Up-to-date: /home/terranova/uav_ws/install/absl/include/absl/time/internal/cctz/include/cctz/time_zone.h
-- Up-to-date: /home/terranova/uav_ws/install/absl/include/absl/time/internal/cctz/include/cctz/civil_time_detail.h
-- Up-to-date: /home/terranova/uav_ws/install/absl/include/absl/time/internal/cctz/include/cctz/civil_time.h
-- Up-to-date: /home/terranova/uav_ws/install/absl/include/absl/time/internal/get_current_time_chrono.inc
-- Up-to-date: /home/terranova/uav_ws/install/absl/include/absl/time/internal/test_util.h
-- Up-to-date: /home/terranova/uav_ws/install/absl/include/absl/time/time.h
-- Up-to-date: /home/terranova/uav_ws/install/absl/include/absl/time/civil_time.h
-- Up-to-date: /home/terranova/uav_ws/install/absl/include/absl/log
-- Up-to-date: /home/terranova/uav_ws/install/absl/include/absl/log/check.h
-- Up-to-date: /home/terranova/uav_ws/install/absl/include/absl/log/log_basic_test_impl.inc
-- Up-to-date: /home/terranova/uav_ws/install/absl/include/absl/log/structured.h
-- Up-to-date: /home/terranova/uav_ws/install/absl/include/absl/log/log_streamer.h
-- Up-to-date: /home/terranova/uav_ws/install/absl/include/absl/log/absl_vlog_is_on.h
-- Up-to-date: /home/terranova/uav_ws/install/absl/include/absl/log/scoped_mock_log.h
-- Up-to-date: /home/terranova/uav_ws/install/absl/include/absl/log/log_entry.h
-- Up-to-date: /home/terranova/uav_ws/install/absl/include/absl/log/internal
-- Up-to-date: /home/terranova/uav_ws/install/absl/include/absl/log/internal/structured.h
-- Up-to-date: /home/terranova/uav_ws/install/absl/include/absl/log/internal/test_helpers.h
-- Up-to-date: /home/terranova/uav_ws/install/absl/include/absl/log/internal/vlog_config.h
-- Up-to-date: /home/terranova/uav_ws/install/absl/include/absl/log/internal/log_sink_set.h
-- Up-to-date: /home/terranova/uav_ws/install/absl/include/absl/log/internal/log_message.h
-- Up-to-date: /home/terranova/uav_ws/install/absl/include/absl/log/internal/globals.h
-- Up-to-date: /home/terranova/uav_ws/install/absl/include/absl/log/internal/nullguard.h
-- Up-to-date: /home/terranova/uav_ws/install/absl/include/absl/log/internal/voidify.h
-- Up-to-date: /home/terranova/uav_ws/install/absl/include/absl/log/internal/log_format.h
-- Up-to-date: /home/terranova/uav_ws/install/absl/include/absl/log/internal/proto.h
-- Up-to-date: /home/terranova/uav_ws/install/absl/include/absl/log/internal/test_actions.h
-- Up-to-date: /home/terranova/uav_ws/install/absl/include/absl/log/internal/flags.h
-- Up-to-date: /home/terranova/uav_ws/install/absl/include/absl/log/internal/nullstream.h
-- Up-to-date: /home/terranova/uav_ws/install/absl/include/absl/log/internal/strip.h
-- Up-to-date: /home/terranova/uav_ws/install/absl/include/absl/log/internal/fnmatch.h
-- Up-to-date: /home/terranova/uav_ws/install/absl/include/absl/log/internal/check_op.h
-- Up-to-date: /home/terranova/uav_ws/install/absl/include/absl/log/internal/config.h
-- Up-to-date: /home/terranova/uav_ws/install/absl/include/absl/log/internal/append_truncated.h
-- Up-to-date: /home/terranova/uav_ws/install/absl/include/absl/log/internal/test_matchers.h
-- Up-to-date: /home/terranova/uav_ws/install/absl/include/absl/log/internal/conditions.h
-- Up-to-date: /home/terranova/uav_ws/install/absl/include/absl/log/internal/check_impl.h
-- Up-to-date: /home/terranova/uav_ws/install/absl/include/absl/log/internal/log_impl.h
-- Up-to-date: /home/terranova/uav_ws/install/absl/include/absl/log/die_if_null.h
-- Up-to-date: /home/terranova/uav_ws/install/absl/include/absl/log/globals.h
-- Up-to-date: /home/terranova/uav_ws/install/absl/include/absl/log/log.h
-- Up-to-date: /home/terranova/uav_ws/install/absl/include/absl/log/vlog_is_on.h
-- Up-to-date: /home/terranova/uav_ws/install/absl/include/absl/log/absl_check.h
-- Up-to-date: /home/terranova/uav_ws/install/absl/include/absl/log/log_sink.h
-- Up-to-date: /home/terranova/uav_ws/install/absl/include/absl/log/log_sink_registry.h
-- Up-to-date: /home/terranova/uav_ws/install/absl/include/absl/log/absl_log.h
-- Up-to-date: /home/terranova/uav_ws/install/absl/include/absl/log/flags.h
-- Up-to-date: /home/terranova/uav_ws/install/absl/include/absl/log/initialize.h
-- Up-to-date: /home/terranova/uav_ws/install/absl/include/absl/log/check_test_impl.inc
-- Up-to-date: /home/terranova/uav_ws/install/absl/include/absl/base
-- Up-to-date: /home/terranova/uav_ws/install/absl/include/absl/base/log_severity.h
-- Up-to-date: /home/terranova/uav_ws/install/absl/include/absl/base/const_init.h
-- Up-to-date: /home/terranova/uav_ws/install/absl/include/absl/base/internal
-- Up-to-date: /home/terranova/uav_ws/install/absl/include/absl/base/internal/low_level_scheduling.h
-- Up-to-date: /home/terranova/uav_ws/install/absl/include/absl/base/internal/exception_testing.h
-- Up-to-date: /home/terranova/uav_ws/install/absl/include/absl/base/internal/low_level_alloc.h
-- Up-to-date: /home/terranova/uav_ws/install/absl/include/absl/base/internal/raw_logging.h
-- Up-to-date: /home/terranova/uav_ws/install/absl/include/absl/base/internal/sysinfo.h
-- Up-to-date: /home/terranova/uav_ws/install/absl/include/absl/base/internal/nullability_impl.h
-- Up-to-date: /home/terranova/uav_ws/install/absl/include/absl/base/internal/scheduling_mode.h
-- Up-to-date: /home/terranova/uav_ws/install/absl/include/absl/base/internal/fast_type_id.h
-- Up-to-date: /home/terranova/uav_ws/install/absl/include/absl/base/internal/unaligned_access.h
-- Up-to-date: /home/terranova/uav_ws/install/absl/include/absl/base/internal/inline_variable_testing.h
-- Up-to-date: /home/terranova/uav_ws/install/absl/include/absl/base/internal/identity.h
-- Up-to-date: /home/terranova/uav_ws/install/absl/include/absl/base/internal/direct_mmap.h
-- Up-to-date: /home/terranova/uav_ws/install/absl/include/absl/base/internal/errno_saver.h
-- Up-to-date: /home/terranova/uav_ws/install/absl/include/absl/base/internal/endian.h
-- Up-to-date: /home/terranova/uav_ws/install/absl/include/absl/base/internal/throw_delegate.h
-- Up-to-date: /home/terranova/uav_ws/install/absl/include/absl/base/internal/spinlock_akaros.inc
-- Up-to-date: /home/terranova/uav_ws/install/absl/include/absl/base/internal/atomic_hook_test_helper.h
-- Up-to-date: /home/terranova/uav_ws/install/absl/include/absl/base/internal/spinlock.h
-- Up-to-date: /home/terranova/uav_ws/install/absl/include/absl/base/internal/scoped_set_env.h
-- Up-to-date: /home/terranova/uav_ws/install/absl/include/absl/base/internal/spinlock_linux.inc
-- Up-to-date: /home/terranova/uav_ws/install/absl/include/absl/base/internal/pretty_function.h
-- Up-to-date: /home/terranova/uav_ws/install/absl/include/absl/base/internal/spinlock_wait.h
-- Up-to-date: /home/terranova/uav_ws/install/absl/include/absl/base/internal/thread_identity.h
-- Up-to-date: /home/terranova/uav_ws/install/absl/include/absl/base/internal/spinlock_posix.inc
-- Up-to-date: /home/terranova/uav_ws/install/absl/include/absl/base/internal/atomic_hook.h
-- Up-to-date: /home/terranova/uav_ws/install/absl/include/absl/base/internal/inline_variable.h
-- Up-to-date: /home/terranova/uav_ws/install/absl/include/absl/base/internal/exception_safety_testing.h
-- Up-to-date: /home/terranova/uav_ws/install/absl/include/absl/base/internal/invoke.h
-- Up-to-date: /home/terranova/uav_ws/install/absl/include/absl/base/internal/unscaledcycleclock.h
-- Up-to-date: /home/terranova/uav_ws/install/absl/include/absl/base/internal/hide_ptr.h
-- Up-to-date: /home/terranova/uav_ws/install/absl/include/absl/base/internal/unscaledcycleclock_config.h
-- Up-to-date: /home/terranova/uav_ws/install/absl/include/absl/base/internal/dynamic_annotations.h
-- Up-to-date: /home/terranova/uav_ws/install/absl/include/absl/base/internal/cycleclock_config.h
-- Up-to-date: /home/terranova/uav_ws/install/absl/include/absl/base/internal/tsan_mutex_interface.h
-- Up-to-date: /home/terranova/uav_ws/install/absl/include/absl/base/internal/strerror.h
-- Up-to-date: /home/terranova/uav_ws/install/absl/include/absl/base/internal/spinlock_win32.inc
-- Up-to-date: /home/terranova/uav_ws/install/absl/include/absl/base/internal/cycleclock.h
-- Up-to-date: /home/terranova/uav_ws/install/absl/include/absl/base/internal/per_thread_tls.h
-- Up-to-date: /home/terranova/uav_ws/install/absl/include/absl/base/thread_annotations.h
-- Up-to-date: /home/terranova/uav_ws/install/absl/include/absl/base/port.h
-- Up-to-date: /home/terranova/uav_ws/install/absl/include/absl/base/no_destructor.h
-- Up-to-date: /home/terranova/uav_ws/install/absl/include/absl/base/casts.h
-- Up-to-date: /home/terranova/uav_ws/install/absl/include/absl/base/policy_checks.h
-- Up-to-date: /home/terranova/uav_ws/install/absl/include/absl/base/optimization.h
-- Up-to-date: /home/terranova/uav_ws/install/absl/include/absl/base/prefetch.h
-- Up-to-date: /home/terranova/uav_ws/install/absl/include/absl/base/call_once.h
-- Up-to-date: /home/terranova/uav_ws/install/absl/include/absl/base/nullability.h
-- Up-to-date: /home/terranova/uav_ws/install/absl/include/absl/base/config.h
-- Up-to-date: /home/terranova/uav_ws/install/absl/include/absl/base/macros.h
-- Up-to-date: /home/terranova/uav_ws/install/absl/include/absl/base/attributes.h
-- Up-to-date: /home/terranova/uav_ws/install/absl/include/absl/base/dynamic_annotations.h
-- Installing: /home/terranova/uav_ws/install/absl/include/absl/base/options.h
-- Up-to-date: /home/terranova/uav_ws/install/absl/include/absl/flags
-- Up-to-date: /home/terranova/uav_ws/install/absl/include/absl/flags/parse.h
-- Up-to-date: /home/terranova/uav_ws/install/absl/include/absl/flags/internal
-- Up-to-date: /home/terranova/uav_ws/install/absl/include/absl/flags/internal/parse.h
-- Up-to-date: /home/terranova/uav_ws/install/absl/include/absl/flags/internal/sequence_lock.h
-- Up-to-date: /home/terranova/uav_ws/install/absl/include/absl/flags/internal/usage.h
-- Up-to-date: /home/terranova/uav_ws/install/absl/include/absl/flags/internal/commandlineflag.h
-- Up-to-date: /home/terranova/uav_ws/install/absl/include/absl/flags/internal/registry.h
-- Up-to-date: /home/terranova/uav_ws/install/absl/include/absl/flags/internal/flag.h
-- Up-to-date: /home/terranova/uav_ws/install/absl/include/absl/flags/internal/path_util.h
-- Up-to-date: /home/terranova/uav_ws/install/absl/include/absl/flags/internal/private_handle_accessor.h
-- Up-to-date: /home/terranova/uav_ws/install/absl/include/absl/flags/internal/program_name.h
-- Up-to-date: /home/terranova/uav_ws/install/absl/include/absl/flags/usage.h
-- Up-to-date: /home/terranova/uav_ws/install/absl/include/absl/flags/commandlineflag.h
-- Up-to-date: /home/terranova/uav_ws/install/absl/include/absl/flags/reflection.h
-- Up-to-date: /home/terranova/uav_ws/install/absl/include/absl/flags/marshalling.h
-- Up-to-date: /home/terranova/uav_ws/install/absl/include/absl/flags/flag.h
-- Up-to-date: /home/terranova/uav_ws/install/absl/include/absl/flags/declare.h
-- Up-to-date: /home/terranova/uav_ws/install/absl/include/absl/flags/config.h
-- Up-to-date: /home/terranova/uav_ws/install/absl/include/absl/flags/usage_config.h
-- Up-to-date: /home/terranova/uav_ws/install/absl/include/absl/meta
-- Up-to-date: /home/terranova/uav_ws/install/absl/include/absl/meta/type_traits.h
-- Up-to-date: /home/terranova/uav_ws/install/absl/include/absl/algorithm
-- Up-to-date: /home/terranova/uav_ws/install/absl/include/absl/algorithm/algorithm.h
-- Up-to-date: /home/terranova/uav_ws/install/absl/include/absl/algorithm/container.h
-- Up-to-date: /home/terranova/uav_ws/install/absl/include/absl/memory
-- Up-to-date: /home/terranova/uav_ws/install/absl/include/absl/memory/memory.h
-- Up-to-date: /home/terranova/uav_ws/install/absl/include/absl/debugging
-- Up-to-date: /home/terranova/uav_ws/install/absl/include/absl/debugging/symbolize_darwin.inc
-- Up-to-date: /home/terranova/uav_ws/install/absl/include/absl/debugging/symbolize_win32.inc
-- Up-to-date: /home/terranova/uav_ws/install/absl/include/absl/debugging/symbolize_elf.inc
-- Up-to-date: /home/terranova/uav_ws/install/absl/include/absl/debugging/internal
-- Up-to-date: /home/terranova/uav_ws/install/absl/include/absl/debugging/internal/symbolize.h
-- Up-to-date: /home/terranova/uav_ws/install/absl/include/absl/debugging/internal/stack_consumption.h
-- Up-to-date: /home/terranova/uav_ws/install/absl/include/absl/debugging/internal/stacktrace_powerpc-inl.inc
-- Up-to-date: /home/terranova/uav_ws/install/absl/include/absl/debugging/internal/elf_mem_image.h
-- Up-to-date: /home/terranova/uav_ws/install/absl/include/absl/debugging/internal/stacktrace_arm-inl.inc
-- Up-to-date: /home/terranova/uav_ws/install/absl/include/absl/debugging/internal/address_is_readable.h
-- Up-to-date: /home/terranova/uav_ws/install/absl/include/absl/debugging/internal/demangle.h
-- Up-to-date: /home/terranova/uav_ws/install/absl/include/absl/debugging/internal/stacktrace_aarch64-inl.inc
-- Up-to-date: /home/terranova/uav_ws/install/absl/include/absl/debugging/internal/stacktrace_win32-inl.inc
-- Up-to-date: /home/terranova/uav_ws/install/absl/include/absl/debugging/internal/stacktrace_riscv-inl.inc
-- Up-to-date: /home/terranova/uav_ws/install/absl/include/absl/debugging/internal/stacktrace_config.h
-- Up-to-date: /home/terranova/uav_ws/install/absl/include/absl/debugging/internal/stacktrace_generic-inl.inc
-- Up-to-date: /home/terranova/uav_ws/install/absl/include/absl/debugging/internal/stacktrace_x86-inl.inc
-- Up-to-date: /home/terranova/uav_ws/install/absl/include/absl/debugging/internal/examine_stack.h
-- Up-to-date: /home/terranova/uav_ws/install/absl/include/absl/debugging/internal/stacktrace_unimplemented-inl.inc
-- Up-to-date: /home/terranova/uav_ws/install/absl/include/absl/debugging/internal/stacktrace_emscripten-inl.inc
-- Up-to-date: /home/terranova/uav_ws/install/absl/include/absl/debugging/internal/vdso_support.h
-- Up-to-date: /home/terranova/uav_ws/install/absl/include/absl/debugging/symbolize.h
-- Up-to-date: /home/terranova/uav_ws/install/absl/include/absl/debugging/symbolize_unimplemented.inc
-- Up-to-date: /home/terranova/uav_ws/install/absl/include/absl/debugging/symbolize_emscripten.inc
-- Up-to-date: /home/terranova/uav_ws/install/absl/include/absl/debugging/failure_signal_handler.h
-- Up-to-date: /home/terranova/uav_ws/install/absl/include/absl/debugging/stacktrace.h
-- Up-to-date: /home/terranova/uav_ws/install/absl/include/absl/debugging/leak_check.h
-- Up-to-date: /home/terranova/uav_ws/install/absl/include/absl/utility
-- Up-to-date: /home/terranova/uav_ws/install/absl/include/absl/utility/internal
-- Up-to-date: /home/terranova/uav_ws/install/absl/include/absl/utility/internal/if_constexpr.h
-- Up-to-date: /home/terranova/uav_ws/install/absl/include/absl/utility/utility.h
-- Up-to-date: /home/terranova/uav_ws/install/absl/include/absl/crc
-- Up-to-date: /home/terranova/uav_ws/install/absl/include/absl/crc/internal
-- Up-to-date: /home/terranova/uav_ws/install/absl/include/absl/crc/internal/non_temporal_memcpy.h
-- Up-to-date: /home/terranova/uav_ws/install/absl/include/absl/crc/internal/crc32c_inline.h
-- Up-to-date: /home/terranova/uav_ws/install/absl/include/absl/crc/internal/cpu_detect.h
-- Up-to-date: /home/terranova/uav_ws/install/absl/include/absl/crc/internal/non_temporal_arm_intrinsics.h
-- Up-to-date: /home/terranova/uav_ws/install/absl/include/absl/crc/internal/crc_internal.h
-- Up-to-date: /home/terranova/uav_ws/install/absl/include/absl/crc/internal/crc32_x86_arm_combined_simd.h
-- Up-to-date: /home/terranova/uav_ws/install/absl/include/absl/crc/internal/crc.h
-- Up-to-date: /home/terranova/uav_ws/install/absl/include/absl/crc/internal/crc_memcpy.h
-- Up-to-date: /home/terranova/uav_ws/install/absl/include/absl/crc/internal/crc_cord_state.h
-- Up-to-date: /home/terranova/uav_ws/install/absl/include/absl/crc/internal/crc32c.h
-- Up-to-date: /home/terranova/uav_ws/install/absl/include/absl/crc/crc32c.h
-- Up-to-date: /home/terranova/uav_ws/install/absl/include/absl/functional
-- Up-to-date: /home/terranova/uav_ws/install/absl/include/absl/functional/overload.h
-- Up-to-date: /home/terranova/uav_ws/install/absl/include/absl/functional/internal
-- Up-to-date: /home/terranova/uav_ws/install/absl/include/absl/functional/internal/front_binder.h
-- Up-to-date: /home/terranova/uav_ws/install/absl/include/absl/functional/internal/any_invocable.h
-- Up-to-date: /home/terranova/uav_ws/install/absl/include/absl/functional/internal/function_ref.h
-- Up-to-date: /home/terranova/uav_ws/install/absl/include/absl/functional/any_invocable.h
-- Up-to-date: /home/terranova/uav_ws/install/absl/include/absl/functional/function_ref.h
-- Up-to-date: /home/terranova/uav_ws/install/absl/include/absl/functional/bind_front.h
-- Up-to-date: /home/terranova/uav_ws/install/absl/include/absl/status
-- Up-to-date: /home/terranova/uav_ws/install/absl/include/absl/status/internal
-- Up-to-date: /home/terranova/uav_ws/install/absl/include/absl/status/internal/statusor_internal.h
-- Up-to-date: /home/terranova/uav_ws/install/absl/include/absl/status/internal/status_internal.h
-- Up-to-date: /home/terranova/uav_ws/install/absl/include/absl/status/statusor.h
-- Up-to-date: /home/terranova/uav_ws/install/absl/include/absl/status/status_payload_printer.h
-- Up-to-date: /home/terranova/uav_ws/install/absl/include/absl/status/status.h
-- Up-to-date: /home/terranova/uav_ws/install/absl/include/absl/synchronization
-- Up-to-date: /home/terranova/uav_ws/install/absl/include/absl/synchronization/barrier.h
-- Up-to-date: /home/terranova/uav_ws/install/absl/include/absl/synchronization/internal
-- Up-to-date: /home/terranova/uav_ws/install/absl/include/absl/synchronization/internal/win32_waiter.h
-- Up-to-date: /home/terranova/uav_ws/install/absl/include/absl/synchronization/internal/sem_waiter.h
-- Up-to-date: /home/terranova/uav_ws/install/absl/include/absl/synchronization/internal/create_thread_identity.h
-- Up-to-date: /home/terranova/uav_ws/install/absl/include/absl/synchronization/internal/stdcpp_waiter.h
-- Up-to-date: /home/terranova/uav_ws/install/absl/include/absl/synchronization/internal/pthread_waiter.h
-- Up-to-date: /home/terranova/uav_ws/install/absl/include/absl/synchronization/internal/waiter.h
-- Up-to-date: /home/terranova/uav_ws/install/absl/include/absl/synchronization/internal/waiter_base.h
-- Up-to-date: /home/terranova/uav_ws/install/absl/include/absl/synchronization/internal/thread_pool.h
-- Up-to-date: /home/terranova/uav_ws/install/absl/include/absl/synchronization/internal/futex.h
-- Up-to-date: /home/terranova/uav_ws/install/absl/include/absl/synchronization/internal/futex_waiter.h
-- Up-to-date: /home/terranova/uav_ws/install/absl/include/absl/synchronization/internal/kernel_timeout.h
-- Up-to-date: /home/terranova/uav_ws/install/absl/include/absl/synchronization/internal/per_thread_sem.h
-- Up-to-date: /home/terranova/uav_ws/install/absl/include/absl/synchronization/internal/graphcycles.h
-- Up-to-date: /home/terranova/uav_ws/install/absl/include/absl/synchronization/blocking_counter.h
-- Up-to-date: /home/terranova/uav_ws/install/absl/include/absl/synchronization/notification.h
-- Up-to-date: /home/terranova/uav_ws/install/absl/include/absl/synchronization/mutex.h
-- Up-to-date: /home/terranova/uav_ws/install/absl/include/absl/cleanup
-- Up-to-date: /home/terranova/uav_ws/install/absl/include/absl/cleanup/internal
-- Up-to-date: /home/terranova/uav_ws/install/absl/include/absl/cleanup/internal/cleanup.h
-- Up-to-date: /home/terranova/uav_ws/install/absl/include/absl/cleanup/cleanup.h
-- Up-to-date: /home/terranova/uav_ws/install/absl/include/absl/container
-- Up-to-date: /home/terranova/uav_ws/install/absl/include/absl/container/node_hash_map.h
-- Up-to-date: /home/terranova/uav_ws/install/absl/include/absl/container/flat_hash_map.h
-- Up-to-date: /home/terranova/uav_ws/install/absl/include/absl/container/internal
-- Up-to-date: /home/terranova/uav_ws/install/absl/include/absl/container/internal/unordered_map_lookup_test.h
-- Up-to-date: /home/terranova/uav_ws/install/absl/include/absl/container/internal/hash_policy_testing.h
-- Up-to-date: /home/terranova/uav_ws/install/absl/include/absl/container/internal/unordered_set_members_test.h
-- Up-to-date: /home/terranova/uav_ws/install/absl/include/absl/container/internal/hashtable_debug_hooks.h
-- Up-to-date: /home/terranova/uav_ws/install/absl/include/absl/container/internal/hash_function_defaults.h
-- Up-to-date: /home/terranova/uav_ws/install/absl/include/absl/container/internal/raw_hash_set.h
-- Up-to-date: /home/terranova/uav_ws/install/absl/include/absl/container/internal/unordered_map_modifiers_test.h
-- Up-to-date: /home/terranova/uav_ws/install/absl/include/absl/container/internal/layout.h
-- Up-to-date: /home/terranova/uav_ws/install/absl/include/absl/container/internal/hash_policy_traits.h
-- Up-to-date: /home/terranova/uav_ws/install/absl/include/absl/container/internal/inlined_vector.h
-- Up-to-date: /home/terranova/uav_ws/install/absl/include/absl/container/internal/common_policy_traits.h
-- Up-to-date: /home/terranova/uav_ws/install/absl/include/absl/container/internal/unordered_set_constructor_test.h
-- Up-to-date: /home/terranova/uav_ws/install/absl/include/absl/container/internal/node_slot_policy.h
-- Up-to-date: /home/terranova/uav_ws/install/absl/include/absl/container/internal/container_memory.h
-- Up-to-date: /home/terranova/uav_ws/install/absl/include/absl/container/internal/test_instance_tracker.h
-- Up-to-date: /home/terranova/uav_ws/install/absl/include/absl/container/internal/raw_hash_map.h
-- Up-to-date: /home/terranova/uav_ws/install/absl/include/absl/container/internal/btree_container.h
-- Up-to-date: /home/terranova/uav_ws/install/absl/include/absl/container/internal/hashtable_debug.h
-- Up-to-date: /home/terranova/uav_ws/install/absl/include/absl/container/internal/compressed_tuple.h
-- Up-to-date: /home/terranova/uav_ws/install/absl/include/absl/container/internal/common.h
-- Up-to-date: /home/terranova/uav_ws/install/absl/include/absl/container/internal/unordered_map_constructor_test.h
-- Up-to-date: /home/terranova/uav_ws/install/absl/include/absl/container/internal/unordered_set_modifiers_test.h
-- Up-to-date: /home/terranova/uav_ws/install/absl/include/absl/container/internal/tracked.h
-- Up-to-date: /home/terranova/uav_ws/install/absl/include/absl/container/internal/hash_generator_testing.h
-- Up-to-date: /home/terranova/uav_ws/install/absl/include/absl/container/internal/unordered_map_members_test.h
-- Up-to-date: /home/terranova/uav_ws/install/absl/include/absl/container/internal/btree.h
-- Up-to-date: /home/terranova/uav_ws/install/absl/include/absl/container/internal/test_allocator.h
-- Up-to-date: /home/terranova/uav_ws/install/absl/include/absl/container/internal/unordered_set_lookup_test.h
-- Up-to-date: /home/terranova/uav_ws/install/absl/include/absl/container/internal/hashtablez_sampler.h
-- Up-to-date: /home/terranova/uav_ws/install/absl/include/absl/container/inlined_vector.h
-- Up-to-date: /home/terranova/uav_ws/install/absl/include/absl/container/flat_hash_set.h
-- Up-to-date: /home/terranova/uav_ws/install/absl/include/absl/container/btree_set.h
-- Up-to-date: /home/terranova/uav_ws/install/absl/include/absl/container/fixed_array.h
-- Up-to-date: /home/terranova/uav_ws/install/absl/include/absl/container/btree_test.h
-- Up-to-date: /home/terranova/uav_ws/install/absl/include/absl/container/btree_map.h
-- Up-to-date: /home/terranova/uav_ws/install/absl/include/absl/container/node_hash_set.h
-- Installing: /home/terranova/uav_ws/install/absl/include/absl/base/options.h
-- Up-to-date: /home/terranova/uav_ws/install/absl/lib/pkgconfig/absl_atomic_hook.pc
-- Up-to-date: /home/terranova/uav_ws/install/absl/lib/pkgconfig/absl_errno_saver.pc
-- Up-to-date: /home/terranova/uav_ws/install/absl/lib/pkgconfig/absl_log_severity.pc
-- Up-to-date: /home/terranova/uav_ws/install/absl/lib/libabsl_log_severity.a
-- Up-to-date: /home/terranova/uav_ws/install/absl/lib/pkgconfig/absl_no_destructor.pc
-- Up-to-date: /home/terranova/uav_ws/install/absl/lib/pkgconfig/absl_nullability.pc
-- Up-to-date: /home/terranova/uav_ws/install/absl/lib/pkgconfig/absl_raw_logging_internal.pc
-- Up-to-date: /home/terranova/uav_ws/install/absl/lib/libabsl_raw_logging_internal.a
-- Up-to-date: /home/terranova/uav_ws/install/absl/lib/pkgconfig/absl_spinlock_wait.pc
-- Up-to-date: /home/terranova/uav_ws/install/absl/lib/libabsl_spinlock_wait.a
-- Up-to-date: /home/terranova/uav_ws/install/absl/lib/pkgconfig/absl_config.pc
-- Up-to-date: /home/terranova/uav_ws/install/absl/lib/pkgconfig/absl_dynamic_annotations.pc
-- Up-to-date: /home/terranova/uav_ws/install/absl/lib/pkgconfig/absl_core_headers.pc
-- Up-to-date: /home/terranova/uav_ws/install/absl/lib/pkgconfig/absl_malloc_internal.pc
-- Up-to-date: /home/terranova/uav_ws/install/absl/lib/libabsl_malloc_internal.a
-- Up-to-date: /home/terranova/uav_ws/install/absl/lib/pkgconfig/absl_base_internal.pc
-- Up-to-date: /home/terranova/uav_ws/install/absl/lib/pkgconfig/absl_base.pc
-- Up-to-date: /home/terranova/uav_ws/install/absl/lib/libabsl_base.a
-- Up-to-date: /home/terranova/uav_ws/install/absl/lib/pkgconfig/absl_throw_delegate.pc
-- Up-to-date: /home/terranova/uav_ws/install/absl/lib/libabsl_throw_delegate.a
-- Up-to-date: /home/terranova/uav_ws/install/absl/lib/pkgconfig/absl_pretty_function.pc
-- Up-to-date: /home/terranova/uav_ws/install/absl/lib/pkgconfig/absl_endian.pc
-- Up-to-date: /home/terranova/uav_ws/install/absl/lib/pkgconfig/absl_scoped_set_env.pc
-- Up-to-date: /home/terranova/uav_ws/install/absl/lib/libabsl_scoped_set_env.a
-- Up-to-date: /home/terranova/uav_ws/install/absl/lib/pkgconfig/absl_strerror.pc
-- Up-to-date: /home/terranova/uav_ws/install/absl/lib/libabsl_strerror.a
-- Up-to-date: /home/terranova/uav_ws/install/absl/lib/pkgconfig/absl_fast_type_id.pc
-- Up-to-date: /home/terranova/uav_ws/install/absl/lib/pkgconfig/absl_prefetch.pc
-- Up-to-date: /home/terranova/uav_ws/install/absl/lib/pkgconfig/absl_algorithm.pc
-- Up-to-date: /home/terranova/uav_ws/install/absl/lib/pkgconfig/absl_algorithm_container.pc
-- Up-to-date: /home/terranova/uav_ws/install/absl/lib/pkgconfig/absl_cleanup_internal.pc
-- Up-to-date: /home/terranova/uav_ws/install/absl/lib/pkgconfig/absl_cleanup.pc
-- Up-to-date: /home/terranova/uav_ws/install/absl/lib/pkgconfig/absl_btree.pc
-- Up-to-date: /home/terranova/uav_ws/install/absl/lib/pkgconfig/absl_compressed_tuple.pc
-- Up-to-date: /home/terranova/uav_ws/install/absl/lib/pkgconfig/absl_fixed_array.pc
-- Up-to-date: /home/terranova/uav_ws/install/absl/lib/pkgconfig/absl_inlined_vector_internal.pc
-- Up-to-date: /home/terranova/uav_ws/install/absl/lib/pkgconfig/absl_inlined_vector.pc
-- Up-to-date: /home/terranova/uav_ws/install/absl/lib/pkgconfig/absl_flat_hash_map.pc
-- Up-to-date: /home/terranova/uav_ws/install/absl/lib/pkgconfig/absl_flat_hash_set.pc
-- Up-to-date: /home/terranova/uav_ws/install/absl/lib/pkgconfig/absl_node_hash_map.pc
-- Up-to-date: /home/terranova/uav_ws/install/absl/lib/pkgconfig/absl_node_hash_set.pc
-- Up-to-date: /home/terranova/uav_ws/install/absl/lib/pkgconfig/absl_container_memory.pc
-- Up-to-date: /home/terranova/uav_ws/install/absl/lib/pkgconfig/absl_hash_function_defaults.pc
-- Up-to-date: /home/terranova/uav_ws/install/absl/lib/pkgconfig/absl_hash_policy_traits.pc
-- Up-to-date: /home/terranova/uav_ws/install/absl/lib/pkgconfig/absl_common_policy_traits.pc
-- Up-to-date: /home/terranova/uav_ws/install/absl/lib/pkgconfig/absl_hashtablez_sampler.pc
-- Up-to-date: /home/terranova/uav_ws/install/absl/lib/libabsl_hashtablez_sampler.a
-- Up-to-date: /home/terranova/uav_ws/install/absl/lib/pkgconfig/absl_hashtable_debug.pc
-- Up-to-date: /home/terranova/uav_ws/install/absl/lib/pkgconfig/absl_hashtable_debug_hooks.pc
-- Up-to-date: /home/terranova/uav_ws/install/absl/lib/pkgconfig/absl_node_slot_policy.pc
-- Up-to-date: /home/terranova/uav_ws/install/absl/lib/pkgconfig/absl_raw_hash_map.pc
-- Up-to-date: /home/terranova/uav_ws/install/absl/lib/pkgconfig/absl_container_common.pc
-- Up-to-date: /home/terranova/uav_ws/install/absl/lib/pkgconfig/absl_raw_hash_set.pc
-- Up-to-date: /home/terranova/uav_ws/install/absl/lib/libabsl_raw_hash_set.a
-- Up-to-date: /home/terranova/uav_ws/install/absl/lib/pkgconfig/absl_layout.pc
-- Up-to-date: /home/terranova/uav_ws/install/absl/lib/pkgconfig/absl_crc_cpu_detect.pc
-- Up-to-date: /home/terranova/uav_ws/install/absl/lib/libabsl_crc_cpu_detect.a
-- Up-to-date: /home/terranova/uav_ws/install/absl/lib/pkgconfig/absl_crc_internal.pc
-- Up-to-date: /home/terranova/uav_ws/install/absl/lib/libabsl_crc_internal.a
-- Up-to-date: /home/terranova/uav_ws/install/absl/lib/pkgconfig/absl_crc32c.pc
-- Up-to-date: /home/terranova/uav_ws/install/absl/lib/libabsl_crc32c.a
-- Up-to-date: /home/terranova/uav_ws/install/absl/lib/pkgconfig/absl_non_temporal_arm_intrinsics.pc
-- Up-to-date: /home/terranova/uav_ws/install/absl/lib/pkgconfig/absl_non_temporal_memcpy.pc
-- Up-to-date: /home/terranova/uav_ws/install/absl/lib/pkgconfig/absl_crc_cord_state.pc
-- Up-to-date: /home/terranova/uav_ws/install/absl/lib/libabsl_crc_cord_state.a
-- Up-to-date: /home/terranova/uav_ws/install/absl/lib/pkgconfig/absl_stacktrace.pc
-- Up-to-date: /home/terranova/uav_ws/install/absl/lib/libabsl_stacktrace.a
-- Up-to-date: /home/terranova/uav_ws/install/absl/lib/pkgconfig/absl_symbolize.pc
-- Up-to-date: /home/terranova/uav_ws/install/absl/lib/libabsl_symbolize.a
-- Up-to-date: /home/terranova/uav_ws/install/absl/lib/pkgconfig/absl_examine_stack.pc
-- Up-to-date: /home/terranova/uav_ws/install/absl/lib/libabsl_examine_stack.a
-- Up-to-date: /home/terranova/uav_ws/install/absl/lib/pkgconfig/absl_failure_signal_handler.pc
-- Up-to-date: /home/terranova/uav_ws/install/absl/lib/libabsl_failure_signal_handler.a
-- Up-to-date: /home/terranova/uav_ws/install/absl/lib/pkgconfig/absl_debugging_internal.pc
-- Up-to-date: /home/terranova/uav_ws/install/absl/lib/libabsl_debugging_internal.a
-- Up-to-date: /home/terranova/uav_ws/install/absl/lib/pkgconfig/absl_demangle_internal.pc
-- Up-to-date: /home/terranova/uav_ws/install/absl/lib/libabsl_demangle_internal.a
-- Up-to-date: /home/terranova/uav_ws/install/absl/lib/pkgconfig/absl_leak_check.pc
-- Up-to-date: /home/terranova/uav_ws/install/absl/lib/libabsl_leak_check.a
-- Up-to-date: /home/terranova/uav_ws/install/absl/lib/pkgconfig/absl_debugging.pc
-- Up-to-date: /home/terranova/uav_ws/install/absl/lib/pkgconfig/absl_flags_path_util.pc
-- Up-to-date: /home/terranova/uav_ws/install/absl/lib/pkgconfig/absl_flags_program_name.pc
-- Up-to-date: /home/terranova/uav_ws/install/absl/lib/libabsl_flags_program_name.a
-- Up-to-date: /home/terranova/uav_ws/install/absl/lib/pkgconfig/absl_flags_config.pc
-- Up-to-date: /home/terranova/uav_ws/install/absl/lib/libabsl_flags_config.a
-- Up-to-date: /home/terranova/uav_ws/install/absl/lib/pkgconfig/absl_flags_marshalling.pc
-- Up-to-date: /home/terranova/uav_ws/install/absl/lib/libabsl_flags_marshalling.a
-- Up-to-date: /home/terranova/uav_ws/install/absl/lib/pkgconfig/absl_flags_commandlineflag_internal.pc
-- Up-to-date: /home/terranova/uav_ws/install/absl/lib/libabsl_flags_commandlineflag_internal.a
-- Up-to-date: /home/terranova/uav_ws/install/absl/lib/pkgconfig/absl_flags_commandlineflag.pc
-- Up-to-date: /home/terranova/uav_ws/install/absl/lib/libabsl_flags_commandlineflag.a
-- Up-to-date: /home/terranova/uav_ws/install/absl/lib/pkgconfig/absl_flags_private_handle_accessor.pc
-- Up-to-date: /home/terranova/uav_ws/install/absl/lib/libabsl_flags_private_handle_accessor.a
-- Up-to-date: /home/terranova/uav_ws/install/absl/lib/pkgconfig/absl_flags_reflection.pc
-- Up-to-date: /home/terranova/uav_ws/install/absl/lib/libabsl_flags_reflection.a
-- Up-to-date: /home/terranova/uav_ws/install/absl/lib/pkgconfig/absl_flags_internal.pc
-- Up-to-date: /home/terranova/uav_ws/install/absl/lib/libabsl_flags_internal.a
-- Up-to-date: /home/terranova/uav_ws/install/absl/lib/pkgconfig/absl_flags.pc
-- Up-to-date: /home/terranova/uav_ws/install/absl/lib/pkgconfig/absl_flags_usage_internal.pc
-- Up-to-date: /home/terranova/uav_ws/install/absl/lib/libabsl_flags_usage_internal.a
-- Up-to-date: /home/terranova/uav_ws/install/absl/lib/pkgconfig/absl_flags_usage.pc
-- Up-to-date: /home/terranova/uav_ws/install/absl/lib/libabsl_flags_usage.a
-- Up-to-date: /home/terranova/uav_ws/install/absl/lib/pkgconfig/absl_flags_parse.pc
-- Up-to-date: /home/terranova/uav_ws/install/absl/lib/libabsl_flags_parse.a
-- Up-to-date: /home/terranova/uav_ws/install/absl/lib/pkgconfig/absl_any_invocable.pc
-- Up-to-date: /home/terranova/uav_ws/install/absl/lib/pkgconfig/absl_bind_front.pc
-- Up-to-date: /home/terranova/uav_ws/install/absl/lib/pkgconfig/absl_function_ref.pc
-- Up-to-date: /home/terranova/uav_ws/install/absl/lib/pkgconfig/absl_overload.pc
-- Up-to-date: /home/terranova/uav_ws/install/absl/lib/pkgconfig/absl_hash.pc
-- Up-to-date: /home/terranova/uav_ws/install/absl/lib/libabsl_hash.a
-- Up-to-date: /home/terranova/uav_ws/install/absl/lib/pkgconfig/absl_city.pc
-- Up-to-date: /home/terranova/uav_ws/install/absl/lib/libabsl_city.a
-- Up-to-date: /home/terranova/uav_ws/install/absl/lib/pkgconfig/absl_low_level_hash.pc
-- Up-to-date: /home/terranova/uav_ws/install/absl/lib/libabsl_low_level_hash.a
-- Up-to-date: /home/terranova/uav_ws/install/absl/lib/pkgconfig/absl_log_internal_check_impl.pc
-- Up-to-date: /home/terranova/uav_ws/install/absl/lib/pkgconfig/absl_log_internal_check_op.pc
-- Up-to-date: /home/terranova/uav_ws/install/absl/lib/libabsl_log_internal_check_op.a
-- Up-to-date: /home/terranova/uav_ws/install/absl/lib/pkgconfig/absl_log_internal_conditions.pc
-- Up-to-date: /home/terranova/uav_ws/install/absl/lib/libabsl_log_internal_conditions.a
-- Up-to-date: /home/terranova/uav_ws/install/absl/lib/pkgconfig/absl_log_internal_config.pc
-- Up-to-date: /home/terranova/uav_ws/install/absl/lib/pkgconfig/absl_log_internal_flags.pc
-- Up-to-date: /home/terranova/uav_ws/install/absl/lib/pkgconfig/absl_log_internal_format.pc
-- Up-to-date: /home/terranova/uav_ws/install/absl/lib/libabsl_log_internal_format.a
-- Up-to-date: /home/terranova/uav_ws/install/absl/lib/pkgconfig/absl_log_internal_globals.pc
-- Up-to-date: /home/terranova/uav_ws/install/absl/lib/libabsl_log_internal_globals.a
-- Up-to-date: /home/terranova/uav_ws/install/absl/lib/pkgconfig/absl_log_internal_log_impl.pc
-- Up-to-date: /home/terranova/uav_ws/install/absl/lib/pkgconfig/absl_log_internal_proto.pc
-- Up-to-date: /home/terranova/uav_ws/install/absl/lib/libabsl_log_internal_proto.a
-- Up-to-date: /home/terranova/uav_ws/install/absl/lib/pkgconfig/absl_log_internal_message.pc
-- Up-to-date: /home/terranova/uav_ws/install/absl/lib/libabsl_log_internal_message.a
-- Up-to-date: /home/terranova/uav_ws/install/absl/lib/pkgconfig/absl_log_internal_log_sink_set.pc
-- Up-to-date: /home/terranova/uav_ws/install/absl/lib/libabsl_log_internal_log_sink_set.a
-- Up-to-date: /home/terranova/uav_ws/install/absl/lib/pkgconfig/absl_log_internal_nullguard.pc
-- Up-to-date: /home/terranova/uav_ws/install/absl/lib/libabsl_log_internal_nullguard.a
-- Up-to-date: /home/terranova/uav_ws/install/absl/lib/pkgconfig/absl_log_internal_nullstream.pc
-- Up-to-date: /home/terranova/uav_ws/install/absl/lib/pkgconfig/absl_log_internal_strip.pc
-- Up-to-date: /home/terranova/uav_ws/install/absl/lib/pkgconfig/absl_log_internal_voidify.pc
-- Up-to-date: /home/terranova/uav_ws/install/absl/lib/pkgconfig/absl_log_internal_append_truncated.pc
-- Up-to-date: /home/terranova/uav_ws/install/absl/lib/pkgconfig/absl_absl_check.pc
-- Up-to-date: /home/terranova/uav_ws/install/absl/lib/pkgconfig/absl_absl_log.pc
-- Up-to-date: /home/terranova/uav_ws/install/absl/lib/pkgconfig/absl_check.pc
-- Up-to-date: /home/terranova/uav_ws/install/absl/lib/pkgconfig/absl_die_if_null.pc
-- Up-to-date: /home/terranova/uav_ws/install/absl/lib/libabsl_die_if_null.a
-- Up-to-date: /home/terranova/uav_ws/install/absl/lib/pkgconfig/absl_log_flags.pc
-- Up-to-date: /home/terranova/uav_ws/install/absl/lib/libabsl_log_flags.a
-- Up-to-date: /home/terranova/uav_ws/install/absl/lib/pkgconfig/absl_log_globals.pc
-- Up-to-date: /home/terranova/uav_ws/install/absl/lib/libabsl_log_globals.a
-- Up-to-date: /home/terranova/uav_ws/install/absl/lib/pkgconfig/absl_log_initialize.pc
-- Up-to-date: /home/terranova/uav_ws/install/absl/lib/libabsl_log_initialize.a
-- Up-to-date: /home/terranova/uav_ws/install/absl/lib/pkgconfig/absl_log.pc
-- Up-to-date: /home/terranova/uav_ws/install/absl/lib/pkgconfig/absl_log_entry.pc
-- Up-to-date: /home/terranova/uav_ws/install/absl/lib/libabsl_log_entry.a
-- Up-to-date: /home/terranova/uav_ws/install/absl/lib/pkgconfig/absl_log_sink.pc
-- Up-to-date: /home/terranova/uav_ws/install/absl/lib/libabsl_log_sink.a
-- Up-to-date: /home/terranova/uav_ws/install/absl/lib/pkgconfig/absl_log_sink_registry.pc
-- Up-to-date: /home/terranova/uav_ws/install/absl/lib/pkgconfig/absl_log_streamer.pc
-- Up-to-date: /home/terranova/uav_ws/install/absl/lib/pkgconfig/absl_log_internal_structured.pc
-- Up-to-date: /home/terranova/uav_ws/install/absl/lib/pkgconfig/absl_log_structured.pc
-- Up-to-date: /home/terranova/uav_ws/install/absl/lib/pkgconfig/absl_vlog_config_internal.pc
-- Up-to-date: /home/terranova/uav_ws/install/absl/lib/libabsl_vlog_config_internal.a
-- Up-to-date: /home/terranova/uav_ws/install/absl/lib/pkgconfig/absl_absl_vlog_is_on.pc
-- Up-to-date: /home/terranova/uav_ws/install/absl/lib/pkgconfig/absl_vlog_is_on.pc
-- Up-to-date: /home/terranova/uav_ws/install/absl/lib/pkgconfig/absl_log_internal_fnmatch.pc
-- Up-to-date: /home/terranova/uav_ws/install/absl/lib/libabsl_log_internal_fnmatch.a
-- Up-to-date: /home/terranova/uav_ws/install/absl/lib/pkgconfig/absl_memory.pc
-- Up-to-date: /home/terranova/uav_ws/install/absl/lib/pkgconfig/absl_type_traits.pc
-- Up-to-date: /home/terranova/uav_ws/install/absl/lib/pkgconfig/absl_meta.pc
-- Up-to-date: /home/terranova/uav_ws/install/absl/lib/pkgconfig/absl_bits.pc
-- Up-to-date: /home/terranova/uav_ws/install/absl/lib/pkgconfig/absl_int128.pc
-- Up-to-date: /home/terranova/uav_ws/install/absl/lib/libabsl_int128.a
-- Up-to-date: /home/terranova/uav_ws/install/absl/lib/pkgconfig/absl_numeric.pc
-- Up-to-date: /home/terranova/uav_ws/install/absl/lib/pkgconfig/absl_numeric_representation.pc
-- Up-to-date: /home/terranova/uav_ws/install/absl/lib/pkgconfig/absl_sample_recorder.pc
-- Up-to-date: /home/terranova/uav_ws/install/absl/lib/pkgconfig/absl_exponential_biased.pc
-- Up-to-date: /home/terranova/uav_ws/install/absl/lib/libabsl_exponential_biased.a
-- Up-to-date: /home/terranova/uav_ws/install/absl/lib/pkgconfig/absl_periodic_sampler.pc
-- Up-to-date: /home/terranova/uav_ws/install/absl/lib/libabsl_periodic_sampler.a
-- Up-to-date: /home/terranova/uav_ws/install/absl/lib/pkgconfig/absl_random_random.pc
-- Up-to-date: /home/terranova/uav_ws/install/absl/lib/pkgconfig/absl_random_bit_gen_ref.pc
-- Up-to-date: /home/terranova/uav_ws/install/absl/lib/pkgconfig/absl_random_internal_mock_helpers.pc
-- Up-to-date: /home/terranova/uav_ws/install/absl/lib/pkgconfig/absl_random_distributions.pc
-- Up-to-date: /home/terranova/uav_ws/install/absl/lib/libabsl_random_distributions.a
-- Up-to-date: /home/terranova/uav_ws/install/absl/lib/pkgconfig/absl_random_seed_gen_exception.pc
-- Up-to-date: /home/terranova/uav_ws/install/absl/lib/libabsl_random_seed_gen_exception.a
-- Up-to-date: /home/terranova/uav_ws/install/absl/lib/pkgconfig/absl_random_seed_sequences.pc
-- Up-to-date: /home/terranova/uav_ws/install/absl/lib/libabsl_random_seed_sequences.a
-- Up-to-date: /home/terranova/uav_ws/install/absl/lib/pkgconfig/absl_random_internal_traits.pc
-- Up-to-date: /home/terranova/uav_ws/install/absl/lib/pkgconfig/absl_random_internal_distribution_caller.pc
-- Up-to-date: /home/terranova/uav_ws/install/absl/lib/pkgconfig/absl_random_internal_fast_uniform_bits.pc
-- Up-to-date: /home/terranova/uav_ws/install/absl/lib/pkgconfig/absl_random_internal_seed_material.pc
-- Up-to-date: /home/terranova/uav_ws/install/absl/lib/libabsl_random_internal_seed_material.a
-- Up-to-date: /home/terranova/uav_ws/install/absl/lib/pkgconfig/absl_random_internal_pool_urbg.pc
-- Up-to-date: /home/terranova/uav_ws/install/absl/lib/libabsl_random_internal_pool_urbg.a
-- Up-to-date: /home/terranova/uav_ws/install/absl/lib/pkgconfig/absl_random_internal_salted_seed_seq.pc
-- Up-to-date: /home/terranova/uav_ws/install/absl/lib/pkgconfig/absl_random_internal_iostream_state_saver.pc
-- Up-to-date: /home/terranova/uav_ws/install/absl/lib/pkgconfig/absl_random_internal_generate_real.pc
-- Up-to-date: /home/terranova/uav_ws/install/absl/lib/pkgconfig/absl_random_internal_wide_multiply.pc
-- Up-to-date: /home/terranova/uav_ws/install/absl/lib/pkgconfig/absl_random_internal_fastmath.pc
-- Up-to-date: /home/terranova/uav_ws/install/absl/lib/pkgconfig/absl_random_internal_nonsecure_base.pc
-- Up-to-date: /home/terranova/uav_ws/install/absl/lib/pkgconfig/absl_random_internal_pcg_engine.pc
-- Up-to-date: /home/terranova/uav_ws/install/absl/lib/pkgconfig/absl_random_internal_randen_engine.pc
-- Up-to-date: /home/terranova/uav_ws/install/absl/lib/pkgconfig/absl_random_internal_platform.pc
-- Up-to-date: /home/terranova/uav_ws/install/absl/lib/libabsl_random_internal_platform.a
-- Up-to-date: /home/terranova/uav_ws/install/absl/lib/pkgconfig/absl_random_internal_randen.pc
-- Up-to-date: /home/terranova/uav_ws/install/absl/lib/libabsl_random_internal_randen.a
-- Up-to-date: /home/terranova/uav_ws/install/absl/lib/pkgconfig/absl_random_internal_randen_slow.pc
-- Up-to-date: /home/terranova/uav_ws/install/absl/lib/libabsl_random_internal_randen_slow.a
-- Up-to-date: /home/terranova/uav_ws/install/absl/lib/pkgconfig/absl_random_internal_randen_hwaes.pc
-- Up-to-date: /home/terranova/uav_ws/install/absl/lib/libabsl_random_internal_randen_hwaes.a
-- Up-to-date: /home/terranova/uav_ws/install/absl/lib/pkgconfig/absl_random_internal_randen_hwaes_impl.pc
-- Up-to-date: /home/terranova/uav_ws/install/absl/lib/libabsl_random_internal_randen_hwaes_impl.a
-- Up-to-date: /home/terranova/uav_ws/install/absl/lib/pkgconfig/absl_random_internal_distribution_test_util.pc
-- Up-to-date: /home/terranova/uav_ws/install/absl/lib/libabsl_random_internal_distribution_test_util.a
-- Up-to-date: /home/terranova/uav_ws/install/absl/lib/pkgconfig/absl_random_internal_uniform_helper.pc
-- Up-to-date: /home/terranova/uav_ws/install/absl/lib/pkgconfig/absl_status.pc
-- Up-to-date: /home/terranova/uav_ws/install/absl/lib/libabsl_status.a
-- Up-to-date: /home/terranova/uav_ws/install/absl/lib/pkgconfig/absl_statusor.pc
-- Up-to-date: /home/terranova/uav_ws/install/absl/lib/libabsl_statusor.a
-- Up-to-date: /home/terranova/uav_ws/install/absl/lib/pkgconfig/absl_string_view.pc
-- Up-to-date: /home/terranova/uav_ws/install/absl/lib/libabsl_string_view.a
-- Up-to-date: /home/terranova/uav_ws/install/absl/lib/pkgconfig/absl_strings.pc
-- Up-to-date: /home/terranova/uav_ws/install/absl/lib/libabsl_strings.a
-- Up-to-date: /home/terranova/uav_ws/install/absl/lib/pkgconfig/absl_charset.pc
-- Up-to-date: /home/terranova/uav_ws/install/absl/lib/pkgconfig/absl_has_ostream_operator.pc
-- Up-to-date: /home/terranova/uav_ws/install/absl/lib/pkgconfig/absl_strings_internal.pc
-- Up-to-date: /home/terranova/uav_ws/install/absl/lib/libabsl_strings_internal.a
-- Up-to-date: /home/terranova/uav_ws/install/absl/lib/pkgconfig/absl_str_format.pc
-- Up-to-date: /home/terranova/uav_ws/install/absl/lib/pkgconfig/absl_str_format_internal.pc
-- Up-to-date: /home/terranova/uav_ws/install/absl/lib/libabsl_str_format_internal.a
-- Up-to-date: /home/terranova/uav_ws/install/absl/lib/pkgconfig/absl_cord_internal.pc
-- Up-to-date: /home/terranova/uav_ws/install/absl/lib/libabsl_cord_internal.a
-- Up-to-date: /home/terranova/uav_ws/install/absl/lib/pkgconfig/absl_cordz_update_tracker.pc
-- Up-to-date: /home/terranova/uav_ws/install/absl/lib/pkgconfig/absl_cordz_functions.pc
-- Up-to-date: /home/terranova/uav_ws/install/absl/lib/libabsl_cordz_functions.a
-- Up-to-date: /home/terranova/uav_ws/install/absl/lib/pkgconfig/absl_cordz_statistics.pc
-- Up-to-date: /home/terranova/uav_ws/install/absl/lib/pkgconfig/absl_cordz_handle.pc
-- Up-to-date: /home/terranova/uav_ws/install/absl/lib/libabsl_cordz_handle.a
-- Up-to-date: /home/terranova/uav_ws/install/absl/lib/pkgconfig/absl_cordz_info.pc
-- Up-to-date: /home/terranova/uav_ws/install/absl/lib/libabsl_cordz_info.a
-- Up-to-date: /home/terranova/uav_ws/install/absl/lib/pkgconfig/absl_cordz_sample_token.pc
-- Up-to-date: /home/terranova/uav_ws/install/absl/lib/libabsl_cordz_sample_token.a
-- Up-to-date: /home/terranova/uav_ws/install/absl/lib/pkgconfig/absl_cordz_update_scope.pc
-- Up-to-date: /home/terranova/uav_ws/install/absl/lib/pkgconfig/absl_cord.pc
-- Up-to-date: /home/terranova/uav_ws/install/absl/lib/libabsl_cord.a
-- Up-to-date: /home/terranova/uav_ws/install/absl/lib/pkgconfig/absl_graphcycles_internal.pc
-- Up-to-date: /home/terranova/uav_ws/install/absl/lib/libabsl_graphcycles_internal.a
-- Up-to-date: /home/terranova/uav_ws/install/absl/lib/pkgconfig/absl_kernel_timeout_internal.pc
-- Up-to-date: /home/terranova/uav_ws/install/absl/lib/libabsl_kernel_timeout_internal.a
-- Up-to-date: /home/terranova/uav_ws/install/absl/lib/pkgconfig/absl_synchronization.pc
-- Up-to-date: /home/terranova/uav_ws/install/absl/lib/libabsl_synchronization.a
-- Up-to-date: /home/terranova/uav_ws/install/absl/lib/pkgconfig/absl_time.pc
-- Up-to-date: /home/terranova/uav_ws/install/absl/lib/libabsl_time.a
-- Up-to-date: /home/terranova/uav_ws/install/absl/lib/pkgconfig/absl_civil_time.pc
-- Up-to-date: /home/terranova/uav_ws/install/absl/lib/libabsl_civil_time.a
-- Up-to-date: /home/terranova/uav_ws/install/absl/lib/pkgconfig/absl_time_zone.pc
-- Up-to-date: /home/terranova/uav_ws/install/absl/lib/libabsl_time_zone.a
-- Up-to-date: /home/terranova/uav_ws/install/absl/lib/pkgconfig/absl_any.pc
-- Up-to-date: /home/terranova/uav_ws/install/absl/lib/pkgconfig/absl_bad_any_cast.pc
-- Up-to-date: /home/terranova/uav_ws/install/absl/lib/pkgconfig/absl_bad_any_cast_impl.pc
-- Up-to-date: /home/terranova/uav_ws/install/absl/lib/libabsl_bad_any_cast_impl.a
-- Up-to-date: /home/terranova/uav_ws/install/absl/lib/pkgconfig/absl_span.pc
-- Up-to-date: /home/terranova/uav_ws/install/absl/lib/pkgconfig/absl_optional.pc
-- Up-to-date: /home/terranova/uav_ws/install/absl/lib/pkgconfig/absl_bad_optional_access.pc
-- Up-to-date: /home/terranova/uav_ws/install/absl/lib/libabsl_bad_optional_access.a
-- Up-to-date: /home/terranova/uav_ws/install/absl/lib/pkgconfig/absl_bad_variant_access.pc
-- Up-to-date: /home/terranova/uav_ws/install/absl/lib/libabsl_bad_variant_access.a
-- Up-to-date: /home/terranova/uav_ws/install/absl/lib/pkgconfig/absl_variant.pc
-- Up-to-date: /home/terranova/uav_ws/install/absl/lib/pkgconfig/absl_compare.pc
-- Up-to-date: /home/terranova/uav_ws/install/absl/lib/pkgconfig/absl_utility.pc
-- Up-to-date: /home/terranova/uav_ws/install/absl/lib/pkgconfig/absl_if_constexpr.pc
