[0.183s] Invoking command in '/home/terranova/uav_ws/build/absl': /home/terranova/.local/bin/cmake --build /home/terranova/uav_ws/build/absl -- -j4 -l4
[1.434s] [  1%] Built target log_severity
[1.693s] [  6%] Built target time_zone
[2.013s] [  7%] Built target int128
[2.189s] [  7%] Built target exponential_biased
[2.465s] [  8%] Built target civil_time
[2.579s] [  9%] Built target leak_check
[2.669s] [ 10%] Built target flags_commandlineflag_internal
[2.948s] [ 11%] Built target log_internal_nullguard
[3.093s] [ 12%] Built target periodic_sampler
[3.281s] [ 12%] Built target random_seed_gen_exception
[3.499s] [ 13%] Built target random_internal_platform
[3.697s] [ 14%] Built target raw_logging_internal
[3.905s] [ 15%] Built target random_internal_randen_hwaes_impl
[4.217s] [ 16%] Built target random_internal_randen_slow
[4.478s] [ 16%] Built target bad_any_cast_impl
[4.702s] [ 17%] Built target throw_delegate
[4.921s] [ 18%] Built target scoped_set_env
[5.177s] [ 20%] Built target debugging_internal
[5.395s] [ 21%] Built target bad_variant_access
[5.609s] [ 22%] Built target bad_optional_access
[5.855s] [ 23%] Built target cordz_functions
[6.043s] [ 24%] Built target random_internal_randen_hwaes
[6.253s] [ 25%] Built target stacktrace
[6.389s] [ 26%] Built target random_internal_randen
[6.577s] [ 27%] Built target strerror
[6.753s] [ 28%] Built target spinlock_wait
[6.963s] [ 31%] Built target base
[7.129s] [ 31%] Built target malloc_internal
[7.421s] [ 32%] Built target string_view
[7.559s] [ 32%] Built target city
[7.777s] [ 33%] Built target low_level_hash
[7.973s] [ 34%] Built target crc_cpu_detect
[8.106s] [ 35%] Built target log_internal_conditions
[8.322s] [ 35%] Built target graphcycles_internal
[8.555s] [ 36%] Built target crc_internal
[8.800s] [ 37%] Built target demangle_internal
[8.995s] [ 39%] Built target strings_internal
[9.299s] [ 45%] Built target strings
[9.471s] [ 46%] Built target symbolize
[9.801s] [ 49%] Built target str_format_internal
[10.005s] [ 50%] Built target flags_commandlineflag
[10.166s] [ 51%] Built target log_internal_proto
[10.290s] [ 52%] Built target log_internal_fnmatch
[10.435s] [ 53%] Built target random_distributions
[10.612s] [ 54%] Built target random_internal_seed_material
[10.824s] [ 56%] Built target random_internal_distribution_test_util
[11.134s] [ 58%] Built target crc32c
[11.281s] [ 59%] Built target examine_stack
[11.417s] [ 59%] Built target flags_marshalling
[11.576s] [ 60%] Built target flags_private_handle_accessor
[11.659s] [ 60%] Built target random_internal_pool_urbg
[11.765s] [ 61%] Built target crc_cord_state
[11.917s] [ 62%] Built target failure_signal_handler
[12.074s] [ 63%] Built target random_seed_sequences
[12.241s] [ 66%] Built target cord_internal
[12.355s] [ 67%] Built target hash
[12.559s] [ 69%] Built target time
[12.763s] [ 70%] Built target kernel_timeout_internal
[12.894s] [ 71%] Built target log_entry
[13.397s] [ 76%] Built target synchronization
[13.576s] [ 77%] Built target log_sink
[13.802s] [ 78%] Built target flags_program_name
[13.965s] [ 79%] Built target cordz_handle
[14.098s] [ 80%] Built target vlog_config_internal
[14.234s] [ 81%] Built target flags_config
[14.414s] [ 81%] Built target cordz_info
[14.527s] [ 82%] Built target log_globals
[14.796s] [ 84%] Built target cord
[15.002s] [ 85%] Built target flags_internal
[15.169s] [ 86%] Built target cordz_sample_token
[15.398s] [ 87%] Built target status
[15.683s] [ 88%] Built target hashtablez_sampler
[15.972s] [ 89%] Built target statusor
[16.272s] [ 90%] Built target raw_hash_set
[16.524s] [ 91%] Built target log_internal_globals
[16.756s] [ 92%] Built target flags_reflection
[16.881s] [ 92%] Built target log_initialize
[17.155s] [ 93%] Built target flags_usage_internal
[17.429s] [ 94%] Built target log_flags
[17.602s] [ 95%] Built target flags_usage
[17.764s] [ 95%] Built target log_internal_log_sink_set
[17.995s] [ 96%] Built target flags_parse
[18.189s] [ 97%] Built target log_internal_format
[18.507s] [ 98%] Built target log_internal_message
[18.773s] [ 99%] Built target log_internal_check_op
[19.024s] [100%] Built target die_if_null
[19.161s] Invoked command in '/home/terranova/uav_ws/build/absl' returned '0': /home/terranova/.local/bin/cmake --build /home/terranova/uav_ws/build/absl -- -j4 -l4
[21.377s] Invoking command in '/home/terranova/uav_ws/build/absl': /home/terranova/.local/bin/cmake --install /home/terranova/uav_ws/build/absl
[22.877s] -- Install configuration: ""
[22.888s] -- Up-to-date: /home/terranova/uav_ws/install/absl/lib/cmake/absl/abslTargets.cmake
[22.894s] -- Up-to-date: /home/terranova/uav_ws/install/absl/lib/cmake/absl/abslTargets-noconfig.cmake
[22.894s] -- Up-to-date: /home/terranova/uav_ws/install/absl/lib/cmake/absl/abslConfig.cmake
[22.895s] -- Up-to-date: /home/terranova/uav_ws/install/absl/include/absl
[22.895s] -- Up-to-date: /home/terranova/uav_ws/install/absl/include/absl/hash
[22.896s] -- Up-to-date: /home/terranova/uav_ws/install/absl/include/absl/hash/hash_testing.h
[22.896s] -- Up-to-date: /home/terranova/uav_ws/install/absl/include/absl/hash/internal
[22.898s] -- Up-to-date: /home/terranova/uav_ws/install/absl/include/absl/hash/internal/hash_test.h
[22.898s] -- Up-to-date: /home/terranova/uav_ws/install/absl/include/absl/hash/internal/hash.h
[22.902s] -- Up-to-date: /home/terranova/uav_ws/install/absl/include/absl/hash/internal/city.h
[22.907s] -- Up-to-date: /home/terranova/uav_ws/install/absl/include/absl/hash/internal/spy_hash_state.h
[22.909s] -- Up-to-date: /home/terranova/uav_ws/install/absl/include/absl/hash/internal/low_level_hash.h
[22.921s] -- Up-to-date: /home/terranova/uav_ws/install/absl/include/absl/hash/hash.h
[22.930s] -- Up-to-date: /home/terranova/uav_ws/install/absl/include/absl/strings
[22.931s] -- Up-to-date: /home/terranova/uav_ws/install/absl/include/absl/strings/numbers.h
[22.931s] -- Up-to-date: /home/terranova/uav_ws/install/absl/include/absl/strings/cord.h
[22.948s] -- Up-to-date: /home/terranova/uav_ws/install/absl/include/absl/strings/str_split.h
[22.966s] -- Up-to-date: /home/terranova/uav_ws/install/absl/include/absl/strings/escaping.h
[22.969s] -- Up-to-date: /home/terranova/uav_ws/install/absl/include/absl/strings/internal
[22.971s] -- Up-to-date: /home/terranova/uav_ws/install/absl/include/absl/strings/internal/escaping_test_common.h
[22.972s] -- Up-to-date: /home/terranova/uav_ws/install/absl/include/absl/strings/internal/cord_internal.h
[22.973s] -- Up-to-date: /home/terranova/uav_ws/install/absl/include/absl/strings/internal/cord_rep_btree_reader.h
[22.974s] -- Up-to-date: /home/terranova/uav_ws/install/absl/include/absl/strings/internal/damerau_levenshtein_distance.h
[22.974s] -- Up-to-date: /home/terranova/uav_ws/install/absl/include/absl/strings/internal/charconv_bigint.h
[22.974s] -- Up-to-date: /home/terranova/uav_ws/install/absl/include/absl/strings/internal/numbers_test_common.h
[22.975s] -- Up-to-date: /home/terranova/uav_ws/install/absl/include/absl/strings/internal/cord_rep_btree_navigator.h
[22.975s] -- Up-to-date: /home/terranova/uav_ws/install/absl/include/absl/strings/internal/escaping.h
[22.976s] -- Up-to-date: /home/terranova/uav_ws/install/absl/include/absl/strings/internal/string_constant.h
[22.976s] -- Up-to-date: /home/terranova/uav_ws/install/absl/include/absl/strings/internal/cord_rep_consume.h
[22.976s] -- Up-to-date: /home/terranova/uav_ws/install/absl/include/absl/strings/internal/stl_type_traits.h
[22.981s] -- Up-to-date: /home/terranova/uav_ws/install/absl/include/absl/strings/internal/resize_uninitialized.h
[22.982s] -- Up-to-date: /home/terranova/uav_ws/install/absl/include/absl/strings/internal/stringify_sink.h
[23.017s] -- Up-to-date: /home/terranova/uav_ws/install/absl/include/absl/strings/internal/cord_rep_crc.h
[23.017s] -- Up-to-date: /home/terranova/uav_ws/install/absl/include/absl/strings/internal/utf8.h
[23.018s] -- Up-to-date: /home/terranova/uav_ws/install/absl/include/absl/strings/internal/ostringstream.h
[23.018s] -- Up-to-date: /home/terranova/uav_ws/install/absl/include/absl/strings/internal/str_split_internal.h
[23.018s] -- Up-to-date: /home/terranova/uav_ws/install/absl/include/absl/strings/internal/charconv_parse.h
[23.019s] -- Up-to-date: /home/terranova/uav_ws/install/absl/include/absl/strings/internal/cord_rep_flat.h
[23.019s] -- Up-to-date: /home/terranova/uav_ws/install/absl/include/absl/strings/internal/cord_rep_test_util.h
[23.019s] -- Up-to-date: /home/terranova/uav_ws/install/absl/include/absl/strings/internal/cordz_update_tracker.h
[23.020s] -- Up-to-date: /home/terranova/uav_ws/install/absl/include/absl/strings/internal/memutil.h
[23.020s] -- Up-to-date: /home/terranova/uav_ws/install/absl/include/absl/strings/internal/cord_data_edge.h
[23.020s] -- Up-to-date: /home/terranova/uav_ws/install/absl/include/absl/strings/internal/str_join_internal.h
[23.021s] -- Up-to-date: /home/terranova/uav_ws/install/absl/include/absl/strings/internal/has_absl_stringify.h
[23.021s] -- Up-to-date: /home/terranova/uav_ws/install/absl/include/absl/strings/internal/cordz_sample_token.h
[23.022s] -- Up-to-date: /home/terranova/uav_ws/install/absl/include/absl/strings/internal/cordz_statistics.h
[23.022s] -- Up-to-date: /home/terranova/uav_ws/install/absl/include/absl/strings/internal/str_format
[23.022s] -- Up-to-date: /home/terranova/uav_ws/install/absl/include/absl/strings/internal/str_format/parser.h
[23.023s] -- Up-to-date: /home/terranova/uav_ws/install/absl/include/absl/strings/internal/str_format/output.h
[23.037s] -- Up-to-date: /home/terranova/uav_ws/install/absl/include/absl/strings/internal/str_format/constexpr_parser.h
[23.037s] -- Up-to-date: /home/terranova/uav_ws/install/absl/include/absl/strings/internal/str_format/extension.h
[23.038s] -- Up-to-date: /home/terranova/uav_ws/install/absl/include/absl/strings/internal/str_format/float_conversion.h
[23.045s] -- Up-to-date: /home/terranova/uav_ws/install/absl/include/absl/strings/internal/str_format/checker.h
[23.045s] -- Up-to-date: /home/terranova/uav_ws/install/absl/include/absl/strings/internal/str_format/bind.h
[23.046s] -- Up-to-date: /home/terranova/uav_ws/install/absl/include/absl/strings/internal/str_format/arg.h
[23.047s] -- Up-to-date: /home/terranova/uav_ws/install/absl/include/absl/strings/internal/cord_rep_btree.h
[23.047s] -- Up-to-date: /home/terranova/uav_ws/install/absl/include/absl/strings/internal/cordz_handle.h
[23.048s] -- Up-to-date: /home/terranova/uav_ws/install/absl/include/absl/strings/internal/cordz_functions.h
[23.048s] -- Up-to-date: /home/terranova/uav_ws/install/absl/include/absl/strings/internal/cordz_info.h
[23.058s] -- Up-to-date: /home/terranova/uav_ws/install/absl/include/absl/strings/internal/cordz_update_scope.h
[23.058s] -- Up-to-date: /home/terranova/uav_ws/install/absl/include/absl/strings/internal/pow10_helper.h
[23.059s] -- Up-to-date: /home/terranova/uav_ws/install/absl/include/absl/strings/str_replace.h
[23.060s] -- Up-to-date: /home/terranova/uav_ws/install/absl/include/absl/strings/str_join.h
[23.060s] -- Up-to-date: /home/terranova/uav_ws/install/absl/include/absl/strings/str_cat.h
[23.060s] -- Up-to-date: /home/terranova/uav_ws/install/absl/include/absl/strings/cord_analysis.h
[23.061s] -- Up-to-date: /home/terranova/uav_ws/install/absl/include/absl/strings/cord_test_helpers.h
[23.061s] -- Up-to-date: /home/terranova/uav_ws/install/absl/include/absl/strings/charset.h
[23.062s] -- Up-to-date: /home/terranova/uav_ws/install/absl/include/absl/strings/cord_buffer.h
[23.062s] -- Up-to-date: /home/terranova/uav_ws/install/absl/include/absl/strings/string_view.h
[23.063s] -- Up-to-date: /home/terranova/uav_ws/install/absl/include/absl/strings/str_format.h
[23.063s] -- Up-to-date: /home/terranova/uav_ws/install/absl/include/absl/strings/match.h
[23.064s] -- Up-to-date: /home/terranova/uav_ws/install/absl/include/absl/strings/strip.h
[23.064s] -- Up-to-date: /home/terranova/uav_ws/install/absl/include/absl/strings/cordz_test_helpers.h
[23.103s] -- Up-to-date: /home/terranova/uav_ws/install/absl/include/absl/strings/has_ostream_operator.h
[23.103s] -- Up-to-date: /home/terranova/uav_ws/install/absl/include/absl/strings/substitute.h
[23.117s] -- Up-to-date: /home/terranova/uav_ws/install/absl/include/absl/strings/has_absl_stringify.h
[23.117s] -- Up-to-date: /home/terranova/uav_ws/install/absl/include/absl/strings/ascii.h
[23.118s] -- Up-to-date: /home/terranova/uav_ws/install/absl/include/absl/strings/charconv.h
[23.129s] -- Up-to-date: /home/terranova/uav_ws/install/absl/include/absl/types
[23.129s] -- Up-to-date: /home/terranova/uav_ws/install/absl/include/absl/types/compare.h
[23.130s] -- Up-to-date: /home/terranova/uav_ws/install/absl/include/absl/types/bad_any_cast.h
[23.130s] -- Up-to-date: /home/terranova/uav_ws/install/absl/include/absl/types/span.h
[23.130s] -- Up-to-date: /home/terranova/uav_ws/install/absl/include/absl/types/internal
[23.131s] -- Up-to-date: /home/terranova/uav_ws/install/absl/include/absl/types/internal/span.h
[23.131s] -- Up-to-date: /home/terranova/uav_ws/install/absl/include/absl/types/internal/optional.h
[23.132s] -- Up-to-date: /home/terranova/uav_ws/install/absl/include/absl/types/internal/variant.h
[23.132s] -- Up-to-date: /home/terranova/uav_ws/install/absl/include/absl/types/bad_variant_access.h
[23.137s] -- Up-to-date: /home/terranova/uav_ws/install/absl/include/absl/types/optional.h
[23.141s] -- Up-to-date: /home/terranova/uav_ws/install/absl/include/absl/types/variant.h
[23.141s] -- Up-to-date: /home/terranova/uav_ws/install/absl/include/absl/types/any.h
[23.153s] -- Up-to-date: /home/terranova/uav_ws/install/absl/include/absl/types/bad_optional_access.h
[23.153s] -- Up-to-date: /home/terranova/uav_ws/install/absl/include/absl/numeric
[23.153s] -- Up-to-date: /home/terranova/uav_ws/install/absl/include/absl/numeric/int128_have_intrinsic.inc
[23.154s] -- Up-to-date: /home/terranova/uav_ws/install/absl/include/absl/numeric/internal
[23.154s] -- Up-to-date: /home/terranova/uav_ws/install/absl/include/absl/numeric/internal/representation.h
[23.154s] -- Up-to-date: /home/terranova/uav_ws/install/absl/include/absl/numeric/internal/bits.h
[23.155s] -- Up-to-date: /home/terranova/uav_ws/install/absl/include/absl/numeric/int128_no_intrinsic.inc
[23.155s] -- Up-to-date: /home/terranova/uav_ws/install/absl/include/absl/numeric/bits.h
[23.165s] -- Up-to-date: /home/terranova/uav_ws/install/absl/include/absl/numeric/int128.h
[23.165s] -- Up-to-date: /home/terranova/uav_ws/install/absl/include/absl/profiling
[23.166s] -- Up-to-date: /home/terranova/uav_ws/install/absl/include/absl/profiling/internal
[23.166s] -- Up-to-date: /home/terranova/uav_ws/install/absl/include/absl/profiling/internal/periodic_sampler.h
[23.166s] -- Up-to-date: /home/terranova/uav_ws/install/absl/include/absl/profiling/internal/sample_recorder.h
[23.167s] -- Up-to-date: /home/terranova/uav_ws/install/absl/include/absl/profiling/internal/exponential_biased.h
[23.167s] -- Up-to-date: /home/terranova/uav_ws/install/absl/include/absl/random
[23.167s] -- Up-to-date: /home/terranova/uav_ws/install/absl/include/absl/random/beta_distribution.h
[23.168s] -- Up-to-date: /home/terranova/uav_ws/install/absl/include/absl/random/mocking_bit_gen.h
[23.168s] -- Up-to-date: /home/terranova/uav_ws/install/absl/include/absl/random/distributions.h
[23.177s] -- Up-to-date: /home/terranova/uav_ws/install/absl/include/absl/random/random.h
[23.178s] -- Up-to-date: /home/terranova/uav_ws/install/absl/include/absl/random/bernoulli_distribution.h
[23.189s] -- Up-to-date: /home/terranova/uav_ws/install/absl/include/absl/random/mock_distributions.h
[23.190s] -- Up-to-date: /home/terranova/uav_ws/install/absl/include/absl/random/uniform_real_distribution.h
[23.190s] -- Up-to-date: /home/terranova/uav_ws/install/absl/include/absl/random/seed_gen_exception.h
[23.190s] -- Up-to-date: /home/terranova/uav_ws/install/absl/include/absl/random/internal
[23.191s] -- Up-to-date: /home/terranova/uav_ws/install/absl/include/absl/random/internal/iostream_state_saver.h
[23.191s] -- Up-to-date: /home/terranova/uav_ws/install/absl/include/absl/random/internal/fast_uniform_bits.h
[23.191s] -- Up-to-date: /home/terranova/uav_ws/install/absl/include/absl/random/internal/pool_urbg.h
[23.192s] -- Up-to-date: /home/terranova/uav_ws/install/absl/include/absl/random/internal/randen_engine.h
[23.192s] -- Up-to-date: /home/terranova/uav_ws/install/absl/include/absl/random/internal/randen.h
[23.192s] -- Up-to-date: /home/terranova/uav_ws/install/absl/include/absl/random/internal/distribution_caller.h
[23.229s] -- Up-to-date: /home/terranova/uav_ws/install/absl/include/absl/random/internal/nonsecure_base.h
[23.237s] -- Up-to-date: /home/terranova/uav_ws/install/absl/include/absl/random/internal/mock_overload_set.h
[23.237s] -- Up-to-date: /home/terranova/uav_ws/install/absl/include/absl/random/internal/mock_helpers.h
[23.238s] -- Up-to-date: /home/terranova/uav_ws/install/absl/include/absl/random/internal/randen_detect.h
[23.238s] -- Up-to-date: /home/terranova/uav_ws/install/absl/include/absl/random/internal/randen_traits.h
[23.238s] -- Up-to-date: /home/terranova/uav_ws/install/absl/include/absl/random/internal/salted_seed_seq.h
[23.238s] -- Up-to-date: /home/terranova/uav_ws/install/absl/include/absl/random/internal/pcg_engine.h
[23.239s] -- Up-to-date: /home/terranova/uav_ws/install/absl/include/absl/random/internal/platform.h
[23.239s] -- Up-to-date: /home/terranova/uav_ws/install/absl/include/absl/random/internal/randen_slow.h
[23.239s] -- Up-to-date: /home/terranova/uav_ws/install/absl/include/absl/random/internal/traits.h
[23.240s] -- Up-to-date: /home/terranova/uav_ws/install/absl/include/absl/random/internal/fastmath.h
[23.240s] -- Up-to-date: /home/terranova/uav_ws/install/absl/include/absl/random/internal/randen_hwaes.h
[23.253s] -- Up-to-date: /home/terranova/uav_ws/install/absl/include/absl/random/internal/wide_multiply.h
[23.254s] -- Up-to-date: /home/terranova/uav_ws/install/absl/include/absl/random/internal/seed_material.h
[23.254s] -- Up-to-date: /home/terranova/uav_ws/install/absl/include/absl/random/internal/chi_square.h
[23.255s] -- Up-to-date: /home/terranova/uav_ws/install/absl/include/absl/random/internal/uniform_helper.h
[23.255s] -- Up-to-date: /home/terranova/uav_ws/install/absl/include/absl/random/internal/explicit_seed_seq.h
[23.255s] -- Up-to-date: /home/terranova/uav_ws/install/absl/include/absl/random/internal/generate_real.h
[23.256s] -- Up-to-date: /home/terranova/uav_ws/install/absl/include/absl/random/internal/nanobenchmark.h
[23.256s] -- Up-to-date: /home/terranova/uav_ws/install/absl/include/absl/random/internal/distribution_test_util.h
[23.256s] -- Up-to-date: /home/terranova/uav_ws/install/absl/include/absl/random/internal/sequence_urbg.h
[23.270s] -- Up-to-date: /home/terranova/uav_ws/install/absl/include/absl/random/exponential_distribution.h
[23.271s] -- Up-to-date: /home/terranova/uav_ws/install/absl/include/absl/random/bit_gen_ref.h
[23.271s] -- Up-to-date: /home/terranova/uav_ws/install/absl/include/absl/random/gaussian_distribution.h
[23.271s] -- Up-to-date: /home/terranova/uav_ws/install/absl/include/absl/random/uniform_int_distribution.h
[23.272s] -- Up-to-date: /home/terranova/uav_ws/install/absl/include/absl/random/poisson_distribution.h
[23.272s] -- Up-to-date: /home/terranova/uav_ws/install/absl/include/absl/random/seed_sequences.h
[23.272s] -- Up-to-date: /home/terranova/uav_ws/install/absl/include/absl/random/discrete_distribution.h
[23.273s] -- Up-to-date: /home/terranova/uav_ws/install/absl/include/absl/random/log_uniform_int_distribution.h
[23.273s] -- Up-to-date: /home/terranova/uav_ws/install/absl/include/absl/random/zipf_distribution.h
[23.273s] -- Up-to-date: /home/terranova/uav_ws/install/absl/include/absl/time
[23.274s] -- Up-to-date: /home/terranova/uav_ws/install/absl/include/absl/time/clock.h
[23.274s] -- Up-to-date: /home/terranova/uav_ws/install/absl/include/absl/time/internal
[23.274s] -- Up-to-date: /home/terranova/uav_ws/install/absl/include/absl/time/internal/get_current_time_posix.inc
[23.275s] -- Up-to-date: /home/terranova/uav_ws/install/absl/include/absl/time/internal/cctz
[23.275s] -- Up-to-date: /home/terranova/uav_ws/install/absl/include/absl/time/internal/cctz/src
[23.275s] -- Up-to-date: /home/terranova/uav_ws/install/absl/include/absl/time/internal/cctz/src/time_zone_if.h
[23.301s] -- Up-to-date: /home/terranova/uav_ws/install/absl/include/absl/time/internal/cctz/src/time_zone_libc.h
[23.301s] -- Up-to-date: /home/terranova/uav_ws/install/absl/include/absl/time/internal/cctz/src/tzfile.h
[23.302s] -- Up-to-date: /home/terranova/uav_ws/install/absl/include/absl/time/internal/cctz/src/time_zone_posix.h
[23.302s] -- Up-to-date: /home/terranova/uav_ws/install/absl/include/absl/time/internal/cctz/src/time_zone_info.h
[23.302s] -- Up-to-date: /home/terranova/uav_ws/install/absl/include/absl/time/internal/cctz/src/time_zone_fixed.h
[23.303s] -- Up-to-date: /home/terranova/uav_ws/install/absl/include/absl/time/internal/cctz/src/time_zone_impl.h
[23.303s] -- Up-to-date: /home/terranova/uav_ws/install/absl/include/absl/time/internal/cctz/include
[23.303s] -- Up-to-date: /home/terranova/uav_ws/install/absl/include/absl/time/internal/cctz/include/cctz
[23.304s] -- Up-to-date: /home/terranova/uav_ws/install/absl/include/absl/time/internal/cctz/include/cctz/zone_info_source.h
[23.304s] -- Up-to-date: /home/terranova/uav_ws/install/absl/include/absl/time/internal/cctz/include/cctz/time_zone.h
[23.304s] -- Up-to-date: /home/terranova/uav_ws/install/absl/include/absl/time/internal/cctz/include/cctz/civil_time_detail.h
[23.309s] -- Up-to-date: /home/terranova/uav_ws/install/absl/include/absl/time/internal/cctz/include/cctz/civil_time.h
[23.310s] -- Up-to-date: /home/terranova/uav_ws/install/absl/include/absl/time/internal/get_current_time_chrono.inc
[23.310s] -- Up-to-date: /home/terranova/uav_ws/install/absl/include/absl/time/internal/test_util.h
[23.310s] -- Up-to-date: /home/terranova/uav_ws/install/absl/include/absl/time/time.h
[23.311s] -- Up-to-date: /home/terranova/uav_ws/install/absl/include/absl/time/civil_time.h
[23.312s] -- Up-to-date: /home/terranova/uav_ws/install/absl/include/absl/log
[23.312s] -- Up-to-date: /home/terranova/uav_ws/install/absl/include/absl/log/check.h
[23.325s] -- Up-to-date: /home/terranova/uav_ws/install/absl/include/absl/log/log_basic_test_impl.inc
[23.326s] -- Up-to-date: /home/terranova/uav_ws/install/absl/include/absl/log/structured.h
[23.326s] -- Up-to-date: /home/terranova/uav_ws/install/absl/include/absl/log/log_streamer.h
[23.328s] -- Up-to-date: /home/terranova/uav_ws/install/absl/include/absl/log/absl_vlog_is_on.h
[23.328s] -- Up-to-date: /home/terranova/uav_ws/install/absl/include/absl/log/scoped_mock_log.h
[23.328s] -- Up-to-date: /home/terranova/uav_ws/install/absl/include/absl/log/log_entry.h
[23.330s] -- Up-to-date: /home/terranova/uav_ws/install/absl/include/absl/log/internal
[23.331s] -- Up-to-date: /home/terranova/uav_ws/install/absl/include/absl/log/internal/structured.h
[23.331s] -- Up-to-date: /home/terranova/uav_ws/install/absl/include/absl/log/internal/test_helpers.h
[23.333s] -- Up-to-date: /home/terranova/uav_ws/install/absl/include/absl/log/internal/vlog_config.h
[23.335s] -- Up-to-date: /home/terranova/uav_ws/install/absl/include/absl/log/internal/log_sink_set.h
[23.336s] -- Up-to-date: /home/terranova/uav_ws/install/absl/include/absl/log/internal/log_message.h
[23.336s] -- Up-to-date: /home/terranova/uav_ws/install/absl/include/absl/log/internal/globals.h
[23.338s] -- Up-to-date: /home/terranova/uav_ws/install/absl/include/absl/log/internal/nullguard.h
[23.338s] -- Up-to-date: /home/terranova/uav_ws/install/absl/include/absl/log/internal/voidify.h
[23.340s] -- Up-to-date: /home/terranova/uav_ws/install/absl/include/absl/log/internal/log_format.h
[23.345s] -- Up-to-date: /home/terranova/uav_ws/install/absl/include/absl/log/internal/proto.h
[23.345s] -- Up-to-date: /home/terranova/uav_ws/install/absl/include/absl/log/internal/test_actions.h
[23.348s] -- Up-to-date: /home/terranova/uav_ws/install/absl/include/absl/log/internal/flags.h
[23.350s] -- Up-to-date: /home/terranova/uav_ws/install/absl/include/absl/log/internal/nullstream.h
[23.350s] -- Up-to-date: /home/terranova/uav_ws/install/absl/include/absl/log/internal/strip.h
[23.352s] -- Up-to-date: /home/terranova/uav_ws/install/absl/include/absl/log/internal/fnmatch.h
[23.352s] -- Up-to-date: /home/terranova/uav_ws/install/absl/include/absl/log/internal/check_op.h
[23.354s] -- Up-to-date: /home/terranova/uav_ws/install/absl/include/absl/log/internal/config.h
[23.356s] -- Up-to-date: /home/terranova/uav_ws/install/absl/include/absl/log/internal/append_truncated.h
[23.356s] -- Up-to-date: /home/terranova/uav_ws/install/absl/include/absl/log/internal/test_matchers.h
[23.356s] -- Up-to-date: /home/terranova/uav_ws/install/absl/include/absl/log/internal/conditions.h
[23.358s] -- Up-to-date: /home/terranova/uav_ws/install/absl/include/absl/log/internal/check_impl.h
[23.358s] -- Up-to-date: /home/terranova/uav_ws/install/absl/include/absl/log/internal/log_impl.h
[23.359s] -- Up-to-date: /home/terranova/uav_ws/install/absl/include/absl/log/die_if_null.h
[23.361s] -- Up-to-date: /home/terranova/uav_ws/install/absl/include/absl/log/globals.h
[23.362s] -- Up-to-date: /home/terranova/uav_ws/install/absl/include/absl/log/log.h
[23.362s] -- Up-to-date: /home/terranova/uav_ws/install/absl/include/absl/log/vlog_is_on.h
[23.364s] -- Up-to-date: /home/terranova/uav_ws/install/absl/include/absl/log/absl_check.h
[23.365s] -- Up-to-date: /home/terranova/uav_ws/install/absl/include/absl/log/log_sink.h
[23.368s] -- Up-to-date: /home/terranova/uav_ws/install/absl/include/absl/log/log_sink_registry.h
[23.370s] -- Up-to-date: /home/terranova/uav_ws/install/absl/include/absl/log/absl_log.h
[23.371s] -- Up-to-date: /home/terranova/uav_ws/install/absl/include/absl/log/flags.h
[23.374s] -- Up-to-date: /home/terranova/uav_ws/install/absl/include/absl/log/initialize.h
[23.374s] -- Up-to-date: /home/terranova/uav_ws/install/absl/include/absl/log/check_test_impl.inc
[23.378s] -- Up-to-date: /home/terranova/uav_ws/install/absl/include/absl/base
[23.384s] -- Up-to-date: /home/terranova/uav_ws/install/absl/include/absl/base/log_severity.h
[23.386s] -- Up-to-date: /home/terranova/uav_ws/install/absl/include/absl/base/const_init.h
[23.389s] -- Up-to-date: /home/terranova/uav_ws/install/absl/include/absl/base/internal
[23.392s] -- Up-to-date: /home/terranova/uav_ws/install/absl/include/absl/base/internal/low_level_scheduling.h
[23.393s] -- Up-to-date: /home/terranova/uav_ws/install/absl/include/absl/base/internal/exception_testing.h
[23.394s] -- Up-to-date: /home/terranova/uav_ws/install/absl/include/absl/base/internal/low_level_alloc.h
[23.397s] -- Up-to-date: /home/terranova/uav_ws/install/absl/include/absl/base/internal/raw_logging.h
[23.398s] -- Up-to-date: /home/terranova/uav_ws/install/absl/include/absl/base/internal/sysinfo.h
[23.402s] -- Up-to-date: /home/terranova/uav_ws/install/absl/include/absl/base/internal/nullability_impl.h
[23.404s] -- Up-to-date: /home/terranova/uav_ws/install/absl/include/absl/base/internal/scheduling_mode.h
[23.410s] -- Up-to-date: /home/terranova/uav_ws/install/absl/include/absl/base/internal/fast_type_id.h
[23.412s] -- Up-to-date: /home/terranova/uav_ws/install/absl/include/absl/base/internal/unaligned_access.h
[23.414s] -- Up-to-date: /home/terranova/uav_ws/install/absl/include/absl/base/internal/inline_variable_testing.h
[23.415s] -- Up-to-date: /home/terranova/uav_ws/install/absl/include/absl/base/internal/identity.h
[23.418s] -- Up-to-date: /home/terranova/uav_ws/install/absl/include/absl/base/internal/direct_mmap.h
[23.419s] -- Up-to-date: /home/terranova/uav_ws/install/absl/include/absl/base/internal/errno_saver.h
[23.424s] -- Up-to-date: /home/terranova/uav_ws/install/absl/include/absl/base/internal/endian.h
[23.426s] -- Up-to-date: /home/terranova/uav_ws/install/absl/include/absl/base/internal/throw_delegate.h
[23.426s] -- Up-to-date: /home/terranova/uav_ws/install/absl/include/absl/base/internal/spinlock_akaros.inc
[23.430s] -- Up-to-date: /home/terranova/uav_ws/install/absl/include/absl/base/internal/atomic_hook_test_helper.h
[23.430s] -- Up-to-date: /home/terranova/uav_ws/install/absl/include/absl/base/internal/spinlock.h
[23.434s] -- Up-to-date: /home/terranova/uav_ws/install/absl/include/absl/base/internal/scoped_set_env.h
[23.435s] -- Up-to-date: /home/terranova/uav_ws/install/absl/include/absl/base/internal/spinlock_linux.inc
[23.438s] -- Up-to-date: /home/terranova/uav_ws/install/absl/include/absl/base/internal/pretty_function.h
[23.442s] -- Up-to-date: /home/terranova/uav_ws/install/absl/include/absl/base/internal/spinlock_wait.h
[23.443s] -- Up-to-date: /home/terranova/uav_ws/install/absl/include/absl/base/internal/thread_identity.h
[23.456s] -- Up-to-date: /home/terranova/uav_ws/install/absl/include/absl/base/internal/spinlock_posix.inc
[23.460s] -- Up-to-date: /home/terranova/uav_ws/install/absl/include/absl/base/internal/atomic_hook.h
[23.463s] -- Up-to-date: /home/terranova/uav_ws/install/absl/include/absl/base/internal/inline_variable.h
[23.463s] -- Up-to-date: /home/terranova/uav_ws/install/absl/include/absl/base/internal/exception_safety_testing.h
[23.468s] -- Up-to-date: /home/terranova/uav_ws/install/absl/include/absl/base/internal/invoke.h
[23.468s] -- Up-to-date: /home/terranova/uav_ws/install/absl/include/absl/base/internal/unscaledcycleclock.h
[23.475s] -- Up-to-date: /home/terranova/uav_ws/install/absl/include/absl/base/internal/hide_ptr.h
[23.475s] -- Up-to-date: /home/terranova/uav_ws/install/absl/include/absl/base/internal/unscaledcycleclock_config.h
[23.478s] -- Up-to-date: /home/terranova/uav_ws/install/absl/include/absl/base/internal/dynamic_annotations.h
[23.479s] -- Up-to-date: /home/terranova/uav_ws/install/absl/include/absl/base/internal/cycleclock_config.h
[23.484s] -- Up-to-date: /home/terranova/uav_ws/install/absl/include/absl/base/internal/tsan_mutex_interface.h
[23.484s] -- Up-to-date: /home/terranova/uav_ws/install/absl/include/absl/base/internal/strerror.h
[23.487s] -- Up-to-date: /home/terranova/uav_ws/install/absl/include/absl/base/internal/spinlock_win32.inc
[23.487s] -- Up-to-date: /home/terranova/uav_ws/install/absl/include/absl/base/internal/cycleclock.h
[23.494s] -- Up-to-date: /home/terranova/uav_ws/install/absl/include/absl/base/internal/per_thread_tls.h
[23.496s] -- Up-to-date: /home/terranova/uav_ws/install/absl/include/absl/base/thread_annotations.h
[23.499s] -- Up-to-date: /home/terranova/uav_ws/install/absl/include/absl/base/port.h
[23.504s] -- Up-to-date: /home/terranova/uav_ws/install/absl/include/absl/base/no_destructor.h
[23.507s] -- Up-to-date: /home/terranova/uav_ws/install/absl/include/absl/base/casts.h
[23.509s] -- Up-to-date: /home/terranova/uav_ws/install/absl/include/absl/base/policy_checks.h
[23.511s] -- Up-to-date: /home/terranova/uav_ws/install/absl/include/absl/base/optimization.h
[23.512s] -- Up-to-date: /home/terranova/uav_ws/install/absl/include/absl/base/prefetch.h
[23.518s] -- Up-to-date: /home/terranova/uav_ws/install/absl/include/absl/base/call_once.h
[23.520s] -- Up-to-date: /home/terranova/uav_ws/install/absl/include/absl/base/nullability.h
[23.521s] -- Up-to-date: /home/terranova/uav_ws/install/absl/include/absl/base/config.h
[23.523s] -- Up-to-date: /home/terranova/uav_ws/install/absl/include/absl/base/macros.h
[23.524s] -- Up-to-date: /home/terranova/uav_ws/install/absl/include/absl/base/attributes.h
[23.526s] -- Up-to-date: /home/terranova/uav_ws/install/absl/include/absl/base/dynamic_annotations.h
[23.528s] -- Installing: /home/terranova/uav_ws/install/absl/include/absl/base/options.h
[23.529s] -- Up-to-date: /home/terranova/uav_ws/install/absl/include/absl/flags
[23.530s] -- Up-to-date: /home/terranova/uav_ws/install/absl/include/absl/flags/parse.h
[23.532s] -- Up-to-date: /home/terranova/uav_ws/install/absl/include/absl/flags/internal
[23.534s] -- Up-to-date: /home/terranova/uav_ws/install/absl/include/absl/flags/internal/parse.h
[23.534s] -- Up-to-date: /home/terranova/uav_ws/install/absl/include/absl/flags/internal/sequence_lock.h
[23.535s] -- Up-to-date: /home/terranova/uav_ws/install/absl/include/absl/flags/internal/usage.h
[23.537s] -- Up-to-date: /home/terranova/uav_ws/install/absl/include/absl/flags/internal/commandlineflag.h
[23.538s] -- Up-to-date: /home/terranova/uav_ws/install/absl/include/absl/flags/internal/registry.h
[23.539s] -- Up-to-date: /home/terranova/uav_ws/install/absl/include/absl/flags/internal/flag.h
[23.540s] -- Up-to-date: /home/terranova/uav_ws/install/absl/include/absl/flags/internal/path_util.h
[23.540s] -- Up-to-date: /home/terranova/uav_ws/install/absl/include/absl/flags/internal/private_handle_accessor.h
[23.542s] -- Up-to-date: /home/terranova/uav_ws/install/absl/include/absl/flags/internal/program_name.h
[23.543s] -- Up-to-date: /home/terranova/uav_ws/install/absl/include/absl/flags/usage.h
[23.549s] -- Up-to-date: /home/terranova/uav_ws/install/absl/include/absl/flags/commandlineflag.h
[23.549s] -- Up-to-date: /home/terranova/uav_ws/install/absl/include/absl/flags/reflection.h
[23.552s] -- Up-to-date: /home/terranova/uav_ws/install/absl/include/absl/flags/marshalling.h
[23.552s] -- Up-to-date: /home/terranova/uav_ws/install/absl/include/absl/flags/flag.h
[23.552s] -- Up-to-date: /home/terranova/uav_ws/install/absl/include/absl/flags/declare.h
[23.554s] -- Up-to-date: /home/terranova/uav_ws/install/absl/include/absl/flags/config.h
[23.554s] -- Up-to-date: /home/terranova/uav_ws/install/absl/include/absl/flags/usage_config.h
[23.557s] -- Up-to-date: /home/terranova/uav_ws/install/absl/include/absl/meta
[23.575s] -- Up-to-date: /home/terranova/uav_ws/install/absl/include/absl/meta/type_traits.h
[23.575s] -- Up-to-date: /home/terranova/uav_ws/install/absl/include/absl/algorithm
[23.580s] -- Up-to-date: /home/terranova/uav_ws/install/absl/include/absl/algorithm/algorithm.h
[23.581s] -- Up-to-date: /home/terranova/uav_ws/install/absl/include/absl/algorithm/container.h
[23.583s] -- Up-to-date: /home/terranova/uav_ws/install/absl/include/absl/memory
[23.584s] -- Up-to-date: /home/terranova/uav_ws/install/absl/include/absl/memory/memory.h
[23.587s] -- Up-to-date: /home/terranova/uav_ws/install/absl/include/absl/debugging
[23.587s] -- Up-to-date: /home/terranova/uav_ws/install/absl/include/absl/debugging/symbolize_darwin.inc
[23.590s] -- Up-to-date: /home/terranova/uav_ws/install/absl/include/absl/debugging/symbolize_win32.inc
[23.591s] -- Up-to-date: /home/terranova/uav_ws/install/absl/include/absl/debugging/symbolize_elf.inc
[23.591s] -- Up-to-date: /home/terranova/uav_ws/install/absl/include/absl/debugging/internal
[23.596s] -- Up-to-date: /home/terranova/uav_ws/install/absl/include/absl/debugging/internal/symbolize.h
[23.596s] -- Up-to-date: /home/terranova/uav_ws/install/absl/include/absl/debugging/internal/stack_consumption.h
[23.598s] -- Up-to-date: /home/terranova/uav_ws/install/absl/include/absl/debugging/internal/stacktrace_powerpc-inl.inc
[23.598s] -- Up-to-date: /home/terranova/uav_ws/install/absl/include/absl/debugging/internal/elf_mem_image.h
[23.598s] -- Up-to-date: /home/terranova/uav_ws/install/absl/include/absl/debugging/internal/stacktrace_arm-inl.inc
[23.602s] -- Up-to-date: /home/terranova/uav_ws/install/absl/include/absl/debugging/internal/address_is_readable.h
[23.602s] -- Up-to-date: /home/terranova/uav_ws/install/absl/include/absl/debugging/internal/demangle.h
[23.602s] -- Up-to-date: /home/terranova/uav_ws/install/absl/include/absl/debugging/internal/stacktrace_aarch64-inl.inc
[23.604s] -- Up-to-date: /home/terranova/uav_ws/install/absl/include/absl/debugging/internal/stacktrace_win32-inl.inc
[23.604s] -- Up-to-date: /home/terranova/uav_ws/install/absl/include/absl/debugging/internal/stacktrace_riscv-inl.inc
[23.606s] -- Up-to-date: /home/terranova/uav_ws/install/absl/include/absl/debugging/internal/stacktrace_config.h
[23.624s] -- Up-to-date: /home/terranova/uav_ws/install/absl/include/absl/debugging/internal/stacktrace_generic-inl.inc
[23.625s] -- Up-to-date: /home/terranova/uav_ws/install/absl/include/absl/debugging/internal/stacktrace_x86-inl.inc
[23.625s] -- Up-to-date: /home/terranova/uav_ws/install/absl/include/absl/debugging/internal/examine_stack.h
[23.625s] -- Up-to-date: /home/terranova/uav_ws/install/absl/include/absl/debugging/internal/stacktrace_unimplemented-inl.inc
[23.625s] -- Up-to-date: /home/terranova/uav_ws/install/absl/include/absl/debugging/internal/stacktrace_emscripten-inl.inc
[23.626s] -- Up-to-date: /home/terranova/uav_ws/install/absl/include/absl/debugging/internal/vdso_support.h
[23.626s] -- Up-to-date: /home/terranova/uav_ws/install/absl/include/absl/debugging/symbolize.h
[23.627s] -- Up-to-date: /home/terranova/uav_ws/install/absl/include/absl/debugging/symbolize_unimplemented.inc
[23.627s] -- Up-to-date: /home/terranova/uav_ws/install/absl/include/absl/debugging/symbolize_emscripten.inc
[23.627s] -- Up-to-date: /home/terranova/uav_ws/install/absl/include/absl/debugging/failure_signal_handler.h
[23.628s] -- Up-to-date: /home/terranova/uav_ws/install/absl/include/absl/debugging/stacktrace.h
[23.628s] -- Up-to-date: /home/terranova/uav_ws/install/absl/include/absl/debugging/leak_check.h
[23.634s] -- Up-to-date: /home/terranova/uav_ws/install/absl/include/absl/utility
[23.639s] -- Up-to-date: /home/terranova/uav_ws/install/absl/include/absl/utility/internal
[23.639s] -- Up-to-date: /home/terranova/uav_ws/install/absl/include/absl/utility/internal/if_constexpr.h
[23.640s] -- Up-to-date: /home/terranova/uav_ws/install/absl/include/absl/utility/utility.h
[23.643s] -- Up-to-date: /home/terranova/uav_ws/install/absl/include/absl/crc
[23.645s] -- Up-to-date: /home/terranova/uav_ws/install/absl/include/absl/crc/internal
[23.645s] -- Up-to-date: /home/terranova/uav_ws/install/absl/include/absl/crc/internal/non_temporal_memcpy.h
[23.649s] -- Up-to-date: /home/terranova/uav_ws/install/absl/include/absl/crc/internal/crc32c_inline.h
[23.665s] -- Up-to-date: /home/terranova/uav_ws/install/absl/include/absl/crc/internal/cpu_detect.h
[23.666s] -- Up-to-date: /home/terranova/uav_ws/install/absl/include/absl/crc/internal/non_temporal_arm_intrinsics.h
[23.666s] -- Up-to-date: /home/terranova/uav_ws/install/absl/include/absl/crc/internal/crc_internal.h
[23.666s] -- Up-to-date: /home/terranova/uav_ws/install/absl/include/absl/crc/internal/crc32_x86_arm_combined_simd.h
[23.667s] -- Up-to-date: /home/terranova/uav_ws/install/absl/include/absl/crc/internal/crc.h
[23.667s] -- Up-to-date: /home/terranova/uav_ws/install/absl/include/absl/crc/internal/crc_memcpy.h
[23.667s] -- Up-to-date: /home/terranova/uav_ws/install/absl/include/absl/crc/internal/crc_cord_state.h
[23.667s] -- Up-to-date: /home/terranova/uav_ws/install/absl/include/absl/crc/internal/crc32c.h
[23.668s] -- Up-to-date: /home/terranova/uav_ws/install/absl/include/absl/crc/crc32c.h
[23.668s] -- Up-to-date: /home/terranova/uav_ws/install/absl/include/absl/functional
[23.668s] -- Up-to-date: /home/terranova/uav_ws/install/absl/include/absl/functional/overload.h
[23.668s] -- Up-to-date: /home/terranova/uav_ws/install/absl/include/absl/functional/internal
[23.669s] -- Up-to-date: /home/terranova/uav_ws/install/absl/include/absl/functional/internal/front_binder.h
[23.669s] -- Up-to-date: /home/terranova/uav_ws/install/absl/include/absl/functional/internal/any_invocable.h
[23.669s] -- Up-to-date: /home/terranova/uav_ws/install/absl/include/absl/functional/internal/function_ref.h
[23.669s] -- Up-to-date: /home/terranova/uav_ws/install/absl/include/absl/functional/any_invocable.h
[23.669s] -- Up-to-date: /home/terranova/uav_ws/install/absl/include/absl/functional/function_ref.h
[23.670s] -- Up-to-date: /home/terranova/uav_ws/install/absl/include/absl/functional/bind_front.h
[23.670s] -- Up-to-date: /home/terranova/uav_ws/install/absl/include/absl/status
[23.670s] -- Up-to-date: /home/terranova/uav_ws/install/absl/include/absl/status/internal
[23.671s] -- Up-to-date: /home/terranova/uav_ws/install/absl/include/absl/status/internal/statusor_internal.h
[23.671s] -- Up-to-date: /home/terranova/uav_ws/install/absl/include/absl/status/internal/status_internal.h
[23.672s] -- Up-to-date: /home/terranova/uav_ws/install/absl/include/absl/status/statusor.h
[23.673s] -- Up-to-date: /home/terranova/uav_ws/install/absl/include/absl/status/status_payload_printer.h
[23.673s] -- Up-to-date: /home/terranova/uav_ws/install/absl/include/absl/status/status.h
[23.673s] -- Up-to-date: /home/terranova/uav_ws/install/absl/include/absl/synchronization
[23.681s] -- Up-to-date: /home/terranova/uav_ws/install/absl/include/absl/synchronization/barrier.h
[23.681s] -- Up-to-date: /home/terranova/uav_ws/install/absl/include/absl/synchronization/internal
[23.682s] -- Up-to-date: /home/terranova/uav_ws/install/absl/include/absl/synchronization/internal/win32_waiter.h
[23.682s] -- Up-to-date: /home/terranova/uav_ws/install/absl/include/absl/synchronization/internal/sem_waiter.h
[23.682s] -- Up-to-date: /home/terranova/uav_ws/install/absl/include/absl/synchronization/internal/create_thread_identity.h
[23.682s] -- Up-to-date: /home/terranova/uav_ws/install/absl/include/absl/synchronization/internal/stdcpp_waiter.h
[23.683s] -- Up-to-date: /home/terranova/uav_ws/install/absl/include/absl/synchronization/internal/pthread_waiter.h
[23.683s] -- Up-to-date: /home/terranova/uav_ws/install/absl/include/absl/synchronization/internal/waiter.h
[23.685s] -- Up-to-date: /home/terranova/uav_ws/install/absl/include/absl/synchronization/internal/waiter_base.h
[23.685s] -- Up-to-date: /home/terranova/uav_ws/install/absl/include/absl/synchronization/internal/thread_pool.h
[23.686s] -- Up-to-date: /home/terranova/uav_ws/install/absl/include/absl/synchronization/internal/futex.h
[23.687s] -- Up-to-date: /home/terranova/uav_ws/install/absl/include/absl/synchronization/internal/futex_waiter.h
[23.687s] -- Up-to-date: /home/terranova/uav_ws/install/absl/include/absl/synchronization/internal/kernel_timeout.h
[23.689s] -- Up-to-date: /home/terranova/uav_ws/install/absl/include/absl/synchronization/internal/per_thread_sem.h
[23.691s] -- Up-to-date: /home/terranova/uav_ws/install/absl/include/absl/synchronization/internal/graphcycles.h
[23.695s] -- Up-to-date: /home/terranova/uav_ws/install/absl/include/absl/synchronization/blocking_counter.h
[23.696s] -- Up-to-date: /home/terranova/uav_ws/install/absl/include/absl/synchronization/notification.h
[23.696s] -- Up-to-date: /home/terranova/uav_ws/install/absl/include/absl/synchronization/mutex.h
[23.697s] -- Up-to-date: /home/terranova/uav_ws/install/absl/include/absl/cleanup
[23.698s] -- Up-to-date: /home/terranova/uav_ws/install/absl/include/absl/cleanup/internal
[23.698s] -- Up-to-date: /home/terranova/uav_ws/install/absl/include/absl/cleanup/internal/cleanup.h
[23.699s] -- Up-to-date: /home/terranova/uav_ws/install/absl/include/absl/cleanup/cleanup.h
[23.700s] -- Up-to-date: /home/terranova/uav_ws/install/absl/include/absl/container
[23.719s] -- Up-to-date: /home/terranova/uav_ws/install/absl/include/absl/container/node_hash_map.h
[23.720s] -- Up-to-date: /home/terranova/uav_ws/install/absl/include/absl/container/flat_hash_map.h
[23.720s] -- Up-to-date: /home/terranova/uav_ws/install/absl/include/absl/container/internal
[23.720s] -- Up-to-date: /home/terranova/uav_ws/install/absl/include/absl/container/internal/unordered_map_lookup_test.h
[23.721s] -- Up-to-date: /home/terranova/uav_ws/install/absl/include/absl/container/internal/hash_policy_testing.h
[23.722s] -- Up-to-date: /home/terranova/uav_ws/install/absl/include/absl/container/internal/unordered_set_members_test.h
[23.722s] -- Up-to-date: /home/terranova/uav_ws/install/absl/include/absl/container/internal/hashtable_debug_hooks.h
[23.723s] -- Up-to-date: /home/terranova/uav_ws/install/absl/include/absl/container/internal/hash_function_defaults.h
[23.723s] -- Up-to-date: /home/terranova/uav_ws/install/absl/include/absl/container/internal/raw_hash_set.h
[23.723s] -- Up-to-date: /home/terranova/uav_ws/install/absl/include/absl/container/internal/unordered_map_modifiers_test.h
[23.724s] -- Up-to-date: /home/terranova/uav_ws/install/absl/include/absl/container/internal/layout.h
[23.724s] -- Up-to-date: /home/terranova/uav_ws/install/absl/include/absl/container/internal/hash_policy_traits.h
[23.726s] -- Up-to-date: /home/terranova/uav_ws/install/absl/include/absl/container/internal/inlined_vector.h
[23.726s] -- Up-to-date: /home/terranova/uav_ws/install/absl/include/absl/container/internal/common_policy_traits.h
[23.727s] -- Up-to-date: /home/terranova/uav_ws/install/absl/include/absl/container/internal/unordered_set_constructor_test.h
[23.728s] -- Up-to-date: /home/terranova/uav_ws/install/absl/include/absl/container/internal/node_slot_policy.h
[23.728s] -- Up-to-date: /home/terranova/uav_ws/install/absl/include/absl/container/internal/container_memory.h
[23.730s] -- Up-to-date: /home/terranova/uav_ws/install/absl/include/absl/container/internal/test_instance_tracker.h
[23.730s] -- Up-to-date: /home/terranova/uav_ws/install/absl/include/absl/container/internal/raw_hash_map.h
[23.740s] -- Up-to-date: /home/terranova/uav_ws/install/absl/include/absl/container/internal/btree_container.h
[23.741s] -- Up-to-date: /home/terranova/uav_ws/install/absl/include/absl/container/internal/hashtable_debug.h
[23.741s] -- Up-to-date: /home/terranova/uav_ws/install/absl/include/absl/container/internal/compressed_tuple.h
[23.742s] -- Up-to-date: /home/terranova/uav_ws/install/absl/include/absl/container/internal/common.h
[23.742s] -- Up-to-date: /home/terranova/uav_ws/install/absl/include/absl/container/internal/unordered_map_constructor_test.h
[23.744s] -- Up-to-date: /home/terranova/uav_ws/install/absl/include/absl/container/internal/unordered_set_modifiers_test.h
[23.744s] -- Up-to-date: /home/terranova/uav_ws/install/absl/include/absl/container/internal/tracked.h
[23.744s] -- Up-to-date: /home/terranova/uav_ws/install/absl/include/absl/container/internal/hash_generator_testing.h
[23.746s] -- Up-to-date: /home/terranova/uav_ws/install/absl/include/absl/container/internal/unordered_map_members_test.h
[23.746s] -- Up-to-date: /home/terranova/uav_ws/install/absl/include/absl/container/internal/btree.h
[23.755s] -- Up-to-date: /home/terranova/uav_ws/install/absl/include/absl/container/internal/test_allocator.h
[23.762s] -- Up-to-date: /home/terranova/uav_ws/install/absl/include/absl/container/internal/unordered_set_lookup_test.h
[23.762s] -- Up-to-date: /home/terranova/uav_ws/install/absl/include/absl/container/internal/hashtablez_sampler.h
[23.765s] -- Up-to-date: /home/terranova/uav_ws/install/absl/include/absl/container/inlined_vector.h
[23.767s] -- Up-to-date: /home/terranova/uav_ws/install/absl/include/absl/container/flat_hash_set.h
[23.767s] -- Up-to-date: /home/terranova/uav_ws/install/absl/include/absl/container/btree_set.h
[23.770s] -- Up-to-date: /home/terranova/uav_ws/install/absl/include/absl/container/fixed_array.h
[23.770s] -- Up-to-date: /home/terranova/uav_ws/install/absl/include/absl/container/btree_test.h
[23.773s] -- Up-to-date: /home/terranova/uav_ws/install/absl/include/absl/container/btree_map.h
[23.774s] -- Up-to-date: /home/terranova/uav_ws/install/absl/include/absl/container/node_hash_set.h
[23.778s] -- Installing: /home/terranova/uav_ws/install/absl/include/absl/base/options.h
[23.780s] -- Up-to-date: /home/terranova/uav_ws/install/absl/lib/pkgconfig/absl_atomic_hook.pc
[23.780s] -- Up-to-date: /home/terranova/uav_ws/install/absl/lib/pkgconfig/absl_errno_saver.pc
[23.783s] -- Up-to-date: /home/terranova/uav_ws/install/absl/lib/pkgconfig/absl_log_severity.pc
[23.783s] -- Up-to-date: /home/terranova/uav_ws/install/absl/lib/libabsl_log_severity.a
[23.785s] -- Up-to-date: /home/terranova/uav_ws/install/absl/lib/pkgconfig/absl_no_destructor.pc
[23.785s] -- Up-to-date: /home/terranova/uav_ws/install/absl/lib/pkgconfig/absl_nullability.pc
[23.786s] -- Up-to-date: /home/terranova/uav_ws/install/absl/lib/pkgconfig/absl_raw_logging_internal.pc
[23.787s] -- Up-to-date: /home/terranova/uav_ws/install/absl/lib/libabsl_raw_logging_internal.a
[23.788s] -- Up-to-date: /home/terranova/uav_ws/install/absl/lib/pkgconfig/absl_spinlock_wait.pc
[23.790s] -- Up-to-date: /home/terranova/uav_ws/install/absl/lib/libabsl_spinlock_wait.a
[23.791s] -- Up-to-date: /home/terranova/uav_ws/install/absl/lib/pkgconfig/absl_config.pc
[23.791s] -- Up-to-date: /home/terranova/uav_ws/install/absl/lib/pkgconfig/absl_dynamic_annotations.pc
[23.794s] -- Up-to-date: /home/terranova/uav_ws/install/absl/lib/pkgconfig/absl_core_headers.pc
[23.800s] -- Up-to-date: /home/terranova/uav_ws/install/absl/lib/pkgconfig/absl_malloc_internal.pc
[23.801s] -- Up-to-date: /home/terranova/uav_ws/install/absl/lib/libabsl_malloc_internal.a
[23.802s] -- Up-to-date: /home/terranova/uav_ws/install/absl/lib/pkgconfig/absl_base_internal.pc
[23.803s] -- Up-to-date: /home/terranova/uav_ws/install/absl/lib/pkgconfig/absl_base.pc
[23.805s] -- Up-to-date: /home/terranova/uav_ws/install/absl/lib/libabsl_base.a
[23.805s] -- Up-to-date: /home/terranova/uav_ws/install/absl/lib/pkgconfig/absl_throw_delegate.pc
[23.810s] -- Up-to-date: /home/terranova/uav_ws/install/absl/lib/libabsl_throw_delegate.a
[23.812s] -- Up-to-date: /home/terranova/uav_ws/install/absl/lib/pkgconfig/absl_pretty_function.pc
[23.812s] -- Up-to-date: /home/terranova/uav_ws/install/absl/lib/pkgconfig/absl_endian.pc
[23.815s] -- Up-to-date: /home/terranova/uav_ws/install/absl/lib/pkgconfig/absl_scoped_set_env.pc
[23.816s] -- Up-to-date: /home/terranova/uav_ws/install/absl/lib/libabsl_scoped_set_env.a
[23.816s] -- Up-to-date: /home/terranova/uav_ws/install/absl/lib/pkgconfig/absl_strerror.pc
[23.818s] -- Up-to-date: /home/terranova/uav_ws/install/absl/lib/libabsl_strerror.a
[23.818s] -- Up-to-date: /home/terranova/uav_ws/install/absl/lib/pkgconfig/absl_fast_type_id.pc
[23.820s] -- Up-to-date: /home/terranova/uav_ws/install/absl/lib/pkgconfig/absl_prefetch.pc
[23.820s] -- Up-to-date: /home/terranova/uav_ws/install/absl/lib/pkgconfig/absl_algorithm.pc
[23.820s] -- Up-to-date: /home/terranova/uav_ws/install/absl/lib/pkgconfig/absl_algorithm_container.pc
[23.822s] -- Up-to-date: /home/terranova/uav_ws/install/absl/lib/pkgconfig/absl_cleanup_internal.pc
[23.822s] -- Up-to-date: /home/terranova/uav_ws/install/absl/lib/pkgconfig/absl_cleanup.pc
[23.824s] -- Up-to-date: /home/terranova/uav_ws/install/absl/lib/pkgconfig/absl_btree.pc
[23.824s] -- Up-to-date: /home/terranova/uav_ws/install/absl/lib/pkgconfig/absl_compressed_tuple.pc
[23.828s] -- Up-to-date: /home/terranova/uav_ws/install/absl/lib/pkgconfig/absl_fixed_array.pc
[23.831s] -- Up-to-date: /home/terranova/uav_ws/install/absl/lib/pkgconfig/absl_inlined_vector_internal.pc
[23.834s] -- Up-to-date: /home/terranova/uav_ws/install/absl/lib/pkgconfig/absl_inlined_vector.pc
[23.834s] -- Up-to-date: /home/terranova/uav_ws/install/absl/lib/pkgconfig/absl_flat_hash_map.pc
[23.838s] -- Up-to-date: /home/terranova/uav_ws/install/absl/lib/pkgconfig/absl_flat_hash_set.pc
[23.839s] -- Up-to-date: /home/terranova/uav_ws/install/absl/lib/pkgconfig/absl_node_hash_map.pc
[23.840s] -- Up-to-date: /home/terranova/uav_ws/install/absl/lib/pkgconfig/absl_node_hash_set.pc
[23.846s] -- Up-to-date: /home/terranova/uav_ws/install/absl/lib/pkgconfig/absl_container_memory.pc
[23.846s] -- Up-to-date: /home/terranova/uav_ws/install/absl/lib/pkgconfig/absl_hash_function_defaults.pc
[23.850s] -- Up-to-date: /home/terranova/uav_ws/install/absl/lib/pkgconfig/absl_hash_policy_traits.pc
[23.851s] -- Up-to-date: /home/terranova/uav_ws/install/absl/lib/pkgconfig/absl_common_policy_traits.pc
[23.854s] -- Up-to-date: /home/terranova/uav_ws/install/absl/lib/pkgconfig/absl_hashtablez_sampler.pc
[23.854s] -- Up-to-date: /home/terranova/uav_ws/install/absl/lib/libabsl_hashtablez_sampler.a
[23.855s] -- Up-to-date: /home/terranova/uav_ws/install/absl/lib/pkgconfig/absl_hashtable_debug.pc
[23.857s] -- Up-to-date: /home/terranova/uav_ws/install/absl/lib/pkgconfig/absl_hashtable_debug_hooks.pc
[23.857s] -- Up-to-date: /home/terranova/uav_ws/install/absl/lib/pkgconfig/absl_node_slot_policy.pc
[23.857s] -- Up-to-date: /home/terranova/uav_ws/install/absl/lib/pkgconfig/absl_raw_hash_map.pc
[23.863s] -- Up-to-date: /home/terranova/uav_ws/install/absl/lib/pkgconfig/absl_container_common.pc
[23.865s] -- Up-to-date: /home/terranova/uav_ws/install/absl/lib/pkgconfig/absl_raw_hash_set.pc
[23.866s] -- Up-to-date: /home/terranova/uav_ws/install/absl/lib/libabsl_raw_hash_set.a
[23.871s] -- Up-to-date: /home/terranova/uav_ws/install/absl/lib/pkgconfig/absl_layout.pc
[23.872s] -- Up-to-date: /home/terranova/uav_ws/install/absl/lib/pkgconfig/absl_crc_cpu_detect.pc
[23.872s] -- Up-to-date: /home/terranova/uav_ws/install/absl/lib/libabsl_crc_cpu_detect.a
[23.874s] -- Up-to-date: /home/terranova/uav_ws/install/absl/lib/pkgconfig/absl_crc_internal.pc
[23.874s] -- Up-to-date: /home/terranova/uav_ws/install/absl/lib/libabsl_crc_internal.a
[23.881s] -- Up-to-date: /home/terranova/uav_ws/install/absl/lib/pkgconfig/absl_crc32c.pc
[23.883s] -- Up-to-date: /home/terranova/uav_ws/install/absl/lib/libabsl_crc32c.a
[23.884s] -- Up-to-date: /home/terranova/uav_ws/install/absl/lib/pkgconfig/absl_non_temporal_arm_intrinsics.pc
[23.885s] -- Up-to-date: /home/terranova/uav_ws/install/absl/lib/pkgconfig/absl_non_temporal_memcpy.pc
[23.888s] -- Up-to-date: /home/terranova/uav_ws/install/absl/lib/pkgconfig/absl_crc_cord_state.pc
[23.891s] -- Up-to-date: /home/terranova/uav_ws/install/absl/lib/libabsl_crc_cord_state.a
[23.892s] -- Up-to-date: /home/terranova/uav_ws/install/absl/lib/pkgconfig/absl_stacktrace.pc
[23.895s] -- Up-to-date: /home/terranova/uav_ws/install/absl/lib/libabsl_stacktrace.a
[23.897s] -- Up-to-date: /home/terranova/uav_ws/install/absl/lib/pkgconfig/absl_symbolize.pc
[23.899s] -- Up-to-date: /home/terranova/uav_ws/install/absl/lib/libabsl_symbolize.a
[23.902s] -- Up-to-date: /home/terranova/uav_ws/install/absl/lib/pkgconfig/absl_examine_stack.pc
[23.902s] -- Up-to-date: /home/terranova/uav_ws/install/absl/lib/libabsl_examine_stack.a
[23.904s] -- Up-to-date: /home/terranova/uav_ws/install/absl/lib/pkgconfig/absl_failure_signal_handler.pc
[23.905s] -- Up-to-date: /home/terranova/uav_ws/install/absl/lib/libabsl_failure_signal_handler.a
[23.907s] -- Up-to-date: /home/terranova/uav_ws/install/absl/lib/pkgconfig/absl_debugging_internal.pc
[23.909s] -- Up-to-date: /home/terranova/uav_ws/install/absl/lib/libabsl_debugging_internal.a
[23.909s] -- Up-to-date: /home/terranova/uav_ws/install/absl/lib/pkgconfig/absl_demangle_internal.pc
[23.914s] -- Up-to-date: /home/terranova/uav_ws/install/absl/lib/libabsl_demangle_internal.a
[23.918s] -- Up-to-date: /home/terranova/uav_ws/install/absl/lib/pkgconfig/absl_leak_check.pc
[23.919s] -- Up-to-date: /home/terranova/uav_ws/install/absl/lib/libabsl_leak_check.a
[23.919s] -- Up-to-date: /home/terranova/uav_ws/install/absl/lib/pkgconfig/absl_debugging.pc
[23.923s] -- Up-to-date: /home/terranova/uav_ws/install/absl/lib/pkgconfig/absl_flags_path_util.pc
[23.924s] -- Up-to-date: /home/terranova/uav_ws/install/absl/lib/pkgconfig/absl_flags_program_name.pc
[23.933s] -- Up-to-date: /home/terranova/uav_ws/install/absl/lib/libabsl_flags_program_name.a
[23.935s] -- Up-to-date: /home/terranova/uav_ws/install/absl/lib/pkgconfig/absl_flags_config.pc
[23.935s] -- Up-to-date: /home/terranova/uav_ws/install/absl/lib/libabsl_flags_config.a
[23.940s] -- Up-to-date: /home/terranova/uav_ws/install/absl/lib/pkgconfig/absl_flags_marshalling.pc
[23.956s] -- Up-to-date: /home/terranova/uav_ws/install/absl/lib/libabsl_flags_marshalling.a
[23.960s] -- Up-to-date: /home/terranova/uav_ws/install/absl/lib/pkgconfig/absl_flags_commandlineflag_internal.pc
[23.960s] -- Up-to-date: /home/terranova/uav_ws/install/absl/lib/libabsl_flags_commandlineflag_internal.a
[23.967s] -- Up-to-date: /home/terranova/uav_ws/install/absl/lib/pkgconfig/absl_flags_commandlineflag.pc
[23.967s] -- Up-to-date: /home/terranova/uav_ws/install/absl/lib/libabsl_flags_commandlineflag.a
[23.969s] -- Up-to-date: /home/terranova/uav_ws/install/absl/lib/pkgconfig/absl_flags_private_handle_accessor.pc
[23.973s] -- Up-to-date: /home/terranova/uav_ws/install/absl/lib/libabsl_flags_private_handle_accessor.a
[23.975s] -- Up-to-date: /home/terranova/uav_ws/install/absl/lib/pkgconfig/absl_flags_reflection.pc
[23.976s] -- Up-to-date: /home/terranova/uav_ws/install/absl/lib/libabsl_flags_reflection.a
[23.977s] -- Up-to-date: /home/terranova/uav_ws/install/absl/lib/pkgconfig/absl_flags_internal.pc
[23.978s] -- Up-to-date: /home/terranova/uav_ws/install/absl/lib/libabsl_flags_internal.a
[23.980s] -- Up-to-date: /home/terranova/uav_ws/install/absl/lib/pkgconfig/absl_flags.pc
[23.980s] -- Up-to-date: /home/terranova/uav_ws/install/absl/lib/pkgconfig/absl_flags_usage_internal.pc
[23.982s] -- Up-to-date: /home/terranova/uav_ws/install/absl/lib/libabsl_flags_usage_internal.a
[23.982s] -- Up-to-date: /home/terranova/uav_ws/install/absl/lib/pkgconfig/absl_flags_usage.pc
[23.984s] -- Up-to-date: /home/terranova/uav_ws/install/absl/lib/libabsl_flags_usage.a
[23.985s] -- Up-to-date: /home/terranova/uav_ws/install/absl/lib/pkgconfig/absl_flags_parse.pc
[23.986s] -- Up-to-date: /home/terranova/uav_ws/install/absl/lib/libabsl_flags_parse.a
[23.987s] -- Up-to-date: /home/terranova/uav_ws/install/absl/lib/pkgconfig/absl_any_invocable.pc
[23.990s] -- Up-to-date: /home/terranova/uav_ws/install/absl/lib/pkgconfig/absl_bind_front.pc
[23.990s] -- Up-to-date: /home/terranova/uav_ws/install/absl/lib/pkgconfig/absl_function_ref.pc
[23.994s] -- Up-to-date: /home/terranova/uav_ws/install/absl/lib/pkgconfig/absl_overload.pc
[23.996s] -- Up-to-date: /home/terranova/uav_ws/install/absl/lib/pkgconfig/absl_hash.pc
[23.996s] -- Up-to-date: /home/terranova/uav_ws/install/absl/lib/libabsl_hash.a
[23.998s] -- Up-to-date: /home/terranova/uav_ws/install/absl/lib/pkgconfig/absl_city.pc
[23.999s] -- Up-to-date: /home/terranova/uav_ws/install/absl/lib/libabsl_city.a
[24.001s] -- Up-to-date: /home/terranova/uav_ws/install/absl/lib/pkgconfig/absl_low_level_hash.pc
[24.001s] -- Up-to-date: /home/terranova/uav_ws/install/absl/lib/libabsl_low_level_hash.a
[24.003s] -- Up-to-date: /home/terranova/uav_ws/install/absl/lib/pkgconfig/absl_log_internal_check_impl.pc
[24.004s] -- Up-to-date: /home/terranova/uav_ws/install/absl/lib/pkgconfig/absl_log_internal_check_op.pc
[24.004s] -- Up-to-date: /home/terranova/uav_ws/install/absl/lib/libabsl_log_internal_check_op.a
[24.004s] -- Up-to-date: /home/terranova/uav_ws/install/absl/lib/pkgconfig/absl_log_internal_conditions.pc
[24.006s] -- Up-to-date: /home/terranova/uav_ws/install/absl/lib/libabsl_log_internal_conditions.a
[24.010s] -- Up-to-date: /home/terranova/uav_ws/install/absl/lib/pkgconfig/absl_log_internal_config.pc
[24.011s] -- Up-to-date: /home/terranova/uav_ws/install/absl/lib/pkgconfig/absl_log_internal_flags.pc
[24.020s] -- Up-to-date: /home/terranova/uav_ws/install/absl/lib/pkgconfig/absl_log_internal_format.pc
[24.021s] -- Up-to-date: /home/terranova/uav_ws/install/absl/lib/libabsl_log_internal_format.a
[24.021s] -- Up-to-date: /home/terranova/uav_ws/install/absl/lib/pkgconfig/absl_log_internal_globals.pc
[24.022s] -- Up-to-date: /home/terranova/uav_ws/install/absl/lib/libabsl_log_internal_globals.a
[24.023s] -- Up-to-date: /home/terranova/uav_ws/install/absl/lib/pkgconfig/absl_log_internal_log_impl.pc
[24.023s] -- Up-to-date: /home/terranova/uav_ws/install/absl/lib/pkgconfig/absl_log_internal_proto.pc
[24.024s] -- Up-to-date: /home/terranova/uav_ws/install/absl/lib/libabsl_log_internal_proto.a
[24.026s] -- Up-to-date: /home/terranova/uav_ws/install/absl/lib/pkgconfig/absl_log_internal_message.pc
[24.028s] -- Up-to-date: /home/terranova/uav_ws/install/absl/lib/libabsl_log_internal_message.a
[24.028s] -- Up-to-date: /home/terranova/uav_ws/install/absl/lib/pkgconfig/absl_log_internal_log_sink_set.pc
[24.029s] -- Up-to-date: /home/terranova/uav_ws/install/absl/lib/libabsl_log_internal_log_sink_set.a
[24.031s] -- Up-to-date: /home/terranova/uav_ws/install/absl/lib/pkgconfig/absl_log_internal_nullguard.pc
[24.032s] -- Up-to-date: /home/terranova/uav_ws/install/absl/lib/libabsl_log_internal_nullguard.a
[24.033s] -- Up-to-date: /home/terranova/uav_ws/install/absl/lib/pkgconfig/absl_log_internal_nullstream.pc
[24.035s] -- Up-to-date: /home/terranova/uav_ws/install/absl/lib/pkgconfig/absl_log_internal_strip.pc
[24.035s] -- Up-to-date: /home/terranova/uav_ws/install/absl/lib/pkgconfig/absl_log_internal_voidify.pc
[24.037s] -- Up-to-date: /home/terranova/uav_ws/install/absl/lib/pkgconfig/absl_log_internal_append_truncated.pc
[24.039s] -- Up-to-date: /home/terranova/uav_ws/install/absl/lib/pkgconfig/absl_absl_check.pc
[24.039s] -- Up-to-date: /home/terranova/uav_ws/install/absl/lib/pkgconfig/absl_absl_log.pc
[24.041s] -- Up-to-date: /home/terranova/uav_ws/install/absl/lib/pkgconfig/absl_check.pc
[24.041s] -- Up-to-date: /home/terranova/uav_ws/install/absl/lib/pkgconfig/absl_die_if_null.pc
[24.042s] -- Up-to-date: /home/terranova/uav_ws/install/absl/lib/libabsl_die_if_null.a
[24.044s] -- Up-to-date: /home/terranova/uav_ws/install/absl/lib/pkgconfig/absl_log_flags.pc
[24.045s] -- Up-to-date: /home/terranova/uav_ws/install/absl/lib/libabsl_log_flags.a
[24.046s] -- Up-to-date: /home/terranova/uav_ws/install/absl/lib/pkgconfig/absl_log_globals.pc
[24.052s] -- Up-to-date: /home/terranova/uav_ws/install/absl/lib/libabsl_log_globals.a
[24.053s] -- Up-to-date: /home/terranova/uav_ws/install/absl/lib/pkgconfig/absl_log_initialize.pc
[24.054s] -- Up-to-date: /home/terranova/uav_ws/install/absl/lib/libabsl_log_initialize.a
[24.055s] -- Up-to-date: /home/terranova/uav_ws/install/absl/lib/pkgconfig/absl_log.pc
[24.057s] -- Up-to-date: /home/terranova/uav_ws/install/absl/lib/pkgconfig/absl_log_entry.pc
[24.058s] -- Up-to-date: /home/terranova/uav_ws/install/absl/lib/libabsl_log_entry.a
[24.061s] -- Up-to-date: /home/terranova/uav_ws/install/absl/lib/pkgconfig/absl_log_sink.pc
[24.061s] -- Up-to-date: /home/terranova/uav_ws/install/absl/lib/libabsl_log_sink.a
[24.065s] -- Up-to-date: /home/terranova/uav_ws/install/absl/lib/pkgconfig/absl_log_sink_registry.pc
[24.066s] -- Up-to-date: /home/terranova/uav_ws/install/absl/lib/pkgconfig/absl_log_streamer.pc
[24.071s] -- Up-to-date: /home/terranova/uav_ws/install/absl/lib/pkgconfig/absl_log_internal_structured.pc
[24.072s] -- Up-to-date: /home/terranova/uav_ws/install/absl/lib/pkgconfig/absl_log_structured.pc
[24.082s] -- Up-to-date: /home/terranova/uav_ws/install/absl/lib/pkgconfig/absl_vlog_config_internal.pc
[24.089s] -- Up-to-date: /home/terranova/uav_ws/install/absl/lib/libabsl_vlog_config_internal.a
[24.096s] -- Up-to-date: /home/terranova/uav_ws/install/absl/lib/pkgconfig/absl_absl_vlog_is_on.pc
[24.112s] -- Up-to-date: /home/terranova/uav_ws/install/absl/lib/pkgconfig/absl_vlog_is_on.pc
[24.116s] -- Up-to-date: /home/terranova/uav_ws/install/absl/lib/pkgconfig/absl_log_internal_fnmatch.pc
[24.126s] -- Up-to-date: /home/terranova/uav_ws/install/absl/lib/libabsl_log_internal_fnmatch.a
[24.127s] -- Up-to-date: /home/terranova/uav_ws/install/absl/lib/pkgconfig/absl_memory.pc
[24.133s] -- Up-to-date: /home/terranova/uav_ws/install/absl/lib/pkgconfig/absl_type_traits.pc
[24.137s] -- Up-to-date: /home/terranova/uav_ws/install/absl/lib/pkgconfig/absl_meta.pc
[24.145s] -- Up-to-date: /home/terranova/uav_ws/install/absl/lib/pkgconfig/absl_bits.pc
[24.150s] -- Up-to-date: /home/terranova/uav_ws/install/absl/lib/pkgconfig/absl_int128.pc
[24.155s] -- Up-to-date: /home/terranova/uav_ws/install/absl/lib/libabsl_int128.a
[24.156s] -- Up-to-date: /home/terranova/uav_ws/install/absl/lib/pkgconfig/absl_numeric.pc
[24.170s] -- Up-to-date: /home/terranova/uav_ws/install/absl/lib/pkgconfig/absl_numeric_representation.pc
[24.170s] -- Up-to-date: /home/terranova/uav_ws/install/absl/lib/pkgconfig/absl_sample_recorder.pc
[24.178s] -- Up-to-date: /home/terranova/uav_ws/install/absl/lib/pkgconfig/absl_exponential_biased.pc
[24.179s] -- Up-to-date: /home/terranova/uav_ws/install/absl/lib/libabsl_exponential_biased.a
[24.181s] -- Up-to-date: /home/terranova/uav_ws/install/absl/lib/pkgconfig/absl_periodic_sampler.pc
[24.181s] -- Up-to-date: /home/terranova/uav_ws/install/absl/lib/libabsl_periodic_sampler.a
[24.184s] -- Up-to-date: /home/terranova/uav_ws/install/absl/lib/pkgconfig/absl_random_random.pc
[24.185s] -- Up-to-date: /home/terranova/uav_ws/install/absl/lib/pkgconfig/absl_random_bit_gen_ref.pc
[24.186s] -- Up-to-date: /home/terranova/uav_ws/install/absl/lib/pkgconfig/absl_random_internal_mock_helpers.pc
[24.186s] -- Up-to-date: /home/terranova/uav_ws/install/absl/lib/pkgconfig/absl_random_distributions.pc
[24.187s] -- Up-to-date: /home/terranova/uav_ws/install/absl/lib/libabsl_random_distributions.a
[24.188s] -- Up-to-date: /home/terranova/uav_ws/install/absl/lib/pkgconfig/absl_random_seed_gen_exception.pc
[24.188s] -- Up-to-date: /home/terranova/uav_ws/install/absl/lib/libabsl_random_seed_gen_exception.a
[24.189s] -- Up-to-date: /home/terranova/uav_ws/install/absl/lib/pkgconfig/absl_random_seed_sequences.pc
[24.191s] -- Up-to-date: /home/terranova/uav_ws/install/absl/lib/libabsl_random_seed_sequences.a
[24.192s] -- Up-to-date: /home/terranova/uav_ws/install/absl/lib/pkgconfig/absl_random_internal_traits.pc
[24.193s] -- Up-to-date: /home/terranova/uav_ws/install/absl/lib/pkgconfig/absl_random_internal_distribution_caller.pc
[24.193s] -- Up-to-date: /home/terranova/uav_ws/install/absl/lib/pkgconfig/absl_random_internal_fast_uniform_bits.pc
[24.194s] -- Up-to-date: /home/terranova/uav_ws/install/absl/lib/pkgconfig/absl_random_internal_seed_material.pc
[24.194s] -- Up-to-date: /home/terranova/uav_ws/install/absl/lib/libabsl_random_internal_seed_material.a
[24.197s] -- Up-to-date: /home/terranova/uav_ws/install/absl/lib/pkgconfig/absl_random_internal_pool_urbg.pc
[24.201s] -- Up-to-date: /home/terranova/uav_ws/install/absl/lib/libabsl_random_internal_pool_urbg.a
[24.202s] -- Up-to-date: /home/terranova/uav_ws/install/absl/lib/pkgconfig/absl_random_internal_salted_seed_seq.pc
[24.202s] -- Up-to-date: /home/terranova/uav_ws/install/absl/lib/pkgconfig/absl_random_internal_iostream_state_saver.pc
[24.203s] -- Up-to-date: /home/terranova/uav_ws/install/absl/lib/pkgconfig/absl_random_internal_generate_real.pc
[24.203s] -- Up-to-date: /home/terranova/uav_ws/install/absl/lib/pkgconfig/absl_random_internal_wide_multiply.pc
[24.204s] -- Up-to-date: /home/terranova/uav_ws/install/absl/lib/pkgconfig/absl_random_internal_fastmath.pc
[24.204s] -- Up-to-date: /home/terranova/uav_ws/install/absl/lib/pkgconfig/absl_random_internal_nonsecure_base.pc
[24.205s] -- Up-to-date: /home/terranova/uav_ws/install/absl/lib/pkgconfig/absl_random_internal_pcg_engine.pc
[24.206s] -- Up-to-date: /home/terranova/uav_ws/install/absl/lib/pkgconfig/absl_random_internal_randen_engine.pc
[24.207s] -- Up-to-date: /home/terranova/uav_ws/install/absl/lib/pkgconfig/absl_random_internal_platform.pc
[24.208s] -- Up-to-date: /home/terranova/uav_ws/install/absl/lib/libabsl_random_internal_platform.a
[24.214s] -- Up-to-date: /home/terranova/uav_ws/install/absl/lib/pkgconfig/absl_random_internal_randen.pc
[24.218s] -- Up-to-date: /home/terranova/uav_ws/install/absl/lib/libabsl_random_internal_randen.a
[24.221s] -- Up-to-date: /home/terranova/uav_ws/install/absl/lib/pkgconfig/absl_random_internal_randen_slow.pc
[24.229s] -- Up-to-date: /home/terranova/uav_ws/install/absl/lib/libabsl_random_internal_randen_slow.a
[24.233s] -- Up-to-date: /home/terranova/uav_ws/install/absl/lib/pkgconfig/absl_random_internal_randen_hwaes.pc
[24.234s] -- Up-to-date: /home/terranova/uav_ws/install/absl/lib/libabsl_random_internal_randen_hwaes.a
[24.238s] -- Up-to-date: /home/terranova/uav_ws/install/absl/lib/pkgconfig/absl_random_internal_randen_hwaes_impl.pc
[24.241s] -- Up-to-date: /home/terranova/uav_ws/install/absl/lib/libabsl_random_internal_randen_hwaes_impl.a
[24.242s] -- Up-to-date: /home/terranova/uav_ws/install/absl/lib/pkgconfig/absl_random_internal_distribution_test_util.pc
[24.245s] -- Up-to-date: /home/terranova/uav_ws/install/absl/lib/libabsl_random_internal_distribution_test_util.a
[24.247s] -- Up-to-date: /home/terranova/uav_ws/install/absl/lib/pkgconfig/absl_random_internal_uniform_helper.pc
[24.247s] -- Up-to-date: /home/terranova/uav_ws/install/absl/lib/pkgconfig/absl_status.pc
[24.251s] -- Up-to-date: /home/terranova/uav_ws/install/absl/lib/libabsl_status.a
[24.255s] -- Up-to-date: /home/terranova/uav_ws/install/absl/lib/pkgconfig/absl_statusor.pc
[24.258s] -- Up-to-date: /home/terranova/uav_ws/install/absl/lib/libabsl_statusor.a
[24.265s] -- Up-to-date: /home/terranova/uav_ws/install/absl/lib/pkgconfig/absl_string_view.pc
[24.271s] -- Up-to-date: /home/terranova/uav_ws/install/absl/lib/libabsl_string_view.a
[24.272s] -- Up-to-date: /home/terranova/uav_ws/install/absl/lib/pkgconfig/absl_strings.pc
[24.277s] -- Up-to-date: /home/terranova/uav_ws/install/absl/lib/libabsl_strings.a
[24.283s] -- Up-to-date: /home/terranova/uav_ws/install/absl/lib/pkgconfig/absl_charset.pc
[24.287s] -- Up-to-date: /home/terranova/uav_ws/install/absl/lib/pkgconfig/absl_has_ostream_operator.pc
[24.292s] -- Up-to-date: /home/terranova/uav_ws/install/absl/lib/pkgconfig/absl_strings_internal.pc
[24.295s] -- Up-to-date: /home/terranova/uav_ws/install/absl/lib/libabsl_strings_internal.a
[24.299s] -- Up-to-date: /home/terranova/uav_ws/install/absl/lib/pkgconfig/absl_str_format.pc
[24.304s] -- Up-to-date: /home/terranova/uav_ws/install/absl/lib/pkgconfig/absl_str_format_internal.pc
[24.306s] -- Up-to-date: /home/terranova/uav_ws/install/absl/lib/libabsl_str_format_internal.a
[24.309s] -- Up-to-date: /home/terranova/uav_ws/install/absl/lib/pkgconfig/absl_cord_internal.pc
[24.312s] -- Up-to-date: /home/terranova/uav_ws/install/absl/lib/libabsl_cord_internal.a
[24.313s] -- Up-to-date: /home/terranova/uav_ws/install/absl/lib/pkgconfig/absl_cordz_update_tracker.pc
[24.313s] -- Up-to-date: /home/terranova/uav_ws/install/absl/lib/pkgconfig/absl_cordz_functions.pc
[24.314s] -- Up-to-date: /home/terranova/uav_ws/install/absl/lib/libabsl_cordz_functions.a
[24.315s] -- Up-to-date: /home/terranova/uav_ws/install/absl/lib/pkgconfig/absl_cordz_statistics.pc
[24.316s] -- Up-to-date: /home/terranova/uav_ws/install/absl/lib/pkgconfig/absl_cordz_handle.pc
[24.316s] -- Up-to-date: /home/terranova/uav_ws/install/absl/lib/libabsl_cordz_handle.a
[24.319s] -- Up-to-date: /home/terranova/uav_ws/install/absl/lib/pkgconfig/absl_cordz_info.pc
[24.320s] -- Up-to-date: /home/terranova/uav_ws/install/absl/lib/libabsl_cordz_info.a
[24.321s] -- Up-to-date: /home/terranova/uav_ws/install/absl/lib/pkgconfig/absl_cordz_sample_token.pc
[24.322s] -- Up-to-date: /home/terranova/uav_ws/install/absl/lib/libabsl_cordz_sample_token.a
[24.322s] -- Up-to-date: /home/terranova/uav_ws/install/absl/lib/pkgconfig/absl_cordz_update_scope.pc
[24.323s] -- Up-to-date: /home/terranova/uav_ws/install/absl/lib/pkgconfig/absl_cord.pc
[24.328s] -- Up-to-date: /home/terranova/uav_ws/install/absl/lib/libabsl_cord.a
[24.329s] -- Up-to-date: /home/terranova/uav_ws/install/absl/lib/pkgconfig/absl_graphcycles_internal.pc
[24.330s] -- Up-to-date: /home/terranova/uav_ws/install/absl/lib/libabsl_graphcycles_internal.a
[24.331s] -- Up-to-date: /home/terranova/uav_ws/install/absl/lib/pkgconfig/absl_kernel_timeout_internal.pc
[24.331s] -- Up-to-date: /home/terranova/uav_ws/install/absl/lib/libabsl_kernel_timeout_internal.a
[24.332s] -- Up-to-date: /home/terranova/uav_ws/install/absl/lib/pkgconfig/absl_synchronization.pc
[24.332s] -- Up-to-date: /home/terranova/uav_ws/install/absl/lib/libabsl_synchronization.a
[24.333s] -- Up-to-date: /home/terranova/uav_ws/install/absl/lib/pkgconfig/absl_time.pc
[24.334s] -- Up-to-date: /home/terranova/uav_ws/install/absl/lib/libabsl_time.a
[24.334s] -- Up-to-date: /home/terranova/uav_ws/install/absl/lib/pkgconfig/absl_civil_time.pc
[24.335s] -- Up-to-date: /home/terranova/uav_ws/install/absl/lib/libabsl_civil_time.a
[24.336s] -- Up-to-date: /home/terranova/uav_ws/install/absl/lib/pkgconfig/absl_time_zone.pc
[24.336s] -- Up-to-date: /home/terranova/uav_ws/install/absl/lib/libabsl_time_zone.a
[24.340s] -- Up-to-date: /home/terranova/uav_ws/install/absl/lib/pkgconfig/absl_any.pc
[24.340s] -- Up-to-date: /home/terranova/uav_ws/install/absl/lib/pkgconfig/absl_bad_any_cast.pc
[24.341s] -- Up-to-date: /home/terranova/uav_ws/install/absl/lib/pkgconfig/absl_bad_any_cast_impl.pc
[24.341s] -- Up-to-date: /home/terranova/uav_ws/install/absl/lib/libabsl_bad_any_cast_impl.a
[24.342s] -- Up-to-date: /home/terranova/uav_ws/install/absl/lib/pkgconfig/absl_span.pc
[24.342s] -- Up-to-date: /home/terranova/uav_ws/install/absl/lib/pkgconfig/absl_optional.pc
[24.343s] -- Up-to-date: /home/terranova/uav_ws/install/absl/lib/pkgconfig/absl_bad_optional_access.pc
[24.344s] -- Up-to-date: /home/terranova/uav_ws/install/absl/lib/libabsl_bad_optional_access.a
[24.344s] -- Up-to-date: /home/terranova/uav_ws/install/absl/lib/pkgconfig/absl_bad_variant_access.pc
[24.345s] -- Up-to-date: /home/terranova/uav_ws/install/absl/lib/libabsl_bad_variant_access.a
[24.346s] -- Up-to-date: /home/terranova/uav_ws/install/absl/lib/pkgconfig/absl_variant.pc
[24.347s] -- Up-to-date: /home/terranova/uav_ws/install/absl/lib/pkgconfig/absl_compare.pc
[24.347s] -- Up-to-date: /home/terranova/uav_ws/install/absl/lib/pkgconfig/absl_utility.pc
[24.348s] -- Up-to-date: /home/terranova/uav_ws/install/absl/lib/pkgconfig/absl_if_constexpr.pc
[24.349s] Invoked command in '/home/terranova/uav_ws/build/absl' returned '0': /home/terranova/.local/bin/cmake --install /home/terranova/uav_ws/build/absl
