[0.065s] Invoking command in '/home/terranova/uav_ws/build/pcl_msgs': CMAKE_PREFIX_PATH=/home/terranova/uav_ws/install/vision_opencv:/home/terranova/uav_ws/install/uav_gazebo:/home/terranova/uav_ws/install/uav_cartographer:/home/terranova/uav_ws/install/turtlebot3:/home/terranova/uav_ws/install/turtlebot3_simulations:/home/terranova/uav_ws/install/turtlebot3_bringup:/home/terranova/uav_ws/install/turtlebot3_node:/home/terranova/uav_ws/install/turtlebot3_navigation2:/home/terranova/uav_ws/install/turtlebot3_fake_node:/home/terranova/uav_ws/install/turtlebot3_msgs:/home/terranova/uav_ws/install/turtlebot3_gazebo:/home/terranova/uav_ws/install/turtlebot3_description:/home/terranova/uav_ws/install/turtlebot3_cartographer:/home/terranova/uav_ws/install/turtlebot3_teleop:/home/terranova/uav_ws/install/turtlebot3_example:/home/terranova/uav_ws/install/opencv_tests:/home/terranova/uav_ws/install/joint_state_publisher_gui:/home/terranova/uav_ws/install/joint_state_publisher:/opt/ros/foxy:/home/terranova/uav_ws/install/realsense_gazebo_plugin:/home/terranova/uav_ws/install/perception_pcl:/home/terranova/uav_ws/install/pcl_ros:/home/terranova/uav_ws/install/pcl_conversions:/home/terranova/uav_ws/install/pcl_msgs:/home/terranova/uav_ws/install/image_geometry:/home/terranova/uav_ws/install/hls_lfcd_lds_driver:/home/terranova/uav_ws/install/gazebo_ros_pkgs:/home/terranova/uav_ws/install/gazebo_plugins:/home/terranova/uav_ws/install/gazebo_ros:/home/terranova/uav_ws/install/gazebo_msgs:/home/terranova/uav_ws/install/gazebo_dev:/home/terranova/uav_ws/install/dynamixel_sdk_examples:/home/terranova/uav_ws/install/dynamixel_sdk_custom_interfaces:/home/terranova/uav_ws/install/dynamixel_sdk:/home/terranova/uav_ws/install/cv_bridge:/home/terranova/uav_ws/install/absl /home/terranova/.local/bin/cmake --build /home/terranova/uav_ws/build/pcl_msgs -- -j4 -l4
[0.284s] [  1%] Built target pcl_msgs__cpp
[0.318s] [ 12%] Built target pcl_msgs__rosidl_generator_c
[0.354s] [ 23%] Built target pcl_msgs__rosidl_typesupport_cpp
[0.401s] [ 34%] Built target pcl_msgs__rosidl_typesupport_introspection_cpp
[0.401s] [ 46%] Built target pcl_msgs__rosidl_typesupport_fastrtps_cpp
[0.430s] [ 57%] Built target pcl_msgs__rosidl_typesupport_introspection_c
[0.431s] [ 68%] Built target pcl_msgs__rosidl_typesupport_c
[0.479s] [ 79%] Built target pcl_msgs__rosidl_typesupport_fastrtps_c
[0.504s] [ 79%] Built target pcl_msgs
[0.536s] [ 80%] Built target pcl_msgs__py
[0.593s] [ 90%] Built target pcl_msgs__python
[0.647s] [ 93%] Built target pcl_msgs__rosidl_typesupport_c__pyext
[0.656s] [ 96%] Built target pcl_msgs__rosidl_typesupport_introspection_c__pyext
[0.657s] [100%] Built target pcl_msgs__rosidl_typesupport_fastrtps_c__pyext
[0.683s] Invoked command in '/home/terranova/uav_ws/build/pcl_msgs' returned '0': CMAKE_PREFIX_PATH=/home/terranova/uav_ws/install/vision_opencv:/home/terranova/uav_ws/install/uav_gazebo:/home/terranova/uav_ws/install/uav_cartographer:/home/terranova/uav_ws/install/turtlebot3:/home/terranova/uav_ws/install/turtlebot3_simulations:/home/terranova/uav_ws/install/turtlebot3_bringup:/home/terranova/uav_ws/install/turtlebot3_node:/home/terranova/uav_ws/install/turtlebot3_navigation2:/home/terranova/uav_ws/install/turtlebot3_fake_node:/home/terranova/uav_ws/install/turtlebot3_msgs:/home/terranova/uav_ws/install/turtlebot3_gazebo:/home/terranova/uav_ws/install/turtlebot3_description:/home/terranova/uav_ws/install/turtlebot3_cartographer:/home/terranova/uav_ws/install/turtlebot3_teleop:/home/terranova/uav_ws/install/turtlebot3_example:/home/terranova/uav_ws/install/opencv_tests:/home/terranova/uav_ws/install/joint_state_publisher_gui:/home/terranova/uav_ws/install/joint_state_publisher:/opt/ros/foxy:/home/terranova/uav_ws/install/realsense_gazebo_plugin:/home/terranova/uav_ws/install/perception_pcl:/home/terranova/uav_ws/install/pcl_ros:/home/terranova/uav_ws/install/pcl_conversions:/home/terranova/uav_ws/install/pcl_msgs:/home/terranova/uav_ws/install/image_geometry:/home/terranova/uav_ws/install/hls_lfcd_lds_driver:/home/terranova/uav_ws/install/gazebo_ros_pkgs:/home/terranova/uav_ws/install/gazebo_plugins:/home/terranova/uav_ws/install/gazebo_ros:/home/terranova/uav_ws/install/gazebo_msgs:/home/terranova/uav_ws/install/gazebo_dev:/home/terranova/uav_ws/install/dynamixel_sdk_examples:/home/terranova/uav_ws/install/dynamixel_sdk_custom_interfaces:/home/terranova/uav_ws/install/dynamixel_sdk:/home/terranova/uav_ws/install/cv_bridge:/home/terranova/uav_ws/install/absl /home/terranova/.local/bin/cmake --build /home/terranova/uav_ws/build/pcl_msgs -- -j4 -l4
[1.551s] Invoking command in '/home/terranova/uav_ws/build/pcl_msgs': CMAKE_PREFIX_PATH=/home/terranova/uav_ws/install/vision_opencv:/home/terranova/uav_ws/install/uav_gazebo:/home/terranova/uav_ws/install/uav_cartographer:/home/terranova/uav_ws/install/turtlebot3:/home/terranova/uav_ws/install/turtlebot3_simulations:/home/terranova/uav_ws/install/turtlebot3_bringup:/home/terranova/uav_ws/install/turtlebot3_node:/home/terranova/uav_ws/install/turtlebot3_navigation2:/home/terranova/uav_ws/install/turtlebot3_fake_node:/home/terranova/uav_ws/install/turtlebot3_msgs:/home/terranova/uav_ws/install/turtlebot3_gazebo:/home/terranova/uav_ws/install/turtlebot3_description:/home/terranova/uav_ws/install/turtlebot3_cartographer:/home/terranova/uav_ws/install/turtlebot3_teleop:/home/terranova/uav_ws/install/turtlebot3_example:/home/terranova/uav_ws/install/opencv_tests:/home/terranova/uav_ws/install/joint_state_publisher_gui:/home/terranova/uav_ws/install/joint_state_publisher:/opt/ros/foxy:/home/terranova/uav_ws/install/realsense_gazebo_plugin:/home/terranova/uav_ws/install/perception_pcl:/home/terranova/uav_ws/install/pcl_ros:/home/terranova/uav_ws/install/pcl_conversions:/home/terranova/uav_ws/install/pcl_msgs:/home/terranova/uav_ws/install/image_geometry:/home/terranova/uav_ws/install/hls_lfcd_lds_driver:/home/terranova/uav_ws/install/gazebo_ros_pkgs:/home/terranova/uav_ws/install/gazebo_plugins:/home/terranova/uav_ws/install/gazebo_ros:/home/terranova/uav_ws/install/gazebo_msgs:/home/terranova/uav_ws/install/gazebo_dev:/home/terranova/uav_ws/install/dynamixel_sdk_examples:/home/terranova/uav_ws/install/dynamixel_sdk_custom_interfaces:/home/terranova/uav_ws/install/dynamixel_sdk:/home/terranova/uav_ws/install/cv_bridge:/home/terranova/uav_ws/install/absl /home/terranova/.local/bin/cmake --install /home/terranova/uav_ws/build/pcl_msgs
[1.641s] -- Install configuration: ""
[1.644s] -- Up-to-date: /home/terranova/uav_ws/install/pcl_msgs/share/ament_index/resource_index/rosidl_interfaces/pcl_msgs
[1.645s] -- Up-to-date: /home/terranova/uav_ws/install/pcl_msgs/include/pcl_msgs
[1.647s] -- Up-to-date: /home/terranova/uav_ws/install/pcl_msgs/include/pcl_msgs/msg
[1.648s] -- Up-to-date: /home/terranova/uav_ws/install/pcl_msgs/include/pcl_msgs/msg/rosidl_generator_c__visibility_control.h
[1.649s] -- Up-to-date: /home/terranova/uav_ws/install/pcl_msgs/include/pcl_msgs/msg/vertices.h
[1.649s] -- Up-to-date: /home/terranova/uav_ws/install/pcl_msgs/include/pcl_msgs/msg/polygon_mesh.h
[1.650s] -- Up-to-date: /home/terranova/uav_ws/install/pcl_msgs/include/pcl_msgs/msg/model_coefficients.h
[1.650s] -- Up-to-date: /home/terranova/uav_ws/install/pcl_msgs/include/pcl_msgs/msg/detail
[1.652s] -- Up-to-date: /home/terranova/uav_ws/install/pcl_msgs/include/pcl_msgs/msg/detail/point_indices__type_support.h
[1.652s] -- Up-to-date: /home/terranova/uav_ws/install/pcl_msgs/include/pcl_msgs/msg/detail/vertices__functions.c
[1.653s] -- Up-to-date: /home/terranova/uav_ws/install/pcl_msgs/include/pcl_msgs/msg/detail/model_coefficients__struct.h
[1.654s] -- Up-to-date: /home/terranova/uav_ws/install/pcl_msgs/include/pcl_msgs/msg/detail/polygon_mesh__type_support.h
[1.655s] -- Up-to-date: /home/terranova/uav_ws/install/pcl_msgs/include/pcl_msgs/msg/detail/vertices__functions.h
[1.655s] -- Up-to-date: /home/terranova/uav_ws/install/pcl_msgs/include/pcl_msgs/msg/detail/polygon_mesh__struct.h
[1.656s] -- Up-to-date: /home/terranova/uav_ws/install/pcl_msgs/include/pcl_msgs/msg/detail/point_indices__functions.c
[1.657s] -- Up-to-date: /home/terranova/uav_ws/install/pcl_msgs/include/pcl_msgs/msg/detail/vertices__struct.h
[1.658s] -- Up-to-date: /home/terranova/uav_ws/install/pcl_msgs/include/pcl_msgs/msg/detail/polygon_mesh__functions.h
[1.658s] -- Up-to-date: /home/terranova/uav_ws/install/pcl_msgs/include/pcl_msgs/msg/detail/polygon_mesh__functions.c
[1.659s] -- Up-to-date: /home/terranova/uav_ws/install/pcl_msgs/include/pcl_msgs/msg/detail/model_coefficients__type_support.h
[1.660s] -- Up-to-date: /home/terranova/uav_ws/install/pcl_msgs/include/pcl_msgs/msg/detail/point_indices__functions.h
[1.660s] -- Up-to-date: /home/terranova/uav_ws/install/pcl_msgs/include/pcl_msgs/msg/detail/vertices__type_support.h
[1.661s] -- Up-to-date: /home/terranova/uav_ws/install/pcl_msgs/include/pcl_msgs/msg/detail/point_indices__struct.h
[1.661s] -- Up-to-date: /home/terranova/uav_ws/install/pcl_msgs/include/pcl_msgs/msg/detail/model_coefficients__functions.h
[1.663s] -- Up-to-date: /home/terranova/uav_ws/install/pcl_msgs/include/pcl_msgs/msg/detail/model_coefficients__functions.c
[1.663s] -- Up-to-date: /home/terranova/uav_ws/install/pcl_msgs/include/pcl_msgs/msg/point_indices.h
[1.664s] -- Up-to-date: /home/terranova/uav_ws/install/pcl_msgs/include/pcl_msgs/srv
[1.668s] -- Up-to-date: /home/terranova/uav_ws/install/pcl_msgs/include/pcl_msgs/srv/update_filename.h
[1.668s] -- Up-to-date: /home/terranova/uav_ws/install/pcl_msgs/include/pcl_msgs/srv/detail
[1.669s] -- Up-to-date: /home/terranova/uav_ws/install/pcl_msgs/include/pcl_msgs/srv/detail/update_filename__functions.h
[1.669s] -- Up-to-date: /home/terranova/uav_ws/install/pcl_msgs/include/pcl_msgs/srv/detail/update_filename__type_support.h
[1.669s] -- Up-to-date: /home/terranova/uav_ws/install/pcl_msgs/include/pcl_msgs/srv/detail/update_filename__functions.c
[1.670s] -- Up-to-date: /home/terranova/uav_ws/install/pcl_msgs/include/pcl_msgs/srv/detail/update_filename__struct.h
[1.670s] -- Up-to-date: /home/terranova/uav_ws/install/pcl_msgs/share/pcl_msgs/environment/library_path.sh
[1.671s] -- Up-to-date: /home/terranova/uav_ws/install/pcl_msgs/share/pcl_msgs/environment/library_path.dsv
[1.686s] -- Up-to-date: /home/terranova/uav_ws/install/pcl_msgs/lib/libpcl_msgs__rosidl_generator_c.so
[1.694s] -- Up-to-date: /home/terranova/uav_ws/install/pcl_msgs/include/pcl_msgs
[1.695s] -- Up-to-date: /home/terranova/uav_ws/install/pcl_msgs/include/pcl_msgs/msg
[1.695s] -- Up-to-date: /home/terranova/uav_ws/install/pcl_msgs/include/pcl_msgs/msg/rosidl_typesupport_fastrtps_c__visibility_control.h
[1.696s] -- Up-to-date: /home/terranova/uav_ws/install/pcl_msgs/include/pcl_msgs/msg/detail
[1.696s] -- Up-to-date: /home/terranova/uav_ws/install/pcl_msgs/include/pcl_msgs/msg/detail/point_indices__rosidl_typesupport_fastrtps_c.h
[1.703s] -- Up-to-date: /home/terranova/uav_ws/install/pcl_msgs/include/pcl_msgs/msg/detail/vertices__rosidl_typesupport_fastrtps_c.h
[1.708s] -- Up-to-date: /home/terranova/uav_ws/install/pcl_msgs/include/pcl_msgs/msg/detail/polygon_mesh__rosidl_typesupport_fastrtps_c.h
[1.709s] -- Up-to-date: /home/terranova/uav_ws/install/pcl_msgs/include/pcl_msgs/msg/detail/model_coefficients__rosidl_typesupport_fastrtps_c.h
[1.709s] -- Up-to-date: /home/terranova/uav_ws/install/pcl_msgs/include/pcl_msgs/srv
[1.709s] -- Up-to-date: /home/terranova/uav_ws/install/pcl_msgs/include/pcl_msgs/srv/detail
[1.710s] -- Up-to-date: /home/terranova/uav_ws/install/pcl_msgs/include/pcl_msgs/srv/detail/update_filename__rosidl_typesupport_fastrtps_c.h
[1.712s] -- Up-to-date: /home/terranova/uav_ws/install/pcl_msgs/lib/libpcl_msgs__rosidl_typesupport_fastrtps_c.so
[1.716s] -- Up-to-date: /home/terranova/uav_ws/install/pcl_msgs/include/pcl_msgs
[1.716s] -- Up-to-date: /home/terranova/uav_ws/install/pcl_msgs/include/pcl_msgs/msg
[1.717s] -- Up-to-date: /home/terranova/uav_ws/install/pcl_msgs/include/pcl_msgs/msg/rosidl_typesupport_fastrtps_cpp__visibility_control.h
[1.717s] -- Up-to-date: /home/terranova/uav_ws/install/pcl_msgs/include/pcl_msgs/msg/detail
[1.717s] -- Up-to-date: /home/terranova/uav_ws/install/pcl_msgs/include/pcl_msgs/msg/detail/vertices__rosidl_typesupport_fastrtps_cpp.hpp
[1.717s] -- Up-to-date: /home/terranova/uav_ws/install/pcl_msgs/include/pcl_msgs/msg/detail/dds_fastrtps
[1.717s] -- Up-to-date: /home/terranova/uav_ws/install/pcl_msgs/include/pcl_msgs/msg/detail/point_indices__rosidl_typesupport_fastrtps_cpp.hpp
[1.717s] -- Up-to-date: /home/terranova/uav_ws/install/pcl_msgs/include/pcl_msgs/msg/detail/model_coefficients__rosidl_typesupport_fastrtps_cpp.hpp
[1.717s] -- Up-to-date: /home/terranova/uav_ws/install/pcl_msgs/include/pcl_msgs/msg/detail/polygon_mesh__rosidl_typesupport_fastrtps_cpp.hpp
[1.719s] -- Up-to-date: /home/terranova/uav_ws/install/pcl_msgs/include/pcl_msgs/srv
[1.719s] -- Up-to-date: /home/terranova/uav_ws/install/pcl_msgs/include/pcl_msgs/srv/detail
[1.719s] -- Up-to-date: /home/terranova/uav_ws/install/pcl_msgs/include/pcl_msgs/srv/detail/dds_fastrtps
[1.720s] -- Up-to-date: /home/terranova/uav_ws/install/pcl_msgs/include/pcl_msgs/srv/detail/update_filename__rosidl_typesupport_fastrtps_cpp.hpp
[1.721s] -- Up-to-date: /home/terranova/uav_ws/install/pcl_msgs/lib/libpcl_msgs__rosidl_typesupport_fastrtps_cpp.so
[1.722s] -- Up-to-date: /home/terranova/uav_ws/install/pcl_msgs/include/pcl_msgs
[1.722s] -- Up-to-date: /home/terranova/uav_ws/install/pcl_msgs/include/pcl_msgs/msg
[1.722s] -- Up-to-date: /home/terranova/uav_ws/install/pcl_msgs/include/pcl_msgs/msg/detail
[1.722s] -- Up-to-date: /home/terranova/uav_ws/install/pcl_msgs/include/pcl_msgs/msg/detail/vertices__type_support.c
[1.723s] -- Up-to-date: /home/terranova/uav_ws/install/pcl_msgs/include/pcl_msgs/msg/detail/point_indices__rosidl_typesupport_introspection_c.h
[1.723s] -- Up-to-date: /home/terranova/uav_ws/install/pcl_msgs/include/pcl_msgs/msg/detail/vertices__rosidl_typesupport_introspection_c.h
[1.724s] -- Up-to-date: /home/terranova/uav_ws/install/pcl_msgs/include/pcl_msgs/msg/detail/model_coefficients__rosidl_typesupport_introspection_c.h
[1.724s] -- Up-to-date: /home/terranova/uav_ws/install/pcl_msgs/include/pcl_msgs/msg/detail/point_indices__type_support.c
[1.724s] -- Up-to-date: /home/terranova/uav_ws/install/pcl_msgs/include/pcl_msgs/msg/detail/model_coefficients__type_support.c
[1.730s] -- Up-to-date: /home/terranova/uav_ws/install/pcl_msgs/include/pcl_msgs/msg/detail/polygon_mesh__type_support.c
[1.734s] -- Up-to-date: /home/terranova/uav_ws/install/pcl_msgs/include/pcl_msgs/msg/detail/polygon_mesh__rosidl_typesupport_introspection_c.h
[1.734s] -- Up-to-date: /home/terranova/uav_ws/install/pcl_msgs/include/pcl_msgs/msg/rosidl_typesupport_introspection_c__visibility_control.h
[1.734s] -- Up-to-date: /home/terranova/uav_ws/install/pcl_msgs/include/pcl_msgs/srv
[1.734s] -- Up-to-date: /home/terranova/uav_ws/install/pcl_msgs/include/pcl_msgs/srv/detail
[1.735s] -- Up-to-date: /home/terranova/uav_ws/install/pcl_msgs/include/pcl_msgs/srv/detail/update_filename__rosidl_typesupport_introspection_c.h
[1.735s] -- Up-to-date: /home/terranova/uav_ws/install/pcl_msgs/include/pcl_msgs/srv/detail/update_filename__type_support.c
[1.735s] -- Up-to-date: /home/terranova/uav_ws/install/pcl_msgs/lib/libpcl_msgs__rosidl_typesupport_introspection_c.so
[1.735s] -- Up-to-date: /home/terranova/uav_ws/install/pcl_msgs/lib/libpcl_msgs__rosidl_typesupport_c.so
[1.735s] -- Up-to-date: /home/terranova/uav_ws/install/pcl_msgs/include/pcl_msgs
[1.736s] -- Up-to-date: /home/terranova/uav_ws/install/pcl_msgs/include/pcl_msgs/msg
[1.736s] -- Up-to-date: /home/terranova/uav_ws/install/pcl_msgs/include/pcl_msgs/msg/polygon_mesh.hpp
[1.736s] -- Up-to-date: /home/terranova/uav_ws/install/pcl_msgs/include/pcl_msgs/msg/model_coefficients.hpp
[1.736s] -- Up-to-date: /home/terranova/uav_ws/install/pcl_msgs/include/pcl_msgs/msg/vertices.hpp
[1.737s] -- Up-to-date: /home/terranova/uav_ws/install/pcl_msgs/include/pcl_msgs/msg/point_indices.hpp
[1.737s] -- Up-to-date: /home/terranova/uav_ws/install/pcl_msgs/include/pcl_msgs/msg/rosidl_generator_cpp__visibility_control.hpp
[1.737s] -- Up-to-date: /home/terranova/uav_ws/install/pcl_msgs/include/pcl_msgs/msg/detail
[1.737s] -- Up-to-date: /home/terranova/uav_ws/install/pcl_msgs/include/pcl_msgs/msg/detail/model_coefficients__type_support.hpp
[1.738s] -- Up-to-date: /home/terranova/uav_ws/install/pcl_msgs/include/pcl_msgs/msg/detail/point_indices__builder.hpp
[1.738s] -- Up-to-date: /home/terranova/uav_ws/install/pcl_msgs/include/pcl_msgs/msg/detail/polygon_mesh__builder.hpp
[1.739s] -- Up-to-date: /home/terranova/uav_ws/install/pcl_msgs/include/pcl_msgs/msg/detail/model_coefficients__builder.hpp
[1.739s] -- Up-to-date: /home/terranova/uav_ws/install/pcl_msgs/include/pcl_msgs/msg/detail/point_indices__type_support.hpp
[1.740s] -- Up-to-date: /home/terranova/uav_ws/install/pcl_msgs/include/pcl_msgs/msg/detail/model_coefficients__struct.hpp
[1.740s] -- Up-to-date: /home/terranova/uav_ws/install/pcl_msgs/include/pcl_msgs/msg/detail/model_coefficients__traits.hpp
[1.741s] -- Up-to-date: /home/terranova/uav_ws/install/pcl_msgs/include/pcl_msgs/msg/detail/polygon_mesh__struct.hpp
[1.741s] -- Up-to-date: /home/terranova/uav_ws/install/pcl_msgs/include/pcl_msgs/msg/detail/vertices__type_support.hpp
[1.750s] -- Up-to-date: /home/terranova/uav_ws/install/pcl_msgs/include/pcl_msgs/msg/detail/vertices__traits.hpp
[1.751s] -- Up-to-date: /home/terranova/uav_ws/install/pcl_msgs/include/pcl_msgs/msg/detail/point_indices__traits.hpp
[1.751s] -- Up-to-date: /home/terranova/uav_ws/install/pcl_msgs/include/pcl_msgs/msg/detail/vertices__builder.hpp
[1.751s] -- Up-to-date: /home/terranova/uav_ws/install/pcl_msgs/include/pcl_msgs/msg/detail/vertices__struct.hpp
[1.752s] -- Up-to-date: /home/terranova/uav_ws/install/pcl_msgs/include/pcl_msgs/msg/detail/polygon_mesh__type_support.hpp
[1.752s] -- Up-to-date: /home/terranova/uav_ws/install/pcl_msgs/include/pcl_msgs/msg/detail/point_indices__struct.hpp
[1.752s] -- Up-to-date: /home/terranova/uav_ws/install/pcl_msgs/include/pcl_msgs/msg/detail/polygon_mesh__traits.hpp
[1.753s] -- Up-to-date: /home/terranova/uav_ws/install/pcl_msgs/include/pcl_msgs/srv
[1.753s] -- Up-to-date: /home/terranova/uav_ws/install/pcl_msgs/include/pcl_msgs/srv/update_filename.hpp
[1.754s] -- Up-to-date: /home/terranova/uav_ws/install/pcl_msgs/include/pcl_msgs/srv/detail
[1.754s] -- Up-to-date: /home/terranova/uav_ws/install/pcl_msgs/include/pcl_msgs/srv/detail/update_filename__builder.hpp
[1.754s] -- Up-to-date: /home/terranova/uav_ws/install/pcl_msgs/include/pcl_msgs/srv/detail/update_filename__struct.hpp
[1.755s] -- Up-to-date: /home/terranova/uav_ws/install/pcl_msgs/include/pcl_msgs/srv/detail/update_filename__traits.hpp
[1.756s] -- Up-to-date: /home/terranova/uav_ws/install/pcl_msgs/include/pcl_msgs/srv/detail/update_filename__type_support.hpp
[1.756s] -- Up-to-date: /home/terranova/uav_ws/install/pcl_msgs/include/pcl_msgs
[1.757s] -- Up-to-date: /home/terranova/uav_ws/install/pcl_msgs/include/pcl_msgs/msg
[1.757s] -- Up-to-date: /home/terranova/uav_ws/install/pcl_msgs/include/pcl_msgs/msg/detail
[1.758s] -- Up-to-date: /home/terranova/uav_ws/install/pcl_msgs/include/pcl_msgs/msg/detail/vertices__rosidl_typesupport_introspection_cpp.hpp
[1.758s] -- Up-to-date: /home/terranova/uav_ws/install/pcl_msgs/include/pcl_msgs/msg/detail/point_indices__rosidl_typesupport_introspection_cpp.hpp
[1.759s] -- Up-to-date: /home/terranova/uav_ws/install/pcl_msgs/include/pcl_msgs/msg/detail/polygon_mesh__type_support.cpp
[1.759s] -- Up-to-date: /home/terranova/uav_ws/install/pcl_msgs/include/pcl_msgs/msg/detail/point_indices__type_support.cpp
[1.767s] -- Up-to-date: /home/terranova/uav_ws/install/pcl_msgs/include/pcl_msgs/msg/detail/model_coefficients__type_support.cpp
[1.768s] -- Up-to-date: /home/terranova/uav_ws/install/pcl_msgs/include/pcl_msgs/msg/detail/vertices__type_support.cpp
[1.768s] -- Up-to-date: /home/terranova/uav_ws/install/pcl_msgs/include/pcl_msgs/msg/detail/model_coefficients__rosidl_typesupport_introspection_cpp.hpp
[1.769s] -- Up-to-date: /home/terranova/uav_ws/install/pcl_msgs/include/pcl_msgs/msg/detail/polygon_mesh__rosidl_typesupport_introspection_cpp.hpp
[1.769s] -- Up-to-date: /home/terranova/uav_ws/install/pcl_msgs/include/pcl_msgs/srv
[1.770s] -- Up-to-date: /home/terranova/uav_ws/install/pcl_msgs/include/pcl_msgs/srv/detail
[1.771s] -- Up-to-date: /home/terranova/uav_ws/install/pcl_msgs/include/pcl_msgs/srv/detail/update_filename__type_support.cpp
[1.772s] -- Up-to-date: /home/terranova/uav_ws/install/pcl_msgs/include/pcl_msgs/srv/detail/update_filename__rosidl_typesupport_introspection_cpp.hpp
[1.776s] -- Up-to-date: /home/terranova/uav_ws/install/pcl_msgs/lib/libpcl_msgs__rosidl_typesupport_introspection_cpp.so
[1.777s] -- Up-to-date: /home/terranova/uav_ws/install/pcl_msgs/lib/libpcl_msgs__rosidl_typesupport_cpp.so
[1.777s] -- Up-to-date: /home/terranova/uav_ws/install/pcl_msgs/share/pcl_msgs/environment/pythonpath.sh
[1.777s] -- Up-to-date: /home/terranova/uav_ws/install/pcl_msgs/share/pcl_msgs/environment/pythonpath.dsv
[1.777s] -- Up-to-date: /home/terranova/uav_ws/install/pcl_msgs/lib/python3.8/site-packages/pcl_msgs/__init__.py
[1.971s] -- Up-to-date: /home/terranova/uav_ws/install/pcl_msgs/lib/python3.8/site-packages/pcl_msgs/msg
[1.971s] -- Up-to-date: /home/terranova/uav_ws/install/pcl_msgs/lib/python3.8/site-packages/pcl_msgs/msg/_vertices_s.c
[1.972s] -- Up-to-date: /home/terranova/uav_ws/install/pcl_msgs/lib/python3.8/site-packages/pcl_msgs/msg/_vertices.py
[1.972s] -- Up-to-date: /home/terranova/uav_ws/install/pcl_msgs/lib/python3.8/site-packages/pcl_msgs/msg/_point_indices.py
[1.972s] -- Up-to-date: /home/terranova/uav_ws/install/pcl_msgs/lib/python3.8/site-packages/pcl_msgs/msg/_point_indices_s.c
[1.972s] -- Up-to-date: /home/terranova/uav_ws/install/pcl_msgs/lib/python3.8/site-packages/pcl_msgs/msg/_model_coefficients.py
[1.973s] -- Up-to-date: /home/terranova/uav_ws/install/pcl_msgs/lib/python3.8/site-packages/pcl_msgs/msg/_polygon_mesh_s.c
[1.973s] -- Up-to-date: /home/terranova/uav_ws/install/pcl_msgs/lib/python3.8/site-packages/pcl_msgs/msg/_model_coefficients_s.c
[1.973s] -- Up-to-date: /home/terranova/uav_ws/install/pcl_msgs/lib/python3.8/site-packages/pcl_msgs/msg/__init__.py
[1.973s] -- Up-to-date: /home/terranova/uav_ws/install/pcl_msgs/lib/python3.8/site-packages/pcl_msgs/msg/_polygon_mesh.py
[1.973s] -- Up-to-date: /home/terranova/uav_ws/install/pcl_msgs/lib/python3.8/site-packages/pcl_msgs/srv
[1.974s] -- Up-to-date: /home/terranova/uav_ws/install/pcl_msgs/lib/python3.8/site-packages/pcl_msgs/srv/_update_filename_s.c
[1.974s] -- Up-to-date: /home/terranova/uav_ws/install/pcl_msgs/lib/python3.8/site-packages/pcl_msgs/srv/__init__.py
[1.974s] -- Up-to-date: /home/terranova/uav_ws/install/pcl_msgs/lib/python3.8/site-packages/pcl_msgs/srv/_update_filename.py
[1.974s] -- Up-to-date: /home/terranova/uav_ws/install/pcl_msgs/lib/python3.8/site-packages/pcl_msgs/pcl_msgs_s__rosidl_typesupport_fastrtps_c.cpython-38-x86_64-linux-gnu.so
[1.974s] -- Up-to-date: /home/terranova/uav_ws/install/pcl_msgs/lib/python3.8/site-packages/pcl_msgs/pcl_msgs_s__rosidl_typesupport_introspection_c.cpython-38-x86_64-linux-gnu.so
[1.974s] -- Up-to-date: /home/terranova/uav_ws/install/pcl_msgs/lib/python3.8/site-packages/pcl_msgs/pcl_msgs_s__rosidl_typesupport_c.cpython-38-x86_64-linux-gnu.so
[1.975s] -- Up-to-date: /home/terranova/uav_ws/install/pcl_msgs/lib/libpcl_msgs__python.so
[1.975s] -- Up-to-date: /home/terranova/uav_ws/install/pcl_msgs/share/pcl_msgs/msg/ModelCoefficients.idl
[1.975s] -- Up-to-date: /home/terranova/uav_ws/install/pcl_msgs/share/pcl_msgs/msg/PointIndices.idl
[1.975s] -- Up-to-date: /home/terranova/uav_ws/install/pcl_msgs/share/pcl_msgs/msg/PolygonMesh.idl
[1.975s] -- Up-to-date: /home/terranova/uav_ws/install/pcl_msgs/share/pcl_msgs/msg/Vertices.idl
[1.976s] -- Up-to-date: /home/terranova/uav_ws/install/pcl_msgs/share/pcl_msgs/srv/UpdateFilename.idl
[1.976s] -- Up-to-date: /home/terranova/uav_ws/install/pcl_msgs/share/pcl_msgs/msg/ModelCoefficients.msg
[1.976s] -- Up-to-date: /home/terranova/uav_ws/install/pcl_msgs/share/pcl_msgs/msg/PointIndices.msg
[1.976s] -- Up-to-date: /home/terranova/uav_ws/install/pcl_msgs/share/pcl_msgs/msg/PolygonMesh.msg
[1.976s] -- Up-to-date: /home/terranova/uav_ws/install/pcl_msgs/share/pcl_msgs/msg/Vertices.msg
[1.977s] -- Up-to-date: /home/terranova/uav_ws/install/pcl_msgs/share/pcl_msgs/srv/UpdateFilename.srv
[1.977s] -- Up-to-date: /home/terranova/uav_ws/install/pcl_msgs/share/pcl_msgs/srv/UpdateFilename_Request.msg
[1.977s] -- Up-to-date: /home/terranova/uav_ws/install/pcl_msgs/share/pcl_msgs/srv/UpdateFilename_Response.msg
[1.977s] -- Up-to-date: /home/terranova/uav_ws/install/pcl_msgs/share/ament_index/resource_index/package_run_dependencies/pcl_msgs
[1.977s] -- Up-to-date: /home/terranova/uav_ws/install/pcl_msgs/share/ament_index/resource_index/parent_prefix_path/pcl_msgs
[1.977s] -- Up-to-date: /home/terranova/uav_ws/install/pcl_msgs/share/pcl_msgs/environment/ament_prefix_path.sh
[1.978s] -- Up-to-date: /home/terranova/uav_ws/install/pcl_msgs/share/pcl_msgs/environment/ament_prefix_path.dsv
[1.978s] -- Up-to-date: /home/terranova/uav_ws/install/pcl_msgs/share/pcl_msgs/environment/path.sh
[1.978s] -- Up-to-date: /home/terranova/uav_ws/install/pcl_msgs/share/pcl_msgs/environment/path.dsv
[1.978s] -- Up-to-date: /home/terranova/uav_ws/install/pcl_msgs/share/pcl_msgs/local_setup.bash
[1.978s] -- Up-to-date: /home/terranova/uav_ws/install/pcl_msgs/share/pcl_msgs/local_setup.sh
[1.984s] -- Up-to-date: /home/terranova/uav_ws/install/pcl_msgs/share/pcl_msgs/local_setup.zsh
[1.985s] -- Up-to-date: /home/terranova/uav_ws/install/pcl_msgs/share/pcl_msgs/local_setup.dsv
[1.985s] -- Installing: /home/terranova/uav_ws/install/pcl_msgs/share/pcl_msgs/package.dsv
[1.985s] -- Up-to-date: /home/terranova/uav_ws/install/pcl_msgs/share/ament_index/resource_index/packages/pcl_msgs
[1.985s] -- Up-to-date: /home/terranova/uav_ws/install/pcl_msgs/share/pcl_msgs/cmake/pcl_msgs__rosidl_generator_cExport.cmake
[1.986s] -- Up-to-date: /home/terranova/uav_ws/install/pcl_msgs/share/pcl_msgs/cmake/pcl_msgs__rosidl_generator_cExport-noconfig.cmake
[1.986s] -- Up-to-date: /home/terranova/uav_ws/install/pcl_msgs/share/pcl_msgs/cmake/pcl_msgs__rosidl_typesupport_introspection_cExport.cmake
[1.986s] -- Up-to-date: /home/terranova/uav_ws/install/pcl_msgs/share/pcl_msgs/cmake/pcl_msgs__rosidl_typesupport_introspection_cExport-noconfig.cmake
[1.986s] -- Up-to-date: /home/terranova/uav_ws/install/pcl_msgs/share/pcl_msgs/cmake/pcl_msgs__rosidl_typesupport_cExport.cmake
[1.987s] -- Up-to-date: /home/terranova/uav_ws/install/pcl_msgs/share/pcl_msgs/cmake/pcl_msgs__rosidl_typesupport_cExport-noconfig.cmake
[1.988s] -- Up-to-date: /home/terranova/uav_ws/install/pcl_msgs/share/pcl_msgs/cmake/pcl_msgs__rosidl_generator_cppExport.cmake
[1.988s] -- Up-to-date: /home/terranova/uav_ws/install/pcl_msgs/share/pcl_msgs/cmake/pcl_msgs__rosidl_typesupport_introspection_cppExport.cmake
[1.988s] -- Up-to-date: /home/terranova/uav_ws/install/pcl_msgs/share/pcl_msgs/cmake/pcl_msgs__rosidl_typesupport_introspection_cppExport-noconfig.cmake
[1.989s] -- Up-to-date: /home/terranova/uav_ws/install/pcl_msgs/share/pcl_msgs/cmake/pcl_msgs__rosidl_typesupport_cppExport.cmake
[1.989s] -- Up-to-date: /home/terranova/uav_ws/install/pcl_msgs/share/pcl_msgs/cmake/pcl_msgs__rosidl_typesupport_cppExport-noconfig.cmake
[1.989s] -- Up-to-date: /home/terranova/uav_ws/install/pcl_msgs/share/pcl_msgs/cmake/rosidl_cmake-extras.cmake
[1.989s] -- Up-to-date: /home/terranova/uav_ws/install/pcl_msgs/share/pcl_msgs/cmake/ament_cmake_export_dependencies-extras.cmake
[1.991s] -- Up-to-date: /home/terranova/uav_ws/install/pcl_msgs/share/pcl_msgs/cmake/ament_cmake_export_libraries-extras.cmake
[1.991s] -- Up-to-date: /home/terranova/uav_ws/install/pcl_msgs/share/pcl_msgs/cmake/ament_cmake_export_targets-extras.cmake
[1.991s] -- Up-to-date: /home/terranova/uav_ws/install/pcl_msgs/share/pcl_msgs/cmake/ament_cmake_export_include_directories-extras.cmake
[1.992s] -- Up-to-date: /home/terranova/uav_ws/install/pcl_msgs/share/pcl_msgs/cmake/rosidl_cmake_export_typesupport_libraries-extras.cmake
[1.992s] -- Up-to-date: /home/terranova/uav_ws/install/pcl_msgs/share/pcl_msgs/cmake/rosidl_cmake_export_typesupport_targets-extras.cmake
[1.992s] -- Up-to-date: /home/terranova/uav_ws/install/pcl_msgs/share/pcl_msgs/cmake/pcl_msgsConfig.cmake
[1.992s] -- Up-to-date: /home/terranova/uav_ws/install/pcl_msgs/share/pcl_msgs/cmake/pcl_msgsConfig-version.cmake
[1.992s] -- Up-to-date: /home/terranova/uav_ws/install/pcl_msgs/share/pcl_msgs/package.xml
[1.993s] Invoked command in '/home/terranova/uav_ws/build/pcl_msgs' returned '0': CMAKE_PREFIX_PATH=/home/terranova/uav_ws/install/vision_opencv:/home/terranova/uav_ws/install/uav_gazebo:/home/terranova/uav_ws/install/uav_cartographer:/home/terranova/uav_ws/install/turtlebot3:/home/terranova/uav_ws/install/turtlebot3_simulations:/home/terranova/uav_ws/install/turtlebot3_bringup:/home/terranova/uav_ws/install/turtlebot3_node:/home/terranova/uav_ws/install/turtlebot3_navigation2:/home/terranova/uav_ws/install/turtlebot3_fake_node:/home/terranova/uav_ws/install/turtlebot3_msgs:/home/terranova/uav_ws/install/turtlebot3_gazebo:/home/terranova/uav_ws/install/turtlebot3_description:/home/terranova/uav_ws/install/turtlebot3_cartographer:/home/terranova/uav_ws/install/turtlebot3_teleop:/home/terranova/uav_ws/install/turtlebot3_example:/home/terranova/uav_ws/install/opencv_tests:/home/terranova/uav_ws/install/joint_state_publisher_gui:/home/terranova/uav_ws/install/joint_state_publisher:/opt/ros/foxy:/home/terranova/uav_ws/install/realsense_gazebo_plugin:/home/terranova/uav_ws/install/perception_pcl:/home/terranova/uav_ws/install/pcl_ros:/home/terranova/uav_ws/install/pcl_conversions:/home/terranova/uav_ws/install/pcl_msgs:/home/terranova/uav_ws/install/image_geometry:/home/terranova/uav_ws/install/hls_lfcd_lds_driver:/home/terranova/uav_ws/install/gazebo_ros_pkgs:/home/terranova/uav_ws/install/gazebo_plugins:/home/terranova/uav_ws/install/gazebo_ros:/home/terranova/uav_ws/install/gazebo_msgs:/home/terranova/uav_ws/install/gazebo_dev:/home/terranova/uav_ws/install/dynamixel_sdk_examples:/home/terranova/uav_ws/install/dynamixel_sdk_custom_interfaces:/home/terranova/uav_ws/install/dynamixel_sdk:/home/terranova/uav_ws/install/cv_bridge:/home/terranova/uav_ws/install/absl /home/terranova/.local/bin/cmake --install /home/terranova/uav_ws/build/pcl_msgs
