[0.026s] Invoking command in '/home/terranova/uav_ws/build/image_geometry': CMAKE_PREFIX_PATH=${CMAKE_PREFIX_PATH}:/home/terranova/uav_ws/install/turtlebot3_teleop:/home/terranova/uav_ws/install/turtlebot3_example:/home/terranova/uav_ws/install/opencv_tests:/home/terranova/uav_ws/install/joint_state_publisher_gui:/home/terranova/uav_ws/install/joint_state_publisher:/opt/ros/foxy /home/terranova/.local/bin/cmake /home/terranova/uav_ws/src/vision_opencv/image_geometry -DCMAKE_INSTALL_PREFIX=/home/terranova/uav_ws/install/image_geometry
[0.234s] -- The C compiler identification is GNU 9.4.0
[0.398s] -- The CXX compiler identification is GNU 9.4.0
[0.441s] -- Detecting C compiler ABI info
[0.597s] -- Detecting C compiler ABI info - done
[0.632s] -- Check for working C compiler: /usr/lib/ccache/cc - skipped
[0.632s] -- Detecting C compile features
[0.633s] -- Detecting C compile features - done
[0.663s] -- Detecting CXX compiler ABI info
[0.814s] -- Detecting CXX compiler ABI info - done
[0.850s] -- Check for working CXX compiler: /usr/lib/ccache/c++ - skipped
[0.851s] -- Detecting CXX compile features
[0.853s] -- Detecting CXX compile features - done
[0.861s] -- Found ament_cmake_python: 0.9.12 (/opt/ros/foxy/share/ament_cmake_python/cmake)
[0.871s] -- Found ament_cmake_ros: 0.9.2 (/opt/ros/foxy/share/ament_cmake_ros/cmake)
[0.907s] [33mCMake Warning (dev) at /opt/ros/foxy/share/ament_cmake_core/cmake/core/python.cmake:22 (find_package):
[0.907s]   Policy CMP0148 is not set: The FindPythonInterp and FindPythonLibs modules
[0.908s]   are removed.  Run "cmake --help-policy CMP0148" for policy details.  Use
[0.908s]   the cmake_policy command to set the policy and suppress this warning.
[0.908s] 
[0.908s] Call Stack (most recent call first):
[0.909s]   /opt/ros/foxy/share/ament_cmake_core/cmake/core/all.cmake:53 (include)
[0.909s]   /opt/ros/foxy/share/ament_cmake_core/cmake/ament_cmake_core-extras.cmake:17 (include)
[0.909s]   /opt/ros/foxy/share/ament_cmake_core/cmake/ament_cmake_coreConfig.cmake:41 (include)
[0.909s]   /opt/ros/foxy/share/ament_cmake_test/cmake/ament_cmake_test-extras.cmake:39 (find_package)
[0.909s]   /opt/ros/foxy/share/ament_cmake_test/cmake/ament_cmake_testConfig.cmake:41 (include)
[0.910s]   /opt/ros/foxy/share/ament_cmake_pytest/cmake/ament_cmake_pytest-extras.cmake:17 (find_package)
[0.910s]   /opt/ros/foxy/share/ament_cmake_pytest/cmake/ament_cmake_pytestConfig.cmake:41 (include)
[0.910s]   /opt/ros/foxy/share/ament_cmake_ros/cmake/ament_cmake_ros-extras.cmake:19 (find_package)
[0.910s]   /opt/ros/foxy/share/ament_cmake_ros/cmake/ament_cmake_rosConfig.cmake:41 (include)
[0.910s]   CMakeLists.txt:5 (find_package)
[0.910s] This warning is for project developers.  Use -Wno-dev to suppress it.
[0.911s] [0m
[0.982s] -- Found PythonInterp: /usr/bin/python3 (found suitable version "3.8.10", minimum required is "3") 
[0.982s] -- Using PYTHON_EXECUTABLE: /usr/bin/python3
[1.931s] -- Found OpenCV: /usr (found version "4.2.0") found components: calib3d core highgui imgproc 
[1.938s] -- Found sensor_msgs: 2.0.5 (/opt/ros/foxy/share/sensor_msgs/cmake)
[2.051s] -- Using all available rosidl_typesupport_c: rosidl_typesupport_fastrtps_c;rosidl_typesupport_introspection_c
[2.079s] -- Found rosidl_adapter: 1.3.1 (/opt/ros/foxy/share/rosidl_adapter/cmake)
[2.332s] -- Found OpenSSL: /usr/lib/x86_64-linux-gnu/libcrypto.so (found version "1.1.1f")  
[2.432s] -- Found FastRTPS: /opt/ros/foxy/include  
[2.690s] -- Using all available rosidl_typesupport_cpp: rosidl_typesupport_fastrtps_cpp;rosidl_typesupport_introspection_cpp
[3.202s] -- Found gtest sources under '/opt/ros/foxy/src/gtest_vendor': C++ tests using 'Google Test' will be built
[3.204s] [0mCMake Deprecation Warning at /opt/ros/foxy/src/gtest_vendor/CMakeLists.txt:2 (cmake_minimum_required):
[3.204s]   Compatibility with CMake < 3.5 will be removed from a future version of
[3.204s]   CMake.
[3.205s] 
[3.205s]   Update the VERSION argument <min> value or use a ...<max> suffix to tell
[3.205s]   CMake that the project does not need compatibility with older versions.
[3.205s] 
[3.205s] [0m
[3.207s] -- Performing Test CMAKE_HAVE_LIBC_PTHREAD
[3.382s] -- Performing Test CMAKE_HAVE_LIBC_PTHREAD - Failed
[3.382s] -- Check if compiler accepts -pthread
[3.563s] -- Check if compiler accepts -pthread - yes
[3.566s] -- Found Threads: TRUE  
[3.744s] -- Configuring done (3.6s)
[3.788s] -- Generating done (0.0s)
[3.794s] -- Build files have been written to: /home/terranova/uav_ws/build/image_geometry
[3.833s] Invoked command in '/home/terranova/uav_ws/build/image_geometry' returned '0': CMAKE_PREFIX_PATH=${CMAKE_PREFIX_PATH}:/home/terranova/uav_ws/install/turtlebot3_teleop:/home/terranova/uav_ws/install/turtlebot3_example:/home/terranova/uav_ws/install/opencv_tests:/home/terranova/uav_ws/install/joint_state_publisher_gui:/home/terranova/uav_ws/install/joint_state_publisher:/opt/ros/foxy /home/terranova/.local/bin/cmake /home/terranova/uav_ws/src/vision_opencv/image_geometry -DCMAKE_INSTALL_PREFIX=/home/terranova/uav_ws/install/image_geometry
[3.834s] Invoking command in '/home/terranova/uav_ws/build/image_geometry': CMAKE_PREFIX_PATH=${CMAKE_PREFIX_PATH}:/home/terranova/uav_ws/install/turtlebot3_teleop:/home/terranova/uav_ws/install/turtlebot3_example:/home/terranova/uav_ws/install/opencv_tests:/home/terranova/uav_ws/install/joint_state_publisher_gui:/home/terranova/uav_ws/install/joint_state_publisher:/opt/ros/foxy /home/terranova/.local/bin/cmake --build /home/terranova/uav_ws/build/image_geometry -- -j4 -l4
[3.963s] [  9%] [32mBuilding CXX object CMakeFiles/image_geometry.dir/src/pinhole_camera_model.cpp.o[0m
[4.016s] [ 18%] [32mBuilding CXX object CMakeFiles/image_geometry.dir/src/stereo_camera_model.cpp.o[0m
[4.050s] [ 27%] [32m[1mLinking CXX shared library libimage_geometry.so[0m
[4.264s] [ 27%] Built target image_geometry
[4.283s] [ 36%] [32mBuilding CXX object gtest/CMakeFiles/gtest.dir/src/gtest-all.cc.o[0m
[4.320s] [ 45%] [32m[1mLinking CXX static library libgtest.a[0m
[4.570s] [ 45%] Built target gtest
[4.590s] [ 54%] [32mBuilding CXX object gtest/CMakeFiles/gtest_main.dir/src/gtest_main.cc.o[0m
[4.618s] [ 63%] [32m[1mLinking CXX static library libgtest_main.a[0m
[4.649s] [ 63%] Built target gtest_main
[4.670s] [ 72%] [32mBuilding CXX object test/CMakeFiles/image_geometry-utest.dir/utest.cpp.o[0m
[4.721s] [ 81%] [32m[1mLinking CXX executable image_geometry-utest[0m
[5.113s] [ 81%] Built target image_geometry-utest
[5.133s] [ 90%] [32mBuilding CXX object test/CMakeFiles/image_geometry-utest-equi.dir/utest_equi.cpp.o[0m
[5.193s] [100%] [32m[1mLinking CXX executable image_geometry-utest-equi[0m
[5.582s] [100%] Built target image_geometry-utest-equi
[5.603s] Invoked command in '/home/terranova/uav_ws/build/image_geometry' returned '0': CMAKE_PREFIX_PATH=${CMAKE_PREFIX_PATH}:/home/terranova/uav_ws/install/turtlebot3_teleop:/home/terranova/uav_ws/install/turtlebot3_example:/home/terranova/uav_ws/install/opencv_tests:/home/terranova/uav_ws/install/joint_state_publisher_gui:/home/terranova/uav_ws/install/joint_state_publisher:/opt/ros/foxy /home/terranova/.local/bin/cmake --build /home/terranova/uav_ws/build/image_geometry -- -j4 -l4
[5.743s] Invoking command in '/home/terranova/uav_ws/build/image_geometry': CMAKE_PREFIX_PATH=${CMAKE_PREFIX_PATH}:/home/terranova/uav_ws/install/turtlebot3_teleop:/home/terranova/uav_ws/install/turtlebot3_example:/home/terranova/uav_ws/install/opencv_tests:/home/terranova/uav_ws/install/joint_state_publisher_gui:/home/terranova/uav_ws/install/joint_state_publisher:/opt/ros/foxy /home/terranova/.local/bin/cmake --install /home/terranova/uav_ws/build/image_geometry
[5.822s] -- Install configuration: ""
[5.823s] -- Installing: /home/terranova/uav_ws/install/image_geometry/share/image_geometry/environment/pythonpath.sh
[5.823s] -- Installing: /home/terranova/uav_ws/install/image_geometry/share/image_geometry/environment/pythonpath.dsv
[5.824s] -- Installing: /home/terranova/uav_ws/install/image_geometry/lib/python3.8/site-packages/image_geometry
[5.825s] -- Installing: /home/terranova/uav_ws/install/image_geometry/lib/python3.8/site-packages/image_geometry/__init__.py
[5.825s] -- Installing: /home/terranova/uav_ws/install/image_geometry/lib/python3.8/site-packages/image_geometry/cameramodels.py
[5.923s] Listing '/home/terranova/uav_ws/install/image_geometry/lib/python3.8/site-packages/image_geometry'...
[5.924s] Compiling '/home/terranova/uav_ws/install/image_geometry/lib/python3.8/site-packages/image_geometry/__init__.py'...
[5.924s] Compiling '/home/terranova/uav_ws/install/image_geometry/lib/python3.8/site-packages/image_geometry/cameramodels.py'...
[5.934s] -- Installing: /home/terranova/uav_ws/install/image_geometry/include/image_geometry
[5.935s] -- Installing: /home/terranova/uav_ws/install/image_geometry/include/image_geometry/stereo_camera_model.h
[5.935s] -- Installing: /home/terranova/uav_ws/install/image_geometry/include/image_geometry/visibility_control.hpp
[5.936s] -- Installing: /home/terranova/uav_ws/install/image_geometry/include/image_geometry/pinhole_camera_model.h
[5.937s] -- Installing: /home/terranova/uav_ws/install/image_geometry/lib/libimage_geometry.so
[5.938s] -- Set non-toolchain portion of runtime path of "/home/terranova/uav_ws/install/image_geometry/lib/libimage_geometry.so" to ""
[5.939s] -- Installing: /home/terranova/uav_ws/install/image_geometry/share/image_geometry/environment/library_path.sh
[5.939s] -- Installing: /home/terranova/uav_ws/install/image_geometry/share/image_geometry/environment/library_path.dsv
[5.940s] -- Installing: /home/terranova/uav_ws/install/image_geometry/share/ament_index/resource_index/package_run_dependencies/image_geometry
[5.941s] -- Installing: /home/terranova/uav_ws/install/image_geometry/share/ament_index/resource_index/parent_prefix_path/image_geometry
[5.942s] -- Installing: /home/terranova/uav_ws/install/image_geometry/share/image_geometry/environment/ament_prefix_path.sh
[5.943s] -- Installing: /home/terranova/uav_ws/install/image_geometry/share/image_geometry/environment/ament_prefix_path.dsv
[5.944s] -- Installing: /home/terranova/uav_ws/install/image_geometry/share/image_geometry/environment/path.sh
[5.944s] -- Installing: /home/terranova/uav_ws/install/image_geometry/share/image_geometry/environment/path.dsv
[5.945s] -- Installing: /home/terranova/uav_ws/install/image_geometry/share/image_geometry/local_setup.bash
[5.946s] -- Installing: /home/terranova/uav_ws/install/image_geometry/share/image_geometry/local_setup.sh
[5.946s] -- Installing: /home/terranova/uav_ws/install/image_geometry/share/image_geometry/local_setup.zsh
[5.947s] -- Installing: /home/terranova/uav_ws/install/image_geometry/share/image_geometry/local_setup.dsv
[5.948s] -- Installing: /home/terranova/uav_ws/install/image_geometry/share/image_geometry/package.dsv
[5.948s] -- Installing: /home/terranova/uav_ws/install/image_geometry/share/ament_index/resource_index/packages/image_geometry
[5.949s] -- Installing: /home/terranova/uav_ws/install/image_geometry/share/image_geometry/cmake/ament_cmake_export_libraries-extras.cmake
[5.950s] -- Installing: /home/terranova/uav_ws/install/image_geometry/share/image_geometry/cmake/ament_cmake_export_dependencies-extras.cmake
[5.950s] -- Installing: /home/terranova/uav_ws/install/image_geometry/share/image_geometry/cmake/ament_cmake_export_include_directories-extras.cmake
[5.951s] -- Installing: /home/terranova/uav_ws/install/image_geometry/share/image_geometry/cmake/image_geometryConfig.cmake
[5.952s] -- Installing: /home/terranova/uav_ws/install/image_geometry/share/image_geometry/cmake/image_geometryConfig-version.cmake
[5.952s] -- Installing: /home/terranova/uav_ws/install/image_geometry/share/image_geometry/package.xml
[5.978s] Invoked command in '/home/terranova/uav_ws/build/image_geometry' returned '0': CMAKE_PREFIX_PATH=${CMAKE_PREFIX_PATH}:/home/terranova/uav_ws/install/turtlebot3_teleop:/home/terranova/uav_ws/install/turtlebot3_example:/home/terranova/uav_ws/install/opencv_tests:/home/terranova/uav_ws/install/joint_state_publisher_gui:/home/terranova/uav_ws/install/joint_state_publisher:/opt/ros/foxy /home/terranova/.local/bin/cmake --install /home/terranova/uav_ws/build/image_geometry
