[4.773s] Invoking command in '/home/terranova/uav_ws/src/turtlebot3/turtlebot3/turtlebot3_teleop': PYTHONPATH=/home/terranova/uav_ws/build/turtlebot3_teleop/prefix_override:/home/terranova/uav_ws/install/turtlebot3_teleop/lib/python3.8/site-packages:${PYTHONPATH} /usr/bin/python3 -W ignore:setup.py install is deprecated setup.py egg_info --egg-base ../../../../build/turtlebot3_teleop build --build-base /home/terranova/uav_ws/build/turtlebot3_teleop/build install --record /home/terranova/uav_ws/build/turtlebot3_teleop/install.log --single-version-externally-managed install_data
[5.630s] running egg_info
[5.632s] creating ../../../../build/turtlebot3_teleop/turtlebot3_teleop.egg-info
[5.690s] writing ../../../../build/turtlebot3_teleop/turtlebot3_teleop.egg-info/PKG-INFO
[5.693s] writing dependency_links to ../../../../build/turtlebot3_teleop/turtlebot3_teleop.egg-info/dependency_links.txt
[5.694s] writing entry points to ../../../../build/turtlebot3_teleop/turtlebot3_teleop.egg-info/entry_points.txt
[5.696s] writing requirements to ../../../../build/turtlebot3_teleop/turtlebot3_teleop.egg-info/requires.txt
[5.697s] writing top-level names to ../../../../build/turtlebot3_teleop/turtlebot3_teleop.egg-info/top_level.txt
[6.037s] writing manifest file '../../../../build/turtlebot3_teleop/turtlebot3_teleop.egg-info/SOURCES.txt'
[6.192s] reading manifest file '../../../../build/turtlebot3_teleop/turtlebot3_teleop.egg-info/SOURCES.txt'
[6.196s] writing manifest file '../../../../build/turtlebot3_teleop/turtlebot3_teleop.egg-info/SOURCES.txt'
[6.196s] running build
[6.196s] running build_py
[6.197s] creating /home/terranova/uav_ws/build/turtlebot3_teleop/build
[6.197s] creating /home/terranova/uav_ws/build/turtlebot3_teleop/build/lib
[6.197s] creating /home/terranova/uav_ws/build/turtlebot3_teleop/build/lib/turtlebot3_teleop
[6.197s] copying turtlebot3_teleop/__init__.py -> /home/terranova/uav_ws/build/turtlebot3_teleop/build/lib/turtlebot3_teleop
[6.198s] creating /home/terranova/uav_ws/build/turtlebot3_teleop/build/lib/turtlebot3_teleop/script
[6.198s] copying turtlebot3_teleop/script/teleop_keyboard.py -> /home/terranova/uav_ws/build/turtlebot3_teleop/build/lib/turtlebot3_teleop/script
[6.199s] copying turtlebot3_teleop/script/__init__.py -> /home/terranova/uav_ws/build/turtlebot3_teleop/build/lib/turtlebot3_teleop/script
[6.202s] running install
[6.226s] running install_lib
[6.287s] creating /home/terranova/uav_ws/install/turtlebot3_teleop/lib/python3.8/site-packages/turtlebot3_teleop
[6.287s] copying /home/terranova/uav_ws/build/turtlebot3_teleop/build/lib/turtlebot3_teleop/__init__.py -> /home/terranova/uav_ws/install/turtlebot3_teleop/lib/python3.8/site-packages/turtlebot3_teleop
[6.288s] creating /home/terranova/uav_ws/install/turtlebot3_teleop/lib/python3.8/site-packages/turtlebot3_teleop/script
[6.288s] copying /home/terranova/uav_ws/build/turtlebot3_teleop/build/lib/turtlebot3_teleop/script/teleop_keyboard.py -> /home/terranova/uav_ws/install/turtlebot3_teleop/lib/python3.8/site-packages/turtlebot3_teleop/script
[6.288s] copying /home/terranova/uav_ws/build/turtlebot3_teleop/build/lib/turtlebot3_teleop/script/__init__.py -> /home/terranova/uav_ws/install/turtlebot3_teleop/lib/python3.8/site-packages/turtlebot3_teleop/script
[6.290s] byte-compiling /home/terranova/uav_ws/install/turtlebot3_teleop/lib/python3.8/site-packages/turtlebot3_teleop/__init__.py to __init__.cpython-38.pyc
[6.290s] byte-compiling /home/terranova/uav_ws/install/turtlebot3_teleop/lib/python3.8/site-packages/turtlebot3_teleop/script/teleop_keyboard.py to teleop_keyboard.cpython-38.pyc
[6.292s] byte-compiling /home/terranova/uav_ws/install/turtlebot3_teleop/lib/python3.8/site-packages/turtlebot3_teleop/script/__init__.py to __init__.cpython-38.pyc
[6.293s] running install_data
[6.293s] creating /home/terranova/uav_ws/install/turtlebot3_teleop/share/ament_index
[6.294s] creating /home/terranova/uav_ws/install/turtlebot3_teleop/share/ament_index/resource_index
[6.294s] creating /home/terranova/uav_ws/install/turtlebot3_teleop/share/ament_index/resource_index/packages
[6.294s] copying resource/turtlebot3_teleop -> /home/terranova/uav_ws/install/turtlebot3_teleop/share/ament_index/resource_index/packages
[6.294s] copying package.xml -> /home/terranova/uav_ws/install/turtlebot3_teleop/share/turtlebot3_teleop
[6.295s] running install_egg_info
[6.359s] Copying ../../../../build/turtlebot3_teleop/turtlebot3_teleop.egg-info to /home/terranova/uav_ws/install/turtlebot3_teleop/lib/python3.8/site-packages/turtlebot3_teleop-2.1.4-py3.8.egg-info
[6.362s] running install_scripts
[6.530s] Installing teleop_keyboard script to /home/terranova/uav_ws/install/turtlebot3_teleop/lib/turtlebot3_teleop
[6.531s] writing list of installed files to '/home/terranova/uav_ws/build/turtlebot3_teleop/install.log'
[6.614s] Invoked command in '/home/terranova/uav_ws/src/turtlebot3/turtlebot3/turtlebot3_teleop' returned '0': PYTHONPATH=/home/terranova/uav_ws/build/turtlebot3_teleop/prefix_override:/home/terranova/uav_ws/install/turtlebot3_teleop/lib/python3.8/site-packages:${PYTHONPATH} /usr/bin/python3 -W ignore:setup.py install is deprecated setup.py egg_info --egg-base ../../../../build/turtlebot3_teleop build --build-base /home/terranova/uav_ws/build/turtlebot3_teleop/build install --record /home/terranova/uav_ws/build/turtlebot3_teleop/install.log --single-version-externally-managed install_data
