[0.053s] Invoking command in '/home/terranova/uav_ws/build/image_geometry': CMAKE_PREFIX_PATH=${CMAKE_PREFIX_PATH}:/home/terranova/uav_ws/install/turtlebot3_teleop:/home/terranova/uav_ws/install/turtlebot3_example:/home/terranova/uav_ws/install/opencv_tests:/home/terranova/uav_ws/install/joint_state_publisher_gui:/home/terranova/uav_ws/install/joint_state_publisher:/opt/ros/foxy /home/terranova/.local/bin/cmake /home/terranova/uav_ws/src/vision_opencv/image_geometry -DCMAKE_INSTALL_PREFIX=/home/terranova/uav_ws/install/image_geometry
[0.318s] -- The C compiler identification is GNU 9.4.0
[0.483s] -- The CXX compiler identification is GNU 9.4.0
[0.550s] -- Detecting C compiler ABI info
[0.739s] -- Detecting C compiler ABI info - done
[0.773s] -- Check for working C compiler: /usr/lib/ccache/cc - skipped
[0.775s] -- Detecting C compile features
[0.777s] -- Detecting C compile features - done
[0.819s] -- Detecting CXX compiler ABI info
[1.031s] -- Detecting CXX compiler ABI info - done
[1.071s] -- Check for working CXX compiler: /usr/lib/ccache/c++ - skipped
[1.073s] -- Detecting CXX compile features
[1.075s] -- Detecting CXX compile features - done
[1.085s] -- Found ament_cmake_python: 0.9.12 (/opt/ros/foxy/share/ament_cmake_python/cmake)
[1.094s] -- Found ament_cmake_ros: 0.9.2 (/opt/ros/foxy/share/ament_cmake_ros/cmake)
[1.141s] [33mCMake Warning (dev) at /opt/ros/foxy/share/ament_cmake_core/cmake/core/python.cmake:22 (find_package):
[1.141s]   Policy CMP0148 is not set: The FindPythonInterp and FindPythonLibs modules
[1.141s]   are removed.  Run "cmake --help-policy CMP0148" for policy details.  Use
[1.142s]   the cmake_policy command to set the policy and suppress this warning.
[1.142s] 
[1.142s] Call Stack (most recent call first):
[1.142s]   /opt/ros/foxy/share/ament_cmake_core/cmake/core/all.cmake:53 (include)
[1.142s]   /opt/ros/foxy/share/ament_cmake_core/cmake/ament_cmake_core-extras.cmake:17 (include)
[1.142s]   /opt/ros/foxy/share/ament_cmake_core/cmake/ament_cmake_coreConfig.cmake:41 (include)
[1.143s]   /opt/ros/foxy/share/ament_cmake_test/cmake/ament_cmake_test-extras.cmake:39 (find_package)
[1.143s]   /opt/ros/foxy/share/ament_cmake_test/cmake/ament_cmake_testConfig.cmake:41 (include)
[1.143s]   /opt/ros/foxy/share/ament_cmake_pytest/cmake/ament_cmake_pytest-extras.cmake:17 (find_package)
[1.143s]   /opt/ros/foxy/share/ament_cmake_pytest/cmake/ament_cmake_pytestConfig.cmake:41 (include)
[1.143s]   /opt/ros/foxy/share/ament_cmake_ros/cmake/ament_cmake_ros-extras.cmake:19 (find_package)
[1.143s]   /opt/ros/foxy/share/ament_cmake_ros/cmake/ament_cmake_rosConfig.cmake:41 (include)
[1.144s]   CMakeLists.txt:5 (find_package)
[1.144s] This warning is for project developers.  Use -Wno-dev to suppress it.
[1.144s] [0m
[1.267s] -- Found PythonInterp: /usr/bin/python3 (found suitable version "3.8.10", minimum required is "3") 
[1.267s] -- Using PYTHON_EXECUTABLE: /usr/bin/python3
[2.923s] -- Found OpenCV: /usr (found version "4.2.0") found components: calib3d core highgui imgproc 
[2.950s] -- Found sensor_msgs: 2.0.5 (/opt/ros/foxy/share/sensor_msgs/cmake)
[3.218s] -- Using all available rosidl_typesupport_c: rosidl_typesupport_fastrtps_c;rosidl_typesupport_introspection_c
[3.244s] -- Found rosidl_adapter: 1.3.1 (/opt/ros/foxy/share/rosidl_adapter/cmake)
[3.828s] -- Found OpenSSL: /usr/lib/x86_64-linux-gnu/libcrypto.so (found version "1.1.1f")  
[3.985s] -- Found FastRTPS: /opt/ros/foxy/include  
[4.430s] -- Using all available rosidl_typesupport_cpp: rosidl_typesupport_fastrtps_cpp;rosidl_typesupport_introspection_cpp
[5.095s] -- Found gtest sources under '/opt/ros/foxy/src/gtest_vendor': C++ tests using 'Google Test' will be built
[5.098s] [0mCMake Deprecation Warning at /opt/ros/foxy/src/gtest_vendor/CMakeLists.txt:2 (cmake_minimum_required):
[5.098s]   Compatibility with CMake < 3.5 will be removed from a future version of
[5.099s]   CMake.
[5.099s] 
[5.099s]   Update the VERSION argument <min> value or use a ...<max> suffix to tell
[5.099s]   CMake that the project does not need compatibility with older versions.
[5.099s] 
[5.099s] [0m
[5.111s] -- Performing Test CMAKE_HAVE_LIBC_PTHREAD
[5.625s] -- Performing Test CMAKE_HAVE_LIBC_PTHREAD - Failed
[5.625s] -- Check if compiler accepts -pthread
[6.044s] -- Check if compiler accepts -pthread - yes
[6.049s] -- Found Threads: TRUE  
[6.347s] -- Configuring done (6.2s)
[6.457s] -- Generating done (0.1s)
[6.468s] -- Build files have been written to: /home/terranova/uav_ws/build/image_geometry
[6.583s] Invoked command in '/home/terranova/uav_ws/build/image_geometry' returned '0': CMAKE_PREFIX_PATH=${CMAKE_PREFIX_PATH}:/home/terranova/uav_ws/install/turtlebot3_teleop:/home/terranova/uav_ws/install/turtlebot3_example:/home/terranova/uav_ws/install/opencv_tests:/home/terranova/uav_ws/install/joint_state_publisher_gui:/home/terranova/uav_ws/install/joint_state_publisher:/opt/ros/foxy /home/terranova/.local/bin/cmake /home/terranova/uav_ws/src/vision_opencv/image_geometry -DCMAKE_INSTALL_PREFIX=/home/terranova/uav_ws/install/image_geometry
[6.596s] Invoking command in '/home/terranova/uav_ws/build/image_geometry': CMAKE_PREFIX_PATH=${CMAKE_PREFIX_PATH}:/home/terranova/uav_ws/install/turtlebot3_teleop:/home/terranova/uav_ws/install/turtlebot3_example:/home/terranova/uav_ws/install/opencv_tests:/home/terranova/uav_ws/install/joint_state_publisher_gui:/home/terranova/uav_ws/install/joint_state_publisher:/opt/ros/foxy /home/terranova/.local/bin/cmake --build /home/terranova/uav_ws/build/image_geometry -- -j4 -l4
[6.868s] [  9%] [32mBuilding CXX object CMakeFiles/image_geometry.dir/src/pinhole_camera_model.cpp.o[0m
[6.946s] [ 18%] [32mBuilding CXX object CMakeFiles/image_geometry.dir/src/stereo_camera_model.cpp.o[0m
[7.011s] [ 27%] [32m[1mLinking CXX shared library libimage_geometry.so[0m
[7.481s] [ 27%] Built target image_geometry
[7.522s] [ 36%] [32mBuilding CXX object gtest/CMakeFiles/gtest.dir/src/gtest-all.cc.o[0m
[7.738s] [ 45%] [32m[1mLinking CXX static library libgtest.a[0m
[7.904s] [ 45%] Built target gtest
[8.000s] [ 54%] [32mBuilding CXX object gtest/CMakeFiles/gtest_main.dir/src/gtest_main.cc.o[0m
[8.081s] [ 63%] [32m[1mLinking CXX static library libgtest_main.a[0m
[8.276s] [ 63%] Built target gtest_main
[8.312s] [ 72%] [32mBuilding CXX object test/CMakeFiles/image_geometry-utest.dir/utest.cpp.o[0m
[8.611s] [ 81%] [32m[1mLinking CXX executable image_geometry-utest[0m
[9.250s] [ 81%] Built target image_geometry-utest
[9.305s] [ 90%] [32mBuilding CXX object test/CMakeFiles/image_geometry-utest-equi.dir/utest_equi.cpp.o[0m
[9.402s] [100%] [32m[1mLinking CXX executable image_geometry-utest-equi[0m
[10.231s] [100%] Built target image_geometry-utest-equi
[10.255s] Invoked command in '/home/terranova/uav_ws/build/image_geometry' returned '0': CMAKE_PREFIX_PATH=${CMAKE_PREFIX_PATH}:/home/terranova/uav_ws/install/turtlebot3_teleop:/home/terranova/uav_ws/install/turtlebot3_example:/home/terranova/uav_ws/install/opencv_tests:/home/terranova/uav_ws/install/joint_state_publisher_gui:/home/terranova/uav_ws/install/joint_state_publisher:/opt/ros/foxy /home/terranova/.local/bin/cmake --build /home/terranova/uav_ws/build/image_geometry -- -j4 -l4
[10.468s] Invoking command in '/home/terranova/uav_ws/build/image_geometry': CMAKE_PREFIX_PATH=${CMAKE_PREFIX_PATH}:/home/terranova/uav_ws/install/turtlebot3_teleop:/home/terranova/uav_ws/install/turtlebot3_example:/home/terranova/uav_ws/install/opencv_tests:/home/terranova/uav_ws/install/joint_state_publisher_gui:/home/terranova/uav_ws/install/joint_state_publisher:/opt/ros/foxy /home/terranova/.local/bin/cmake --install /home/terranova/uav_ws/build/image_geometry
[10.630s] -- Install configuration: ""
[10.630s] -- Installing: /home/terranova/uav_ws/install/image_geometry/share/image_geometry/environment/pythonpath.sh
[10.639s] -- Installing: /home/terranova/uav_ws/install/image_geometry/share/image_geometry/environment/pythonpath.dsv
[10.643s] -- Installing: /home/terranova/uav_ws/install/image_geometry/lib/python3.8/site-packages/image_geometry
[10.643s] -- Installing: /home/terranova/uav_ws/install/image_geometry/lib/python3.8/site-packages/image_geometry/__init__.py
[10.643s] -- Installing: /home/terranova/uav_ws/install/image_geometry/lib/python3.8/site-packages/image_geometry/cameramodels.py
[10.918s] Listing '/home/terranova/uav_ws/install/image_geometry/lib/python3.8/site-packages/image_geometry'...
[10.919s] Compiling '/home/terranova/uav_ws/install/image_geometry/lib/python3.8/site-packages/image_geometry/__init__.py'...
[10.919s] Compiling '/home/terranova/uav_ws/install/image_geometry/lib/python3.8/site-packages/image_geometry/cameramodels.py'...
[10.976s] -- Installing: /home/terranova/uav_ws/install/image_geometry/include/image_geometry
[10.976s] -- Installing: /home/terranova/uav_ws/install/image_geometry/include/image_geometry/stereo_camera_model.h
[10.976s] -- Installing: /home/terranova/uav_ws/install/image_geometry/include/image_geometry/visibility_control.hpp
[10.977s] -- Installing: /home/terranova/uav_ws/install/image_geometry/include/image_geometry/pinhole_camera_model.h
[10.977s] -- Installing: /home/terranova/uav_ws/install/image_geometry/lib/libimage_geometry.so
[10.977s] -- Set non-toolchain portion of runtime path of "/home/terranova/uav_ws/install/image_geometry/lib/libimage_geometry.so" to ""
[10.977s] -- Installing: /home/terranova/uav_ws/install/image_geometry/share/image_geometry/environment/library_path.sh
[10.977s] -- Installing: /home/terranova/uav_ws/install/image_geometry/share/image_geometry/environment/library_path.dsv
[10.978s] -- Installing: /home/terranova/uav_ws/install/image_geometry/share/ament_index/resource_index/package_run_dependencies/image_geometry
[10.978s] -- Installing: /home/terranova/uav_ws/install/image_geometry/share/ament_index/resource_index/parent_prefix_path/image_geometry
[10.978s] -- Installing: /home/terranova/uav_ws/install/image_geometry/share/image_geometry/environment/ament_prefix_path.sh
[10.978s] -- Installing: /home/terranova/uav_ws/install/image_geometry/share/image_geometry/environment/ament_prefix_path.dsv
[10.979s] -- Installing: /home/terranova/uav_ws/install/image_geometry/share/image_geometry/environment/path.sh
[10.979s] -- Installing: /home/terranova/uav_ws/install/image_geometry/share/image_geometry/environment/path.dsv
[10.979s] -- Installing: /home/terranova/uav_ws/install/image_geometry/share/image_geometry/local_setup.bash
[10.979s] -- Installing: /home/terranova/uav_ws/install/image_geometry/share/image_geometry/local_setup.sh
[10.979s] -- Installing: /home/terranova/uav_ws/install/image_geometry/share/image_geometry/local_setup.zsh
[10.980s] -- Installing: /home/terranova/uav_ws/install/image_geometry/share/image_geometry/local_setup.dsv
[10.980s] -- Installing: /home/terranova/uav_ws/install/image_geometry/share/image_geometry/package.dsv
[10.980s] -- Installing: /home/terranova/uav_ws/install/image_geometry/share/ament_index/resource_index/packages/image_geometry
[10.981s] -- Installing: /home/terranova/uav_ws/install/image_geometry/share/image_geometry/cmake/ament_cmake_export_libraries-extras.cmake
[10.981s] -- Installing: /home/terranova/uav_ws/install/image_geometry/share/image_geometry/cmake/ament_cmake_export_dependencies-extras.cmake
[10.981s] -- Installing: /home/terranova/uav_ws/install/image_geometry/share/image_geometry/cmake/ament_cmake_export_include_directories-extras.cmake
[10.981s] -- Installing: /home/terranova/uav_ws/install/image_geometry/share/image_geometry/cmake/image_geometryConfig.cmake
[10.991s] -- Installing: /home/terranova/uav_ws/install/image_geometry/share/image_geometry/cmake/image_geometryConfig-version.cmake
[10.991s] -- Installing: /home/terranova/uav_ws/install/image_geometry/share/image_geometry/package.xml
[11.018s] Invoked command in '/home/terranova/uav_ws/build/image_geometry' returned '0': CMAKE_PREFIX_PATH=${CMAKE_PREFIX_PATH}:/home/terranova/uav_ws/install/turtlebot3_teleop:/home/terranova/uav_ws/install/turtlebot3_example:/home/terranova/uav_ws/install/opencv_tests:/home/terranova/uav_ws/install/joint_state_publisher_gui:/home/terranova/uav_ws/install/joint_state_publisher:/opt/ros/foxy /home/terranova/.local/bin/cmake --install /home/terranova/uav_ws/build/image_geometry
