[3.001s] Invoking command in '/home/terranova/uav_ws/src/joint_state_publisher_gui': PYTHONPATH=/home/terranova/uav_ws/build/joint_state_publisher_gui/prefix_override:/home/terranova/uav_ws/install/joint_state_publisher_gui/lib/python3.8/site-packages:${PYTHONPATH} /usr/bin/python3 -W ignore:setup.py install is deprecated setup.py egg_info --egg-base ../../build/joint_state_publisher_gui build --build-base /home/terranova/uav_ws/build/joint_state_publisher_gui/build install --record /home/terranova/uav_ws/build/joint_state_publisher_gui/install.log --single-version-externally-managed install_data
[4.010s] running egg_info
[4.014s] creating ../../build/joint_state_publisher_gui/joint_state_publisher_gui.egg-info
[4.145s] writing ../../build/joint_state_publisher_gui/joint_state_publisher_gui.egg-info/PKG-INFO
[4.148s] writing dependency_links to ../../build/joint_state_publisher_gui/joint_state_publisher_gui.egg-info/dependency_links.txt
[4.153s] writing requirements to ../../build/joint_state_publisher_gui/joint_state_publisher_gui.egg-info/requires.txt
[4.154s] writing top-level names to ../../build/joint_state_publisher_gui/joint_state_publisher_gui.egg-info/top_level.txt
[4.692s] writing manifest file '../../build/joint_state_publisher_gui/joint_state_publisher_gui.egg-info/SOURCES.txt'
[4.825s] reading manifest file '../../build/joint_state_publisher_gui/joint_state_publisher_gui.egg-info/SOURCES.txt'
[4.828s] writing manifest file '../../build/joint_state_publisher_gui/joint_state_publisher_gui.egg-info/SOURCES.txt'
[4.828s] running build
[4.828s] running build_py
[4.828s] creating /home/terranova/uav_ws/build/joint_state_publisher_gui/build
[4.828s] creating /home/terranova/uav_ws/build/joint_state_publisher_gui/build/lib
[4.829s] creating /home/terranova/uav_ws/build/joint_state_publisher_gui/build/lib/joint_state_publisher_gui
[4.829s] copying joint_state_publisher_gui/__init__.py -> /home/terranova/uav_ws/build/joint_state_publisher_gui/build/lib/joint_state_publisher_gui
[4.829s] running install
[4.847s] running install_lib
[4.925s] creating /home/terranova/uav_ws/install/joint_state_publisher_gui/lib/python3.8/site-packages/joint_state_publisher_gui
[4.925s] copying /home/terranova/uav_ws/build/joint_state_publisher_gui/build/lib/joint_state_publisher_gui/__init__.py -> /home/terranova/uav_ws/install/joint_state_publisher_gui/lib/python3.8/site-packages/joint_state_publisher_gui
[4.927s] byte-compiling /home/terranova/uav_ws/install/joint_state_publisher_gui/lib/python3.8/site-packages/joint_state_publisher_gui/__init__.py to __init__.cpython-38.pyc
[4.928s] running install_data
[4.934s] creating /home/terranova/uav_ws/install/joint_state_publisher_gui/share/ament_index
[4.935s] creating /home/terranova/uav_ws/install/joint_state_publisher_gui/share/ament_index/resource_index
[4.935s] creating /home/terranova/uav_ws/install/joint_state_publisher_gui/share/ament_index/resource_index/packages
[4.935s] copying resource/joint_state_publisher_gui -> /home/terranova/uav_ws/install/joint_state_publisher_gui/share/ament_index/resource_index/packages
[4.940s] copying package.xml -> /home/terranova/uav_ws/install/joint_state_publisher_gui/share/joint_state_publisher_gui
[4.940s] running install_egg_info
[5.015s] Copying ../../build/joint_state_publisher_gui/joint_state_publisher_gui.egg-info to /home/terranova/uav_ws/install/joint_state_publisher_gui/lib/python3.8/site-packages/joint_state_publisher_gui-0.0.0-py3.8.egg-info
[5.025s] running install_scripts
[5.234s] writing list of installed files to '/home/terranova/uav_ws/build/joint_state_publisher_gui/install.log'
[5.367s] Invoked command in '/home/terranova/uav_ws/src/joint_state_publisher_gui' returned '0': PYTHONPATH=/home/terranova/uav_ws/build/joint_state_publisher_gui/prefix_override:/home/terranova/uav_ws/install/joint_state_publisher_gui/lib/python3.8/site-packages:${PYTHONPATH} /usr/bin/python3 -W ignore:setup.py install is deprecated setup.py egg_info --egg-base ../../build/joint_state_publisher_gui build --build-base /home/terranova/uav_ws/build/joint_state_publisher_gui/build install --record /home/terranova/uav_ws/build/joint_state_publisher_gui/install.log --single-version-externally-managed install_data
