[0.936s] Invoking command in '/home/terranova/uav_ws/build/turtlebot3_cartographer': CMAKE_PREFIX_PATH=/opt/ros/foxy /home/terranova/.local/bin/cmake --build /home/terranova/uav_ws/build/turtlebot3_cartographer -- -j4 -l4
[1.554s] Invoked command in '/home/terranova/uav_ws/build/turtlebot3_cartographer' returned '0': CMAKE_PREFIX_PATH=/opt/ros/foxy /home/terranova/.local/bin/cmake --build /home/terranova/uav_ws/build/turtlebot3_cartographer -- -j4 -l4
[2.563s] Invoking command in '/home/terranova/uav_ws/build/turtlebot3_cartographer': CMAKE_PREFIX_PATH=/opt/ros/foxy /home/terranova/.local/bin/cmake --install /home/terranova/uav_ws/build/turtlebot3_cartographer
[3.003s] -- Install configuration: ""
[3.009s] -- Up-to-date: /home/terranova/uav_ws/install/turtlebot3_cartographer/share/turtlebot3_cartographer/config
[3.010s] -- Up-to-date: /home/terranova/uav_ws/install/turtlebot3_cartographer/share/turtlebot3_cartographer/config/turtlebot3_lds_2d.lua
[3.011s] -- Up-to-date: /home/terranova/uav_ws/install/turtlebot3_cartographer/share/turtlebot3_cartographer/launch
[3.017s] -- Up-to-date: /home/terranova/uav_ws/install/turtlebot3_cartographer/share/turtlebot3_cartographer/launch/cartographer.launch.py
[3.018s] -- Up-to-date: /home/terranova/uav_ws/install/turtlebot3_cartographer/share/turtlebot3_cartographer/launch/occupancy_grid.launch.py
[3.018s] -- Up-to-date: /home/terranova/uav_ws/install/turtlebot3_cartographer/share/turtlebot3_cartographer/rviz
[3.018s] -- Up-to-date: /home/terranova/uav_ws/install/turtlebot3_cartographer/share/turtlebot3_cartographer/rviz/tb3_cartographer.rviz
[3.019s] -- Up-to-date: /home/terranova/uav_ws/install/turtlebot3_cartographer/share/ament_index/resource_index/package_run_dependencies/turtlebot3_cartographer
[3.019s] -- Up-to-date: /home/terranova/uav_ws/install/turtlebot3_cartographer/share/ament_index/resource_index/parent_prefix_path/turtlebot3_cartographer
[3.019s] -- Up-to-date: /home/terranova/uav_ws/install/turtlebot3_cartographer/share/turtlebot3_cartographer/environment/ament_prefix_path.sh
[3.019s] -- Up-to-date: /home/terranova/uav_ws/install/turtlebot3_cartographer/share/turtlebot3_cartographer/environment/ament_prefix_path.dsv
[3.020s] -- Up-to-date: /home/terranova/uav_ws/install/turtlebot3_cartographer/share/turtlebot3_cartographer/environment/path.sh
[3.020s] -- Up-to-date: /home/terranova/uav_ws/install/turtlebot3_cartographer/share/turtlebot3_cartographer/environment/path.dsv
[3.020s] -- Up-to-date: /home/terranova/uav_ws/install/turtlebot3_cartographer/share/turtlebot3_cartographer/local_setup.bash
[3.020s] -- Up-to-date: /home/terranova/uav_ws/install/turtlebot3_cartographer/share/turtlebot3_cartographer/local_setup.sh
[3.029s] -- Up-to-date: /home/terranova/uav_ws/install/turtlebot3_cartographer/share/turtlebot3_cartographer/local_setup.zsh
[3.030s] -- Up-to-date: /home/terranova/uav_ws/install/turtlebot3_cartographer/share/turtlebot3_cartographer/local_setup.dsv
[3.030s] -- Up-to-date: /home/terranova/uav_ws/install/turtlebot3_cartographer/share/turtlebot3_cartographer/package.dsv
[3.030s] -- Up-to-date: /home/terranova/uav_ws/install/turtlebot3_cartographer/share/ament_index/resource_index/packages/turtlebot3_cartographer
[3.031s] -- Up-to-date: /home/terranova/uav_ws/install/turtlebot3_cartographer/share/turtlebot3_cartographer/cmake/turtlebot3_cartographerConfig.cmake
[3.031s] -- Up-to-date: /home/terranova/uav_ws/install/turtlebot3_cartographer/share/turtlebot3_cartographer/cmake/turtlebot3_cartographerConfig-version.cmake
[3.031s] -- Up-to-date: /home/terranova/uav_ws/install/turtlebot3_cartographer/share/turtlebot3_cartographer/package.xml
[5.125s] Invoked command in '/home/terranova/uav_ws/build/turtlebot3_cartographer' returned '0': CMAKE_PREFIX_PATH=/opt/ros/foxy /home/terranova/.local/bin/cmake --install /home/terranova/uav_ws/build/turtlebot3_cartographer
