[100%] Built target gazebo_ros_velodyne_laser
-- Install configuration: ""
-- Up-to-date: /home/terranova/uav_ws/install/velodyne_gazebo_plugin/lib/libgazebo_ros_velodyne_laser.so
-- Up-to-date: /home/terranova/uav_ws/install/velodyne_gazebo_plugin/include/velodyne_gazebo_plugin
-- Up-to-date: /home/terranova/uav_ws/install/velodyne_gazebo_plugin/include/velodyne_gazebo_plugin/gazebo_ros_velodyne_laser.h
-- Up-to-date: /home/terranova/uav_ws/install/velodyne_gazebo_plugin/include/velodyne_gazebo_plugin/VelodyneLaserPlugin.h
-- Up-to-date: /home/terranova/uav_ws/install/velodyne_gazebo_plugin/share/velodyne_gazebo_plugin/environment/library_path.sh
-- Up-to-date: /home/terranova/uav_ws/install/velodyne_gazebo_plugin/share/velodyne_gazebo_plugin/environment/library_path.dsv
-- Up-to-date: /home/terranova/uav_ws/install/velodyne_gazebo_plugin/share/ament_index/resource_index/package_run_dependencies/velodyne_gazebo_plugin
-- Up-to-date: /home/terranova/uav_ws/install/velodyne_gazebo_plugin/share/ament_index/resource_index/parent_prefix_path/velodyne_gazebo_plugin
-- Up-to-date: /home/terranova/uav_ws/install/velodyne_gazebo_plugin/share/velodyne_gazebo_plugin/environment/ament_prefix_path.sh
-- Up-to-date: /home/terranova/uav_ws/install/velodyne_gazebo_plugin/share/velodyne_gazebo_plugin/environment/ament_prefix_path.dsv
-- Up-to-date: /home/terranova/uav_ws/install/velodyne_gazebo_plugin/share/velodyne_gazebo_plugin/environment/path.sh
-- Up-to-date: /home/terranova/uav_ws/install/velodyne_gazebo_plugin/share/velodyne_gazebo_plugin/environment/path.dsv
-- Up-to-date: /home/terranova/uav_ws/install/velodyne_gazebo_plugin/share/velodyne_gazebo_plugin/local_setup.bash
-- Up-to-date: /home/terranova/uav_ws/install/velodyne_gazebo_plugin/share/velodyne_gazebo_plugin/local_setup.sh
-- Up-to-date: /home/terranova/uav_ws/install/velodyne_gazebo_plugin/share/velodyne_gazebo_plugin/local_setup.zsh
-- Up-to-date: /home/terranova/uav_ws/install/velodyne_gazebo_plugin/share/velodyne_gazebo_plugin/local_setup.dsv
-- Installing: /home/terranova/uav_ws/install/velodyne_gazebo_plugin/share/velodyne_gazebo_plugin/package.dsv
-- Up-to-date: /home/terranova/uav_ws/install/velodyne_gazebo_plugin/share/ament_index/resource_index/packages/velodyne_gazebo_plugin
-- Up-to-date: /home/terranova/uav_ws/install/velodyne_gazebo_plugin/share/velodyne_gazebo_plugin/cmake/ament_cmake_export_include_directories-extras.cmake
-- Up-to-date: /home/terranova/uav_ws/install/velodyne_gazebo_plugin/share/velodyne_gazebo_plugin/cmake/ament_cmake_export_libraries-extras.cmake
-- Up-to-date: /home/terranova/uav_ws/install/velodyne_gazebo_plugin/share/velodyne_gazebo_plugin/cmake/ament_cmake_export_dependencies-extras.cmake
-- Up-to-date: /home/terranova/uav_ws/install/velodyne_gazebo_plugin/share/velodyne_gazebo_plugin/cmake/velodyne_gazebo_pluginConfig.cmake
-- Up-to-date: /home/terranova/uav_ws/install/velodyne_gazebo_plugin/share/velodyne_gazebo_plugin/cmake/velodyne_gazebo_pluginConfig-version.cmake
-- Up-to-date: /home/terranova/uav_ws/install/velodyne_gazebo_plugin/share/velodyne_gazebo_plugin/package.xml
