[0.306s] Invoking command in '/home/terranova/uav_ws/build/velodyne_gazebo_plugin': AMENT_PREFIX_PATH=/home/terranova/uav_ws/install/gazebo_ros:/home/terranova/uav_ws/install/gazebo_msgs:/home/terranova/uav_ws/install/gazebo_dev:${AMENT_PREFIX_PATH} CMAKE_PREFIX_PATH=/home/terranova/uav_ws/install/gazebo_ros:/home/terranova/uav_ws/install/gazebo_msgs:/home/terranova/uav_ws/install/gazebo_dev:/opt/ros/foxy LD_LIBRARY_PATH=/home/terranova/uav_ws/install/gazebo_ros/lib:/home/terranova/uav_ws/install/gazebo_msgs/lib:/opt/ros/foxy/opt/yaml_cpp_vendor/lib:/opt/ros/foxy/opt/rviz_ogre_vendor/lib:/opt/ros/foxy/lib/x86_64-linux-gnu:/opt/ros/foxy/lib:/usr/lib/x86_64-linux-gnu/gazebo-11/plugins:/usr/lib/x86_64-linux-gnu/gazebo-11/plugins:/usr/lib/x86_64-linux-gnu/gazebo-11/plugins PYTHONPATH=/home/terranova/uav_ws/install/gazebo_ros/lib/python3.8/site-packages:/home/terranova/uav_ws/install/gazebo_msgs/lib/python3.8/site-packages:/opt/ros/foxy/lib/python3.8/site-packages:/home/terranova/.local/bin /home/terranova/.local/bin/cmake --build /home/terranova/uav_ws/build/velodyne_gazebo_plugin -- -j4 -l4
[2.236s] [100%] Built target gazebo_ros_velodyne_laser
[2.327s] Invoked command in '/home/terranova/uav_ws/build/velodyne_gazebo_plugin' returned '0': AMENT_PREFIX_PATH=/home/terranova/uav_ws/install/gazebo_ros:/home/terranova/uav_ws/install/gazebo_msgs:/home/terranova/uav_ws/install/gazebo_dev:${AMENT_PREFIX_PATH} CMAKE_PREFIX_PATH=/home/terranova/uav_ws/install/gazebo_ros:/home/terranova/uav_ws/install/gazebo_msgs:/home/terranova/uav_ws/install/gazebo_dev:/opt/ros/foxy LD_LIBRARY_PATH=/home/terranova/uav_ws/install/gazebo_ros/lib:/home/terranova/uav_ws/install/gazebo_msgs/lib:/opt/ros/foxy/opt/yaml_cpp_vendor/lib:/opt/ros/foxy/opt/rviz_ogre_vendor/lib:/opt/ros/foxy/lib/x86_64-linux-gnu:/opt/ros/foxy/lib:/usr/lib/x86_64-linux-gnu/gazebo-11/plugins:/usr/lib/x86_64-linux-gnu/gazebo-11/plugins:/usr/lib/x86_64-linux-gnu/gazebo-11/plugins PYTHONPATH=/home/terranova/uav_ws/install/gazebo_ros/lib/python3.8/site-packages:/home/terranova/uav_ws/install/gazebo_msgs/lib/python3.8/site-packages:/opt/ros/foxy/lib/python3.8/site-packages:/home/terranova/.local/bin /home/terranova/.local/bin/cmake --build /home/terranova/uav_ws/build/velodyne_gazebo_plugin -- -j4 -l4
[2.813s] Invoking command in '/home/terranova/uav_ws/build/velodyne_gazebo_plugin': AMENT_PREFIX_PATH=/home/terranova/uav_ws/install/gazebo_ros:/home/terranova/uav_ws/install/gazebo_msgs:/home/terranova/uav_ws/install/gazebo_dev:${AMENT_PREFIX_PATH} CMAKE_PREFIX_PATH=/home/terranova/uav_ws/install/gazebo_ros:/home/terranova/uav_ws/install/gazebo_msgs:/home/terranova/uav_ws/install/gazebo_dev:/opt/ros/foxy LD_LIBRARY_PATH=/home/terranova/uav_ws/install/gazebo_ros/lib:/home/terranova/uav_ws/install/gazebo_msgs/lib:/opt/ros/foxy/opt/yaml_cpp_vendor/lib:/opt/ros/foxy/opt/rviz_ogre_vendor/lib:/opt/ros/foxy/lib/x86_64-linux-gnu:/opt/ros/foxy/lib:/usr/lib/x86_64-linux-gnu/gazebo-11/plugins:/usr/lib/x86_64-linux-gnu/gazebo-11/plugins:/usr/lib/x86_64-linux-gnu/gazebo-11/plugins PYTHONPATH=/home/terranova/uav_ws/install/gazebo_ros/lib/python3.8/site-packages:/home/terranova/uav_ws/install/gazebo_msgs/lib/python3.8/site-packages:/opt/ros/foxy/lib/python3.8/site-packages:/home/terranova/.local/bin /home/terranova/.local/bin/cmake --install /home/terranova/uav_ws/build/velodyne_gazebo_plugin
[3.062s] -- Install configuration: ""
[3.191s] -- Up-to-date: /home/terranova/uav_ws/install/velodyne_gazebo_plugin/lib/libgazebo_ros_velodyne_laser.so
[3.191s] -- Up-to-date: /home/terranova/uav_ws/install/velodyne_gazebo_plugin/include/velodyne_gazebo_plugin
[3.191s] -- Up-to-date: /home/terranova/uav_ws/install/velodyne_gazebo_plugin/include/velodyne_gazebo_plugin/gazebo_ros_velodyne_laser.h
[3.192s] -- Up-to-date: /home/terranova/uav_ws/install/velodyne_gazebo_plugin/include/velodyne_gazebo_plugin/VelodyneLaserPlugin.h
[3.212s] -- Up-to-date: /home/terranova/uav_ws/install/velodyne_gazebo_plugin/share/velodyne_gazebo_plugin/environment/library_path.sh
[3.213s] -- Up-to-date: /home/terranova/uav_ws/install/velodyne_gazebo_plugin/share/velodyne_gazebo_plugin/environment/library_path.dsv
[3.213s] -- Up-to-date: /home/terranova/uav_ws/install/velodyne_gazebo_plugin/share/ament_index/resource_index/package_run_dependencies/velodyne_gazebo_plugin
[3.272s] -- Up-to-date: /home/terranova/uav_ws/install/velodyne_gazebo_plugin/share/ament_index/resource_index/parent_prefix_path/velodyne_gazebo_plugin
[3.273s] -- Up-to-date: /home/terranova/uav_ws/install/velodyne_gazebo_plugin/share/velodyne_gazebo_plugin/environment/ament_prefix_path.sh
[3.288s] -- Up-to-date: /home/terranova/uav_ws/install/velodyne_gazebo_plugin/share/velodyne_gazebo_plugin/environment/ament_prefix_path.dsv
[3.289s] -- Up-to-date: /home/terranova/uav_ws/install/velodyne_gazebo_plugin/share/velodyne_gazebo_plugin/environment/path.sh
[3.290s] -- Up-to-date: /home/terranova/uav_ws/install/velodyne_gazebo_plugin/share/velodyne_gazebo_plugin/environment/path.dsv
[3.295s] -- Up-to-date: /home/terranova/uav_ws/install/velodyne_gazebo_plugin/share/velodyne_gazebo_plugin/local_setup.bash
[3.296s] -- Up-to-date: /home/terranova/uav_ws/install/velodyne_gazebo_plugin/share/velodyne_gazebo_plugin/local_setup.sh
[3.296s] -- Up-to-date: /home/terranova/uav_ws/install/velodyne_gazebo_plugin/share/velodyne_gazebo_plugin/local_setup.zsh
[3.298s] -- Up-to-date: /home/terranova/uav_ws/install/velodyne_gazebo_plugin/share/velodyne_gazebo_plugin/local_setup.dsv
[3.299s] -- Installing: /home/terranova/uav_ws/install/velodyne_gazebo_plugin/share/velodyne_gazebo_plugin/package.dsv
[3.299s] -- Up-to-date: /home/terranova/uav_ws/install/velodyne_gazebo_plugin/share/ament_index/resource_index/packages/velodyne_gazebo_plugin
[3.299s] -- Up-to-date: /home/terranova/uav_ws/install/velodyne_gazebo_plugin/share/velodyne_gazebo_plugin/cmake/ament_cmake_export_include_directories-extras.cmake
[3.308s] -- Up-to-date: /home/terranova/uav_ws/install/velodyne_gazebo_plugin/share/velodyne_gazebo_plugin/cmake/ament_cmake_export_libraries-extras.cmake
[3.317s] -- Up-to-date: /home/terranova/uav_ws/install/velodyne_gazebo_plugin/share/velodyne_gazebo_plugin/cmake/ament_cmake_export_dependencies-extras.cmake
[3.317s] -- Up-to-date: /home/terranova/uav_ws/install/velodyne_gazebo_plugin/share/velodyne_gazebo_plugin/cmake/velodyne_gazebo_pluginConfig.cmake
[3.320s] -- Up-to-date: /home/terranova/uav_ws/install/velodyne_gazebo_plugin/share/velodyne_gazebo_plugin/cmake/velodyne_gazebo_pluginConfig-version.cmake
[3.320s] -- Up-to-date: /home/terranova/uav_ws/install/velodyne_gazebo_plugin/share/velodyne_gazebo_plugin/package.xml
[3.324s] Invoked command in '/home/terranova/uav_ws/build/velodyne_gazebo_plugin' returned '0': AMENT_PREFIX_PATH=/home/terranova/uav_ws/install/gazebo_ros:/home/terranova/uav_ws/install/gazebo_msgs:/home/terranova/uav_ws/install/gazebo_dev:${AMENT_PREFIX_PATH} CMAKE_PREFIX_PATH=/home/terranova/uav_ws/install/gazebo_ros:/home/terranova/uav_ws/install/gazebo_msgs:/home/terranova/uav_ws/install/gazebo_dev:/opt/ros/foxy LD_LIBRARY_PATH=/home/terranova/uav_ws/install/gazebo_ros/lib:/home/terranova/uav_ws/install/gazebo_msgs/lib:/opt/ros/foxy/opt/yaml_cpp_vendor/lib:/opt/ros/foxy/opt/rviz_ogre_vendor/lib:/opt/ros/foxy/lib/x86_64-linux-gnu:/opt/ros/foxy/lib:/usr/lib/x86_64-linux-gnu/gazebo-11/plugins:/usr/lib/x86_64-linux-gnu/gazebo-11/plugins:/usr/lib/x86_64-linux-gnu/gazebo-11/plugins PYTHONPATH=/home/terranova/uav_ws/install/gazebo_ros/lib/python3.8/site-packages:/home/terranova/uav_ws/install/gazebo_msgs/lib/python3.8/site-packages:/opt/ros/foxy/lib/python3.8/site-packages:/home/terranova/.local/bin /home/terranova/.local/bin/cmake --install /home/terranova/uav_ws/build/velodyne_gazebo_plugin
