[0.049s] Invoking command in '/home/terranova/uav_ws/build/uav_gazebo': CMAKE_PREFIX_PATH=/home/terranova/uav_ws/install/gazebo_ros_pkgs:/home/terranova/uav_ws/install/gazebo_plugins:/home/terranova/uav_ws/install/gazebo_ros:/home/terranova/uav_ws/install/gazebo_msgs:/home/terranova/uav_ws/install/gazebo_dev:/home/terranova/uav_ws/install/cv_bridge:/home/terranova/uav_ws/install/cartographer_ros_msgs:/home/terranova/uav_ws/install/vision_opencv:/home/terranova/uav_ws/install/uav_gazebo:/home/terranova/uav_ws/install/uav_cartographer:/home/terranova/uav_ws/install/turtlebot3:/home/terranova/uav_ws/install/turtlebot3_simulations:/home/terranova/uav_ws/install/turtlebot3_bringup:/home/terranova/uav_ws/install/turtlebot3_node:/home/terranova/uav_ws/install/turtlebot3_navigation2:/home/terranova/uav_ws/install/turtlebot3_fake_node:/home/terranova/uav_ws/install/turtlebot3_msgs:/home/terranova/uav_ws/install/turtlebot3_gazebo:/home/terranova/uav_ws/install/turtlebot3_description:/home/terranova/uav_ws/install/turtlebot3_cartographer:/home/terranova/uav_ws/install/turtlebot3_teleop:/home/terranova/uav_ws/install/turtlebot3_example:/home/terranova/uav_ws/install/opencv_tests:/home/terranova/uav_ws/install/joint_state_publisher_gui:/home/terranova/uav_ws/install/joint_state_publisher:/opt/ros/foxy:/home/terranova/uav_ws/install/realsense_gazebo_plugin:/home/terranova/uav_ws/install/perception_pcl:/home/terranova/uav_ws/install/pcl_ros:/home/terranova/uav_ws/install/pcl_conversions:/home/terranova/uav_ws/install/pcl_msgs:/home/terranova/uav_ws/install/image_geometry:/home/terranova/uav_ws/install/hls_lfcd_lds_driver:/home/terranova/uav_ws/install/dynamixel_sdk_examples:/home/terranova/uav_ws/install/dynamixel_sdk_custom_interfaces:/home/terranova/uav_ws/install/dynamixel_sdk:/home/terranova/uav_ws/install/absl LD_LIBRARY_PATH=/home/terranova/uav_ws/install/gazebo_plugins/lib:/home/terranova/uav_ws/install/gazebo_ros/lib:/home/terranova/uav_ws/install/gazebo_msgs/lib:/home/terranova/uav_ws/install/cv_bridge/lib:/home/terranova/uav_ws/install/cartographer_ros_msgs/lib:/home/terranova/uav_ws/install/turtlebot3_msgs/lib:/home/terranova/uav_ws/install/realsense_gazebo_plugin/lib:/home/terranova/uav_ws/install/pcl_ros/lib:/home/terranova/uav_ws/install/pcl_msgs/lib:/home/terranova/uav_ws/install/image_geometry/lib:/home/terranova/uav_ws/install/dynamixel_sdk_custom_interfaces/lib:/home/terranova/uav_ws/install/dynamixel_sdk/lib:/opt/ros/foxy/opt/yaml_cpp_vendor/lib:/opt/ros/foxy/opt/rviz_ogre_vendor/lib:/opt/ros/foxy/lib/x86_64-linux-gnu:/opt/ros/foxy/lib:/usr/lib/x86_64-linux-gnu/gazebo-11/plugins PYTHONPATH=/home/terranova/uav_ws/install/gazebo_ros/lib/python3.8/site-packages:/home/terranova/uav_ws/install/gazebo_msgs/lib/python3.8/site-packages:/home/terranova/uav_ws/install/cv_bridge/lib/python3.8/site-packages:/home/terranova/uav_ws/install/cartographer_ros_msgs/lib/python3.8/site-packages:/home/terranova/uav_ws/install/turtlebot3_teleop/lib/python3.8/site-packages:/home/terranova/uav_ws/install/turtlebot3_example/lib/python3.8/site-packages:/home/terranova/uav_ws/install/turtlebot3_msgs/lib/python3.8/site-packages:/home/terranova/uav_ws/install/pcl_msgs/lib/python3.8/site-packages:/home/terranova/uav_ws/install/opencv_tests/lib/python3.8/site-packages:/home/terranova/uav_ws/install/joint_state_publisher_gui/lib/python3.8/site-packages:/home/terranova/uav_ws/install/joint_state_publisher/lib/python3.8/site-packages:/home/terranova/uav_ws/install/image_geometry/lib/python3.8/site-packages:/home/terranova/uav_ws/install/dynamixel_sdk_custom_interfaces/lib/python3.8/site-packages:/opt/ros/foxy/lib/python3.8/site-packages:/home/terranova/.local/bin /home/terranova/.local/bin/cmake /home/terranova/uav_ws/src/uav_gazebo -DCMAKE_INSTALL_PREFIX=/home/terranova/uav_ws/install/uav_gazebo
[0.202s] -- The C compiler identification is GNU 9.4.0
[0.305s] -- The CXX compiler identification is GNU 9.4.0
[0.338s] -- Detecting C compiler ABI info
[0.424s] -- Detecting C compiler ABI info - done
[0.443s] -- Check for working C compiler: /usr/lib/ccache/cc - skipped
[0.444s] -- Detecting C compile features
[0.444s] -- Detecting C compile features - done
[0.466s] -- Detecting CXX compiler ABI info
[0.573s] -- Detecting CXX compiler ABI info - done
[0.593s] -- Check for working CXX compiler: /usr/lib/ccache/c++ - skipped
[0.594s] -- Detecting CXX compile features
[0.595s] -- Detecting CXX compile features - done
[0.602s] -- Found ament_cmake: 0.9.12 (/opt/ros/foxy/share/ament_cmake/cmake)
[0.614s] [33mCMake Warning (dev) at /opt/ros/foxy/share/ament_cmake_core/cmake/core/python.cmake:22 (find_package):
[0.614s]   Policy CMP0148 is not set: The FindPythonInterp and FindPythonLibs modules
[0.614s]   are removed.  Run "cmake --help-policy CMP0148" for policy details.  Use
[0.615s]   the cmake_policy command to set the policy and suppress this warning.
[0.615s] 
[0.615s] Call Stack (most recent call first):
[0.615s]   /opt/ros/foxy/share/ament_cmake_core/cmake/core/all.cmake:53 (include)
[0.616s]   /opt/ros/foxy/share/ament_cmake_core/cmake/ament_cmake_core-extras.cmake:17 (include)
[0.616s]   /opt/ros/foxy/share/ament_cmake_core/cmake/ament_cmake_coreConfig.cmake:41 (include)
[0.616s]   /opt/ros/foxy/share/ament_cmake/cmake/ament_cmake_export_dependencies-extras.cmake:15 (find_package)
[0.616s]   /opt/ros/foxy/share/ament_cmake/cmake/ament_cmakeConfig.cmake:41 (include)
[0.616s]   CMakeLists.txt:18 (find_package)
[0.616s] This warning is for project developers.  Use -Wno-dev to suppress it.
[0.617s] [0m
[0.661s] -- Found PythonInterp: /usr/bin/python3 (found suitable version "3.8.10", minimum required is "3") 
[0.661s] -- Using PYTHON_EXECUTABLE: /usr/bin/python3
[1.123s] -- Found PkgConfig: /usr/bin/pkg-config (found version "0.29.1") 
[1.139s] -- Checking for module 'bullet>=2.82'
[1.184s] --   Found bullet, version 2.88
[1.491s] -- Found ccd: /usr/include (found suitable version "2.0", minimum required is "2.0") 
[1.629s] -- Found fcl: /usr/include (found suitable version "0.5.0", minimum required is "0.3.2") 
[1.756s] -- Found assimp: /usr/include (found version "5.0.0") 
[1.841s] -- Found DART: /usr/include (Required is at least version "6.6") found components: dart 
[2.253s] -- Found Boost: /usr/lib/x86_64-linux-gnu/cmake/Boost-1.71.0/BoostConfig.cmake (found suitable version "1.71.0", minimum required is "1.40.0") found components: thread system filesystem program_options regex iostreams date_time 
[2.321s] -- Found Protobuf: /usr/lib/x86_64-linux-gnu/libprotobuf.so;-lpthread (found version "3.6.1") 
[2.339s] -- Looking for ignition-math6 -- found version 6.15.1
[2.358s] -- Searching for dependencies of ignition-math6
[2.363s] -- Looking for OGRE...
[2.366s] -- OGRE_PREFIX_WATCH changed.
[2.379s] -- Checking for module 'OGRE'
[2.431s] --   Found OGRE, version 1.9.0
[2.507s] -- Found Ogre Ghadamon (1.9.0)
[2.555s] -- Found OGRE: optimized;/usr/lib/x86_64-linux-gnu/libOgreMain.so;debug;/usr/lib/x86_64-linux-gnu/libOgreMain.so
[2.580s] -- Looking for OGRE_Paging...
[2.623s] -- Found OGRE_Paging: optimized;/usr/lib/x86_64-linux-gnu/libOgrePaging.so;debug;/usr/lib/x86_64-linux-gnu/libOgrePaging.so
[2.623s] -- Looking for OGRE_Terrain...
[2.661s] -- Found OGRE_Terrain: optimized;/usr/lib/x86_64-linux-gnu/libOgreTerrain.so;debug;/usr/lib/x86_64-linux-gnu/libOgreTerrain.so
[2.661s] -- Looking for OGRE_Property...
[2.700s] -- Found OGRE_Property: optimized;/usr/lib/x86_64-linux-gnu/libOgreProperty.so;debug;/usr/lib/x86_64-linux-gnu/libOgreProperty.so
[2.700s] -- Looking for OGRE_RTShaderSystem...
[2.743s] -- Found OGRE_RTShaderSystem: optimized;/usr/lib/x86_64-linux-gnu/libOgreRTShaderSystem.so;debug;/usr/lib/x86_64-linux-gnu/libOgreRTShaderSystem.so
[2.743s] -- Looking for OGRE_Volume...
[2.784s] -- Found OGRE_Volume: optimized;/usr/lib/x86_64-linux-gnu/libOgreVolume.so;debug;/usr/lib/x86_64-linux-gnu/libOgreVolume.so
[2.785s] -- Looking for OGRE_Overlay...
[2.828s] -- Found OGRE_Overlay: optimized;/usr/lib/x86_64-linux-gnu/libOgreOverlay.so;debug;/usr/lib/x86_64-linux-gnu/libOgreOverlay.so
[3.702s] -- Looking for ignition-math6 -- found version 6.15.1
[3.729s] -- Looking for ignition-transport8 -- found version 8.5.0
[3.731s] -- Searching for dependencies of ignition-transport8
[3.798s] -- Config-file not installed for ZeroMQ -- checking for pkg-config
[3.805s] -- Checking for module 'libzmq >= 4'
[3.838s] --   Found libzmq, version 4.3.2
[3.920s] -- Found ZeroMQ: TRUE (Required is at least version "4") 
[3.930s] -- Checking for module 'uuid'
[3.964s] --   Found uuid, version 2.34.0
[4.041s] -- Found UUID: TRUE  
[4.066s] -- Looking for ignition-msgs5 -- found version 5.11.0
[4.067s] -- Searching for dependencies of ignition-msgs5
[4.102s] -- Found Protobuf: /usr/lib/x86_64-linux-gnu/libprotobuf.so;-lpthread (found suitable version "3.6.1", minimum required is "3") 
[4.103s] -- Looking for ignition-math6 -- found version 6.15.1
[4.112s] -- Checking for module 'tinyxml2'
[4.152s] --   Found tinyxml2, version 6.2.0
[4.274s] -- Looking for ignition-msgs5 -- found version 5.11.0
[4.285s] -- Looking for ignition-common3 -- found version 3.17.0
[4.286s] -- Searching for dependencies of ignition-common3
[4.287s] -- Looking for dlfcn.h - found
[4.290s] -- Looking for libdl - found
[4.293s] -- Found DL: TRUE  
[4.318s] -- Searching for <ignition-common3> component [graphics]
[4.331s] -- Looking for ignition-common3-graphics -- found version 3.17.0
[4.331s] -- Searching for dependencies of ignition-common3-graphics
[4.331s] -- Looking for ignition-math6 -- found version 6.15.1
[4.343s] -- Looking for ignition-fuel_tools4 -- found version 4.9.1
[4.343s] -- Searching for dependencies of ignition-fuel_tools4
[4.572s] -- Found CURL: /usr/lib/x86_64-linux-gnu/libcurl.so (found version "7.68.0")  
[4.596s] -- Checking for module 'jsoncpp'
[4.641s] --   Found jsoncpp, version 1.7.4
[4.748s] -- Found JSONCPP: TRUE  
[4.768s] -- Checking for module 'libzip'
[4.818s] --   Found libzip, version 1.5.1
[4.925s] -- Found ZIP: TRUE  
[4.926s] -- Looking for ignition-common3 -- found version 3.17.0
[4.926s] -- Looking for ignition-math6 -- found version 6.15.1
[4.927s] -- Looking for ignition-msgs5 -- found version 5.11.0
[4.932s] -- Found gazebo_ros_pkgs: 3.5.3 (/home/terranova/uav_ws/install/gazebo_ros_pkgs/share/gazebo_ros_pkgs/cmake)
[4.938s] -- Found geometry_msgs: 2.0.5 (/opt/ros/foxy/share/geometry_msgs/cmake)
[5.025s] -- Using all available rosidl_typesupport_c: rosidl_typesupport_fastrtps_c;rosidl_typesupport_introspection_c
[5.049s] -- Found rosidl_adapter: 1.3.1 (/opt/ros/foxy/share/rosidl_adapter/cmake)
[5.288s] -- Found OpenSSL: /usr/lib/x86_64-linux-gnu/libcrypto.so (found version "1.1.1f")  
[5.372s] -- Found FastRTPS: /opt/ros/foxy/include  
[5.540s] -- Using all available rosidl_typesupport_cpp: rosidl_typesupport_fastrtps_cpp;rosidl_typesupport_introspection_cpp
[5.710s] -- Found nav_msgs: 2.0.5 (/opt/ros/foxy/share/nav_msgs/cmake)
[5.847s] -- Found rclcpp: 2.4.3 (/opt/ros/foxy/share/rclcpp/cmake)
[5.941s] -- Found rmw_implementation_cmake: 1.0.4 (/opt/ros/foxy/share/rmw_implementation_cmake/cmake)
[5.946s] -- Using RMW implementation 'rmw_fastrtps_cpp' as default
[5.949s] -- Found Threads: TRUE  
[6.245s] -- Found rclpy: 1.0.13 (/opt/ros/foxy/share/rclpy/cmake)
[6.250s] -- Found sensor_msgs: 2.0.5 (/opt/ros/foxy/share/sensor_msgs/cmake)
[6.397s] -- Found tf2: 0.13.14 (/opt/ros/foxy/share/tf2/cmake)
[6.423s] -- Found ament_lint_auto: 0.9.8 (/opt/ros/foxy/share/ament_lint_auto/cmake)
[6.595s] -- Added test 'flake8' to check Python code syntax and style conventions
[6.598s] -- Added test 'lint_cmake' to check CMake code style
[6.600s] -- Added test 'pep257' to check Python code against some of the style conventions in PEP 257
[6.609s] -- Added test 'xmllint' to check XML markup files
[6.615s] -- Configuring done (6.5s)
[6.627s] -- Generating done (0.0s)
[6.632s] -- Build files have been written to: /home/terranova/uav_ws/build/uav_gazebo
[6.665s] Invoked command in '/home/terranova/uav_ws/build/uav_gazebo' returned '0': CMAKE_PREFIX_PATH=/home/terranova/uav_ws/install/gazebo_ros_pkgs:/home/terranova/uav_ws/install/gazebo_plugins:/home/terranova/uav_ws/install/gazebo_ros:/home/terranova/uav_ws/install/gazebo_msgs:/home/terranova/uav_ws/install/gazebo_dev:/home/terranova/uav_ws/install/cv_bridge:/home/terranova/uav_ws/install/cartographer_ros_msgs:/home/terranova/uav_ws/install/vision_opencv:/home/terranova/uav_ws/install/uav_gazebo:/home/terranova/uav_ws/install/uav_cartographer:/home/terranova/uav_ws/install/turtlebot3:/home/terranova/uav_ws/install/turtlebot3_simulations:/home/terranova/uav_ws/install/turtlebot3_bringup:/home/terranova/uav_ws/install/turtlebot3_node:/home/terranova/uav_ws/install/turtlebot3_navigation2:/home/terranova/uav_ws/install/turtlebot3_fake_node:/home/terranova/uav_ws/install/turtlebot3_msgs:/home/terranova/uav_ws/install/turtlebot3_gazebo:/home/terranova/uav_ws/install/turtlebot3_description:/home/terranova/uav_ws/install/turtlebot3_cartographer:/home/terranova/uav_ws/install/turtlebot3_teleop:/home/terranova/uav_ws/install/turtlebot3_example:/home/terranova/uav_ws/install/opencv_tests:/home/terranova/uav_ws/install/joint_state_publisher_gui:/home/terranova/uav_ws/install/joint_state_publisher:/opt/ros/foxy:/home/terranova/uav_ws/install/realsense_gazebo_plugin:/home/terranova/uav_ws/install/perception_pcl:/home/terranova/uav_ws/install/pcl_ros:/home/terranova/uav_ws/install/pcl_conversions:/home/terranova/uav_ws/install/pcl_msgs:/home/terranova/uav_ws/install/image_geometry:/home/terranova/uav_ws/install/hls_lfcd_lds_driver:/home/terranova/uav_ws/install/dynamixel_sdk_examples:/home/terranova/uav_ws/install/dynamixel_sdk_custom_interfaces:/home/terranova/uav_ws/install/dynamixel_sdk:/home/terranova/uav_ws/install/absl LD_LIBRARY_PATH=/home/terranova/uav_ws/install/gazebo_plugins/lib:/home/terranova/uav_ws/install/gazebo_ros/lib:/home/terranova/uav_ws/install/gazebo_msgs/lib:/home/terranova/uav_ws/install/cv_bridge/lib:/home/terranova/uav_ws/install/cartographer_ros_msgs/lib:/home/terranova/uav_ws/install/turtlebot3_msgs/lib:/home/terranova/uav_ws/install/realsense_gazebo_plugin/lib:/home/terranova/uav_ws/install/pcl_ros/lib:/home/terranova/uav_ws/install/pcl_msgs/lib:/home/terranova/uav_ws/install/image_geometry/lib:/home/terranova/uav_ws/install/dynamixel_sdk_custom_interfaces/lib:/home/terranova/uav_ws/install/dynamixel_sdk/lib:/opt/ros/foxy/opt/yaml_cpp_vendor/lib:/opt/ros/foxy/opt/rviz_ogre_vendor/lib:/opt/ros/foxy/lib/x86_64-linux-gnu:/opt/ros/foxy/lib:/usr/lib/x86_64-linux-gnu/gazebo-11/plugins PYTHONPATH=/home/terranova/uav_ws/install/gazebo_ros/lib/python3.8/site-packages:/home/terranova/uav_ws/install/gazebo_msgs/lib/python3.8/site-packages:/home/terranova/uav_ws/install/cv_bridge/lib/python3.8/site-packages:/home/terranova/uav_ws/install/cartographer_ros_msgs/lib/python3.8/site-packages:/home/terranova/uav_ws/install/turtlebot3_teleop/lib/python3.8/site-packages:/home/terranova/uav_ws/install/turtlebot3_example/lib/python3.8/site-packages:/home/terranova/uav_ws/install/turtlebot3_msgs/lib/python3.8/site-packages:/home/terranova/uav_ws/install/pcl_msgs/lib/python3.8/site-packages:/home/terranova/uav_ws/install/opencv_tests/lib/python3.8/site-packages:/home/terranova/uav_ws/install/joint_state_publisher_gui/lib/python3.8/site-packages:/home/terranova/uav_ws/install/joint_state_publisher/lib/python3.8/site-packages:/home/terranova/uav_ws/install/image_geometry/lib/python3.8/site-packages:/home/terranova/uav_ws/install/dynamixel_sdk_custom_interfaces/lib/python3.8/site-packages:/opt/ros/foxy/lib/python3.8/site-packages:/home/terranova/.local/bin /home/terranova/.local/bin/cmake /home/terranova/uav_ws/src/uav_gazebo -DCMAKE_INSTALL_PREFIX=/home/terranova/uav_ws/install/uav_gazebo
[6.672s] Invoking command in '/home/terranova/uav_ws/build/uav_gazebo': CMAKE_PREFIX_PATH=/home/terranova/uav_ws/install/gazebo_ros_pkgs:/home/terranova/uav_ws/install/gazebo_plugins:/home/terranova/uav_ws/install/gazebo_ros:/home/terranova/uav_ws/install/gazebo_msgs:/home/terranova/uav_ws/install/gazebo_dev:/home/terranova/uav_ws/install/cv_bridge:/home/terranova/uav_ws/install/cartographer_ros_msgs:/home/terranova/uav_ws/install/vision_opencv:/home/terranova/uav_ws/install/uav_gazebo:/home/terranova/uav_ws/install/uav_cartographer:/home/terranova/uav_ws/install/turtlebot3:/home/terranova/uav_ws/install/turtlebot3_simulations:/home/terranova/uav_ws/install/turtlebot3_bringup:/home/terranova/uav_ws/install/turtlebot3_node:/home/terranova/uav_ws/install/turtlebot3_navigation2:/home/terranova/uav_ws/install/turtlebot3_fake_node:/home/terranova/uav_ws/install/turtlebot3_msgs:/home/terranova/uav_ws/install/turtlebot3_gazebo:/home/terranova/uav_ws/install/turtlebot3_description:/home/terranova/uav_ws/install/turtlebot3_cartographer:/home/terranova/uav_ws/install/turtlebot3_teleop:/home/terranova/uav_ws/install/turtlebot3_example:/home/terranova/uav_ws/install/opencv_tests:/home/terranova/uav_ws/install/joint_state_publisher_gui:/home/terranova/uav_ws/install/joint_state_publisher:/opt/ros/foxy:/home/terranova/uav_ws/install/realsense_gazebo_plugin:/home/terranova/uav_ws/install/perception_pcl:/home/terranova/uav_ws/install/pcl_ros:/home/terranova/uav_ws/install/pcl_conversions:/home/terranova/uav_ws/install/pcl_msgs:/home/terranova/uav_ws/install/image_geometry:/home/terranova/uav_ws/install/hls_lfcd_lds_driver:/home/terranova/uav_ws/install/dynamixel_sdk_examples:/home/terranova/uav_ws/install/dynamixel_sdk_custom_interfaces:/home/terranova/uav_ws/install/dynamixel_sdk:/home/terranova/uav_ws/install/absl LD_LIBRARY_PATH=/home/terranova/uav_ws/install/gazebo_plugins/lib:/home/terranova/uav_ws/install/gazebo_ros/lib:/home/terranova/uav_ws/install/gazebo_msgs/lib:/home/terranova/uav_ws/install/cv_bridge/lib:/home/terranova/uav_ws/install/cartographer_ros_msgs/lib:/home/terranova/uav_ws/install/turtlebot3_msgs/lib:/home/terranova/uav_ws/install/realsense_gazebo_plugin/lib:/home/terranova/uav_ws/install/pcl_ros/lib:/home/terranova/uav_ws/install/pcl_msgs/lib:/home/terranova/uav_ws/install/image_geometry/lib:/home/terranova/uav_ws/install/dynamixel_sdk_custom_interfaces/lib:/home/terranova/uav_ws/install/dynamixel_sdk/lib:/opt/ros/foxy/opt/yaml_cpp_vendor/lib:/opt/ros/foxy/opt/rviz_ogre_vendor/lib:/opt/ros/foxy/lib/x86_64-linux-gnu:/opt/ros/foxy/lib:/usr/lib/x86_64-linux-gnu/gazebo-11/plugins PYTHONPATH=/home/terranova/uav_ws/install/gazebo_ros/lib/python3.8/site-packages:/home/terranova/uav_ws/install/gazebo_msgs/lib/python3.8/site-packages:/home/terranova/uav_ws/install/cv_bridge/lib/python3.8/site-packages:/home/terranova/uav_ws/install/cartographer_ros_msgs/lib/python3.8/site-packages:/home/terranova/uav_ws/install/turtlebot3_teleop/lib/python3.8/site-packages:/home/terranova/uav_ws/install/turtlebot3_example/lib/python3.8/site-packages:/home/terranova/uav_ws/install/turtlebot3_msgs/lib/python3.8/site-packages:/home/terranova/uav_ws/install/pcl_msgs/lib/python3.8/site-packages:/home/terranova/uav_ws/install/opencv_tests/lib/python3.8/site-packages:/home/terranova/uav_ws/install/joint_state_publisher_gui/lib/python3.8/site-packages:/home/terranova/uav_ws/install/joint_state_publisher/lib/python3.8/site-packages:/home/terranova/uav_ws/install/image_geometry/lib/python3.8/site-packages:/home/terranova/uav_ws/install/dynamixel_sdk_custom_interfaces/lib/python3.8/site-packages:/opt/ros/foxy/lib/python3.8/site-packages:/home/terranova/.local/bin /home/terranova/.local/bin/cmake --build /home/terranova/uav_ws/build/uav_gazebo -- -j4 -l4
[6.760s] Invoked command in '/home/terranova/uav_ws/build/uav_gazebo' returned '0': CMAKE_PREFIX_PATH=/home/terranova/uav_ws/install/gazebo_ros_pkgs:/home/terranova/uav_ws/install/gazebo_plugins:/home/terranova/uav_ws/install/gazebo_ros:/home/terranova/uav_ws/install/gazebo_msgs:/home/terranova/uav_ws/install/gazebo_dev:/home/terranova/uav_ws/install/cv_bridge:/home/terranova/uav_ws/install/cartographer_ros_msgs:/home/terranova/uav_ws/install/vision_opencv:/home/terranova/uav_ws/install/uav_gazebo:/home/terranova/uav_ws/install/uav_cartographer:/home/terranova/uav_ws/install/turtlebot3:/home/terranova/uav_ws/install/turtlebot3_simulations:/home/terranova/uav_ws/install/turtlebot3_bringup:/home/terranova/uav_ws/install/turtlebot3_node:/home/terranova/uav_ws/install/turtlebot3_navigation2:/home/terranova/uav_ws/install/turtlebot3_fake_node:/home/terranova/uav_ws/install/turtlebot3_msgs:/home/terranova/uav_ws/install/turtlebot3_gazebo:/home/terranova/uav_ws/install/turtlebot3_description:/home/terranova/uav_ws/install/turtlebot3_cartographer:/home/terranova/uav_ws/install/turtlebot3_teleop:/home/terranova/uav_ws/install/turtlebot3_example:/home/terranova/uav_ws/install/opencv_tests:/home/terranova/uav_ws/install/joint_state_publisher_gui:/home/terranova/uav_ws/install/joint_state_publisher:/opt/ros/foxy:/home/terranova/uav_ws/install/realsense_gazebo_plugin:/home/terranova/uav_ws/install/perception_pcl:/home/terranova/uav_ws/install/pcl_ros:/home/terranova/uav_ws/install/pcl_conversions:/home/terranova/uav_ws/install/pcl_msgs:/home/terranova/uav_ws/install/image_geometry:/home/terranova/uav_ws/install/hls_lfcd_lds_driver:/home/terranova/uav_ws/install/dynamixel_sdk_examples:/home/terranova/uav_ws/install/dynamixel_sdk_custom_interfaces:/home/terranova/uav_ws/install/dynamixel_sdk:/home/terranova/uav_ws/install/absl LD_LIBRARY_PATH=/home/terranova/uav_ws/install/gazebo_plugins/lib:/home/terranova/uav_ws/install/gazebo_ros/lib:/home/terranova/uav_ws/install/gazebo_msgs/lib:/home/terranova/uav_ws/install/cv_bridge/lib:/home/terranova/uav_ws/install/cartographer_ros_msgs/lib:/home/terranova/uav_ws/install/turtlebot3_msgs/lib:/home/terranova/uav_ws/install/realsense_gazebo_plugin/lib:/home/terranova/uav_ws/install/pcl_ros/lib:/home/terranova/uav_ws/install/pcl_msgs/lib:/home/terranova/uav_ws/install/image_geometry/lib:/home/terranova/uav_ws/install/dynamixel_sdk_custom_interfaces/lib:/home/terranova/uav_ws/install/dynamixel_sdk/lib:/opt/ros/foxy/opt/yaml_cpp_vendor/lib:/opt/ros/foxy/opt/rviz_ogre_vendor/lib:/opt/ros/foxy/lib/x86_64-linux-gnu:/opt/ros/foxy/lib:/usr/lib/x86_64-linux-gnu/gazebo-11/plugins PYTHONPATH=/home/terranova/uav_ws/install/gazebo_ros/lib/python3.8/site-packages:/home/terranova/uav_ws/install/gazebo_msgs/lib/python3.8/site-packages:/home/terranova/uav_ws/install/cv_bridge/lib/python3.8/site-packages:/home/terranova/uav_ws/install/cartographer_ros_msgs/lib/python3.8/site-packages:/home/terranova/uav_ws/install/turtlebot3_teleop/lib/python3.8/site-packages:/home/terranova/uav_ws/install/turtlebot3_example/lib/python3.8/site-packages:/home/terranova/uav_ws/install/turtlebot3_msgs/lib/python3.8/site-packages:/home/terranova/uav_ws/install/pcl_msgs/lib/python3.8/site-packages:/home/terranova/uav_ws/install/opencv_tests/lib/python3.8/site-packages:/home/terranova/uav_ws/install/joint_state_publisher_gui/lib/python3.8/site-packages:/home/terranova/uav_ws/install/joint_state_publisher/lib/python3.8/site-packages:/home/terranova/uav_ws/install/image_geometry/lib/python3.8/site-packages:/home/terranova/uav_ws/install/dynamixel_sdk_custom_interfaces/lib/python3.8/site-packages:/opt/ros/foxy/lib/python3.8/site-packages:/home/terranova/.local/bin /home/terranova/.local/bin/cmake --build /home/terranova/uav_ws/build/uav_gazebo -- -j4 -l4
[6.871s] Invoking command in '/home/terranova/uav_ws/build/uav_gazebo': CMAKE_PREFIX_PATH=/home/terranova/uav_ws/install/gazebo_ros_pkgs:/home/terranova/uav_ws/install/gazebo_plugins:/home/terranova/uav_ws/install/gazebo_ros:/home/terranova/uav_ws/install/gazebo_msgs:/home/terranova/uav_ws/install/gazebo_dev:/home/terranova/uav_ws/install/cv_bridge:/home/terranova/uav_ws/install/cartographer_ros_msgs:/home/terranova/uav_ws/install/vision_opencv:/home/terranova/uav_ws/install/uav_gazebo:/home/terranova/uav_ws/install/uav_cartographer:/home/terranova/uav_ws/install/turtlebot3:/home/terranova/uav_ws/install/turtlebot3_simulations:/home/terranova/uav_ws/install/turtlebot3_bringup:/home/terranova/uav_ws/install/turtlebot3_node:/home/terranova/uav_ws/install/turtlebot3_navigation2:/home/terranova/uav_ws/install/turtlebot3_fake_node:/home/terranova/uav_ws/install/turtlebot3_msgs:/home/terranova/uav_ws/install/turtlebot3_gazebo:/home/terranova/uav_ws/install/turtlebot3_description:/home/terranova/uav_ws/install/turtlebot3_cartographer:/home/terranova/uav_ws/install/turtlebot3_teleop:/home/terranova/uav_ws/install/turtlebot3_example:/home/terranova/uav_ws/install/opencv_tests:/home/terranova/uav_ws/install/joint_state_publisher_gui:/home/terranova/uav_ws/install/joint_state_publisher:/opt/ros/foxy:/home/terranova/uav_ws/install/realsense_gazebo_plugin:/home/terranova/uav_ws/install/perception_pcl:/home/terranova/uav_ws/install/pcl_ros:/home/terranova/uav_ws/install/pcl_conversions:/home/terranova/uav_ws/install/pcl_msgs:/home/terranova/uav_ws/install/image_geometry:/home/terranova/uav_ws/install/hls_lfcd_lds_driver:/home/terranova/uav_ws/install/dynamixel_sdk_examples:/home/terranova/uav_ws/install/dynamixel_sdk_custom_interfaces:/home/terranova/uav_ws/install/dynamixel_sdk:/home/terranova/uav_ws/install/absl LD_LIBRARY_PATH=/home/terranova/uav_ws/install/gazebo_plugins/lib:/home/terranova/uav_ws/install/gazebo_ros/lib:/home/terranova/uav_ws/install/gazebo_msgs/lib:/home/terranova/uav_ws/install/cv_bridge/lib:/home/terranova/uav_ws/install/cartographer_ros_msgs/lib:/home/terranova/uav_ws/install/turtlebot3_msgs/lib:/home/terranova/uav_ws/install/realsense_gazebo_plugin/lib:/home/terranova/uav_ws/install/pcl_ros/lib:/home/terranova/uav_ws/install/pcl_msgs/lib:/home/terranova/uav_ws/install/image_geometry/lib:/home/terranova/uav_ws/install/dynamixel_sdk_custom_interfaces/lib:/home/terranova/uav_ws/install/dynamixel_sdk/lib:/opt/ros/foxy/opt/yaml_cpp_vendor/lib:/opt/ros/foxy/opt/rviz_ogre_vendor/lib:/opt/ros/foxy/lib/x86_64-linux-gnu:/opt/ros/foxy/lib:/usr/lib/x86_64-linux-gnu/gazebo-11/plugins PYTHONPATH=/home/terranova/uav_ws/install/gazebo_ros/lib/python3.8/site-packages:/home/terranova/uav_ws/install/gazebo_msgs/lib/python3.8/site-packages:/home/terranova/uav_ws/install/cv_bridge/lib/python3.8/site-packages:/home/terranova/uav_ws/install/cartographer_ros_msgs/lib/python3.8/site-packages:/home/terranova/uav_ws/install/turtlebot3_teleop/lib/python3.8/site-packages:/home/terranova/uav_ws/install/turtlebot3_example/lib/python3.8/site-packages:/home/terranova/uav_ws/install/turtlebot3_msgs/lib/python3.8/site-packages:/home/terranova/uav_ws/install/pcl_msgs/lib/python3.8/site-packages:/home/terranova/uav_ws/install/opencv_tests/lib/python3.8/site-packages:/home/terranova/uav_ws/install/joint_state_publisher_gui/lib/python3.8/site-packages:/home/terranova/uav_ws/install/joint_state_publisher/lib/python3.8/site-packages:/home/terranova/uav_ws/install/image_geometry/lib/python3.8/site-packages:/home/terranova/uav_ws/install/dynamixel_sdk_custom_interfaces/lib/python3.8/site-packages:/opt/ros/foxy/lib/python3.8/site-packages:/home/terranova/.local/bin /home/terranova/.local/bin/cmake --install /home/terranova/uav_ws/build/uav_gazebo
[6.926s] -- Install configuration: ""
[6.926s] -- Installing: /home/terranova/uav_ws/install/uav_gazebo/share/uav_gazebo//launch
[6.927s] -- Installing: /home/terranova/uav_ws/install/uav_gazebo/share/uav_gazebo//launch/data_publish.launch.py
[6.928s] -- Installing: /home/terranova/uav_ws/install/uav_gazebo/share/uav_gazebo//launch/uav_state_publisher.launch.py
[6.929s] -- Installing: /home/terranova/uav_ws/install/uav_gazebo/share/uav_gazebo//launch/empty_world.launch.py
[6.929s] -- Installing: /home/terranova/uav_ws/install/uav_gazebo/share/uav_gazebo//launch/rviz2.launch.py
[6.930s] -- Installing: /home/terranova/uav_ws/install/uav_gazebo/share/uav_gazebo//launch/spawn_uav.launch.py
[6.934s] -- Installing: /home/terranova/uav_ws/install/uav_gazebo/share/uav_gazebo//launch/joint_state_publisher.launch.py
[6.935s] -- Installing: /home/terranova/uav_ws/install/uav_gazebo/share/uav_gazebo//launch/uav_world.launch.py
[6.936s] -- Installing: /home/terranova/uav_ws/install/uav_gazebo/share/uav_gazebo//models
[6.936s] -- Installing: /home/terranova/uav_ws/install/uav_gazebo/share/uav_gazebo//models/hokuyo
[6.937s] -- Installing: /home/terranova/uav_ws/install/uav_gazebo/share/uav_gazebo//models/hokuyo/meshes
[6.937s] -- Installing: /home/terranova/uav_ws/install/uav_gazebo/share/uav_gazebo//models/hokuyo/meshes/hokuyo.dae
[6.943s] -- Installing: /home/terranova/uav_ws/install/uav_gazebo/share/uav_gazebo//models/hokuyo/meshes/hokuyo_convex.stl
[6.947s] -- Installing: /home/terranova/uav_ws/install/uav_gazebo/share/uav_gazebo//models/hokuyo/model.config
[6.948s] -- Installing: /home/terranova/uav_ws/install/uav_gazebo/share/uav_gazebo//models/hokuyo/model-1_4.sdf
[6.949s] -- Installing: /home/terranova/uav_ws/install/uav_gazebo/share/uav_gazebo//models/hokuyo/model-1_2.sdf
[6.950s] -- Installing: /home/terranova/uav_ws/install/uav_gazebo/share/uav_gazebo//models/hokuyo/model-1_3.sdf
[6.951s] -- Installing: /home/terranova/uav_ws/install/uav_gazebo/share/uav_gazebo//models/hokuyo/model.sdf
[6.951s] -- Installing: /home/terranova/uav_ws/install/uav_gazebo/share/uav_gazebo//models/iris_with_standoffs
[6.952s] -- Installing: /home/terranova/uav_ws/install/uav_gazebo/share/uav_gazebo//models/iris_with_standoffs/meshes
[6.952s] -- Installing: /home/terranova/uav_ws/install/uav_gazebo/share/uav_gazebo//models/iris_with_standoffs/meshes/iris_prop_ccw.dae
[6.969s] -- Installing: /home/terranova/uav_ws/install/uav_gazebo/share/uav_gazebo//models/iris_with_standoffs/meshes/iris_prop_cw.dae
[6.973s] -- Installing: /home/terranova/uav_ws/install/uav_gazebo/share/uav_gazebo//models/iris_with_standoffs/meshes/iris.dae
[7.157s] -- Installing: /home/terranova/uav_ws/install/uav_gazebo/share/uav_gazebo//models/iris_with_standoffs/model.config
[7.162s] -- Installing: /home/terranova/uav_ws/install/uav_gazebo/share/uav_gazebo//models/iris_with_standoffs/model.sdf
[7.164s] -- Installing: /home/terranova/uav_ws/install/uav_gazebo/share/uav_gazebo//models/iris_sensors
[7.165s] -- Installing: /home/terranova/uav_ws/install/uav_gazebo/share/uav_gazebo//models/iris_sensors/meshes
[7.165s] -- Installing: /home/terranova/uav_ws/install/uav_gazebo/share/uav_gazebo//models/iris_sensors/meshes/d435.dae
[7.300s] -- Installing: /home/terranova/uav_ws/install/uav_gazebo/share/uav_gazebo//models/iris_sensors/meshes/landscape.dae
[7.332s] -- Installing: /home/terranova/uav_ws/install/uav_gazebo/share/uav_gazebo//models/iris_sensors/meshes/iris_prop_ccw.dae
[7.337s] -- Installing: /home/terranova/uav_ws/install/uav_gazebo/share/uav_gazebo//models/iris_sensors/meshes/hokuyo.dae
[7.339s] -- Installing: /home/terranova/uav_ws/install/uav_gazebo/share/uav_gazebo//models/iris_sensors/meshes/iris_prop_cw.dae
[7.344s] -- Installing: /home/terranova/uav_ws/install/uav_gazebo/share/uav_gazebo//models/iris_sensors/meshes/iris.dae
[7.519s] -- Installing: /home/terranova/uav_ws/install/uav_gazebo/share/uav_gazebo//models/iris_sensors/meshes/hokuyo_convex.stl
[7.520s] -- Installing: /home/terranova/uav_ws/install/uav_gazebo/share/uav_gazebo//models/iris_sensors/model.config
[7.521s] -- Installing: /home/terranova/uav_ws/install/uav_gazebo/share/uav_gazebo//models/iris_sensors/model.sdf
[7.522s] -- Installing: /home/terranova/uav_ws/install/uav_gazebo/share/uav_gazebo//rviz
[7.523s] -- Installing: /home/terranova/uav_ws/install/uav_gazebo/share/uav_gazebo//rviz/uav_config.rviz
[7.524s] -- Installing: /home/terranova/uav_ws/install/uav_gazebo/share/uav_gazebo//worlds
[7.524s] -- Installing: /home/terranova/uav_ws/install/uav_gazebo/share/uav_gazebo//worlds/uav_maze.world
[7.525s] -- Installing: /home/terranova/uav_ws/install/uav_gazebo/share/uav_gazebo//worlds/uav_runway.world
[7.526s] -- Installing: /home/terranova/uav_ws/install/uav_gazebo/share/uav_gazebo//urdf
[7.526s] -- Installing: /home/terranova/uav_ws/install/uav_gazebo/share/uav_gazebo//urdf/uav_sensors.urdf
[7.527s] -- Installing: /home/terranova/uav_ws/install/uav_gazebo/share/uav_gazebo//scripts
[7.528s] -- Installing: /home/terranova/uav_ws/install/uav_gazebo/share/uav_gazebo//scripts/plot_data
[7.528s] -- Installing: /home/terranova/uav_ws/install/uav_gazebo/share/uav_gazebo//scripts/plot_data/04_15_15_35_28
[7.529s] -- Installing: /home/terranova/uav_ws/install/uav_gazebo/share/uav_gazebo//scripts/plot_data/04_15_15_35_28/tracked_pose.csv
[7.529s] -- Installing: /home/terranova/uav_ws/install/uav_gazebo/share/uav_gazebo//scripts/plot_data/04_15_15_35_28/orb_slam_pose.csv
[7.530s] -- Installing: /home/terranova/uav_ws/install/uav_gazebo/share/uav_gazebo//scripts/plot_data/04_15_15_35_28/slam_out_pose.csv
[7.531s] -- Installing: /home/terranova/uav_ws/install/uav_gazebo/share/uav_gazebo//scripts/plot_data/04_15_15_35_39
[7.531s] -- Installing: /home/terranova/uav_ws/install/uav_gazebo/share/uav_gazebo//scripts/plot_data/04_15_15_35_39/tracked_pose.csv
[7.532s] -- Installing: /home/terranova/uav_ws/install/uav_gazebo/share/uav_gazebo//scripts/plot_data/04_15_15_35_39/orb_slam_pose.csv
[7.533s] -- Installing: /home/terranova/uav_ws/install/uav_gazebo/share/uav_gazebo//scripts/plot_data/04_15_15_35_39/slam_out_pose.csv
[7.534s] -- Installing: /home/terranova/uav_ws/install/uav_gazebo/share/uav_gazebo//scripts/plot_data/04_15_17_03_33
[7.534s] -- Installing: /home/terranova/uav_ws/install/uav_gazebo/share/uav_gazebo//scripts/plot_data/04_15_17_03_33/tracked_pose.csv
[7.538s] -- Installing: /home/terranova/uav_ws/install/uav_gazebo/share/uav_gazebo//scripts/plot_data/04_15_17_03_33/orb_slam_pose.csv
[7.539s] -- Installing: /home/terranova/uav_ws/install/uav_gazebo/share/uav_gazebo//scripts/plot_data/04_15_17_03_33/slam_out_pose.csv
[7.541s] -- Installing: /home/terranova/uav_ws/install/uav_gazebo/share/uav_gazebo//scripts/plot_data/04_19_21_19_48
[7.541s] -- Installing: /home/terranova/uav_ws/install/uav_gazebo/share/uav_gazebo//scripts/plot_data/04_19_21_19_48/tracked_pose.csv
[7.542s] -- Installing: /home/terranova/uav_ws/install/uav_gazebo/share/uav_gazebo//scripts/plot_data/04_19_21_19_48/orb_slam_pose.csv
[7.543s] -- Installing: /home/terranova/uav_ws/install/uav_gazebo/share/uav_gazebo//scripts/plot_data/04_19_21_19_48/slam_out_pose.csv
[7.544s] -- Installing: /home/terranova/uav_ws/install/uav_gazebo/share/uav_gazebo//scripts/plot_data/04_19_22_09_40
[7.544s] -- Installing: /home/terranova/uav_ws/install/uav_gazebo/share/uav_gazebo//scripts/plot_data/04_19_22_09_40/tracked_pose.csv
[7.545s] -- Installing: /home/terranova/uav_ws/install/uav_gazebo/share/uav_gazebo//scripts/plot_data/04_19_22_09_40/orb_slam_pose.csv
[7.546s] -- Installing: /home/terranova/uav_ws/install/uav_gazebo/share/uav_gazebo//scripts/plot_data/04_19_22_09_40/slam_out_pose.csv
[7.547s] -- Installing: /home/terranova/uav_ws/install/uav_gazebo/share/uav_gazebo//scripts/plot_data/04_15_16_10_26
[7.547s] -- Installing: /home/terranova/uav_ws/install/uav_gazebo/share/uav_gazebo//scripts/plot_data/04_15_16_10_26/tracked_pose.csv
[7.548s] -- Installing: /home/terranova/uav_ws/install/uav_gazebo/share/uav_gazebo//scripts/plot_data/04_15_16_10_26/orb_slam_pose.csv
[7.549s] -- Installing: /home/terranova/uav_ws/install/uav_gazebo/share/uav_gazebo//scripts/plot_data/04_15_16_10_26/slam_out_pose.csv
[7.550s] -- Installing: /home/terranova/uav_ws/install/uav_gazebo/share/uav_gazebo//scripts/plot_data/04_19_21_38_59
[7.550s] -- Installing: /home/terranova/uav_ws/install/uav_gazebo/share/uav_gazebo//scripts/plot_data/04_19_21_38_59/tracked_pose.csv
[7.551s] -- Installing: /home/terranova/uav_ws/install/uav_gazebo/share/uav_gazebo//scripts/plot_data/04_19_21_38_59/orb_slam_pose.csv
[7.552s] -- Installing: /home/terranova/uav_ws/install/uav_gazebo/share/uav_gazebo//scripts/plot_data/04_19_21_38_59/slam_out_pose.csv
[7.553s] -- Installing: /home/terranova/uav_ws/install/uav_gazebo/share/uav_gazebo//scripts/plot_data/04_15_15_35_13
[7.553s] -- Installing: /home/terranova/uav_ws/install/uav_gazebo/share/uav_gazebo//scripts/plot_data/04_15_15_35_13/tracked_pose.csv
[7.554s] -- Installing: /home/terranova/uav_ws/install/uav_gazebo/share/uav_gazebo//scripts/plot_data/04_15_15_35_13/orb_slam_pose.csv
[7.555s] -- Installing: /home/terranova/uav_ws/install/uav_gazebo/share/uav_gazebo//scripts/plot_data/04_15_15_35_13/slam_out_pose.csv
[7.555s] -- Installing: /home/terranova/uav_ws/install/uav_gazebo/share/uav_gazebo//scripts/plot_data/04_19_21_29_41
[7.556s] -- Installing: /home/terranova/uav_ws/install/uav_gazebo/share/uav_gazebo//scripts/plot_data/04_19_21_29_41/tracked_pose.csv
[7.557s] -- Installing: /home/terranova/uav_ws/install/uav_gazebo/share/uav_gazebo//scripts/plot_data/04_19_21_29_41/orb_slam_pose.csv
[7.557s] -- Installing: /home/terranova/uav_ws/install/uav_gazebo/share/uav_gazebo//scripts/plot_data/04_19_21_29_41/slam_out_pose.csv
[7.559s] -- Installing: /home/terranova/uav_ws/install/uav_gazebo/share/uav_gazebo//scripts/plot_data/04_17_15_35_09
[7.559s] -- Installing: /home/terranova/uav_ws/install/uav_gazebo/share/uav_gazebo//scripts/plot_data/04_17_15_35_09/tracked_pose.csv
[7.560s] -- Installing: /home/terranova/uav_ws/install/uav_gazebo/share/uav_gazebo//scripts/plot_data/04_17_15_35_09/orb_slam_pose.csv
[7.561s] -- Installing: /home/terranova/uav_ws/install/uav_gazebo/share/uav_gazebo//scripts/plot_data/04_17_15_35_09/slam_out_pose.csv
[7.562s] -- Installing: /home/terranova/uav_ws/install/uav_gazebo/share/uav_gazebo//scripts/plot_data/04_15_16_16_06
[7.562s] -- Installing: /home/terranova/uav_ws/install/uav_gazebo/share/uav_gazebo//scripts/plot_data/04_15_16_16_06/tracked_pose.csv
[7.565s] -- Installing: /home/terranova/uav_ws/install/uav_gazebo/share/uav_gazebo//scripts/plot_data/04_15_16_16_06/orb_slam_pose.csv
[7.567s] -- Installing: /home/terranova/uav_ws/install/uav_gazebo/share/uav_gazebo//scripts/plot_data/04_15_16_16_06/slam_out_pose.csv
[7.567s] -- Installing: /home/terranova/uav_ws/install/uav_gazebo/share/uav_gazebo//scripts/plot_data/04_15_16_09_37
[7.567s] -- Installing: /home/terranova/uav_ws/install/uav_gazebo/share/uav_gazebo//scripts/plot_data/04_15_16_09_37/tracked_pose.csv
[7.568s] -- Installing: /home/terranova/uav_ws/install/uav_gazebo/share/uav_gazebo//scripts/plot_data/04_15_16_09_37/orb_slam_pose.csv
[7.569s] -- Installing: /home/terranova/uav_ws/install/uav_gazebo/share/uav_gazebo//scripts/plot_data/04_15_16_09_37/slam_out_pose.csv
[7.570s] -- Installing: /home/terranova/uav_ws/install/uav_gazebo/share/uav_gazebo//scripts/mavros_teleop.py
[7.570s] -- Installing: /home/terranova/uav_ws/install/uav_gazebo/share/uav_gazebo//scripts/imu_to_vel.py
[7.571s] -- Installing: /home/terranova/uav_ws/install/uav_gazebo/share/uav_gazebo//scripts/quadcopter_ui.py
[7.571s] -- Installing: /home/terranova/uav_ws/install/uav_gazebo/share/uav_gazebo//scripts/uav_teleop.py
[7.572s] -- Installing: /home/terranova/uav_ws/install/uav_gazebo/share/uav_gazebo//scripts/plotter.py
[7.573s] -- Installing: /home/terranova/uav_ws/install/uav_gazebo/share/uav_gazebo//scripts/save_poses.py
[7.573s] -- Installing: /home/terranova/uav_ws/install/uav_gazebo/share/uav_gazebo//scripts/start_sitl.sh
[7.574s] -- Installing: /home/terranova/uav_ws/install/uav_gazebo/include/
[7.574s] -- Installing: /home/terranova/uav_ws/install/uav_gazebo/include//uav_gazebo
[7.575s] -- Installing: /home/terranova/uav_ws/install/uav_gazebo/share/ament_index/resource_index/package_run_dependencies/uav_gazebo
[7.576s] -- Installing: /home/terranova/uav_ws/install/uav_gazebo/share/ament_index/resource_index/parent_prefix_path/uav_gazebo
[7.576s] -- Installing: /home/terranova/uav_ws/install/uav_gazebo/share/uav_gazebo/environment/ament_prefix_path.sh
[7.577s] -- Installing: /home/terranova/uav_ws/install/uav_gazebo/share/uav_gazebo/environment/ament_prefix_path.dsv
[7.577s] -- Installing: /home/terranova/uav_ws/install/uav_gazebo/share/uav_gazebo/environment/path.sh
[7.578s] -- Installing: /home/terranova/uav_ws/install/uav_gazebo/share/uav_gazebo/environment/path.dsv
[7.578s] -- Installing: /home/terranova/uav_ws/install/uav_gazebo/share/uav_gazebo/local_setup.bash
[7.579s] -- Installing: /home/terranova/uav_ws/install/uav_gazebo/share/uav_gazebo/local_setup.sh
[7.579s] -- Installing: /home/terranova/uav_ws/install/uav_gazebo/share/uav_gazebo/local_setup.zsh
[7.580s] -- Installing: /home/terranova/uav_ws/install/uav_gazebo/share/uav_gazebo/local_setup.dsv
[7.580s] -- Installing: /home/terranova/uav_ws/install/uav_gazebo/share/uav_gazebo/package.dsv
[7.581s] -- Installing: /home/terranova/uav_ws/install/uav_gazebo/share/ament_index/resource_index/packages/uav_gazebo
[7.583s] -- Installing: /home/terranova/uav_ws/install/uav_gazebo/share/uav_gazebo/cmake/ament_cmake_export_include_directories-extras.cmake
[7.583s] -- Installing: /home/terranova/uav_ws/install/uav_gazebo/share/uav_gazebo/cmake/ament_cmake_export_dependencies-extras.cmake
[7.583s] -- Installing: /home/terranova/uav_ws/install/uav_gazebo/share/uav_gazebo/cmake/uav_gazeboConfig.cmake
[7.583s] -- Installing: /home/terranova/uav_ws/install/uav_gazebo/share/uav_gazebo/cmake/uav_gazeboConfig-version.cmake
[7.584s] -- Installing: /home/terranova/uav_ws/install/uav_gazebo/share/uav_gazebo/package.xml
[7.599s] Invoked command in '/home/terranova/uav_ws/build/uav_gazebo' returned '0': CMAKE_PREFIX_PATH=/home/terranova/uav_ws/install/gazebo_ros_pkgs:/home/terranova/uav_ws/install/gazebo_plugins:/home/terranova/uav_ws/install/gazebo_ros:/home/terranova/uav_ws/install/gazebo_msgs:/home/terranova/uav_ws/install/gazebo_dev:/home/terranova/uav_ws/install/cv_bridge:/home/terranova/uav_ws/install/cartographer_ros_msgs:/home/terranova/uav_ws/install/vision_opencv:/home/terranova/uav_ws/install/uav_gazebo:/home/terranova/uav_ws/install/uav_cartographer:/home/terranova/uav_ws/install/turtlebot3:/home/terranova/uav_ws/install/turtlebot3_simulations:/home/terranova/uav_ws/install/turtlebot3_bringup:/home/terranova/uav_ws/install/turtlebot3_node:/home/terranova/uav_ws/install/turtlebot3_navigation2:/home/terranova/uav_ws/install/turtlebot3_fake_node:/home/terranova/uav_ws/install/turtlebot3_msgs:/home/terranova/uav_ws/install/turtlebot3_gazebo:/home/terranova/uav_ws/install/turtlebot3_description:/home/terranova/uav_ws/install/turtlebot3_cartographer:/home/terranova/uav_ws/install/turtlebot3_teleop:/home/terranova/uav_ws/install/turtlebot3_example:/home/terranova/uav_ws/install/opencv_tests:/home/terranova/uav_ws/install/joint_state_publisher_gui:/home/terranova/uav_ws/install/joint_state_publisher:/opt/ros/foxy:/home/terranova/uav_ws/install/realsense_gazebo_plugin:/home/terranova/uav_ws/install/perception_pcl:/home/terranova/uav_ws/install/pcl_ros:/home/terranova/uav_ws/install/pcl_conversions:/home/terranova/uav_ws/install/pcl_msgs:/home/terranova/uav_ws/install/image_geometry:/home/terranova/uav_ws/install/hls_lfcd_lds_driver:/home/terranova/uav_ws/install/dynamixel_sdk_examples:/home/terranova/uav_ws/install/dynamixel_sdk_custom_interfaces:/home/terranova/uav_ws/install/dynamixel_sdk:/home/terranova/uav_ws/install/absl LD_LIBRARY_PATH=/home/terranova/uav_ws/install/gazebo_plugins/lib:/home/terranova/uav_ws/install/gazebo_ros/lib:/home/terranova/uav_ws/install/gazebo_msgs/lib:/home/terranova/uav_ws/install/cv_bridge/lib:/home/terranova/uav_ws/install/cartographer_ros_msgs/lib:/home/terranova/uav_ws/install/turtlebot3_msgs/lib:/home/terranova/uav_ws/install/realsense_gazebo_plugin/lib:/home/terranova/uav_ws/install/pcl_ros/lib:/home/terranova/uav_ws/install/pcl_msgs/lib:/home/terranova/uav_ws/install/image_geometry/lib:/home/terranova/uav_ws/install/dynamixel_sdk_custom_interfaces/lib:/home/terranova/uav_ws/install/dynamixel_sdk/lib:/opt/ros/foxy/opt/yaml_cpp_vendor/lib:/opt/ros/foxy/opt/rviz_ogre_vendor/lib:/opt/ros/foxy/lib/x86_64-linux-gnu:/opt/ros/foxy/lib:/usr/lib/x86_64-linux-gnu/gazebo-11/plugins PYTHONPATH=/home/terranova/uav_ws/install/gazebo_ros/lib/python3.8/site-packages:/home/terranova/uav_ws/install/gazebo_msgs/lib/python3.8/site-packages:/home/terranova/uav_ws/install/cv_bridge/lib/python3.8/site-packages:/home/terranova/uav_ws/install/cartographer_ros_msgs/lib/python3.8/site-packages:/home/terranova/uav_ws/install/turtlebot3_teleop/lib/python3.8/site-packages:/home/terranova/uav_ws/install/turtlebot3_example/lib/python3.8/site-packages:/home/terranova/uav_ws/install/turtlebot3_msgs/lib/python3.8/site-packages:/home/terranova/uav_ws/install/pcl_msgs/lib/python3.8/site-packages:/home/terranova/uav_ws/install/opencv_tests/lib/python3.8/site-packages:/home/terranova/uav_ws/install/joint_state_publisher_gui/lib/python3.8/site-packages:/home/terranova/uav_ws/install/joint_state_publisher/lib/python3.8/site-packages:/home/terranova/uav_ws/install/image_geometry/lib/python3.8/site-packages:/home/terranova/uav_ws/install/dynamixel_sdk_custom_interfaces/lib/python3.8/site-packages:/opt/ros/foxy/lib/python3.8/site-packages:/home/terranova/.local/bin /home/terranova/.local/bin/cmake --install /home/terranova/uav_ws/build/uav_gazebo
