[0.043s] Invoking command in '/home/terranova/uav_ws/build/pcl_ros': CMAKE_PREFIX_PATH=/home/terranova/uav_ws/install/pcl_conversions:/home/terranova/uav_ws/install/pcl_msgs:/home/terranova/uav_ws/install/vision_opencv:/home/terranova/uav_ws/install/velodyne_gazebo_plugin:/home/terranova/uav_ws/install/uav_gazebo:/home/terranova/uav_ws/install/turtlebot3:/home/terranova/uav_ws/install/turtlebot3_simulations:/home/terranova/uav_ws/install/turtlebot3_bringup:/home/terranova/uav_ws/install/turtlebot3_node:/home/terranova/uav_ws/install/turtlebot3_navigation2:/home/terranova/uav_ws/install/turtlebot3_fake_node:/home/terranova/uav_ws/install/turtlebot3_msgs:/home/terranova/uav_ws/install/turtlebot3_gazebo:/home/terranova/uav_ws/install/turtlebot3_description:/home/terranova/uav_ws/install/turtlebot3_cartographer:/home/terranova/uav_ws/install/realsense_gazebo_plugin:/home/terranova/uav_ws/install/perception_pcl:/home/terranova/uav_ws/install/pcl_ros:/home/terranova/uav_ws/install/image_geometry:/home/terranova/uav_ws/install/hls_lfcd_lds_driver:/home/terranova/uav_ws/install/gazebo_ros_pkgs:/home/terranova/uav_ws/install/gazebo_plugins:/home/terranova/uav_ws/install/gazebo_ros:/home/terranova/uav_ws/install/gazebo_msgs:/home/terranova/uav_ws/install/gazebo_dev:/home/terranova/uav_ws/install/dynamixel_sdk_examples:/home/terranova/uav_ws/install/dynamixel_sdk_custom_interfaces:/home/terranova/uav_ws/install/dynamixel_sdk:/home/terranova/uav_ws/install/cv_bridge:/home/terranova/uav_ws/install/absl:/home/terranova/uav_ws/install/turtlebot3_teleop:/home/terranova/uav_ws/install/turtlebot3_example:/home/terranova/uav_ws/install/opencv_tests:/home/terranova/uav_ws/install/joint_state_publisher_gui:/home/terranova/uav_ws/install/joint_state_publisher:/opt/ros/foxy LD_LIBRARY_PATH=/home/terranova/uav_ws/install/pcl_msgs/lib:/home/terranova/uav_ws/install/velodyne_gazebo_plugin/lib:/home/terranova/uav_ws/install/turtlebot3_msgs/lib:/home/terranova/uav_ws/install/realsense_gazebo_plugin/lib:/home/terranova/uav_ws/install/pcl_ros/lib:/home/terranova/uav_ws/install/image_geometry/lib:/home/terranova/uav_ws/install/gazebo_plugins/lib:/home/terranova/uav_ws/install/gazebo_ros/lib:/home/terranova/uav_ws/install/gazebo_msgs/lib:/home/terranova/uav_ws/install/dynamixel_sdk_custom_interfaces/lib:/home/terranova/uav_ws/install/dynamixel_sdk/lib:/home/terranova/uav_ws/install/cv_bridge/lib:/opt/ros/foxy/opt/yaml_cpp_vendor/lib:/opt/ros/foxy/opt/rviz_ogre_vendor/lib:/opt/ros/foxy/lib/x86_64-linux-gnu:/opt/ros/foxy/lib:/usr/lib/x86_64-linux-gnu/gazebo-11/plugins PYTHONPATH=/home/terranova/uav_ws/install/pcl_msgs/lib/python3.8/site-packages:/home/terranova/uav_ws/install/turtlebot3_teleop/lib/python3.8/site-packages:/home/terranova/uav_ws/install/turtlebot3_example/lib/python3.8/site-packages:/home/terranova/uav_ws/install/turtlebot3_msgs/lib/python3.8/site-packages:/home/terranova/uav_ws/install/opencv_tests/lib/python3.8/site-packages:/home/terranova/uav_ws/install/joint_state_publisher_gui/lib/python3.8/site-packages:/home/terranova/uav_ws/install/joint_state_publisher/lib/python3.8/site-packages:/home/terranova/uav_ws/install/image_geometry/lib/python3.8/site-packages:/home/terranova/uav_ws/install/gazebo_ros/lib/python3.8/site-packages:/home/terranova/uav_ws/install/gazebo_msgs/lib/python3.8/site-packages:/home/terranova/uav_ws/install/dynamixel_sdk_custom_interfaces/lib/python3.8/site-packages:/home/terranova/uav_ws/install/cv_bridge/lib/python3.8/site-packages:/opt/ros/foxy/lib/python3.8/site-packages:/home/terranova/.local/bin /home/terranova/.local/bin/cmake /home/terranova/uav_ws/src/perception_pcl/pcl_ros -DCMAKE_INSTALL_PREFIX=/home/terranova/uav_ws/install/pcl_ros
[0.243s] -- The C compiler identification is GNU 9.4.0
[0.392s] -- The CXX compiler identification is GNU 9.4.0
[0.440s] -- Detecting C compiler ABI info
[0.560s] -- Detecting C compiler ABI info - done
[0.592s] -- Check for working C compiler: /usr/lib/ccache/cc - skipped
[0.593s] -- Detecting C compile features
[0.595s] -- Detecting C compile features - done
[0.623s] -- Detecting CXX compiler ABI info
[0.770s] -- Detecting CXX compiler ABI info - done
[0.804s] -- Check for working CXX compiler: /usr/lib/ccache/c++ - skipped
[0.805s] -- Detecting CXX compile features
[0.806s] -- Detecting CXX compile features - done
[0.852s] [33mCMake Warning (dev) at /usr/lib/x86_64-linux-gnu/cmake/pcl/PCLConfig.cmake:152 (find_package):
[0.852s]   Policy CMP0144 is not set: find_package uses upper-case <PACKAGENAME>_ROOT
[0.852s]   variables.  Run "cmake --help-policy CMP0144" for policy details.  Use the
[0.852s]   cmake_policy command to set the policy and suppress this warning.
[0.853s] 
[0.853s]   CMake variable EIGEN_ROOT is set to:
[0.853s] 
[0.853s]     /usr/include/eigen3
[0.854s] 
[0.854s]   For compatibility, find_package is ignoring the variable, but code in a
[0.854s]   .cmake module might still use it.
[0.854s] Call Stack (most recent call first):
[0.855s]   /usr/lib/x86_64-linux-gnu/cmake/pcl/PCLConfig.cmake:316 (find_eigen)
[0.855s]   /usr/lib/x86_64-linux-gnu/cmake/pcl/PCLConfig.cmake:551 (find_external_library)
[0.855s]   CMakeLists.txt:13 (find_package)
[0.855s] This warning is for project developers.  Use -Wno-dev to suppress it.
[0.856s] [0m
[0.866s] -- Checking for module 'eigen3'
[0.912s] --   Found eigen3, version 3.3.7
[1.015s] -- Found Eigen: /usr/include/eigen3 (Required is at least version "3.1") 
[1.016s] -- Eigen found (include: /usr/include/eigen3, version: 3.3.7)
[1.398s] [33mCMake Warning (dev) at /usr/lib/x86_64-linux-gnu/cmake/pcl/Modules/FindFLANN.cmake:44 (find_package):
[1.398s]   Policy CMP0144 is not set: find_package uses upper-case <PACKAGENAME>_ROOT
[1.398s]   variables.  Run "cmake --help-policy CMP0144" for policy details.  Use the
[1.398s]   cmake_policy command to set the policy and suppress this warning.
[1.398s] 
[1.399s]   CMake variable FLANN_ROOT is set to:
[1.399s] 
[1.399s]     /usr
[1.399s] 
[1.399s]   For compatibility, find_package is ignoring the variable, but code in a
[1.399s]   .cmake module might still use it.
[1.400s] Call Stack (most recent call first):
[1.400s]   /usr/lib/x86_64-linux-gnu/cmake/pcl/PCLConfig.cmake:263 (find_package)
[1.400s]   /usr/lib/x86_64-linux-gnu/cmake/pcl/PCLConfig.cmake:318 (find_flann)
[1.400s]   /usr/lib/x86_64-linux-gnu/cmake/pcl/PCLConfig.cmake:551 (find_external_library)
[1.400s]   CMakeLists.txt:13 (find_package)
[1.400s] This warning is for project developers.  Use -Wno-dev to suppress it.
[1.401s] [0m
[1.444s] -- Checking for module 'flann'
[1.501s] --   Found flann, version 1.9.1
[1.644s] -- Found FLANN: /usr/lib/x86_64-linux-gnu/libflann_cpp.so  
[1.758s] -- The imported target "vtkParseOGLExt" references the file
[1.759s]    "/usr/bin/vtkParseOGLExt-7.1"
[1.759s] but this file does not exist.  Possible reasons include:
[1.759s] * The file was deleted, renamed, or moved to another location.
[1.760s] * An install or uninstall procedure did not complete successfully.
[1.760s] * The installation package was faulty and contained
[1.761s]    "/usr/lib/cmake/vtk-7.1/VTKTargets.cmake"
[1.761s] but not all the files it references.
[1.761s] 
[1.763s] -- The imported target "vtkRenderingPythonTkWidgets" references the file
[1.763s]    "/usr/lib/x86_64-linux-gnu/libvtkRenderingPythonTkWidgets.so"
[1.763s] but this file does not exist.  Possible reasons include:
[1.764s] * The file was deleted, renamed, or moved to another location.
[1.764s] * An install or uninstall procedure did not complete successfully.
[1.764s] * The installation package was faulty and contained
[1.764s]    "/usr/lib/cmake/vtk-7.1/VTKTargets.cmake"
[1.764s] but not all the files it references.
[1.765s] 
[1.766s] -- The imported target "vtk" references the file
[1.766s]    "/usr/bin/vtk"
[1.766s] but this file does not exist.  Possible reasons include:
[1.767s] * The file was deleted, renamed, or moved to another location.
[1.767s] * An install or uninstall procedure did not complete successfully.
[1.767s] * The installation package was faulty and contained
[1.767s]    "/usr/lib/cmake/vtk-7.1/VTKTargets.cmake"
[1.768s] but not all the files it references.
[1.768s] 
[1.768s] -- The imported target "pvtk" references the file
[1.769s]    "/usr/bin/pvtk"
[1.769s] but this file does not exist.  Possible reasons include:
[1.769s] * The file was deleted, renamed, or moved to another location.
[1.770s] * An install or uninstall procedure did not complete successfully.
[1.770s] * The installation package was faulty and contained
[1.770s]    "/usr/lib/cmake/vtk-7.1/VTKTargets.cmake"
[1.771s] but not all the files it references.
[1.771s] 
[1.862s] -- Checking for module 'libusb-1.0'
[1.916s] --   Found libusb-1.0, version 1.0.23
[2.044s] [33mCMake Warning (dev) at /home/terranova/.local/lib/python3.8/site-packages/cmake/data/share/cmake-3.28/Modules/FindPackageHandleStandardArgs.cmake:438 (message):
[2.044s]   The package name passed to `find_package_handle_standard_args` (USB_10)
[2.044s]   does not match the name of the calling package (OpenNI).  This can lead to
[2.044s]   problems in calling code that expects `find_package` result variables
[2.045s]   (e.g., `_FOUND`) to follow a certain pattern.
[2.045s] Call Stack (most recent call first):
[2.045s]   /usr/lib/x86_64-linux-gnu/cmake/pcl/Modules/FindOpenNI.cmake:28 (find_package_handle_standard_args)
[2.045s]   /usr/lib/x86_64-linux-gnu/cmake/pcl/PCLConfig.cmake:179 (find_package)
[2.045s]   /usr/lib/x86_64-linux-gnu/cmake/pcl/PCLConfig.cmake:322 (find_openni)
[2.045s]   /usr/lib/x86_64-linux-gnu/cmake/pcl/PCLConfig.cmake:548 (find_external_library)
[2.046s]   CMakeLists.txt:13 (find_package)
[2.046s] This warning is for project developers.  Use -Wno-dev to suppress it.
[2.046s] [0m
[2.046s] -- Found USB_10: /usr/lib/x86_64-linux-gnu/libusb-1.0.so  
[2.223s] -- OpenNI found (include: /usr/include/ni, lib: /usr/lib/libOpenNI.so)
[2.238s] [33mCMake Warning (dev) at /home/terranova/.local/lib/python3.8/site-packages/cmake/data/share/cmake-3.28/Modules/FindPackageHandleStandardArgs.cmake:438 (message):
[2.238s]   The package name passed to `find_package_handle_standard_args` (USB_10)
[2.238s]   does not match the name of the calling package (OpenNI2).  This can lead to
[2.239s]   problems in calling code that expects `find_package` result variables
[2.239s]   (e.g., `_FOUND`) to follow a certain pattern.
[2.239s] Call Stack (most recent call first):
[2.239s]   /usr/lib/x86_64-linux-gnu/cmake/pcl/Modules/FindOpenNI2.cmake:28 (find_package_handle_standard_args)
[2.239s]   /usr/lib/x86_64-linux-gnu/cmake/pcl/PCLConfig.cmake:193 (find_package)
[2.239s]   /usr/lib/x86_64-linux-gnu/cmake/pcl/PCLConfig.cmake:324 (find_openni2)
[2.240s]   /usr/lib/x86_64-linux-gnu/cmake/pcl/PCLConfig.cmake:548 (find_external_library)
[2.240s]   CMakeLists.txt:13 (find_package)
[2.240s] This warning is for project developers.  Use -Wno-dev to suppress it.
[2.240s] [0m
[2.414s] -- OpenNI2 found (include: /usr/include/openni2, lib: /usr/lib/libOpenNI2.so)
[2.458s] [33mCMake Warning (dev) at /home/terranova/.local/lib/python3.8/site-packages/cmake/data/share/cmake-3.28/Modules/FindPackageHandleStandardArgs.cmake:438 (message):
[2.458s]   The package name passed to `find_package_handle_standard_args` (libusb-1.0)
[2.458s]   does not match the name of the calling package (PCL).  This can lead to
[2.459s]   problems in calling code that expects `find_package` result variables
[2.459s]   (e.g., `_FOUND`) to follow a certain pattern.
[2.459s] Call Stack (most recent call first):
[2.460s]   /usr/lib/x86_64-linux-gnu/cmake/pcl/PCLConfig.cmake:291 (find_package_handle_standard_args)
[2.460s]   /usr/lib/x86_64-linux-gnu/cmake/pcl/PCLConfig.cmake:338 (find_libusb)
[2.460s]   /usr/lib/x86_64-linux-gnu/cmake/pcl/PCLConfig.cmake:548 (find_external_library)
[2.460s]   CMakeLists.txt:13 (find_package)
[2.461s] This warning is for project developers.  Use -Wno-dev to suppress it.
[2.462s] [0m
[2.463s] -- Found libusb-1.0: /usr/include  
[2.464s] [33mCMake Warning (dev) at /usr/lib/x86_64-linux-gnu/cmake/pcl/PCLConfig.cmake:165 (find_package):
[2.464s]   Policy CMP0144 is not set: find_package uses upper-case <PACKAGENAME>_ROOT
[2.464s]   variables.  Run "cmake --help-policy CMP0144" for policy details.  Use the
[2.464s]   cmake_policy command to set the policy and suppress this warning.
[2.465s] 
[2.465s]   CMake variable QHULL_ROOT is set to:
[2.465s] 
[2.465s]     /usr
[2.466s] 
[2.466s]   For compatibility, find_package is ignoring the variable, but code in a
[2.466s]   .cmake module might still use it.
[2.466s] Call Stack (most recent call first):
[2.467s]   /usr/lib/x86_64-linux-gnu/cmake/pcl/PCLConfig.cmake:320 (find_qhull)
[2.467s]   /usr/lib/x86_64-linux-gnu/cmake/pcl/PCLConfig.cmake:548 (find_external_library)
[2.467s]   CMakeLists.txt:13 (find_package)
[2.468s] This warning is for project developers.  Use -Wno-dev to suppress it.
[2.468s] [0m
[2.569s] -- Found Qhull: optimized;/usr/lib/x86_64-linux-gnu/libqhull.so;debug;/usr/lib/x86_64-linux-gnu/libqhull.so  
[2.569s] -- QHULL found (include: /usr/include, lib: optimized;/usr/lib/x86_64-linux-gnu/libqhull.so;debug;/usr/lib/x86_64-linux-gnu/libqhull.so)
[2.574s] [33mCMake Warning (dev) at /home/terranova/.local/lib/python3.8/site-packages/cmake/data/share/cmake-3.28/Modules/FindPackageHandleStandardArgs.cmake:438 (message):
[2.574s]   The package name passed to `find_package_handle_standard_args` (PCL_COMMON)
[2.574s]   does not match the name of the calling package (PCL).  This can lead to
[2.574s]   problems in calling code that expects `find_package` result variables
[2.575s]   (e.g., `_FOUND`) to follow a certain pattern.
[2.575s] Call Stack (most recent call first):
[2.575s]   /usr/lib/x86_64-linux-gnu/cmake/pcl/PCLConfig.cmake:616 (find_package_handle_standard_args)
[2.575s]   CMakeLists.txt:13 (find_package)
[2.575s] This warning is for project developers.  Use -Wno-dev to suppress it.
[2.576s] [0m
[2.576s] -- Found PCL_COMMON: /usr/lib/x86_64-linux-gnu/libpcl_common.so  
[2.583s] [33mCMake Warning (dev) at /home/terranova/.local/lib/python3.8/site-packages/cmake/data/share/cmake-3.28/Modules/FindPackageHandleStandardArgs.cmake:438 (message):
[2.583s]   The package name passed to `find_package_handle_standard_args` (PCL_CORE)
[2.583s]   does not match the name of the calling package (PCL).  This can lead to
[2.584s]   problems in calling code that expects `find_package` result variables
[2.584s]   (e.g., `_FOUND`) to follow a certain pattern.
[2.584s] Call Stack (most recent call first):
[2.584s]   /usr/lib/x86_64-linux-gnu/cmake/pcl/PCLConfig.cmake:616 (find_package_handle_standard_args)
[2.585s]   CMakeLists.txt:13 (find_package)
[2.585s] This warning is for project developers.  Use -Wno-dev to suppress it.
[2.585s] [0m
[2.586s] -- Could NOT find PCL_CORE (missing: PCL_CORE_LIBRARY PCL_CORE_INCLUDE_DIR) 
[2.591s] [33mCMake Warning (dev) at /home/terranova/.local/lib/python3.8/site-packages/cmake/data/share/cmake-3.28/Modules/FindPackageHandleStandardArgs.cmake:438 (message):
[2.591s]   The package name passed to `find_package_handle_standard_args` (PCL_KDTREE)
[2.591s]   does not match the name of the calling package (PCL).  This can lead to
[2.592s]   problems in calling code that expects `find_package` result variables
[2.592s]   (e.g., `_FOUND`) to follow a certain pattern.
[2.592s] Call Stack (most recent call first):
[2.593s]   /usr/lib/x86_64-linux-gnu/cmake/pcl/PCLConfig.cmake:616 (find_package_handle_standard_args)
[2.593s]   CMakeLists.txt:13 (find_package)
[2.593s] This warning is for project developers.  Use -Wno-dev to suppress it.
[2.593s] [0m
[2.594s] -- Found PCL_KDTREE: /usr/lib/x86_64-linux-gnu/libpcl_kdtree.so  
[2.599s] [33mCMake Warning (dev) at /home/terranova/.local/lib/python3.8/site-packages/cmake/data/share/cmake-3.28/Modules/FindPackageHandleStandardArgs.cmake:438 (message):
[2.599s]   The package name passed to `find_package_handle_standard_args` (PCL_OCTREE)
[2.599s]   does not match the name of the calling package (PCL).  This can lead to
[2.600s]   problems in calling code that expects `find_package` result variables
[2.600s]   (e.g., `_FOUND`) to follow a certain pattern.
[2.600s] Call Stack (most recent call first):
[2.601s]   /usr/lib/x86_64-linux-gnu/cmake/pcl/PCLConfig.cmake:616 (find_package_handle_standard_args)
[2.601s]   CMakeLists.txt:13 (find_package)
[2.601s] This warning is for project developers.  Use -Wno-dev to suppress it.
[2.602s] [0m
[2.602s] -- Found PCL_OCTREE: /usr/lib/x86_64-linux-gnu/libpcl_octree.so  
[2.607s] [33mCMake Warning (dev) at /home/terranova/.local/lib/python3.8/site-packages/cmake/data/share/cmake-3.28/Modules/FindPackageHandleStandardArgs.cmake:438 (message):
[2.607s]   The package name passed to `find_package_handle_standard_args` (PCL_SEARCH)
[2.608s]   does not match the name of the calling package (PCL).  This can lead to
[2.608s]   problems in calling code that expects `find_package` result variables
[2.608s]   (e.g., `_FOUND`) to follow a certain pattern.
[2.609s] Call Stack (most recent call first):
[2.609s]   /usr/lib/x86_64-linux-gnu/cmake/pcl/PCLConfig.cmake:616 (find_package_handle_standard_args)
[2.609s]   CMakeLists.txt:13 (find_package)
[2.609s] This warning is for project developers.  Use -Wno-dev to suppress it.
[2.610s] [0m
[2.611s] -- Found PCL_SEARCH: /usr/lib/x86_64-linux-gnu/libpcl_search.so  
[2.612s] [33mCMake Warning (dev) at /home/terranova/.local/lib/python3.8/site-packages/cmake/data/share/cmake-3.28/Modules/FindPackageHandleStandardArgs.cmake:438 (message):
[2.612s]   The package name passed to `find_package_handle_standard_args` (PCL_2D)
[2.613s]   does not match the name of the calling package (PCL).  This can lead to
[2.613s]   problems in calling code that expects `find_package` result variables
[2.613s]   (e.g., `_FOUND`) to follow a certain pattern.
[2.614s] Call Stack (most recent call first):
[2.614s]   /usr/lib/x86_64-linux-gnu/cmake/pcl/PCLConfig.cmake:619 (find_package_handle_standard_args)
[2.614s]   CMakeLists.txt:13 (find_package)
[2.615s] This warning is for project developers.  Use -Wno-dev to suppress it.
[2.615s] [0m
[2.616s] -- Found PCL_2D: /usr/include/pcl-1.10  
[2.621s] [33mCMake Warning (dev) at /home/terranova/.local/lib/python3.8/site-packages/cmake/data/share/cmake-3.28/Modules/FindPackageHandleStandardArgs.cmake:438 (message):
[2.621s]   The package name passed to `find_package_handle_standard_args`
[2.621s]   (PCL_FEATURES) does not match the name of the calling package (PCL).  This
[2.622s]   can lead to problems in calling code that expects `find_package` result
[2.622s]   variables (e.g., `_FOUND`) to follow a certain pattern.
[2.622s] Call Stack (most recent call first):
[2.622s]   /usr/lib/x86_64-linux-gnu/cmake/pcl/PCLConfig.cmake:616 (find_package_handle_standard_args)
[2.623s]   CMakeLists.txt:13 (find_package)
[2.623s] This warning is for project developers.  Use -Wno-dev to suppress it.
[2.623s] [0m
[2.624s] -- Found PCL_FEATURES: /usr/lib/x86_64-linux-gnu/libpcl_features.so  
[2.629s] [33mCMake Warning (dev) at /home/terranova/.local/lib/python3.8/site-packages/cmake/data/share/cmake-3.28/Modules/FindPackageHandleStandardArgs.cmake:438 (message):
[2.630s]   The package name passed to `find_package_handle_standard_args`
[2.630s]   (PCL_SAMPLE_CONSENSUS) does not match the name of the calling package
[2.630s]   (PCL).  This can lead to problems in calling code that expects
[2.631s]   `find_package` result variables (e.g., `_FOUND`) to follow a certain
[2.631s]   pattern.
[2.631s] Call Stack (most recent call first):
[2.631s]   /usr/lib/x86_64-linux-gnu/cmake/pcl/PCLConfig.cmake:616 (find_package_handle_standard_args)
[2.632s]   CMakeLists.txt:13 (find_package)
[2.632s] This warning is for project developers.  Use -Wno-dev to suppress it.
[2.632s] [0m
[2.633s] -- Found PCL_SAMPLE_CONSENSUS: /usr/lib/x86_64-linux-gnu/libpcl_sample_consensus.so  
[2.638s] [33mCMake Warning (dev) at /home/terranova/.local/lib/python3.8/site-packages/cmake/data/share/cmake-3.28/Modules/FindPackageHandleStandardArgs.cmake:438 (message):
[2.639s]   The package name passed to `find_package_handle_standard_args`
[2.639s]   (PCL_FILTERS) does not match the name of the calling package (PCL).  This
[2.639s]   can lead to problems in calling code that expects `find_package` result
[2.639s]   variables (e.g., `_FOUND`) to follow a certain pattern.
[2.640s] Call Stack (most recent call first):
[2.640s]   /usr/lib/x86_64-linux-gnu/cmake/pcl/PCLConfig.cmake:616 (find_package_handle_standard_args)
[2.640s]   CMakeLists.txt:13 (find_package)
[2.641s] This warning is for project developers.  Use -Wno-dev to suppress it.
[2.641s] [0m
[2.642s] -- Found PCL_FILTERS: /usr/lib/x86_64-linux-gnu/libpcl_filters.so  
[2.647s] [33mCMake Warning (dev) at /home/terranova/.local/lib/python3.8/site-packages/cmake/data/share/cmake-3.28/Modules/FindPackageHandleStandardArgs.cmake:438 (message):
[2.647s]   The package name passed to `find_package_handle_standard_args` (PCL_IO)
[2.647s]   does not match the name of the calling package (PCL).  This can lead to
[2.648s]   problems in calling code that expects `find_package` result variables
[2.648s]   (e.g., `_FOUND`) to follow a certain pattern.
[2.648s] Call Stack (most recent call first):
[2.648s]   /usr/lib/x86_64-linux-gnu/cmake/pcl/PCLConfig.cmake:616 (find_package_handle_standard_args)
[2.649s]   CMakeLists.txt:13 (find_package)
[2.649s] This warning is for project developers.  Use -Wno-dev to suppress it.
[2.649s] [0m
[2.650s] -- Found PCL_IO: /usr/lib/x86_64-linux-gnu/libpcl_io.so  
[2.653s] [33mCMake Warning (dev) at /home/terranova/.local/lib/python3.8/site-packages/cmake/data/share/cmake-3.28/Modules/FindPackageHandleStandardArgs.cmake:438 (message):
[2.654s]   The package name passed to `find_package_handle_standard_args`
[2.654s]   (PCL_GEOMETRY) does not match the name of the calling package (PCL).  This
[2.654s]   can lead to problems in calling code that expects `find_package` result
[2.654s]   variables (e.g., `_FOUND`) to follow a certain pattern.
[2.655s] Call Stack (most recent call first):
[2.655s]   /usr/lib/x86_64-linux-gnu/cmake/pcl/PCLConfig.cmake:619 (find_package_handle_standard_args)
[2.655s]   CMakeLists.txt:13 (find_package)
[2.656s] This warning is for project developers.  Use -Wno-dev to suppress it.
[2.656s] [0m
[2.657s] -- Found PCL_GEOMETRY: /usr/include/pcl-1.10  
[2.662s] [33mCMake Warning (dev) at /home/terranova/.local/lib/python3.8/site-packages/cmake/data/share/cmake-3.28/Modules/FindPackageHandleStandardArgs.cmake:438 (message):
[2.662s]   The package name passed to `find_package_handle_standard_args` (PCL_ML)
[2.662s]   does not match the name of the calling package (PCL).  This can lead to
[2.663s]   problems in calling code that expects `find_package` result variables
[2.663s]   (e.g., `_FOUND`) to follow a certain pattern.
[2.663s] Call Stack (most recent call first):
[2.663s]   /usr/lib/x86_64-linux-gnu/cmake/pcl/PCLConfig.cmake:616 (find_package_handle_standard_args)
[2.664s]   CMakeLists.txt:13 (find_package)
[2.664s] This warning is for project developers.  Use -Wno-dev to suppress it.
[2.664s] [0m
[2.665s] -- Found PCL_ML: /usr/lib/x86_64-linux-gnu/libpcl_ml.so  
[2.670s] [33mCMake Warning (dev) at /home/terranova/.local/lib/python3.8/site-packages/cmake/data/share/cmake-3.28/Modules/FindPackageHandleStandardArgs.cmake:438 (message):
[2.671s]   The package name passed to `find_package_handle_standard_args`
[2.671s]   (PCL_SEGMENTATION) does not match the name of the calling package (PCL).
[2.671s]   This can lead to problems in calling code that expects `find_package`
[2.671s]   result variables (e.g., `_FOUND`) to follow a certain pattern.
[2.672s] Call Stack (most recent call first):
[2.672s]   /usr/lib/x86_64-linux-gnu/cmake/pcl/PCLConfig.cmake:616 (find_package_handle_standard_args)
[2.672s]   CMakeLists.txt:13 (find_package)
[2.673s] This warning is for project developers.  Use -Wno-dev to suppress it.
[2.673s] [0m
[2.674s] -- Found PCL_SEGMENTATION: /usr/lib/x86_64-linux-gnu/libpcl_segmentation.so  
[2.679s] [33mCMake Warning (dev) at /home/terranova/.local/lib/python3.8/site-packages/cmake/data/share/cmake-3.28/Modules/FindPackageHandleStandardArgs.cmake:438 (message):
[2.679s]   The package name passed to `find_package_handle_standard_args`
[2.680s]   (PCL_SURFACE) does not match the name of the calling package (PCL).  This
[2.680s]   can lead to problems in calling code that expects `find_package` result
[2.680s]   variables (e.g., `_FOUND`) to follow a certain pattern.
[2.680s] Call Stack (most recent call first):
[2.680s]   /usr/lib/x86_64-linux-gnu/cmake/pcl/PCLConfig.cmake:616 (find_package_handle_standard_args)
[2.680s]   CMakeLists.txt:13 (find_package)
[2.681s] This warning is for project developers.  Use -Wno-dev to suppress it.
[2.681s] [0m
[2.681s] -- Found PCL_SURFACE: /usr/lib/x86_64-linux-gnu/libpcl_surface.so  
[2.691s] -- Found ament_cmake_ros: 0.9.2 (/opt/ros/foxy/share/ament_cmake_ros/cmake)
[2.733s] [33mCMake Warning (dev) at /opt/ros/foxy/share/ament_cmake_core/cmake/core/python.cmake:22 (find_package):
[2.734s]   Policy CMP0148 is not set: The FindPythonInterp and FindPythonLibs modules
[2.734s]   are removed.  Run "cmake --help-policy CMP0148" for policy details.  Use
[2.734s]   the cmake_policy command to set the policy and suppress this warning.
[2.734s] 
[2.734s] Call Stack (most recent call first):
[2.734s]   /opt/ros/foxy/share/ament_cmake_core/cmake/core/all.cmake:53 (include)
[2.735s]   /opt/ros/foxy/share/ament_cmake_core/cmake/ament_cmake_core-extras.cmake:17 (include)
[2.735s]   /opt/ros/foxy/share/ament_cmake_core/cmake/ament_cmake_coreConfig.cmake:41 (include)
[2.735s]   /opt/ros/foxy/share/ament_cmake_test/cmake/ament_cmake_test-extras.cmake:39 (find_package)
[2.735s]   /opt/ros/foxy/share/ament_cmake_test/cmake/ament_cmake_testConfig.cmake:41 (include)
[2.735s]   /opt/ros/foxy/share/ament_cmake_pytest/cmake/ament_cmake_pytest-extras.cmake:17 (find_package)
[2.735s]   /opt/ros/foxy/share/ament_cmake_pytest/cmake/ament_cmake_pytestConfig.cmake:41 (include)
[2.736s]   /opt/ros/foxy/share/ament_cmake_ros/cmake/ament_cmake_ros-extras.cmake:19 (find_package)
[2.736s]   /opt/ros/foxy/share/ament_cmake_ros/cmake/ament_cmake_rosConfig.cmake:41 (include)
[2.736s]   CMakeLists.txt:16 (find_package)
[2.736s] This warning is for project developers.  Use -Wno-dev to suppress it.
[2.736s] [0m
[2.802s] -- Found PythonInterp: /usr/bin/python3 (found suitable version "3.8.10", minimum required is "3") 
[2.802s] -- Using PYTHON_EXECUTABLE: /usr/bin/python3
[3.421s] -- Found pcl_conversions: 2.2.1 (/home/terranova/uav_ws/install/pcl_conversions/share/pcl_conversions/cmake)
[3.550s] -- Using all available rosidl_typesupport_c: rosidl_typesupport_fastrtps_c;rosidl_typesupport_introspection_c
[3.582s] -- Found rosidl_adapter: 1.3.1 (/opt/ros/foxy/share/rosidl_adapter/cmake)
[3.855s] -- Found OpenSSL: /usr/lib/x86_64-linux-gnu/libcrypto.so (found version "1.1.1f")  
[3.949s] -- Found FastRTPS: /opt/ros/foxy/include  
[4.202s] -- Using all available rosidl_typesupport_cpp: rosidl_typesupport_fastrtps_cpp;rosidl_typesupport_introspection_cpp
[5.298s] -- Found rmw_implementation_cmake: 1.0.4 (/opt/ros/foxy/share/rmw_implementation_cmake/cmake)
[5.308s] -- Using RMW implementation 'rmw_fastrtps_cpp' as default
[5.317s] -- Performing Test CMAKE_HAVE_LIBC_PTHREAD
[5.488s] -- Performing Test CMAKE_HAVE_LIBC_PTHREAD - Failed
[5.489s] -- Looking for pthread_create in pthreads
[5.616s] -- Looking for pthread_create in pthreads - not found
[5.616s] -- Looking for pthread_create in pthread
[5.745s] -- Looking for pthread_create in pthread - found
[5.748s] -- Found Threads: TRUE  
[6.078s] -- Found tf2: 0.13.14 (/opt/ros/foxy/share/tf2/cmake)
[6.595s] -- Found tf2_geometry_msgs: 0.13.14 (/opt/ros/foxy/share/tf2_geometry_msgs/cmake)
[6.656s] -- Found eigen3_cmake_module: 0.1.1 (/opt/ros/foxy/share/eigen3_cmake_module/cmake)
[6.661s] -- Found Eigen3: TRUE (found version "3.3.7") 
[8.046s] -- Found ament_lint_auto: 0.9.8 (/opt/ros/foxy/share/ament_lint_auto/cmake)
[8.312s] -- Added test 'cppcheck' to perform static code analysis on C / C++ code
[8.314s] -- Configured cppcheck include dirs: /home/terranova/uav_ws/src/perception_pcl/pcl_ros/include
[8.315s] -- Configured cppcheck exclude dirs and/or files: 
[8.332s] -- Added test 'cpplint' to check C / C++ code against the Google style
[8.332s] -- Configured cpplint exclude dirs and/or files: 
[8.338s] -- Added test 'flake8' to check Python code syntax and style conventions
[8.345s] -- Added test 'lint_cmake' to check CMake code style
[8.352s] -- Added test 'pep257' to check Python code against some of the style conventions in PEP 257
[8.389s] -- Added test 'uncrustify' to check C / C++ code style
[8.389s] -- Configured uncrustify additional arguments: 
[8.403s] -- Added test 'xmllint' to check XML markup files
[8.415s] -- Configuring done (8.3s)
[8.563s] -- Generating done (0.1s)
[8.571s] -- Build files have been written to: /home/terranova/uav_ws/build/pcl_ros
[8.630s] Invoked command in '/home/terranova/uav_ws/build/pcl_ros' returned '0': CMAKE_PREFIX_PATH=/home/terranova/uav_ws/install/pcl_conversions:/home/terranova/uav_ws/install/pcl_msgs:/home/terranova/uav_ws/install/vision_opencv:/home/terranova/uav_ws/install/velodyne_gazebo_plugin:/home/terranova/uav_ws/install/uav_gazebo:/home/terranova/uav_ws/install/turtlebot3:/home/terranova/uav_ws/install/turtlebot3_simulations:/home/terranova/uav_ws/install/turtlebot3_bringup:/home/terranova/uav_ws/install/turtlebot3_node:/home/terranova/uav_ws/install/turtlebot3_navigation2:/home/terranova/uav_ws/install/turtlebot3_fake_node:/home/terranova/uav_ws/install/turtlebot3_msgs:/home/terranova/uav_ws/install/turtlebot3_gazebo:/home/terranova/uav_ws/install/turtlebot3_description:/home/terranova/uav_ws/install/turtlebot3_cartographer:/home/terranova/uav_ws/install/realsense_gazebo_plugin:/home/terranova/uav_ws/install/perception_pcl:/home/terranova/uav_ws/install/pcl_ros:/home/terranova/uav_ws/install/image_geometry:/home/terranova/uav_ws/install/hls_lfcd_lds_driver:/home/terranova/uav_ws/install/gazebo_ros_pkgs:/home/terranova/uav_ws/install/gazebo_plugins:/home/terranova/uav_ws/install/gazebo_ros:/home/terranova/uav_ws/install/gazebo_msgs:/home/terranova/uav_ws/install/gazebo_dev:/home/terranova/uav_ws/install/dynamixel_sdk_examples:/home/terranova/uav_ws/install/dynamixel_sdk_custom_interfaces:/home/terranova/uav_ws/install/dynamixel_sdk:/home/terranova/uav_ws/install/cv_bridge:/home/terranova/uav_ws/install/absl:/home/terranova/uav_ws/install/turtlebot3_teleop:/home/terranova/uav_ws/install/turtlebot3_example:/home/terranova/uav_ws/install/opencv_tests:/home/terranova/uav_ws/install/joint_state_publisher_gui:/home/terranova/uav_ws/install/joint_state_publisher:/opt/ros/foxy LD_LIBRARY_PATH=/home/terranova/uav_ws/install/pcl_msgs/lib:/home/terranova/uav_ws/install/velodyne_gazebo_plugin/lib:/home/terranova/uav_ws/install/turtlebot3_msgs/lib:/home/terranova/uav_ws/install/realsense_gazebo_plugin/lib:/home/terranova/uav_ws/install/pcl_ros/lib:/home/terranova/uav_ws/install/image_geometry/lib:/home/terranova/uav_ws/install/gazebo_plugins/lib:/home/terranova/uav_ws/install/gazebo_ros/lib:/home/terranova/uav_ws/install/gazebo_msgs/lib:/home/terranova/uav_ws/install/dynamixel_sdk_custom_interfaces/lib:/home/terranova/uav_ws/install/dynamixel_sdk/lib:/home/terranova/uav_ws/install/cv_bridge/lib:/opt/ros/foxy/opt/yaml_cpp_vendor/lib:/opt/ros/foxy/opt/rviz_ogre_vendor/lib:/opt/ros/foxy/lib/x86_64-linux-gnu:/opt/ros/foxy/lib:/usr/lib/x86_64-linux-gnu/gazebo-11/plugins PYTHONPATH=/home/terranova/uav_ws/install/pcl_msgs/lib/python3.8/site-packages:/home/terranova/uav_ws/install/turtlebot3_teleop/lib/python3.8/site-packages:/home/terranova/uav_ws/install/turtlebot3_example/lib/python3.8/site-packages:/home/terranova/uav_ws/install/turtlebot3_msgs/lib/python3.8/site-packages:/home/terranova/uav_ws/install/opencv_tests/lib/python3.8/site-packages:/home/terranova/uav_ws/install/joint_state_publisher_gui/lib/python3.8/site-packages:/home/terranova/uav_ws/install/joint_state_publisher/lib/python3.8/site-packages:/home/terranova/uav_ws/install/image_geometry/lib/python3.8/site-packages:/home/terranova/uav_ws/install/gazebo_ros/lib/python3.8/site-packages:/home/terranova/uav_ws/install/gazebo_msgs/lib/python3.8/site-packages:/home/terranova/uav_ws/install/dynamixel_sdk_custom_interfaces/lib/python3.8/site-packages:/home/terranova/uav_ws/install/cv_bridge/lib/python3.8/site-packages:/opt/ros/foxy/lib/python3.8/site-packages:/home/terranova/.local/bin /home/terranova/.local/bin/cmake /home/terranova/uav_ws/src/perception_pcl/pcl_ros -DCMAKE_INSTALL_PREFIX=/home/terranova/uav_ws/install/pcl_ros
[8.632s] Invoking command in '/home/terranova/uav_ws/build/pcl_ros': CMAKE_PREFIX_PATH=/home/terranova/uav_ws/install/pcl_conversions:/home/terranova/uav_ws/install/pcl_msgs:/home/terranova/uav_ws/install/vision_opencv:/home/terranova/uav_ws/install/velodyne_gazebo_plugin:/home/terranova/uav_ws/install/uav_gazebo:/home/terranova/uav_ws/install/turtlebot3:/home/terranova/uav_ws/install/turtlebot3_simulations:/home/terranova/uav_ws/install/turtlebot3_bringup:/home/terranova/uav_ws/install/turtlebot3_node:/home/terranova/uav_ws/install/turtlebot3_navigation2:/home/terranova/uav_ws/install/turtlebot3_fake_node:/home/terranova/uav_ws/install/turtlebot3_msgs:/home/terranova/uav_ws/install/turtlebot3_gazebo:/home/terranova/uav_ws/install/turtlebot3_description:/home/terranova/uav_ws/install/turtlebot3_cartographer:/home/terranova/uav_ws/install/realsense_gazebo_plugin:/home/terranova/uav_ws/install/perception_pcl:/home/terranova/uav_ws/install/pcl_ros:/home/terranova/uav_ws/install/image_geometry:/home/terranova/uav_ws/install/hls_lfcd_lds_driver:/home/terranova/uav_ws/install/gazebo_ros_pkgs:/home/terranova/uav_ws/install/gazebo_plugins:/home/terranova/uav_ws/install/gazebo_ros:/home/terranova/uav_ws/install/gazebo_msgs:/home/terranova/uav_ws/install/gazebo_dev:/home/terranova/uav_ws/install/dynamixel_sdk_examples:/home/terranova/uav_ws/install/dynamixel_sdk_custom_interfaces:/home/terranova/uav_ws/install/dynamixel_sdk:/home/terranova/uav_ws/install/cv_bridge:/home/terranova/uav_ws/install/absl:/home/terranova/uav_ws/install/turtlebot3_teleop:/home/terranova/uav_ws/install/turtlebot3_example:/home/terranova/uav_ws/install/opencv_tests:/home/terranova/uav_ws/install/joint_state_publisher_gui:/home/terranova/uav_ws/install/joint_state_publisher:/opt/ros/foxy LD_LIBRARY_PATH=/home/terranova/uav_ws/install/pcl_msgs/lib:/home/terranova/uav_ws/install/velodyne_gazebo_plugin/lib:/home/terranova/uav_ws/install/turtlebot3_msgs/lib:/home/terranova/uav_ws/install/realsense_gazebo_plugin/lib:/home/terranova/uav_ws/install/pcl_ros/lib:/home/terranova/uav_ws/install/image_geometry/lib:/home/terranova/uav_ws/install/gazebo_plugins/lib:/home/terranova/uav_ws/install/gazebo_ros/lib:/home/terranova/uav_ws/install/gazebo_msgs/lib:/home/terranova/uav_ws/install/dynamixel_sdk_custom_interfaces/lib:/home/terranova/uav_ws/install/dynamixel_sdk/lib:/home/terranova/uav_ws/install/cv_bridge/lib:/opt/ros/foxy/opt/yaml_cpp_vendor/lib:/opt/ros/foxy/opt/rviz_ogre_vendor/lib:/opt/ros/foxy/lib/x86_64-linux-gnu:/opt/ros/foxy/lib:/usr/lib/x86_64-linux-gnu/gazebo-11/plugins PYTHONPATH=/home/terranova/uav_ws/install/pcl_msgs/lib/python3.8/site-packages:/home/terranova/uav_ws/install/turtlebot3_teleop/lib/python3.8/site-packages:/home/terranova/uav_ws/install/turtlebot3_example/lib/python3.8/site-packages:/home/terranova/uav_ws/install/turtlebot3_msgs/lib/python3.8/site-packages:/home/terranova/uav_ws/install/opencv_tests/lib/python3.8/site-packages:/home/terranova/uav_ws/install/joint_state_publisher_gui/lib/python3.8/site-packages:/home/terranova/uav_ws/install/joint_state_publisher/lib/python3.8/site-packages:/home/terranova/uav_ws/install/image_geometry/lib/python3.8/site-packages:/home/terranova/uav_ws/install/gazebo_ros/lib/python3.8/site-packages:/home/terranova/uav_ws/install/gazebo_msgs/lib/python3.8/site-packages:/home/terranova/uav_ws/install/dynamixel_sdk_custom_interfaces/lib/python3.8/site-packages:/home/terranova/uav_ws/install/cv_bridge/lib/python3.8/site-packages:/opt/ros/foxy/lib/python3.8/site-packages:/home/terranova/.local/bin /home/terranova/.local/bin/cmake --build /home/terranova/uav_ws/build/pcl_ros -- -j4 -l4
[8.764s] [ 50%] [32mBuilding CXX object CMakeFiles/pcl_ros_tf.dir/src/transforms.cpp.o[0m
[8.983s] [100%] [32m[1mLinking CXX shared library libpcl_ros_tf.so[0m
[10.410s] [100%] Built target pcl_ros_tf
[10.773s] Invoked command in '/home/terranova/uav_ws/build/pcl_ros' returned '0': CMAKE_PREFIX_PATH=/home/terranova/uav_ws/install/pcl_conversions:/home/terranova/uav_ws/install/pcl_msgs:/home/terranova/uav_ws/install/vision_opencv:/home/terranova/uav_ws/install/velodyne_gazebo_plugin:/home/terranova/uav_ws/install/uav_gazebo:/home/terranova/uav_ws/install/turtlebot3:/home/terranova/uav_ws/install/turtlebot3_simulations:/home/terranova/uav_ws/install/turtlebot3_bringup:/home/terranova/uav_ws/install/turtlebot3_node:/home/terranova/uav_ws/install/turtlebot3_navigation2:/home/terranova/uav_ws/install/turtlebot3_fake_node:/home/terranova/uav_ws/install/turtlebot3_msgs:/home/terranova/uav_ws/install/turtlebot3_gazebo:/home/terranova/uav_ws/install/turtlebot3_description:/home/terranova/uav_ws/install/turtlebot3_cartographer:/home/terranova/uav_ws/install/realsense_gazebo_plugin:/home/terranova/uav_ws/install/perception_pcl:/home/terranova/uav_ws/install/pcl_ros:/home/terranova/uav_ws/install/image_geometry:/home/terranova/uav_ws/install/hls_lfcd_lds_driver:/home/terranova/uav_ws/install/gazebo_ros_pkgs:/home/terranova/uav_ws/install/gazebo_plugins:/home/terranova/uav_ws/install/gazebo_ros:/home/terranova/uav_ws/install/gazebo_msgs:/home/terranova/uav_ws/install/gazebo_dev:/home/terranova/uav_ws/install/dynamixel_sdk_examples:/home/terranova/uav_ws/install/dynamixel_sdk_custom_interfaces:/home/terranova/uav_ws/install/dynamixel_sdk:/home/terranova/uav_ws/install/cv_bridge:/home/terranova/uav_ws/install/absl:/home/terranova/uav_ws/install/turtlebot3_teleop:/home/terranova/uav_ws/install/turtlebot3_example:/home/terranova/uav_ws/install/opencv_tests:/home/terranova/uav_ws/install/joint_state_publisher_gui:/home/terranova/uav_ws/install/joint_state_publisher:/opt/ros/foxy LD_LIBRARY_PATH=/home/terranova/uav_ws/install/pcl_msgs/lib:/home/terranova/uav_ws/install/velodyne_gazebo_plugin/lib:/home/terranova/uav_ws/install/turtlebot3_msgs/lib:/home/terranova/uav_ws/install/realsense_gazebo_plugin/lib:/home/terranova/uav_ws/install/pcl_ros/lib:/home/terranova/uav_ws/install/image_geometry/lib:/home/terranova/uav_ws/install/gazebo_plugins/lib:/home/terranova/uav_ws/install/gazebo_ros/lib:/home/terranova/uav_ws/install/gazebo_msgs/lib:/home/terranova/uav_ws/install/dynamixel_sdk_custom_interfaces/lib:/home/terranova/uav_ws/install/dynamixel_sdk/lib:/home/terranova/uav_ws/install/cv_bridge/lib:/opt/ros/foxy/opt/yaml_cpp_vendor/lib:/opt/ros/foxy/opt/rviz_ogre_vendor/lib:/opt/ros/foxy/lib/x86_64-linux-gnu:/opt/ros/foxy/lib:/usr/lib/x86_64-linux-gnu/gazebo-11/plugins PYTHONPATH=/home/terranova/uav_ws/install/pcl_msgs/lib/python3.8/site-packages:/home/terranova/uav_ws/install/turtlebot3_teleop/lib/python3.8/site-packages:/home/terranova/uav_ws/install/turtlebot3_example/lib/python3.8/site-packages:/home/terranova/uav_ws/install/turtlebot3_msgs/lib/python3.8/site-packages:/home/terranova/uav_ws/install/opencv_tests/lib/python3.8/site-packages:/home/terranova/uav_ws/install/joint_state_publisher_gui/lib/python3.8/site-packages:/home/terranova/uav_ws/install/joint_state_publisher/lib/python3.8/site-packages:/home/terranova/uav_ws/install/image_geometry/lib/python3.8/site-packages:/home/terranova/uav_ws/install/gazebo_ros/lib/python3.8/site-packages:/home/terranova/uav_ws/install/gazebo_msgs/lib/python3.8/site-packages:/home/terranova/uav_ws/install/dynamixel_sdk_custom_interfaces/lib/python3.8/site-packages:/home/terranova/uav_ws/install/cv_bridge/lib/python3.8/site-packages:/opt/ros/foxy/lib/python3.8/site-packages:/home/terranova/.local/bin /home/terranova/.local/bin/cmake --build /home/terranova/uav_ws/build/pcl_ros -- -j4 -l4
[10.904s] Invoking command in '/home/terranova/uav_ws/build/pcl_ros': CMAKE_PREFIX_PATH=/home/terranova/uav_ws/install/pcl_conversions:/home/terranova/uav_ws/install/pcl_msgs:/home/terranova/uav_ws/install/vision_opencv:/home/terranova/uav_ws/install/velodyne_gazebo_plugin:/home/terranova/uav_ws/install/uav_gazebo:/home/terranova/uav_ws/install/turtlebot3:/home/terranova/uav_ws/install/turtlebot3_simulations:/home/terranova/uav_ws/install/turtlebot3_bringup:/home/terranova/uav_ws/install/turtlebot3_node:/home/terranova/uav_ws/install/turtlebot3_navigation2:/home/terranova/uav_ws/install/turtlebot3_fake_node:/home/terranova/uav_ws/install/turtlebot3_msgs:/home/terranova/uav_ws/install/turtlebot3_gazebo:/home/terranova/uav_ws/install/turtlebot3_description:/home/terranova/uav_ws/install/turtlebot3_cartographer:/home/terranova/uav_ws/install/realsense_gazebo_plugin:/home/terranova/uav_ws/install/perception_pcl:/home/terranova/uav_ws/install/pcl_ros:/home/terranova/uav_ws/install/image_geometry:/home/terranova/uav_ws/install/hls_lfcd_lds_driver:/home/terranova/uav_ws/install/gazebo_ros_pkgs:/home/terranova/uav_ws/install/gazebo_plugins:/home/terranova/uav_ws/install/gazebo_ros:/home/terranova/uav_ws/install/gazebo_msgs:/home/terranova/uav_ws/install/gazebo_dev:/home/terranova/uav_ws/install/dynamixel_sdk_examples:/home/terranova/uav_ws/install/dynamixel_sdk_custom_interfaces:/home/terranova/uav_ws/install/dynamixel_sdk:/home/terranova/uav_ws/install/cv_bridge:/home/terranova/uav_ws/install/absl:/home/terranova/uav_ws/install/turtlebot3_teleop:/home/terranova/uav_ws/install/turtlebot3_example:/home/terranova/uav_ws/install/opencv_tests:/home/terranova/uav_ws/install/joint_state_publisher_gui:/home/terranova/uav_ws/install/joint_state_publisher:/opt/ros/foxy LD_LIBRARY_PATH=/home/terranova/uav_ws/install/pcl_msgs/lib:/home/terranova/uav_ws/install/velodyne_gazebo_plugin/lib:/home/terranova/uav_ws/install/turtlebot3_msgs/lib:/home/terranova/uav_ws/install/realsense_gazebo_plugin/lib:/home/terranova/uav_ws/install/pcl_ros/lib:/home/terranova/uav_ws/install/image_geometry/lib:/home/terranova/uav_ws/install/gazebo_plugins/lib:/home/terranova/uav_ws/install/gazebo_ros/lib:/home/terranova/uav_ws/install/gazebo_msgs/lib:/home/terranova/uav_ws/install/dynamixel_sdk_custom_interfaces/lib:/home/terranova/uav_ws/install/dynamixel_sdk/lib:/home/terranova/uav_ws/install/cv_bridge/lib:/opt/ros/foxy/opt/yaml_cpp_vendor/lib:/opt/ros/foxy/opt/rviz_ogre_vendor/lib:/opt/ros/foxy/lib/x86_64-linux-gnu:/opt/ros/foxy/lib:/usr/lib/x86_64-linux-gnu/gazebo-11/plugins PYTHONPATH=/home/terranova/uav_ws/install/pcl_msgs/lib/python3.8/site-packages:/home/terranova/uav_ws/install/turtlebot3_teleop/lib/python3.8/site-packages:/home/terranova/uav_ws/install/turtlebot3_example/lib/python3.8/site-packages:/home/terranova/uav_ws/install/turtlebot3_msgs/lib/python3.8/site-packages:/home/terranova/uav_ws/install/opencv_tests/lib/python3.8/site-packages:/home/terranova/uav_ws/install/joint_state_publisher_gui/lib/python3.8/site-packages:/home/terranova/uav_ws/install/joint_state_publisher/lib/python3.8/site-packages:/home/terranova/uav_ws/install/image_geometry/lib/python3.8/site-packages:/home/terranova/uav_ws/install/gazebo_ros/lib/python3.8/site-packages:/home/terranova/uav_ws/install/gazebo_msgs/lib/python3.8/site-packages:/home/terranova/uav_ws/install/dynamixel_sdk_custom_interfaces/lib/python3.8/site-packages:/home/terranova/uav_ws/install/cv_bridge/lib/python3.8/site-packages:/opt/ros/foxy/lib/python3.8/site-packages:/home/terranova/.local/bin /home/terranova/.local/bin/cmake --install /home/terranova/uav_ws/build/pcl_ros
[10.985s] -- Install configuration: ""
[10.985s] -- Installing: /home/terranova/uav_ws/install/pcl_ros/include
[10.985s] -- Installing: /home/terranova/uav_ws/install/pcl_ros/include/pcl_ros
[10.988s] -- Installing: /home/terranova/uav_ws/install/pcl_ros/include/pcl_ros/surface
[10.988s] -- Installing: /home/terranova/uav_ws/install/pcl_ros/include/pcl_ros/surface/convex_hull.hpp
[10.991s] -- Installing: /home/terranova/uav_ws/install/pcl_ros/include/pcl_ros/surface/moving_least_squares.hpp
[10.991s] -- Installing: /home/terranova/uav_ws/install/pcl_ros/include/pcl_ros/impl
[10.991s] -- Installing: /home/terranova/uav_ws/install/pcl_ros/include/pcl_ros/impl/transforms.hpp
[10.992s] -- Installing: /home/terranova/uav_ws/install/pcl_ros/include/pcl_ros/segmentation
[10.992s] -- Installing: /home/terranova/uav_ws/install/pcl_ros/include/pcl_ros/segmentation/extract_polygonal_prism_data.hpp
[10.992s] -- Installing: /home/terranova/uav_ws/install/pcl_ros/include/pcl_ros/segmentation/segment_differences.hpp
[10.993s] -- Installing: /home/terranova/uav_ws/install/pcl_ros/include/pcl_ros/segmentation/sac_segmentation.hpp
[10.993s] -- Installing: /home/terranova/uav_ws/install/pcl_ros/include/pcl_ros/segmentation/extract_clusters.hpp
[10.994s] -- Installing: /home/terranova/uav_ws/install/pcl_ros/include/pcl_ros/point_cloud.hpp
[10.994s] -- Installing: /home/terranova/uav_ws/install/pcl_ros/include/pcl_ros/pcl_nodelet.hpp
[10.995s] -- Installing: /home/terranova/uav_ws/install/pcl_ros/include/pcl_ros/io
[10.995s] -- Installing: /home/terranova/uav_ws/install/pcl_ros/include/pcl_ros/io/bag_io.hpp
[10.995s] -- Installing: /home/terranova/uav_ws/install/pcl_ros/include/pcl_ros/io/concatenate_data.hpp
[10.996s] -- Installing: /home/terranova/uav_ws/install/pcl_ros/include/pcl_ros/io/concatenate_fields.hpp
[10.997s] -- Installing: /home/terranova/uav_ws/install/pcl_ros/include/pcl_ros/io/pcd_io.hpp
[10.998s] -- Installing: /home/terranova/uav_ws/install/pcl_ros/include/pcl_ros/filters
[10.998s] -- Installing: /home/terranova/uav_ws/install/pcl_ros/include/pcl_ros/filters/filter.hpp
[10.998s] -- Installing: /home/terranova/uav_ws/install/pcl_ros/include/pcl_ros/filters/statistical_outlier_removal.hpp
[10.999s] -- Installing: /home/terranova/uav_ws/install/pcl_ros/include/pcl_ros/filters/voxel_grid.hpp
[11.000s] -- Installing: /home/terranova/uav_ws/install/pcl_ros/include/pcl_ros/filters/radius_outlier_removal.hpp
[11.000s] -- Installing: /home/terranova/uav_ws/install/pcl_ros/include/pcl_ros/filters/project_inliers.hpp
[11.001s] -- Installing: /home/terranova/uav_ws/install/pcl_ros/include/pcl_ros/filters/crop_box.hpp
[11.002s] -- Installing: /home/terranova/uav_ws/install/pcl_ros/include/pcl_ros/filters/passthrough.hpp
[11.002s] -- Installing: /home/terranova/uav_ws/install/pcl_ros/include/pcl_ros/filters/extract_indices.hpp
[11.003s] -- Installing: /home/terranova/uav_ws/install/pcl_ros/include/pcl_ros/features
[11.003s] -- Installing: /home/terranova/uav_ws/install/pcl_ros/include/pcl_ros/features/principal_curvatures.hpp
[11.003s] -- Installing: /home/terranova/uav_ws/install/pcl_ros/include/pcl_ros/features/normal_3d_tbb.hpp
[11.004s] -- Installing: /home/terranova/uav_ws/install/pcl_ros/include/pcl_ros/features/vfh.hpp
[11.004s] -- Installing: /home/terranova/uav_ws/install/pcl_ros/include/pcl_ros/features/shot_omp.hpp
[11.004s] -- Installing: /home/terranova/uav_ws/install/pcl_ros/include/pcl_ros/features/boundary.hpp
[11.005s] -- Installing: /home/terranova/uav_ws/install/pcl_ros/include/pcl_ros/features/shot.hpp
[11.005s] -- Installing: /home/terranova/uav_ws/install/pcl_ros/include/pcl_ros/features/fpfh.hpp
[11.006s] -- Installing: /home/terranova/uav_ws/install/pcl_ros/include/pcl_ros/features/normal_3d_omp.hpp
[11.006s] -- Installing: /home/terranova/uav_ws/install/pcl_ros/include/pcl_ros/features/normal_3d.hpp
[11.007s] -- Installing: /home/terranova/uav_ws/install/pcl_ros/include/pcl_ros/features/pfh.hpp
[11.007s] -- Installing: /home/terranova/uav_ws/install/pcl_ros/include/pcl_ros/features/feature.hpp
[11.009s] -- Installing: /home/terranova/uav_ws/install/pcl_ros/include/pcl_ros/features/moment_invariants.hpp
[11.010s] -- Installing: /home/terranova/uav_ws/install/pcl_ros/include/pcl_ros/features/fpfh_omp.hpp
[11.010s] -- Installing: /home/terranova/uav_ws/install/pcl_ros/include/pcl_ros/transforms.hpp
[11.011s] -- Installing: /home/terranova/uav_ws/install/pcl_ros/include/pcl_ros/publisher.hpp
[11.011s] -- Installing: /home/terranova/uav_ws/install/pcl_ros/lib/libpcl_ros_tf.so
[11.015s] -- Set non-toolchain portion of runtime path of "/home/terranova/uav_ws/install/pcl_ros/lib/libpcl_ros_tf.so" to ""
[11.015s] -- Installing: /home/terranova/uav_ws/install/pcl_ros/share/pcl_ros/plugins
[11.016s] -- Installing: /home/terranova/uav_ws/install/pcl_ros/share/pcl_ros/plugins/nodelet
[11.016s] -- Installing: /home/terranova/uav_ws/install/pcl_ros/share/pcl_ros/plugins/nodelet/libpcl_ros_features.xml
[11.016s] -- Installing: /home/terranova/uav_ws/install/pcl_ros/share/pcl_ros/plugins/nodelet/libpcl_ros_segmentation.xml
[11.016s] -- Installing: /home/terranova/uav_ws/install/pcl_ros/share/pcl_ros/plugins/nodelet/libpcl_ros_surface.xml
[11.017s] -- Installing: /home/terranova/uav_ws/install/pcl_ros/share/pcl_ros/plugins/nodelet/libpcl_ros_io.xml
[11.017s] -- Installing: /home/terranova/uav_ws/install/pcl_ros/share/pcl_ros/plugins/nodelet/libpcl_ros_filters.xml
[11.017s] -- Installing: /home/terranova/uav_ws/install/pcl_ros/share/pcl_ros/samples
[11.018s] -- Installing: /home/terranova/uav_ws/install/pcl_ros/share/pcl_ros/samples/data
[11.018s] -- Installing: /home/terranova/uav_ws/install/pcl_ros/share/pcl_ros/samples/data/.gitignore
[11.018s] -- Installing: /home/terranova/uav_ws/install/pcl_ros/share/pcl_ros/samples/pcl_ros
[11.018s] -- Installing: /home/terranova/uav_ws/install/pcl_ros/share/pcl_ros/samples/pcl_ros/surface
[11.019s] -- Installing: /home/terranova/uav_ws/install/pcl_ros/share/pcl_ros/samples/pcl_ros/surface/sample_convex_hull.launch
[11.019s] -- Installing: /home/terranova/uav_ws/install/pcl_ros/share/pcl_ros/samples/pcl_ros/segmentation
[11.019s] -- Installing: /home/terranova/uav_ws/install/pcl_ros/share/pcl_ros/samples/pcl_ros/segmentation/sample_extract_clusters.launch
[11.020s] -- Installing: /home/terranova/uav_ws/install/pcl_ros/share/pcl_ros/samples/pcl_ros/io
[11.020s] -- Installing: /home/terranova/uav_ws/install/pcl_ros/share/pcl_ros/samples/pcl_ros/io/sample_concatenate_data.launch
[11.020s] -- Installing: /home/terranova/uav_ws/install/pcl_ros/share/pcl_ros/samples/pcl_ros/filters
[11.020s] -- Installing: /home/terranova/uav_ws/install/pcl_ros/share/pcl_ros/samples/pcl_ros/filters/sample_voxel_grid.launch
[11.021s] -- Installing: /home/terranova/uav_ws/install/pcl_ros/share/pcl_ros/samples/pcl_ros/filters/config
[11.021s] -- Installing: /home/terranova/uav_ws/install/pcl_ros/share/pcl_ros/samples/pcl_ros/filters/config/statistical_outlier_removal.rviz
[11.021s] -- Installing: /home/terranova/uav_ws/install/pcl_ros/share/pcl_ros/samples/pcl_ros/filters/config/voxel_grid.rviz
[11.022s] -- Installing: /home/terranova/uav_ws/install/pcl_ros/share/pcl_ros/samples/pcl_ros/filters/sample_statistical_outlier_removal.launch
[11.022s] -- Installing: /home/terranova/uav_ws/install/pcl_ros/share/pcl_ros/samples/pcl_ros/features
[11.022s] -- Installing: /home/terranova/uav_ws/install/pcl_ros/share/pcl_ros/samples/pcl_ros/features/sample_normal_3d.launch
[11.023s] -- Installing: /home/terranova/uav_ws/install/pcl_ros/share/pcl_ros/environment/library_path.sh
[11.023s] -- Installing: /home/terranova/uav_ws/install/pcl_ros/share/pcl_ros/environment/library_path.dsv
[11.024s] -- Installing: /home/terranova/uav_ws/install/pcl_ros/share/ament_index/resource_index/package_run_dependencies/pcl_ros
[11.024s] -- Installing: /home/terranova/uav_ws/install/pcl_ros/share/ament_index/resource_index/parent_prefix_path/pcl_ros
[11.024s] -- Installing: /home/terranova/uav_ws/install/pcl_ros/share/pcl_ros/environment/ament_prefix_path.sh
[11.025s] -- Installing: /home/terranova/uav_ws/install/pcl_ros/share/pcl_ros/environment/ament_prefix_path.dsv
[11.025s] -- Installing: /home/terranova/uav_ws/install/pcl_ros/share/pcl_ros/environment/path.sh
[11.025s] -- Installing: /home/terranova/uav_ws/install/pcl_ros/share/pcl_ros/environment/path.dsv
[11.026s] -- Installing: /home/terranova/uav_ws/install/pcl_ros/share/pcl_ros/local_setup.bash
[11.026s] -- Installing: /home/terranova/uav_ws/install/pcl_ros/share/pcl_ros/local_setup.sh
[11.026s] -- Installing: /home/terranova/uav_ws/install/pcl_ros/share/pcl_ros/local_setup.zsh
[11.027s] -- Installing: /home/terranova/uav_ws/install/pcl_ros/share/pcl_ros/local_setup.dsv
[11.027s] -- Installing: /home/terranova/uav_ws/install/pcl_ros/share/pcl_ros/package.dsv
[11.027s] -- Installing: /home/terranova/uav_ws/install/pcl_ros/share/ament_index/resource_index/packages/pcl_ros
[11.028s] -- Installing: /home/terranova/uav_ws/install/pcl_ros/share/pcl_ros/cmake/export_pcl_rosExport.cmake
[11.028s] -- Installing: /home/terranova/uav_ws/install/pcl_ros/share/pcl_ros/cmake/export_pcl_rosExport-noconfig.cmake
[11.028s] -- Installing: /home/terranova/uav_ws/install/pcl_ros/share/pcl_ros/cmake/ament_cmake_export_include_directories-extras.cmake
[11.029s] -- Installing: /home/terranova/uav_ws/install/pcl_ros/share/pcl_ros/cmake/ament_cmake_export_libraries-extras.cmake
[11.029s] -- Installing: /home/terranova/uav_ws/install/pcl_ros/share/pcl_ros/cmake/ament_cmake_export_dependencies-extras.cmake
[11.029s] -- Installing: /home/terranova/uav_ws/install/pcl_ros/share/pcl_ros/cmake/ament_cmake_export_targets-extras.cmake
[11.030s] -- Installing: /home/terranova/uav_ws/install/pcl_ros/share/pcl_ros/cmake/pcl_rosConfig.cmake
[11.030s] -- Installing: /home/terranova/uav_ws/install/pcl_ros/share/pcl_ros/cmake/pcl_rosConfig-version.cmake
[11.030s] -- Installing: /home/terranova/uav_ws/install/pcl_ros/share/pcl_ros/package.xml
[11.042s] Invoked command in '/home/terranova/uav_ws/build/pcl_ros' returned '0': CMAKE_PREFIX_PATH=/home/terranova/uav_ws/install/pcl_conversions:/home/terranova/uav_ws/install/pcl_msgs:/home/terranova/uav_ws/install/vision_opencv:/home/terranova/uav_ws/install/velodyne_gazebo_plugin:/home/terranova/uav_ws/install/uav_gazebo:/home/terranova/uav_ws/install/turtlebot3:/home/terranova/uav_ws/install/turtlebot3_simulations:/home/terranova/uav_ws/install/turtlebot3_bringup:/home/terranova/uav_ws/install/turtlebot3_node:/home/terranova/uav_ws/install/turtlebot3_navigation2:/home/terranova/uav_ws/install/turtlebot3_fake_node:/home/terranova/uav_ws/install/turtlebot3_msgs:/home/terranova/uav_ws/install/turtlebot3_gazebo:/home/terranova/uav_ws/install/turtlebot3_description:/home/terranova/uav_ws/install/turtlebot3_cartographer:/home/terranova/uav_ws/install/realsense_gazebo_plugin:/home/terranova/uav_ws/install/perception_pcl:/home/terranova/uav_ws/install/pcl_ros:/home/terranova/uav_ws/install/image_geometry:/home/terranova/uav_ws/install/hls_lfcd_lds_driver:/home/terranova/uav_ws/install/gazebo_ros_pkgs:/home/terranova/uav_ws/install/gazebo_plugins:/home/terranova/uav_ws/install/gazebo_ros:/home/terranova/uav_ws/install/gazebo_msgs:/home/terranova/uav_ws/install/gazebo_dev:/home/terranova/uav_ws/install/dynamixel_sdk_examples:/home/terranova/uav_ws/install/dynamixel_sdk_custom_interfaces:/home/terranova/uav_ws/install/dynamixel_sdk:/home/terranova/uav_ws/install/cv_bridge:/home/terranova/uav_ws/install/absl:/home/terranova/uav_ws/install/turtlebot3_teleop:/home/terranova/uav_ws/install/turtlebot3_example:/home/terranova/uav_ws/install/opencv_tests:/home/terranova/uav_ws/install/joint_state_publisher_gui:/home/terranova/uav_ws/install/joint_state_publisher:/opt/ros/foxy LD_LIBRARY_PATH=/home/terranova/uav_ws/install/pcl_msgs/lib:/home/terranova/uav_ws/install/velodyne_gazebo_plugin/lib:/home/terranova/uav_ws/install/turtlebot3_msgs/lib:/home/terranova/uav_ws/install/realsense_gazebo_plugin/lib:/home/terranova/uav_ws/install/pcl_ros/lib:/home/terranova/uav_ws/install/image_geometry/lib:/home/terranova/uav_ws/install/gazebo_plugins/lib:/home/terranova/uav_ws/install/gazebo_ros/lib:/home/terranova/uav_ws/install/gazebo_msgs/lib:/home/terranova/uav_ws/install/dynamixel_sdk_custom_interfaces/lib:/home/terranova/uav_ws/install/dynamixel_sdk/lib:/home/terranova/uav_ws/install/cv_bridge/lib:/opt/ros/foxy/opt/yaml_cpp_vendor/lib:/opt/ros/foxy/opt/rviz_ogre_vendor/lib:/opt/ros/foxy/lib/x86_64-linux-gnu:/opt/ros/foxy/lib:/usr/lib/x86_64-linux-gnu/gazebo-11/plugins PYTHONPATH=/home/terranova/uav_ws/install/pcl_msgs/lib/python3.8/site-packages:/home/terranova/uav_ws/install/turtlebot3_teleop/lib/python3.8/site-packages:/home/terranova/uav_ws/install/turtlebot3_example/lib/python3.8/site-packages:/home/terranova/uav_ws/install/turtlebot3_msgs/lib/python3.8/site-packages:/home/terranova/uav_ws/install/opencv_tests/lib/python3.8/site-packages:/home/terranova/uav_ws/install/joint_state_publisher_gui/lib/python3.8/site-packages:/home/terranova/uav_ws/install/joint_state_publisher/lib/python3.8/site-packages:/home/terranova/uav_ws/install/image_geometry/lib/python3.8/site-packages:/home/terranova/uav_ws/install/gazebo_ros/lib/python3.8/site-packages:/home/terranova/uav_ws/install/gazebo_msgs/lib/python3.8/site-packages:/home/terranova/uav_ws/install/dynamixel_sdk_custom_interfaces/lib/python3.8/site-packages:/home/terranova/uav_ws/install/cv_bridge/lib/python3.8/site-packages:/opt/ros/foxy/lib/python3.8/site-packages:/home/terranova/.local/bin /home/terranova/.local/bin/cmake --install /home/terranova/uav_ws/build/pcl_ros
