[0.044s] Invoking command in '/home/terranova/uav_ws/build/gazebo_plugins': CMAKE_PREFIX_PATH=/home/terranova/uav_ws/install/gazebo_ros:/home/terranova/uav_ws/install/gazebo_msgs:/home/terranova/uav_ws/install/gazebo_dev:/home/terranova/uav_ws/install/cv_bridge:/home/terranova/uav_ws/install/vision_opencv:/home/terranova/uav_ws/install/velodyne_gazebo_plugin:/home/terranova/uav_ws/install/uav_gazebo:/home/terranova/uav_ws/install/turtlebot3:/home/terranova/uav_ws/install/turtlebot3_simulations:/home/terranova/uav_ws/install/turtlebot3_bringup:/home/terranova/uav_ws/install/turtlebot3_node:/home/terranova/uav_ws/install/turtlebot3_navigation2:/home/terranova/uav_ws/install/turtlebot3_fake_node:/home/terranova/uav_ws/install/turtlebot3_msgs:/home/terranova/uav_ws/install/turtlebot3_gazebo:/home/terranova/uav_ws/install/turtlebot3_description:/home/terranova/uav_ws/install/turtlebot3_cartographer:/home/terranova/uav_ws/install/realsense_gazebo_plugin:/home/terranova/uav_ws/install/perception_pcl:/home/terranova/uav_ws/install/pcl_ros:/home/terranova/uav_ws/install/pcl_conversions:/home/terranova/uav_ws/install/pcl_msgs:/home/terranova/uav_ws/install/image_geometry:/home/terranova/uav_ws/install/hls_lfcd_lds_driver:/home/terranova/uav_ws/install/gazebo_ros_pkgs:/home/terranova/uav_ws/install/gazebo_plugins:/home/terranova/uav_ws/install/dynamixel_sdk_examples:/home/terranova/uav_ws/install/dynamixel_sdk_custom_interfaces:/home/terranova/uav_ws/install/dynamixel_sdk:/home/terranova/uav_ws/install/absl:/home/terranova/uav_ws/install/turtlebot3_teleop:/home/terranova/uav_ws/install/turtlebot3_example:/home/terranova/uav_ws/install/opencv_tests:/home/terranova/uav_ws/install/joint_state_publisher_gui:/home/terranova/uav_ws/install/joint_state_publisher:/opt/ros/foxy LD_LIBRARY_PATH=/home/terranova/uav_ws/install/gazebo_ros/lib:/home/terranova/uav_ws/install/gazebo_msgs/lib:/home/terranova/uav_ws/install/cv_bridge/lib:/home/terranova/uav_ws/install/velodyne_gazebo_plugin/lib:/home/terranova/uav_ws/install/turtlebot3_msgs/lib:/home/terranova/uav_ws/install/realsense_gazebo_plugin/lib:/home/terranova/uav_ws/install/pcl_ros/lib:/home/terranova/uav_ws/install/pcl_msgs/lib:/home/terranova/uav_ws/install/image_geometry/lib:/home/terranova/uav_ws/install/gazebo_plugins/lib:/home/terranova/uav_ws/install/dynamixel_sdk_custom_interfaces/lib:/home/terranova/uav_ws/install/dynamixel_sdk/lib:/opt/ros/foxy/opt/yaml_cpp_vendor/lib:/opt/ros/foxy/opt/rviz_ogre_vendor/lib:/opt/ros/foxy/lib/x86_64-linux-gnu:/opt/ros/foxy/lib:/usr/lib/x86_64-linux-gnu/gazebo-11/plugins PYTHONPATH=/home/terranova/uav_ws/install/gazebo_ros/lib/python3.8/site-packages:/home/terranova/uav_ws/install/gazebo_msgs/lib/python3.8/site-packages:/home/terranova/uav_ws/install/cv_bridge/lib/python3.8/site-packages:/home/terranova/uav_ws/install/turtlebot3_teleop/lib/python3.8/site-packages:/home/terranova/uav_ws/install/turtlebot3_example/lib/python3.8/site-packages:/home/terranova/uav_ws/install/turtlebot3_msgs/lib/python3.8/site-packages:/home/terranova/uav_ws/install/pcl_msgs/lib/python3.8/site-packages:/home/terranova/uav_ws/install/opencv_tests/lib/python3.8/site-packages:/home/terranova/uav_ws/install/joint_state_publisher_gui/lib/python3.8/site-packages:/home/terranova/uav_ws/install/joint_state_publisher/lib/python3.8/site-packages:/home/terranova/uav_ws/install/image_geometry/lib/python3.8/site-packages:/home/terranova/uav_ws/install/dynamixel_sdk_custom_interfaces/lib/python3.8/site-packages:/opt/ros/foxy/lib/python3.8/site-packages:/home/terranova/.local/bin /home/terranova/.local/bin/cmake /home/terranova/uav_ws/src/gazebo_ros_pkgs/gazebo_plugins -DCMAKE_INSTALL_PREFIX=/home/terranova/uav_ws/install/gazebo_plugins
[0.181s] -- The C compiler identification is GNU 9.4.0
[0.275s] -- The CXX compiler identification is GNU 9.4.0
[0.308s] -- Detecting C compiler ABI info
[0.400s] -- Detecting C compiler ABI info - done
[0.428s] -- Check for working C compiler: /usr/lib/ccache/cc - skipped
[0.429s] -- Detecting C compile features
[0.430s] -- Detecting C compile features - done
[0.454s] -- Detecting CXX compiler ABI info
[0.554s] -- Detecting CXX compiler ABI info - done
[0.575s] -- Check for working CXX compiler: /usr/lib/ccache/c++ - skipped
[0.575s] -- Detecting CXX compile features
[0.576s] -- Detecting CXX compile features - done
[0.583s] -- Found ament_cmake: 0.9.12 (/opt/ros/foxy/share/ament_cmake/cmake)
[0.596s] [33mCMake Warning (dev) at /opt/ros/foxy/share/ament_cmake_core/cmake/core/python.cmake:22 (find_package):
[0.596s]   Policy CMP0148 is not set: The FindPythonInterp and FindPythonLibs modules
[0.597s]   are removed.  Run "cmake --help-policy CMP0148" for policy details.  Use
[0.597s]   the cmake_policy command to set the policy and suppress this warning.
[0.597s] 
[0.597s] Call Stack (most recent call first):
[0.597s]   /opt/ros/foxy/share/ament_cmake_core/cmake/core/all.cmake:53 (include)
[0.598s]   /opt/ros/foxy/share/ament_cmake_core/cmake/ament_cmake_core-extras.cmake:17 (include)
[0.598s]   /opt/ros/foxy/share/ament_cmake_core/cmake/ament_cmake_coreConfig.cmake:41 (include)
[0.598s]   /opt/ros/foxy/share/ament_cmake/cmake/ament_cmake_export_dependencies-extras.cmake:15 (find_package)
[0.598s]   /opt/ros/foxy/share/ament_cmake/cmake/ament_cmakeConfig.cmake:41 (include)
[0.598s]   CMakeLists.txt:24 (find_package)
[0.598s] This warning is for project developers.  Use -Wno-dev to suppress it.
[0.599s] [0m
[0.646s] -- Found PythonInterp: /usr/bin/python3 (found suitable version "3.8.10", minimum required is "3") 
[0.646s] -- Using PYTHON_EXECUTABLE: /usr/bin/python3
[1.065s] -- Found camera_info_manager: 2.4.0 (/opt/ros/foxy/share/camera_info_manager/cmake)
[1.213s] -- Using all available rosidl_typesupport_c: rosidl_typesupport_fastrtps_c;rosidl_typesupport_introspection_c
[1.235s] -- Found rosidl_adapter: 1.3.1 (/opt/ros/foxy/share/rosidl_adapter/cmake)
[1.410s] -- Found OpenSSL: /usr/lib/x86_64-linux-gnu/libcrypto.so (found version "1.1.1f")  
[1.474s] -- Found FastRTPS: /opt/ros/foxy/include  
[1.641s] -- Using all available rosidl_typesupport_cpp: rosidl_typesupport_fastrtps_cpp;rosidl_typesupport_introspection_cpp
[1.770s] -- Found rmw_implementation_cmake: 1.0.4 (/opt/ros/foxy/share/rmw_implementation_cmake/cmake)
[1.774s] -- Using RMW implementation 'rmw_fastrtps_cpp' as default
[1.776s] -- Performing Test CMAKE_HAVE_LIBC_PTHREAD
[1.888s] -- Performing Test CMAKE_HAVE_LIBC_PTHREAD - Failed
[1.889s] -- Looking for pthread_create in pthreads
[1.973s] -- Looking for pthread_create in pthreads - not found
[1.973s] -- Looking for pthread_create in pthread
[2.074s] -- Looking for pthread_create in pthread - found
[2.076s] -- Found Threads: TRUE  
[2.659s] -- Setting yaml-cpp_DIR to: '/opt/ros/foxy/share/yaml_cpp_vendor/cmake/../../../opt/yaml_cpp_vendor/lib/cmake/yaml-cpp'
[2.787s] -- Found gazebo_dev: 3.5.3 (/home/terranova/uav_ws/install/gazebo_dev/share/gazebo_dev/cmake)
[2.801s] -- Found PkgConfig: /usr/bin/pkg-config (found version "0.29.1") 
[2.804s] -- Checking for module 'bullet>=2.82'
[2.835s] --   Found bullet, version 2.88
[3.078s] -- Found ccd: /usr/include (found suitable version "2.0", minimum required is "2.0") 
[3.193s] -- Found fcl: /usr/include (found suitable version "0.5.0", minimum required is "0.3.2") 
[3.309s] -- Found assimp: /usr/include (found version "5.0.0") 
[3.365s] -- Found DART: /usr/include (Required is at least version "6.6") found components: dart 
[3.431s] -- Found Boost: /usr/lib/x86_64-linux-gnu/cmake/Boost-1.71.0/BoostConfig.cmake (found suitable version "1.71.0", minimum required is "1.40.0") found components: thread system filesystem program_options regex iostreams date_time 
[3.475s] -- Found Protobuf: /usr/lib/x86_64-linux-gnu/libprotobuf.so;-lpthread (found version "3.6.1") 
[3.491s] -- Looking for ignition-math6 -- found version 6.15.1
[3.505s] -- Searching for dependencies of ignition-math6
[3.508s] -- Looking for OGRE...
[3.509s] -- OGRE_PREFIX_WATCH changed.
[3.516s] -- Checking for module 'OGRE'
[3.548s] --   Found OGRE, version 1.9.0
[3.624s] -- Found Ogre Ghadamon (1.9.0)
[3.657s] -- Found OGRE: optimized;/usr/lib/x86_64-linux-gnu/libOgreMain.so;debug;/usr/lib/x86_64-linux-gnu/libOgreMain.so
[3.676s] -- Looking for OGRE_Paging...
[3.706s] -- Found OGRE_Paging: optimized;/usr/lib/x86_64-linux-gnu/libOgrePaging.so;debug;/usr/lib/x86_64-linux-gnu/libOgrePaging.so
[3.706s] -- Looking for OGRE_Terrain...
[3.738s] -- Found OGRE_Terrain: optimized;/usr/lib/x86_64-linux-gnu/libOgreTerrain.so;debug;/usr/lib/x86_64-linux-gnu/libOgreTerrain.so
[3.738s] -- Looking for OGRE_Property...
[3.771s] -- Found OGRE_Property: optimized;/usr/lib/x86_64-linux-gnu/libOgreProperty.so;debug;/usr/lib/x86_64-linux-gnu/libOgreProperty.so
[3.771s] -- Looking for OGRE_RTShaderSystem...
[3.801s] -- Found OGRE_RTShaderSystem: optimized;/usr/lib/x86_64-linux-gnu/libOgreRTShaderSystem.so;debug;/usr/lib/x86_64-linux-gnu/libOgreRTShaderSystem.so
[3.801s] -- Looking for OGRE_Volume...
[3.828s] -- Found OGRE_Volume: optimized;/usr/lib/x86_64-linux-gnu/libOgreVolume.so;debug;/usr/lib/x86_64-linux-gnu/libOgreVolume.so
[3.828s] -- Looking for OGRE_Overlay...
[3.855s] -- Found OGRE_Overlay: optimized;/usr/lib/x86_64-linux-gnu/libOgreOverlay.so;debug;/usr/lib/x86_64-linux-gnu/libOgreOverlay.so
[4.552s] -- Looking for ignition-math6 -- found version 6.15.1
[4.559s] -- Looking for ignition-transport8 -- found version 8.5.0
[4.561s] -- Searching for dependencies of ignition-transport8
[4.620s] -- Config-file not installed for ZeroMQ -- checking for pkg-config
[4.628s] -- Checking for module 'libzmq >= 4'
[4.662s] --   Found libzmq, version 4.3.2
[4.744s] -- Found ZeroMQ: TRUE (Required is at least version "4") 
[4.755s] -- Checking for module 'uuid'
[4.789s] --   Found uuid, version 2.34.0
[4.866s] -- Found UUID: TRUE  
[4.873s] -- Looking for ignition-msgs5 -- found version 5.11.0
[4.874s] -- Searching for dependencies of ignition-msgs5
[4.908s] -- Found Protobuf: /usr/lib/x86_64-linux-gnu/libprotobuf.so;-lpthread (found suitable version "3.6.1", minimum required is "3") 
[4.910s] -- Looking for ignition-math6 -- found version 6.15.1
[4.919s] -- Checking for module 'tinyxml2'
[4.952s] --   Found tinyxml2, version 6.2.0
[5.035s] -- Looking for ignition-msgs5 -- found version 5.11.0
[5.046s] -- Looking for ignition-common3 -- found version 3.17.0
[5.046s] -- Searching for dependencies of ignition-common3
[5.048s] -- Looking for dlfcn.h - found
[5.052s] -- Looking for libdl - found
[5.056s] -- Found DL: TRUE  
[5.080s] -- Searching for <ignition-common3> component [graphics]
[5.090s] -- Looking for ignition-common3-graphics -- found version 3.17.0
[5.091s] -- Searching for dependencies of ignition-common3-graphics
[5.092s] -- Looking for ignition-math6 -- found version 6.15.1
[5.103s] -- Looking for ignition-fuel_tools4 -- found version 4.9.1
[5.104s] -- Searching for dependencies of ignition-fuel_tools4
[5.316s] -- Found CURL: /usr/lib/x86_64-linux-gnu/libcurl.so (found version "7.68.0")  
[5.339s] -- Checking for module 'jsoncpp'
[5.376s] --   Found jsoncpp, version 1.7.4
[5.458s] -- Found JSONCPP: TRUE  
[5.469s] -- Checking for module 'libzip'
[5.508s] --   Found libzip, version 1.5.1
[5.591s] -- Found ZIP: TRUE  
[5.592s] -- Looking for ignition-common3 -- found version 3.17.0
[5.593s] -- Looking for ignition-math6 -- found version 6.15.1
[5.594s] -- Looking for ignition-msgs5 -- found version 5.11.0
[5.596s] -- Gazebo version: 11.14
[5.597s] -- Found gazebo_msgs: 3.5.3 (/home/terranova/uav_ws/install/gazebo_msgs/share/gazebo_msgs/cmake)
[6.049s] -- Found gazebo_ros: 3.5.3 (/home/terranova/uav_ws/install/gazebo_ros/share/gazebo_ros/cmake)
[6.076s] -- Found image_transport: 2.4.0 (/opt/ros/foxy/share/image_transport/cmake)
[6.180s] -- Found cv_bridge: 3.0.7 (/home/terranova/uav_ws/install/cv_bridge/share/cv_bridge/cmake)
[6.233s] -- Found nav_msgs: 2.0.5 (/opt/ros/foxy/share/nav_msgs/cmake)
[6.373s] -- Found std_srvs: 2.0.5 (/opt/ros/foxy/share/std_srvs/cmake)
[6.396s] -- Found tf2: 0.13.14 (/opt/ros/foxy/share/tf2/cmake)
[6.419s] -- Found tf2_geometry_msgs: 0.13.14 (/opt/ros/foxy/share/tf2_geometry_msgs/cmake)
[6.442s] -- Found eigen3_cmake_module: 0.1.1 (/opt/ros/foxy/share/eigen3_cmake_module/cmake)
[6.445s] -- Found Eigen3: TRUE (found version "3.3.7") 
[8.624s] -- Found ament_cmake_gtest: 0.9.12 (/opt/ros/foxy/share/ament_cmake_gtest/cmake)
[8.643s] -- Found gtest sources under '/opt/ros/foxy/src/gtest_vendor': C++ tests using 'Google Test' will be built
[8.646s] [0mCMake Deprecation Warning at /opt/ros/foxy/src/gtest_vendor/CMakeLists.txt:2 (cmake_minimum_required):
[8.647s]   Compatibility with CMake < 3.5 will be removed from a future version of
[8.648s]   CMake.
[8.649s] 
[8.649s]   Update the VERSION argument <min> value or use a ...<max> suffix to tell
[8.650s]   CMake that the project does not need compatibility with older versions.
[8.650s] 
[8.651s] [0m
[8.651s] -- Check if compiler accepts -pthread
[8.772s] -- Check if compiler accepts -pthread - yes
[10.724s] -- Found ament_lint_auto: 0.9.8 (/opt/ros/foxy/share/ament_lint_auto/cmake)
[10.883s] -- Added test 'copyright' to check source files copyright and LICENSE
[10.893s] -- Added test 'cppcheck' to perform static code analysis on C / C++ code
[10.901s] -- Configured cppcheck include dirs: /home/terranova/uav_ws/src/gazebo_ros_pkgs/gazebo_plugins/include
[10.901s] -- Configured cppcheck exclude dirs and/or files: 
[10.908s] -- Added test 'cpplint' to check C / C++ code against the Google style
[10.908s] -- Configured cpplint exclude dirs and/or files: 
[10.912s] -- Added test 'lint_cmake' to check CMake code style
[10.919s] -- Added test 'uncrustify' to check C / C++ code style
[10.920s] -- Configured uncrustify additional arguments: 
[10.922s] -- Added test 'xmllint' to check XML markup files
[10.927s] -- Configuring done (10.8s)
[12.104s] -- Generating done (1.0s)
[12.112s] -- Build files have been written to: /home/terranova/uav_ws/build/gazebo_plugins
[12.153s] Invoked command in '/home/terranova/uav_ws/build/gazebo_plugins' returned '0': CMAKE_PREFIX_PATH=/home/terranova/uav_ws/install/gazebo_ros:/home/terranova/uav_ws/install/gazebo_msgs:/home/terranova/uav_ws/install/gazebo_dev:/home/terranova/uav_ws/install/cv_bridge:/home/terranova/uav_ws/install/vision_opencv:/home/terranova/uav_ws/install/velodyne_gazebo_plugin:/home/terranova/uav_ws/install/uav_gazebo:/home/terranova/uav_ws/install/turtlebot3:/home/terranova/uav_ws/install/turtlebot3_simulations:/home/terranova/uav_ws/install/turtlebot3_bringup:/home/terranova/uav_ws/install/turtlebot3_node:/home/terranova/uav_ws/install/turtlebot3_navigation2:/home/terranova/uav_ws/install/turtlebot3_fake_node:/home/terranova/uav_ws/install/turtlebot3_msgs:/home/terranova/uav_ws/install/turtlebot3_gazebo:/home/terranova/uav_ws/install/turtlebot3_description:/home/terranova/uav_ws/install/turtlebot3_cartographer:/home/terranova/uav_ws/install/realsense_gazebo_plugin:/home/terranova/uav_ws/install/perception_pcl:/home/terranova/uav_ws/install/pcl_ros:/home/terranova/uav_ws/install/pcl_conversions:/home/terranova/uav_ws/install/pcl_msgs:/home/terranova/uav_ws/install/image_geometry:/home/terranova/uav_ws/install/hls_lfcd_lds_driver:/home/terranova/uav_ws/install/gazebo_ros_pkgs:/home/terranova/uav_ws/install/gazebo_plugins:/home/terranova/uav_ws/install/dynamixel_sdk_examples:/home/terranova/uav_ws/install/dynamixel_sdk_custom_interfaces:/home/terranova/uav_ws/install/dynamixel_sdk:/home/terranova/uav_ws/install/absl:/home/terranova/uav_ws/install/turtlebot3_teleop:/home/terranova/uav_ws/install/turtlebot3_example:/home/terranova/uav_ws/install/opencv_tests:/home/terranova/uav_ws/install/joint_state_publisher_gui:/home/terranova/uav_ws/install/joint_state_publisher:/opt/ros/foxy LD_LIBRARY_PATH=/home/terranova/uav_ws/install/gazebo_ros/lib:/home/terranova/uav_ws/install/gazebo_msgs/lib:/home/terranova/uav_ws/install/cv_bridge/lib:/home/terranova/uav_ws/install/velodyne_gazebo_plugin/lib:/home/terranova/uav_ws/install/turtlebot3_msgs/lib:/home/terranova/uav_ws/install/realsense_gazebo_plugin/lib:/home/terranova/uav_ws/install/pcl_ros/lib:/home/terranova/uav_ws/install/pcl_msgs/lib:/home/terranova/uav_ws/install/image_geometry/lib:/home/terranova/uav_ws/install/gazebo_plugins/lib:/home/terranova/uav_ws/install/dynamixel_sdk_custom_interfaces/lib:/home/terranova/uav_ws/install/dynamixel_sdk/lib:/opt/ros/foxy/opt/yaml_cpp_vendor/lib:/opt/ros/foxy/opt/rviz_ogre_vendor/lib:/opt/ros/foxy/lib/x86_64-linux-gnu:/opt/ros/foxy/lib:/usr/lib/x86_64-linux-gnu/gazebo-11/plugins PYTHONPATH=/home/terranova/uav_ws/install/gazebo_ros/lib/python3.8/site-packages:/home/terranova/uav_ws/install/gazebo_msgs/lib/python3.8/site-packages:/home/terranova/uav_ws/install/cv_bridge/lib/python3.8/site-packages:/home/terranova/uav_ws/install/turtlebot3_teleop/lib/python3.8/site-packages:/home/terranova/uav_ws/install/turtlebot3_example/lib/python3.8/site-packages:/home/terranova/uav_ws/install/turtlebot3_msgs/lib/python3.8/site-packages:/home/terranova/uav_ws/install/pcl_msgs/lib/python3.8/site-packages:/home/terranova/uav_ws/install/opencv_tests/lib/python3.8/site-packages:/home/terranova/uav_ws/install/joint_state_publisher_gui/lib/python3.8/site-packages:/home/terranova/uav_ws/install/joint_state_publisher/lib/python3.8/site-packages:/home/terranova/uav_ws/install/image_geometry/lib/python3.8/site-packages:/home/terranova/uav_ws/install/dynamixel_sdk_custom_interfaces/lib/python3.8/site-packages:/opt/ros/foxy/lib/python3.8/site-packages:/home/terranova/.local/bin /home/terranova/.local/bin/cmake /home/terranova/uav_ws/src/gazebo_ros_pkgs/gazebo_plugins -DCMAKE_INSTALL_PREFIX=/home/terranova/uav_ws/install/gazebo_plugins
[12.158s] Invoking command in '/home/terranova/uav_ws/build/gazebo_plugins': CMAKE_PREFIX_PATH=/home/terranova/uav_ws/install/gazebo_ros:/home/terranova/uav_ws/install/gazebo_msgs:/home/terranova/uav_ws/install/gazebo_dev:/home/terranova/uav_ws/install/cv_bridge:/home/terranova/uav_ws/install/vision_opencv:/home/terranova/uav_ws/install/velodyne_gazebo_plugin:/home/terranova/uav_ws/install/uav_gazebo:/home/terranova/uav_ws/install/turtlebot3:/home/terranova/uav_ws/install/turtlebot3_simulations:/home/terranova/uav_ws/install/turtlebot3_bringup:/home/terranova/uav_ws/install/turtlebot3_node:/home/terranova/uav_ws/install/turtlebot3_navigation2:/home/terranova/uav_ws/install/turtlebot3_fake_node:/home/terranova/uav_ws/install/turtlebot3_msgs:/home/terranova/uav_ws/install/turtlebot3_gazebo:/home/terranova/uav_ws/install/turtlebot3_description:/home/terranova/uav_ws/install/turtlebot3_cartographer:/home/terranova/uav_ws/install/realsense_gazebo_plugin:/home/terranova/uav_ws/install/perception_pcl:/home/terranova/uav_ws/install/pcl_ros:/home/terranova/uav_ws/install/pcl_conversions:/home/terranova/uav_ws/install/pcl_msgs:/home/terranova/uav_ws/install/image_geometry:/home/terranova/uav_ws/install/hls_lfcd_lds_driver:/home/terranova/uav_ws/install/gazebo_ros_pkgs:/home/terranova/uav_ws/install/gazebo_plugins:/home/terranova/uav_ws/install/dynamixel_sdk_examples:/home/terranova/uav_ws/install/dynamixel_sdk_custom_interfaces:/home/terranova/uav_ws/install/dynamixel_sdk:/home/terranova/uav_ws/install/absl:/home/terranova/uav_ws/install/turtlebot3_teleop:/home/terranova/uav_ws/install/turtlebot3_example:/home/terranova/uav_ws/install/opencv_tests:/home/terranova/uav_ws/install/joint_state_publisher_gui:/home/terranova/uav_ws/install/joint_state_publisher:/opt/ros/foxy LD_LIBRARY_PATH=/home/terranova/uav_ws/install/gazebo_ros/lib:/home/terranova/uav_ws/install/gazebo_msgs/lib:/home/terranova/uav_ws/install/cv_bridge/lib:/home/terranova/uav_ws/install/velodyne_gazebo_plugin/lib:/home/terranova/uav_ws/install/turtlebot3_msgs/lib:/home/terranova/uav_ws/install/realsense_gazebo_plugin/lib:/home/terranova/uav_ws/install/pcl_ros/lib:/home/terranova/uav_ws/install/pcl_msgs/lib:/home/terranova/uav_ws/install/image_geometry/lib:/home/terranova/uav_ws/install/gazebo_plugins/lib:/home/terranova/uav_ws/install/dynamixel_sdk_custom_interfaces/lib:/home/terranova/uav_ws/install/dynamixel_sdk/lib:/opt/ros/foxy/opt/yaml_cpp_vendor/lib:/opt/ros/foxy/opt/rviz_ogre_vendor/lib:/opt/ros/foxy/lib/x86_64-linux-gnu:/opt/ros/foxy/lib:/usr/lib/x86_64-linux-gnu/gazebo-11/plugins PYTHONPATH=/home/terranova/uav_ws/install/gazebo_ros/lib/python3.8/site-packages:/home/terranova/uav_ws/install/gazebo_msgs/lib/python3.8/site-packages:/home/terranova/uav_ws/install/cv_bridge/lib/python3.8/site-packages:/home/terranova/uav_ws/install/turtlebot3_teleop/lib/python3.8/site-packages:/home/terranova/uav_ws/install/turtlebot3_example/lib/python3.8/site-packages:/home/terranova/uav_ws/install/turtlebot3_msgs/lib/python3.8/site-packages:/home/terranova/uav_ws/install/pcl_msgs/lib/python3.8/site-packages:/home/terranova/uav_ws/install/opencv_tests/lib/python3.8/site-packages:/home/terranova/uav_ws/install/joint_state_publisher_gui/lib/python3.8/site-packages:/home/terranova/uav_ws/install/joint_state_publisher/lib/python3.8/site-packages:/home/terranova/uav_ws/install/image_geometry/lib/python3.8/site-packages:/home/terranova/uav_ws/install/dynamixel_sdk_custom_interfaces/lib/python3.8/site-packages:/opt/ros/foxy/lib/python3.8/site-packages:/home/terranova/.local/bin /home/terranova/.local/bin/cmake --build /home/terranova/uav_ws/build/gazebo_plugins -- -j4 -l4
[12.248s] [  4%] [32mBuilding CXX object CMakeFiles/gazebo_ros_force.dir/src/gazebo_ros_force.cpp.o[0m
[12.248s] [  4%] [32mBuilding CXX object CMakeFiles/gazebo_ros_joint_state_publisher.dir/src/gazebo_ros_joint_state_publisher.cpp.o[0m
[12.248s] [  4%] [32mBuilding CXX object CMakeFiles/gazebo_ros_diff_drive.dir/src/gazebo_ros_diff_drive.cpp.o[0m
[12.248s] [  4%] [32mBuilding CXX object CMakeFiles/gazebo_ros_template.dir/src/gazebo_ros_template.cpp.o[0m
[12.402s] [  5%] [32m[1mLinking CXX shared library libgazebo_ros_template.so[0m
[12.445s] [  7%] [32m[1mLinking CXX shared library libgazebo_ros_joint_state_publisher.so[0m
[12.492s] [  8%] [32m[1mLinking CXX shared library libgazebo_ros_force.so[0m
[12.498s] [  9%] [32m[1mLinking CXX shared library libgazebo_ros_diff_drive.so[0m
[13.622s] [  9%] Built target gazebo_ros_template
[13.647s] [ 10%] [32mBuilding CXX object CMakeFiles/multi_camera_plugin.dir/src/multi_camera_plugin.cpp.o[0m
[13.799s] [ 11%] [32m[1mLinking CXX shared library libmulti_camera_plugin.so[0m
[14.086s] [ 11%] Built target gazebo_ros_joint_state_publisher
[14.113s] [ 13%] [32mBuilding CXX object CMakeFiles/gazebo_ros_imu_sensor.dir/src/gazebo_ros_imu_sensor.cpp.o[0m
[14.254s] [ 14%] [32m[1mLinking CXX shared library libgazebo_ros_imu_sensor.so[0m
[14.411s] [ 14%] Built target gazebo_ros_force
[14.437s] [ 15%] [32mBuilding CXX object CMakeFiles/gazebo_ros_gps_sensor.dir/src/gazebo_ros_gps_sensor.cpp.o[0m
[14.568s] [ 15%] Built target multi_camera_plugin
[14.599s] [ 16%] [32mBuilding CXX object CMakeFiles/gazebo_ros_ray_sensor.dir/src/gazebo_ros_ray_sensor.cpp.o[0m
[14.607s] [ 17%] [32m[1mLinking CXX shared library libgazebo_ros_gps_sensor.so[0m
[14.788s] [ 19%] [32m[1mLinking CXX shared library libgazebo_ros_ray_sensor.so[0m
[14.927s] [ 19%] Built target gazebo_ros_diff_drive
[14.951s] [ 20%] [32mBuilding CXX object CMakeFiles/gazebo_ros_p3d.dir/src/gazebo_ros_p3d.cpp.o[0m
[15.362s] [ 20%] Built target gazebo_ros_imu_sensor
[15.380s] [ 21%] [32mBuilding CXX object CMakeFiles/gazebo_ros_tricycle_drive.dir/src/gazebo_ros_tricycle_drive.cpp.o[0m
[15.842s] [ 21%] Built target gazebo_ros_gps_sensor
[15.863s] [ 22%] [32mBuilding CXX object CMakeFiles/gazebo_ros_video.dir/src/gazebo_ros_video.cpp.o[0m
[15.932s] [ 23%] [32m[1mLinking CXX shared library libgazebo_ros_p3d.so[0m
[16.020s] [ 25%] [32m[1mLinking CXX shared library libgazebo_ros_tricycle_drive.so[0m
[16.287s] [ 26%] [32m[1mLinking CXX shared library libgazebo_ros_video.so[0m
[16.800s] [ 26%] Built target gazebo_ros_ray_sensor
[16.829s] [ 27%] [32mBuilding CXX object CMakeFiles/gazebo_ros_ft_sensor.dir/src/gazebo_ros_ft_sensor.cpp.o[0m
[17.431s] [ 27%] Built target gazebo_ros_p3d
[17.448s] [ 28%] [32mBuilding CXX object CMakeFiles/gazebo_ros_bumper.dir/src/gazebo_ros_bumper.cpp.o[0m
[17.766s] [ 29%] [32m[1mLinking CXX shared library libgazebo_ros_bumper.so[0m
[17.766s] [ 30%] [32m[1mLinking CXX shared library libgazebo_ros_ft_sensor.so[0m
[18.169s] [ 30%] Built target gazebo_ros_tricycle_drive
[18.196s] [ 32%] [32mBuilding CXX object CMakeFiles/gazebo_ros_harness.dir/src/gazebo_ros_harness.cpp.o[0m
[18.364s] [ 33%] [32m[1mLinking CXX shared library libgazebo_ros_harness.so[0m
[19.381s] [ 33%] Built target gazebo_ros_ft_sensor
[19.404s] [ 34%] [32mBuilding CXX object CMakeFiles/gazebo_ros_hand_of_god.dir/src/gazebo_ros_hand_of_god.cpp.o[0m
[19.541s] [ 35%] [32m[1mLinking CXX shared library libgazebo_ros_hand_of_god.so[0m
[19.684s] [ 35%] Built target gazebo_ros_bumper
[19.716s] [ 36%] [32mBuilding CXX object CMakeFiles/gazebo_ros_ackermann_drive.dir/src/gazebo_ros_ackermann_drive.cpp.o[0m
[19.857s] [ 36%] Built target gazebo_ros_video
[19.875s] [ 38%] [32mBuilding CXX object CMakeFiles/gazebo_ros_elevator.dir/src/gazebo_ros_elevator.cpp.o[0m
[19.902s] [ 39%] [32m[1mLinking CXX shared library libgazebo_ros_ackermann_drive.so[0m
[20.022s] [ 40%] [32m[1mLinking CXX shared library libgazebo_ros_elevator.so[0m
[20.353s] [ 40%] Built target gazebo_ros_harness
[20.379s] [ 41%] [32mBuilding CXX object CMakeFiles/gazebo_ros_vacuum_gripper.dir/src/gazebo_ros_vacuum_gripper.cpp.o[0m
[20.531s] [ 42%] [32m[1mLinking CXX shared library libgazebo_ros_vacuum_gripper.so[0m
[21.365s] [ 42%] Built target gazebo_ros_hand_of_god
[21.392s] [ 44%] [32mBuilding CXX object CMakeFiles/gazebo_ros_joint_pose_trajectory.dir/src/gazebo_ros_joint_pose_trajectory.cpp.o[0m
[21.750s] [ 44%] Built target gazebo_ros_elevator
[21.766s] [ 45%] [32mBuilding CXX object CMakeFiles/gazebo_ros_planar_move.dir/src/gazebo_ros_planar_move.cpp.o[0m
[21.809s] [ 46%] [32m[1mLinking CXX shared library libgazebo_ros_joint_pose_trajectory.so[0m
[21.967s] [ 47%] [32m[1mLinking CXX shared library libgazebo_ros_planar_move.so[0m
[22.090s] [ 47%] Built target gazebo_ros_vacuum_gripper
[22.114s] [ 48%] [32mBuilding CXX object CMakeFiles/gazebo_ros_projector.dir/src/gazebo_ros_projector.cpp.o[0m
[22.243s] [ 48%] Built target gazebo_ros_ackermann_drive
[22.268s] [ 50%] [32mBuilding CXX object CMakeFiles/gazebo_ros_wheel_slip.dir/src/gazebo_ros_wheel_slip.cpp.o[0m
[22.315s] [ 51%] [32m[1mLinking CXX shared library libgazebo_ros_projector.so[0m
[22.436s] [ 52%] [32m[1mLinking CXX shared library libgazebo_ros_wheel_slip.so[0m
[23.680s] [ 52%] Built target gazebo_ros_wheel_slip
[23.703s] [ 53%] [32mBuilding CXX object gtest/CMakeFiles/gtest_main.dir/src/gtest_main.cc.o[0m
[23.734s] [ 54%] [32m[1mLinking CXX static library libgtest_main.a[0m
[23.769s] [ 54%] Built target gazebo_ros_joint_pose_trajectory
[23.769s] [ 54%] Built target gtest_main
[23.790s] [ 55%] [32mBuilding CXX object gtest/CMakeFiles/gtest.dir/src/gtest-all.cc.o[0m
[23.791s] [ 57%] [32mBuilding CXX object CMakeFiles/gazebo_ros_camera.dir/src/gazebo_ros_camera.cpp.o[0m
[23.824s] [ 58%] [32m[1mLinking CXX static library libgtest.a[0m
[23.912s] [ 58%] Built target gtest
[23.937s] [ 59%] [32mBuilding CXX object test/CMakeFiles/test_gazebo_ros_ackermann_drive.dir/test_gazebo_ros_ackermann_drive.cpp.o[0m
[24.020s] [ 60%] [32m[1mLinking CXX shared library libgazebo_ros_camera.so[0m
[24.142s] [ 61%] [32m[1mLinking CXX executable test_gazebo_ros_ackermann_drive[0m
[24.235s] [ 61%] Built target gazebo_ros_planar_move
[24.264s] [ 63%] [32mBuilding CXX object test/CMakeFiles/test_gazebo_ros_bumper.dir/test_gazebo_ros_bumper.cpp.o[0m
[24.444s] [ 63%] Built target gazebo_ros_projector
[24.469s] [ 64%] [32mBuilding CXX object test/CMakeFiles/test_gazebo_ros_diff_drive.dir/test_gazebo_ros_diff_drive.cpp.o[0m
[24.481s] [ 65%] [32m[1mLinking CXX executable test_gazebo_ros_bumper[0m
[24.683s] [ 66%] [32m[1mLinking CXX executable test_gazebo_ros_diff_drive[0m
[27.022s] [ 66%] Built target gazebo_ros_camera
[27.050s] [ 67%] [32mBuilding CXX object test/CMakeFiles/test_gazebo_ros_elevator.dir/test_gazebo_ros_elevator.cpp.o[0m
[27.279s] [ 69%] [32m[1mLinking CXX executable test_gazebo_ros_elevator[0m
[29.875s] [ 69%] Built target test_gazebo_ros_ackermann_drive
[29.901s] [ 70%] [32mBuilding CXX object test/CMakeFiles/test_gazebo_ros_force.dir/test_gazebo_ros_force.cpp.o[0m
[30.074s] [ 71%] [32m[1mLinking CXX executable test_gazebo_ros_force[0m
[30.209s] [ 71%] Built target test_gazebo_ros_bumper
[30.235s] [ 72%] [32mBuilding CXX object test/CMakeFiles/test_gazebo_ros_ft_sensor.dir/test_gazebo_ros_ft_sensor.cpp.o[0m
[30.430s] [ 72%] Built target test_gazebo_ros_diff_drive
[30.436s] [ 73%] [32m[1mLinking CXX executable test_gazebo_ros_ft_sensor[0m
[30.456s] [ 75%] [32mBuilding CXX object test/CMakeFiles/test_gazebo_ros_hand_of_god.dir/test_gazebo_ros_hand_of_god.cpp.o[0m
[30.642s] [ 76%] [32m[1mLinking CXX executable test_gazebo_ros_hand_of_god[0m
[32.470s] [ 76%] Built target test_gazebo_ros_elevator
[32.506s] [ 77%] [32mBuilding CXX object test/CMakeFiles/test_gazebo_ros_harness.dir/test_gazebo_ros_harness.cpp.o[0m
[32.712s] [ 78%] [32m[1mLinking CXX executable test_gazebo_ros_harness[0m
[35.287s] [ 78%] Built target test_gazebo_ros_force
[35.315s] [ 79%] [32mBuilding CXX object test/CMakeFiles/test_gazebo_ros_imu_sensor.dir/test_gazebo_ros_imu_sensor.cpp.o[0m
[35.518s] [ 80%] [32m[1mLinking CXX executable test_gazebo_ros_imu_sensor[0m
[35.749s] [ 80%] Built target test_gazebo_ros_ft_sensor
[35.775s] [ 82%] [32mBuilding CXX object test/CMakeFiles/test_gazebo_ros_gps_sensor.dir/test_gazebo_ros_gps_sensor.cpp.o[0m
[36.002s] [ 83%] [32m[1mLinking CXX executable test_gazebo_ros_gps_sensor[0m
[36.009s] [ 83%] Built target test_gazebo_ros_hand_of_god
[36.041s] [ 84%] [32mBuilding CXX object test/CMakeFiles/test_gazebo_ros_joint_pose_trajectory.dir/test_gazebo_ros_joint_pose_trajectory.cpp.o[0m
[36.235s] [ 85%] [32m[1mLinking CXX executable test_gazebo_ros_joint_pose_trajectory[0m
[37.788s] [ 85%] Built target test_gazebo_ros_harness
[37.817s] [ 86%] [32mBuilding CXX object test/CMakeFiles/test_gazebo_ros_joint_state_publisher.dir/test_gazebo_ros_joint_state_publisher.cpp.o[0m
[38.032s] [ 88%] [32m[1mLinking CXX executable test_gazebo_ros_joint_state_publisher[0m
[41.134s] [ 88%] Built target test_gazebo_ros_imu_sensor
[41.158s] [ 89%] [32mBuilding CXX object test/CMakeFiles/test_gazebo_ros_p3d.dir/test_gazebo_ros_p3d.cpp.o[0m
[41.363s] [ 90%] [32m[1mLinking CXX executable test_gazebo_ros_p3d[0m
[41.640s] [ 90%] Built target test_gazebo_ros_joint_pose_trajectory
[41.667s] [ 91%] [32mBuilding CXX object test/CMakeFiles/test_gazebo_ros_planar_move.dir/test_gazebo_ros_planar_move.cpp.o[0m
[41.877s] [ 91%] Built target test_gazebo_ros_gps_sensor
[41.892s] [ 92%] [32m[1mLinking CXX executable test_gazebo_ros_planar_move[0m
[41.903s] [ 94%] [32mBuilding CXX object test/CMakeFiles/test_gazebo_ros_ray_sensor.dir/test_gazebo_ros_ray_sensor.cpp.o[0m
[42.143s] [ 95%] [32m[1mLinking CXX executable test_gazebo_ros_ray_sensor[0m
[43.645s] [ 95%] Built target test_gazebo_ros_joint_state_publisher
[43.677s] [ 96%] [32mBuilding CXX object test/CMakeFiles/test_gazebo_ros_tricycle_drive.dir/test_gazebo_ros_tricycle_drive.cpp.o[0m
[43.907s] [ 97%] [32m[1mLinking CXX executable test_gazebo_ros_tricycle_drive[0m
[47.043s] [ 97%] Built target test_gazebo_ros_p3d
[47.069s] [ 98%] [32mBuilding CXX object test/CMakeFiles/test_gazebo_ros_vacuum_gripper.dir/test_gazebo_ros_vacuum_gripper.cpp.o[0m
[47.257s] [100%] [32m[1mLinking CXX executable test_gazebo_ros_vacuum_gripper[0m
[47.350s] [100%] Built target test_gazebo_ros_planar_move
[48.665s] [100%] Built target test_gazebo_ros_ray_sensor
[48.988s] [100%] Built target test_gazebo_ros_tricycle_drive
[50.415s] [100%] Built target test_gazebo_ros_vacuum_gripper
[50.431s] Invoked command in '/home/terranova/uav_ws/build/gazebo_plugins' returned '0': CMAKE_PREFIX_PATH=/home/terranova/uav_ws/install/gazebo_ros:/home/terranova/uav_ws/install/gazebo_msgs:/home/terranova/uav_ws/install/gazebo_dev:/home/terranova/uav_ws/install/cv_bridge:/home/terranova/uav_ws/install/vision_opencv:/home/terranova/uav_ws/install/velodyne_gazebo_plugin:/home/terranova/uav_ws/install/uav_gazebo:/home/terranova/uav_ws/install/turtlebot3:/home/terranova/uav_ws/install/turtlebot3_simulations:/home/terranova/uav_ws/install/turtlebot3_bringup:/home/terranova/uav_ws/install/turtlebot3_node:/home/terranova/uav_ws/install/turtlebot3_navigation2:/home/terranova/uav_ws/install/turtlebot3_fake_node:/home/terranova/uav_ws/install/turtlebot3_msgs:/home/terranova/uav_ws/install/turtlebot3_gazebo:/home/terranova/uav_ws/install/turtlebot3_description:/home/terranova/uav_ws/install/turtlebot3_cartographer:/home/terranova/uav_ws/install/realsense_gazebo_plugin:/home/terranova/uav_ws/install/perception_pcl:/home/terranova/uav_ws/install/pcl_ros:/home/terranova/uav_ws/install/pcl_conversions:/home/terranova/uav_ws/install/pcl_msgs:/home/terranova/uav_ws/install/image_geometry:/home/terranova/uav_ws/install/hls_lfcd_lds_driver:/home/terranova/uav_ws/install/gazebo_ros_pkgs:/home/terranova/uav_ws/install/gazebo_plugins:/home/terranova/uav_ws/install/dynamixel_sdk_examples:/home/terranova/uav_ws/install/dynamixel_sdk_custom_interfaces:/home/terranova/uav_ws/install/dynamixel_sdk:/home/terranova/uav_ws/install/absl:/home/terranova/uav_ws/install/turtlebot3_teleop:/home/terranova/uav_ws/install/turtlebot3_example:/home/terranova/uav_ws/install/opencv_tests:/home/terranova/uav_ws/install/joint_state_publisher_gui:/home/terranova/uav_ws/install/joint_state_publisher:/opt/ros/foxy LD_LIBRARY_PATH=/home/terranova/uav_ws/install/gazebo_ros/lib:/home/terranova/uav_ws/install/gazebo_msgs/lib:/home/terranova/uav_ws/install/cv_bridge/lib:/home/terranova/uav_ws/install/velodyne_gazebo_plugin/lib:/home/terranova/uav_ws/install/turtlebot3_msgs/lib:/home/terranova/uav_ws/install/realsense_gazebo_plugin/lib:/home/terranova/uav_ws/install/pcl_ros/lib:/home/terranova/uav_ws/install/pcl_msgs/lib:/home/terranova/uav_ws/install/image_geometry/lib:/home/terranova/uav_ws/install/gazebo_plugins/lib:/home/terranova/uav_ws/install/dynamixel_sdk_custom_interfaces/lib:/home/terranova/uav_ws/install/dynamixel_sdk/lib:/opt/ros/foxy/opt/yaml_cpp_vendor/lib:/opt/ros/foxy/opt/rviz_ogre_vendor/lib:/opt/ros/foxy/lib/x86_64-linux-gnu:/opt/ros/foxy/lib:/usr/lib/x86_64-linux-gnu/gazebo-11/plugins PYTHONPATH=/home/terranova/uav_ws/install/gazebo_ros/lib/python3.8/site-packages:/home/terranova/uav_ws/install/gazebo_msgs/lib/python3.8/site-packages:/home/terranova/uav_ws/install/cv_bridge/lib/python3.8/site-packages:/home/terranova/uav_ws/install/turtlebot3_teleop/lib/python3.8/site-packages:/home/terranova/uav_ws/install/turtlebot3_example/lib/python3.8/site-packages:/home/terranova/uav_ws/install/turtlebot3_msgs/lib/python3.8/site-packages:/home/terranova/uav_ws/install/pcl_msgs/lib/python3.8/site-packages:/home/terranova/uav_ws/install/opencv_tests/lib/python3.8/site-packages:/home/terranova/uav_ws/install/joint_state_publisher_gui/lib/python3.8/site-packages:/home/terranova/uav_ws/install/joint_state_publisher/lib/python3.8/site-packages:/home/terranova/uav_ws/install/image_geometry/lib/python3.8/site-packages:/home/terranova/uav_ws/install/dynamixel_sdk_custom_interfaces/lib/python3.8/site-packages:/opt/ros/foxy/lib/python3.8/site-packages:/home/terranova/.local/bin /home/terranova/.local/bin/cmake --build /home/terranova/uav_ws/build/gazebo_plugins -- -j4 -l4
[50.627s] Invoking command in '/home/terranova/uav_ws/build/gazebo_plugins': CMAKE_PREFIX_PATH=/home/terranova/uav_ws/install/gazebo_ros:/home/terranova/uav_ws/install/gazebo_msgs:/home/terranova/uav_ws/install/gazebo_dev:/home/terranova/uav_ws/install/cv_bridge:/home/terranova/uav_ws/install/vision_opencv:/home/terranova/uav_ws/install/velodyne_gazebo_plugin:/home/terranova/uav_ws/install/uav_gazebo:/home/terranova/uav_ws/install/turtlebot3:/home/terranova/uav_ws/install/turtlebot3_simulations:/home/terranova/uav_ws/install/turtlebot3_bringup:/home/terranova/uav_ws/install/turtlebot3_node:/home/terranova/uav_ws/install/turtlebot3_navigation2:/home/terranova/uav_ws/install/turtlebot3_fake_node:/home/terranova/uav_ws/install/turtlebot3_msgs:/home/terranova/uav_ws/install/turtlebot3_gazebo:/home/terranova/uav_ws/install/turtlebot3_description:/home/terranova/uav_ws/install/turtlebot3_cartographer:/home/terranova/uav_ws/install/realsense_gazebo_plugin:/home/terranova/uav_ws/install/perception_pcl:/home/terranova/uav_ws/install/pcl_ros:/home/terranova/uav_ws/install/pcl_conversions:/home/terranova/uav_ws/install/pcl_msgs:/home/terranova/uav_ws/install/image_geometry:/home/terranova/uav_ws/install/hls_lfcd_lds_driver:/home/terranova/uav_ws/install/gazebo_ros_pkgs:/home/terranova/uav_ws/install/gazebo_plugins:/home/terranova/uav_ws/install/dynamixel_sdk_examples:/home/terranova/uav_ws/install/dynamixel_sdk_custom_interfaces:/home/terranova/uav_ws/install/dynamixel_sdk:/home/terranova/uav_ws/install/absl:/home/terranova/uav_ws/install/turtlebot3_teleop:/home/terranova/uav_ws/install/turtlebot3_example:/home/terranova/uav_ws/install/opencv_tests:/home/terranova/uav_ws/install/joint_state_publisher_gui:/home/terranova/uav_ws/install/joint_state_publisher:/opt/ros/foxy LD_LIBRARY_PATH=/home/terranova/uav_ws/install/gazebo_ros/lib:/home/terranova/uav_ws/install/gazebo_msgs/lib:/home/terranova/uav_ws/install/cv_bridge/lib:/home/terranova/uav_ws/install/velodyne_gazebo_plugin/lib:/home/terranova/uav_ws/install/turtlebot3_msgs/lib:/home/terranova/uav_ws/install/realsense_gazebo_plugin/lib:/home/terranova/uav_ws/install/pcl_ros/lib:/home/terranova/uav_ws/install/pcl_msgs/lib:/home/terranova/uav_ws/install/image_geometry/lib:/home/terranova/uav_ws/install/gazebo_plugins/lib:/home/terranova/uav_ws/install/dynamixel_sdk_custom_interfaces/lib:/home/terranova/uav_ws/install/dynamixel_sdk/lib:/opt/ros/foxy/opt/yaml_cpp_vendor/lib:/opt/ros/foxy/opt/rviz_ogre_vendor/lib:/opt/ros/foxy/lib/x86_64-linux-gnu:/opt/ros/foxy/lib:/usr/lib/x86_64-linux-gnu/gazebo-11/plugins PYTHONPATH=/home/terranova/uav_ws/install/gazebo_ros/lib/python3.8/site-packages:/home/terranova/uav_ws/install/gazebo_msgs/lib/python3.8/site-packages:/home/terranova/uav_ws/install/cv_bridge/lib/python3.8/site-packages:/home/terranova/uav_ws/install/turtlebot3_teleop/lib/python3.8/site-packages:/home/terranova/uav_ws/install/turtlebot3_example/lib/python3.8/site-packages:/home/terranova/uav_ws/install/turtlebot3_msgs/lib/python3.8/site-packages:/home/terranova/uav_ws/install/pcl_msgs/lib/python3.8/site-packages:/home/terranova/uav_ws/install/opencv_tests/lib/python3.8/site-packages:/home/terranova/uav_ws/install/joint_state_publisher_gui/lib/python3.8/site-packages:/home/terranova/uav_ws/install/joint_state_publisher/lib/python3.8/site-packages:/home/terranova/uav_ws/install/image_geometry/lib/python3.8/site-packages:/home/terranova/uav_ws/install/dynamixel_sdk_custom_interfaces/lib/python3.8/site-packages:/opt/ros/foxy/lib/python3.8/site-packages:/home/terranova/.local/bin /home/terranova/.local/bin/cmake --install /home/terranova/uav_ws/build/gazebo_plugins
[50.672s] -- Install configuration: ""
[50.672s] -- Installing: /home/terranova/uav_ws/install/gazebo_plugins/share/gazebo_plugins/environment/library_path.sh
[50.672s] -- Installing: /home/terranova/uav_ws/install/gazebo_plugins/share/gazebo_plugins/environment/library_path.dsv
[50.673s] -- Installing: /home/terranova/uav_ws/install/gazebo_plugins/share/gazebo_plugins/environment/gazebo_plugins.sh
[50.673s] -- Installing: /home/terranova/uav_ws/install/gazebo_plugins/share/gazebo_plugins/environment/gazebo_plugins.dsv
[50.673s] -- Installing: /home/terranova/uav_ws/install/gazebo_plugins/share/ament_index/resource_index/package_run_dependencies/gazebo_plugins
[50.673s] -- Installing: /home/terranova/uav_ws/install/gazebo_plugins/share/ament_index/resource_index/parent_prefix_path/gazebo_plugins
[50.674s] -- Installing: /home/terranova/uav_ws/install/gazebo_plugins/share/gazebo_plugins/environment/ament_prefix_path.sh
[50.674s] -- Installing: /home/terranova/uav_ws/install/gazebo_plugins/share/gazebo_plugins/environment/ament_prefix_path.dsv
[50.674s] -- Installing: /home/terranova/uav_ws/install/gazebo_plugins/share/gazebo_plugins/environment/path.sh
[50.674s] -- Installing: /home/terranova/uav_ws/install/gazebo_plugins/share/gazebo_plugins/environment/path.dsv
[50.674s] -- Installing: /home/terranova/uav_ws/install/gazebo_plugins/share/gazebo_plugins/local_setup.bash
[50.674s] -- Installing: /home/terranova/uav_ws/install/gazebo_plugins/share/gazebo_plugins/local_setup.sh
[50.675s] -- Installing: /home/terranova/uav_ws/install/gazebo_plugins/share/gazebo_plugins/local_setup.zsh
[50.675s] -- Installing: /home/terranova/uav_ws/install/gazebo_plugins/share/gazebo_plugins/local_setup.dsv
[50.675s] -- Installing: /home/terranova/uav_ws/install/gazebo_plugins/share/gazebo_plugins/package.dsv
[50.675s] -- Installing: /home/terranova/uav_ws/install/gazebo_plugins/share/ament_index/resource_index/packages/gazebo_plugins
[50.676s] -- Installing: /home/terranova/uav_ws/install/gazebo_plugins/share/gazebo_plugins/cmake/ament_cmake_export_libraries-extras.cmake
[50.676s] -- Installing: /home/terranova/uav_ws/install/gazebo_plugins/share/gazebo_plugins/cmake/ament_cmake_export_include_directories-extras.cmake
[50.676s] -- Installing: /home/terranova/uav_ws/install/gazebo_plugins/share/gazebo_plugins/cmake/ament_cmake_export_dependencies-extras.cmake
[50.676s] -- Installing: /home/terranova/uav_ws/install/gazebo_plugins/share/gazebo_plugins/cmake/gazebo_pluginsConfig.cmake
[50.676s] -- Installing: /home/terranova/uav_ws/install/gazebo_plugins/share/gazebo_plugins/cmake/gazebo_pluginsConfig-version.cmake
[50.677s] -- Installing: /home/terranova/uav_ws/install/gazebo_plugins/share/gazebo_plugins/package.xml
[50.677s] -- Installing: /home/terranova/uav_ws/install/gazebo_plugins/include
[50.677s] -- Installing: /home/terranova/uav_ws/install/gazebo_plugins/include/gazebo_plugins
[50.677s] -- Installing: /home/terranova/uav_ws/install/gazebo_plugins/include/gazebo_plugins/gazebo_ros_joint_state_publisher.hpp
[50.677s] -- Installing: /home/terranova/uav_ws/install/gazebo_plugins/include/gazebo_plugins/gazebo_ros_template.hpp
[50.677s] -- Installing: /home/terranova/uav_ws/install/gazebo_plugins/include/gazebo_plugins/gazebo_ros_force.hpp
[50.678s] -- Installing: /home/terranova/uav_ws/install/gazebo_plugins/include/gazebo_plugins/gazebo_ros_ft_sensor.hpp
[50.678s] -- Installing: /home/terranova/uav_ws/install/gazebo_plugins/include/gazebo_plugins/gazebo_ros_tricycle_drive.hpp
[50.678s] -- Installing: /home/terranova/uav_ws/install/gazebo_plugins/include/gazebo_plugins/multi_camera_plugin.hpp
[50.678s] -- Installing: /home/terranova/uav_ws/install/gazebo_plugins/include/gazebo_plugins/gazebo_ros_diff_drive.hpp
[50.678s] -- Installing: /home/terranova/uav_ws/install/gazebo_plugins/include/gazebo_plugins/gazebo_ros_p3d.hpp
[50.678s] -- Installing: /home/terranova/uav_ws/install/gazebo_plugins/include/gazebo_plugins/gazebo_ros_joint_pose_trajectory.hpp
[50.679s] -- Installing: /home/terranova/uav_ws/install/gazebo_plugins/include/gazebo_plugins/gazebo_ros_ray_sensor.hpp
[50.679s] -- Installing: /home/terranova/uav_ws/install/gazebo_plugins/include/gazebo_plugins/gazebo_ros_imu_sensor.hpp
[50.679s] -- Installing: /home/terranova/uav_ws/install/gazebo_plugins/include/gazebo_plugins/gazebo_ros_camera.hpp
[50.679s] -- Installing: /home/terranova/uav_ws/install/gazebo_plugins/include/gazebo_plugins/gazebo_ros_harness.hpp
[50.679s] -- Installing: /home/terranova/uav_ws/install/gazebo_plugins/include/gazebo_plugins/gazebo_ros_bumper.hpp
[50.679s] -- Installing: /home/terranova/uav_ws/install/gazebo_plugins/include/gazebo_plugins/gazebo_ros_ackermann_drive.hpp
[50.679s] -- Installing: /home/terranova/uav_ws/install/gazebo_plugins/include/gazebo_plugins/gazebo_ros_gps_sensor.hpp
[50.680s] -- Installing: /home/terranova/uav_ws/install/gazebo_plugins/include/gazebo_plugins/gazebo_ros_hand_of_god.hpp
[50.680s] -- Installing: /home/terranova/uav_ws/install/gazebo_plugins/include/gazebo_plugins/gazebo_ros_video.hpp
[50.680s] -- Installing: /home/terranova/uav_ws/install/gazebo_plugins/include/gazebo_plugins/gazebo_ros_planar_move.hpp
[50.680s] -- Installing: /home/terranova/uav_ws/install/gazebo_plugins/include/gazebo_plugins/gazebo_ros_vacuum_gripper.hpp
[50.680s] -- Installing: /home/terranova/uav_ws/install/gazebo_plugins/include/gazebo_plugins/gazebo_ros_elevator.hpp
[50.680s] -- Installing: /home/terranova/uav_ws/install/gazebo_plugins/include/gazebo_plugins/gazebo_ros_projector.hpp
[50.681s] -- Installing: /home/terranova/uav_ws/install/gazebo_plugins/include/gazebo_plugins/gazebo_ros_wheel_slip.hpp
[50.681s] -- Installing: /home/terranova/uav_ws/install/gazebo_plugins/lib/libgazebo_ros_ackermann_drive.so
[50.688s] -- Set non-toolchain portion of runtime path of "/home/terranova/uav_ws/install/gazebo_plugins/lib/libgazebo_ros_ackermann_drive.so" to ""
[50.688s] -- Installing: /home/terranova/uav_ws/install/gazebo_plugins/lib/libgazebo_ros_bumper.so
[50.691s] -- Set non-toolchain portion of runtime path of "/home/terranova/uav_ws/install/gazebo_plugins/lib/libgazebo_ros_bumper.so" to ""
[50.692s] -- Installing: /home/terranova/uav_ws/install/gazebo_plugins/lib/libgazebo_ros_camera.so
[50.698s] -- Set non-toolchain portion of runtime path of "/home/terranova/uav_ws/install/gazebo_plugins/lib/libgazebo_ros_camera.so" to ""
[50.698s] -- Installing: /home/terranova/uav_ws/install/gazebo_plugins/lib/libgazebo_ros_diff_drive.so
[50.704s] -- Set non-toolchain portion of runtime path of "/home/terranova/uav_ws/install/gazebo_plugins/lib/libgazebo_ros_diff_drive.so" to ""
[50.705s] -- Installing: /home/terranova/uav_ws/install/gazebo_plugins/lib/libgazebo_ros_elevator.so
[50.710s] -- Set non-toolchain portion of runtime path of "/home/terranova/uav_ws/install/gazebo_plugins/lib/libgazebo_ros_elevator.so" to ""
[50.710s] -- Installing: /home/terranova/uav_ws/install/gazebo_plugins/lib/libgazebo_ros_force.so
[50.715s] -- Set non-toolchain portion of runtime path of "/home/terranova/uav_ws/install/gazebo_plugins/lib/libgazebo_ros_force.so" to ""
[50.715s] -- Installing: /home/terranova/uav_ws/install/gazebo_plugins/lib/libgazebo_ros_ft_sensor.so
[50.719s] -- Set non-toolchain portion of runtime path of "/home/terranova/uav_ws/install/gazebo_plugins/lib/libgazebo_ros_ft_sensor.so" to ""
[50.719s] -- Installing: /home/terranova/uav_ws/install/gazebo_plugins/lib/libgazebo_ros_hand_of_god.so
[50.722s] -- Set non-toolchain portion of runtime path of "/home/terranova/uav_ws/install/gazebo_plugins/lib/libgazebo_ros_hand_of_god.so" to ""
[50.722s] -- Installing: /home/terranova/uav_ws/install/gazebo_plugins/lib/libgazebo_ros_harness.so
[50.729s] -- Set non-toolchain portion of runtime path of "/home/terranova/uav_ws/install/gazebo_plugins/lib/libgazebo_ros_harness.so" to ""
[50.729s] -- Installing: /home/terranova/uav_ws/install/gazebo_plugins/lib/libgazebo_ros_imu_sensor.so
[50.732s] -- Set non-toolchain portion of runtime path of "/home/terranova/uav_ws/install/gazebo_plugins/lib/libgazebo_ros_imu_sensor.so" to ""
[50.732s] -- Installing: /home/terranova/uav_ws/install/gazebo_plugins/lib/libgazebo_ros_gps_sensor.so
[50.736s] -- Set non-toolchain portion of runtime path of "/home/terranova/uav_ws/install/gazebo_plugins/lib/libgazebo_ros_gps_sensor.so" to ""
[50.736s] -- Installing: /home/terranova/uav_ws/install/gazebo_plugins/lib/libgazebo_ros_joint_pose_trajectory.so
[50.741s] -- Set non-toolchain portion of runtime path of "/home/terranova/uav_ws/install/gazebo_plugins/lib/libgazebo_ros_joint_pose_trajectory.so" to ""
[50.742s] -- Installing: /home/terranova/uav_ws/install/gazebo_plugins/lib/libgazebo_ros_joint_state_publisher.so
[50.745s] -- Set non-toolchain portion of runtime path of "/home/terranova/uav_ws/install/gazebo_plugins/lib/libgazebo_ros_joint_state_publisher.so" to ""
[50.745s] -- Installing: /home/terranova/uav_ws/install/gazebo_plugins/lib/libgazebo_ros_planar_move.so
[50.751s] -- Set non-toolchain portion of runtime path of "/home/terranova/uav_ws/install/gazebo_plugins/lib/libgazebo_ros_planar_move.so" to ""
[50.751s] -- Installing: /home/terranova/uav_ws/install/gazebo_plugins/lib/libgazebo_ros_projector.so
[50.756s] -- Set non-toolchain portion of runtime path of "/home/terranova/uav_ws/install/gazebo_plugins/lib/libgazebo_ros_projector.so" to ""
[50.757s] -- Installing: /home/terranova/uav_ws/install/gazebo_plugins/lib/libgazebo_ros_ray_sensor.so
[50.761s] -- Set non-toolchain portion of runtime path of "/home/terranova/uav_ws/install/gazebo_plugins/lib/libgazebo_ros_ray_sensor.so" to ""
[50.762s] -- Installing: /home/terranova/uav_ws/install/gazebo_plugins/lib/libgazebo_ros_p3d.so
[50.765s] -- Set non-toolchain portion of runtime path of "/home/terranova/uav_ws/install/gazebo_plugins/lib/libgazebo_ros_p3d.so" to ""
[50.765s] -- Installing: /home/terranova/uav_ws/install/gazebo_plugins/lib/libgazebo_ros_template.so
[50.767s] -- Set non-toolchain portion of runtime path of "/home/terranova/uav_ws/install/gazebo_plugins/lib/libgazebo_ros_template.so" to ""
[50.767s] -- Installing: /home/terranova/uav_ws/install/gazebo_plugins/lib/libgazebo_ros_tricycle_drive.so
[50.773s] -- Set non-toolchain portion of runtime path of "/home/terranova/uav_ws/install/gazebo_plugins/lib/libgazebo_ros_tricycle_drive.so" to ""
[50.773s] -- Installing: /home/terranova/uav_ws/install/gazebo_plugins/lib/libgazebo_ros_vacuum_gripper.so
[50.777s] -- Set non-toolchain portion of runtime path of "/home/terranova/uav_ws/install/gazebo_plugins/lib/libgazebo_ros_vacuum_gripper.so" to ""
[50.777s] -- Installing: /home/terranova/uav_ws/install/gazebo_plugins/lib/libgazebo_ros_video.so
[50.782s] -- Set non-toolchain portion of runtime path of "/home/terranova/uav_ws/install/gazebo_plugins/lib/libgazebo_ros_video.so" to ""
[50.783s] -- Installing: /home/terranova/uav_ws/install/gazebo_plugins/lib/libmulti_camera_plugin.so
[50.784s] -- Set non-toolchain portion of runtime path of "/home/terranova/uav_ws/install/gazebo_plugins/lib/libmulti_camera_plugin.so" to ""
[50.785s] -- Installing: /home/terranova/uav_ws/install/gazebo_plugins/lib/libgazebo_ros_wheel_slip.so
[50.787s] -- Set non-toolchain portion of runtime path of "/home/terranova/uav_ws/install/gazebo_plugins/lib/libgazebo_ros_wheel_slip.so" to ""
[50.787s] -- Installing: /home/terranova/uav_ws/install/gazebo_plugins/share/gazebo_plugins//worlds
[50.787s] -- Installing: /home/terranova/uav_ws/install/gazebo_plugins/share/gazebo_plugins//worlds/gazebo_ros_ackermann_drive_demo.world
[50.789s] -- Installing: /home/terranova/uav_ws/install/gazebo_plugins/share/gazebo_plugins//worlds/gazebo_ros_camera_distortion_pincushion_demo.world
[50.790s] -- Installing: /home/terranova/uav_ws/install/gazebo_plugins/share/gazebo_plugins//worlds/gazebo_ros_camera_demo.world
[50.790s] -- Installing: /home/terranova/uav_ws/install/gazebo_plugins/share/gazebo_plugins//worlds/gazebo_ros_bumper_demo.world
[50.790s] -- Installing: /home/terranova/uav_ws/install/gazebo_plugins/share/gazebo_plugins//worlds/gazebo_ros_video_demo.world
[50.791s] -- Installing: /home/terranova/uav_ws/install/gazebo_plugins/share/gazebo_plugins//worlds/gazebo_ros_projector_demo.world
[50.791s] -- Installing: /home/terranova/uav_ws/install/gazebo_plugins/share/gazebo_plugins//worlds/gazebo_ros_multi_camera_demo.world
[50.792s] -- Installing: /home/terranova/uav_ws/install/gazebo_plugins/share/gazebo_plugins//worlds/gazebo_ros_diff_drive_demo.world
[50.792s] -- Installing: /home/terranova/uav_ws/install/gazebo_plugins/share/gazebo_plugins//worlds/gazebo_ros_gps_sensor_demo.world
[50.793s] -- Installing: /home/terranova/uav_ws/install/gazebo_plugins/share/gazebo_plugins//worlds/gazebo_ros_tricycle_drive_demo.world
[50.793s] -- Installing: /home/terranova/uav_ws/install/gazebo_plugins/share/gazebo_plugins//worlds/gazebo_ros_skid_steer_drive_demo.world
[50.794s] -- Installing: /home/terranova/uav_ws/install/gazebo_plugins/share/gazebo_plugins//worlds/gazebo_ros_ft_sensor_demo.world
[50.794s] -- Installing: /home/terranova/uav_ws/install/gazebo_plugins/share/gazebo_plugins//worlds/gazebo_ros_planar_move_demo.world
[50.794s] -- Installing: /home/terranova/uav_ws/install/gazebo_plugins/share/gazebo_plugins//worlds/gazebo_ros_camera_distortion_barrel_demo.world
[50.795s] -- Installing: /home/terranova/uav_ws/install/gazebo_plugins/share/gazebo_plugins//worlds/gazebo_ros_depth_camera_demo.world
[50.795s] -- Installing: /home/terranova/uav_ws/install/gazebo_plugins/share/gazebo_plugins//worlds/gazebo_ros_elevator_demo.world
[50.795s] -- Installing: /home/terranova/uav_ws/install/gazebo_plugins/share/gazebo_plugins//worlds/gazebo_ros_joint_pose_trajectory_demo.world
[50.796s] -- Installing: /home/terranova/uav_ws/install/gazebo_plugins/share/gazebo_plugins//worlds/gazebo_ros_vacuum_gripper_demo.world
[50.796s] -- Installing: /home/terranova/uav_ws/install/gazebo_plugins/share/gazebo_plugins//worlds/gazebo_ros_hand_of_god_demo.world
[50.797s] -- Installing: /home/terranova/uav_ws/install/gazebo_plugins/share/gazebo_plugins//worlds/gazebo_ros_harness_demo.world
[50.797s] -- Installing: /home/terranova/uav_ws/install/gazebo_plugins/share/gazebo_plugins//worlds/gazebo_ros_multicamera_demo.world
[50.797s] -- Installing: /home/terranova/uav_ws/install/gazebo_plugins/share/gazebo_plugins//worlds/gazebo_ros_p3d_demo.world
[50.798s] -- Installing: /home/terranova/uav_ws/install/gazebo_plugins/share/gazebo_plugins//worlds/gazebo_ros_force_demo.world
[50.798s] -- Installing: /home/terranova/uav_ws/install/gazebo_plugins/share/gazebo_plugins//worlds/gazebo_ros_camera_triggered_demo.world
[50.799s] -- Installing: /home/terranova/uav_ws/install/gazebo_plugins/share/gazebo_plugins//worlds/gazebo_ros_template_demo.world
[50.799s] -- Installing: /home/terranova/uav_ws/install/gazebo_plugins/share/gazebo_plugins//worlds/gazebo_ros_wheel_slip_demo.world
[50.799s] -- Installing: /home/terranova/uav_ws/install/gazebo_plugins/share/gazebo_plugins//worlds/gazebo_ros_ray_sensor_demo.world
[50.800s] -- Installing: /home/terranova/uav_ws/install/gazebo_plugins/share/gazebo_plugins//worlds/gazebo_ros_joint_state_publisher_demo.world
[50.810s] Invoked command in '/home/terranova/uav_ws/build/gazebo_plugins' returned '0': CMAKE_PREFIX_PATH=/home/terranova/uav_ws/install/gazebo_ros:/home/terranova/uav_ws/install/gazebo_msgs:/home/terranova/uav_ws/install/gazebo_dev:/home/terranova/uav_ws/install/cv_bridge:/home/terranova/uav_ws/install/vision_opencv:/home/terranova/uav_ws/install/velodyne_gazebo_plugin:/home/terranova/uav_ws/install/uav_gazebo:/home/terranova/uav_ws/install/turtlebot3:/home/terranova/uav_ws/install/turtlebot3_simulations:/home/terranova/uav_ws/install/turtlebot3_bringup:/home/terranova/uav_ws/install/turtlebot3_node:/home/terranova/uav_ws/install/turtlebot3_navigation2:/home/terranova/uav_ws/install/turtlebot3_fake_node:/home/terranova/uav_ws/install/turtlebot3_msgs:/home/terranova/uav_ws/install/turtlebot3_gazebo:/home/terranova/uav_ws/install/turtlebot3_description:/home/terranova/uav_ws/install/turtlebot3_cartographer:/home/terranova/uav_ws/install/realsense_gazebo_plugin:/home/terranova/uav_ws/install/perception_pcl:/home/terranova/uav_ws/install/pcl_ros:/home/terranova/uav_ws/install/pcl_conversions:/home/terranova/uav_ws/install/pcl_msgs:/home/terranova/uav_ws/install/image_geometry:/home/terranova/uav_ws/install/hls_lfcd_lds_driver:/home/terranova/uav_ws/install/gazebo_ros_pkgs:/home/terranova/uav_ws/install/gazebo_plugins:/home/terranova/uav_ws/install/dynamixel_sdk_examples:/home/terranova/uav_ws/install/dynamixel_sdk_custom_interfaces:/home/terranova/uav_ws/install/dynamixel_sdk:/home/terranova/uav_ws/install/absl:/home/terranova/uav_ws/install/turtlebot3_teleop:/home/terranova/uav_ws/install/turtlebot3_example:/home/terranova/uav_ws/install/opencv_tests:/home/terranova/uav_ws/install/joint_state_publisher_gui:/home/terranova/uav_ws/install/joint_state_publisher:/opt/ros/foxy LD_LIBRARY_PATH=/home/terranova/uav_ws/install/gazebo_ros/lib:/home/terranova/uav_ws/install/gazebo_msgs/lib:/home/terranova/uav_ws/install/cv_bridge/lib:/home/terranova/uav_ws/install/velodyne_gazebo_plugin/lib:/home/terranova/uav_ws/install/turtlebot3_msgs/lib:/home/terranova/uav_ws/install/realsense_gazebo_plugin/lib:/home/terranova/uav_ws/install/pcl_ros/lib:/home/terranova/uav_ws/install/pcl_msgs/lib:/home/terranova/uav_ws/install/image_geometry/lib:/home/terranova/uav_ws/install/gazebo_plugins/lib:/home/terranova/uav_ws/install/dynamixel_sdk_custom_interfaces/lib:/home/terranova/uav_ws/install/dynamixel_sdk/lib:/opt/ros/foxy/opt/yaml_cpp_vendor/lib:/opt/ros/foxy/opt/rviz_ogre_vendor/lib:/opt/ros/foxy/lib/x86_64-linux-gnu:/opt/ros/foxy/lib:/usr/lib/x86_64-linux-gnu/gazebo-11/plugins PYTHONPATH=/home/terranova/uav_ws/install/gazebo_ros/lib/python3.8/site-packages:/home/terranova/uav_ws/install/gazebo_msgs/lib/python3.8/site-packages:/home/terranova/uav_ws/install/cv_bridge/lib/python3.8/site-packages:/home/terranova/uav_ws/install/turtlebot3_teleop/lib/python3.8/site-packages:/home/terranova/uav_ws/install/turtlebot3_example/lib/python3.8/site-packages:/home/terranova/uav_ws/install/turtlebot3_msgs/lib/python3.8/site-packages:/home/terranova/uav_ws/install/pcl_msgs/lib/python3.8/site-packages:/home/terranova/uav_ws/install/opencv_tests/lib/python3.8/site-packages:/home/terranova/uav_ws/install/joint_state_publisher_gui/lib/python3.8/site-packages:/home/terranova/uav_ws/install/joint_state_publisher/lib/python3.8/site-packages:/home/terranova/uav_ws/install/image_geometry/lib/python3.8/site-packages:/home/terranova/uav_ws/install/dynamixel_sdk_custom_interfaces/lib/python3.8/site-packages:/opt/ros/foxy/lib/python3.8/site-packages:/home/terranova/.local/bin /home/terranova/.local/bin/cmake --install /home/terranova/uav_ws/build/gazebo_plugins
