[0.042s] Invoking command in '/home/terranova/uav_ws/build/turtlebot3_fake_node': AMENT_PREFIX_PATH=/home/terranova/uav_ws/install/turtlebot3_msgs:${AMENT_PREFIX_PATH} CMAKE_PREFIX_PATH=/home/terranova/uav_ws/install/turtlebot3_msgs:/opt/ros/foxy LD_LIBRARY_PATH=/home/terranova/uav_ws/install/turtlebot3_msgs/lib:/opt/ros/foxy/opt/yaml_cpp_vendor/lib:/opt/ros/foxy/opt/rviz_ogre_vendor/lib:/opt/ros/foxy/lib/x86_64-linux-gnu:/opt/ros/foxy/lib:/usr/lib/x86_64-linux-gnu/gazebo-11/plugins:/usr/lib/x86_64-linux-gnu/gazebo-11/plugins:/usr/lib/x86_64-linux-gnu/gazebo-11/plugins PYTHONPATH=/home/terranova/uav_ws/install/turtlebot3_msgs/lib/python3.8/site-packages:/opt/ros/foxy/lib/python3.8/site-packages:/home/terranova/.local/bin /home/terranova/.local/bin/cmake /home/terranova/uav_ws/src/turtlebot3/turtlebot3_simulations/turtlebot3_fake_node -DCMAKE_INSTALL_PREFIX=/home/terranova/uav_ws/install/turtlebot3_fake_node
[0.257s] -- The C compiler identification is GNU 9.4.0
[0.413s] -- The CXX compiler identification is GNU 9.4.0
[0.458s] -- Detecting C compiler ABI info
[0.583s] -- Detecting C compiler ABI info - done
[0.621s] -- Check for working C compiler: /usr/lib/ccache/cc - skipped
[0.622s] -- Detecting C compile features
[0.623s] -- Detecting C compile features - done
[0.653s] -- Detecting CXX compiler ABI info
[0.806s] -- Detecting CXX compiler ABI info - done
[0.839s] -- Check for working CXX compiler: /usr/lib/ccache/c++ - skipped
[0.840s] -- Detecting CXX compile features
[0.842s] -- Detecting CXX compile features - done
[0.850s] -- Found ament_cmake: 0.9.12 (/opt/ros/foxy/share/ament_cmake/cmake)
[0.863s] [33mCMake Warning (dev) at /opt/ros/foxy/share/ament_cmake_core/cmake/core/python.cmake:22 (find_package):
[0.864s]   Policy CMP0148 is not set: The FindPythonInterp and FindPythonLibs modules
[0.864s]   are removed.  Run "cmake --help-policy CMP0148" for policy details.  Use
[0.864s]   the cmake_policy command to set the policy and suppress this warning.
[0.865s] 
[0.865s] Call Stack (most recent call first):
[0.865s]   /opt/ros/foxy/share/ament_cmake_core/cmake/core/all.cmake:53 (include)
[0.866s]   /opt/ros/foxy/share/ament_cmake_core/cmake/ament_cmake_core-extras.cmake:17 (include)
[0.866s]   /opt/ros/foxy/share/ament_cmake_core/cmake/ament_cmake_coreConfig.cmake:41 (include)
[0.866s]   /opt/ros/foxy/share/ament_cmake/cmake/ament_cmake_export_dependencies-extras.cmake:15 (find_package)
[0.867s]   /opt/ros/foxy/share/ament_cmake/cmake/ament_cmakeConfig.cmake:41 (include)
[0.867s]   CMakeLists.txt:18 (find_package)
[0.867s] This warning is for project developers.  Use -Wno-dev to suppress it.
[0.868s] [0m
[0.932s] -- Found PythonInterp: /usr/bin/python3 (found suitable version "3.8.10", minimum required is "3") 
[0.932s] -- Using PYTHON_EXECUTABLE: /usr/bin/python3
[1.590s] -- Found geometry_msgs: 2.0.5 (/opt/ros/foxy/share/geometry_msgs/cmake)
[1.685s] -- Using all available rosidl_typesupport_c: rosidl_typesupport_fastrtps_c;rosidl_typesupport_introspection_c
[1.708s] -- Found rosidl_adapter: 1.3.1 (/opt/ros/foxy/share/rosidl_adapter/cmake)
[1.932s] -- Found OpenSSL: /usr/lib/x86_64-linux-gnu/libcrypto.so (found version "1.1.1f")  
[2.026s] -- Found FastRTPS: /opt/ros/foxy/include  
[2.330s] -- Using all available rosidl_typesupport_cpp: rosidl_typesupport_fastrtps_cpp;rosidl_typesupport_introspection_cpp
[2.593s] -- Found nav_msgs: 2.0.5 (/opt/ros/foxy/share/nav_msgs/cmake)
[2.796s] -- Found rclcpp: 2.4.3 (/opt/ros/foxy/share/rclcpp/cmake)
[2.953s] -- Found rmw_implementation_cmake: 1.0.4 (/opt/ros/foxy/share/rmw_implementation_cmake/cmake)
[2.958s] -- Using RMW implementation 'rmw_fastrtps_cpp' as default
[2.960s] -- Performing Test CMAKE_HAVE_LIBC_PTHREAD
[3.132s] -- Performing Test CMAKE_HAVE_LIBC_PTHREAD - Failed
[3.132s] -- Looking for pthread_create in pthreads
[3.264s] -- Looking for pthread_create in pthreads - not found
[3.265s] -- Looking for pthread_create in pthread
[3.430s] -- Looking for pthread_create in pthread - found
[3.433s] -- Found Threads: TRUE  
[3.917s] -- Found sensor_msgs: 2.0.5 (/opt/ros/foxy/share/sensor_msgs/cmake)
[4.157s] -- Found tf2: 0.13.14 (/opt/ros/foxy/share/tf2/cmake)
[4.193s] -- Found tf2_msgs: 0.13.14 (/opt/ros/foxy/share/tf2_msgs/cmake)
[4.761s] -- Found turtlebot3_msgs: 2.2.1 (/home/terranova/uav_ws/install/turtlebot3_msgs/share/turtlebot3_msgs/cmake)
[5.342s] -- Configuring done (5.2s)
[5.383s] -- Generating done (0.0s)
[5.389s] -- Build files have been written to: /home/terranova/uav_ws/build/turtlebot3_fake_node
[5.428s] Invoked command in '/home/terranova/uav_ws/build/turtlebot3_fake_node' returned '0': AMENT_PREFIX_PATH=/home/terranova/uav_ws/install/turtlebot3_msgs:${AMENT_PREFIX_PATH} CMAKE_PREFIX_PATH=/home/terranova/uav_ws/install/turtlebot3_msgs:/opt/ros/foxy LD_LIBRARY_PATH=/home/terranova/uav_ws/install/turtlebot3_msgs/lib:/opt/ros/foxy/opt/yaml_cpp_vendor/lib:/opt/ros/foxy/opt/rviz_ogre_vendor/lib:/opt/ros/foxy/lib/x86_64-linux-gnu:/opt/ros/foxy/lib:/usr/lib/x86_64-linux-gnu/gazebo-11/plugins:/usr/lib/x86_64-linux-gnu/gazebo-11/plugins:/usr/lib/x86_64-linux-gnu/gazebo-11/plugins PYTHONPATH=/home/terranova/uav_ws/install/turtlebot3_msgs/lib/python3.8/site-packages:/opt/ros/foxy/lib/python3.8/site-packages:/home/terranova/.local/bin /home/terranova/.local/bin/cmake /home/terranova/uav_ws/src/turtlebot3/turtlebot3_simulations/turtlebot3_fake_node -DCMAKE_INSTALL_PREFIX=/home/terranova/uav_ws/install/turtlebot3_fake_node
[5.430s] Invoking command in '/home/terranova/uav_ws/build/turtlebot3_fake_node': AMENT_PREFIX_PATH=/home/terranova/uav_ws/install/turtlebot3_msgs:${AMENT_PREFIX_PATH} CMAKE_PREFIX_PATH=/home/terranova/uav_ws/install/turtlebot3_msgs:/opt/ros/foxy LD_LIBRARY_PATH=/home/terranova/uav_ws/install/turtlebot3_msgs/lib:/opt/ros/foxy/opt/yaml_cpp_vendor/lib:/opt/ros/foxy/opt/rviz_ogre_vendor/lib:/opt/ros/foxy/lib/x86_64-linux-gnu:/opt/ros/foxy/lib:/usr/lib/x86_64-linux-gnu/gazebo-11/plugins:/usr/lib/x86_64-linux-gnu/gazebo-11/plugins:/usr/lib/x86_64-linux-gnu/gazebo-11/plugins PYTHONPATH=/home/terranova/uav_ws/install/turtlebot3_msgs/lib/python3.8/site-packages:/opt/ros/foxy/lib/python3.8/site-packages:/home/terranova/.local/bin /home/terranova/.local/bin/cmake --build /home/terranova/uav_ws/build/turtlebot3_fake_node -- -j4 -l4
[5.545s] [ 50%] [32mBuilding CXX object CMakeFiles/turtlebot3_fake_node.dir/src/turtlebot3_fake_node.cpp.o[0m
[25.457s] [100%] [32m[1mLinking CXX executable turtlebot3_fake_node[0m
[26.497s] [100%] Built target turtlebot3_fake_node
[26.531s] Invoked command in '/home/terranova/uav_ws/build/turtlebot3_fake_node' returned '0': AMENT_PREFIX_PATH=/home/terranova/uav_ws/install/turtlebot3_msgs:${AMENT_PREFIX_PATH} CMAKE_PREFIX_PATH=/home/terranova/uav_ws/install/turtlebot3_msgs:/opt/ros/foxy LD_LIBRARY_PATH=/home/terranova/uav_ws/install/turtlebot3_msgs/lib:/opt/ros/foxy/opt/yaml_cpp_vendor/lib:/opt/ros/foxy/opt/rviz_ogre_vendor/lib:/opt/ros/foxy/lib/x86_64-linux-gnu:/opt/ros/foxy/lib:/usr/lib/x86_64-linux-gnu/gazebo-11/plugins:/usr/lib/x86_64-linux-gnu/gazebo-11/plugins:/usr/lib/x86_64-linux-gnu/gazebo-11/plugins PYTHONPATH=/home/terranova/uav_ws/install/turtlebot3_msgs/lib/python3.8/site-packages:/opt/ros/foxy/lib/python3.8/site-packages:/home/terranova/.local/bin /home/terranova/.local/bin/cmake --build /home/terranova/uav_ws/build/turtlebot3_fake_node -- -j4 -l4
[26.669s] Invoking command in '/home/terranova/uav_ws/build/turtlebot3_fake_node': AMENT_PREFIX_PATH=/home/terranova/uav_ws/install/turtlebot3_msgs:${AMENT_PREFIX_PATH} CMAKE_PREFIX_PATH=/home/terranova/uav_ws/install/turtlebot3_msgs:/opt/ros/foxy LD_LIBRARY_PATH=/home/terranova/uav_ws/install/turtlebot3_msgs/lib:/opt/ros/foxy/opt/yaml_cpp_vendor/lib:/opt/ros/foxy/opt/rviz_ogre_vendor/lib:/opt/ros/foxy/lib/x86_64-linux-gnu:/opt/ros/foxy/lib:/usr/lib/x86_64-linux-gnu/gazebo-11/plugins:/usr/lib/x86_64-linux-gnu/gazebo-11/plugins:/usr/lib/x86_64-linux-gnu/gazebo-11/plugins PYTHONPATH=/home/terranova/uav_ws/install/turtlebot3_msgs/lib/python3.8/site-packages:/opt/ros/foxy/lib/python3.8/site-packages:/home/terranova/.local/bin /home/terranova/.local/bin/cmake --install /home/terranova/uav_ws/build/turtlebot3_fake_node
[26.751s] -- Install configuration: ""
[26.751s] -- Installing: /home/terranova/uav_ws/install/turtlebot3_fake_node/lib/turtlebot3_fake_node/turtlebot3_fake_node
[26.758s] -- Set non-toolchain portion of runtime path of "/home/terranova/uav_ws/install/turtlebot3_fake_node/lib/turtlebot3_fake_node/turtlebot3_fake_node" to ""
[26.758s] -- Installing: /home/terranova/uav_ws/install/turtlebot3_fake_node/share/turtlebot3_fake_node/launch
[26.758s] -- Installing: /home/terranova/uav_ws/install/turtlebot3_fake_node/share/turtlebot3_fake_node/launch/turtlebot3_fake_node.launch.py
[26.759s] -- Installing: /home/terranova/uav_ws/install/turtlebot3_fake_node/share/turtlebot3_fake_node/launch/rviz2.launch.py
[26.759s] -- Installing: /home/terranova/uav_ws/install/turtlebot3_fake_node/share/turtlebot3_fake_node/param
[26.760s] -- Installing: /home/terranova/uav_ws/install/turtlebot3_fake_node/share/turtlebot3_fake_node/param/waffle_pi.yaml
[26.764s] -- Installing: /home/terranova/uav_ws/install/turtlebot3_fake_node/share/turtlebot3_fake_node/param/waffle.yaml
[26.765s] -- Installing: /home/terranova/uav_ws/install/turtlebot3_fake_node/share/turtlebot3_fake_node/param/burger.yaml
[26.766s] -- Installing: /home/terranova/uav_ws/install/turtlebot3_fake_node/share/turtlebot3_fake_node/rviz
[26.766s] -- Installing: /home/terranova/uav_ws/install/turtlebot3_fake_node/share/turtlebot3_fake_node/rviz/model.rviz
[26.767s] -- Installing: /home/terranova/uav_ws/install/turtlebot3_fake_node/include/
[26.768s] -- Installing: /home/terranova/uav_ws/install/turtlebot3_fake_node/include//turtlebot3_fake_node
[26.768s] -- Installing: /home/terranova/uav_ws/install/turtlebot3_fake_node/include//turtlebot3_fake_node/turtlebot3_fake_node.hpp
[26.769s] -- Installing: /home/terranova/uav_ws/install/turtlebot3_fake_node/share/ament_index/resource_index/package_run_dependencies/turtlebot3_fake_node
[26.771s] -- Installing: /home/terranova/uav_ws/install/turtlebot3_fake_node/share/ament_index/resource_index/parent_prefix_path/turtlebot3_fake_node
[26.772s] -- Installing: /home/terranova/uav_ws/install/turtlebot3_fake_node/share/turtlebot3_fake_node/environment/ament_prefix_path.sh
[26.773s] -- Installing: /home/terranova/uav_ws/install/turtlebot3_fake_node/share/turtlebot3_fake_node/environment/ament_prefix_path.dsv
[26.775s] -- Installing: /home/terranova/uav_ws/install/turtlebot3_fake_node/share/turtlebot3_fake_node/environment/path.sh
[26.776s] -- Installing: /home/terranova/uav_ws/install/turtlebot3_fake_node/share/turtlebot3_fake_node/environment/path.dsv
[26.777s] -- Installing: /home/terranova/uav_ws/install/turtlebot3_fake_node/share/turtlebot3_fake_node/local_setup.bash
[26.778s] -- Installing: /home/terranova/uav_ws/install/turtlebot3_fake_node/share/turtlebot3_fake_node/local_setup.sh
[26.779s] -- Installing: /home/terranova/uav_ws/install/turtlebot3_fake_node/share/turtlebot3_fake_node/local_setup.zsh
[26.780s] -- Installing: /home/terranova/uav_ws/install/turtlebot3_fake_node/share/turtlebot3_fake_node/local_setup.dsv
[26.780s] -- Installing: /home/terranova/uav_ws/install/turtlebot3_fake_node/share/turtlebot3_fake_node/package.dsv
[26.782s] -- Installing: /home/terranova/uav_ws/install/turtlebot3_fake_node/share/ament_index/resource_index/packages/turtlebot3_fake_node
[26.783s] -- Installing: /home/terranova/uav_ws/install/turtlebot3_fake_node/share/turtlebot3_fake_node/cmake/ament_cmake_export_include_directories-extras.cmake
[26.783s] -- Installing: /home/terranova/uav_ws/install/turtlebot3_fake_node/share/turtlebot3_fake_node/cmake/ament_cmake_export_dependencies-extras.cmake
[26.784s] -- Installing: /home/terranova/uav_ws/install/turtlebot3_fake_node/share/turtlebot3_fake_node/cmake/turtlebot3_fake_nodeConfig.cmake
[26.785s] -- Installing: /home/terranova/uav_ws/install/turtlebot3_fake_node/share/turtlebot3_fake_node/cmake/turtlebot3_fake_nodeConfig-version.cmake
[26.786s] -- Installing: /home/terranova/uav_ws/install/turtlebot3_fake_node/share/turtlebot3_fake_node/package.xml
[26.801s] Invoked command in '/home/terranova/uav_ws/build/turtlebot3_fake_node' returned '0': AMENT_PREFIX_PATH=/home/terranova/uav_ws/install/turtlebot3_msgs:${AMENT_PREFIX_PATH} CMAKE_PREFIX_PATH=/home/terranova/uav_ws/install/turtlebot3_msgs:/opt/ros/foxy LD_LIBRARY_PATH=/home/terranova/uav_ws/install/turtlebot3_msgs/lib:/opt/ros/foxy/opt/yaml_cpp_vendor/lib:/opt/ros/foxy/opt/rviz_ogre_vendor/lib:/opt/ros/foxy/lib/x86_64-linux-gnu:/opt/ros/foxy/lib:/usr/lib/x86_64-linux-gnu/gazebo-11/plugins:/usr/lib/x86_64-linux-gnu/gazebo-11/plugins:/usr/lib/x86_64-linux-gnu/gazebo-11/plugins PYTHONPATH=/home/terranova/uav_ws/install/turtlebot3_msgs/lib/python3.8/site-packages:/opt/ros/foxy/lib/python3.8/site-packages:/home/terranova/.local/bin /home/terranova/.local/bin/cmake --install /home/terranova/uav_ws/build/turtlebot3_fake_node
