[4.808s] Invoking command in '/home/terranova/uav_ws/src/turtlebot3/turtlebot3/turtlebot3_example': AMENT_PREFIX_PATH=/home/terranova/uav_ws/install/turtlebot3_msgs:${AMENT_PREFIX_PATH} CMAKE_PREFIX_PATH=/home/terranova/uav_ws/install/turtlebot3_msgs LD_LIBRARY_PATH=/home/terranova/uav_ws/install/turtlebot3_msgs/lib:/opt/ros/foxy/opt/yaml_cpp_vendor/lib:/opt/ros/foxy/opt/rviz_ogre_vendor/lib:/opt/ros/foxy/lib/x86_64-linux-gnu:/opt/ros/foxy/lib:/usr/lib/x86_64-linux-gnu/gazebo-11/plugins:/usr/lib/x86_64-linux-gnu/gazebo-11/plugins:/usr/lib/x86_64-linux-gnu/gazebo-11/plugins PYTHONPATH=/home/terranova/uav_ws/build/turtlebot3_example/prefix_override:/home/terranova/uav_ws/install/turtlebot3_example/lib/python3.8/site-packages:/home/terranova/uav_ws/install/turtlebot3_msgs/lib/python3.8/site-packages:/opt/ros/foxy/lib/python3.8/site-packages:/home/terranova/.local/bin /usr/bin/python3 -W ignore:setup.py install is deprecated setup.py egg_info --egg-base ../../../../build/turtlebot3_example build --build-base /home/terranova/uav_ws/build/turtlebot3_example/build install --record /home/terranova/uav_ws/build/turtlebot3_example/install.log --single-version-externally-managed install_data
[5.653s] running egg_info
[5.654s] creating ../../../../build/turtlebot3_example/turtlebot3_example.egg-info
[5.710s] writing ../../../../build/turtlebot3_example/turtlebot3_example.egg-info/PKG-INFO
[5.714s] writing dependency_links to ../../../../build/turtlebot3_example/turtlebot3_example.egg-info/dependency_links.txt
[5.715s] writing entry points to ../../../../build/turtlebot3_example/turtlebot3_example.egg-info/entry_points.txt
[5.717s] writing requirements to ../../../../build/turtlebot3_example/turtlebot3_example.egg-info/requires.txt
[5.718s] writing top-level names to ../../../../build/turtlebot3_example/turtlebot3_example.egg-info/top_level.txt
[6.142s] writing manifest file '../../../../build/turtlebot3_example/turtlebot3_example.egg-info/SOURCES.txt'
[6.289s] reading manifest file '../../../../build/turtlebot3_example/turtlebot3_example.egg-info/SOURCES.txt'
[6.291s] writing manifest file '../../../../build/turtlebot3_example/turtlebot3_example.egg-info/SOURCES.txt'
[6.292s] running build
[6.292s] running build_py
[6.292s] creating /home/terranova/uav_ws/build/turtlebot3_example/build
[6.293s] creating /home/terranova/uav_ws/build/turtlebot3_example/build/lib
[6.293s] creating /home/terranova/uav_ws/build/turtlebot3_example/build/lib/turtlebot3_example
[6.293s] copying turtlebot3_example/__init__.py -> /home/terranova/uav_ws/build/turtlebot3_example/build/lib/turtlebot3_example
[6.293s] creating /home/terranova/uav_ws/build/turtlebot3_example/build/lib/turtlebot3_example/turtlebot3_obstacle_detection
[6.294s] copying turtlebot3_example/turtlebot3_obstacle_detection/main.py -> /home/terranova/uav_ws/build/turtlebot3_example/build/lib/turtlebot3_example/turtlebot3_obstacle_detection
[6.294s] copying turtlebot3_example/turtlebot3_obstacle_detection/turtlebot3_obstacle_detection.py -> /home/terranova/uav_ws/build/turtlebot3_example/build/lib/turtlebot3_example/turtlebot3_obstacle_detection
[6.294s] copying turtlebot3_example/turtlebot3_obstacle_detection/__init__.py -> /home/terranova/uav_ws/build/turtlebot3_example/build/lib/turtlebot3_example/turtlebot3_obstacle_detection
[6.295s] creating /home/terranova/uav_ws/build/turtlebot3_example/build/lib/turtlebot3_example/turtlebot3_patrol_client
[6.295s] copying turtlebot3_example/turtlebot3_patrol_client/main.py -> /home/terranova/uav_ws/build/turtlebot3_example/build/lib/turtlebot3_example/turtlebot3_patrol_client
[6.296s] copying turtlebot3_example/turtlebot3_patrol_client/__init__.py -> /home/terranova/uav_ws/build/turtlebot3_example/build/lib/turtlebot3_example/turtlebot3_patrol_client
[6.296s] copying turtlebot3_example/turtlebot3_patrol_client/turtlebot3_patrol_client.py -> /home/terranova/uav_ws/build/turtlebot3_example/build/lib/turtlebot3_example/turtlebot3_patrol_client
[6.296s] creating /home/terranova/uav_ws/build/turtlebot3_example/build/lib/turtlebot3_example/turtlebot3_patrol_server
[6.297s] copying turtlebot3_example/turtlebot3_patrol_server/main.py -> /home/terranova/uav_ws/build/turtlebot3_example/build/lib/turtlebot3_example/turtlebot3_patrol_server
[6.297s] copying turtlebot3_example/turtlebot3_patrol_server/turtlebot3_path.py -> /home/terranova/uav_ws/build/turtlebot3_example/build/lib/turtlebot3_example/turtlebot3_patrol_server
[6.297s] copying turtlebot3_example/turtlebot3_patrol_server/__init__.py -> /home/terranova/uav_ws/build/turtlebot3_example/build/lib/turtlebot3_example/turtlebot3_patrol_server
[6.298s] copying turtlebot3_example/turtlebot3_patrol_server/turtlebot3_patrol_server.py -> /home/terranova/uav_ws/build/turtlebot3_example/build/lib/turtlebot3_example/turtlebot3_patrol_server
[6.299s] creating /home/terranova/uav_ws/build/turtlebot3_example/build/lib/turtlebot3_example/turtlebot3_position_control
[6.299s] copying turtlebot3_example/turtlebot3_position_control/main.py -> /home/terranova/uav_ws/build/turtlebot3_example/build/lib/turtlebot3_example/turtlebot3_position_control
[6.299s] copying turtlebot3_example/turtlebot3_position_control/turtlebot3_path.py -> /home/terranova/uav_ws/build/turtlebot3_example/build/lib/turtlebot3_example/turtlebot3_position_control
[6.300s] copying turtlebot3_example/turtlebot3_position_control/turtlebot3_position_control.py -> /home/terranova/uav_ws/build/turtlebot3_example/build/lib/turtlebot3_example/turtlebot3_position_control
[6.300s] copying turtlebot3_example/turtlebot3_position_control/__init__.py -> /home/terranova/uav_ws/build/turtlebot3_example/build/lib/turtlebot3_example/turtlebot3_position_control
[6.302s] running install
[6.320s] running install_lib
[6.380s] creating /home/terranova/uav_ws/install/turtlebot3_example/lib/python3.8/site-packages/turtlebot3_example
[6.380s] creating /home/terranova/uav_ws/install/turtlebot3_example/lib/python3.8/site-packages/turtlebot3_example/turtlebot3_obstacle_detection
[6.381s] copying /home/terranova/uav_ws/build/turtlebot3_example/build/lib/turtlebot3_example/turtlebot3_obstacle_detection/main.py -> /home/terranova/uav_ws/install/turtlebot3_example/lib/python3.8/site-packages/turtlebot3_example/turtlebot3_obstacle_detection
[6.382s] copying /home/terranova/uav_ws/build/turtlebot3_example/build/lib/turtlebot3_example/turtlebot3_obstacle_detection/turtlebot3_obstacle_detection.py -> /home/terranova/uav_ws/install/turtlebot3_example/lib/python3.8/site-packages/turtlebot3_example/turtlebot3_obstacle_detection
[6.383s] copying /home/terranova/uav_ws/build/turtlebot3_example/build/lib/turtlebot3_example/turtlebot3_obstacle_detection/__init__.py -> /home/terranova/uav_ws/install/turtlebot3_example/lib/python3.8/site-packages/turtlebot3_example/turtlebot3_obstacle_detection
[6.384s] creating /home/terranova/uav_ws/install/turtlebot3_example/lib/python3.8/site-packages/turtlebot3_example/turtlebot3_patrol_client
[6.384s] copying /home/terranova/uav_ws/build/turtlebot3_example/build/lib/turtlebot3_example/turtlebot3_patrol_client/main.py -> /home/terranova/uav_ws/install/turtlebot3_example/lib/python3.8/site-packages/turtlebot3_example/turtlebot3_patrol_client
[6.385s] copying /home/terranova/uav_ws/build/turtlebot3_example/build/lib/turtlebot3_example/turtlebot3_patrol_client/__init__.py -> /home/terranova/uav_ws/install/turtlebot3_example/lib/python3.8/site-packages/turtlebot3_example/turtlebot3_patrol_client
[6.385s] copying /home/terranova/uav_ws/build/turtlebot3_example/build/lib/turtlebot3_example/turtlebot3_patrol_client/turtlebot3_patrol_client.py -> /home/terranova/uav_ws/install/turtlebot3_example/lib/python3.8/site-packages/turtlebot3_example/turtlebot3_patrol_client
[6.385s] creating /home/terranova/uav_ws/install/turtlebot3_example/lib/python3.8/site-packages/turtlebot3_example/turtlebot3_patrol_server
[6.386s] copying /home/terranova/uav_ws/build/turtlebot3_example/build/lib/turtlebot3_example/turtlebot3_patrol_server/main.py -> /home/terranova/uav_ws/install/turtlebot3_example/lib/python3.8/site-packages/turtlebot3_example/turtlebot3_patrol_server
[6.386s] copying /home/terranova/uav_ws/build/turtlebot3_example/build/lib/turtlebot3_example/turtlebot3_patrol_server/turtlebot3_path.py -> /home/terranova/uav_ws/install/turtlebot3_example/lib/python3.8/site-packages/turtlebot3_example/turtlebot3_patrol_server
[6.386s] copying /home/terranova/uav_ws/build/turtlebot3_example/build/lib/turtlebot3_example/turtlebot3_patrol_server/__init__.py -> /home/terranova/uav_ws/install/turtlebot3_example/lib/python3.8/site-packages/turtlebot3_example/turtlebot3_patrol_server
[6.387s] copying /home/terranova/uav_ws/build/turtlebot3_example/build/lib/turtlebot3_example/turtlebot3_patrol_server/turtlebot3_patrol_server.py -> /home/terranova/uav_ws/install/turtlebot3_example/lib/python3.8/site-packages/turtlebot3_example/turtlebot3_patrol_server
[6.387s] copying /home/terranova/uav_ws/build/turtlebot3_example/build/lib/turtlebot3_example/__init__.py -> /home/terranova/uav_ws/install/turtlebot3_example/lib/python3.8/site-packages/turtlebot3_example
[6.388s] creating /home/terranova/uav_ws/install/turtlebot3_example/lib/python3.8/site-packages/turtlebot3_example/turtlebot3_position_control
[6.388s] copying /home/terranova/uav_ws/build/turtlebot3_example/build/lib/turtlebot3_example/turtlebot3_position_control/main.py -> /home/terranova/uav_ws/install/turtlebot3_example/lib/python3.8/site-packages/turtlebot3_example/turtlebot3_position_control
[6.389s] copying /home/terranova/uav_ws/build/turtlebot3_example/build/lib/turtlebot3_example/turtlebot3_position_control/turtlebot3_path.py -> /home/terranova/uav_ws/install/turtlebot3_example/lib/python3.8/site-packages/turtlebot3_example/turtlebot3_position_control
[6.390s] copying /home/terranova/uav_ws/build/turtlebot3_example/build/lib/turtlebot3_example/turtlebot3_position_control/turtlebot3_position_control.py -> /home/terranova/uav_ws/install/turtlebot3_example/lib/python3.8/site-packages/turtlebot3_example/turtlebot3_position_control
[6.390s] copying /home/terranova/uav_ws/build/turtlebot3_example/build/lib/turtlebot3_example/turtlebot3_position_control/__init__.py -> /home/terranova/uav_ws/install/turtlebot3_example/lib/python3.8/site-packages/turtlebot3_example/turtlebot3_position_control
[6.392s] byte-compiling /home/terranova/uav_ws/install/turtlebot3_example/lib/python3.8/site-packages/turtlebot3_example/turtlebot3_obstacle_detection/main.py to main.cpython-38.pyc
[6.392s] byte-compiling /home/terranova/uav_ws/install/turtlebot3_example/lib/python3.8/site-packages/turtlebot3_example/turtlebot3_obstacle_detection/turtlebot3_obstacle_detection.py to turtlebot3_obstacle_detection.cpython-38.pyc
[6.394s] byte-compiling /home/terranova/uav_ws/install/turtlebot3_example/lib/python3.8/site-packages/turtlebot3_example/turtlebot3_obstacle_detection/__init__.py to __init__.cpython-38.pyc
[6.395s] byte-compiling /home/terranova/uav_ws/install/turtlebot3_example/lib/python3.8/site-packages/turtlebot3_example/turtlebot3_patrol_client/main.py to main.cpython-38.pyc
[6.396s] byte-compiling /home/terranova/uav_ws/install/turtlebot3_example/lib/python3.8/site-packages/turtlebot3_example/turtlebot3_patrol_client/__init__.py to __init__.cpython-38.pyc
[6.396s] byte-compiling /home/terranova/uav_ws/install/turtlebot3_example/lib/python3.8/site-packages/turtlebot3_example/turtlebot3_patrol_client/turtlebot3_patrol_client.py to turtlebot3_patrol_client.cpython-38.pyc
[6.398s] byte-compiling /home/terranova/uav_ws/install/turtlebot3_example/lib/python3.8/site-packages/turtlebot3_example/turtlebot3_patrol_server/main.py to main.cpython-38.pyc
[6.399s] byte-compiling /home/terranova/uav_ws/install/turtlebot3_example/lib/python3.8/site-packages/turtlebot3_example/turtlebot3_patrol_server/turtlebot3_path.py to turtlebot3_path.cpython-38.pyc
[6.400s] byte-compiling /home/terranova/uav_ws/install/turtlebot3_example/lib/python3.8/site-packages/turtlebot3_example/turtlebot3_patrol_server/__init__.py to __init__.cpython-38.pyc
[6.401s] byte-compiling /home/terranova/uav_ws/install/turtlebot3_example/lib/python3.8/site-packages/turtlebot3_example/turtlebot3_patrol_server/turtlebot3_patrol_server.py to turtlebot3_patrol_server.cpython-38.pyc
[6.403s] byte-compiling /home/terranova/uav_ws/install/turtlebot3_example/lib/python3.8/site-packages/turtlebot3_example/__init__.py to __init__.cpython-38.pyc
[6.403s] byte-compiling /home/terranova/uav_ws/install/turtlebot3_example/lib/python3.8/site-packages/turtlebot3_example/turtlebot3_position_control/main.py to main.cpython-38.pyc
[6.404s] byte-compiling /home/terranova/uav_ws/install/turtlebot3_example/lib/python3.8/site-packages/turtlebot3_example/turtlebot3_position_control/turtlebot3_path.py to turtlebot3_path.cpython-38.pyc
[6.406s] byte-compiling /home/terranova/uav_ws/install/turtlebot3_example/lib/python3.8/site-packages/turtlebot3_example/turtlebot3_position_control/turtlebot3_position_control.py to turtlebot3_position_control.cpython-38.pyc
[6.408s] byte-compiling /home/terranova/uav_ws/install/turtlebot3_example/lib/python3.8/site-packages/turtlebot3_example/turtlebot3_position_control/__init__.py to __init__.cpython-38.pyc
[6.408s] running install_data
[6.409s] creating /home/terranova/uav_ws/install/turtlebot3_example/share/ament_index
[6.409s] creating /home/terranova/uav_ws/install/turtlebot3_example/share/ament_index/resource_index
[6.410s] creating /home/terranova/uav_ws/install/turtlebot3_example/share/ament_index/resource_index/packages
[6.410s] copying resource/turtlebot3_example -> /home/terranova/uav_ws/install/turtlebot3_example/share/ament_index/resource_index/packages
[6.411s] copying package.xml -> /home/terranova/uav_ws/install/turtlebot3_example/share/turtlebot3_example
[6.411s] running install_egg_info
[6.471s] Copying ../../../../build/turtlebot3_example/turtlebot3_example.egg-info to /home/terranova/uav_ws/install/turtlebot3_example/lib/python3.8/site-packages/turtlebot3_example-2.1.4-py3.8.egg-info
[6.473s] running install_scripts
[6.674s] Installing turtlebot3_obstacle_detection script to /home/terranova/uav_ws/install/turtlebot3_example/lib/turtlebot3_example
[6.676s] Installing turtlebot3_patrol_client script to /home/terranova/uav_ws/install/turtlebot3_example/lib/turtlebot3_example
[6.678s] Installing turtlebot3_patrol_server script to /home/terranova/uav_ws/install/turtlebot3_example/lib/turtlebot3_example
[6.681s] Installing turtlebot3_position_control script to /home/terranova/uav_ws/install/turtlebot3_example/lib/turtlebot3_example
[6.688s] writing list of installed files to '/home/terranova/uav_ws/build/turtlebot3_example/install.log'
[6.770s] Invoked command in '/home/terranova/uav_ws/src/turtlebot3/turtlebot3/turtlebot3_example' returned '0': AMENT_PREFIX_PATH=/home/terranova/uav_ws/install/turtlebot3_msgs:${AMENT_PREFIX_PATH} CMAKE_PREFIX_PATH=/home/terranova/uav_ws/install/turtlebot3_msgs LD_LIBRARY_PATH=/home/terranova/uav_ws/install/turtlebot3_msgs/lib:/opt/ros/foxy/opt/yaml_cpp_vendor/lib:/opt/ros/foxy/opt/rviz_ogre_vendor/lib:/opt/ros/foxy/lib/x86_64-linux-gnu:/opt/ros/foxy/lib:/usr/lib/x86_64-linux-gnu/gazebo-11/plugins:/usr/lib/x86_64-linux-gnu/gazebo-11/plugins:/usr/lib/x86_64-linux-gnu/gazebo-11/plugins PYTHONPATH=/home/terranova/uav_ws/build/turtlebot3_example/prefix_override:/home/terranova/uav_ws/install/turtlebot3_example/lib/python3.8/site-packages:/home/terranova/uav_ws/install/turtlebot3_msgs/lib/python3.8/site-packages:/opt/ros/foxy/lib/python3.8/site-packages:/home/terranova/.local/bin /usr/bin/python3 -W ignore:setup.py install is deprecated setup.py egg_info --egg-base ../../../../build/turtlebot3_example build --build-base /home/terranova/uav_ws/build/turtlebot3_example/build install --record /home/terranova/uav_ws/build/turtlebot3_example/install.log --single-version-externally-managed install_data
