[0.054s] Invoking command in '/home/terranova/uav_ws/build/dynamixel_sdk_examples': AMENT_PREFIX_PATH=/home/terranova/uav_ws/install/dynamixel_sdk_custom_interfaces:/home/terranova/uav_ws/install/dynamixel_sdk:${AMENT_PREFIX_PATH} CMAKE_PREFIX_PATH=/home/terranova/uav_ws/install/dynamixel_sdk_custom_interfaces:/home/terranova/uav_ws/install/dynamixel_sdk:/opt/ros/foxy LD_LIBRARY_PATH=/home/terranova/uav_ws/install/dynamixel_sdk_custom_interfaces/lib:/home/terranova/uav_ws/install/dynamixel_sdk/lib:/opt/ros/foxy/opt/yaml_cpp_vendor/lib:/opt/ros/foxy/opt/rviz_ogre_vendor/lib:/opt/ros/foxy/lib/x86_64-linux-gnu:/opt/ros/foxy/lib:/usr/lib/x86_64-linux-gnu/gazebo-11/plugins:/usr/lib/x86_64-linux-gnu/gazebo-11/plugins:/usr/lib/x86_64-linux-gnu/gazebo-11/plugins PYTHONPATH=/home/terranova/uav_ws/install/dynamixel_sdk_custom_interfaces/lib/python3.8/site-packages:/opt/ros/foxy/lib/python3.8/site-packages:/home/terranova/.local/bin /home/terranova/.local/bin/cmake /home/terranova/uav_ws/src/utils/DynamixelSDK/dynamixel_sdk_examples -DCMAKE_INSTALL_PREFIX=/home/terranova/uav_ws/install/dynamixel_sdk_examples
[0.273s] -- The C compiler identification is GNU 9.4.0
[0.437s] -- The CXX compiler identification is GNU 9.4.0
[0.552s] -- Detecting C compiler ABI info
[0.902s] -- Detecting C compiler ABI info - done
[0.933s] -- Check for working C compiler: /usr/lib/ccache/cc - skipped
[0.935s] -- Detecting C compile features
[0.937s] -- Detecting C compile features - done
[0.994s] -- Detecting CXX compiler ABI info
[1.253s] -- Detecting CXX compiler ABI info - done
[1.344s] -- Check for working CXX compiler: /usr/lib/ccache/c++ - skipped
[1.346s] -- Detecting CXX compile features
[1.348s] -- Detecting CXX compile features - done
[1.366s] -- Found ament_cmake: 0.9.12 (/opt/ros/foxy/share/ament_cmake/cmake)
[1.390s] [33mCMake Warning (dev) at /opt/ros/foxy/share/ament_cmake_core/cmake/core/python.cmake:22 (find_package):
[1.390s]   Policy CMP0148 is not set: The FindPythonInterp and FindPythonLibs modules
[1.390s]   are removed.  Run "cmake --help-policy CMP0148" for policy details.  Use
[1.391s]   the cmake_policy command to set the policy and suppress this warning.
[1.391s] 
[1.391s] Call Stack (most recent call first):
[1.391s]   /opt/ros/foxy/share/ament_cmake_core/cmake/core/all.cmake:53 (include)
[1.391s]   /opt/ros/foxy/share/ament_cmake_core/cmake/ament_cmake_core-extras.cmake:17 (include)
[1.391s]   /opt/ros/foxy/share/ament_cmake_core/cmake/ament_cmake_coreConfig.cmake:41 (include)
[1.392s]   /opt/ros/foxy/share/ament_cmake/cmake/ament_cmake_export_dependencies-extras.cmake:15 (find_package)
[1.392s]   /opt/ros/foxy/share/ament_cmake/cmake/ament_cmakeConfig.cmake:41 (include)
[1.392s]   CMakeLists.txt:19 (find_package)
[1.392s] This warning is for project developers.  Use -Wno-dev to suppress it.
[1.392s] [0m
[1.486s] -- Found PythonInterp: /usr/bin/python3 (found suitable version "3.8.10", minimum required is "3") 
[1.490s] -- Using PYTHON_EXECUTABLE: /usr/bin/python3
[2.548s] -- Found dynamixel_sdk: 3.7.40 (/home/terranova/uav_ws/install/dynamixel_sdk/share/dynamixel_sdk/cmake)
[2.564s] -- Found dynamixel_sdk_custom_interfaces: 3.7.40 (/home/terranova/uav_ws/install/dynamixel_sdk_custom_interfaces/share/dynamixel_sdk_custom_interfaces/cmake)
[2.728s] -- Using all available rosidl_typesupport_c: rosidl_typesupport_fastrtps_c;rosidl_typesupport_introspection_c
[2.773s] -- Found rosidl_adapter: 1.3.1 (/opt/ros/foxy/share/rosidl_adapter/cmake)
[3.094s] -- Found OpenSSL: /usr/lib/x86_64-linux-gnu/libcrypto.so (found version "1.1.1f")  
[3.344s] -- Found FastRTPS: /opt/ros/foxy/include  
[3.677s] -- Using all available rosidl_typesupport_cpp: rosidl_typesupport_fastrtps_cpp;rosidl_typesupport_introspection_cpp
[3.857s] -- Found rclcpp: 2.4.3 (/opt/ros/foxy/share/rclcpp/cmake)
[4.037s] -- Found rmw_implementation_cmake: 1.0.4 (/opt/ros/foxy/share/rmw_implementation_cmake/cmake)
[4.047s] -- Using RMW implementation 'rmw_fastrtps_cpp' as default
[4.050s] -- Performing Test CMAKE_HAVE_LIBC_PTHREAD
[4.507s] -- Performing Test CMAKE_HAVE_LIBC_PTHREAD - Failed
[4.507s] -- Looking for pthread_create in pthreads
[4.776s] -- Looking for pthread_create in pthreads - not found
[4.776s] -- Looking for pthread_create in pthread
[5.229s] -- Looking for pthread_create in pthread - found
[5.247s] -- Found Threads: TRUE  
[6.009s] -- Found ament_lint_auto: 0.9.8 (/opt/ros/foxy/share/ament_lint_auto/cmake)
[6.489s] -- Added test 'copyright' to check source files copyright and LICENSE
[6.497s] -- Added test 'cppcheck' to perform static code analysis on C / C++ code
[6.498s] -- Configured cppcheck include dirs: /home/terranova/uav_ws/src/utils/DynamixelSDK/dynamixel_sdk_examples/include
[6.499s] -- Configured cppcheck exclude dirs and/or files: 
[6.504s] -- Added test 'cpplint' to check C / C++ code against the Google style
[6.504s] -- Configured cpplint exclude dirs and/or files: 
[6.513s] -- Added test 'lint_cmake' to check CMake code style
[6.522s] -- Added test 'uncrustify' to check C / C++ code style
[6.523s] -- Configured uncrustify additional arguments: 
[6.531s] -- Added test 'xmllint' to check XML markup files
[6.542s] -- Configuring done (6.4s)
[6.595s] -- Generating done (0.0s)
[6.605s] -- Build files have been written to: /home/terranova/uav_ws/build/dynamixel_sdk_examples
[6.648s] Invoked command in '/home/terranova/uav_ws/build/dynamixel_sdk_examples' returned '0': AMENT_PREFIX_PATH=/home/terranova/uav_ws/install/dynamixel_sdk_custom_interfaces:/home/terranova/uav_ws/install/dynamixel_sdk:${AMENT_PREFIX_PATH} CMAKE_PREFIX_PATH=/home/terranova/uav_ws/install/dynamixel_sdk_custom_interfaces:/home/terranova/uav_ws/install/dynamixel_sdk:/opt/ros/foxy LD_LIBRARY_PATH=/home/terranova/uav_ws/install/dynamixel_sdk_custom_interfaces/lib:/home/terranova/uav_ws/install/dynamixel_sdk/lib:/opt/ros/foxy/opt/yaml_cpp_vendor/lib:/opt/ros/foxy/opt/rviz_ogre_vendor/lib:/opt/ros/foxy/lib/x86_64-linux-gnu:/opt/ros/foxy/lib:/usr/lib/x86_64-linux-gnu/gazebo-11/plugins:/usr/lib/x86_64-linux-gnu/gazebo-11/plugins:/usr/lib/x86_64-linux-gnu/gazebo-11/plugins PYTHONPATH=/home/terranova/uav_ws/install/dynamixel_sdk_custom_interfaces/lib/python3.8/site-packages:/opt/ros/foxy/lib/python3.8/site-packages:/home/terranova/.local/bin /home/terranova/.local/bin/cmake /home/terranova/uav_ws/src/utils/DynamixelSDK/dynamixel_sdk_examples -DCMAKE_INSTALL_PREFIX=/home/terranova/uav_ws/install/dynamixel_sdk_examples
[6.650s] Invoking command in '/home/terranova/uav_ws/build/dynamixel_sdk_examples': AMENT_PREFIX_PATH=/home/terranova/uav_ws/install/dynamixel_sdk_custom_interfaces:/home/terranova/uav_ws/install/dynamixel_sdk:${AMENT_PREFIX_PATH} CMAKE_PREFIX_PATH=/home/terranova/uav_ws/install/dynamixel_sdk_custom_interfaces:/home/terranova/uav_ws/install/dynamixel_sdk:/opt/ros/foxy LD_LIBRARY_PATH=/home/terranova/uav_ws/install/dynamixel_sdk_custom_interfaces/lib:/home/terranova/uav_ws/install/dynamixel_sdk/lib:/opt/ros/foxy/opt/yaml_cpp_vendor/lib:/opt/ros/foxy/opt/rviz_ogre_vendor/lib:/opt/ros/foxy/lib/x86_64-linux-gnu:/opt/ros/foxy/lib:/usr/lib/x86_64-linux-gnu/gazebo-11/plugins:/usr/lib/x86_64-linux-gnu/gazebo-11/plugins:/usr/lib/x86_64-linux-gnu/gazebo-11/plugins PYTHONPATH=/home/terranova/uav_ws/install/dynamixel_sdk_custom_interfaces/lib/python3.8/site-packages:/opt/ros/foxy/lib/python3.8/site-packages:/home/terranova/.local/bin /home/terranova/.local/bin/cmake --build /home/terranova/uav_ws/build/dynamixel_sdk_examples -- -j4 -l4
[6.808s] [ 50%] [32mBuilding CXX object CMakeFiles/read_write_node.dir/src/read_write_node.cpp.o[0m
[20.730s] [100%] [32m[1mLinking CXX executable read_write_node[0m
[21.170s] [100%] Built target read_write_node
[21.184s] Invoked command in '/home/terranova/uav_ws/build/dynamixel_sdk_examples' returned '0': AMENT_PREFIX_PATH=/home/terranova/uav_ws/install/dynamixel_sdk_custom_interfaces:/home/terranova/uav_ws/install/dynamixel_sdk:${AMENT_PREFIX_PATH} CMAKE_PREFIX_PATH=/home/terranova/uav_ws/install/dynamixel_sdk_custom_interfaces:/home/terranova/uav_ws/install/dynamixel_sdk:/opt/ros/foxy LD_LIBRARY_PATH=/home/terranova/uav_ws/install/dynamixel_sdk_custom_interfaces/lib:/home/terranova/uav_ws/install/dynamixel_sdk/lib:/opt/ros/foxy/opt/yaml_cpp_vendor/lib:/opt/ros/foxy/opt/rviz_ogre_vendor/lib:/opt/ros/foxy/lib/x86_64-linux-gnu:/opt/ros/foxy/lib:/usr/lib/x86_64-linux-gnu/gazebo-11/plugins:/usr/lib/x86_64-linux-gnu/gazebo-11/plugins:/usr/lib/x86_64-linux-gnu/gazebo-11/plugins PYTHONPATH=/home/terranova/uav_ws/install/dynamixel_sdk_custom_interfaces/lib/python3.8/site-packages:/opt/ros/foxy/lib/python3.8/site-packages:/home/terranova/.local/bin /home/terranova/.local/bin/cmake --build /home/terranova/uav_ws/build/dynamixel_sdk_examples -- -j4 -l4
[21.264s] Invoking command in '/home/terranova/uav_ws/build/dynamixel_sdk_examples': AMENT_PREFIX_PATH=/home/terranova/uav_ws/install/dynamixel_sdk_custom_interfaces:/home/terranova/uav_ws/install/dynamixel_sdk:${AMENT_PREFIX_PATH} CMAKE_PREFIX_PATH=/home/terranova/uav_ws/install/dynamixel_sdk_custom_interfaces:/home/terranova/uav_ws/install/dynamixel_sdk:/opt/ros/foxy LD_LIBRARY_PATH=/home/terranova/uav_ws/install/dynamixel_sdk_custom_interfaces/lib:/home/terranova/uav_ws/install/dynamixel_sdk/lib:/opt/ros/foxy/opt/yaml_cpp_vendor/lib:/opt/ros/foxy/opt/rviz_ogre_vendor/lib:/opt/ros/foxy/lib/x86_64-linux-gnu:/opt/ros/foxy/lib:/usr/lib/x86_64-linux-gnu/gazebo-11/plugins:/usr/lib/x86_64-linux-gnu/gazebo-11/plugins:/usr/lib/x86_64-linux-gnu/gazebo-11/plugins PYTHONPATH=/home/terranova/uav_ws/install/dynamixel_sdk_custom_interfaces/lib/python3.8/site-packages:/opt/ros/foxy/lib/python3.8/site-packages:/home/terranova/.local/bin /home/terranova/.local/bin/cmake --install /home/terranova/uav_ws/build/dynamixel_sdk_examples
[21.308s] -- Install configuration: ""
[21.308s] -- Installing: /home/terranova/uav_ws/install/dynamixel_sdk_examples/lib/dynamixel_sdk_examples/read_write_node
[21.311s] -- Set non-toolchain portion of runtime path of "/home/terranova/uav_ws/install/dynamixel_sdk_examples/lib/dynamixel_sdk_examples/read_write_node" to ""
[21.312s] -- Installing: /home/terranova/uav_ws/install/dynamixel_sdk_examples/share/ament_index/resource_index/package_run_dependencies/dynamixel_sdk_examples
[21.312s] -- Installing: /home/terranova/uav_ws/install/dynamixel_sdk_examples/share/ament_index/resource_index/parent_prefix_path/dynamixel_sdk_examples
[21.312s] -- Installing: /home/terranova/uav_ws/install/dynamixel_sdk_examples/share/dynamixel_sdk_examples/environment/ament_prefix_path.sh
[21.313s] -- Installing: /home/terranova/uav_ws/install/dynamixel_sdk_examples/share/dynamixel_sdk_examples/environment/ament_prefix_path.dsv
[21.314s] -- Installing: /home/terranova/uav_ws/install/dynamixel_sdk_examples/share/dynamixel_sdk_examples/environment/path.sh
[21.314s] -- Installing: /home/terranova/uav_ws/install/dynamixel_sdk_examples/share/dynamixel_sdk_examples/environment/path.dsv
[21.314s] -- Installing: /home/terranova/uav_ws/install/dynamixel_sdk_examples/share/dynamixel_sdk_examples/local_setup.bash
[21.315s] -- Installing: /home/terranova/uav_ws/install/dynamixel_sdk_examples/share/dynamixel_sdk_examples/local_setup.sh
[21.315s] -- Installing: /home/terranova/uav_ws/install/dynamixel_sdk_examples/share/dynamixel_sdk_examples/local_setup.zsh
[21.315s] -- Installing: /home/terranova/uav_ws/install/dynamixel_sdk_examples/share/dynamixel_sdk_examples/local_setup.dsv
[21.315s] -- Installing: /home/terranova/uav_ws/install/dynamixel_sdk_examples/share/dynamixel_sdk_examples/package.dsv
[21.316s] -- Installing: /home/terranova/uav_ws/install/dynamixel_sdk_examples/share/ament_index/resource_index/packages/dynamixel_sdk_examples
[21.316s] -- Installing: /home/terranova/uav_ws/install/dynamixel_sdk_examples/share/dynamixel_sdk_examples/cmake/dynamixel_sdk_examplesConfig.cmake
[21.316s] -- Installing: /home/terranova/uav_ws/install/dynamixel_sdk_examples/share/dynamixel_sdk_examples/cmake/dynamixel_sdk_examplesConfig-version.cmake
[21.316s] -- Installing: /home/terranova/uav_ws/install/dynamixel_sdk_examples/share/dynamixel_sdk_examples/package.xml
[21.328s] Invoked command in '/home/terranova/uav_ws/build/dynamixel_sdk_examples' returned '0': AMENT_PREFIX_PATH=/home/terranova/uav_ws/install/dynamixel_sdk_custom_interfaces:/home/terranova/uav_ws/install/dynamixel_sdk:${AMENT_PREFIX_PATH} CMAKE_PREFIX_PATH=/home/terranova/uav_ws/install/dynamixel_sdk_custom_interfaces:/home/terranova/uav_ws/install/dynamixel_sdk:/opt/ros/foxy LD_LIBRARY_PATH=/home/terranova/uav_ws/install/dynamixel_sdk_custom_interfaces/lib:/home/terranova/uav_ws/install/dynamixel_sdk/lib:/opt/ros/foxy/opt/yaml_cpp_vendor/lib:/opt/ros/foxy/opt/rviz_ogre_vendor/lib:/opt/ros/foxy/lib/x86_64-linux-gnu:/opt/ros/foxy/lib:/usr/lib/x86_64-linux-gnu/gazebo-11/plugins:/usr/lib/x86_64-linux-gnu/gazebo-11/plugins:/usr/lib/x86_64-linux-gnu/gazebo-11/plugins PYTHONPATH=/home/terranova/uav_ws/install/dynamixel_sdk_custom_interfaces/lib/python3.8/site-packages:/opt/ros/foxy/lib/python3.8/site-packages:/home/terranova/.local/bin /home/terranova/.local/bin/cmake --install /home/terranova/uav_ws/build/dynamixel_sdk_examples
