[0.111s] Invoking command in '/home/terranova/uav_ws/build/turtlebot3_msgs': CMAKE_PREFIX_PATH=${CMAKE_PREFIX_PATH}:/home/terranova/uav_ws/install/turtlebot3_teleop:/home/terranova/uav_ws/install/turtlebot3_example:/home/terranova/uav_ws/install/opencv_tests:/home/terranova/uav_ws/install/joint_state_publisher_gui:/home/terranova/uav_ws/install/joint_state_publisher:/opt/ros/foxy /home/terranova/.local/bin/cmake /home/terranova/uav_ws/src/turtlebot3/turtlebot3_msgs -DCMAKE_INSTALL_PREFIX=/home/terranova/uav_ws/install/turtlebot3_msgs
[0.733s] -- The C compiler identification is GNU 9.4.0
[1.207s] -- The CXX compiler identification is GNU 9.4.0
[1.298s] -- Detecting C compiler ABI info
[1.472s] -- Detecting C compiler ABI info - done
[1.494s] -- Check for working C compiler: /usr/lib/ccache/cc - skipped
[1.495s] -- Detecting C compile features
[1.496s] -- Detecting C compile features - done
[1.539s] -- Detecting CXX compiler ABI info
[1.727s] -- Detecting CXX compiler ABI info - done
[1.759s] -- Check for working CXX compiler: /usr/lib/ccache/c++ - skipped
[1.759s] -- Detecting CXX compile features
[1.760s] -- Detecting CXX compile features - done
[1.776s] -- Found action_msgs: 1.0.0 (/opt/ros/foxy/share/action_msgs/cmake)
[1.808s] [33mCMake Warning (dev) at /opt/ros/foxy/share/ament_cmake_core/cmake/core/python.cmake:22 (find_package):
[1.808s]   Policy CMP0148 is not set: The FindPythonInterp and FindPythonLibs modules
[1.808s]   are removed.  Run "cmake --help-policy CMP0148" for policy details.  Use
[1.808s]   the cmake_policy command to set the policy and suppress this warning.
[1.809s] 
[1.809s] Call Stack (most recent call first):
[1.809s]   /opt/ros/foxy/share/ament_cmake_core/cmake/core/all.cmake:53 (include)
[1.809s]   /opt/ros/foxy/share/ament_cmake_core/cmake/ament_cmake_core-extras.cmake:17 (include)
[1.809s]   /opt/ros/foxy/share/ament_cmake_core/cmake/ament_cmake_coreConfig.cmake:41 (include)
[1.809s]   /opt/ros/foxy/share/action_msgs/cmake/ament_cmake_export_dependencies-extras.cmake:15 (find_package)
[1.809s]   /opt/ros/foxy/share/action_msgs/cmake/action_msgsConfig.cmake:41 (include)
[1.809s]   CMakeLists.txt:18 (find_package)
[1.810s] This warning is for project developers.  Use -Wno-dev to suppress it.
[1.810s] [0m
[1.891s] -- Found PythonInterp: /usr/bin/python3 (found suitable version "3.8.10", minimum required is "3") 
[1.891s] -- Using PYTHON_EXECUTABLE: /usr/bin/python3
[2.739s] -- Using all available rosidl_typesupport_c: rosidl_typesupport_fastrtps_c;rosidl_typesupport_introspection_c
[2.764s] -- Found rosidl_adapter: 1.3.1 (/opt/ros/foxy/share/rosidl_adapter/cmake)
[3.022s] -- Found OpenSSL: /usr/lib/x86_64-linux-gnu/libcrypto.so (found version "1.1.1f")  
[3.121s] -- Found FastRTPS: /opt/ros/foxy/include  
[3.377s] -- Using all available rosidl_typesupport_cpp: rosidl_typesupport_fastrtps_cpp;rosidl_typesupport_introspection_cpp
[3.681s] -- Found rosidl_default_generators: 1.0.1 (/opt/ros/foxy/share/rosidl_default_generators/cmake)
[3.734s] -- Found std_msgs: 2.0.5 (/opt/ros/foxy/share/std_msgs/cmake)
[3.796s] [33mCMake Warning (dev) at /opt/ros/foxy/share/rosidl_adapter/cmake/rosidl_adapt_interfaces.cmake:40 (find_package):
[3.796s]   Policy CMP0148 is not set: The FindPythonInterp and FindPythonLibs modules
[3.796s]   are removed.  Run "cmake --help-policy CMP0148" for policy details.  Use
[3.797s]   the cmake_policy command to set the policy and suppress this warning.
[3.797s] 
[3.797s] Call Stack (most recent call first):
[3.797s]   /opt/ros/foxy/share/rosidl_cmake/cmake/rosidl_generate_interfaces.cmake:130 (rosidl_adapt_interfaces)
[3.797s]   CMakeLists.txt:45 (rosidl_generate_interfaces)
[3.797s] This warning is for project developers.  Use -Wno-dev to suppress it.
[3.798s] [0m
[3.864s] -- Found PythonInterp: /usr/bin/python3 (found version "3.8.10") 
[4.610s] -- Found ament_cmake_cppcheck: 0.9.8 (/opt/ros/foxy/share/ament_cmake_cppcheck/cmake)
[4.620s] -- Found ament_cmake_cpplint: 0.9.8 (/opt/ros/foxy/share/ament_cmake_cpplint/cmake)
[4.631s] -- Found ament_cmake_uncrustify: 0.9.8 (/opt/ros/foxy/share/ament_cmake_uncrustify/cmake)
[4.642s] -- Found ament_cmake_ros: 0.9.2 (/opt/ros/foxy/share/ament_cmake_ros/cmake)
[5.526s] -- Using all available rosidl_typesupport_c: rosidl_typesupport_fastrtps_c;rosidl_typesupport_introspection_c
[5.868s] -- Using all available rosidl_typesupport_cpp: rosidl_typesupport_fastrtps_cpp;rosidl_typesupport_introspection_cpp
[5.906s] [33mCMake Warning (dev) at /opt/ros/foxy/share/rosidl_generator_py/cmake/rosidl_generator_py_generate_interfaces.cmake:20 (find_package):
[5.906s]   Policy CMP0148 is not set: The FindPythonInterp and FindPythonLibs modules
[5.906s]   are removed.  Run "cmake --help-policy CMP0148" for policy details.  Use
[5.906s]   the cmake_policy command to set the policy and suppress this warning.
[5.906s] 
[5.906s] Call Stack (most recent call first):
[5.907s]   /opt/ros/foxy/share/ament_cmake_core/cmake/core/ament_execute_extensions.cmake:48 (include)
[5.907s]   /opt/ros/foxy/share/rosidl_cmake/cmake/rosidl_generate_interfaces.cmake:286 (ament_execute_extensions)
[5.907s]   CMakeLists.txt:45 (rosidl_generate_interfaces)
[5.907s] This warning is for project developers.  Use -Wno-dev to suppress it.
[5.907s] [0m
[6.001s] -- Found PythonInterp: /usr/bin/python3 (found suitable version "3.8.10", minimum required is "3.5") 
[6.013s] -- Found python_cmake_module: 0.8.1 (/opt/ros/foxy/share/python_cmake_module/cmake)
[6.017s] [33mCMake Warning (dev) at /opt/ros/foxy/share/python_cmake_module/cmake/Modules/FindPythonExtra.cmake:45 (find_package):
[6.017s]   Policy CMP0148 is not set: The FindPythonInterp and FindPythonLibs modules
[6.017s]   are removed.  Run "cmake --help-policy CMP0148" for policy details.  Use
[6.018s]   the cmake_policy command to set the policy and suppress this warning.
[6.018s] 
[6.018s] Call Stack (most recent call first):
[6.018s]   /opt/ros/foxy/share/rosidl_generator_py/cmake/rosidl_generator_py_generate_interfaces.cmake:23 (find_package)
[6.018s]   /opt/ros/foxy/share/ament_cmake_core/cmake/core/ament_execute_extensions.cmake:48 (include)
[6.018s]   /opt/ros/foxy/share/rosidl_cmake/cmake/rosidl_generate_interfaces.cmake:286 (ament_execute_extensions)
[6.019s]   CMakeLists.txt:45 (rosidl_generate_interfaces)
[6.019s] This warning is for project developers.  Use -Wno-dev to suppress it.
[6.019s] [0m
[6.092s] [33mCMake Warning (dev) at /opt/ros/foxy/share/python_cmake_module/cmake/Modules/FindPythonExtra.cmake:133 (find_package):
[6.093s]   Policy CMP0148 is not set: The FindPythonInterp and FindPythonLibs modules
[6.093s]   are removed.  Run "cmake --help-policy CMP0148" for policy details.  Use
[6.093s]   the cmake_policy command to set the policy and suppress this warning.
[6.093s] 
[6.093s] Call Stack (most recent call first):
[6.094s]   /opt/ros/foxy/share/rosidl_generator_py/cmake/rosidl_generator_py_generate_interfaces.cmake:23 (find_package)
[6.094s]   /opt/ros/foxy/share/ament_cmake_core/cmake/core/ament_execute_extensions.cmake:48 (include)
[6.094s]   /opt/ros/foxy/share/rosidl_cmake/cmake/rosidl_generate_interfaces.cmake:286 (ament_execute_extensions)
[6.094s]   CMakeLists.txt:45 (rosidl_generate_interfaces)
[6.094s] This warning is for project developers.  Use -Wno-dev to suppress it.
[6.094s] [0m
[6.119s] -- Found PythonLibs: /usr/lib/x86_64-linux-gnu/libpython3.8.so (found suitable version "3.8.10", minimum required is "3.5") 
[6.121s] -- Using PYTHON_EXECUTABLE: /usr/bin/python3
[6.121s] -- Using PYTHON_INCLUDE_DIRS: /usr/include/python3.8
[6.121s] -- Using PYTHON_LIBRARIES: /usr/lib/x86_64-linux-gnu/libpython3.8.so
[6.184s] -- Found PythonExtra: .so  
[6.764s] -- Found ament_cmake_flake8: 0.9.8 (/opt/ros/foxy/share/ament_cmake_flake8/cmake)
[6.773s] -- Found ament_cmake_pep257: 0.9.8 (/opt/ros/foxy/share/ament_cmake_pep257/cmake)
[6.812s] -- Configuring done (6.6s)
[7.032s] -- Generating done (0.2s)
[7.047s] -- Build files have been written to: /home/terranova/uav_ws/build/turtlebot3_msgs
[7.091s] Invoked command in '/home/terranova/uav_ws/build/turtlebot3_msgs' returned '0': CMAKE_PREFIX_PATH=${CMAKE_PREFIX_PATH}:/home/terranova/uav_ws/install/turtlebot3_teleop:/home/terranova/uav_ws/install/turtlebot3_example:/home/terranova/uav_ws/install/opencv_tests:/home/terranova/uav_ws/install/joint_state_publisher_gui:/home/terranova/uav_ws/install/joint_state_publisher:/opt/ros/foxy /home/terranova/.local/bin/cmake /home/terranova/uav_ws/src/turtlebot3/turtlebot3_msgs -DCMAKE_INSTALL_PREFIX=/home/terranova/uav_ws/install/turtlebot3_msgs
[7.093s] Invoking command in '/home/terranova/uav_ws/build/turtlebot3_msgs': CMAKE_PREFIX_PATH=${CMAKE_PREFIX_PATH}:/home/terranova/uav_ws/install/turtlebot3_teleop:/home/terranova/uav_ws/install/turtlebot3_example:/home/terranova/uav_ws/install/opencv_tests:/home/terranova/uav_ws/install/joint_state_publisher_gui:/home/terranova/uav_ws/install/joint_state_publisher:/opt/ros/foxy /home/terranova/.local/bin/cmake --build /home/terranova/uav_ws/build/turtlebot3_msgs -- -j4 -l4
[7.244s] [  1%] [34m[1mGenerating C code for ROS interfaces[0m
[7.263s] [  2%] [34m[1mGenerating C++ code for ROS interfaces[0m
[11.115s] [  2%] Built target turtlebot3_msgs__cpp
[11.177s] [  4%] [34m[1mGenerating C++ type support dispatch for ROS interfaces[0m
[11.208s] [  5%] [34m[1mGenerating C++ type support for eProsima Fast-RTPS[0m
[11.227s] [  7%] [34m[1mGenerating C++ introspection for ROS interfaces[0m
[12.397s] [  8%] [32mBuilding C object CMakeFiles/turtlebot3_msgs__rosidl_generator_c.dir/rosidl_generator_c/turtlebot3_msgs/msg/detail/sensor_state__functions.c.o[0m
[12.467s] [  9%] [32mBuilding C object CMakeFiles/turtlebot3_msgs__rosidl_generator_c.dir/rosidl_generator_c/turtlebot3_msgs/msg/detail/sound__functions.c.o[0m
[12.527s] [ 11%] [32mBuilding C object CMakeFiles/turtlebot3_msgs__rosidl_generator_c.dir/rosidl_generator_c/turtlebot3_msgs/msg/detail/version_info__functions.c.o[0m
[12.605s] [ 12%] [32mBuilding C object CMakeFiles/turtlebot3_msgs__rosidl_generator_c.dir/rosidl_generator_c/turtlebot3_msgs/srv/detail/sound__functions.c.o[0m
[12.666s] [ 14%] [32mBuilding C object CMakeFiles/turtlebot3_msgs__rosidl_generator_c.dir/rosidl_generator_c/turtlebot3_msgs/srv/detail/dqn__functions.c.o[0m
[12.729s] [ 15%] [32mBuilding C object CMakeFiles/turtlebot3_msgs__rosidl_generator_c.dir/rosidl_generator_c/turtlebot3_msgs/action/detail/patrol__functions.c.o[0m
[12.790s] [ 16%] [32m[1mLinking C shared library libturtlebot3_msgs__rosidl_generator_c.so[0m
[13.038s] [ 16%] Built target turtlebot3_msgs__rosidl_generator_c
[13.100s] [ 18%] [34m[1mGenerating C introspection for ROS interfaces[0m
[16.123s] [ 19%] [32mBuilding CXX object CMakeFiles/turtlebot3_msgs__rosidl_typesupport_introspection_cpp.dir/rosidl_typesupport_introspection_cpp/turtlebot3_msgs/msg/detail/sensor_state__type_support.cpp.o[0m
[16.144s] [ 21%] [32mBuilding CXX object CMakeFiles/turtlebot3_msgs__rosidl_typesupport_cpp.dir/rosidl_typesupport_cpp/turtlebot3_msgs/msg/sensor_state__type_support.cpp.o[0m
[16.234s] [ 22%] [32mBuilding CXX object CMakeFiles/turtlebot3_msgs__rosidl_typesupport_introspection_cpp.dir/rosidl_typesupport_introspection_cpp/turtlebot3_msgs/msg/detail/sound__type_support.cpp.o[0m
[16.235s] [ 23%] [32mBuilding CXX object CMakeFiles/turtlebot3_msgs__rosidl_typesupport_cpp.dir/rosidl_typesupport_cpp/turtlebot3_msgs/msg/sound__type_support.cpp.o[0m
[16.303s] [ 25%] [32mBuilding CXX object CMakeFiles/turtlebot3_msgs__rosidl_typesupport_introspection_cpp.dir/rosidl_typesupport_introspection_cpp/turtlebot3_msgs/msg/detail/version_info__type_support.cpp.o[0m
[16.336s] [ 26%] [32mBuilding CXX object CMakeFiles/turtlebot3_msgs__rosidl_typesupport_cpp.dir/rosidl_typesupport_cpp/turtlebot3_msgs/msg/version_info__type_support.cpp.o[0m
[16.378s] [ 28%] [32mBuilding CXX object CMakeFiles/turtlebot3_msgs__rosidl_typesupport_introspection_cpp.dir/rosidl_typesupport_introspection_cpp/turtlebot3_msgs/srv/detail/sound__type_support.cpp.o[0m
[16.407s] [ 29%] [32mBuilding CXX object CMakeFiles/turtlebot3_msgs__rosidl_typesupport_cpp.dir/rosidl_typesupport_cpp/turtlebot3_msgs/srv/sound__type_support.cpp.o[0m
[16.425s] [ 30%] [32mBuilding CXX object CMakeFiles/turtlebot3_msgs__rosidl_typesupport_introspection_cpp.dir/rosidl_typesupport_introspection_cpp/turtlebot3_msgs/srv/detail/dqn__type_support.cpp.o[0m
[16.470s] [ 32%] [32mBuilding CXX object CMakeFiles/turtlebot3_msgs__rosidl_typesupport_fastrtps_cpp.dir/rosidl_typesupport_fastrtps_cpp/turtlebot3_msgs/msg/detail/dds_fastrtps/sensor_state__type_support.cpp.o[0m
[16.504s] [ 33%] [32mBuilding CXX object CMakeFiles/turtlebot3_msgs__rosidl_typesupport_cpp.dir/rosidl_typesupport_cpp/turtlebot3_msgs/srv/dqn__type_support.cpp.o[0m
[16.525s] [ 35%] [32mBuilding CXX object CMakeFiles/turtlebot3_msgs__rosidl_typesupport_introspection_cpp.dir/rosidl_typesupport_introspection_cpp/turtlebot3_msgs/action/detail/patrol__type_support.cpp.o[0m
[16.532s] [ 36%] [32mBuilding CXX object CMakeFiles/turtlebot3_msgs__rosidl_typesupport_fastrtps_cpp.dir/rosidl_typesupport_fastrtps_cpp/turtlebot3_msgs/msg/detail/dds_fastrtps/sound__type_support.cpp.o[0m
[16.557s] [ 38%] [32mBuilding CXX object CMakeFiles/turtlebot3_msgs__rosidl_typesupport_cpp.dir/rosidl_typesupport_cpp/turtlebot3_msgs/action/patrol__type_support.cpp.o[0m
[16.635s] [ 39%] [32m[1mLinking CXX shared library libturtlebot3_msgs__rosidl_typesupport_introspection_cpp.so[0m
[16.648s] [ 40%] [32m[1mLinking CXX shared library libturtlebot3_msgs__rosidl_typesupport_cpp.so[0m
[16.663s] [ 42%] [32mBuilding CXX object CMakeFiles/turtlebot3_msgs__rosidl_typesupport_fastrtps_cpp.dir/rosidl_typesupport_fastrtps_cpp/turtlebot3_msgs/msg/detail/dds_fastrtps/version_info__type_support.cpp.o[0m
[16.788s] [ 43%] [32mBuilding CXX object CMakeFiles/turtlebot3_msgs__rosidl_typesupport_fastrtps_cpp.dir/rosidl_typesupport_fastrtps_cpp/turtlebot3_msgs/srv/detail/dds_fastrtps/sound__type_support.cpp.o[0m
[16.871s] [ 43%] Built target turtlebot3_msgs__rosidl_typesupport_cpp
[16.924s] [ 45%] [32mBuilding CXX object CMakeFiles/turtlebot3_msgs__rosidl_typesupport_fastrtps_cpp.dir/rosidl_typesupport_fastrtps_cpp/turtlebot3_msgs/srv/detail/dds_fastrtps/dqn__type_support.cpp.o[0m
[16.936s] [ 46%] [34m[1mGenerating C type support dispatch for ROS interfaces[0m
[17.012s] [ 47%] [32mBuilding CXX object CMakeFiles/turtlebot3_msgs__rosidl_typesupport_fastrtps_cpp.dir/rosidl_typesupport_fastrtps_cpp/turtlebot3_msgs/action/detail/dds_fastrtps/patrol__type_support.cpp.o[0m
[17.129s] [ 49%] [32m[1mLinking CXX shared library libturtlebot3_msgs__rosidl_typesupport_fastrtps_cpp.so[0m
[17.144s] [ 49%] Built target turtlebot3_msgs__rosidl_typesupport_introspection_cpp
[17.688s] [ 50%] [32mBuilding C object CMakeFiles/turtlebot3_msgs__rosidl_typesupport_introspection_c.dir/rosidl_typesupport_introspection_c/turtlebot3_msgs/msg/detail/sensor_state__type_support.c.o[0m
[17.720s] [ 52%] [32mBuilding C object CMakeFiles/turtlebot3_msgs__rosidl_typesupport_introspection_c.dir/rosidl_typesupport_introspection_c/turtlebot3_msgs/msg/detail/sound__type_support.c.o[0m
[17.772s] [ 53%] [32mBuilding C object CMakeFiles/turtlebot3_msgs__rosidl_typesupport_introspection_c.dir/rosidl_typesupport_introspection_c/turtlebot3_msgs/msg/detail/version_info__type_support.c.o[0m
[17.786s] [ 53%] Built target turtlebot3_msgs__rosidl_typesupport_fastrtps_cpp
[17.808s] [ 54%] [32mBuilding C object CMakeFiles/turtlebot3_msgs__rosidl_typesupport_introspection_c.dir/rosidl_typesupport_introspection_c/turtlebot3_msgs/srv/detail/sound__type_support.c.o[0m
[17.840s] [ 56%] [34m[1mGenerating C type support for eProsima Fast-RTPS[0m
[17.864s] [ 57%] [32mBuilding C object CMakeFiles/turtlebot3_msgs__rosidl_typesupport_introspection_c.dir/rosidl_typesupport_introspection_c/turtlebot3_msgs/srv/detail/dqn__type_support.c.o[0m
[17.887s] [ 59%] [32mBuilding C object CMakeFiles/turtlebot3_msgs__rosidl_typesupport_introspection_c.dir/rosidl_typesupport_introspection_c/turtlebot3_msgs/action/detail/patrol__type_support.c.o[0m
[17.944s] [ 60%] [32m[1mLinking C shared library libturtlebot3_msgs__rosidl_typesupport_introspection_c.so[0m
[18.165s] [ 60%] Built target turtlebot3_msgs__rosidl_typesupport_introspection_c
[20.369s] [ 61%] [32mBuilding CXX object CMakeFiles/turtlebot3_msgs__rosidl_typesupport_c.dir/rosidl_typesupport_c/turtlebot3_msgs/msg/sensor_state__type_support.cpp.o[0m
[20.376s] [ 63%] [32mBuilding CXX object CMakeFiles/turtlebot3_msgs__rosidl_typesupport_c.dir/rosidl_typesupport_c/turtlebot3_msgs/msg/sound__type_support.cpp.o[0m
[20.398s] [ 64%] [32mBuilding CXX object CMakeFiles/turtlebot3_msgs__rosidl_typesupport_c.dir/rosidl_typesupport_c/turtlebot3_msgs/msg/version_info__type_support.cpp.o[0m
[20.429s] [ 66%] [32mBuilding CXX object CMakeFiles/turtlebot3_msgs__rosidl_typesupport_c.dir/rosidl_typesupport_c/turtlebot3_msgs/srv/sound__type_support.cpp.o[0m
[20.452s] [ 67%] [32mBuilding CXX object CMakeFiles/turtlebot3_msgs__rosidl_typesupport_c.dir/rosidl_typesupport_c/turtlebot3_msgs/srv/dqn__type_support.cpp.o[0m
[20.485s] [ 69%] [32mBuilding CXX object CMakeFiles/turtlebot3_msgs__rosidl_typesupport_c.dir/rosidl_typesupport_c/turtlebot3_msgs/action/patrol__type_support.cpp.o[0m
[20.545s] [ 70%] [32m[1mLinking CXX shared library libturtlebot3_msgs__rosidl_typesupport_c.so[0m
[20.793s] [ 70%] Built target turtlebot3_msgs__rosidl_typesupport_c
[22.501s] [ 71%] [32mBuilding CXX object CMakeFiles/turtlebot3_msgs__rosidl_typesupport_fastrtps_c.dir/rosidl_typesupport_fastrtps_c/turtlebot3_msgs/msg/detail/sensor_state__type_support_c.cpp.o[0m
[22.513s] [ 73%] [32mBuilding CXX object CMakeFiles/turtlebot3_msgs__rosidl_typesupport_fastrtps_c.dir/rosidl_typesupport_fastrtps_c/turtlebot3_msgs/msg/detail/sound__type_support_c.cpp.o[0m
[22.531s] [ 74%] [32mBuilding CXX object CMakeFiles/turtlebot3_msgs__rosidl_typesupport_fastrtps_c.dir/rosidl_typesupport_fastrtps_c/turtlebot3_msgs/msg/detail/version_info__type_support_c.cpp.o[0m
[22.546s] [ 76%] [32mBuilding CXX object CMakeFiles/turtlebot3_msgs__rosidl_typesupport_fastrtps_c.dir/rosidl_typesupport_fastrtps_c/turtlebot3_msgs/srv/detail/sound__type_support_c.cpp.o[0m
[22.603s] [ 77%] [32mBuilding CXX object CMakeFiles/turtlebot3_msgs__rosidl_typesupport_fastrtps_c.dir/rosidl_typesupport_fastrtps_c/turtlebot3_msgs/srv/detail/dqn__type_support_c.cpp.o[0m
[22.627s] [ 78%] [32mBuilding CXX object CMakeFiles/turtlebot3_msgs__rosidl_typesupport_fastrtps_c.dir/rosidl_typesupport_fastrtps_c/turtlebot3_msgs/action/detail/patrol__type_support_c.cpp.o[0m
[23.032s] [ 80%] [32m[1mLinking CXX shared library libturtlebot3_msgs__rosidl_typesupport_fastrtps_c.so[0m
[23.381s] [ 80%] Built target turtlebot3_msgs__rosidl_typesupport_fastrtps_c
[23.456s] [ 80%] Built target turtlebot3_msgs
[23.509s] [ 81%] [34m[1mGenerating Python code for ROS interfaces[0m
[35.231s] [ 81%] Built target turtlebot3_msgs__py
[35.331s] [ 83%] [32mBuilding C object CMakeFiles/turtlebot3_msgs__python.dir/rosidl_generator_py/turtlebot3_msgs/msg/_sound_s.c.o[0m
[35.355s] [ 84%] [32mBuilding C object CMakeFiles/turtlebot3_msgs__python.dir/rosidl_generator_py/turtlebot3_msgs/msg/_sensor_state_s.c.o[0m
[35.404s] [ 85%] [32mBuilding C object CMakeFiles/turtlebot3_msgs__python.dir/rosidl_generator_py/turtlebot3_msgs/srv/_sound_s.c.o[0m
[35.465s] [ 87%] [32mBuilding C object CMakeFiles/turtlebot3_msgs__python.dir/rosidl_generator_py/turtlebot3_msgs/srv/_dqn_s.c.o[0m
[35.548s] [ 88%] [32mBuilding C object CMakeFiles/turtlebot3_msgs__python.dir/rosidl_generator_py/turtlebot3_msgs/action/_patrol_s.c.o[0m
[35.548s] [ 90%] [32mBuilding C object CMakeFiles/turtlebot3_msgs__python.dir/rosidl_generator_py/turtlebot3_msgs/msg/_version_info_s.c.o[0m
[35.616s] [ 91%] [32m[1mLinking C shared library rosidl_generator_py/turtlebot3_msgs/libturtlebot3_msgs__python.so[0m
[35.944s] [ 91%] Built target turtlebot3_msgs__python
[36.031s] [ 92%] [32mBuilding C object CMakeFiles/turtlebot3_msgs__rosidl_typesupport_fastrtps_c__pyext.dir/rosidl_generator_py/turtlebot3_msgs/_turtlebot3_msgs_s.ep.rosidl_typesupport_fastrtps_c.c.o[0m
[36.135s] [ 94%] [32m[1mLinking CXX shared library rosidl_generator_py/turtlebot3_msgs/turtlebot3_msgs_s__rosidl_typesupport_fastrtps_c.cpython-38-x86_64-linux-gnu.so[0m
[36.529s] [ 94%] Built target turtlebot3_msgs__rosidl_typesupport_fastrtps_c__pyext
[36.581s] [ 95%] [32mBuilding C object CMakeFiles/turtlebot3_msgs__rosidl_typesupport_c__pyext.dir/rosidl_generator_py/turtlebot3_msgs/_turtlebot3_msgs_s.ep.rosidl_typesupport_c.c.o[0m
[36.695s] [ 97%] [32m[1mLinking C shared library rosidl_generator_py/turtlebot3_msgs/turtlebot3_msgs_s__rosidl_typesupport_c.cpython-38-x86_64-linux-gnu.so[0m
[36.943s] [ 97%] Built target turtlebot3_msgs__rosidl_typesupport_c__pyext
[37.039s] [ 98%] [32mBuilding C object CMakeFiles/turtlebot3_msgs__rosidl_typesupport_introspection_c__pyext.dir/rosidl_generator_py/turtlebot3_msgs/_turtlebot3_msgs_s.ep.rosidl_typesupport_introspection_c.c.o[0m
[37.148s] [100%] [32m[1mLinking C shared library rosidl_generator_py/turtlebot3_msgs/turtlebot3_msgs_s__rosidl_typesupport_introspection_c.cpython-38-x86_64-linux-gnu.so[0m
[37.411s] [100%] Built target turtlebot3_msgs__rosidl_typesupport_introspection_c__pyext
[37.477s] Invoked command in '/home/terranova/uav_ws/build/turtlebot3_msgs' returned '0': CMAKE_PREFIX_PATH=${CMAKE_PREFIX_PATH}:/home/terranova/uav_ws/install/turtlebot3_teleop:/home/terranova/uav_ws/install/turtlebot3_example:/home/terranova/uav_ws/install/opencv_tests:/home/terranova/uav_ws/install/joint_state_publisher_gui:/home/terranova/uav_ws/install/joint_state_publisher:/opt/ros/foxy /home/terranova/.local/bin/cmake --build /home/terranova/uav_ws/build/turtlebot3_msgs -- -j4 -l4
[40.296s] Invoking command in '/home/terranova/uav_ws/build/turtlebot3_msgs': CMAKE_PREFIX_PATH=${CMAKE_PREFIX_PATH}:/home/terranova/uav_ws/install/turtlebot3_teleop:/home/terranova/uav_ws/install/turtlebot3_example:/home/terranova/uav_ws/install/opencv_tests:/home/terranova/uav_ws/install/joint_state_publisher_gui:/home/terranova/uav_ws/install/joint_state_publisher:/opt/ros/foxy /home/terranova/.local/bin/cmake --install /home/terranova/uav_ws/build/turtlebot3_msgs
[40.296s] -- Install configuration: ""
[40.306s] -- Installing: /home/terranova/uav_ws/install/turtlebot3_msgs/share/ament_index/resource_index/rosidl_interfaces/turtlebot3_msgs
[40.307s] -- Installing: /home/terranova/uav_ws/install/turtlebot3_msgs/include/turtlebot3_msgs
[40.307s] -- Installing: /home/terranova/uav_ws/install/turtlebot3_msgs/include/turtlebot3_msgs/msg
[40.307s] -- Installing: /home/terranova/uav_ws/install/turtlebot3_msgs/include/turtlebot3_msgs/msg/version_info.h
[40.307s] -- Installing: /home/terranova/uav_ws/install/turtlebot3_msgs/include/turtlebot3_msgs/msg/rosidl_generator_c__visibility_control.h
[40.311s] -- Installing: /home/terranova/uav_ws/install/turtlebot3_msgs/include/turtlebot3_msgs/msg/sound.h
[40.313s] -- Installing: /home/terranova/uav_ws/install/turtlebot3_msgs/include/turtlebot3_msgs/msg/sensor_state.h
[40.313s] -- Installing: /home/terranova/uav_ws/install/turtlebot3_msgs/include/turtlebot3_msgs/msg/detail
[40.314s] -- Installing: /home/terranova/uav_ws/install/turtlebot3_msgs/include/turtlebot3_msgs/msg/detail/sound__functions.c
[40.314s] -- Installing: /home/terranova/uav_ws/install/turtlebot3_msgs/include/turtlebot3_msgs/msg/detail/sound__type_support.h
[40.323s] -- Installing: /home/terranova/uav_ws/install/turtlebot3_msgs/include/turtlebot3_msgs/msg/detail/version_info__type_support.h
[40.323s] -- Installing: /home/terranova/uav_ws/install/turtlebot3_msgs/include/turtlebot3_msgs/msg/detail/sound__struct.h
[40.323s] -- Installing: /home/terranova/uav_ws/install/turtlebot3_msgs/include/turtlebot3_msgs/msg/detail/sensor_state__functions.h
[40.324s] -- Installing: /home/terranova/uav_ws/install/turtlebot3_msgs/include/turtlebot3_msgs/msg/detail/version_info__struct.h
[40.324s] -- Installing: /home/terranova/uav_ws/install/turtlebot3_msgs/include/turtlebot3_msgs/msg/detail/sensor_state__type_support.h
[40.324s] -- Installing: /home/terranova/uav_ws/install/turtlebot3_msgs/include/turtlebot3_msgs/msg/detail/sound__functions.h
[40.324s] -- Installing: /home/terranova/uav_ws/install/turtlebot3_msgs/include/turtlebot3_msgs/msg/detail/version_info__functions.h
[40.324s] -- Installing: /home/terranova/uav_ws/install/turtlebot3_msgs/include/turtlebot3_msgs/msg/detail/sensor_state__functions.c
[40.325s] -- Installing: /home/terranova/uav_ws/install/turtlebot3_msgs/include/turtlebot3_msgs/msg/detail/sensor_state__struct.h
[40.325s] -- Installing: /home/terranova/uav_ws/install/turtlebot3_msgs/include/turtlebot3_msgs/msg/detail/version_info__functions.c
[40.325s] -- Installing: /home/terranova/uav_ws/install/turtlebot3_msgs/include/turtlebot3_msgs/srv
[40.325s] -- Installing: /home/terranova/uav_ws/install/turtlebot3_msgs/include/turtlebot3_msgs/srv/dqn.h
[40.325s] -- Installing: /home/terranova/uav_ws/install/turtlebot3_msgs/include/turtlebot3_msgs/srv/sound.h
[40.326s] -- Installing: /home/terranova/uav_ws/install/turtlebot3_msgs/include/turtlebot3_msgs/srv/detail
[40.326s] -- Installing: /home/terranova/uav_ws/install/turtlebot3_msgs/include/turtlebot3_msgs/srv/detail/sound__functions.c
[40.327s] -- Installing: /home/terranova/uav_ws/install/turtlebot3_msgs/include/turtlebot3_msgs/srv/detail/sound__type_support.h
[40.327s] -- Installing: /home/terranova/uav_ws/install/turtlebot3_msgs/include/turtlebot3_msgs/srv/detail/sound__struct.h
[40.327s] -- Installing: /home/terranova/uav_ws/install/turtlebot3_msgs/include/turtlebot3_msgs/srv/detail/dqn__functions.c
[40.327s] -- Installing: /home/terranova/uav_ws/install/turtlebot3_msgs/include/turtlebot3_msgs/srv/detail/dqn__functions.h
[40.328s] -- Installing: /home/terranova/uav_ws/install/turtlebot3_msgs/include/turtlebot3_msgs/srv/detail/dqn__struct.h
[40.328s] -- Installing: /home/terranova/uav_ws/install/turtlebot3_msgs/include/turtlebot3_msgs/srv/detail/sound__functions.h
[40.329s] -- Installing: /home/terranova/uav_ws/install/turtlebot3_msgs/include/turtlebot3_msgs/srv/detail/dqn__type_support.h
[40.330s] -- Installing: /home/terranova/uav_ws/install/turtlebot3_msgs/include/turtlebot3_msgs/action
[40.330s] -- Installing: /home/terranova/uav_ws/install/turtlebot3_msgs/include/turtlebot3_msgs/action/patrol.h
[40.336s] -- Installing: /home/terranova/uav_ws/install/turtlebot3_msgs/include/turtlebot3_msgs/action/detail
[40.336s] -- Installing: /home/terranova/uav_ws/install/turtlebot3_msgs/include/turtlebot3_msgs/action/detail/patrol__type_support.h
[40.336s] -- Installing: /home/terranova/uav_ws/install/turtlebot3_msgs/include/turtlebot3_msgs/action/detail/patrol__functions.h
[40.337s] -- Installing: /home/terranova/uav_ws/install/turtlebot3_msgs/include/turtlebot3_msgs/action/detail/patrol__struct.h
[40.337s] -- Installing: /home/terranova/uav_ws/install/turtlebot3_msgs/include/turtlebot3_msgs/action/detail/patrol__functions.c
[40.339s] -- Installing: /home/terranova/uav_ws/install/turtlebot3_msgs/share/turtlebot3_msgs/environment/library_path.sh
[40.339s] -- Installing: /home/terranova/uav_ws/install/turtlebot3_msgs/share/turtlebot3_msgs/environment/library_path.dsv
[40.340s] -- Installing: /home/terranova/uav_ws/install/turtlebot3_msgs/lib/libturtlebot3_msgs__rosidl_generator_c.so
[40.343s] -- Set non-toolchain portion of runtime path of "/home/terranova/uav_ws/install/turtlebot3_msgs/lib/libturtlebot3_msgs__rosidl_generator_c.so" to ""
[40.344s] -- Up-to-date: /home/terranova/uav_ws/install/turtlebot3_msgs/include/turtlebot3_msgs
[40.344s] -- Up-to-date: /home/terranova/uav_ws/install/turtlebot3_msgs/include/turtlebot3_msgs/msg
[40.344s] -- Installing: /home/terranova/uav_ws/install/turtlebot3_msgs/include/turtlebot3_msgs/msg/rosidl_typesupport_fastrtps_c__visibility_control.h
[40.348s] -- Up-to-date: /home/terranova/uav_ws/install/turtlebot3_msgs/include/turtlebot3_msgs/msg/detail
[40.349s] -- Installing: /home/terranova/uav_ws/install/turtlebot3_msgs/include/turtlebot3_msgs/msg/detail/sound__rosidl_typesupport_fastrtps_c.h
[40.349s] -- Installing: /home/terranova/uav_ws/install/turtlebot3_msgs/include/turtlebot3_msgs/msg/detail/sensor_state__rosidl_typesupport_fastrtps_c.h
[40.350s] -- Installing: /home/terranova/uav_ws/install/turtlebot3_msgs/include/turtlebot3_msgs/msg/detail/version_info__rosidl_typesupport_fastrtps_c.h
[40.350s] -- Up-to-date: /home/terranova/uav_ws/install/turtlebot3_msgs/include/turtlebot3_msgs/srv
[40.350s] -- Up-to-date: /home/terranova/uav_ws/install/turtlebot3_msgs/include/turtlebot3_msgs/srv/detail
[40.351s] -- Installing: /home/terranova/uav_ws/install/turtlebot3_msgs/include/turtlebot3_msgs/srv/detail/sound__rosidl_typesupport_fastrtps_c.h
[40.351s] -- Installing: /home/terranova/uav_ws/install/turtlebot3_msgs/include/turtlebot3_msgs/srv/detail/dqn__rosidl_typesupport_fastrtps_c.h
[40.352s] -- Up-to-date: /home/terranova/uav_ws/install/turtlebot3_msgs/include/turtlebot3_msgs/action
[40.352s] -- Up-to-date: /home/terranova/uav_ws/install/turtlebot3_msgs/include/turtlebot3_msgs/action/detail
[40.353s] -- Installing: /home/terranova/uav_ws/install/turtlebot3_msgs/include/turtlebot3_msgs/action/detail/patrol__rosidl_typesupport_fastrtps_c.h
[40.353s] -- Installing: /home/terranova/uav_ws/install/turtlebot3_msgs/lib/libturtlebot3_msgs__rosidl_typesupport_fastrtps_c.so
[40.358s] -- Set non-toolchain portion of runtime path of "/home/terranova/uav_ws/install/turtlebot3_msgs/lib/libturtlebot3_msgs__rosidl_typesupport_fastrtps_c.so" to ""
[40.359s] -- Up-to-date: /home/terranova/uav_ws/install/turtlebot3_msgs/include/turtlebot3_msgs
[40.360s] -- Up-to-date: /home/terranova/uav_ws/install/turtlebot3_msgs/include/turtlebot3_msgs/msg
[40.360s] -- Installing: /home/terranova/uav_ws/install/turtlebot3_msgs/include/turtlebot3_msgs/msg/rosidl_typesupport_fastrtps_cpp__visibility_control.h
[40.360s] -- Up-to-date: /home/terranova/uav_ws/install/turtlebot3_msgs/include/turtlebot3_msgs/msg/detail
[40.360s] -- Installing: /home/terranova/uav_ws/install/turtlebot3_msgs/include/turtlebot3_msgs/msg/detail/dds_fastrtps
[40.361s] -- Installing: /home/terranova/uav_ws/install/turtlebot3_msgs/include/turtlebot3_msgs/msg/detail/sound__rosidl_typesupport_fastrtps_cpp.hpp
[40.361s] -- Installing: /home/terranova/uav_ws/install/turtlebot3_msgs/include/turtlebot3_msgs/msg/detail/sensor_state__rosidl_typesupport_fastrtps_cpp.hpp
[40.361s] -- Installing: /home/terranova/uav_ws/install/turtlebot3_msgs/include/turtlebot3_msgs/msg/detail/version_info__rosidl_typesupport_fastrtps_cpp.hpp
[40.361s] -- Up-to-date: /home/terranova/uav_ws/install/turtlebot3_msgs/include/turtlebot3_msgs/srv
[40.362s] -- Up-to-date: /home/terranova/uav_ws/install/turtlebot3_msgs/include/turtlebot3_msgs/srv/detail
[40.362s] -- Installing: /home/terranova/uav_ws/install/turtlebot3_msgs/include/turtlebot3_msgs/srv/detail/dds_fastrtps
[40.362s] -- Installing: /home/terranova/uav_ws/install/turtlebot3_msgs/include/turtlebot3_msgs/srv/detail/dqn__rosidl_typesupport_fastrtps_cpp.hpp
[40.362s] -- Installing: /home/terranova/uav_ws/install/turtlebot3_msgs/include/turtlebot3_msgs/srv/detail/sound__rosidl_typesupport_fastrtps_cpp.hpp
[40.362s] -- Up-to-date: /home/terranova/uav_ws/install/turtlebot3_msgs/include/turtlebot3_msgs/action
[40.363s] -- Up-to-date: /home/terranova/uav_ws/install/turtlebot3_msgs/include/turtlebot3_msgs/action/detail
[40.363s] -- Installing: /home/terranova/uav_ws/install/turtlebot3_msgs/include/turtlebot3_msgs/action/detail/dds_fastrtps
[40.363s] -- Installing: /home/terranova/uav_ws/install/turtlebot3_msgs/include/turtlebot3_msgs/action/detail/patrol__rosidl_typesupport_fastrtps_cpp.hpp
[40.363s] -- Installing: /home/terranova/uav_ws/install/turtlebot3_msgs/lib/libturtlebot3_msgs__rosidl_typesupport_fastrtps_cpp.so
[40.367s] -- Set non-toolchain portion of runtime path of "/home/terranova/uav_ws/install/turtlebot3_msgs/lib/libturtlebot3_msgs__rosidl_typesupport_fastrtps_cpp.so" to ""
[40.367s] -- Up-to-date: /home/terranova/uav_ws/install/turtlebot3_msgs/include/turtlebot3_msgs
[40.368s] -- Up-to-date: /home/terranova/uav_ws/install/turtlebot3_msgs/include/turtlebot3_msgs/msg
[40.368s] -- Up-to-date: /home/terranova/uav_ws/install/turtlebot3_msgs/include/turtlebot3_msgs/msg/detail
[40.368s] -- Installing: /home/terranova/uav_ws/install/turtlebot3_msgs/include/turtlebot3_msgs/msg/detail/version_info__type_support.c
[40.368s] -- Installing: /home/terranova/uav_ws/install/turtlebot3_msgs/include/turtlebot3_msgs/msg/detail/sound__rosidl_typesupport_introspection_c.h
[40.368s] -- Installing: /home/terranova/uav_ws/install/turtlebot3_msgs/include/turtlebot3_msgs/msg/detail/sensor_state__rosidl_typesupport_introspection_c.h
[40.369s] -- Installing: /home/terranova/uav_ws/install/turtlebot3_msgs/include/turtlebot3_msgs/msg/detail/sensor_state__type_support.c
[40.369s] -- Installing: /home/terranova/uav_ws/install/turtlebot3_msgs/include/turtlebot3_msgs/msg/detail/version_info__rosidl_typesupport_introspection_c.h
[40.369s] -- Installing: /home/terranova/uav_ws/install/turtlebot3_msgs/include/turtlebot3_msgs/msg/detail/sound__type_support.c
[40.369s] -- Installing: /home/terranova/uav_ws/install/turtlebot3_msgs/include/turtlebot3_msgs/msg/rosidl_typesupport_introspection_c__visibility_control.h
[40.370s] -- Up-to-date: /home/terranova/uav_ws/install/turtlebot3_msgs/include/turtlebot3_msgs/srv
[40.370s] -- Up-to-date: /home/terranova/uav_ws/install/turtlebot3_msgs/include/turtlebot3_msgs/srv/detail
[40.370s] -- Installing: /home/terranova/uav_ws/install/turtlebot3_msgs/include/turtlebot3_msgs/srv/detail/dqn__type_support.c
[40.370s] -- Installing: /home/terranova/uav_ws/install/turtlebot3_msgs/include/turtlebot3_msgs/srv/detail/sound__rosidl_typesupport_introspection_c.h
[40.372s] -- Installing: /home/terranova/uav_ws/install/turtlebot3_msgs/include/turtlebot3_msgs/srv/detail/dqn__rosidl_typesupport_introspection_c.h
[40.374s] -- Installing: /home/terranova/uav_ws/install/turtlebot3_msgs/include/turtlebot3_msgs/srv/detail/sound__type_support.c
[40.375s] -- Up-to-date: /home/terranova/uav_ws/install/turtlebot3_msgs/include/turtlebot3_msgs/action
[40.377s] -- Up-to-date: /home/terranova/uav_ws/install/turtlebot3_msgs/include/turtlebot3_msgs/action/detail
[40.377s] -- Installing: /home/terranova/uav_ws/install/turtlebot3_msgs/include/turtlebot3_msgs/action/detail/patrol__rosidl_typesupport_introspection_c.h
[40.378s] -- Installing: /home/terranova/uav_ws/install/turtlebot3_msgs/include/turtlebot3_msgs/action/detail/patrol__type_support.c
[40.378s] -- Installing: /home/terranova/uav_ws/install/turtlebot3_msgs/lib/libturtlebot3_msgs__rosidl_typesupport_introspection_c.so
[40.385s] -- Set non-toolchain portion of runtime path of "/home/terranova/uav_ws/install/turtlebot3_msgs/lib/libturtlebot3_msgs__rosidl_typesupport_introspection_c.so" to ""
[40.385s] -- Installing: /home/terranova/uav_ws/install/turtlebot3_msgs/lib/libturtlebot3_msgs__rosidl_typesupport_c.so
[40.387s] -- Set non-toolchain portion of runtime path of "/home/terranova/uav_ws/install/turtlebot3_msgs/lib/libturtlebot3_msgs__rosidl_typesupport_c.so" to ""
[40.387s] -- Up-to-date: /home/terranova/uav_ws/install/turtlebot3_msgs/include/turtlebot3_msgs
[40.388s] -- Up-to-date: /home/terranova/uav_ws/install/turtlebot3_msgs/include/turtlebot3_msgs/msg
[40.388s] -- Installing: /home/terranova/uav_ws/install/turtlebot3_msgs/include/turtlebot3_msgs/msg/sensor_state.hpp
[40.391s] -- Installing: /home/terranova/uav_ws/install/turtlebot3_msgs/include/turtlebot3_msgs/msg/sound.hpp
[40.392s] -- Installing: /home/terranova/uav_ws/install/turtlebot3_msgs/include/turtlebot3_msgs/msg/version_info.hpp
[40.392s] -- Installing: /home/terranova/uav_ws/install/turtlebot3_msgs/include/turtlebot3_msgs/msg/rosidl_generator_cpp__visibility_control.hpp
[40.394s] -- Up-to-date: /home/terranova/uav_ws/install/turtlebot3_msgs/include/turtlebot3_msgs/msg/detail
[40.395s] -- Installing: /home/terranova/uav_ws/install/turtlebot3_msgs/include/turtlebot3_msgs/msg/detail/sound__builder.hpp
[40.395s] -- Installing: /home/terranova/uav_ws/install/turtlebot3_msgs/include/turtlebot3_msgs/msg/detail/sensor_state__builder.hpp
[40.396s] -- Installing: /home/terranova/uav_ws/install/turtlebot3_msgs/include/turtlebot3_msgs/msg/detail/version_info__traits.hpp
[40.396s] -- Installing: /home/terranova/uav_ws/install/turtlebot3_msgs/include/turtlebot3_msgs/msg/detail/sound__type_support.hpp
[40.397s] -- Installing: /home/terranova/uav_ws/install/turtlebot3_msgs/include/turtlebot3_msgs/msg/detail/sensor_state__traits.hpp
[40.397s] -- Installing: /home/terranova/uav_ws/install/turtlebot3_msgs/include/turtlebot3_msgs/msg/detail/sensor_state__struct.hpp
[40.397s] -- Installing: /home/terranova/uav_ws/install/turtlebot3_msgs/include/turtlebot3_msgs/msg/detail/sensor_state__type_support.hpp
[40.398s] -- Installing: /home/terranova/uav_ws/install/turtlebot3_msgs/include/turtlebot3_msgs/msg/detail/version_info__struct.hpp
[40.398s] -- Installing: /home/terranova/uav_ws/install/turtlebot3_msgs/include/turtlebot3_msgs/msg/detail/sound__struct.hpp
[40.398s] -- Installing: /home/terranova/uav_ws/install/turtlebot3_msgs/include/turtlebot3_msgs/msg/detail/sound__traits.hpp
[40.398s] -- Installing: /home/terranova/uav_ws/install/turtlebot3_msgs/include/turtlebot3_msgs/msg/detail/version_info__builder.hpp
[40.399s] -- Installing: /home/terranova/uav_ws/install/turtlebot3_msgs/include/turtlebot3_msgs/msg/detail/version_info__type_support.hpp
[40.399s] -- Up-to-date: /home/terranova/uav_ws/install/turtlebot3_msgs/include/turtlebot3_msgs/srv
[40.399s] -- Installing: /home/terranova/uav_ws/install/turtlebot3_msgs/include/turtlebot3_msgs/srv/dqn.hpp
[40.399s] -- Installing: /home/terranova/uav_ws/install/turtlebot3_msgs/include/turtlebot3_msgs/srv/sound.hpp
[40.399s] -- Up-to-date: /home/terranova/uav_ws/install/turtlebot3_msgs/include/turtlebot3_msgs/srv/detail
[40.400s] -- Installing: /home/terranova/uav_ws/install/turtlebot3_msgs/include/turtlebot3_msgs/srv/detail/sound__builder.hpp
[40.400s] -- Installing: /home/terranova/uav_ws/install/turtlebot3_msgs/include/turtlebot3_msgs/srv/detail/sound__type_support.hpp
[40.400s] -- Installing: /home/terranova/uav_ws/install/turtlebot3_msgs/include/turtlebot3_msgs/srv/detail/dqn__type_support.hpp
[40.400s] -- Installing: /home/terranova/uav_ws/install/turtlebot3_msgs/include/turtlebot3_msgs/srv/detail/dqn__builder.hpp
[40.400s] -- Installing: /home/terranova/uav_ws/install/turtlebot3_msgs/include/turtlebot3_msgs/srv/detail/dqn__struct.hpp
[40.407s] -- Installing: /home/terranova/uav_ws/install/turtlebot3_msgs/include/turtlebot3_msgs/srv/detail/dqn__traits.hpp
[40.408s] -- Installing: /home/terranova/uav_ws/install/turtlebot3_msgs/include/turtlebot3_msgs/srv/detail/sound__struct.hpp
[40.410s] -- Installing: /home/terranova/uav_ws/install/turtlebot3_msgs/include/turtlebot3_msgs/srv/detail/sound__traits.hpp
[40.411s] -- Up-to-date: /home/terranova/uav_ws/install/turtlebot3_msgs/include/turtlebot3_msgs/action
[40.411s] -- Installing: /home/terranova/uav_ws/install/turtlebot3_msgs/include/turtlebot3_msgs/action/patrol.hpp
[40.411s] -- Up-to-date: /home/terranova/uav_ws/install/turtlebot3_msgs/include/turtlebot3_msgs/action/detail
[40.412s] -- Installing: /home/terranova/uav_ws/install/turtlebot3_msgs/include/turtlebot3_msgs/action/detail/patrol__struct.hpp
[40.412s] -- Installing: /home/terranova/uav_ws/install/turtlebot3_msgs/include/turtlebot3_msgs/action/detail/patrol__type_support.hpp
[40.412s] -- Installing: /home/terranova/uav_ws/install/turtlebot3_msgs/include/turtlebot3_msgs/action/detail/patrol__traits.hpp
[40.412s] -- Installing: /home/terranova/uav_ws/install/turtlebot3_msgs/include/turtlebot3_msgs/action/detail/patrol__builder.hpp
[40.413s] -- Up-to-date: /home/terranova/uav_ws/install/turtlebot3_msgs/include/turtlebot3_msgs
[40.413s] -- Up-to-date: /home/terranova/uav_ws/install/turtlebot3_msgs/include/turtlebot3_msgs/msg
[40.413s] -- Up-to-date: /home/terranova/uav_ws/install/turtlebot3_msgs/include/turtlebot3_msgs/msg/detail
[40.414s] -- Installing: /home/terranova/uav_ws/install/turtlebot3_msgs/include/turtlebot3_msgs/msg/detail/sensor_state__rosidl_typesupport_introspection_cpp.hpp
[40.414s] -- Installing: /home/terranova/uav_ws/install/turtlebot3_msgs/include/turtlebot3_msgs/msg/detail/version_info__rosidl_typesupport_introspection_cpp.hpp
[40.414s] -- Installing: /home/terranova/uav_ws/install/turtlebot3_msgs/include/turtlebot3_msgs/msg/detail/version_info__type_support.cpp
[40.414s] -- Installing: /home/terranova/uav_ws/install/turtlebot3_msgs/include/turtlebot3_msgs/msg/detail/sound__rosidl_typesupport_introspection_cpp.hpp
[40.414s] -- Installing: /home/terranova/uav_ws/install/turtlebot3_msgs/include/turtlebot3_msgs/msg/detail/sensor_state__type_support.cpp
[40.415s] -- Installing: /home/terranova/uav_ws/install/turtlebot3_msgs/include/turtlebot3_msgs/msg/detail/sound__type_support.cpp
[40.415s] -- Up-to-date: /home/terranova/uav_ws/install/turtlebot3_msgs/include/turtlebot3_msgs/srv
[40.415s] -- Up-to-date: /home/terranova/uav_ws/install/turtlebot3_msgs/include/turtlebot3_msgs/srv/detail
[40.415s] -- Installing: /home/terranova/uav_ws/install/turtlebot3_msgs/include/turtlebot3_msgs/srv/detail/dqn__rosidl_typesupport_introspection_cpp.hpp
[40.416s] -- Installing: /home/terranova/uav_ws/install/turtlebot3_msgs/include/turtlebot3_msgs/srv/detail/sound__rosidl_typesupport_introspection_cpp.hpp
[40.416s] -- Installing: /home/terranova/uav_ws/install/turtlebot3_msgs/include/turtlebot3_msgs/srv/detail/dqn__type_support.cpp
[40.416s] -- Installing: /home/terranova/uav_ws/install/turtlebot3_msgs/include/turtlebot3_msgs/srv/detail/sound__type_support.cpp
[40.416s] -- Up-to-date: /home/terranova/uav_ws/install/turtlebot3_msgs/include/turtlebot3_msgs/action
[40.416s] -- Up-to-date: /home/terranova/uav_ws/install/turtlebot3_msgs/include/turtlebot3_msgs/action/detail
[40.417s] -- Installing: /home/terranova/uav_ws/install/turtlebot3_msgs/include/turtlebot3_msgs/action/detail/patrol__type_support.cpp
[40.417s] -- Installing: /home/terranova/uav_ws/install/turtlebot3_msgs/include/turtlebot3_msgs/action/detail/patrol__rosidl_typesupport_introspection_cpp.hpp
[40.417s] -- Installing: /home/terranova/uav_ws/install/turtlebot3_msgs/lib/libturtlebot3_msgs__rosidl_typesupport_introspection_cpp.so
[40.419s] -- Set non-toolchain portion of runtime path of "/home/terranova/uav_ws/install/turtlebot3_msgs/lib/libturtlebot3_msgs__rosidl_typesupport_introspection_cpp.so" to ""
[40.419s] -- Installing: /home/terranova/uav_ws/install/turtlebot3_msgs/lib/libturtlebot3_msgs__rosidl_typesupport_cpp.so
[40.420s] -- Set non-toolchain portion of runtime path of "/home/terranova/uav_ws/install/turtlebot3_msgs/lib/libturtlebot3_msgs__rosidl_typesupport_cpp.so" to ""
[40.420s] -- Installing: /home/terranova/uav_ws/install/turtlebot3_msgs/share/turtlebot3_msgs/environment/pythonpath.sh
[40.421s] -- Installing: /home/terranova/uav_ws/install/turtlebot3_msgs/share/turtlebot3_msgs/environment/pythonpath.dsv
[40.432s] -- Installing: /home/terranova/uav_ws/install/turtlebot3_msgs/lib/python3.8/site-packages/turtlebot3_msgs/__init__.py
[40.685s] Compiling '/home/terranova/uav_ws/install/turtlebot3_msgs/lib/python3.8/site-packages/turtlebot3_msgs/__init__.py'...
[40.742s] -- Installing: /home/terranova/uav_ws/install/turtlebot3_msgs/lib/python3.8/site-packages/turtlebot3_msgs/msg
[40.742s] -- Installing: /home/terranova/uav_ws/install/turtlebot3_msgs/lib/python3.8/site-packages/turtlebot3_msgs/msg/_sensor_state_s.c
[40.742s] -- Installing: /home/terranova/uav_ws/install/turtlebot3_msgs/lib/python3.8/site-packages/turtlebot3_msgs/msg/_version_info.py
[40.742s] -- Installing: /home/terranova/uav_ws/install/turtlebot3_msgs/lib/python3.8/site-packages/turtlebot3_msgs/msg/_sound.py
[40.743s] -- Installing: /home/terranova/uav_ws/install/turtlebot3_msgs/lib/python3.8/site-packages/turtlebot3_msgs/msg/__init__.py
[40.743s] -- Installing: /home/terranova/uav_ws/install/turtlebot3_msgs/lib/python3.8/site-packages/turtlebot3_msgs/msg/_sound_s.c
[40.743s] -- Installing: /home/terranova/uav_ws/install/turtlebot3_msgs/lib/python3.8/site-packages/turtlebot3_msgs/msg/_sensor_state.py
[40.747s] -- Installing: /home/terranova/uav_ws/install/turtlebot3_msgs/lib/python3.8/site-packages/turtlebot3_msgs/msg/_version_info_s.c
[40.747s] -- Installing: /home/terranova/uav_ws/install/turtlebot3_msgs/lib/python3.8/site-packages/turtlebot3_msgs/srv
[40.747s] -- Installing: /home/terranova/uav_ws/install/turtlebot3_msgs/lib/python3.8/site-packages/turtlebot3_msgs/srv/_dqn_s.c
[40.747s] -- Installing: /home/terranova/uav_ws/install/turtlebot3_msgs/lib/python3.8/site-packages/turtlebot3_msgs/srv/_dqn.py
[40.747s] -- Installing: /home/terranova/uav_ws/install/turtlebot3_msgs/lib/python3.8/site-packages/turtlebot3_msgs/srv/_sound.py
[40.748s] -- Installing: /home/terranova/uav_ws/install/turtlebot3_msgs/lib/python3.8/site-packages/turtlebot3_msgs/srv/__init__.py
[40.748s] -- Installing: /home/terranova/uav_ws/install/turtlebot3_msgs/lib/python3.8/site-packages/turtlebot3_msgs/srv/_sound_s.c
[40.748s] -- Installing: /home/terranova/uav_ws/install/turtlebot3_msgs/lib/python3.8/site-packages/turtlebot3_msgs/action
[40.748s] -- Installing: /home/terranova/uav_ws/install/turtlebot3_msgs/lib/python3.8/site-packages/turtlebot3_msgs/action/_patrol.py
[40.749s] -- Installing: /home/terranova/uav_ws/install/turtlebot3_msgs/lib/python3.8/site-packages/turtlebot3_msgs/action/__init__.py
[40.749s] -- Installing: /home/terranova/uav_ws/install/turtlebot3_msgs/lib/python3.8/site-packages/turtlebot3_msgs/action/_patrol_s.c
[40.756s] -- Installing: /home/terranova/uav_ws/install/turtlebot3_msgs/lib/python3.8/site-packages/turtlebot3_msgs/turtlebot3_msgs_s__rosidl_typesupport_fastrtps_c.cpython-38-x86_64-linux-gnu.so
[40.756s] -- Set non-toolchain portion of runtime path of "/home/terranova/uav_ws/install/turtlebot3_msgs/lib/python3.8/site-packages/turtlebot3_msgs/turtlebot3_msgs_s__rosidl_typesupport_fastrtps_c.cpython-38-x86_64-linux-gnu.so" to ""
[40.757s] -- Installing: /home/terranova/uav_ws/install/turtlebot3_msgs/lib/python3.8/site-packages/turtlebot3_msgs/turtlebot3_msgs_s__rosidl_typesupport_introspection_c.cpython-38-x86_64-linux-gnu.so
[40.757s] -- Set non-toolchain portion of runtime path of "/home/terranova/uav_ws/install/turtlebot3_msgs/lib/python3.8/site-packages/turtlebot3_msgs/turtlebot3_msgs_s__rosidl_typesupport_introspection_c.cpython-38-x86_64-linux-gnu.so" to ""
[40.757s] -- Installing: /home/terranova/uav_ws/install/turtlebot3_msgs/lib/python3.8/site-packages/turtlebot3_msgs/turtlebot3_msgs_s__rosidl_typesupport_c.cpython-38-x86_64-linux-gnu.so
[40.758s] -- Set non-toolchain portion of runtime path of "/home/terranova/uav_ws/install/turtlebot3_msgs/lib/python3.8/site-packages/turtlebot3_msgs/turtlebot3_msgs_s__rosidl_typesupport_c.cpython-38-x86_64-linux-gnu.so" to ""
[40.758s] -- Installing: /home/terranova/uav_ws/install/turtlebot3_msgs/lib/libturtlebot3_msgs__python.so
[40.760s] -- Set non-toolchain portion of runtime path of "/home/terranova/uav_ws/install/turtlebot3_msgs/lib/libturtlebot3_msgs__python.so" to ""
[40.760s] -- Installing: /home/terranova/uav_ws/install/turtlebot3_msgs/share/turtlebot3_msgs/msg/SensorState.idl
[40.761s] -- Installing: /home/terranova/uav_ws/install/turtlebot3_msgs/share/turtlebot3_msgs/msg/Sound.idl
[40.772s] -- Installing: /home/terranova/uav_ws/install/turtlebot3_msgs/share/turtlebot3_msgs/msg/VersionInfo.idl
[40.772s] -- Installing: /home/terranova/uav_ws/install/turtlebot3_msgs/share/turtlebot3_msgs/srv/Sound.idl
[40.773s] -- Installing: /home/terranova/uav_ws/install/turtlebot3_msgs/share/turtlebot3_msgs/srv/Dqn.idl
[40.773s] -- Installing: /home/terranova/uav_ws/install/turtlebot3_msgs/share/turtlebot3_msgs/action/Patrol.idl
[40.774s] -- Installing: /home/terranova/uav_ws/install/turtlebot3_msgs/share/turtlebot3_msgs/msg/SensorState.msg
[40.775s] -- Installing: /home/terranova/uav_ws/install/turtlebot3_msgs/share/turtlebot3_msgs/msg/Sound.msg
[40.775s] -- Installing: /home/terranova/uav_ws/install/turtlebot3_msgs/share/turtlebot3_msgs/msg/VersionInfo.msg
[40.775s] -- Installing: /home/terranova/uav_ws/install/turtlebot3_msgs/share/turtlebot3_msgs/srv/Sound.srv
[40.776s] -- Installing: /home/terranova/uav_ws/install/turtlebot3_msgs/share/turtlebot3_msgs/srv/Sound_Request.msg
[40.776s] -- Installing: /home/terranova/uav_ws/install/turtlebot3_msgs/share/turtlebot3_msgs/srv/Sound_Response.msg
[40.777s] -- Installing: /home/terranova/uav_ws/install/turtlebot3_msgs/share/turtlebot3_msgs/srv/Dqn.srv
[40.783s] -- Installing: /home/terranova/uav_ws/install/turtlebot3_msgs/share/turtlebot3_msgs/srv/Dqn_Request.msg
[40.783s] -- Installing: /home/terranova/uav_ws/install/turtlebot3_msgs/share/turtlebot3_msgs/srv/Dqn_Response.msg
[40.788s] -- Installing: /home/terranova/uav_ws/install/turtlebot3_msgs/share/turtlebot3_msgs/action/Patrol.action
[40.797s] -- Installing: /home/terranova/uav_ws/install/turtlebot3_msgs/share/ament_index/resource_index/package_run_dependencies/turtlebot3_msgs
[40.798s] -- Installing: /home/terranova/uav_ws/install/turtlebot3_msgs/share/ament_index/resource_index/parent_prefix_path/turtlebot3_msgs
[40.798s] -- Installing: /home/terranova/uav_ws/install/turtlebot3_msgs/share/turtlebot3_msgs/environment/ament_prefix_path.sh
[40.799s] -- Installing: /home/terranova/uav_ws/install/turtlebot3_msgs/share/turtlebot3_msgs/environment/ament_prefix_path.dsv
[40.799s] -- Installing: /home/terranova/uav_ws/install/turtlebot3_msgs/share/turtlebot3_msgs/environment/path.sh
[40.799s] -- Installing: /home/terranova/uav_ws/install/turtlebot3_msgs/share/turtlebot3_msgs/environment/path.dsv
[40.799s] -- Installing: /home/terranova/uav_ws/install/turtlebot3_msgs/share/turtlebot3_msgs/local_setup.bash
[40.800s] -- Installing: /home/terranova/uav_ws/install/turtlebot3_msgs/share/turtlebot3_msgs/local_setup.sh
[40.800s] -- Installing: /home/terranova/uav_ws/install/turtlebot3_msgs/share/turtlebot3_msgs/local_setup.zsh
[40.800s] -- Installing: /home/terranova/uav_ws/install/turtlebot3_msgs/share/turtlebot3_msgs/local_setup.dsv
[40.800s] -- Installing: /home/terranova/uav_ws/install/turtlebot3_msgs/share/turtlebot3_msgs/package.dsv
[40.800s] -- Installing: /home/terranova/uav_ws/install/turtlebot3_msgs/share/ament_index/resource_index/packages/turtlebot3_msgs
[40.801s] -- Installing: /home/terranova/uav_ws/install/turtlebot3_msgs/share/turtlebot3_msgs/cmake/turtlebot3_msgs__rosidl_generator_cExport.cmake
[40.801s] -- Installing: /home/terranova/uav_ws/install/turtlebot3_msgs/share/turtlebot3_msgs/cmake/turtlebot3_msgs__rosidl_generator_cExport-noconfig.cmake
[40.801s] -- Installing: /home/terranova/uav_ws/install/turtlebot3_msgs/share/turtlebot3_msgs/cmake/turtlebot3_msgs__rosidl_typesupport_introspection_cExport.cmake
[40.811s] -- Installing: /home/terranova/uav_ws/install/turtlebot3_msgs/share/turtlebot3_msgs/cmake/turtlebot3_msgs__rosidl_typesupport_introspection_cExport-noconfig.cmake
[40.811s] -- Installing: /home/terranova/uav_ws/install/turtlebot3_msgs/share/turtlebot3_msgs/cmake/turtlebot3_msgs__rosidl_typesupport_cExport.cmake
[40.812s] -- Installing: /home/terranova/uav_ws/install/turtlebot3_msgs/share/turtlebot3_msgs/cmake/turtlebot3_msgs__rosidl_typesupport_cExport-noconfig.cmake
[40.812s] -- Installing: /home/terranova/uav_ws/install/turtlebot3_msgs/share/turtlebot3_msgs/cmake/turtlebot3_msgs__rosidl_generator_cppExport.cmake
[40.812s] -- Installing: /home/terranova/uav_ws/install/turtlebot3_msgs/share/turtlebot3_msgs/cmake/turtlebot3_msgs__rosidl_typesupport_introspection_cppExport.cmake
[40.813s] -- Installing: /home/terranova/uav_ws/install/turtlebot3_msgs/share/turtlebot3_msgs/cmake/turtlebot3_msgs__rosidl_typesupport_introspection_cppExport-noconfig.cmake
[40.813s] -- Installing: /home/terranova/uav_ws/install/turtlebot3_msgs/share/turtlebot3_msgs/cmake/turtlebot3_msgs__rosidl_typesupport_cppExport.cmake
[40.813s] -- Installing: /home/terranova/uav_ws/install/turtlebot3_msgs/share/turtlebot3_msgs/cmake/turtlebot3_msgs__rosidl_typesupport_cppExport-noconfig.cmake
[40.814s] -- Installing: /home/terranova/uav_ws/install/turtlebot3_msgs/share/turtlebot3_msgs/cmake/rosidl_cmake-extras.cmake
[40.814s] -- Installing: /home/terranova/uav_ws/install/turtlebot3_msgs/share/turtlebot3_msgs/cmake/ament_cmake_export_dependencies-extras.cmake
[40.819s] -- Installing: /home/terranova/uav_ws/install/turtlebot3_msgs/share/turtlebot3_msgs/cmake/ament_cmake_export_libraries-extras.cmake
[40.820s] -- Installing: /home/terranova/uav_ws/install/turtlebot3_msgs/share/turtlebot3_msgs/cmake/ament_cmake_export_targets-extras.cmake
[40.820s] -- Installing: /home/terranova/uav_ws/install/turtlebot3_msgs/share/turtlebot3_msgs/cmake/ament_cmake_export_include_directories-extras.cmake
[40.820s] -- Installing: /home/terranova/uav_ws/install/turtlebot3_msgs/share/turtlebot3_msgs/cmake/rosidl_cmake_export_typesupport_libraries-extras.cmake
[40.820s] -- Installing: /home/terranova/uav_ws/install/turtlebot3_msgs/share/turtlebot3_msgs/cmake/rosidl_cmake_export_typesupport_targets-extras.cmake
[40.821s] -- Installing: /home/terranova/uav_ws/install/turtlebot3_msgs/share/turtlebot3_msgs/cmake/turtlebot3_msgsConfig.cmake
[40.821s] -- Installing: /home/terranova/uav_ws/install/turtlebot3_msgs/share/turtlebot3_msgs/cmake/turtlebot3_msgsConfig-version.cmake
[40.821s] -- Installing: /home/terranova/uav_ws/install/turtlebot3_msgs/share/turtlebot3_msgs/package.xml
[40.863s] Invoked command in '/home/terranova/uav_ws/build/turtlebot3_msgs' returned '0': CMAKE_PREFIX_PATH=${CMAKE_PREFIX_PATH}:/home/terranova/uav_ws/install/turtlebot3_teleop:/home/terranova/uav_ws/install/turtlebot3_example:/home/terranova/uav_ws/install/opencv_tests:/home/terranova/uav_ws/install/joint_state_publisher_gui:/home/terranova/uav_ws/install/joint_state_publisher:/opt/ros/foxy /home/terranova/.local/bin/cmake --install /home/terranova/uav_ws/build/turtlebot3_msgs
