[0.045s] Invoking command in '/home/terranova/uav_ws/build/pcl_conversions': AMENT_PREFIX_PATH=/home/terranova/uav_ws/install/pcl_msgs:${AMENT_PREFIX_PATH} CMAKE_PREFIX_PATH=/home/terranova/uav_ws/install/pcl_msgs:/opt/ros/foxy LD_LIBRARY_PATH=/home/terranova/uav_ws/install/pcl_msgs/lib:/opt/ros/foxy/opt/yaml_cpp_vendor/lib:/opt/ros/foxy/opt/rviz_ogre_vendor/lib:/opt/ros/foxy/lib/x86_64-linux-gnu:/opt/ros/foxy/lib:/usr/lib/x86_64-linux-gnu/gazebo-11/plugins:/usr/lib/x86_64-linux-gnu/gazebo-11/plugins:/usr/lib/x86_64-linux-gnu/gazebo-11/plugins PYTHONPATH=/home/terranova/uav_ws/install/pcl_msgs/lib/python3.8/site-packages:/opt/ros/foxy/lib/python3.8/site-packages:/home/terranova/.local/bin /home/terranova/.local/bin/cmake /home/terranova/uav_ws/src/perception_pcl/pcl_conversions -DCMAKE_INSTALL_PREFIX=/home/terranova/uav_ws/install/pcl_conversions
[0.384s] -- The C compiler identification is GNU 9.4.0
[0.537s] -- The CXX compiler identification is GNU 9.4.0
[0.583s] -- Detecting C compiler ABI info
[0.729s] -- Detecting C compiler ABI info - done
[0.775s] -- Check for working C compiler: /usr/lib/ccache/cc - skipped
[0.777s] -- Detecting C compile features
[0.779s] -- Detecting C compile features - done
[0.822s] -- Detecting CXX compiler ABI info
[1.041s] -- Detecting CXX compiler ABI info - done
[1.075s] -- Check for working CXX compiler: /usr/lib/ccache/c++ - skipped
[1.075s] -- Detecting CXX compile features
[1.076s] -- Detecting CXX compile features - done
[1.078s] -- Found ament_cmake: 0.9.12 (/opt/ros/foxy/share/ament_cmake/cmake)
[1.090s] [33mCMake Warning (dev) at /opt/ros/foxy/share/ament_cmake_core/cmake/core/python.cmake:22 (find_package):
[1.091s]   Policy CMP0148 is not set: The FindPythonInterp and FindPythonLibs modules
[1.091s]   are removed.  Run "cmake --help-policy CMP0148" for policy details.  Use
[1.091s]   the cmake_policy command to set the policy and suppress this warning.
[1.092s] 
[1.092s] Call Stack (most recent call first):
[1.092s]   /opt/ros/foxy/share/ament_cmake_core/cmake/core/all.cmake:53 (include)
[1.092s]   /opt/ros/foxy/share/ament_cmake_core/cmake/ament_cmake_core-extras.cmake:17 (include)
[1.092s]   /opt/ros/foxy/share/ament_cmake_core/cmake/ament_cmake_coreConfig.cmake:41 (include)
[1.093s]   /opt/ros/foxy/share/ament_cmake/cmake/ament_cmake_export_dependencies-extras.cmake:15 (find_package)
[1.093s]   /opt/ros/foxy/share/ament_cmake/cmake/ament_cmakeConfig.cmake:41 (include)
[1.093s]   CMakeLists.txt:13 (find_package)
[1.093s] This warning is for project developers.  Use -Wno-dev to suppress it.
[1.093s] [0m
[1.161s] -- Found PythonInterp: /usr/bin/python3 (found suitable version "3.8.10", minimum required is "3") 
[1.161s] -- Using PYTHON_EXECUTABLE: /usr/bin/python3
[1.789s] -- Found Boost: /usr/lib/x86_64-linux-gnu/cmake/Boost-1.71.0/BoostConfig.cmake (found version "1.71.0")  
[1.808s] -- Found message_filters: 3.2.7 (/opt/ros/foxy/share/message_filters/cmake)
[1.845s] [33mCMake Warning (dev) at /usr/lib/x86_64-linux-gnu/cmake/pcl/PCLConfig.cmake:152 (find_package):
[1.845s]   Policy CMP0144 is not set: find_package uses upper-case <PACKAGENAME>_ROOT
[1.846s]   variables.  Run "cmake --help-policy CMP0144" for policy details.  Use the
[1.846s]   cmake_policy command to set the policy and suppress this warning.
[1.846s] 
[1.846s]   CMake variable EIGEN_ROOT is set to:
[1.846s] 
[1.846s]     /usr/include/eigen3
[1.847s] 
[1.847s]   For compatibility, find_package is ignoring the variable, but code in a
[1.847s]   .cmake module might still use it.
[1.847s] Call Stack (most recent call first):
[1.847s]   /usr/lib/x86_64-linux-gnu/cmake/pcl/PCLConfig.cmake:316 (find_eigen)
[1.847s]   /usr/lib/x86_64-linux-gnu/cmake/pcl/PCLConfig.cmake:551 (find_external_library)
[1.847s]   CMakeLists.txt:17 (find_package)
[1.848s] This warning is for project developers.  Use -Wno-dev to suppress it.
[1.848s] [0m
[1.856s] -- Checking for module 'eigen3'
[1.900s] --   Found eigen3, version 3.3.7
[2.117s] -- Found Eigen: /usr/include/eigen3 (Required is at least version "3.1") 
[2.122s] -- Eigen found (include: /usr/include/eigen3, version: 3.3.7)
[2.326s] -- Checking for module 'libusb-1.0'
[2.367s] --   Found libusb-1.0, version 1.0.23
[2.492s] [33mCMake Warning (dev) at /home/terranova/.local/lib/python3.8/site-packages/cmake/data/share/cmake-3.28/Modules/FindPackageHandleStandardArgs.cmake:438 (message):
[2.493s]   The package name passed to `find_package_handle_standard_args` (USB_10)
[2.493s]   does not match the name of the calling package (OpenNI).  This can lead to
[2.493s]   problems in calling code that expects `find_package` result variables
[2.493s]   (e.g., `_FOUND`) to follow a certain pattern.
[2.493s] Call Stack (most recent call first):
[2.494s]   /usr/lib/x86_64-linux-gnu/cmake/pcl/Modules/FindOpenNI.cmake:28 (find_package_handle_standard_args)
[2.494s]   /usr/lib/x86_64-linux-gnu/cmake/pcl/PCLConfig.cmake:179 (find_package)
[2.494s]   /usr/lib/x86_64-linux-gnu/cmake/pcl/PCLConfig.cmake:322 (find_openni)
[2.494s]   /usr/lib/x86_64-linux-gnu/cmake/pcl/PCLConfig.cmake:548 (find_external_library)
[2.494s]   CMakeLists.txt:17 (find_package)
[2.495s] This warning is for project developers.  Use -Wno-dev to suppress it.
[2.495s] [0m
[2.495s] -- Found USB_10: /usr/lib/x86_64-linux-gnu/libusb-1.0.so  
[2.692s] -- OpenNI found (include: /usr/include/ni, lib: /usr/lib/libOpenNI.so)
[2.705s] [33mCMake Warning (dev) at /home/terranova/.local/lib/python3.8/site-packages/cmake/data/share/cmake-3.28/Modules/FindPackageHandleStandardArgs.cmake:438 (message):
[2.706s]   The package name passed to `find_package_handle_standard_args` (USB_10)
[2.706s]   does not match the name of the calling package (OpenNI2).  This can lead to
[2.707s]   problems in calling code that expects `find_package` result variables
[2.707s]   (e.g., `_FOUND`) to follow a certain pattern.
[2.707s] Call Stack (most recent call first):
[2.707s]   /usr/lib/x86_64-linux-gnu/cmake/pcl/Modules/FindOpenNI2.cmake:28 (find_package_handle_standard_args)
[2.708s]   /usr/lib/x86_64-linux-gnu/cmake/pcl/PCLConfig.cmake:193 (find_package)
[2.708s]   /usr/lib/x86_64-linux-gnu/cmake/pcl/PCLConfig.cmake:324 (find_openni2)
[2.710s]   /usr/lib/x86_64-linux-gnu/cmake/pcl/PCLConfig.cmake:548 (find_external_library)
[2.710s]   CMakeLists.txt:17 (find_package)
[2.710s] This warning is for project developers.  Use -Wno-dev to suppress it.
[2.710s] [0m
[2.860s] -- OpenNI2 found (include: /usr/include/openni2, lib: /usr/lib/libOpenNI2.so)
[2.989s] -- The imported target "vtkParseOGLExt" references the file
[2.989s]    "/usr/bin/vtkParseOGLExt-7.1"
[2.989s] but this file does not exist.  Possible reasons include:
[2.989s] * The file was deleted, renamed, or moved to another location.
[2.990s] * An install or uninstall procedure did not complete successfully.
[2.990s] * The installation package was faulty and contained
[2.990s]    "/usr/lib/cmake/vtk-7.1/VTKTargets.cmake"
[2.990s] but not all the files it references.
[2.991s] 
[2.991s] -- The imported target "vtkRenderingPythonTkWidgets" references the file
[2.991s]    "/usr/lib/x86_64-linux-gnu/libvtkRenderingPythonTkWidgets.so"
[2.992s] but this file does not exist.  Possible reasons include:
[2.992s] * The file was deleted, renamed, or moved to another location.
[2.992s] * An install or uninstall procedure did not complete successfully.
[2.992s] * The installation package was faulty and contained
[2.992s]    "/usr/lib/cmake/vtk-7.1/VTKTargets.cmake"
[2.993s] but not all the files it references.
[2.993s] 
[2.993s] -- The imported target "vtk" references the file
[2.993s]    "/usr/bin/vtk"
[2.993s] but this file does not exist.  Possible reasons include:
[2.993s] * The file was deleted, renamed, or moved to another location.
[2.994s] * An install or uninstall procedure did not complete successfully.
[2.994s] * The installation package was faulty and contained
[2.994s]    "/usr/lib/cmake/vtk-7.1/VTKTargets.cmake"
[2.994s] but not all the files it references.
[2.994s] 
[2.995s] -- The imported target "pvtk" references the file
[2.995s]    "/usr/bin/pvtk"
[2.995s] but this file does not exist.  Possible reasons include:
[2.995s] * The file was deleted, renamed, or moved to another location.
[2.996s] * An install or uninstall procedure did not complete successfully.
[2.996s] * The installation package was faulty and contained
[2.996s]    "/usr/lib/cmake/vtk-7.1/VTKTargets.cmake"
[2.996s] but not all the files it references.
[2.996s] 
[3.055s] [33mCMake Warning (dev) at /home/terranova/.local/lib/python3.8/site-packages/cmake/data/share/cmake-3.28/Modules/FindPackageHandleStandardArgs.cmake:438 (message):
[3.056s]   The package name passed to `find_package_handle_standard_args` (libusb-1.0)
[3.056s]   does not match the name of the calling package (PCL).  This can lead to
[3.056s]   problems in calling code that expects `find_package` result variables
[3.057s]   (e.g., `_FOUND`) to follow a certain pattern.
[3.057s] Call Stack (most recent call first):
[3.057s]   /usr/lib/x86_64-linux-gnu/cmake/pcl/PCLConfig.cmake:291 (find_package_handle_standard_args)
[3.057s]   /usr/lib/x86_64-linux-gnu/cmake/pcl/PCLConfig.cmake:338 (find_libusb)
[3.058s]   /usr/lib/x86_64-linux-gnu/cmake/pcl/PCLConfig.cmake:548 (find_external_library)
[3.058s]   CMakeLists.txt:17 (find_package)
[3.058s] This warning is for project developers.  Use -Wno-dev to suppress it.
[3.059s] [0m
[3.060s] -- Found libusb-1.0: /usr/include  
[3.064s] [33mCMake Warning (dev) at /home/terranova/.local/lib/python3.8/site-packages/cmake/data/share/cmake-3.28/Modules/FindPackageHandleStandardArgs.cmake:438 (message):
[3.065s]   The package name passed to `find_package_handle_standard_args` (PCL_COMMON)
[3.065s]   does not match the name of the calling package (PCL).  This can lead to
[3.065s]   problems in calling code that expects `find_package` result variables
[3.066s]   (e.g., `_FOUND`) to follow a certain pattern.
[3.066s] Call Stack (most recent call first):
[3.066s]   /usr/lib/x86_64-linux-gnu/cmake/pcl/PCLConfig.cmake:616 (find_package_handle_standard_args)
[3.066s]   CMakeLists.txt:17 (find_package)
[3.067s] This warning is for project developers.  Use -Wno-dev to suppress it.
[3.067s] [0m
[3.068s] -- Found PCL_COMMON: /usr/lib/x86_64-linux-gnu/libpcl_common.so  
[3.073s] [33mCMake Warning (dev) at /home/terranova/.local/lib/python3.8/site-packages/cmake/data/share/cmake-3.28/Modules/FindPackageHandleStandardArgs.cmake:438 (message):
[3.073s]   The package name passed to `find_package_handle_standard_args` (PCL_OCTREE)
[3.074s]   does not match the name of the calling package (PCL).  This can lead to
[3.074s]   problems in calling code that expects `find_package` result variables
[3.074s]   (e.g., `_FOUND`) to follow a certain pattern.
[3.075s] Call Stack (most recent call first):
[3.075s]   /usr/lib/x86_64-linux-gnu/cmake/pcl/PCLConfig.cmake:616 (find_package_handle_standard_args)
[3.075s]   CMakeLists.txt:17 (find_package)
[3.075s] This warning is for project developers.  Use -Wno-dev to suppress it.
[3.076s] [0m
[3.076s] -- Found PCL_OCTREE: /usr/lib/x86_64-linux-gnu/libpcl_octree.so  
[3.082s] [33mCMake Warning (dev) at /home/terranova/.local/lib/python3.8/site-packages/cmake/data/share/cmake-3.28/Modules/FindPackageHandleStandardArgs.cmake:438 (message):
[3.082s]   The package name passed to `find_package_handle_standard_args` (PCL_IO)
[3.083s]   does not match the name of the calling package (PCL).  This can lead to
[3.083s]   problems in calling code that expects `find_package` result variables
[3.083s]   (e.g., `_FOUND`) to follow a certain pattern.
[3.083s] Call Stack (most recent call first):
[3.084s]   /usr/lib/x86_64-linux-gnu/cmake/pcl/PCLConfig.cmake:616 (find_package_handle_standard_args)
[3.084s]   CMakeLists.txt:17 (find_package)
[3.084s] This warning is for project developers.  Use -Wno-dev to suppress it.
[3.085s] [0m
[3.085s] -- Found PCL_IO: /usr/lib/x86_64-linux-gnu/libpcl_io.so  
[3.089s] -- Found pcl_msgs: 1.0.0 (/home/terranova/uav_ws/install/pcl_msgs/share/pcl_msgs/cmake)
[3.162s] -- Using all available rosidl_typesupport_c: rosidl_typesupport_fastrtps_c;rosidl_typesupport_introspection_c
[3.184s] -- Found rosidl_adapter: 1.3.1 (/opt/ros/foxy/share/rosidl_adapter/cmake)
[3.422s] -- Found OpenSSL: /usr/lib/x86_64-linux-gnu/libcrypto.so (found version "1.1.1f")  
[3.518s] -- Found FastRTPS: /opt/ros/foxy/include  
[3.770s] -- Using all available rosidl_typesupport_cpp: rosidl_typesupport_fastrtps_cpp;rosidl_typesupport_introspection_cpp
[4.707s] -- Found rclcpp: 2.4.3 (/opt/ros/foxy/share/rclcpp/cmake)
[4.831s] -- Found rmw_implementation_cmake: 1.0.4 (/opt/ros/foxy/share/rmw_implementation_cmake/cmake)
[4.834s] -- Using RMW implementation 'rmw_fastrtps_cpp' as default
[4.837s] -- Performing Test CMAKE_HAVE_LIBC_PTHREAD
[5.008s] -- Performing Test CMAKE_HAVE_LIBC_PTHREAD - Failed
[5.008s] -- Looking for pthread_create in pthreads
[5.127s] -- Looking for pthread_create in pthreads - not found
[5.127s] -- Looking for pthread_create in pthread
[5.309s] -- Looking for pthread_create in pthread - found
[5.313s] -- Found Threads: TRUE  
[5.729s] -- Found ament_cmake_gtest: 0.9.12 (/opt/ros/foxy/share/ament_cmake_gtest/cmake)
[5.736s] -- Found gtest sources under '/opt/ros/foxy/src/gtest_vendor': C++ tests using 'Google Test' will be built
[5.743s] [0mCMake Deprecation Warning at /opt/ros/foxy/src/gtest_vendor/CMakeLists.txt:2 (cmake_minimum_required):
[5.744s]   Compatibility with CMake < 3.5 will be removed from a future version of
[5.744s]   CMake.
[5.744s] 
[5.744s]   Update the VERSION argument <min> value or use a ...<max> suffix to tell
[5.744s]   CMake that the project does not need compatibility with older versions.
[5.745s] 
[5.745s] [0m
[5.746s] -- Check if compiler accepts -pthread
[5.952s] -- Check if compiler accepts -pthread - yes
[6.162s] -- Configuring done (6.0s)
[6.566s] -- Generating done (0.4s)
[6.582s] -- Build files have been written to: /home/terranova/uav_ws/build/pcl_conversions
[6.657s] Invoked command in '/home/terranova/uav_ws/build/pcl_conversions' returned '0': AMENT_PREFIX_PATH=/home/terranova/uav_ws/install/pcl_msgs:${AMENT_PREFIX_PATH} CMAKE_PREFIX_PATH=/home/terranova/uav_ws/install/pcl_msgs:/opt/ros/foxy LD_LIBRARY_PATH=/home/terranova/uav_ws/install/pcl_msgs/lib:/opt/ros/foxy/opt/yaml_cpp_vendor/lib:/opt/ros/foxy/opt/rviz_ogre_vendor/lib:/opt/ros/foxy/lib/x86_64-linux-gnu:/opt/ros/foxy/lib:/usr/lib/x86_64-linux-gnu/gazebo-11/plugins:/usr/lib/x86_64-linux-gnu/gazebo-11/plugins:/usr/lib/x86_64-linux-gnu/gazebo-11/plugins PYTHONPATH=/home/terranova/uav_ws/install/pcl_msgs/lib/python3.8/site-packages:/opt/ros/foxy/lib/python3.8/site-packages:/home/terranova/.local/bin /home/terranova/.local/bin/cmake /home/terranova/uav_ws/src/perception_pcl/pcl_conversions -DCMAKE_INSTALL_PREFIX=/home/terranova/uav_ws/install/pcl_conversions
[6.659s] Invoking command in '/home/terranova/uav_ws/build/pcl_conversions': AMENT_PREFIX_PATH=/home/terranova/uav_ws/install/pcl_msgs:${AMENT_PREFIX_PATH} CMAKE_PREFIX_PATH=/home/terranova/uav_ws/install/pcl_msgs:/opt/ros/foxy LD_LIBRARY_PATH=/home/terranova/uav_ws/install/pcl_msgs/lib:/opt/ros/foxy/opt/yaml_cpp_vendor/lib:/opt/ros/foxy/opt/rviz_ogre_vendor/lib:/opt/ros/foxy/lib/x86_64-linux-gnu:/opt/ros/foxy/lib:/usr/lib/x86_64-linux-gnu/gazebo-11/plugins:/usr/lib/x86_64-linux-gnu/gazebo-11/plugins:/usr/lib/x86_64-linux-gnu/gazebo-11/plugins PYTHONPATH=/home/terranova/uav_ws/install/pcl_msgs/lib/python3.8/site-packages:/opt/ros/foxy/lib/python3.8/site-packages:/home/terranova/.local/bin /home/terranova/.local/bin/cmake --build /home/terranova/uav_ws/build/pcl_conversions -- -j4 -l4
[6.796s] [ 16%] [32mBuilding CXX object gtest/CMakeFiles/gtest_main.dir/src/gtest_main.cc.o[0m
[9.085s] [ 33%] [32m[1mLinking CXX static library libgtest_main.a[0m
[9.116s] [ 33%] Built target gtest_main
[9.136s] [ 50%] [32mBuilding CXX object gtest/CMakeFiles/gtest.dir/src/gtest-all.cc.o[0m
[18.643s] [ 66%] [32m[1mLinking CXX static library libgtest.a[0m
[18.728s] [ 66%] Built target gtest
[18.760s] [ 83%] [32mBuilding CXX object CMakeFiles/pcl_conversions-test.dir/test/test_pcl_conversions.cpp.o[0m
[44.179s] [100%] [32m[1mLinking CXX executable pcl_conversions-test[0m
[45.339s] [100%] Built target pcl_conversions-test
[45.375s] Invoked command in '/home/terranova/uav_ws/build/pcl_conversions' returned '0': AMENT_PREFIX_PATH=/home/terranova/uav_ws/install/pcl_msgs:${AMENT_PREFIX_PATH} CMAKE_PREFIX_PATH=/home/terranova/uav_ws/install/pcl_msgs:/opt/ros/foxy LD_LIBRARY_PATH=/home/terranova/uav_ws/install/pcl_msgs/lib:/opt/ros/foxy/opt/yaml_cpp_vendor/lib:/opt/ros/foxy/opt/rviz_ogre_vendor/lib:/opt/ros/foxy/lib/x86_64-linux-gnu:/opt/ros/foxy/lib:/usr/lib/x86_64-linux-gnu/gazebo-11/plugins:/usr/lib/x86_64-linux-gnu/gazebo-11/plugins:/usr/lib/x86_64-linux-gnu/gazebo-11/plugins PYTHONPATH=/home/terranova/uav_ws/install/pcl_msgs/lib/python3.8/site-packages:/opt/ros/foxy/lib/python3.8/site-packages:/home/terranova/.local/bin /home/terranova/.local/bin/cmake --build /home/terranova/uav_ws/build/pcl_conversions -- -j4 -l4
[45.516s] Invoking command in '/home/terranova/uav_ws/build/pcl_conversions': AMENT_PREFIX_PATH=/home/terranova/uav_ws/install/pcl_msgs:${AMENT_PREFIX_PATH} CMAKE_PREFIX_PATH=/home/terranova/uav_ws/install/pcl_msgs:/opt/ros/foxy LD_LIBRARY_PATH=/home/terranova/uav_ws/install/pcl_msgs/lib:/opt/ros/foxy/opt/yaml_cpp_vendor/lib:/opt/ros/foxy/opt/rviz_ogre_vendor/lib:/opt/ros/foxy/lib/x86_64-linux-gnu:/opt/ros/foxy/lib:/usr/lib/x86_64-linux-gnu/gazebo-11/plugins:/usr/lib/x86_64-linux-gnu/gazebo-11/plugins:/usr/lib/x86_64-linux-gnu/gazebo-11/plugins PYTHONPATH=/home/terranova/uav_ws/install/pcl_msgs/lib/python3.8/site-packages:/opt/ros/foxy/lib/python3.8/site-packages:/home/terranova/.local/bin /home/terranova/.local/bin/cmake --install /home/terranova/uav_ws/build/pcl_conversions
[45.593s] -- Install configuration: ""
[45.594s] -- Installing: /home/terranova/uav_ws/install/pcl_conversions/include/pcl_conversions/
[45.594s] -- Installing: /home/terranova/uav_ws/install/pcl_conversions/include/pcl_conversions//pcl_conversions.h
[45.595s] -- Installing: /home/terranova/uav_ws/install/pcl_conversions/share/ament_index/resource_index/package_run_dependencies/pcl_conversions
[45.600s] -- Installing: /home/terranova/uav_ws/install/pcl_conversions/share/ament_index/resource_index/parent_prefix_path/pcl_conversions
[45.604s] -- Installing: /home/terranova/uav_ws/install/pcl_conversions/share/pcl_conversions/environment/ament_prefix_path.sh
[45.607s] -- Installing: /home/terranova/uav_ws/install/pcl_conversions/share/pcl_conversions/environment/ament_prefix_path.dsv
[45.609s] -- Installing: /home/terranova/uav_ws/install/pcl_conversions/share/pcl_conversions/environment/path.sh
[45.611s] -- Installing: /home/terranova/uav_ws/install/pcl_conversions/share/pcl_conversions/environment/path.dsv
[45.613s] -- Installing: /home/terranova/uav_ws/install/pcl_conversions/share/pcl_conversions/local_setup.bash
[45.615s] -- Installing: /home/terranova/uav_ws/install/pcl_conversions/share/pcl_conversions/local_setup.sh
[45.616s] -- Installing: /home/terranova/uav_ws/install/pcl_conversions/share/pcl_conversions/local_setup.zsh
[45.618s] -- Installing: /home/terranova/uav_ws/install/pcl_conversions/share/pcl_conversions/local_setup.dsv
[45.620s] -- Installing: /home/terranova/uav_ws/install/pcl_conversions/share/pcl_conversions/package.dsv
[45.622s] -- Installing: /home/terranova/uav_ws/install/pcl_conversions/share/ament_index/resource_index/packages/pcl_conversions
[45.624s] -- Installing: /home/terranova/uav_ws/install/pcl_conversions/share/pcl_conversions/cmake/ament_cmake_export_include_directories-extras.cmake
[45.626s] -- Installing: /home/terranova/uav_ws/install/pcl_conversions/share/pcl_conversions/cmake/ament_cmake_export_dependencies-extras.cmake
[45.628s] -- Installing: /home/terranova/uav_ws/install/pcl_conversions/share/pcl_conversions/cmake/pcl_conversionsConfig.cmake
[45.628s] -- Installing: /home/terranova/uav_ws/install/pcl_conversions/share/pcl_conversions/cmake/pcl_conversionsConfig-version.cmake
[45.631s] -- Installing: /home/terranova/uav_ws/install/pcl_conversions/share/pcl_conversions/package.xml
[45.654s] Invoked command in '/home/terranova/uav_ws/build/pcl_conversions' returned '0': AMENT_PREFIX_PATH=/home/terranova/uav_ws/install/pcl_msgs:${AMENT_PREFIX_PATH} CMAKE_PREFIX_PATH=/home/terranova/uav_ws/install/pcl_msgs:/opt/ros/foxy LD_LIBRARY_PATH=/home/terranova/uav_ws/install/pcl_msgs/lib:/opt/ros/foxy/opt/yaml_cpp_vendor/lib:/opt/ros/foxy/opt/rviz_ogre_vendor/lib:/opt/ros/foxy/lib/x86_64-linux-gnu:/opt/ros/foxy/lib:/usr/lib/x86_64-linux-gnu/gazebo-11/plugins:/usr/lib/x86_64-linux-gnu/gazebo-11/plugins:/usr/lib/x86_64-linux-gnu/gazebo-11/plugins PYTHONPATH=/home/terranova/uav_ws/install/pcl_msgs/lib/python3.8/site-packages:/opt/ros/foxy/lib/python3.8/site-packages:/home/terranova/.local/bin /home/terranova/.local/bin/cmake --install /home/terranova/uav_ws/build/pcl_conversions
