[0.318s] Invoking command in '/home/terranova/uav_ws/build/hls_lfcd_lds_driver': CMAKE_PREFIX_PATH=/opt/ros/foxy /home/terranova/.local/bin/cmake --build /home/terranova/uav_ws/build/hls_lfcd_lds_driver -- -j4 -l4
[1.710s] [100%] Built target hlds_laser_publisher
[1.827s] Invoked command in '/home/terranova/uav_ws/build/hls_lfcd_lds_driver' returned '0': CMAKE_PREFIX_PATH=/opt/ros/foxy /home/terranova/.local/bin/cmake --build /home/terranova/uav_ws/build/hls_lfcd_lds_driver -- -j4 -l4
[2.745s] Invoking command in '/home/terranova/uav_ws/build/hls_lfcd_lds_driver': CMAKE_PREFIX_PATH=/opt/ros/foxy /home/terranova/.local/bin/cmake --install /home/terranova/uav_ws/build/hls_lfcd_lds_driver
[3.319s] -- Install configuration: ""
[3.335s] -- Up-to-date: /home/terranova/uav_ws/install/hls_lfcd_lds_driver/share/hls_lfcd_lds_driver/launch
[3.336s] -- Up-to-date: /home/terranova/uav_ws/install/hls_lfcd_lds_driver/share/hls_lfcd_lds_driver/launch/view_hlds_laser.launch.py
[3.338s] -- Up-to-date: /home/terranova/uav_ws/install/hls_lfcd_lds_driver/share/hls_lfcd_lds_driver/launch/hlds_laser.launch.py
[3.339s] -- Up-to-date: /home/terranova/uav_ws/install/hls_lfcd_lds_driver/share/hls_lfcd_lds_driver/rviz
[3.339s] -- Up-to-date: /home/terranova/uav_ws/install/hls_lfcd_lds_driver/share/hls_lfcd_lds_driver/rviz/hlds_laser.rviz
[3.340s] -- Up-to-date: /home/terranova/uav_ws/install/hls_lfcd_lds_driver/lib/hls_lfcd_lds_driver/hlds_laser_publisher
[3.340s] -- Up-to-date: /home/terranova/uav_ws/install/hls_lfcd_lds_driver/share/ament_index/resource_index/package_run_dependencies/hls_lfcd_lds_driver
[3.342s] -- Up-to-date: /home/terranova/uav_ws/install/hls_lfcd_lds_driver/share/ament_index/resource_index/parent_prefix_path/hls_lfcd_lds_driver
[3.343s] -- Up-to-date: /home/terranova/uav_ws/install/hls_lfcd_lds_driver/share/hls_lfcd_lds_driver/environment/ament_prefix_path.sh
[3.344s] -- Up-to-date: /home/terranova/uav_ws/install/hls_lfcd_lds_driver/share/hls_lfcd_lds_driver/environment/ament_prefix_path.dsv
[3.345s] -- Up-to-date: /home/terranova/uav_ws/install/hls_lfcd_lds_driver/share/hls_lfcd_lds_driver/environment/path.sh
[3.345s] -- Up-to-date: /home/terranova/uav_ws/install/hls_lfcd_lds_driver/share/hls_lfcd_lds_driver/environment/path.dsv
[3.346s] -- Up-to-date: /home/terranova/uav_ws/install/hls_lfcd_lds_driver/share/hls_lfcd_lds_driver/local_setup.bash
[3.347s] -- Up-to-date: /home/terranova/uav_ws/install/hls_lfcd_lds_driver/share/hls_lfcd_lds_driver/local_setup.sh
[3.347s] -- Up-to-date: /home/terranova/uav_ws/install/hls_lfcd_lds_driver/share/hls_lfcd_lds_driver/local_setup.zsh
[3.350s] -- Up-to-date: /home/terranova/uav_ws/install/hls_lfcd_lds_driver/share/hls_lfcd_lds_driver/local_setup.dsv
[3.355s] -- Installing: /home/terranova/uav_ws/install/hls_lfcd_lds_driver/share/hls_lfcd_lds_driver/package.dsv
[3.359s] -- Up-to-date: /home/terranova/uav_ws/install/hls_lfcd_lds_driver/share/ament_index/resource_index/packages/hls_lfcd_lds_driver
[3.359s] -- Up-to-date: /home/terranova/uav_ws/install/hls_lfcd_lds_driver/share/hls_lfcd_lds_driver/cmake/ament_cmake_export_dependencies-extras.cmake
[3.360s] -- Up-to-date: /home/terranova/uav_ws/install/hls_lfcd_lds_driver/share/hls_lfcd_lds_driver/cmake/ament_cmake_export_include_directories-extras.cmake
[3.360s] -- Up-to-date: /home/terranova/uav_ws/install/hls_lfcd_lds_driver/share/hls_lfcd_lds_driver/cmake/hls_lfcd_lds_driverConfig.cmake
[3.361s] -- Up-to-date: /home/terranova/uav_ws/install/hls_lfcd_lds_driver/share/hls_lfcd_lds_driver/cmake/hls_lfcd_lds_driverConfig-version.cmake
[3.371s] -- Up-to-date: /home/terranova/uav_ws/install/hls_lfcd_lds_driver/share/hls_lfcd_lds_driver/package.xml
[3.439s] Invoked command in '/home/terranova/uav_ws/build/hls_lfcd_lds_driver' returned '0': CMAKE_PREFIX_PATH=/opt/ros/foxy /home/terranova/.local/bin/cmake --install /home/terranova/uav_ws/build/hls_lfcd_lds_driver
