[0.040s] Invoking command in '/home/terranova/uav_ws/build/dynamixel_sdk_custom_interfaces': CMAKE_PREFIX_PATH=${CMAKE_PREFIX_PATH}:/home/terranova/uav_ws/install/turtlebot3_teleop:/home/terranova/uav_ws/install/turtlebot3_example:/home/terranova/uav_ws/install/opencv_tests:/home/terranova/uav_ws/install/joint_state_publisher_gui:/home/terranova/uav_ws/install/joint_state_publisher:/opt/ros/foxy /home/terranova/.local/bin/cmake /home/terranova/uav_ws/src/utils/DynamixelSDK/dynamixel_sdk_custom_interfaces -DCMAKE_INSTALL_PREFIX=/home/terranova/uav_ws/install/dynamixel_sdk_custom_interfaces
[0.279s] -- The C compiler identification is GNU 9.4.0
[0.471s] -- The CXX compiler identification is GNU 9.4.0
[0.532s] -- Detecting C compiler ABI info
[0.688s] -- Detecting C compiler ABI info - done
[0.752s] -- Check for working C compiler: /usr/lib/ccache/cc - skipped
[0.755s] -- Detecting C compile features
[0.756s] -- Detecting C compile features - done
[0.796s] -- Detecting CXX compiler ABI info
[1.054s] -- Detecting CXX compiler ABI info - done
[1.156s] -- Check for working CXX compiler: /usr/lib/ccache/c++ - skipped
[1.157s] -- Detecting CXX compile features
[1.157s] -- Detecting CXX compile features - done
[1.159s] -- Found ament_cmake: 0.9.12 (/opt/ros/foxy/share/ament_cmake/cmake)
[1.177s] [33mCMake Warning (dev) at /opt/ros/foxy/share/ament_cmake_core/cmake/core/python.cmake:22 (find_package):
[1.177s]   Policy CMP0148 is not set: The FindPythonInterp and FindPythonLibs modules
[1.177s]   are removed.  Run "cmake --help-policy CMP0148" for policy details.  Use
[1.178s]   the cmake_policy command to set the policy and suppress this warning.
[1.178s] 
[1.178s] Call Stack (most recent call first):
[1.178s]   /opt/ros/foxy/share/ament_cmake_core/cmake/core/all.cmake:53 (include)
[1.178s]   /opt/ros/foxy/share/ament_cmake_core/cmake/ament_cmake_core-extras.cmake:17 (include)
[1.179s]   /opt/ros/foxy/share/ament_cmake_core/cmake/ament_cmake_coreConfig.cmake:41 (include)
[1.179s]   /opt/ros/foxy/share/ament_cmake/cmake/ament_cmake_export_dependencies-extras.cmake:15 (find_package)
[1.179s]   /opt/ros/foxy/share/ament_cmake/cmake/ament_cmakeConfig.cmake:41 (include)
[1.179s]   CMakeLists.txt:19 (find_package)
[1.179s] This warning is for project developers.  Use -Wno-dev to suppress it.
[1.180s] [0m
[1.283s] -- Found PythonInterp: /usr/bin/python3 (found suitable version "3.8.10", minimum required is "3") 
[1.284s] -- Using PYTHON_EXECUTABLE: /usr/bin/python3
[2.255s] -- Found builtin_interfaces: 1.0.0 (/opt/ros/foxy/share/builtin_interfaces/cmake)
[2.481s] -- Using all available rosidl_typesupport_c: rosidl_typesupport_fastrtps_c;rosidl_typesupport_introspection_c
[2.535s] -- Found rosidl_adapter: 1.3.1 (/opt/ros/foxy/share/rosidl_adapter/cmake)
[3.027s] -- Found OpenSSL: /usr/lib/x86_64-linux-gnu/libcrypto.so (found version "1.1.1f")  
[3.171s] -- Found FastRTPS: /opt/ros/foxy/include  
[3.535s] -- Using all available rosidl_typesupport_cpp: rosidl_typesupport_fastrtps_cpp;rosidl_typesupport_introspection_cpp
[3.675s] -- Found rosidl_default_generators: 1.0.1 (/opt/ros/foxy/share/rosidl_default_generators/cmake)
[3.765s] [33mCMake Warning (dev) at /opt/ros/foxy/share/rosidl_adapter/cmake/rosidl_adapt_interfaces.cmake:40 (find_package):
[3.766s]   Policy CMP0148 is not set: The FindPythonInterp and FindPythonLibs modules
[3.766s]   are removed.  Run "cmake --help-policy CMP0148" for policy details.  Use
[3.766s]   the cmake_policy command to set the policy and suppress this warning.
[3.766s] 
[3.766s] Call Stack (most recent call first):
[3.766s]   /opt/ros/foxy/share/rosidl_cmake/cmake/rosidl_generate_interfaces.cmake:130 (rosidl_adapt_interfaces)
[3.767s]   CMakeLists.txt:31 (rosidl_generate_interfaces)
[3.767s] This warning is for project developers.  Use -Wno-dev to suppress it.
[3.767s] [0m
[3.844s] -- Found PythonInterp: /usr/bin/python3 (found version "3.8.10") 
[4.343s] -- Found ament_cmake_ros: 0.9.2 (/opt/ros/foxy/share/ament_cmake_ros/cmake)
[4.797s] -- Using all available rosidl_typesupport_c: rosidl_typesupport_fastrtps_c;rosidl_typesupport_introspection_c
[4.847s] -- Using all available rosidl_typesupport_cpp: rosidl_typesupport_fastrtps_cpp;rosidl_typesupport_introspection_cpp
[4.864s] [33mCMake Warning (dev) at /opt/ros/foxy/share/rosidl_generator_py/cmake/rosidl_generator_py_generate_interfaces.cmake:20 (find_package):
[4.865s]   Policy CMP0148 is not set: The FindPythonInterp and FindPythonLibs modules
[4.865s]   are removed.  Run "cmake --help-policy CMP0148" for policy details.  Use
[4.865s]   the cmake_policy command to set the policy and suppress this warning.
[4.866s] 
[4.866s] Call Stack (most recent call first):
[4.866s]   /opt/ros/foxy/share/ament_cmake_core/cmake/core/ament_execute_extensions.cmake:48 (include)
[4.867s]   /opt/ros/foxy/share/rosidl_cmake/cmake/rosidl_generate_interfaces.cmake:286 (ament_execute_extensions)
[4.867s]   CMakeLists.txt:31 (rosidl_generate_interfaces)
[4.867s] This warning is for project developers.  Use -Wno-dev to suppress it.
[4.868s] [0m
[4.959s] -- Found PythonInterp: /usr/bin/python3 (found suitable version "3.8.10", minimum required is "3.5") 
[4.965s] -- Found python_cmake_module: 0.8.1 (/opt/ros/foxy/share/python_cmake_module/cmake)
[4.967s] [33mCMake Warning (dev) at /opt/ros/foxy/share/python_cmake_module/cmake/Modules/FindPythonExtra.cmake:45 (find_package):
[4.967s]   Policy CMP0148 is not set: The FindPythonInterp and FindPythonLibs modules
[4.967s]   are removed.  Run "cmake --help-policy CMP0148" for policy details.  Use
[4.967s]   the cmake_policy command to set the policy and suppress this warning.
[4.968s] 
[4.968s] Call Stack (most recent call first):
[4.968s]   /opt/ros/foxy/share/rosidl_generator_py/cmake/rosidl_generator_py_generate_interfaces.cmake:23 (find_package)
[4.968s]   /opt/ros/foxy/share/ament_cmake_core/cmake/core/ament_execute_extensions.cmake:48 (include)
[4.968s]   /opt/ros/foxy/share/rosidl_cmake/cmake/rosidl_generate_interfaces.cmake:286 (ament_execute_extensions)
[4.968s]   CMakeLists.txt:31 (rosidl_generate_interfaces)
[4.969s] This warning is for project developers.  Use -Wno-dev to suppress it.
[4.969s] [0m
[5.081s] [33mCMake Warning (dev) at /opt/ros/foxy/share/python_cmake_module/cmake/Modules/FindPythonExtra.cmake:133 (find_package):
[5.082s]   Policy CMP0148 is not set: The FindPythonInterp and FindPythonLibs modules
[5.082s]   are removed.  Run "cmake --help-policy CMP0148" for policy details.  Use
[5.082s]   the cmake_policy command to set the policy and suppress this warning.
[5.082s] 
[5.082s] Call Stack (most recent call first):
[5.083s]   /opt/ros/foxy/share/rosidl_generator_py/cmake/rosidl_generator_py_generate_interfaces.cmake:23 (find_package)
[5.083s]   /opt/ros/foxy/share/ament_cmake_core/cmake/core/ament_execute_extensions.cmake:48 (include)
[5.083s]   /opt/ros/foxy/share/rosidl_cmake/cmake/rosidl_generate_interfaces.cmake:286 (ament_execute_extensions)
[5.083s]   CMakeLists.txt:31 (rosidl_generate_interfaces)
[5.083s] This warning is for project developers.  Use -Wno-dev to suppress it.
[5.083s] [0m
[5.131s] -- Found PythonLibs: /usr/lib/x86_64-linux-gnu/libpython3.8.so (found suitable version "3.8.10", minimum required is "3.5") 
[5.131s] -- Using PYTHON_EXECUTABLE: /usr/bin/python3
[5.132s] -- Using PYTHON_INCLUDE_DIRS: /usr/include/python3.8
[5.132s] -- Using PYTHON_LIBRARIES: /usr/lib/x86_64-linux-gnu/libpython3.8.so
[5.235s] -- Found PythonExtra: .so  
[5.763s] -- Configuring done (5.6s)
[5.914s] -- Generating done (0.1s)
[5.924s] -- Build files have been written to: /home/terranova/uav_ws/build/dynamixel_sdk_custom_interfaces
[5.995s] Invoked command in '/home/terranova/uav_ws/build/dynamixel_sdk_custom_interfaces' returned '0': CMAKE_PREFIX_PATH=${CMAKE_PREFIX_PATH}:/home/terranova/uav_ws/install/turtlebot3_teleop:/home/terranova/uav_ws/install/turtlebot3_example:/home/terranova/uav_ws/install/opencv_tests:/home/terranova/uav_ws/install/joint_state_publisher_gui:/home/terranova/uav_ws/install/joint_state_publisher:/opt/ros/foxy /home/terranova/.local/bin/cmake /home/terranova/uav_ws/src/utils/DynamixelSDK/dynamixel_sdk_custom_interfaces -DCMAKE_INSTALL_PREFIX=/home/terranova/uav_ws/install/dynamixel_sdk_custom_interfaces
[5.999s] Invoking command in '/home/terranova/uav_ws/build/dynamixel_sdk_custom_interfaces': CMAKE_PREFIX_PATH=${CMAKE_PREFIX_PATH}:/home/terranova/uav_ws/install/turtlebot3_teleop:/home/terranova/uav_ws/install/turtlebot3_example:/home/terranova/uav_ws/install/opencv_tests:/home/terranova/uav_ws/install/joint_state_publisher_gui:/home/terranova/uav_ws/install/joint_state_publisher:/opt/ros/foxy /home/terranova/.local/bin/cmake --build /home/terranova/uav_ws/build/dynamixel_sdk_custom_interfaces -- -j4 -l4
[6.311s] [  2%] [34m[1mGenerating C++ code for ROS interfaces[0m
[7.493s] [  2%] Built target dynamixel_sdk_custom_interfaces__cpp
[7.534s] [  5%] [34m[1mGenerating C code for ROS interfaces[0m
[8.888s] [  7%] [32mBuilding C object CMakeFiles/dynamixel_sdk_custom_interfaces__rosidl_generator_c.dir/rosidl_generator_c/dynamixel_sdk_custom_interfaces/msg/detail/set_position__functions.c.o[0m
[8.938s] [ 10%] [32mBuilding C object CMakeFiles/dynamixel_sdk_custom_interfaces__rosidl_generator_c.dir/rosidl_generator_c/dynamixel_sdk_custom_interfaces/srv/detail/get_position__functions.c.o[0m
[9.013s] [ 12%] [32m[1mLinking C shared library libdynamixel_sdk_custom_interfaces__rosidl_generator_c.so[0m
[9.131s] [ 12%] Built target dynamixel_sdk_custom_interfaces__rosidl_generator_c
[9.154s] [ 15%] [34m[1mGenerating C++ introspection for ROS interfaces[0m
[10.386s] [ 17%] [32mBuilding CXX object CMakeFiles/dynamixel_sdk_custom_interfaces__rosidl_typesupport_introspection_cpp.dir/rosidl_typesupport_introspection_cpp/dynamixel_sdk_custom_interfaces/msg/detail/set_position__type_support.cpp.o[0m
[10.443s] [ 20%] [32mBuilding CXX object CMakeFiles/dynamixel_sdk_custom_interfaces__rosidl_typesupport_introspection_cpp.dir/rosidl_typesupport_introspection_cpp/dynamixel_sdk_custom_interfaces/srv/detail/get_position__type_support.cpp.o[0m
[10.502s] [ 23%] [32m[1mLinking CXX shared library libdynamixel_sdk_custom_interfaces__rosidl_typesupport_introspection_cpp.so[0m
[10.582s] [ 23%] Built target dynamixel_sdk_custom_interfaces__rosidl_typesupport_introspection_cpp
[10.595s] [ 25%] [34m[1mGenerating C introspection for ROS interfaces[0m
[11.545s] [ 28%] [32mBuilding C object CMakeFiles/dynamixel_sdk_custom_interfaces__rosidl_typesupport_introspection_c.dir/rosidl_typesupport_introspection_c/dynamixel_sdk_custom_interfaces/msg/detail/set_position__type_support.c.o[0m
[11.611s] [ 30%] [32mBuilding C object CMakeFiles/dynamixel_sdk_custom_interfaces__rosidl_typesupport_introspection_c.dir/rosidl_typesupport_introspection_c/dynamixel_sdk_custom_interfaces/srv/detail/get_position__type_support.c.o[0m
[11.670s] [ 33%] [32m[1mLinking C shared library libdynamixel_sdk_custom_interfaces__rosidl_typesupport_introspection_c.so[0m
[11.725s] [ 33%] Built target dynamixel_sdk_custom_interfaces__rosidl_typesupport_introspection_c
[11.750s] [ 35%] [34m[1mGenerating C type support dispatch for ROS interfaces[0m
[12.474s] [ 38%] [32mBuilding CXX object CMakeFiles/dynamixel_sdk_custom_interfaces__rosidl_typesupport_c.dir/rosidl_typesupport_c/dynamixel_sdk_custom_interfaces/msg/set_position__type_support.cpp.o[0m
[12.509s] [ 41%] [32mBuilding CXX object CMakeFiles/dynamixel_sdk_custom_interfaces__rosidl_typesupport_c.dir/rosidl_typesupport_c/dynamixel_sdk_custom_interfaces/srv/get_position__type_support.cpp.o[0m
[12.537s] [ 43%] [32m[1mLinking CXX shared library libdynamixel_sdk_custom_interfaces__rosidl_typesupport_c.so[0m
[12.614s] [ 43%] Built target dynamixel_sdk_custom_interfaces__rosidl_typesupport_c
[12.624s] [ 46%] [34m[1mGenerating C++ type support for eProsima Fast-RTPS[0m
[13.516s] [ 48%] [32mBuilding CXX object CMakeFiles/dynamixel_sdk_custom_interfaces__rosidl_typesupport_fastrtps_cpp.dir/rosidl_typesupport_fastrtps_cpp/dynamixel_sdk_custom_interfaces/msg/detail/dds_fastrtps/set_position__type_support.cpp.o[0m
[13.936s] [ 51%] [32mBuilding CXX object CMakeFiles/dynamixel_sdk_custom_interfaces__rosidl_typesupport_fastrtps_cpp.dir/rosidl_typesupport_fastrtps_cpp/dynamixel_sdk_custom_interfaces/srv/detail/dds_fastrtps/get_position__type_support.cpp.o[0m
[14.051s] [ 53%] [32m[1mLinking CXX shared library libdynamixel_sdk_custom_interfaces__rosidl_typesupport_fastrtps_cpp.so[0m
[14.458s] [ 53%] Built target dynamixel_sdk_custom_interfaces__rosidl_typesupport_fastrtps_cpp
[14.469s] [ 56%] [34m[1mGenerating C++ type support dispatch for ROS interfaces[0m
[15.262s] [ 58%] [32mBuilding CXX object CMakeFiles/dynamixel_sdk_custom_interfaces__rosidl_typesupport_cpp.dir/rosidl_typesupport_cpp/dynamixel_sdk_custom_interfaces/msg/set_position__type_support.cpp.o[0m
[15.289s] [ 61%] [32mBuilding CXX object CMakeFiles/dynamixel_sdk_custom_interfaces__rosidl_typesupport_cpp.dir/rosidl_typesupport_cpp/dynamixel_sdk_custom_interfaces/srv/get_position__type_support.cpp.o[0m
[15.323s] [ 64%] [32m[1mLinking CXX shared library libdynamixel_sdk_custom_interfaces__rosidl_typesupport_cpp.so[0m
[15.453s] [ 64%] Built target dynamixel_sdk_custom_interfaces__rosidl_typesupport_cpp
[15.465s] [ 66%] [34m[1mGenerating C type support for eProsima Fast-RTPS[0m
[16.364s] [ 69%] [32mBuilding CXX object CMakeFiles/dynamixel_sdk_custom_interfaces__rosidl_typesupport_fastrtps_c.dir/rosidl_typesupport_fastrtps_c/dynamixel_sdk_custom_interfaces/msg/detail/set_position__type_support_c.cpp.o[0m
[16.584s] [ 71%] [32mBuilding CXX object CMakeFiles/dynamixel_sdk_custom_interfaces__rosidl_typesupport_fastrtps_c.dir/rosidl_typesupport_fastrtps_c/dynamixel_sdk_custom_interfaces/srv/detail/get_position__type_support_c.cpp.o[0m
[16.618s] [ 74%] [32m[1mLinking CXX shared library libdynamixel_sdk_custom_interfaces__rosidl_typesupport_fastrtps_c.so[0m
[16.851s] [ 74%] Built target dynamixel_sdk_custom_interfaces__rosidl_typesupport_fastrtps_c
[16.872s] [ 74%] Built target dynamixel_sdk_custom_interfaces
[16.894s] [ 76%] [34m[1mGenerating Python code for ROS interfaces[0m
[18.352s] [ 76%] Built target dynamixel_sdk_custom_interfaces__py
[18.374s] [ 79%] [32mBuilding C object CMakeFiles/dynamixel_sdk_custom_interfaces__python.dir/rosidl_generator_py/dynamixel_sdk_custom_interfaces/msg/_set_position_s.c.o[0m
[18.408s] [ 82%] [32mBuilding C object CMakeFiles/dynamixel_sdk_custom_interfaces__python.dir/rosidl_generator_py/dynamixel_sdk_custom_interfaces/srv/_get_position_s.c.o[0m
[18.430s] [ 84%] [32m[1mLinking C shared library rosidl_generator_py/dynamixel_sdk_custom_interfaces/libdynamixel_sdk_custom_interfaces__python.so[0m
[18.508s] [ 84%] Built target dynamixel_sdk_custom_interfaces__python
[18.531s] [ 87%] [32mBuilding C object CMakeFiles/dynamixel_sdk_custom_interfaces__rosidl_typesupport_fastrtps_c__pyext.dir/rosidl_generator_py/dynamixel_sdk_custom_interfaces/_dynamixel_sdk_custom_interfaces_s.ep.rosidl_typesupport_fastrtps_c.c.o[0m
[18.562s] [ 89%] [32m[1mLinking CXX shared library rosidl_generator_py/dynamixel_sdk_custom_interfaces/dynamixel_sdk_custom_interfaces_s__rosidl_typesupport_fastrtps_c.cpython-38-x86_64-linux-gnu.so[0m
[18.688s] [ 89%] Built target dynamixel_sdk_custom_interfaces__rosidl_typesupport_fastrtps_c__pyext
[18.717s] [ 92%] [32mBuilding C object CMakeFiles/dynamixel_sdk_custom_interfaces__rosidl_typesupport_c__pyext.dir/rosidl_generator_py/dynamixel_sdk_custom_interfaces/_dynamixel_sdk_custom_interfaces_s.ep.rosidl_typesupport_c.c.o[0m
[18.736s] [ 94%] [32m[1mLinking C shared library rosidl_generator_py/dynamixel_sdk_custom_interfaces/dynamixel_sdk_custom_interfaces_s__rosidl_typesupport_c.cpython-38-x86_64-linux-gnu.so[0m
[18.798s] [ 94%] Built target dynamixel_sdk_custom_interfaces__rosidl_typesupport_c__pyext
[18.826s] [ 97%] [32mBuilding C object CMakeFiles/dynamixel_sdk_custom_interfaces__rosidl_typesupport_introspection_c__pyext.dir/rosidl_generator_py/dynamixel_sdk_custom_interfaces/_dynamixel_sdk_custom_interfaces_s.ep.rosidl_typesupport_introspection_c.c.o[0m
[18.847s] [100%] [32m[1mLinking C shared library rosidl_generator_py/dynamixel_sdk_custom_interfaces/dynamixel_sdk_custom_interfaces_s__rosidl_typesupport_introspection_c.cpython-38-x86_64-linux-gnu.so[0m
[18.907s] [100%] Built target dynamixel_sdk_custom_interfaces__rosidl_typesupport_introspection_c__pyext
[18.931s] Invoked command in '/home/terranova/uav_ws/build/dynamixel_sdk_custom_interfaces' returned '0': CMAKE_PREFIX_PATH=${CMAKE_PREFIX_PATH}:/home/terranova/uav_ws/install/turtlebot3_teleop:/home/terranova/uav_ws/install/turtlebot3_example:/home/terranova/uav_ws/install/opencv_tests:/home/terranova/uav_ws/install/joint_state_publisher_gui:/home/terranova/uav_ws/install/joint_state_publisher:/opt/ros/foxy /home/terranova/.local/bin/cmake --build /home/terranova/uav_ws/build/dynamixel_sdk_custom_interfaces -- -j4 -l4
[19.192s] Invoking command in '/home/terranova/uav_ws/build/dynamixel_sdk_custom_interfaces': CMAKE_PREFIX_PATH=${CMAKE_PREFIX_PATH}:/home/terranova/uav_ws/install/turtlebot3_teleop:/home/terranova/uav_ws/install/turtlebot3_example:/home/terranova/uav_ws/install/opencv_tests:/home/terranova/uav_ws/install/joint_state_publisher_gui:/home/terranova/uav_ws/install/joint_state_publisher:/opt/ros/foxy /home/terranova/.local/bin/cmake --install /home/terranova/uav_ws/build/dynamixel_sdk_custom_interfaces
[19.267s] -- Install configuration: ""
[19.268s] -- Installing: /home/terranova/uav_ws/install/dynamixel_sdk_custom_interfaces/share/ament_index/resource_index/rosidl_interfaces/dynamixel_sdk_custom_interfaces
[19.268s] -- Installing: /home/terranova/uav_ws/install/dynamixel_sdk_custom_interfaces/include/dynamixel_sdk_custom_interfaces
[19.268s] -- Installing: /home/terranova/uav_ws/install/dynamixel_sdk_custom_interfaces/include/dynamixel_sdk_custom_interfaces/msg
[19.269s] -- Installing: /home/terranova/uav_ws/install/dynamixel_sdk_custom_interfaces/include/dynamixel_sdk_custom_interfaces/msg/set_position.h
[19.269s] -- Installing: /home/terranova/uav_ws/install/dynamixel_sdk_custom_interfaces/include/dynamixel_sdk_custom_interfaces/msg/rosidl_generator_c__visibility_control.h
[19.269s] -- Installing: /home/terranova/uav_ws/install/dynamixel_sdk_custom_interfaces/include/dynamixel_sdk_custom_interfaces/msg/detail
[19.269s] -- Installing: /home/terranova/uav_ws/install/dynamixel_sdk_custom_interfaces/include/dynamixel_sdk_custom_interfaces/msg/detail/set_position__functions.h
[19.269s] -- Installing: /home/terranova/uav_ws/install/dynamixel_sdk_custom_interfaces/include/dynamixel_sdk_custom_interfaces/msg/detail/set_position__functions.c
[19.270s] -- Installing: /home/terranova/uav_ws/install/dynamixel_sdk_custom_interfaces/include/dynamixel_sdk_custom_interfaces/msg/detail/set_position__type_support.h
[19.270s] -- Installing: /home/terranova/uav_ws/install/dynamixel_sdk_custom_interfaces/include/dynamixel_sdk_custom_interfaces/msg/detail/set_position__struct.h
[19.270s] -- Installing: /home/terranova/uav_ws/install/dynamixel_sdk_custom_interfaces/include/dynamixel_sdk_custom_interfaces/srv
[19.271s] -- Installing: /home/terranova/uav_ws/install/dynamixel_sdk_custom_interfaces/include/dynamixel_sdk_custom_interfaces/srv/get_position.h
[19.271s] -- Installing: /home/terranova/uav_ws/install/dynamixel_sdk_custom_interfaces/include/dynamixel_sdk_custom_interfaces/srv/detail
[19.271s] -- Installing: /home/terranova/uav_ws/install/dynamixel_sdk_custom_interfaces/include/dynamixel_sdk_custom_interfaces/srv/detail/get_position__struct.h
[19.271s] -- Installing: /home/terranova/uav_ws/install/dynamixel_sdk_custom_interfaces/include/dynamixel_sdk_custom_interfaces/srv/detail/get_position__functions.c
[19.272s] -- Installing: /home/terranova/uav_ws/install/dynamixel_sdk_custom_interfaces/include/dynamixel_sdk_custom_interfaces/srv/detail/get_position__functions.h
[19.272s] -- Installing: /home/terranova/uav_ws/install/dynamixel_sdk_custom_interfaces/include/dynamixel_sdk_custom_interfaces/srv/detail/get_position__type_support.h
[19.272s] -- Installing: /home/terranova/uav_ws/install/dynamixel_sdk_custom_interfaces/share/dynamixel_sdk_custom_interfaces/environment/library_path.sh
[19.273s] -- Installing: /home/terranova/uav_ws/install/dynamixel_sdk_custom_interfaces/share/dynamixel_sdk_custom_interfaces/environment/library_path.dsv
[19.274s] -- Installing: /home/terranova/uav_ws/install/dynamixel_sdk_custom_interfaces/lib/libdynamixel_sdk_custom_interfaces__rosidl_generator_c.so
[19.275s] -- Set non-toolchain portion of runtime path of "/home/terranova/uav_ws/install/dynamixel_sdk_custom_interfaces/lib/libdynamixel_sdk_custom_interfaces__rosidl_generator_c.so" to ""
[19.276s] -- Up-to-date: /home/terranova/uav_ws/install/dynamixel_sdk_custom_interfaces/include/dynamixel_sdk_custom_interfaces
[19.276s] -- Up-to-date: /home/terranova/uav_ws/install/dynamixel_sdk_custom_interfaces/include/dynamixel_sdk_custom_interfaces/msg
[19.277s] -- Installing: /home/terranova/uav_ws/install/dynamixel_sdk_custom_interfaces/include/dynamixel_sdk_custom_interfaces/msg/rosidl_typesupport_fastrtps_c__visibility_control.h
[19.277s] -- Up-to-date: /home/terranova/uav_ws/install/dynamixel_sdk_custom_interfaces/include/dynamixel_sdk_custom_interfaces/msg/detail
[19.278s] -- Installing: /home/terranova/uav_ws/install/dynamixel_sdk_custom_interfaces/include/dynamixel_sdk_custom_interfaces/msg/detail/set_position__rosidl_typesupport_fastrtps_c.h
[19.279s] -- Up-to-date: /home/terranova/uav_ws/install/dynamixel_sdk_custom_interfaces/include/dynamixel_sdk_custom_interfaces/srv
[19.279s] -- Up-to-date: /home/terranova/uav_ws/install/dynamixel_sdk_custom_interfaces/include/dynamixel_sdk_custom_interfaces/srv/detail
[19.280s] -- Installing: /home/terranova/uav_ws/install/dynamixel_sdk_custom_interfaces/include/dynamixel_sdk_custom_interfaces/srv/detail/get_position__rosidl_typesupport_fastrtps_c.h
[19.281s] -- Installing: /home/terranova/uav_ws/install/dynamixel_sdk_custom_interfaces/lib/libdynamixel_sdk_custom_interfaces__rosidl_typesupport_fastrtps_c.so
[19.282s] -- Set non-toolchain portion of runtime path of "/home/terranova/uav_ws/install/dynamixel_sdk_custom_interfaces/lib/libdynamixel_sdk_custom_interfaces__rosidl_typesupport_fastrtps_c.so" to ""
[19.283s] -- Up-to-date: /home/terranova/uav_ws/install/dynamixel_sdk_custom_interfaces/include/dynamixel_sdk_custom_interfaces
[19.283s] -- Up-to-date: /home/terranova/uav_ws/install/dynamixel_sdk_custom_interfaces/include/dynamixel_sdk_custom_interfaces/msg
[19.284s] -- Installing: /home/terranova/uav_ws/install/dynamixel_sdk_custom_interfaces/include/dynamixel_sdk_custom_interfaces/msg/rosidl_typesupport_fastrtps_cpp__visibility_control.h
[19.284s] -- Up-to-date: /home/terranova/uav_ws/install/dynamixel_sdk_custom_interfaces/include/dynamixel_sdk_custom_interfaces/msg/detail
[19.285s] -- Installing: /home/terranova/uav_ws/install/dynamixel_sdk_custom_interfaces/include/dynamixel_sdk_custom_interfaces/msg/detail/dds_fastrtps
[19.285s] -- Installing: /home/terranova/uav_ws/install/dynamixel_sdk_custom_interfaces/include/dynamixel_sdk_custom_interfaces/msg/detail/set_position__rosidl_typesupport_fastrtps_cpp.hpp
[19.286s] -- Up-to-date: /home/terranova/uav_ws/install/dynamixel_sdk_custom_interfaces/include/dynamixel_sdk_custom_interfaces/srv
[19.286s] -- Up-to-date: /home/terranova/uav_ws/install/dynamixel_sdk_custom_interfaces/include/dynamixel_sdk_custom_interfaces/srv/detail
[19.287s] -- Installing: /home/terranova/uav_ws/install/dynamixel_sdk_custom_interfaces/include/dynamixel_sdk_custom_interfaces/srv/detail/dds_fastrtps
[19.287s] -- Installing: /home/terranova/uav_ws/install/dynamixel_sdk_custom_interfaces/include/dynamixel_sdk_custom_interfaces/srv/detail/get_position__rosidl_typesupport_fastrtps_cpp.hpp
[19.288s] -- Installing: /home/terranova/uav_ws/install/dynamixel_sdk_custom_interfaces/lib/libdynamixel_sdk_custom_interfaces__rosidl_typesupport_fastrtps_cpp.so
[19.289s] -- Set non-toolchain portion of runtime path of "/home/terranova/uav_ws/install/dynamixel_sdk_custom_interfaces/lib/libdynamixel_sdk_custom_interfaces__rosidl_typesupport_fastrtps_cpp.so" to ""
[19.290s] -- Up-to-date: /home/terranova/uav_ws/install/dynamixel_sdk_custom_interfaces/include/dynamixel_sdk_custom_interfaces
[19.290s] -- Up-to-date: /home/terranova/uav_ws/install/dynamixel_sdk_custom_interfaces/include/dynamixel_sdk_custom_interfaces/msg
[19.291s] -- Up-to-date: /home/terranova/uav_ws/install/dynamixel_sdk_custom_interfaces/include/dynamixel_sdk_custom_interfaces/msg/detail
[19.291s] -- Installing: /home/terranova/uav_ws/install/dynamixel_sdk_custom_interfaces/include/dynamixel_sdk_custom_interfaces/msg/detail/set_position__type_support.c
[19.292s] -- Installing: /home/terranova/uav_ws/install/dynamixel_sdk_custom_interfaces/include/dynamixel_sdk_custom_interfaces/msg/detail/set_position__rosidl_typesupport_introspection_c.h
[19.293s] -- Installing: /home/terranova/uav_ws/install/dynamixel_sdk_custom_interfaces/include/dynamixel_sdk_custom_interfaces/msg/rosidl_typesupport_introspection_c__visibility_control.h
[19.293s] -- Up-to-date: /home/terranova/uav_ws/install/dynamixel_sdk_custom_interfaces/include/dynamixel_sdk_custom_interfaces/srv
[19.293s] -- Up-to-date: /home/terranova/uav_ws/install/dynamixel_sdk_custom_interfaces/include/dynamixel_sdk_custom_interfaces/srv/detail
[19.294s] -- Installing: /home/terranova/uav_ws/install/dynamixel_sdk_custom_interfaces/include/dynamixel_sdk_custom_interfaces/srv/detail/get_position__type_support.c
[19.295s] -- Installing: /home/terranova/uav_ws/install/dynamixel_sdk_custom_interfaces/include/dynamixel_sdk_custom_interfaces/srv/detail/get_position__rosidl_typesupport_introspection_c.h
[19.295s] -- Installing: /home/terranova/uav_ws/install/dynamixel_sdk_custom_interfaces/lib/libdynamixel_sdk_custom_interfaces__rosidl_typesupport_introspection_c.so
[19.297s] -- Set non-toolchain portion of runtime path of "/home/terranova/uav_ws/install/dynamixel_sdk_custom_interfaces/lib/libdynamixel_sdk_custom_interfaces__rosidl_typesupport_introspection_c.so" to ""
[19.297s] -- Installing: /home/terranova/uav_ws/install/dynamixel_sdk_custom_interfaces/lib/libdynamixel_sdk_custom_interfaces__rosidl_typesupport_c.so
[19.298s] -- Set non-toolchain portion of runtime path of "/home/terranova/uav_ws/install/dynamixel_sdk_custom_interfaces/lib/libdynamixel_sdk_custom_interfaces__rosidl_typesupport_c.so" to ""
[19.299s] -- Up-to-date: /home/terranova/uav_ws/install/dynamixel_sdk_custom_interfaces/include/dynamixel_sdk_custom_interfaces
[19.299s] -- Up-to-date: /home/terranova/uav_ws/install/dynamixel_sdk_custom_interfaces/include/dynamixel_sdk_custom_interfaces/msg
[19.300s] -- Installing: /home/terranova/uav_ws/install/dynamixel_sdk_custom_interfaces/include/dynamixel_sdk_custom_interfaces/msg/set_position.hpp
[19.300s] -- Installing: /home/terranova/uav_ws/install/dynamixel_sdk_custom_interfaces/include/dynamixel_sdk_custom_interfaces/msg/rosidl_generator_cpp__visibility_control.hpp
[19.301s] -- Up-to-date: /home/terranova/uav_ws/install/dynamixel_sdk_custom_interfaces/include/dynamixel_sdk_custom_interfaces/msg/detail
[19.301s] -- Installing: /home/terranova/uav_ws/install/dynamixel_sdk_custom_interfaces/include/dynamixel_sdk_custom_interfaces/msg/detail/set_position__type_support.hpp
[19.302s] -- Installing: /home/terranova/uav_ws/install/dynamixel_sdk_custom_interfaces/include/dynamixel_sdk_custom_interfaces/msg/detail/set_position__traits.hpp
[19.303s] -- Installing: /home/terranova/uav_ws/install/dynamixel_sdk_custom_interfaces/include/dynamixel_sdk_custom_interfaces/msg/detail/set_position__builder.hpp
[19.303s] -- Installing: /home/terranova/uav_ws/install/dynamixel_sdk_custom_interfaces/include/dynamixel_sdk_custom_interfaces/msg/detail/set_position__struct.hpp
[19.304s] -- Up-to-date: /home/terranova/uav_ws/install/dynamixel_sdk_custom_interfaces/include/dynamixel_sdk_custom_interfaces/srv
[19.305s] -- Installing: /home/terranova/uav_ws/install/dynamixel_sdk_custom_interfaces/include/dynamixel_sdk_custom_interfaces/srv/get_position.hpp
[19.305s] -- Up-to-date: /home/terranova/uav_ws/install/dynamixel_sdk_custom_interfaces/include/dynamixel_sdk_custom_interfaces/srv/detail
[19.306s] -- Installing: /home/terranova/uav_ws/install/dynamixel_sdk_custom_interfaces/include/dynamixel_sdk_custom_interfaces/srv/detail/get_position__builder.hpp
[19.307s] -- Installing: /home/terranova/uav_ws/install/dynamixel_sdk_custom_interfaces/include/dynamixel_sdk_custom_interfaces/srv/detail/get_position__traits.hpp
[19.307s] -- Installing: /home/terranova/uav_ws/install/dynamixel_sdk_custom_interfaces/include/dynamixel_sdk_custom_interfaces/srv/detail/get_position__type_support.hpp
[19.308s] -- Installing: /home/terranova/uav_ws/install/dynamixel_sdk_custom_interfaces/include/dynamixel_sdk_custom_interfaces/srv/detail/get_position__struct.hpp
[19.309s] -- Up-to-date: /home/terranova/uav_ws/install/dynamixel_sdk_custom_interfaces/include/dynamixel_sdk_custom_interfaces
[19.309s] -- Up-to-date: /home/terranova/uav_ws/install/dynamixel_sdk_custom_interfaces/include/dynamixel_sdk_custom_interfaces/msg
[19.310s] -- Up-to-date: /home/terranova/uav_ws/install/dynamixel_sdk_custom_interfaces/include/dynamixel_sdk_custom_interfaces/msg/detail
[19.310s] -- Installing: /home/terranova/uav_ws/install/dynamixel_sdk_custom_interfaces/include/dynamixel_sdk_custom_interfaces/msg/detail/set_position__type_support.cpp
[19.311s] -- Installing: /home/terranova/uav_ws/install/dynamixel_sdk_custom_interfaces/include/dynamixel_sdk_custom_interfaces/msg/detail/set_position__rosidl_typesupport_introspection_cpp.hpp
[19.312s] -- Up-to-date: /home/terranova/uav_ws/install/dynamixel_sdk_custom_interfaces/include/dynamixel_sdk_custom_interfaces/srv
[19.313s] -- Up-to-date: /home/terranova/uav_ws/install/dynamixel_sdk_custom_interfaces/include/dynamixel_sdk_custom_interfaces/srv/detail
[19.313s] -- Installing: /home/terranova/uav_ws/install/dynamixel_sdk_custom_interfaces/include/dynamixel_sdk_custom_interfaces/srv/detail/get_position__type_support.cpp
[19.314s] -- Installing: /home/terranova/uav_ws/install/dynamixel_sdk_custom_interfaces/include/dynamixel_sdk_custom_interfaces/srv/detail/get_position__rosidl_typesupport_introspection_cpp.hpp
[19.315s] -- Installing: /home/terranova/uav_ws/install/dynamixel_sdk_custom_interfaces/lib/libdynamixel_sdk_custom_interfaces__rosidl_typesupport_introspection_cpp.so
[19.316s] -- Set non-toolchain portion of runtime path of "/home/terranova/uav_ws/install/dynamixel_sdk_custom_interfaces/lib/libdynamixel_sdk_custom_interfaces__rosidl_typesupport_introspection_cpp.so" to ""
[19.316s] -- Installing: /home/terranova/uav_ws/install/dynamixel_sdk_custom_interfaces/lib/libdynamixel_sdk_custom_interfaces__rosidl_typesupport_cpp.so
[19.318s] -- Set non-toolchain portion of runtime path of "/home/terranova/uav_ws/install/dynamixel_sdk_custom_interfaces/lib/libdynamixel_sdk_custom_interfaces__rosidl_typesupport_cpp.so" to ""
[19.318s] -- Installing: /home/terranova/uav_ws/install/dynamixel_sdk_custom_interfaces/share/dynamixel_sdk_custom_interfaces/environment/pythonpath.sh
[19.319s] -- Installing: /home/terranova/uav_ws/install/dynamixel_sdk_custom_interfaces/share/dynamixel_sdk_custom_interfaces/environment/pythonpath.dsv
[19.320s] -- Installing: /home/terranova/uav_ws/install/dynamixel_sdk_custom_interfaces/lib/python3.8/site-packages/dynamixel_sdk_custom_interfaces/__init__.py
[19.410s] Compiling '/home/terranova/uav_ws/install/dynamixel_sdk_custom_interfaces/lib/python3.8/site-packages/dynamixel_sdk_custom_interfaces/__init__.py'...
[19.421s] -- Installing: /home/terranova/uav_ws/install/dynamixel_sdk_custom_interfaces/lib/python3.8/site-packages/dynamixel_sdk_custom_interfaces/msg
[19.421s] -- Installing: /home/terranova/uav_ws/install/dynamixel_sdk_custom_interfaces/lib/python3.8/site-packages/dynamixel_sdk_custom_interfaces/msg/__init__.py
[19.422s] -- Installing: /home/terranova/uav_ws/install/dynamixel_sdk_custom_interfaces/lib/python3.8/site-packages/dynamixel_sdk_custom_interfaces/msg/_set_position_s.c
[19.422s] -- Installing: /home/terranova/uav_ws/install/dynamixel_sdk_custom_interfaces/lib/python3.8/site-packages/dynamixel_sdk_custom_interfaces/msg/_set_position.py
[19.422s] -- Installing: /home/terranova/uav_ws/install/dynamixel_sdk_custom_interfaces/lib/python3.8/site-packages/dynamixel_sdk_custom_interfaces/srv
[19.422s] -- Installing: /home/terranova/uav_ws/install/dynamixel_sdk_custom_interfaces/lib/python3.8/site-packages/dynamixel_sdk_custom_interfaces/srv/_get_position.py
[19.423s] -- Installing: /home/terranova/uav_ws/install/dynamixel_sdk_custom_interfaces/lib/python3.8/site-packages/dynamixel_sdk_custom_interfaces/srv/_get_position_s.c
[19.423s] -- Installing: /home/terranova/uav_ws/install/dynamixel_sdk_custom_interfaces/lib/python3.8/site-packages/dynamixel_sdk_custom_interfaces/srv/__init__.py
[19.424s] -- Installing: /home/terranova/uav_ws/install/dynamixel_sdk_custom_interfaces/lib/python3.8/site-packages/dynamixel_sdk_custom_interfaces/dynamixel_sdk_custom_interfaces_s__rosidl_typesupport_fastrtps_c.cpython-38-x86_64-linux-gnu.so
[19.424s] -- Set non-toolchain portion of runtime path of "/home/terranova/uav_ws/install/dynamixel_sdk_custom_interfaces/lib/python3.8/site-packages/dynamixel_sdk_custom_interfaces/dynamixel_sdk_custom_interfaces_s__rosidl_typesupport_fastrtps_c.cpython-38-x86_64-linux-gnu.so" to ""
[19.424s] -- Installing: /home/terranova/uav_ws/install/dynamixel_sdk_custom_interfaces/lib/python3.8/site-packages/dynamixel_sdk_custom_interfaces/dynamixel_sdk_custom_interfaces_s__rosidl_typesupport_introspection_c.cpython-38-x86_64-linux-gnu.so
[19.425s] -- Set non-toolchain portion of runtime path of "/home/terranova/uav_ws/install/dynamixel_sdk_custom_interfaces/lib/python3.8/site-packages/dynamixel_sdk_custom_interfaces/dynamixel_sdk_custom_interfaces_s__rosidl_typesupport_introspection_c.cpython-38-x86_64-linux-gnu.so" to ""
[19.425s] -- Installing: /home/terranova/uav_ws/install/dynamixel_sdk_custom_interfaces/lib/python3.8/site-packages/dynamixel_sdk_custom_interfaces/dynamixel_sdk_custom_interfaces_s__rosidl_typesupport_c.cpython-38-x86_64-linux-gnu.so
[19.426s] -- Set non-toolchain portion of runtime path of "/home/terranova/uav_ws/install/dynamixel_sdk_custom_interfaces/lib/python3.8/site-packages/dynamixel_sdk_custom_interfaces/dynamixel_sdk_custom_interfaces_s__rosidl_typesupport_c.cpython-38-x86_64-linux-gnu.so" to ""
[19.427s] -- Installing: /home/terranova/uav_ws/install/dynamixel_sdk_custom_interfaces/lib/libdynamixel_sdk_custom_interfaces__python.so
[19.428s] -- Set non-toolchain portion of runtime path of "/home/terranova/uav_ws/install/dynamixel_sdk_custom_interfaces/lib/libdynamixel_sdk_custom_interfaces__python.so" to ""
[19.428s] -- Installing: /home/terranova/uav_ws/install/dynamixel_sdk_custom_interfaces/share/dynamixel_sdk_custom_interfaces/msg/SetPosition.idl
[19.428s] -- Installing: /home/terranova/uav_ws/install/dynamixel_sdk_custom_interfaces/share/dynamixel_sdk_custom_interfaces/srv/GetPosition.idl
[19.429s] -- Installing: /home/terranova/uav_ws/install/dynamixel_sdk_custom_interfaces/share/dynamixel_sdk_custom_interfaces/msg/SetPosition.msg
[19.429s] -- Installing: /home/terranova/uav_ws/install/dynamixel_sdk_custom_interfaces/share/dynamixel_sdk_custom_interfaces/srv/GetPosition.srv
[19.430s] -- Installing: /home/terranova/uav_ws/install/dynamixel_sdk_custom_interfaces/share/dynamixel_sdk_custom_interfaces/srv/GetPosition_Request.msg
[19.430s] -- Installing: /home/terranova/uav_ws/install/dynamixel_sdk_custom_interfaces/share/dynamixel_sdk_custom_interfaces/srv/GetPosition_Response.msg
[19.431s] -- Installing: /home/terranova/uav_ws/install/dynamixel_sdk_custom_interfaces/share/ament_index/resource_index/package_run_dependencies/dynamixel_sdk_custom_interfaces
[19.431s] -- Installing: /home/terranova/uav_ws/install/dynamixel_sdk_custom_interfaces/share/ament_index/resource_index/parent_prefix_path/dynamixel_sdk_custom_interfaces
[19.432s] -- Installing: /home/terranova/uav_ws/install/dynamixel_sdk_custom_interfaces/share/dynamixel_sdk_custom_interfaces/environment/ament_prefix_path.sh
[19.432s] -- Installing: /home/terranova/uav_ws/install/dynamixel_sdk_custom_interfaces/share/dynamixel_sdk_custom_interfaces/environment/ament_prefix_path.dsv
[19.432s] -- Installing: /home/terranova/uav_ws/install/dynamixel_sdk_custom_interfaces/share/dynamixel_sdk_custom_interfaces/environment/path.sh
[19.433s] -- Installing: /home/terranova/uav_ws/install/dynamixel_sdk_custom_interfaces/share/dynamixel_sdk_custom_interfaces/environment/path.dsv
[19.433s] -- Installing: /home/terranova/uav_ws/install/dynamixel_sdk_custom_interfaces/share/dynamixel_sdk_custom_interfaces/local_setup.bash
[19.434s] -- Installing: /home/terranova/uav_ws/install/dynamixel_sdk_custom_interfaces/share/dynamixel_sdk_custom_interfaces/local_setup.sh
[19.434s] -- Installing: /home/terranova/uav_ws/install/dynamixel_sdk_custom_interfaces/share/dynamixel_sdk_custom_interfaces/local_setup.zsh
[19.435s] -- Installing: /home/terranova/uav_ws/install/dynamixel_sdk_custom_interfaces/share/dynamixel_sdk_custom_interfaces/local_setup.dsv
[19.435s] -- Installing: /home/terranova/uav_ws/install/dynamixel_sdk_custom_interfaces/share/dynamixel_sdk_custom_interfaces/package.dsv
[19.435s] -- Installing: /home/terranova/uav_ws/install/dynamixel_sdk_custom_interfaces/share/ament_index/resource_index/packages/dynamixel_sdk_custom_interfaces
[19.436s] -- Installing: /home/terranova/uav_ws/install/dynamixel_sdk_custom_interfaces/share/dynamixel_sdk_custom_interfaces/cmake/dynamixel_sdk_custom_interfaces__rosidl_generator_cExport.cmake
[19.436s] -- Installing: /home/terranova/uav_ws/install/dynamixel_sdk_custom_interfaces/share/dynamixel_sdk_custom_interfaces/cmake/dynamixel_sdk_custom_interfaces__rosidl_generator_cExport-noconfig.cmake
[19.437s] -- Installing: /home/terranova/uav_ws/install/dynamixel_sdk_custom_interfaces/share/dynamixel_sdk_custom_interfaces/cmake/dynamixel_sdk_custom_interfaces__rosidl_typesupport_introspection_cExport.cmake
[19.437s] -- Installing: /home/terranova/uav_ws/install/dynamixel_sdk_custom_interfaces/share/dynamixel_sdk_custom_interfaces/cmake/dynamixel_sdk_custom_interfaces__rosidl_typesupport_introspection_cExport-noconfig.cmake
[19.438s] -- Installing: /home/terranova/uav_ws/install/dynamixel_sdk_custom_interfaces/share/dynamixel_sdk_custom_interfaces/cmake/dynamixel_sdk_custom_interfaces__rosidl_typesupport_cExport.cmake
[19.438s] -- Installing: /home/terranova/uav_ws/install/dynamixel_sdk_custom_interfaces/share/dynamixel_sdk_custom_interfaces/cmake/dynamixel_sdk_custom_interfaces__rosidl_typesupport_cExport-noconfig.cmake
[19.439s] -- Installing: /home/terranova/uav_ws/install/dynamixel_sdk_custom_interfaces/share/dynamixel_sdk_custom_interfaces/cmake/dynamixel_sdk_custom_interfaces__rosidl_generator_cppExport.cmake
[19.439s] -- Installing: /home/terranova/uav_ws/install/dynamixel_sdk_custom_interfaces/share/dynamixel_sdk_custom_interfaces/cmake/dynamixel_sdk_custom_interfaces__rosidl_typesupport_introspection_cppExport.cmake
[19.439s] -- Installing: /home/terranova/uav_ws/install/dynamixel_sdk_custom_interfaces/share/dynamixel_sdk_custom_interfaces/cmake/dynamixel_sdk_custom_interfaces__rosidl_typesupport_introspection_cppExport-noconfig.cmake
[19.440s] -- Installing: /home/terranova/uav_ws/install/dynamixel_sdk_custom_interfaces/share/dynamixel_sdk_custom_interfaces/cmake/dynamixel_sdk_custom_interfaces__rosidl_typesupport_cppExport.cmake
[19.440s] -- Installing: /home/terranova/uav_ws/install/dynamixel_sdk_custom_interfaces/share/dynamixel_sdk_custom_interfaces/cmake/dynamixel_sdk_custom_interfaces__rosidl_typesupport_cppExport-noconfig.cmake
[19.440s] -- Installing: /home/terranova/uav_ws/install/dynamixel_sdk_custom_interfaces/share/dynamixel_sdk_custom_interfaces/cmake/rosidl_cmake-extras.cmake
[19.441s] -- Installing: /home/terranova/uav_ws/install/dynamixel_sdk_custom_interfaces/share/dynamixel_sdk_custom_interfaces/cmake/ament_cmake_export_dependencies-extras.cmake
[19.441s] -- Installing: /home/terranova/uav_ws/install/dynamixel_sdk_custom_interfaces/share/dynamixel_sdk_custom_interfaces/cmake/ament_cmake_export_libraries-extras.cmake
[19.441s] -- Installing: /home/terranova/uav_ws/install/dynamixel_sdk_custom_interfaces/share/dynamixel_sdk_custom_interfaces/cmake/ament_cmake_export_targets-extras.cmake
[19.442s] -- Installing: /home/terranova/uav_ws/install/dynamixel_sdk_custom_interfaces/share/dynamixel_sdk_custom_interfaces/cmake/ament_cmake_export_include_directories-extras.cmake
[19.443s] -- Installing: /home/terranova/uav_ws/install/dynamixel_sdk_custom_interfaces/share/dynamixel_sdk_custom_interfaces/cmake/rosidl_cmake_export_typesupport_libraries-extras.cmake
[19.443s] -- Installing: /home/terranova/uav_ws/install/dynamixel_sdk_custom_interfaces/share/dynamixel_sdk_custom_interfaces/cmake/rosidl_cmake_export_typesupport_targets-extras.cmake
[19.443s] -- Installing: /home/terranova/uav_ws/install/dynamixel_sdk_custom_interfaces/share/dynamixel_sdk_custom_interfaces/cmake/dynamixel_sdk_custom_interfacesConfig.cmake
[19.444s] -- Installing: /home/terranova/uav_ws/install/dynamixel_sdk_custom_interfaces/share/dynamixel_sdk_custom_interfaces/cmake/dynamixel_sdk_custom_interfacesConfig-version.cmake
[19.444s] -- Installing: /home/terranova/uav_ws/install/dynamixel_sdk_custom_interfaces/share/dynamixel_sdk_custom_interfaces/package.xml
[19.459s] Invoked command in '/home/terranova/uav_ws/build/dynamixel_sdk_custom_interfaces' returned '0': CMAKE_PREFIX_PATH=${CMAKE_PREFIX_PATH}:/home/terranova/uav_ws/install/turtlebot3_teleop:/home/terranova/uav_ws/install/turtlebot3_example:/home/terranova/uav_ws/install/opencv_tests:/home/terranova/uav_ws/install/joint_state_publisher_gui:/home/terranova/uav_ws/install/joint_state_publisher:/opt/ros/foxy /home/terranova/.local/bin/cmake --install /home/terranova/uav_ws/build/dynamixel_sdk_custom_interfaces
