[3.310s] Invoking command in '/home/terranova/uav_ws/src/joint_state_publisher': PYTHONPATH=/home/terranova/uav_ws/build/joint_state_publisher/prefix_override:/home/terranova/uav_ws/install/joint_state_publisher/lib/python3.8/site-packages:${PYTHONPATH} /usr/bin/python3 -W ignore:setup.py install is deprecated setup.py egg_info --egg-base ../../build/joint_state_publisher build --build-base /home/terranova/uav_ws/build/joint_state_publisher/build install --record /home/terranova/uav_ws/build/joint_state_publisher/install.log --single-version-externally-managed install_data
[4.063s] running egg_info
[4.063s] creating ../../build/joint_state_publisher/joint_state_publisher.egg-info
[4.117s] writing ../../build/joint_state_publisher/joint_state_publisher.egg-info/PKG-INFO
[4.119s] writing dependency_links to ../../build/joint_state_publisher/joint_state_publisher.egg-info/dependency_links.txt
[4.119s] writing entry points to ../../build/joint_state_publisher/joint_state_publisher.egg-info/entry_points.txt
[4.120s] writing requirements to ../../build/joint_state_publisher/joint_state_publisher.egg-info/requires.txt
[4.120s] writing top-level names to ../../build/joint_state_publisher/joint_state_publisher.egg-info/top_level.txt
[4.436s] writing manifest file '../../build/joint_state_publisher/joint_state_publisher.egg-info/SOURCES.txt'
[4.548s] reading manifest file '../../build/joint_state_publisher/joint_state_publisher.egg-info/SOURCES.txt'
[4.548s] adding license file 'LICENSE'
[4.550s] writing manifest file '../../build/joint_state_publisher/joint_state_publisher.egg-info/SOURCES.txt'
[4.550s] running build
[4.550s] running build_py
[4.551s] creating /home/terranova/uav_ws/build/joint_state_publisher/build
[4.551s] creating /home/terranova/uav_ws/build/joint_state_publisher/build/lib
[4.551s] creating /home/terranova/uav_ws/build/joint_state_publisher/build/lib/joint_state_publisher
[4.551s] copying joint_state_publisher/__init__.py -> /home/terranova/uav_ws/build/joint_state_publisher/build/lib/joint_state_publisher
[4.552s] copying joint_state_publisher/joint_state_publisher.py -> /home/terranova/uav_ws/build/joint_state_publisher/build/lib/joint_state_publisher
[4.552s] running install
[4.565s] running install_lib
[4.611s] creating /home/terranova/uav_ws/install/joint_state_publisher/lib/python3.8/site-packages/joint_state_publisher
[4.612s] copying /home/terranova/uav_ws/build/joint_state_publisher/build/lib/joint_state_publisher/__init__.py -> /home/terranova/uav_ws/install/joint_state_publisher/lib/python3.8/site-packages/joint_state_publisher
[4.612s] copying /home/terranova/uav_ws/build/joint_state_publisher/build/lib/joint_state_publisher/joint_state_publisher.py -> /home/terranova/uav_ws/install/joint_state_publisher/lib/python3.8/site-packages/joint_state_publisher
[4.613s] byte-compiling /home/terranova/uav_ws/install/joint_state_publisher/lib/python3.8/site-packages/joint_state_publisher/__init__.py to __init__.cpython-38.pyc
[4.614s] byte-compiling /home/terranova/uav_ws/install/joint_state_publisher/lib/python3.8/site-packages/joint_state_publisher/joint_state_publisher.py to joint_state_publisher.cpython-38.pyc
[4.620s] running install_data
[4.620s] creating /home/terranova/uav_ws/install/joint_state_publisher/share/ament_index
[4.620s] creating /home/terranova/uav_ws/install/joint_state_publisher/share/ament_index/resource_index
[4.621s] creating /home/terranova/uav_ws/install/joint_state_publisher/share/ament_index/resource_index/packages
[4.621s] copying resource/joint_state_publisher -> /home/terranova/uav_ws/install/joint_state_publisher/share/ament_index/resource_index/packages
[4.621s] copying package.xml -> /home/terranova/uav_ws/install/joint_state_publisher/share/joint_state_publisher
[4.622s] running install_egg_info
[4.670s] Copying ../../build/joint_state_publisher/joint_state_publisher.egg-info to /home/terranova/uav_ws/install/joint_state_publisher/lib/python3.8/site-packages/joint_state_publisher-2.2.0-py3.8.egg-info
[4.672s] running install_scripts
[4.818s] Installing joint_state_publisher script to /home/terranova/uav_ws/install/joint_state_publisher/lib/joint_state_publisher
[4.819s] writing list of installed files to '/home/terranova/uav_ws/build/joint_state_publisher/install.log'
[4.904s] Invoked command in '/home/terranova/uav_ws/src/joint_state_publisher' returned '0': PYTHONPATH=/home/terranova/uav_ws/build/joint_state_publisher/prefix_override:/home/terranova/uav_ws/install/joint_state_publisher/lib/python3.8/site-packages:${PYTHONPATH} /usr/bin/python3 -W ignore:setup.py install is deprecated setup.py egg_info --egg-base ../../build/joint_state_publisher build --build-base /home/terranova/uav_ws/build/joint_state_publisher/build install --record /home/terranova/uav_ws/build/joint_state_publisher/install.log --single-version-externally-managed install_data
