[0.210s] Invoking command in '/home/terranova/uav_ws/build/gazebo_ros': AMENT_PREFIX_PATH=/home/terranova/uav_ws/install/gazebo_msgs:/home/terranova/uav_ws/install/gazebo_dev:${AMENT_PREFIX_PATH} CMAKE_PREFIX_PATH=/home/terranova/uav_ws/install/gazebo_msgs:/home/terranova/uav_ws/install/gazebo_dev:/opt/ros/foxy LD_LIBRARY_PATH=/home/terranova/uav_ws/install/gazebo_msgs/lib:/opt/ros/foxy/opt/yaml_cpp_vendor/lib:/opt/ros/foxy/opt/rviz_ogre_vendor/lib:/opt/ros/foxy/lib/x86_64-linux-gnu:/opt/ros/foxy/lib:/usr/lib/x86_64-linux-gnu/gazebo-11/plugins:/usr/lib/x86_64-linux-gnu/gazebo-11/plugins:/usr/lib/x86_64-linux-gnu/gazebo-11/plugins PYTHONPATH=/home/terranova/uav_ws/install/gazebo_msgs/lib/python3.8/site-packages:/opt/ros/foxy/lib/python3.8/site-packages:/home/terranova/.local/bin /home/terranova/.local/bin/cmake --build /home/terranova/uav_ws/build/gazebo_ros -- -j4 -l4
[1.423s] [  7%] Built target gazebo_ros_node
[1.656s] [ 10%] Built target gtest
[2.002s] [ 14%] Built target mock_robot_state_publisher
[3.061s] [ 17%] Built target gazebo_ros_properties
[3.774s] [ 21%] Built target gazebo_ros_state
[4.578s] [ 25%] Built target gazebo_ros_force_system
[5.085s] [ 28%] Built target args_init
[5.625s] [ 32%] Built target create_node_without_init
[6.083s] [ 35%] Built target multiple_nodes
[6.735s] [ 39%] Built target ros_world_plugin
[7.034s] [ 42%] Built target sdf_node
[7.198s] [ 46%] Built target gtest_main
[8.385s] [ 50%] Built target gazebo_ros_utils
[9.281s] [ 53%] Built target gazebo_ros_init
[10.097s] [ 57%] Built target test_gazebo_ros_factory
[10.601s] [ 60%] Built target test_gazebo_ros_init
[11.470s] [ 64%] Built target test_gazebo_ros_joint_effort
[12.259s] [ 67%] Built target test_gazebo_ros_link_wrench
[12.726s] [ 71%] Built target test_gazebo_ros_properties
[13.579s] [ 75%] Built target test_gazebo_ros_state
[13.966s] [ 78%] Built target test_node
[14.296s] [ 82%] Built target test_plugins
[14.568s] [ 85%] Built target test_qos
[14.836s] [ 89%] Built target test_sim_time
[15.313s] [ 92%] Built target test_utils
[15.741s] [ 96%] Built target test_conversions
[16.522s] [100%] Built target gazebo_ros_factory
[16.676s] Invoked command in '/home/terranova/uav_ws/build/gazebo_ros' returned '0': AMENT_PREFIX_PATH=/home/terranova/uav_ws/install/gazebo_msgs:/home/terranova/uav_ws/install/gazebo_dev:${AMENT_PREFIX_PATH} CMAKE_PREFIX_PATH=/home/terranova/uav_ws/install/gazebo_msgs:/home/terranova/uav_ws/install/gazebo_dev:/opt/ros/foxy LD_LIBRARY_PATH=/home/terranova/uav_ws/install/gazebo_msgs/lib:/opt/ros/foxy/opt/yaml_cpp_vendor/lib:/opt/ros/foxy/opt/rviz_ogre_vendor/lib:/opt/ros/foxy/lib/x86_64-linux-gnu:/opt/ros/foxy/lib:/usr/lib/x86_64-linux-gnu/gazebo-11/plugins:/usr/lib/x86_64-linux-gnu/gazebo-11/plugins:/usr/lib/x86_64-linux-gnu/gazebo-11/plugins PYTHONPATH=/home/terranova/uav_ws/install/gazebo_msgs/lib/python3.8/site-packages:/opt/ros/foxy/lib/python3.8/site-packages:/home/terranova/.local/bin /home/terranova/.local/bin/cmake --build /home/terranova/uav_ws/build/gazebo_ros -- -j4 -l4
[18.293s] Invoking command in '/home/terranova/uav_ws/build/gazebo_ros': AMENT_PREFIX_PATH=/home/terranova/uav_ws/install/gazebo_msgs:/home/terranova/uav_ws/install/gazebo_dev:${AMENT_PREFIX_PATH} CMAKE_PREFIX_PATH=/home/terranova/uav_ws/install/gazebo_msgs:/home/terranova/uav_ws/install/gazebo_dev:/opt/ros/foxy LD_LIBRARY_PATH=/home/terranova/uav_ws/install/gazebo_msgs/lib:/opt/ros/foxy/opt/yaml_cpp_vendor/lib:/opt/ros/foxy/opt/rviz_ogre_vendor/lib:/opt/ros/foxy/lib/x86_64-linux-gnu:/opt/ros/foxy/lib:/usr/lib/x86_64-linux-gnu/gazebo-11/plugins:/usr/lib/x86_64-linux-gnu/gazebo-11/plugins:/usr/lib/x86_64-linux-gnu/gazebo-11/plugins PYTHONPATH=/home/terranova/uav_ws/install/gazebo_msgs/lib/python3.8/site-packages:/opt/ros/foxy/lib/python3.8/site-packages:/home/terranova/.local/bin /home/terranova/.local/bin/cmake --install /home/terranova/uav_ws/build/gazebo_ros
[18.922s] -- Install configuration: ""
[18.922s] -- Up-to-date: /home/terranova/uav_ws/install/gazebo_ros/share/gazebo_ros/environment/pythonpath.sh
[18.922s] -- Up-to-date: /home/terranova/uav_ws/install/gazebo_ros/share/gazebo_ros/environment/pythonpath.dsv
[18.923s] -- Up-to-date: /home/terranova/uav_ws/install/gazebo_ros/lib/python3.8/site-packages/scripts/
[18.923s] -- Up-to-date: /home/terranova/uav_ws/install/gazebo_ros/lib/python3.8/site-packages/scripts//gazebo_ros_paths.py
[18.923s] -- Up-to-date: /home/terranova/uav_ws/install/gazebo_ros/lib/python3.8/site-packages/scripts//spawn_entity.py
[18.924s] -- Up-to-date: /home/terranova/uav_ws/install/gazebo_ros/lib/python3.8/site-packages/scripts//__init__.py
[19.385s] Listing '/home/terranova/uav_ws/install/gazebo_ros/lib/python3.8/site-packages/scripts/'...
[19.449s] -- Up-to-date: /home/terranova/uav_ws/install/gazebo_ros/share/gazebo_ros/environment/library_path.sh
[19.455s] -- Up-to-date: /home/terranova/uav_ws/install/gazebo_ros/share/gazebo_ros/environment/library_path.dsv
[19.463s] -- Up-to-date: /home/terranova/uav_ws/install/gazebo_ros/share/ament_index/resource_index/package_run_dependencies/gazebo_ros
[19.463s] -- Up-to-date: /home/terranova/uav_ws/install/gazebo_ros/share/ament_index/resource_index/parent_prefix_path/gazebo_ros
[19.469s] -- Up-to-date: /home/terranova/uav_ws/install/gazebo_ros/share/gazebo_ros/environment/ament_prefix_path.sh
[19.469s] -- Up-to-date: /home/terranova/uav_ws/install/gazebo_ros/share/gazebo_ros/environment/ament_prefix_path.dsv
[19.470s] -- Up-to-date: /home/terranova/uav_ws/install/gazebo_ros/share/gazebo_ros/environment/path.sh
[19.485s] -- Up-to-date: /home/terranova/uav_ws/install/gazebo_ros/share/gazebo_ros/environment/path.dsv
[19.485s] -- Up-to-date: /home/terranova/uav_ws/install/gazebo_ros/share/gazebo_ros/local_setup.bash
[19.491s] -- Up-to-date: /home/terranova/uav_ws/install/gazebo_ros/share/gazebo_ros/local_setup.sh
[19.491s] -- Up-to-date: /home/terranova/uav_ws/install/gazebo_ros/share/gazebo_ros/local_setup.zsh
[19.494s] -- Up-to-date: /home/terranova/uav_ws/install/gazebo_ros/share/gazebo_ros/local_setup.dsv
[19.501s] -- Installing: /home/terranova/uav_ws/install/gazebo_ros/share/gazebo_ros/package.dsv
[19.513s] -- Up-to-date: /home/terranova/uav_ws/install/gazebo_ros/share/ament_index/resource_index/packages/gazebo_ros
[19.513s] -- Up-to-date: /home/terranova/uav_ws/install/gazebo_ros/share/gazebo_ros/cmake/ament_cmake_export_libraries-extras.cmake
[19.514s] -- Up-to-date: /home/terranova/uav_ws/install/gazebo_ros/share/gazebo_ros/cmake/ament_cmake_export_include_directories-extras.cmake
[19.525s] -- Up-to-date: /home/terranova/uav_ws/install/gazebo_ros/share/gazebo_ros/cmake/ament_cmake_export_dependencies-extras.cmake
[19.525s] -- Up-to-date: /home/terranova/uav_ws/install/gazebo_ros/share/gazebo_ros/cmake/gazebo_rosConfig.cmake
[19.526s] -- Up-to-date: /home/terranova/uav_ws/install/gazebo_ros/share/gazebo_ros/cmake/gazebo_rosConfig-version.cmake
[19.532s] -- Up-to-date: /home/terranova/uav_ws/install/gazebo_ros/share/gazebo_ros/package.xml
[19.533s] -- Up-to-date: /home/terranova/uav_ws/install/gazebo_ros/include
[19.533s] -- Up-to-date: /home/terranova/uav_ws/install/gazebo_ros/include/gazebo_ros
[19.534s] -- Up-to-date: /home/terranova/uav_ws/install/gazebo_ros/include/gazebo_ros/node_visibility_control.h
[19.534s] -- Up-to-date: /home/terranova/uav_ws/install/gazebo_ros/include/gazebo_ros/gazebo_ros_properties.hpp
[19.553s] -- Up-to-date: /home/terranova/uav_ws/install/gazebo_ros/include/gazebo_ros/testing_utils.hpp
[19.553s] -- Up-to-date: /home/terranova/uav_ws/install/gazebo_ros/include/gazebo_ros/gazebo_ros_force_system.hpp
[19.553s] -- Up-to-date: /home/terranova/uav_ws/install/gazebo_ros/include/gazebo_ros/gazebo_ros_factory.hpp
[19.554s] -- Up-to-date: /home/terranova/uav_ws/install/gazebo_ros/include/gazebo_ros/executor.hpp
[19.554s] -- Up-to-date: /home/terranova/uav_ws/install/gazebo_ros/include/gazebo_ros/conversions
[19.554s] -- Up-to-date: /home/terranova/uav_ws/install/gazebo_ros/include/gazebo_ros/conversions/sensor_msgs.hpp
[19.554s] -- Up-to-date: /home/terranova/uav_ws/install/gazebo_ros/include/gazebo_ros/conversions/gazebo_msgs.hpp
[19.555s] -- Up-to-date: /home/terranova/uav_ws/install/gazebo_ros/include/gazebo_ros/conversions/builtin_interfaces.hpp
[19.555s] -- Up-to-date: /home/terranova/uav_ws/install/gazebo_ros/include/gazebo_ros/conversions/geometry_msgs.hpp
[19.555s] -- Up-to-date: /home/terranova/uav_ws/install/gazebo_ros/include/gazebo_ros/conversions/generic.hpp
[19.556s] -- Up-to-date: /home/terranova/uav_ws/install/gazebo_ros/include/gazebo_ros/utils_visibility_control.h
[19.556s] -- Up-to-date: /home/terranova/uav_ws/install/gazebo_ros/include/gazebo_ros/gazebo_ros_init.hpp
[19.572s] -- Up-to-date: /home/terranova/uav_ws/install/gazebo_ros/include/gazebo_ros/qos.hpp
[19.573s] -- Up-to-date: /home/terranova/uav_ws/install/gazebo_ros/include/gazebo_ros/node.hpp
[19.574s] -- Up-to-date: /home/terranova/uav_ws/install/gazebo_ros/include/gazebo_ros/gazebo_ros_state.hpp
[19.574s] -- Up-to-date: /home/terranova/uav_ws/install/gazebo_ros/include/gazebo_ros/utils.hpp
[19.574s] -- Up-to-date: /home/terranova/uav_ws/install/gazebo_ros/lib/gazebo_ros/gazebo_ros_paths.py
[19.575s] -- Up-to-date: /home/terranova/uav_ws/install/gazebo_ros/lib/libgazebo_ros_factory.so
[19.582s] -- Up-to-date: /home/terranova/uav_ws/install/gazebo_ros/lib/libgazebo_ros_force_system.so
[19.587s] -- Up-to-date: /home/terranova/uav_ws/install/gazebo_ros/lib/libgazebo_ros_init.so
[19.603s] -- Up-to-date: /home/terranova/uav_ws/install/gazebo_ros/lib/libgazebo_ros_node.so
[19.610s] -- Up-to-date: /home/terranova/uav_ws/install/gazebo_ros/lib/libgazebo_ros_properties.so
[19.618s] -- Up-to-date: /home/terranova/uav_ws/install/gazebo_ros/lib/libgazebo_ros_state.so
[19.628s] -- Up-to-date: /home/terranova/uav_ws/install/gazebo_ros/lib/libgazebo_ros_utils.so
[19.631s] -- Up-to-date: /home/terranova/uav_ws/install/gazebo_ros/lib/gazebo_ros/spawn_entity.py
[19.634s] -- Up-to-date: /home/terranova/uav_ws/install/gazebo_ros/share/gazebo_ros//launch
[19.634s] -- Up-to-date: /home/terranova/uav_ws/install/gazebo_ros/share/gazebo_ros//launch/spawn_entity_demo.launch.py
[19.635s] -- Up-to-date: /home/terranova/uav_ws/install/gazebo_ros/share/gazebo_ros//launch/gzclient.launch.py
[19.635s] -- Up-to-date: /home/terranova/uav_ws/install/gazebo_ros/share/gazebo_ros//launch/gzserver.launch.py
[19.636s] -- Up-to-date: /home/terranova/uav_ws/install/gazebo_ros/share/gazebo_ros//launch/gazebo.launch.py
[19.749s] Invoked command in '/home/terranova/uav_ws/build/gazebo_ros' returned '0': AMENT_PREFIX_PATH=/home/terranova/uav_ws/install/gazebo_msgs:/home/terranova/uav_ws/install/gazebo_dev:${AMENT_PREFIX_PATH} CMAKE_PREFIX_PATH=/home/terranova/uav_ws/install/gazebo_msgs:/home/terranova/uav_ws/install/gazebo_dev:/opt/ros/foxy LD_LIBRARY_PATH=/home/terranova/uav_ws/install/gazebo_msgs/lib:/opt/ros/foxy/opt/yaml_cpp_vendor/lib:/opt/ros/foxy/opt/rviz_ogre_vendor/lib:/opt/ros/foxy/lib/x86_64-linux-gnu:/opt/ros/foxy/lib:/usr/lib/x86_64-linux-gnu/gazebo-11/plugins:/usr/lib/x86_64-linux-gnu/gazebo-11/plugins:/usr/lib/x86_64-linux-gnu/gazebo-11/plugins PYTHONPATH=/home/terranova/uav_ws/install/gazebo_msgs/lib/python3.8/site-packages:/opt/ros/foxy/lib/python3.8/site-packages:/home/terranova/.local/bin /home/terranova/.local/bin/cmake --install /home/terranova/uav_ws/build/gazebo_ros
