[3.032s] Invoking command in '/home/terranova/uav_ws/src/turtlebot3/turtlebot3/turtlebot3_teleop': PYTHONPATH=/home/terranova/uav_ws/build/turtlebot3_teleop/prefix_override:/home/terranova/uav_ws/install/turtlebot3_teleop/lib/python3.8/site-packages:${PYTHONPATH} /usr/bin/python3 -W ignore:setup.py install is deprecated setup.py egg_info --egg-base ../../../../build/turtlebot3_teleop build --build-base /home/terranova/uav_ws/build/turtlebot3_teleop/build install --record /home/terranova/uav_ws/build/turtlebot3_teleop/install.log --single-version-externally-managed install_data
[3.797s] running egg_info
[3.798s] creating ../../../../build/turtlebot3_teleop/turtlebot3_teleop.egg-info
[3.848s] writing ../../../../build/turtlebot3_teleop/turtlebot3_teleop.egg-info/PKG-INFO
[3.850s] writing dependency_links to ../../../../build/turtlebot3_teleop/turtlebot3_teleop.egg-info/dependency_links.txt
[3.851s] writing entry points to ../../../../build/turtlebot3_teleop/turtlebot3_teleop.egg-info/entry_points.txt
[3.852s] writing requirements to ../../../../build/turtlebot3_teleop/turtlebot3_teleop.egg-info/requires.txt
[3.853s] writing top-level names to ../../../../build/turtlebot3_teleop/turtlebot3_teleop.egg-info/top_level.txt
[4.158s] writing manifest file '../../../../build/turtlebot3_teleop/turtlebot3_teleop.egg-info/SOURCES.txt'
[4.267s] reading manifest file '../../../../build/turtlebot3_teleop/turtlebot3_teleop.egg-info/SOURCES.txt'
[4.270s] writing manifest file '../../../../build/turtlebot3_teleop/turtlebot3_teleop.egg-info/SOURCES.txt'
[4.270s] running build
[4.271s] running build_py
[4.272s] creating /home/terranova/uav_ws/build/turtlebot3_teleop/build
[4.272s] creating /home/terranova/uav_ws/build/turtlebot3_teleop/build/lib
[4.273s] creating /home/terranova/uav_ws/build/turtlebot3_teleop/build/lib/turtlebot3_teleop
[4.273s] copying turtlebot3_teleop/__init__.py -> /home/terranova/uav_ws/build/turtlebot3_teleop/build/lib/turtlebot3_teleop
[4.274s] creating /home/terranova/uav_ws/build/turtlebot3_teleop/build/lib/turtlebot3_teleop/script
[4.275s] copying turtlebot3_teleop/script/teleop_keyboard.py -> /home/terranova/uav_ws/build/turtlebot3_teleop/build/lib/turtlebot3_teleop/script
[4.276s] copying turtlebot3_teleop/script/__init__.py -> /home/terranova/uav_ws/build/turtlebot3_teleop/build/lib/turtlebot3_teleop/script
[4.277s] running install
[4.295s] running install_lib
[4.347s] creating /home/terranova/uav_ws/install/turtlebot3_teleop/lib/python3.8/site-packages/turtlebot3_teleop
[4.348s] copying /home/terranova/uav_ws/build/turtlebot3_teleop/build/lib/turtlebot3_teleop/__init__.py -> /home/terranova/uav_ws/install/turtlebot3_teleop/lib/python3.8/site-packages/turtlebot3_teleop
[4.349s] creating /home/terranova/uav_ws/install/turtlebot3_teleop/lib/python3.8/site-packages/turtlebot3_teleop/script
[4.349s] copying /home/terranova/uav_ws/build/turtlebot3_teleop/build/lib/turtlebot3_teleop/script/teleop_keyboard.py -> /home/terranova/uav_ws/install/turtlebot3_teleop/lib/python3.8/site-packages/turtlebot3_teleop/script
[4.350s] copying /home/terranova/uav_ws/build/turtlebot3_teleop/build/lib/turtlebot3_teleop/script/__init__.py -> /home/terranova/uav_ws/install/turtlebot3_teleop/lib/python3.8/site-packages/turtlebot3_teleop/script
[4.352s] byte-compiling /home/terranova/uav_ws/install/turtlebot3_teleop/lib/python3.8/site-packages/turtlebot3_teleop/__init__.py to __init__.cpython-38.pyc
[4.353s] byte-compiling /home/terranova/uav_ws/install/turtlebot3_teleop/lib/python3.8/site-packages/turtlebot3_teleop/script/teleop_keyboard.py to teleop_keyboard.cpython-38.pyc
[4.355s] byte-compiling /home/terranova/uav_ws/install/turtlebot3_teleop/lib/python3.8/site-packages/turtlebot3_teleop/script/__init__.py to __init__.cpython-38.pyc
[4.356s] running install_data
[4.357s] creating /home/terranova/uav_ws/install/turtlebot3_teleop/share/ament_index
[4.357s] creating /home/terranova/uav_ws/install/turtlebot3_teleop/share/ament_index/resource_index
[4.358s] creating /home/terranova/uav_ws/install/turtlebot3_teleop/share/ament_index/resource_index/packages
[4.358s] copying resource/turtlebot3_teleop -> /home/terranova/uav_ws/install/turtlebot3_teleop/share/ament_index/resource_index/packages
[4.359s] copying package.xml -> /home/terranova/uav_ws/install/turtlebot3_teleop/share/turtlebot3_teleop
[4.360s] running install_egg_info
[4.414s] Copying ../../../../build/turtlebot3_teleop/turtlebot3_teleop.egg-info to /home/terranova/uav_ws/install/turtlebot3_teleop/lib/python3.8/site-packages/turtlebot3_teleop-2.1.4-py3.8.egg-info
[4.417s] running install_scripts
[4.560s] Installing teleop_keyboard script to /home/terranova/uav_ws/install/turtlebot3_teleop/lib/turtlebot3_teleop
[4.561s] writing list of installed files to '/home/terranova/uav_ws/build/turtlebot3_teleop/install.log'
[4.635s] Invoked command in '/home/terranova/uav_ws/src/turtlebot3/turtlebot3/turtlebot3_teleop' returned '0': PYTHONPATH=/home/terranova/uav_ws/build/turtlebot3_teleop/prefix_override:/home/terranova/uav_ws/install/turtlebot3_teleop/lib/python3.8/site-packages:${PYTHONPATH} /usr/bin/python3 -W ignore:setup.py install is deprecated setup.py egg_info --egg-base ../../../../build/turtlebot3_teleop build --build-base /home/terranova/uav_ws/build/turtlebot3_teleop/build install --record /home/terranova/uav_ws/build/turtlebot3_teleop/install.log --single-version-externally-managed install_data
