[0.355s] Invoking command in '/home/terranova/uav_ws/build/turtlebot3_navigation2': CMAKE_PREFIX_PATH=/opt/ros/foxy /home/terranova/.local/bin/cmake --build /home/terranova/uav_ws/build/turtlebot3_navigation2 -- -j4 -l4
[1.000s] Invoked command in '/home/terranova/uav_ws/build/turtlebot3_navigation2' returned '0': CMAKE_PREFIX_PATH=/opt/ros/foxy /home/terranova/.local/bin/cmake --build /home/terranova/uav_ws/build/turtlebot3_navigation2 -- -j4 -l4
[3.945s] Invoking command in '/home/terranova/uav_ws/build/turtlebot3_navigation2': CMAKE_PREFIX_PATH=/opt/ros/foxy /home/terranova/.local/bin/cmake --install /home/terranova/uav_ws/build/turtlebot3_navigation2
[4.418s] -- Install configuration: ""
[4.426s] -- Up-to-date: /home/terranova/uav_ws/install/turtlebot3_navigation2/share/turtlebot3_navigation2/launch
[4.440s] -- Up-to-date: /home/terranova/uav_ws/install/turtlebot3_navigation2/share/turtlebot3_navigation2/launch/navigation2.launch.py
[4.441s] -- Up-to-date: /home/terranova/uav_ws/install/turtlebot3_navigation2/share/turtlebot3_navigation2/map
[4.442s] -- Up-to-date: /home/terranova/uav_ws/install/turtlebot3_navigation2/share/turtlebot3_navigation2/map/turtlebot3_world.yaml
[4.442s] -- Up-to-date: /home/terranova/uav_ws/install/turtlebot3_navigation2/share/turtlebot3_navigation2/map/turtlebot3_world.pgm
[4.443s] -- Up-to-date: /home/terranova/uav_ws/install/turtlebot3_navigation2/share/turtlebot3_navigation2/param
[4.443s] -- Up-to-date: /home/terranova/uav_ws/install/turtlebot3_navigation2/share/turtlebot3_navigation2/param/waffle_pi.yaml
[4.444s] -- Up-to-date: /home/terranova/uav_ws/install/turtlebot3_navigation2/share/turtlebot3_navigation2/param/waffle.yaml
[4.444s] -- Up-to-date: /home/terranova/uav_ws/install/turtlebot3_navigation2/share/turtlebot3_navigation2/param/burger.yaml
[4.445s] -- Up-to-date: /home/terranova/uav_ws/install/turtlebot3_navigation2/share/turtlebot3_navigation2/rviz
[4.479s] -- Up-to-date: /home/terranova/uav_ws/install/turtlebot3_navigation2/share/turtlebot3_navigation2/rviz/tb3_navigation2.rviz
[4.480s] -- Up-to-date: /home/terranova/uav_ws/install/turtlebot3_navigation2/share/ament_index/resource_index/package_run_dependencies/turtlebot3_navigation2
[4.480s] -- Up-to-date: /home/terranova/uav_ws/install/turtlebot3_navigation2/share/ament_index/resource_index/parent_prefix_path/turtlebot3_navigation2
[4.481s] -- Up-to-date: /home/terranova/uav_ws/install/turtlebot3_navigation2/share/turtlebot3_navigation2/environment/ament_prefix_path.sh
[4.482s] -- Up-to-date: /home/terranova/uav_ws/install/turtlebot3_navigation2/share/turtlebot3_navigation2/environment/ament_prefix_path.dsv
[4.482s] -- Up-to-date: /home/terranova/uav_ws/install/turtlebot3_navigation2/share/turtlebot3_navigation2/environment/path.sh
[4.482s] -- Up-to-date: /home/terranova/uav_ws/install/turtlebot3_navigation2/share/turtlebot3_navigation2/environment/path.dsv
[4.483s] -- Up-to-date: /home/terranova/uav_ws/install/turtlebot3_navigation2/share/turtlebot3_navigation2/local_setup.bash
[4.483s] -- Up-to-date: /home/terranova/uav_ws/install/turtlebot3_navigation2/share/turtlebot3_navigation2/local_setup.sh
[4.484s] -- Up-to-date: /home/terranova/uav_ws/install/turtlebot3_navigation2/share/turtlebot3_navigation2/local_setup.zsh
[4.484s] -- Up-to-date: /home/terranova/uav_ws/install/turtlebot3_navigation2/share/turtlebot3_navigation2/local_setup.dsv
[4.484s] -- Up-to-date: /home/terranova/uav_ws/install/turtlebot3_navigation2/share/turtlebot3_navigation2/package.dsv
[4.485s] -- Up-to-date: /home/terranova/uav_ws/install/turtlebot3_navigation2/share/ament_index/resource_index/packages/turtlebot3_navigation2
[4.485s] -- Up-to-date: /home/terranova/uav_ws/install/turtlebot3_navigation2/share/turtlebot3_navigation2/cmake/turtlebot3_navigation2Config.cmake
[4.511s] -- Up-to-date: /home/terranova/uav_ws/install/turtlebot3_navigation2/share/turtlebot3_navigation2/cmake/turtlebot3_navigation2Config-version.cmake
[4.512s] -- Up-to-date: /home/terranova/uav_ws/install/turtlebot3_navigation2/share/turtlebot3_navigation2/package.xml
[4.538s] Invoked command in '/home/terranova/uav_ws/build/turtlebot3_navigation2' returned '0': CMAKE_PREFIX_PATH=/opt/ros/foxy /home/terranova/.local/bin/cmake --install /home/terranova/uav_ws/build/turtlebot3_navigation2
