[0.210s] Invoking command in '/home/terranova/uav_ws/build/pcl_ros': AMENT_PREFIX_PATH=/home/terranova/uav_ws/install/pcl_conversions:/home/terranova/uav_ws/install/pcl_msgs:${AMENT_PREFIX_PATH} CMAKE_PREFIX_PATH=/home/terranova/uav_ws/install/pcl_conversions:/home/terranova/uav_ws/install/pcl_msgs:/opt/ros/foxy LD_LIBRARY_PATH=/home/terranova/uav_ws/install/pcl_msgs/lib:/opt/ros/foxy/opt/yaml_cpp_vendor/lib:/opt/ros/foxy/opt/rviz_ogre_vendor/lib:/opt/ros/foxy/lib/x86_64-linux-gnu:/opt/ros/foxy/lib:/usr/lib/x86_64-linux-gnu/gazebo-11/plugins:/usr/lib/x86_64-linux-gnu/gazebo-11/plugins:/usr/lib/x86_64-linux-gnu/gazebo-11/plugins PYTHONPATH=/home/terranova/uav_ws/install/pcl_msgs/lib/python3.8/site-packages:/opt/ros/foxy/lib/python3.8/site-packages:/home/terranova/.local/bin /home/terranova/.local/bin/cmake --build /home/terranova/uav_ws/build/pcl_ros -- -j4 -l4
[1.501s] [100%] Built target pcl_ros_tf
[1.611s] Invoked command in '/home/terranova/uav_ws/build/pcl_ros' returned '0': AMENT_PREFIX_PATH=/home/terranova/uav_ws/install/pcl_conversions:/home/terranova/uav_ws/install/pcl_msgs:${AMENT_PREFIX_PATH} CMAKE_PREFIX_PATH=/home/terranova/uav_ws/install/pcl_conversions:/home/terranova/uav_ws/install/pcl_msgs:/opt/ros/foxy LD_LIBRARY_PATH=/home/terranova/uav_ws/install/pcl_msgs/lib:/opt/ros/foxy/opt/yaml_cpp_vendor/lib:/opt/ros/foxy/opt/rviz_ogre_vendor/lib:/opt/ros/foxy/lib/x86_64-linux-gnu:/opt/ros/foxy/lib:/usr/lib/x86_64-linux-gnu/gazebo-11/plugins:/usr/lib/x86_64-linux-gnu/gazebo-11/plugins:/usr/lib/x86_64-linux-gnu/gazebo-11/plugins PYTHONPATH=/home/terranova/uav_ws/install/pcl_msgs/lib/python3.8/site-packages:/opt/ros/foxy/lib/python3.8/site-packages:/home/terranova/.local/bin /home/terranova/.local/bin/cmake --build /home/terranova/uav_ws/build/pcl_ros -- -j4 -l4
[2.487s] Invoking command in '/home/terranova/uav_ws/build/pcl_ros': AMENT_PREFIX_PATH=/home/terranova/uav_ws/install/pcl_conversions:/home/terranova/uav_ws/install/pcl_msgs:${AMENT_PREFIX_PATH} CMAKE_PREFIX_PATH=/home/terranova/uav_ws/install/pcl_conversions:/home/terranova/uav_ws/install/pcl_msgs:/opt/ros/foxy LD_LIBRARY_PATH=/home/terranova/uav_ws/install/pcl_msgs/lib:/opt/ros/foxy/opt/yaml_cpp_vendor/lib:/opt/ros/foxy/opt/rviz_ogre_vendor/lib:/opt/ros/foxy/lib/x86_64-linux-gnu:/opt/ros/foxy/lib:/usr/lib/x86_64-linux-gnu/gazebo-11/plugins:/usr/lib/x86_64-linux-gnu/gazebo-11/plugins:/usr/lib/x86_64-linux-gnu/gazebo-11/plugins PYTHONPATH=/home/terranova/uav_ws/install/pcl_msgs/lib/python3.8/site-packages:/opt/ros/foxy/lib/python3.8/site-packages:/home/terranova/.local/bin /home/terranova/.local/bin/cmake --install /home/terranova/uav_ws/build/pcl_ros
[3.178s] -- Install configuration: ""
[3.181s] -- Up-to-date: /home/terranova/uav_ws/install/pcl_ros/include
[3.182s] -- Up-to-date: /home/terranova/uav_ws/install/pcl_ros/include/pcl_ros
[3.185s] -- Up-to-date: /home/terranova/uav_ws/install/pcl_ros/include/pcl_ros/surface
[3.186s] -- Up-to-date: /home/terranova/uav_ws/install/pcl_ros/include/pcl_ros/surface/convex_hull.hpp
[3.190s] -- Up-to-date: /home/terranova/uav_ws/install/pcl_ros/include/pcl_ros/surface/moving_least_squares.hpp
[3.190s] -- Up-to-date: /home/terranova/uav_ws/install/pcl_ros/include/pcl_ros/impl
[3.191s] -- Up-to-date: /home/terranova/uav_ws/install/pcl_ros/include/pcl_ros/impl/transforms.hpp
[3.193s] -- Up-to-date: /home/terranova/uav_ws/install/pcl_ros/include/pcl_ros/segmentation
[3.194s] -- Up-to-date: /home/terranova/uav_ws/install/pcl_ros/include/pcl_ros/segmentation/extract_polygonal_prism_data.hpp
[3.196s] -- Up-to-date: /home/terranova/uav_ws/install/pcl_ros/include/pcl_ros/segmentation/segment_differences.hpp
[3.199s] -- Up-to-date: /home/terranova/uav_ws/install/pcl_ros/include/pcl_ros/segmentation/sac_segmentation.hpp
[3.201s] -- Up-to-date: /home/terranova/uav_ws/install/pcl_ros/include/pcl_ros/segmentation/extract_clusters.hpp
[3.204s] -- Up-to-date: /home/terranova/uav_ws/install/pcl_ros/include/pcl_ros/point_cloud.hpp
[3.205s] -- Up-to-date: /home/terranova/uav_ws/install/pcl_ros/include/pcl_ros/pcl_nodelet.hpp
[3.218s] -- Up-to-date: /home/terranova/uav_ws/install/pcl_ros/include/pcl_ros/io
[3.225s] -- Up-to-date: /home/terranova/uav_ws/install/pcl_ros/include/pcl_ros/io/bag_io.hpp
[3.226s] -- Up-to-date: /home/terranova/uav_ws/install/pcl_ros/include/pcl_ros/io/concatenate_data.hpp
[3.226s] -- Up-to-date: /home/terranova/uav_ws/install/pcl_ros/include/pcl_ros/io/concatenate_fields.hpp
[3.227s] -- Up-to-date: /home/terranova/uav_ws/install/pcl_ros/include/pcl_ros/io/pcd_io.hpp
[3.227s] -- Up-to-date: /home/terranova/uav_ws/install/pcl_ros/include/pcl_ros/filters
[3.228s] -- Up-to-date: /home/terranova/uav_ws/install/pcl_ros/include/pcl_ros/filters/filter.hpp
[3.230s] -- Up-to-date: /home/terranova/uav_ws/install/pcl_ros/include/pcl_ros/filters/statistical_outlier_removal.hpp
[3.257s] -- Up-to-date: /home/terranova/uav_ws/install/pcl_ros/include/pcl_ros/filters/voxel_grid.hpp
[3.258s] -- Up-to-date: /home/terranova/uav_ws/install/pcl_ros/include/pcl_ros/filters/radius_outlier_removal.hpp
[3.259s] -- Up-to-date: /home/terranova/uav_ws/install/pcl_ros/include/pcl_ros/filters/project_inliers.hpp
[3.259s] -- Up-to-date: /home/terranova/uav_ws/install/pcl_ros/include/pcl_ros/filters/crop_box.hpp
[3.259s] -- Up-to-date: /home/terranova/uav_ws/install/pcl_ros/include/pcl_ros/filters/passthrough.hpp
[3.260s] -- Up-to-date: /home/terranova/uav_ws/install/pcl_ros/include/pcl_ros/filters/extract_indices.hpp
[3.260s] -- Up-to-date: /home/terranova/uav_ws/install/pcl_ros/include/pcl_ros/features
[3.260s] -- Up-to-date: /home/terranova/uav_ws/install/pcl_ros/include/pcl_ros/features/principal_curvatures.hpp
[3.261s] -- Up-to-date: /home/terranova/uav_ws/install/pcl_ros/include/pcl_ros/features/normal_3d_tbb.hpp
[3.261s] -- Up-to-date: /home/terranova/uav_ws/install/pcl_ros/include/pcl_ros/features/vfh.hpp
[3.274s] -- Up-to-date: /home/terranova/uav_ws/install/pcl_ros/include/pcl_ros/features/shot_omp.hpp
[3.274s] -- Up-to-date: /home/terranova/uav_ws/install/pcl_ros/include/pcl_ros/features/boundary.hpp
[3.274s] -- Up-to-date: /home/terranova/uav_ws/install/pcl_ros/include/pcl_ros/features/shot.hpp
[3.275s] -- Up-to-date: /home/terranova/uav_ws/install/pcl_ros/include/pcl_ros/features/fpfh.hpp
[3.275s] -- Up-to-date: /home/terranova/uav_ws/install/pcl_ros/include/pcl_ros/features/normal_3d_omp.hpp
[3.275s] -- Up-to-date: /home/terranova/uav_ws/install/pcl_ros/include/pcl_ros/features/normal_3d.hpp
[3.276s] -- Up-to-date: /home/terranova/uav_ws/install/pcl_ros/include/pcl_ros/features/pfh.hpp
[3.284s] -- Up-to-date: /home/terranova/uav_ws/install/pcl_ros/include/pcl_ros/features/feature.hpp
[3.285s] -- Up-to-date: /home/terranova/uav_ws/install/pcl_ros/include/pcl_ros/features/moment_invariants.hpp
[3.285s] -- Up-to-date: /home/terranova/uav_ws/install/pcl_ros/include/pcl_ros/features/fpfh_omp.hpp
[3.286s] -- Up-to-date: /home/terranova/uav_ws/install/pcl_ros/include/pcl_ros/transforms.hpp
[3.293s] -- Up-to-date: /home/terranova/uav_ws/install/pcl_ros/include/pcl_ros/publisher.hpp
[3.294s] -- Up-to-date: /home/terranova/uav_ws/install/pcl_ros/lib/libpcl_ros_tf.so
[3.294s] -- Up-to-date: /home/terranova/uav_ws/install/pcl_ros/share/pcl_ros/plugins
[3.295s] -- Up-to-date: /home/terranova/uav_ws/install/pcl_ros/share/pcl_ros/plugins/nodelet
[3.295s] -- Up-to-date: /home/terranova/uav_ws/install/pcl_ros/share/pcl_ros/plugins/nodelet/libpcl_ros_features.xml
[3.295s] -- Up-to-date: /home/terranova/uav_ws/install/pcl_ros/share/pcl_ros/plugins/nodelet/libpcl_ros_segmentation.xml
[3.296s] -- Up-to-date: /home/terranova/uav_ws/install/pcl_ros/share/pcl_ros/plugins/nodelet/libpcl_ros_surface.xml
[3.296s] -- Up-to-date: /home/terranova/uav_ws/install/pcl_ros/share/pcl_ros/plugins/nodelet/libpcl_ros_io.xml
[3.296s] -- Up-to-date: /home/terranova/uav_ws/install/pcl_ros/share/pcl_ros/plugins/nodelet/libpcl_ros_filters.xml
[3.297s] -- Up-to-date: /home/terranova/uav_ws/install/pcl_ros/share/pcl_ros/samples
[3.297s] -- Up-to-date: /home/terranova/uav_ws/install/pcl_ros/share/pcl_ros/samples/data
[3.309s] -- Up-to-date: /home/terranova/uav_ws/install/pcl_ros/share/pcl_ros/samples/data/.gitignore
[3.322s] -- Up-to-date: /home/terranova/uav_ws/install/pcl_ros/share/pcl_ros/samples/pcl_ros
[3.323s] -- Up-to-date: /home/terranova/uav_ws/install/pcl_ros/share/pcl_ros/samples/pcl_ros/surface
[3.323s] -- Up-to-date: /home/terranova/uav_ws/install/pcl_ros/share/pcl_ros/samples/pcl_ros/surface/sample_convex_hull.launch
[3.324s] -- Up-to-date: /home/terranova/uav_ws/install/pcl_ros/share/pcl_ros/samples/pcl_ros/segmentation
[3.324s] -- Up-to-date: /home/terranova/uav_ws/install/pcl_ros/share/pcl_ros/samples/pcl_ros/segmentation/sample_extract_clusters.launch
[3.324s] -- Up-to-date: /home/terranova/uav_ws/install/pcl_ros/share/pcl_ros/samples/pcl_ros/io
[3.325s] -- Up-to-date: /home/terranova/uav_ws/install/pcl_ros/share/pcl_ros/samples/pcl_ros/io/sample_concatenate_data.launch
[3.325s] -- Up-to-date: /home/terranova/uav_ws/install/pcl_ros/share/pcl_ros/samples/pcl_ros/filters
[3.330s] -- Up-to-date: /home/terranova/uav_ws/install/pcl_ros/share/pcl_ros/samples/pcl_ros/filters/sample_voxel_grid.launch
[3.330s] -- Up-to-date: /home/terranova/uav_ws/install/pcl_ros/share/pcl_ros/samples/pcl_ros/filters/config
[3.331s] -- Up-to-date: /home/terranova/uav_ws/install/pcl_ros/share/pcl_ros/samples/pcl_ros/filters/config/statistical_outlier_removal.rviz
[3.331s] -- Up-to-date: /home/terranova/uav_ws/install/pcl_ros/share/pcl_ros/samples/pcl_ros/filters/config/voxel_grid.rviz
[3.331s] -- Up-to-date: /home/terranova/uav_ws/install/pcl_ros/share/pcl_ros/samples/pcl_ros/filters/sample_statistical_outlier_removal.launch
[3.332s] -- Up-to-date: /home/terranova/uav_ws/install/pcl_ros/share/pcl_ros/samples/pcl_ros/features
[3.332s] -- Up-to-date: /home/terranova/uav_ws/install/pcl_ros/share/pcl_ros/samples/pcl_ros/features/sample_normal_3d.launch
[3.332s] -- Up-to-date: /home/terranova/uav_ws/install/pcl_ros/share/pcl_ros/environment/library_path.sh
[3.333s] -- Up-to-date: /home/terranova/uav_ws/install/pcl_ros/share/pcl_ros/environment/library_path.dsv
[3.354s] -- Up-to-date: /home/terranova/uav_ws/install/pcl_ros/share/ament_index/resource_index/package_run_dependencies/pcl_ros
[3.356s] -- Up-to-date: /home/terranova/uav_ws/install/pcl_ros/share/ament_index/resource_index/parent_prefix_path/pcl_ros
[3.394s] -- Up-to-date: /home/terranova/uav_ws/install/pcl_ros/share/pcl_ros/environment/ament_prefix_path.sh
[3.394s] -- Up-to-date: /home/terranova/uav_ws/install/pcl_ros/share/pcl_ros/environment/ament_prefix_path.dsv
[3.395s] -- Up-to-date: /home/terranova/uav_ws/install/pcl_ros/share/pcl_ros/environment/path.sh
[3.395s] -- Up-to-date: /home/terranova/uav_ws/install/pcl_ros/share/pcl_ros/environment/path.dsv
[3.396s] -- Up-to-date: /home/terranova/uav_ws/install/pcl_ros/share/pcl_ros/local_setup.bash
[3.396s] -- Up-to-date: /home/terranova/uav_ws/install/pcl_ros/share/pcl_ros/local_setup.sh
[3.396s] -- Up-to-date: /home/terranova/uav_ws/install/pcl_ros/share/pcl_ros/local_setup.zsh
[3.397s] -- Up-to-date: /home/terranova/uav_ws/install/pcl_ros/share/pcl_ros/local_setup.dsv
[3.402s] -- Installing: /home/terranova/uav_ws/install/pcl_ros/share/pcl_ros/package.dsv
[3.403s] -- Up-to-date: /home/terranova/uav_ws/install/pcl_ros/share/ament_index/resource_index/packages/pcl_ros
[3.426s] -- Up-to-date: /home/terranova/uav_ws/install/pcl_ros/share/pcl_ros/cmake/export_pcl_rosExport.cmake
[3.426s] -- Up-to-date: /home/terranova/uav_ws/install/pcl_ros/share/pcl_ros/cmake/export_pcl_rosExport-noconfig.cmake
[3.427s] -- Up-to-date: /home/terranova/uav_ws/install/pcl_ros/share/pcl_ros/cmake/ament_cmake_export_include_directories-extras.cmake
[3.427s] -- Up-to-date: /home/terranova/uav_ws/install/pcl_ros/share/pcl_ros/cmake/ament_cmake_export_libraries-extras.cmake
[3.427s] -- Up-to-date: /home/terranova/uav_ws/install/pcl_ros/share/pcl_ros/cmake/ament_cmake_export_dependencies-extras.cmake
[3.428s] -- Up-to-date: /home/terranova/uav_ws/install/pcl_ros/share/pcl_ros/cmake/ament_cmake_export_targets-extras.cmake
[3.434s] -- Up-to-date: /home/terranova/uav_ws/install/pcl_ros/share/pcl_ros/cmake/pcl_rosConfig.cmake
[3.435s] -- Up-to-date: /home/terranova/uav_ws/install/pcl_ros/share/pcl_ros/cmake/pcl_rosConfig-version.cmake
[3.435s] -- Up-to-date: /home/terranova/uav_ws/install/pcl_ros/share/pcl_ros/package.xml
[3.464s] Invoked command in '/home/terranova/uav_ws/build/pcl_ros' returned '0': AMENT_PREFIX_PATH=/home/terranova/uav_ws/install/pcl_conversions:/home/terranova/uav_ws/install/pcl_msgs:${AMENT_PREFIX_PATH} CMAKE_PREFIX_PATH=/home/terranova/uav_ws/install/pcl_conversions:/home/terranova/uav_ws/install/pcl_msgs:/opt/ros/foxy LD_LIBRARY_PATH=/home/terranova/uav_ws/install/pcl_msgs/lib:/opt/ros/foxy/opt/yaml_cpp_vendor/lib:/opt/ros/foxy/opt/rviz_ogre_vendor/lib:/opt/ros/foxy/lib/x86_64-linux-gnu:/opt/ros/foxy/lib:/usr/lib/x86_64-linux-gnu/gazebo-11/plugins:/usr/lib/x86_64-linux-gnu/gazebo-11/plugins:/usr/lib/x86_64-linux-gnu/gazebo-11/plugins PYTHONPATH=/home/terranova/uav_ws/install/pcl_msgs/lib/python3.8/site-packages:/opt/ros/foxy/lib/python3.8/site-packages:/home/terranova/.local/bin /home/terranova/.local/bin/cmake --install /home/terranova/uav_ws/build/pcl_ros
