[0.532s] Invoking command in '/home/terranova/uav_ws/build/perception_pcl': AMENT_PREFIX_PATH=/home/terranova/uav_ws/install/pcl_ros:/home/terranova/uav_ws/install/pcl_conversions:/home/terranova/uav_ws/install/pcl_msgs:${AMENT_PREFIX_PATH} CMAKE_PREFIX_PATH=/home/terranova/uav_ws/install/pcl_ros:/home/terranova/uav_ws/install/pcl_conversions:/home/terranova/uav_ws/install/pcl_msgs:/opt/ros/foxy LD_LIBRARY_PATH=/home/terranova/uav_ws/install/pcl_ros/lib:/home/terranova/uav_ws/install/pcl_msgs/lib:/opt/ros/foxy/opt/yaml_cpp_vendor/lib:/opt/ros/foxy/opt/rviz_ogre_vendor/lib:/opt/ros/foxy/lib/x86_64-linux-gnu:/opt/ros/foxy/lib:/usr/lib/x86_64-linux-gnu/gazebo-11/plugins:/usr/lib/x86_64-linux-gnu/gazebo-11/plugins:/usr/lib/x86_64-linux-gnu/gazebo-11/plugins PYTHONPATH=/home/terranova/uav_ws/install/pcl_msgs/lib/python3.8/site-packages:/opt/ros/foxy/lib/python3.8/site-packages:/home/terranova/.local/bin /home/terranova/.local/bin/cmake --build /home/terranova/uav_ws/build/perception_pcl -- -j4 -l4
[1.229s] Invoked command in '/home/terranova/uav_ws/build/perception_pcl' returned '0': AMENT_PREFIX_PATH=/home/terranova/uav_ws/install/pcl_ros:/home/terranova/uav_ws/install/pcl_conversions:/home/terranova/uav_ws/install/pcl_msgs:${AMENT_PREFIX_PATH} CMAKE_PREFIX_PATH=/home/terranova/uav_ws/install/pcl_ros:/home/terranova/uav_ws/install/pcl_conversions:/home/terranova/uav_ws/install/pcl_msgs:/opt/ros/foxy LD_LIBRARY_PATH=/home/terranova/uav_ws/install/pcl_ros/lib:/home/terranova/uav_ws/install/pcl_msgs/lib:/opt/ros/foxy/opt/yaml_cpp_vendor/lib:/opt/ros/foxy/opt/rviz_ogre_vendor/lib:/opt/ros/foxy/lib/x86_64-linux-gnu:/opt/ros/foxy/lib:/usr/lib/x86_64-linux-gnu/gazebo-11/plugins:/usr/lib/x86_64-linux-gnu/gazebo-11/plugins:/usr/lib/x86_64-linux-gnu/gazebo-11/plugins PYTHONPATH=/home/terranova/uav_ws/install/pcl_msgs/lib/python3.8/site-packages:/opt/ros/foxy/lib/python3.8/site-packages:/home/terranova/.local/bin /home/terranova/.local/bin/cmake --build /home/terranova/uav_ws/build/perception_pcl -- -j4 -l4
[1.835s] Invoking command in '/home/terranova/uav_ws/build/perception_pcl': AMENT_PREFIX_PATH=/home/terranova/uav_ws/install/pcl_ros:/home/terranova/uav_ws/install/pcl_conversions:/home/terranova/uav_ws/install/pcl_msgs:${AMENT_PREFIX_PATH} CMAKE_PREFIX_PATH=/home/terranova/uav_ws/install/pcl_ros:/home/terranova/uav_ws/install/pcl_conversions:/home/terranova/uav_ws/install/pcl_msgs:/opt/ros/foxy LD_LIBRARY_PATH=/home/terranova/uav_ws/install/pcl_ros/lib:/home/terranova/uav_ws/install/pcl_msgs/lib:/opt/ros/foxy/opt/yaml_cpp_vendor/lib:/opt/ros/foxy/opt/rviz_ogre_vendor/lib:/opt/ros/foxy/lib/x86_64-linux-gnu:/opt/ros/foxy/lib:/usr/lib/x86_64-linux-gnu/gazebo-11/plugins:/usr/lib/x86_64-linux-gnu/gazebo-11/plugins:/usr/lib/x86_64-linux-gnu/gazebo-11/plugins PYTHONPATH=/home/terranova/uav_ws/install/pcl_msgs/lib/python3.8/site-packages:/opt/ros/foxy/lib/python3.8/site-packages:/home/terranova/.local/bin /home/terranova/.local/bin/cmake --install /home/terranova/uav_ws/build/perception_pcl
[2.364s] -- Install configuration: ""
[2.372s] -- Up-to-date: /home/terranova/uav_ws/install/perception_pcl/share/ament_index/resource_index/package_run_dependencies/perception_pcl
[2.377s] -- Up-to-date: /home/terranova/uav_ws/install/perception_pcl/share/ament_index/resource_index/parent_prefix_path/perception_pcl
[2.378s] -- Up-to-date: /home/terranova/uav_ws/install/perception_pcl/share/perception_pcl/environment/ament_prefix_path.sh
[2.385s] -- Up-to-date: /home/terranova/uav_ws/install/perception_pcl/share/perception_pcl/environment/ament_prefix_path.dsv
[2.391s] -- Up-to-date: /home/terranova/uav_ws/install/perception_pcl/share/perception_pcl/environment/path.sh
[2.392s] -- Up-to-date: /home/terranova/uav_ws/install/perception_pcl/share/perception_pcl/environment/path.dsv
[2.393s] -- Up-to-date: /home/terranova/uav_ws/install/perception_pcl/share/perception_pcl/local_setup.bash
[2.393s] -- Up-to-date: /home/terranova/uav_ws/install/perception_pcl/share/perception_pcl/local_setup.sh
[2.394s] -- Up-to-date: /home/terranova/uav_ws/install/perception_pcl/share/perception_pcl/local_setup.zsh
[2.394s] -- Up-to-date: /home/terranova/uav_ws/install/perception_pcl/share/perception_pcl/local_setup.dsv
[2.402s] -- Up-to-date: /home/terranova/uav_ws/install/perception_pcl/share/perception_pcl/package.dsv
[2.403s] -- Up-to-date: /home/terranova/uav_ws/install/perception_pcl/share/ament_index/resource_index/packages/perception_pcl
[2.405s] -- Up-to-date: /home/terranova/uav_ws/install/perception_pcl/share/perception_pcl/cmake/perception_pclConfig.cmake
[2.414s] -- Up-to-date: /home/terranova/uav_ws/install/perception_pcl/share/perception_pcl/cmake/perception_pclConfig-version.cmake
[2.415s] -- Up-to-date: /home/terranova/uav_ws/install/perception_pcl/share/perception_pcl/package.xml
[2.502s] Invoked command in '/home/terranova/uav_ws/build/perception_pcl' returned '0': AMENT_PREFIX_PATH=/home/terranova/uav_ws/install/pcl_ros:/home/terranova/uav_ws/install/pcl_conversions:/home/terranova/uav_ws/install/pcl_msgs:${AMENT_PREFIX_PATH} CMAKE_PREFIX_PATH=/home/terranova/uav_ws/install/pcl_ros:/home/terranova/uav_ws/install/pcl_conversions:/home/terranova/uav_ws/install/pcl_msgs:/opt/ros/foxy LD_LIBRARY_PATH=/home/terranova/uav_ws/install/pcl_ros/lib:/home/terranova/uav_ws/install/pcl_msgs/lib:/opt/ros/foxy/opt/yaml_cpp_vendor/lib:/opt/ros/foxy/opt/rviz_ogre_vendor/lib:/opt/ros/foxy/lib/x86_64-linux-gnu:/opt/ros/foxy/lib:/usr/lib/x86_64-linux-gnu/gazebo-11/plugins:/usr/lib/x86_64-linux-gnu/gazebo-11/plugins:/usr/lib/x86_64-linux-gnu/gazebo-11/plugins PYTHONPATH=/home/terranova/uav_ws/install/pcl_msgs/lib/python3.8/site-packages:/opt/ros/foxy/lib/python3.8/site-packages:/home/terranova/.local/bin /home/terranova/.local/bin/cmake --install /home/terranova/uav_ws/build/perception_pcl
