[0.042s] Invoking command in '/home/terranova/uav_ws/build/gazebo_plugins': CMAKE_PREFIX_PATH=/home/terranova/uav_ws/install/gazebo_ros:/home/terranova/uav_ws/install/gazebo_msgs:/home/terranova/uav_ws/install/gazebo_dev:/home/terranova/uav_ws/install/cv_bridge:/home/terranova/uav_ws/install/cartographer_ros_msgs:/home/terranova/uav_ws/install/vision_opencv:/home/terranova/uav_ws/install/uav_gazebo:/home/terranova/uav_ws/install/uav_cartographer:/home/terranova/uav_ws/install/turtlebot3:/home/terranova/uav_ws/install/turtlebot3_simulations:/home/terranova/uav_ws/install/turtlebot3_bringup:/home/terranova/uav_ws/install/turtlebot3_node:/home/terranova/uav_ws/install/turtlebot3_navigation2:/home/terranova/uav_ws/install/turtlebot3_fake_node:/home/terranova/uav_ws/install/turtlebot3_msgs:/home/terranova/uav_ws/install/turtlebot3_gazebo:/home/terranova/uav_ws/install/turtlebot3_description:/home/terranova/uav_ws/install/turtlebot3_cartographer:/home/terranova/uav_ws/install/realsense_gazebo_plugin:/home/terranova/uav_ws/install/perception_pcl:/home/terranova/uav_ws/install/pcl_ros:/home/terranova/uav_ws/install/pcl_conversions:/home/terranova/uav_ws/install/pcl_msgs:/home/terranova/uav_ws/install/image_geometry:/home/terranova/uav_ws/install/hls_lfcd_lds_driver:/home/terranova/uav_ws/install/gazebo_ros_pkgs:/home/terranova/uav_ws/install/gazebo_plugins:/home/terranova/uav_ws/install/dynamixel_sdk_examples:/home/terranova/uav_ws/install/dynamixel_sdk_custom_interfaces:/home/terranova/uav_ws/install/dynamixel_sdk:/home/terranova/uav_ws/install/absl:/home/terranova/uav_ws/install/turtlebot3_teleop:/home/terranova/uav_ws/install/turtlebot3_example:/home/terranova/uav_ws/install/opencv_tests:/home/terranova/uav_ws/install/joint_state_publisher_gui:/home/terranova/uav_ws/install/joint_state_publisher:/opt/ros/foxy LD_LIBRARY_PATH=/home/terranova/uav_ws/install/gazebo_ros/lib:/home/terranova/uav_ws/install/gazebo_msgs/lib:/home/terranova/uav_ws/install/cv_bridge/lib:/home/terranova/uav_ws/install/cartographer_ros_msgs/lib:/home/terranova/uav_ws/install/turtlebot3_msgs/lib:/home/terranova/uav_ws/install/realsense_gazebo_plugin/lib:/home/terranova/uav_ws/install/pcl_ros/lib:/home/terranova/uav_ws/install/pcl_msgs/lib:/home/terranova/uav_ws/install/image_geometry/lib:/home/terranova/uav_ws/install/gazebo_plugins/lib:/home/terranova/uav_ws/install/dynamixel_sdk_custom_interfaces/lib:/home/terranova/uav_ws/install/dynamixel_sdk/lib:/opt/ros/foxy/opt/yaml_cpp_vendor/lib:/opt/ros/foxy/opt/rviz_ogre_vendor/lib:/opt/ros/foxy/lib/x86_64-linux-gnu:/opt/ros/foxy/lib:/usr/lib/x86_64-linux-gnu/gazebo-11/plugins PYTHONPATH=/home/terranova/uav_ws/install/gazebo_ros/lib/python3.8/site-packages:/home/terranova/uav_ws/install/gazebo_msgs/lib/python3.8/site-packages:/home/terranova/uav_ws/install/cv_bridge/lib/python3.8/site-packages:/home/terranova/uav_ws/install/cartographer_ros_msgs/lib/python3.8/site-packages:/home/terranova/uav_ws/install/turtlebot3_teleop/lib/python3.8/site-packages:/home/terranova/uav_ws/install/turtlebot3_example/lib/python3.8/site-packages:/home/terranova/uav_ws/install/turtlebot3_msgs/lib/python3.8/site-packages:/home/terranova/uav_ws/install/pcl_msgs/lib/python3.8/site-packages:/home/terranova/uav_ws/install/opencv_tests/lib/python3.8/site-packages:/home/terranova/uav_ws/install/joint_state_publisher_gui/lib/python3.8/site-packages:/home/terranova/uav_ws/install/joint_state_publisher/lib/python3.8/site-packages:/home/terranova/uav_ws/install/image_geometry/lib/python3.8/site-packages:/home/terranova/uav_ws/install/dynamixel_sdk_custom_interfaces/lib/python3.8/site-packages:/opt/ros/foxy/lib/python3.8/site-packages:/home/terranova/.local/bin /home/terranova/.local/bin/cmake /home/terranova/uav_ws/src/gazebo_ros_pkgs/gazebo_plugins -DCMAKE_INSTALL_PREFIX=/home/terranova/uav_ws/install/gazebo_plugins
[0.236s] -- The C compiler identification is GNU 9.4.0
[0.353s] -- The CXX compiler identification is GNU 9.4.0
[0.394s] -- Detecting C compiler ABI info
[0.479s] -- Detecting C compiler ABI info - done
[0.498s] -- Check for working C compiler: /usr/lib/ccache/cc - skipped
[0.504s] -- Detecting C compile features
[0.505s] -- Detecting C compile features - done
[0.531s] -- Detecting CXX compiler ABI info
[0.631s] -- Detecting CXX compiler ABI info - done
[0.662s] -- Check for working CXX compiler: /usr/lib/ccache/c++ - skipped
[0.663s] -- Detecting CXX compile features
[0.664s] -- Detecting CXX compile features - done
[0.675s] -- Found ament_cmake: 0.9.12 (/opt/ros/foxy/share/ament_cmake/cmake)
[0.695s] [33mCMake Warning (dev) at /opt/ros/foxy/share/ament_cmake_core/cmake/core/python.cmake:22 (find_package):
[0.695s]   Policy CMP0148 is not set: The FindPythonInterp and FindPythonLibs modules
[0.695s]   are removed.  Run "cmake --help-policy CMP0148" for policy details.  Use
[0.695s]   the cmake_policy command to set the policy and suppress this warning.
[0.695s] 
[0.696s] Call Stack (most recent call first):
[0.696s]   /opt/ros/foxy/share/ament_cmake_core/cmake/core/all.cmake:53 (include)
[0.696s]   /opt/ros/foxy/share/ament_cmake_core/cmake/ament_cmake_core-extras.cmake:17 (include)
[0.696s]   /opt/ros/foxy/share/ament_cmake_core/cmake/ament_cmake_coreConfig.cmake:41 (include)
[0.696s]   /opt/ros/foxy/share/ament_cmake/cmake/ament_cmake_export_dependencies-extras.cmake:15 (find_package)
[0.696s]   /opt/ros/foxy/share/ament_cmake/cmake/ament_cmakeConfig.cmake:41 (include)
[0.696s]   CMakeLists.txt:24 (find_package)
[0.697s] This warning is for project developers.  Use -Wno-dev to suppress it.
[0.697s] [0m
[0.748s] -- Found PythonInterp: /usr/bin/python3 (found suitable version "3.8.10", minimum required is "3") 
[0.748s] -- Using PYTHON_EXECUTABLE: /usr/bin/python3
[1.281s] -- Found camera_info_manager: 2.4.0 (/opt/ros/foxy/share/camera_info_manager/cmake)
[1.452s] -- Using all available rosidl_typesupport_c: rosidl_typesupport_fastrtps_c;rosidl_typesupport_introspection_c
[1.475s] -- Found rosidl_adapter: 1.3.1 (/opt/ros/foxy/share/rosidl_adapter/cmake)
[1.665s] -- Found OpenSSL: /usr/lib/x86_64-linux-gnu/libcrypto.so (found version "1.1.1f")  
[1.755s] -- Found FastRTPS: /opt/ros/foxy/include  
[1.993s] -- Using all available rosidl_typesupport_cpp: rosidl_typesupport_fastrtps_cpp;rosidl_typesupport_introspection_cpp
[2.163s] -- Found rmw_implementation_cmake: 1.0.4 (/opt/ros/foxy/share/rmw_implementation_cmake/cmake)
[2.169s] -- Using RMW implementation 'rmw_fastrtps_cpp' as default
[2.170s] -- Performing Test CMAKE_HAVE_LIBC_PTHREAD
[2.284s] -- Performing Test CMAKE_HAVE_LIBC_PTHREAD - Failed
[2.284s] -- Looking for pthread_create in pthreads
[2.366s] -- Looking for pthread_create in pthreads - not found
[2.366s] -- Looking for pthread_create in pthread
[2.468s] -- Looking for pthread_create in pthread - found
[2.471s] -- Found Threads: TRUE  
[3.055s] -- Setting yaml-cpp_DIR to: '/opt/ros/foxy/share/yaml_cpp_vendor/cmake/../../../opt/yaml_cpp_vendor/lib/cmake/yaml-cpp'
[3.177s] -- Found gazebo_dev: 3.5.3 (/home/terranova/uav_ws/install/gazebo_dev/share/gazebo_dev/cmake)
[3.190s] -- Found PkgConfig: /usr/bin/pkg-config (found version "0.29.1") 
[3.193s] -- Checking for module 'bullet>=2.82'
[3.226s] --   Found bullet, version 2.88
[3.506s] -- Found ccd: /usr/include (found suitable version "2.0", minimum required is "2.0") 
[3.624s] -- Found fcl: /usr/include (found suitable version "0.5.0", minimum required is "0.3.2") 
[3.748s] -- Found assimp: /usr/include (found version "5.0.0") 
[3.819s] -- Found DART: /usr/include (Required is at least version "6.6") found components: dart 
[3.888s] -- Found Boost: /usr/lib/x86_64-linux-gnu/cmake/Boost-1.71.0/BoostConfig.cmake (found suitable version "1.71.0", minimum required is "1.40.0") found components: thread system filesystem program_options regex iostreams date_time 
[3.930s] -- Found Protobuf: /usr/lib/x86_64-linux-gnu/libprotobuf.so;-lpthread (found version "3.6.1") 
[3.945s] -- Looking for ignition-math6 -- found version 6.15.1
[3.960s] -- Searching for dependencies of ignition-math6
[3.963s] -- Looking for OGRE...
[3.964s] -- OGRE_PREFIX_WATCH changed.
[3.972s] -- Checking for module 'OGRE'
[4.004s] --   Found OGRE, version 1.9.0
[4.081s] -- Found Ogre Ghadamon (1.9.0)
[4.111s] -- Found OGRE: optimized;/usr/lib/x86_64-linux-gnu/libOgreMain.so;debug;/usr/lib/x86_64-linux-gnu/libOgreMain.so
[4.130s] -- Looking for OGRE_Paging...
[4.158s] -- Found OGRE_Paging: optimized;/usr/lib/x86_64-linux-gnu/libOgrePaging.so;debug;/usr/lib/x86_64-linux-gnu/libOgrePaging.so
[4.158s] -- Looking for OGRE_Terrain...
[4.184s] -- Found OGRE_Terrain: optimized;/usr/lib/x86_64-linux-gnu/libOgreTerrain.so;debug;/usr/lib/x86_64-linux-gnu/libOgreTerrain.so
[4.184s] -- Looking for OGRE_Property...
[4.212s] -- Found OGRE_Property: optimized;/usr/lib/x86_64-linux-gnu/libOgreProperty.so;debug;/usr/lib/x86_64-linux-gnu/libOgreProperty.so
[4.212s] -- Looking for OGRE_RTShaderSystem...
[4.239s] -- Found OGRE_RTShaderSystem: optimized;/usr/lib/x86_64-linux-gnu/libOgreRTShaderSystem.so;debug;/usr/lib/x86_64-linux-gnu/libOgreRTShaderSystem.so
[4.239s] -- Looking for OGRE_Volume...
[4.269s] -- Found OGRE_Volume: optimized;/usr/lib/x86_64-linux-gnu/libOgreVolume.so;debug;/usr/lib/x86_64-linux-gnu/libOgreVolume.so
[4.269s] -- Looking for OGRE_Overlay...
[4.300s] -- Found OGRE_Overlay: optimized;/usr/lib/x86_64-linux-gnu/libOgreOverlay.so;debug;/usr/lib/x86_64-linux-gnu/libOgreOverlay.so
[5.004s] -- Looking for ignition-math6 -- found version 6.15.1
[5.013s] -- Looking for ignition-transport8 -- found version 8.5.0
[5.014s] -- Searching for dependencies of ignition-transport8
[5.078s] -- Config-file not installed for ZeroMQ -- checking for pkg-config
[5.088s] -- Checking for module 'libzmq >= 4'
[5.128s] --   Found libzmq, version 4.3.2
[5.222s] -- Found ZeroMQ: TRUE (Required is at least version "4") 
[5.234s] -- Checking for module 'uuid'
[5.275s] --   Found uuid, version 2.34.0
[5.364s] -- Found UUID: TRUE  
[5.372s] -- Looking for ignition-msgs5 -- found version 5.11.0
[5.373s] -- Searching for dependencies of ignition-msgs5
[5.408s] -- Found Protobuf: /usr/lib/x86_64-linux-gnu/libprotobuf.so;-lpthread (found suitable version "3.6.1", minimum required is "3") 
[5.410s] -- Looking for ignition-math6 -- found version 6.15.1
[5.419s] -- Checking for module 'tinyxml2'
[5.452s] --   Found tinyxml2, version 6.2.0
[5.542s] -- Looking for ignition-msgs5 -- found version 5.11.0
[5.553s] -- Looking for ignition-common3 -- found version 3.17.0
[5.554s] -- Searching for dependencies of ignition-common3
[5.556s] -- Looking for dlfcn.h - found
[5.561s] -- Looking for libdl - found
[5.565s] -- Found DL: TRUE  
[5.593s] -- Searching for <ignition-common3> component [graphics]
[5.604s] -- Looking for ignition-common3-graphics -- found version 3.17.0
[5.604s] -- Searching for dependencies of ignition-common3-graphics
[5.605s] -- Looking for ignition-math6 -- found version 6.15.1
[5.618s] -- Looking for ignition-fuel_tools4 -- found version 4.9.1
[5.618s] -- Searching for dependencies of ignition-fuel_tools4
[5.852s] -- Found CURL: /usr/lib/x86_64-linux-gnu/libcurl.so (found version "7.68.0")  
[5.873s] -- Checking for module 'jsoncpp'
[5.924s] --   Found jsoncpp, version 1.7.4
[6.018s] -- Found JSONCPP: TRUE  
[6.028s] -- Checking for module 'libzip'
[6.064s] --   Found libzip, version 1.5.1
[6.156s] -- Found ZIP: TRUE  
[6.157s] -- Looking for ignition-common3 -- found version 3.17.0
[6.158s] -- Looking for ignition-math6 -- found version 6.15.1
[6.159s] -- Looking for ignition-msgs5 -- found version 5.11.0
[6.161s] -- Gazebo version: 11.14
[6.163s] -- Found gazebo_msgs: 3.5.3 (/home/terranova/uav_ws/install/gazebo_msgs/share/gazebo_msgs/cmake)
[6.569s] -- Found gazebo_ros: 3.5.3 (/home/terranova/uav_ws/install/gazebo_ros/share/gazebo_ros/cmake)
[6.596s] -- Found image_transport: 2.4.0 (/opt/ros/foxy/share/image_transport/cmake)
[6.748s] -- Found cv_bridge: 3.0.7 (/home/terranova/uav_ws/install/cv_bridge/share/cv_bridge/cmake)
[6.919s] -- Found nav_msgs: 2.0.5 (/opt/ros/foxy/share/nav_msgs/cmake)
[7.126s] -- Found std_srvs: 2.0.5 (/opt/ros/foxy/share/std_srvs/cmake)
[7.153s] -- Found tf2: 0.13.14 (/opt/ros/foxy/share/tf2/cmake)
[7.184s] -- Found tf2_geometry_msgs: 0.13.14 (/opt/ros/foxy/share/tf2_geometry_msgs/cmake)
[7.220s] -- Found eigen3_cmake_module: 0.1.1 (/opt/ros/foxy/share/eigen3_cmake_module/cmake)
[7.225s] -- Found Eigen3: TRUE (found version "3.3.7") 
[9.606s] -- Found ament_cmake_gtest: 0.9.12 (/opt/ros/foxy/share/ament_cmake_gtest/cmake)
[9.634s] -- Found gtest sources under '/opt/ros/foxy/src/gtest_vendor': C++ tests using 'Google Test' will be built
[9.638s] [0mCMake Deprecation Warning at /opt/ros/foxy/src/gtest_vendor/CMakeLists.txt:2 (cmake_minimum_required):
[9.639s]   Compatibility with CMake < 3.5 will be removed from a future version of
[9.639s]   CMake.
[9.639s] 
[9.640s]   Update the VERSION argument <min> value or use a ...<max> suffix to tell
[9.640s]   CMake that the project does not need compatibility with older versions.
[9.640s] 
[9.640s] [0m
[9.640s] -- Check if compiler accepts -pthread
[9.759s] -- Check if compiler accepts -pthread - yes
[11.782s] -- Found ament_lint_auto: 0.9.8 (/opt/ros/foxy/share/ament_lint_auto/cmake)
[11.941s] -- Added test 'copyright' to check source files copyright and LICENSE
[11.949s] -- Added test 'cppcheck' to perform static code analysis on C / C++ code
[11.955s] -- Configured cppcheck include dirs: /home/terranova/uav_ws/src/gazebo_ros_pkgs/gazebo_plugins/include
[11.955s] -- Configured cppcheck exclude dirs and/or files: 
[11.963s] -- Added test 'cpplint' to check C / C++ code against the Google style
[11.963s] -- Configured cpplint exclude dirs and/or files: 
[11.967s] -- Added test 'lint_cmake' to check CMake code style
[11.974s] -- Added test 'uncrustify' to check C / C++ code style
[11.975s] -- Configured uncrustify additional arguments: 
[11.977s] -- Added test 'xmllint' to check XML markup files
[11.982s] -- Configuring done (11.9s)
[13.164s] -- Generating done (1.0s)
[13.173s] -- Build files have been written to: /home/terranova/uav_ws/build/gazebo_plugins
[13.215s] Invoked command in '/home/terranova/uav_ws/build/gazebo_plugins' returned '0': CMAKE_PREFIX_PATH=/home/terranova/uav_ws/install/gazebo_ros:/home/terranova/uav_ws/install/gazebo_msgs:/home/terranova/uav_ws/install/gazebo_dev:/home/terranova/uav_ws/install/cv_bridge:/home/terranova/uav_ws/install/cartographer_ros_msgs:/home/terranova/uav_ws/install/vision_opencv:/home/terranova/uav_ws/install/uav_gazebo:/home/terranova/uav_ws/install/uav_cartographer:/home/terranova/uav_ws/install/turtlebot3:/home/terranova/uav_ws/install/turtlebot3_simulations:/home/terranova/uav_ws/install/turtlebot3_bringup:/home/terranova/uav_ws/install/turtlebot3_node:/home/terranova/uav_ws/install/turtlebot3_navigation2:/home/terranova/uav_ws/install/turtlebot3_fake_node:/home/terranova/uav_ws/install/turtlebot3_msgs:/home/terranova/uav_ws/install/turtlebot3_gazebo:/home/terranova/uav_ws/install/turtlebot3_description:/home/terranova/uav_ws/install/turtlebot3_cartographer:/home/terranova/uav_ws/install/realsense_gazebo_plugin:/home/terranova/uav_ws/install/perception_pcl:/home/terranova/uav_ws/install/pcl_ros:/home/terranova/uav_ws/install/pcl_conversions:/home/terranova/uav_ws/install/pcl_msgs:/home/terranova/uav_ws/install/image_geometry:/home/terranova/uav_ws/install/hls_lfcd_lds_driver:/home/terranova/uav_ws/install/gazebo_ros_pkgs:/home/terranova/uav_ws/install/gazebo_plugins:/home/terranova/uav_ws/install/dynamixel_sdk_examples:/home/terranova/uav_ws/install/dynamixel_sdk_custom_interfaces:/home/terranova/uav_ws/install/dynamixel_sdk:/home/terranova/uav_ws/install/absl:/home/terranova/uav_ws/install/turtlebot3_teleop:/home/terranova/uav_ws/install/turtlebot3_example:/home/terranova/uav_ws/install/opencv_tests:/home/terranova/uav_ws/install/joint_state_publisher_gui:/home/terranova/uav_ws/install/joint_state_publisher:/opt/ros/foxy LD_LIBRARY_PATH=/home/terranova/uav_ws/install/gazebo_ros/lib:/home/terranova/uav_ws/install/gazebo_msgs/lib:/home/terranova/uav_ws/install/cv_bridge/lib:/home/terranova/uav_ws/install/cartographer_ros_msgs/lib:/home/terranova/uav_ws/install/turtlebot3_msgs/lib:/home/terranova/uav_ws/install/realsense_gazebo_plugin/lib:/home/terranova/uav_ws/install/pcl_ros/lib:/home/terranova/uav_ws/install/pcl_msgs/lib:/home/terranova/uav_ws/install/image_geometry/lib:/home/terranova/uav_ws/install/gazebo_plugins/lib:/home/terranova/uav_ws/install/dynamixel_sdk_custom_interfaces/lib:/home/terranova/uav_ws/install/dynamixel_sdk/lib:/opt/ros/foxy/opt/yaml_cpp_vendor/lib:/opt/ros/foxy/opt/rviz_ogre_vendor/lib:/opt/ros/foxy/lib/x86_64-linux-gnu:/opt/ros/foxy/lib:/usr/lib/x86_64-linux-gnu/gazebo-11/plugins PYTHONPATH=/home/terranova/uav_ws/install/gazebo_ros/lib/python3.8/site-packages:/home/terranova/uav_ws/install/gazebo_msgs/lib/python3.8/site-packages:/home/terranova/uav_ws/install/cv_bridge/lib/python3.8/site-packages:/home/terranova/uav_ws/install/cartographer_ros_msgs/lib/python3.8/site-packages:/home/terranova/uav_ws/install/turtlebot3_teleop/lib/python3.8/site-packages:/home/terranova/uav_ws/install/turtlebot3_example/lib/python3.8/site-packages:/home/terranova/uav_ws/install/turtlebot3_msgs/lib/python3.8/site-packages:/home/terranova/uav_ws/install/pcl_msgs/lib/python3.8/site-packages:/home/terranova/uav_ws/install/opencv_tests/lib/python3.8/site-packages:/home/terranova/uav_ws/install/joint_state_publisher_gui/lib/python3.8/site-packages:/home/terranova/uav_ws/install/joint_state_publisher/lib/python3.8/site-packages:/home/terranova/uav_ws/install/image_geometry/lib/python3.8/site-packages:/home/terranova/uav_ws/install/dynamixel_sdk_custom_interfaces/lib/python3.8/site-packages:/opt/ros/foxy/lib/python3.8/site-packages:/home/terranova/.local/bin /home/terranova/.local/bin/cmake /home/terranova/uav_ws/src/gazebo_ros_pkgs/gazebo_plugins -DCMAKE_INSTALL_PREFIX=/home/terranova/uav_ws/install/gazebo_plugins
[13.221s] Invoking command in '/home/terranova/uav_ws/build/gazebo_plugins': CMAKE_PREFIX_PATH=/home/terranova/uav_ws/install/gazebo_ros:/home/terranova/uav_ws/install/gazebo_msgs:/home/terranova/uav_ws/install/gazebo_dev:/home/terranova/uav_ws/install/cv_bridge:/home/terranova/uav_ws/install/cartographer_ros_msgs:/home/terranova/uav_ws/install/vision_opencv:/home/terranova/uav_ws/install/uav_gazebo:/home/terranova/uav_ws/install/uav_cartographer:/home/terranova/uav_ws/install/turtlebot3:/home/terranova/uav_ws/install/turtlebot3_simulations:/home/terranova/uav_ws/install/turtlebot3_bringup:/home/terranova/uav_ws/install/turtlebot3_node:/home/terranova/uav_ws/install/turtlebot3_navigation2:/home/terranova/uav_ws/install/turtlebot3_fake_node:/home/terranova/uav_ws/install/turtlebot3_msgs:/home/terranova/uav_ws/install/turtlebot3_gazebo:/home/terranova/uav_ws/install/turtlebot3_description:/home/terranova/uav_ws/install/turtlebot3_cartographer:/home/terranova/uav_ws/install/realsense_gazebo_plugin:/home/terranova/uav_ws/install/perception_pcl:/home/terranova/uav_ws/install/pcl_ros:/home/terranova/uav_ws/install/pcl_conversions:/home/terranova/uav_ws/install/pcl_msgs:/home/terranova/uav_ws/install/image_geometry:/home/terranova/uav_ws/install/hls_lfcd_lds_driver:/home/terranova/uav_ws/install/gazebo_ros_pkgs:/home/terranova/uav_ws/install/gazebo_plugins:/home/terranova/uav_ws/install/dynamixel_sdk_examples:/home/terranova/uav_ws/install/dynamixel_sdk_custom_interfaces:/home/terranova/uav_ws/install/dynamixel_sdk:/home/terranova/uav_ws/install/absl:/home/terranova/uav_ws/install/turtlebot3_teleop:/home/terranova/uav_ws/install/turtlebot3_example:/home/terranova/uav_ws/install/opencv_tests:/home/terranova/uav_ws/install/joint_state_publisher_gui:/home/terranova/uav_ws/install/joint_state_publisher:/opt/ros/foxy LD_LIBRARY_PATH=/home/terranova/uav_ws/install/gazebo_ros/lib:/home/terranova/uav_ws/install/gazebo_msgs/lib:/home/terranova/uav_ws/install/cv_bridge/lib:/home/terranova/uav_ws/install/cartographer_ros_msgs/lib:/home/terranova/uav_ws/install/turtlebot3_msgs/lib:/home/terranova/uav_ws/install/realsense_gazebo_plugin/lib:/home/terranova/uav_ws/install/pcl_ros/lib:/home/terranova/uav_ws/install/pcl_msgs/lib:/home/terranova/uav_ws/install/image_geometry/lib:/home/terranova/uav_ws/install/gazebo_plugins/lib:/home/terranova/uav_ws/install/dynamixel_sdk_custom_interfaces/lib:/home/terranova/uav_ws/install/dynamixel_sdk/lib:/opt/ros/foxy/opt/yaml_cpp_vendor/lib:/opt/ros/foxy/opt/rviz_ogre_vendor/lib:/opt/ros/foxy/lib/x86_64-linux-gnu:/opt/ros/foxy/lib:/usr/lib/x86_64-linux-gnu/gazebo-11/plugins PYTHONPATH=/home/terranova/uav_ws/install/gazebo_ros/lib/python3.8/site-packages:/home/terranova/uav_ws/install/gazebo_msgs/lib/python3.8/site-packages:/home/terranova/uav_ws/install/cv_bridge/lib/python3.8/site-packages:/home/terranova/uav_ws/install/cartographer_ros_msgs/lib/python3.8/site-packages:/home/terranova/uav_ws/install/turtlebot3_teleop/lib/python3.8/site-packages:/home/terranova/uav_ws/install/turtlebot3_example/lib/python3.8/site-packages:/home/terranova/uav_ws/install/turtlebot3_msgs/lib/python3.8/site-packages:/home/terranova/uav_ws/install/pcl_msgs/lib/python3.8/site-packages:/home/terranova/uav_ws/install/opencv_tests/lib/python3.8/site-packages:/home/terranova/uav_ws/install/joint_state_publisher_gui/lib/python3.8/site-packages:/home/terranova/uav_ws/install/joint_state_publisher/lib/python3.8/site-packages:/home/terranova/uav_ws/install/image_geometry/lib/python3.8/site-packages:/home/terranova/uav_ws/install/dynamixel_sdk_custom_interfaces/lib/python3.8/site-packages:/opt/ros/foxy/lib/python3.8/site-packages:/home/terranova/.local/bin /home/terranova/.local/bin/cmake --build /home/terranova/uav_ws/build/gazebo_plugins -- -j4 -l4
[13.311s] [  3%] [32mBuilding CXX object CMakeFiles/gazebo_ros_diff_drive.dir/src/gazebo_ros_diff_drive.cpp.o[0m
[13.311s] [  3%] [32mBuilding CXX object CMakeFiles/gazebo_ros_joint_state_publisher.dir/src/gazebo_ros_joint_state_publisher.cpp.o[0m
[13.312s] [  4%] [32mBuilding CXX object CMakeFiles/gazebo_ros_template.dir/src/gazebo_ros_template.cpp.o[0m
[13.312s] [  4%] [32mBuilding CXX object CMakeFiles/gazebo_ros_force.dir/src/gazebo_ros_force.cpp.o[0m
[13.468s] [  5%] [32m[1mLinking CXX shared library libgazebo_ros_template.so[0m
[13.508s] [  7%] [32m[1mLinking CXX shared library libgazebo_ros_joint_state_publisher.so[0m
[13.520s] [  8%] [32m[1mLinking CXX shared library libgazebo_ros_force.so[0m
[13.584s] [  9%] [32m[1mLinking CXX shared library libgazebo_ros_diff_drive.so[0m
[14.867s] [  9%] Built target gazebo_ros_template
[14.919s] [ 10%] [32mBuilding CXX object CMakeFiles/multi_camera_plugin.dir/src/multi_camera_plugin.cpp.o[0m
[15.104s] [ 11%] [32m[1mLinking CXX shared library libmulti_camera_plugin.so[0m
[15.315s] [ 11%] Built target gazebo_ros_joint_state_publisher
[15.340s] [ 13%] [32mBuilding CXX object CMakeFiles/gazebo_ros_imu_sensor.dir/src/gazebo_ros_imu_sensor.cpp.o[0m
[15.485s] [ 14%] [32m[1mLinking CXX shared library libgazebo_ros_imu_sensor.so[0m
[15.593s] [ 14%] Built target gazebo_ros_force
[15.622s] [ 15%] [32mBuilding CXX object CMakeFiles/gazebo_ros_gps_sensor.dir/src/gazebo_ros_gps_sensor.cpp.o[0m
[15.775s] [ 16%] [32m[1mLinking CXX shared library libgazebo_ros_gps_sensor.so[0m
[15.897s] [ 16%] Built target multi_camera_plugin
[15.920s] [ 17%] [32mBuilding CXX object CMakeFiles/gazebo_ros_ray_sensor.dir/src/gazebo_ros_ray_sensor.cpp.o[0m
[16.121s] [ 19%] [32m[1mLinking CXX shared library libgazebo_ros_ray_sensor.so[0m
[16.286s] [ 19%] Built target gazebo_ros_diff_drive
[16.320s] [ 20%] [32mBuilding CXX object CMakeFiles/gazebo_ros_p3d.dir/src/gazebo_ros_p3d.cpp.o[0m
[16.588s] [ 21%] [32m[1mLinking CXX shared library libgazebo_ros_p3d.so[0m
[17.132s] [ 21%] Built target gazebo_ros_imu_sensor
[17.197s] [ 22%] [32mBuilding CXX object CMakeFiles/gazebo_ros_tricycle_drive.dir/src/gazebo_ros_tricycle_drive.cpp.o[0m
[17.454s] [ 23%] [32m[1mLinking CXX shared library libgazebo_ros_tricycle_drive.so[0m
[17.530s] [ 23%] Built target gazebo_ros_gps_sensor
[17.626s] [ 25%] [32mBuilding CXX object CMakeFiles/gazebo_ros_video.dir/src/gazebo_ros_video.cpp.o[0m
[17.958s] [ 26%] [32m[1mLinking CXX shared library libgazebo_ros_video.so[0m
[18.924s] [ 26%] Built target gazebo_ros_ray_sensor
[18.953s] [ 27%] [32mBuilding CXX object CMakeFiles/gazebo_ros_ft_sensor.dir/src/gazebo_ros_ft_sensor.cpp.o[0m
[19.086s] [ 27%] Built target gazebo_ros_p3d
[19.116s] [ 28%] [32m[1mLinking CXX shared library libgazebo_ros_ft_sensor.so[0m
[19.120s] [ 29%] [32mBuilding CXX object CMakeFiles/gazebo_ros_bumper.dir/src/gazebo_ros_bumper.cpp.o[0m
[19.352s] [ 30%] [32m[1mLinking CXX shared library libgazebo_ros_bumper.so[0m
[20.754s] [ 30%] Built target gazebo_ros_tricycle_drive
[20.834s] [ 32%] [32mBuilding CXX object CMakeFiles/gazebo_ros_harness.dir/src/gazebo_ros_harness.cpp.o[0m
[21.119s] [ 33%] [32m[1mLinking CXX shared library libgazebo_ros_harness.so[0m
[21.227s] [ 33%] Built target gazebo_ros_ft_sensor
[21.323s] [ 34%] [32mBuilding CXX object CMakeFiles/gazebo_ros_hand_of_god.dir/src/gazebo_ros_hand_of_god.cpp.o[0m
[21.531s] [ 35%] [32m[1mLinking CXX shared library libgazebo_ros_hand_of_god.so[0m
[21.575s] [ 35%] Built target gazebo_ros_bumper
[21.669s] [ 36%] [32mBuilding CXX object CMakeFiles/gazebo_ros_ackermann_drive.dir/src/gazebo_ros_ackermann_drive.cpp.o[0m
[21.884s] [ 36%] Built target gazebo_ros_video
[21.916s] [ 38%] [32m[1mLinking CXX shared library libgazebo_ros_ackermann_drive.so[0m
[21.933s] [ 39%] [32mBuilding CXX object CMakeFiles/gazebo_ros_elevator.dir/src/gazebo_ros_elevator.cpp.o[0m
[22.138s] [ 40%] [32m[1mLinking CXX shared library libgazebo_ros_elevator.so[0m
[23.874s] [ 40%] Built target gazebo_ros_harness
[23.949s] [ 41%] [32mBuilding CXX object CMakeFiles/gazebo_ros_vacuum_gripper.dir/src/gazebo_ros_vacuum_gripper.cpp.o[0m
[24.239s] [ 42%] [32m[1mLinking CXX shared library libgazebo_ros_vacuum_gripper.so[0m
[24.251s] [ 42%] Built target gazebo_ros_hand_of_god
[24.336s] [ 44%] [32mBuilding CXX object CMakeFiles/gazebo_ros_joint_pose_trajectory.dir/src/gazebo_ros_joint_pose_trajectory.cpp.o[0m
[24.666s] [ 45%] [32m[1mLinking CXX shared library libgazebo_ros_joint_pose_trajectory.so[0m
[25.140s] [ 45%] Built target gazebo_ros_elevator
[25.169s] [ 46%] [32mBuilding CXX object CMakeFiles/gazebo_ros_planar_move.dir/src/gazebo_ros_planar_move.cpp.o[0m
[25.498s] [ 47%] [32m[1mLinking CXX shared library libgazebo_ros_planar_move.so[0m
[25.813s] [ 47%] Built target gazebo_ros_ackermann_drive
[25.886s] [ 48%] [32mBuilding CXX object CMakeFiles/gazebo_ros_projector.dir/src/gazebo_ros_projector.cpp.o[0m
[26.234s] [ 50%] [32m[1mLinking CXX shared library libgazebo_ros_projector.so[0m
[27.061s] [ 50%] Built target gazebo_ros_vacuum_gripper
[27.161s] [ 51%] [32mBuilding CXX object CMakeFiles/gazebo_ros_wheel_slip.dir/src/gazebo_ros_wheel_slip.cpp.o[0m
[27.492s] [ 52%] [32m[1mLinking CXX shared library libgazebo_ros_wheel_slip.so[0m
[28.362s] [ 52%] Built target gazebo_ros_joint_pose_trajectory
[28.455s] [ 53%] [32mBuilding CXX object gtest/CMakeFiles/gtest_main.dir/src/gtest_main.cc.o[0m
[28.551s] [ 54%] [32m[1mLinking CXX static library libgtest_main.a[0m
[28.660s] [ 54%] Built target gtest_main
[28.751s] [ 55%] [32mBuilding CXX object gtest/CMakeFiles/gtest.dir/src/gtest-all.cc.o[0m
[28.914s] [ 57%] [32m[1mLinking CXX static library libgtest.a[0m
[29.193s] [ 57%] Built target gtest
[29.239s] [ 58%] [32mBuilding CXX object CMakeFiles/gazebo_ros_camera.dir/src/gazebo_ros_camera.cpp.o[0m
[29.382s] [ 58%] Built target gazebo_ros_planar_move
[29.434s] [ 58%] Built target gazebo_ros_wheel_slip
[29.451s] [ 59%] [32mBuilding CXX object test/CMakeFiles/test_gazebo_ros_ackermann_drive.dir/test_gazebo_ros_ackermann_drive.cpp.o[0m
[29.474s] [ 60%] [32mBuilding CXX object test/CMakeFiles/test_gazebo_ros_bumper.dir/test_gazebo_ros_bumper.cpp.o[0m
[29.722s] [ 61%] [32m[1mLinking CXX shared library libgazebo_ros_camera.so[0m
[29.919s] [ 63%] [32m[1mLinking CXX executable test_gazebo_ros_ackermann_drive[0m
[30.004s] [ 63%] Built target gazebo_ros_projector
[30.039s] [ 64%] [32m[1mLinking CXX executable test_gazebo_ros_bumper[0m
[32.976s] [ 64%] Built target gazebo_ros_camera
[35.112s] [ 64%] Built target test_gazebo_ros_ackermann_drive
[35.185s] [ 64%] Built target test_gazebo_ros_bumper
[35.202s] [ 65%] [32mBuilding CXX object test/CMakeFiles/test_gazebo_ros_force.dir/test_gazebo_ros_force.cpp.o[0m
[35.338s] [ 66%] [32m[1mLinking CXX executable test_gazebo_ros_force[0m
[38.237s] [ 66%] Built target test_gazebo_ros_force
[38.257s] [ 67%] [32mBuilding CXX object test/CMakeFiles/test_gazebo_ros_ft_sensor.dir/test_gazebo_ros_ft_sensor.cpp.o[0m
[38.421s] [ 69%] [32m[1mLinking CXX executable test_gazebo_ros_ft_sensor[0m
[41.931s] [ 69%] Built target test_gazebo_ros_ft_sensor
[41.952s] [ 70%] [32mBuilding CXX object test/CMakeFiles/test_gazebo_ros_hand_of_god.dir/test_gazebo_ros_hand_of_god.cpp.o[0m
[42.113s] [ 71%] [32m[1mLinking CXX executable test_gazebo_ros_hand_of_god[0m
[44.983s] [ 71%] Built target test_gazebo_ros_hand_of_god
[44.999s] [ 72%] [32mBuilding CXX object test/CMakeFiles/test_gazebo_ros_harness.dir/test_gazebo_ros_harness.cpp.o[0m
[45.150s] [ 73%] [32m[1mLinking CXX executable test_gazebo_ros_harness[0m
[48.672s] [ 73%] Built target test_gazebo_ros_harness
[48.707s] [ 75%] [32mBuilding CXX object test/CMakeFiles/test_gazebo_ros_imu_sensor.dir/test_gazebo_ros_imu_sensor.cpp.o[0m
[49.198s] [ 76%] [32m[1mLinking CXX executable test_gazebo_ros_imu_sensor[0m
[50.715s] [ 77%] [32mBuilding CXX object test/CMakeFiles/test_gazebo_ros_gps_sensor.dir/test_gazebo_ros_gps_sensor.cpp.o[0m
[50.901s] [ 78%] [32m[1mLinking CXX executable test_gazebo_ros_gps_sensor[0m
[51.738s] [ 79%] [32mBuilding CXX object test/CMakeFiles/test_gazebo_ros_elevator.dir/test_gazebo_ros_elevator.cpp.o[0m
[51.976s] [ 80%] [32m[1mLinking CXX executable test_gazebo_ros_elevator[0m
[52.790s] [ 82%] [32mBuilding CXX object test/CMakeFiles/test_gazebo_ros_diff_drive.dir/test_gazebo_ros_diff_drive.cpp.o[0m
[53.064s] [ 83%] [32m[1mLinking CXX executable test_gazebo_ros_diff_drive[0m
[53.297s] [ 83%] Built target test_gazebo_ros_imu_sensor
[53.322s] [ 84%] [32mBuilding CXX object test/CMakeFiles/test_gazebo_ros_joint_pose_trajectory.dir/test_gazebo_ros_joint_pose_trajectory.cpp.o[0m
[53.516s] [ 85%] [32m[1mLinking CXX executable test_gazebo_ros_joint_pose_trajectory[0m
[56.999s] [ 85%] Built target test_gazebo_ros_gps_sensor
[57.768s] [ 85%] Built target test_gazebo_ros_elevator
[58.548s] [ 85%] Built target test_gazebo_ros_joint_pose_trajectory
[58.719s] [ 85%] Built target test_gazebo_ros_diff_drive
[58.734s] [ 86%] [32mBuilding CXX object test/CMakeFiles/test_gazebo_ros_planar_move.dir/test_gazebo_ros_planar_move.cpp.o[0m
[58.882s] [ 88%] [32m[1mLinking CXX executable test_gazebo_ros_planar_move[0m
[60.747s] [ 89%] [32mBuilding CXX object test/CMakeFiles/test_gazebo_ros_ray_sensor.dir/test_gazebo_ros_ray_sensor.cpp.o[0m
[60.948s] [ 90%] [32m[1mLinking CXX executable test_gazebo_ros_ray_sensor[0m
[61.826s] [ 91%] [32mBuilding CXX object test/CMakeFiles/test_gazebo_ros_p3d.dir/test_gazebo_ros_p3d.cpp.o[0m
[62.028s] [ 92%] [32m[1mLinking CXX executable test_gazebo_ros_p3d[0m
[62.518s] [ 92%] Built target test_gazebo_ros_planar_move
[62.564s] [ 94%] [32mBuilding CXX object test/CMakeFiles/test_gazebo_ros_joint_state_publisher.dir/test_gazebo_ros_joint_state_publisher.cpp.o[0m
[62.753s] [ 95%] [32m[1mLinking CXX executable test_gazebo_ros_joint_state_publisher[0m
[63.587s] [ 96%] [32mBuilding CXX object test/CMakeFiles/test_gazebo_ros_tricycle_drive.dir/test_gazebo_ros_tricycle_drive.cpp.o[0m
[64.048s] [ 97%] [32m[1mLinking CXX executable test_gazebo_ros_tricycle_drive[0m
[68.600s] [ 97%] Built target test_gazebo_ros_ray_sensor
[68.772s] [ 97%] Built target test_gazebo_ros_p3d
[69.208s] [ 97%] Built target test_gazebo_ros_joint_state_publisher
[69.572s] [ 97%] Built target test_gazebo_ros_tricycle_drive
[69.586s] [ 98%] [32mBuilding CXX object test/CMakeFiles/test_gazebo_ros_vacuum_gripper.dir/test_gazebo_ros_vacuum_gripper.cpp.o[0m
[69.929s] [100%] [32m[1mLinking CXX executable test_gazebo_ros_vacuum_gripper[0m
[72.863s] [100%] Built target test_gazebo_ros_vacuum_gripper
[72.879s] Invoked command in '/home/terranova/uav_ws/build/gazebo_plugins' returned '0': CMAKE_PREFIX_PATH=/home/terranova/uav_ws/install/gazebo_ros:/home/terranova/uav_ws/install/gazebo_msgs:/home/terranova/uav_ws/install/gazebo_dev:/home/terranova/uav_ws/install/cv_bridge:/home/terranova/uav_ws/install/cartographer_ros_msgs:/home/terranova/uav_ws/install/vision_opencv:/home/terranova/uav_ws/install/uav_gazebo:/home/terranova/uav_ws/install/uav_cartographer:/home/terranova/uav_ws/install/turtlebot3:/home/terranova/uav_ws/install/turtlebot3_simulations:/home/terranova/uav_ws/install/turtlebot3_bringup:/home/terranova/uav_ws/install/turtlebot3_node:/home/terranova/uav_ws/install/turtlebot3_navigation2:/home/terranova/uav_ws/install/turtlebot3_fake_node:/home/terranova/uav_ws/install/turtlebot3_msgs:/home/terranova/uav_ws/install/turtlebot3_gazebo:/home/terranova/uav_ws/install/turtlebot3_description:/home/terranova/uav_ws/install/turtlebot3_cartographer:/home/terranova/uav_ws/install/realsense_gazebo_plugin:/home/terranova/uav_ws/install/perception_pcl:/home/terranova/uav_ws/install/pcl_ros:/home/terranova/uav_ws/install/pcl_conversions:/home/terranova/uav_ws/install/pcl_msgs:/home/terranova/uav_ws/install/image_geometry:/home/terranova/uav_ws/install/hls_lfcd_lds_driver:/home/terranova/uav_ws/install/gazebo_ros_pkgs:/home/terranova/uav_ws/install/gazebo_plugins:/home/terranova/uav_ws/install/dynamixel_sdk_examples:/home/terranova/uav_ws/install/dynamixel_sdk_custom_interfaces:/home/terranova/uav_ws/install/dynamixel_sdk:/home/terranova/uav_ws/install/absl:/home/terranova/uav_ws/install/turtlebot3_teleop:/home/terranova/uav_ws/install/turtlebot3_example:/home/terranova/uav_ws/install/opencv_tests:/home/terranova/uav_ws/install/joint_state_publisher_gui:/home/terranova/uav_ws/install/joint_state_publisher:/opt/ros/foxy LD_LIBRARY_PATH=/home/terranova/uav_ws/install/gazebo_ros/lib:/home/terranova/uav_ws/install/gazebo_msgs/lib:/home/terranova/uav_ws/install/cv_bridge/lib:/home/terranova/uav_ws/install/cartographer_ros_msgs/lib:/home/terranova/uav_ws/install/turtlebot3_msgs/lib:/home/terranova/uav_ws/install/realsense_gazebo_plugin/lib:/home/terranova/uav_ws/install/pcl_ros/lib:/home/terranova/uav_ws/install/pcl_msgs/lib:/home/terranova/uav_ws/install/image_geometry/lib:/home/terranova/uav_ws/install/gazebo_plugins/lib:/home/terranova/uav_ws/install/dynamixel_sdk_custom_interfaces/lib:/home/terranova/uav_ws/install/dynamixel_sdk/lib:/opt/ros/foxy/opt/yaml_cpp_vendor/lib:/opt/ros/foxy/opt/rviz_ogre_vendor/lib:/opt/ros/foxy/lib/x86_64-linux-gnu:/opt/ros/foxy/lib:/usr/lib/x86_64-linux-gnu/gazebo-11/plugins PYTHONPATH=/home/terranova/uav_ws/install/gazebo_ros/lib/python3.8/site-packages:/home/terranova/uav_ws/install/gazebo_msgs/lib/python3.8/site-packages:/home/terranova/uav_ws/install/cv_bridge/lib/python3.8/site-packages:/home/terranova/uav_ws/install/cartographer_ros_msgs/lib/python3.8/site-packages:/home/terranova/uav_ws/install/turtlebot3_teleop/lib/python3.8/site-packages:/home/terranova/uav_ws/install/turtlebot3_example/lib/python3.8/site-packages:/home/terranova/uav_ws/install/turtlebot3_msgs/lib/python3.8/site-packages:/home/terranova/uav_ws/install/pcl_msgs/lib/python3.8/site-packages:/home/terranova/uav_ws/install/opencv_tests/lib/python3.8/site-packages:/home/terranova/uav_ws/install/joint_state_publisher_gui/lib/python3.8/site-packages:/home/terranova/uav_ws/install/joint_state_publisher/lib/python3.8/site-packages:/home/terranova/uav_ws/install/image_geometry/lib/python3.8/site-packages:/home/terranova/uav_ws/install/dynamixel_sdk_custom_interfaces/lib/python3.8/site-packages:/opt/ros/foxy/lib/python3.8/site-packages:/home/terranova/.local/bin /home/terranova/.local/bin/cmake --build /home/terranova/uav_ws/build/gazebo_plugins -- -j4 -l4
[73.103s] Invoking command in '/home/terranova/uav_ws/build/gazebo_plugins': CMAKE_PREFIX_PATH=/home/terranova/uav_ws/install/gazebo_ros:/home/terranova/uav_ws/install/gazebo_msgs:/home/terranova/uav_ws/install/gazebo_dev:/home/terranova/uav_ws/install/cv_bridge:/home/terranova/uav_ws/install/cartographer_ros_msgs:/home/terranova/uav_ws/install/vision_opencv:/home/terranova/uav_ws/install/uav_gazebo:/home/terranova/uav_ws/install/uav_cartographer:/home/terranova/uav_ws/install/turtlebot3:/home/terranova/uav_ws/install/turtlebot3_simulations:/home/terranova/uav_ws/install/turtlebot3_bringup:/home/terranova/uav_ws/install/turtlebot3_node:/home/terranova/uav_ws/install/turtlebot3_navigation2:/home/terranova/uav_ws/install/turtlebot3_fake_node:/home/terranova/uav_ws/install/turtlebot3_msgs:/home/terranova/uav_ws/install/turtlebot3_gazebo:/home/terranova/uav_ws/install/turtlebot3_description:/home/terranova/uav_ws/install/turtlebot3_cartographer:/home/terranova/uav_ws/install/realsense_gazebo_plugin:/home/terranova/uav_ws/install/perception_pcl:/home/terranova/uav_ws/install/pcl_ros:/home/terranova/uav_ws/install/pcl_conversions:/home/terranova/uav_ws/install/pcl_msgs:/home/terranova/uav_ws/install/image_geometry:/home/terranova/uav_ws/install/hls_lfcd_lds_driver:/home/terranova/uav_ws/install/gazebo_ros_pkgs:/home/terranova/uav_ws/install/gazebo_plugins:/home/terranova/uav_ws/install/dynamixel_sdk_examples:/home/terranova/uav_ws/install/dynamixel_sdk_custom_interfaces:/home/terranova/uav_ws/install/dynamixel_sdk:/home/terranova/uav_ws/install/absl:/home/terranova/uav_ws/install/turtlebot3_teleop:/home/terranova/uav_ws/install/turtlebot3_example:/home/terranova/uav_ws/install/opencv_tests:/home/terranova/uav_ws/install/joint_state_publisher_gui:/home/terranova/uav_ws/install/joint_state_publisher:/opt/ros/foxy LD_LIBRARY_PATH=/home/terranova/uav_ws/install/gazebo_ros/lib:/home/terranova/uav_ws/install/gazebo_msgs/lib:/home/terranova/uav_ws/install/cv_bridge/lib:/home/terranova/uav_ws/install/cartographer_ros_msgs/lib:/home/terranova/uav_ws/install/turtlebot3_msgs/lib:/home/terranova/uav_ws/install/realsense_gazebo_plugin/lib:/home/terranova/uav_ws/install/pcl_ros/lib:/home/terranova/uav_ws/install/pcl_msgs/lib:/home/terranova/uav_ws/install/image_geometry/lib:/home/terranova/uav_ws/install/gazebo_plugins/lib:/home/terranova/uav_ws/install/dynamixel_sdk_custom_interfaces/lib:/home/terranova/uav_ws/install/dynamixel_sdk/lib:/opt/ros/foxy/opt/yaml_cpp_vendor/lib:/opt/ros/foxy/opt/rviz_ogre_vendor/lib:/opt/ros/foxy/lib/x86_64-linux-gnu:/opt/ros/foxy/lib:/usr/lib/x86_64-linux-gnu/gazebo-11/plugins PYTHONPATH=/home/terranova/uav_ws/install/gazebo_ros/lib/python3.8/site-packages:/home/terranova/uav_ws/install/gazebo_msgs/lib/python3.8/site-packages:/home/terranova/uav_ws/install/cv_bridge/lib/python3.8/site-packages:/home/terranova/uav_ws/install/cartographer_ros_msgs/lib/python3.8/site-packages:/home/terranova/uav_ws/install/turtlebot3_teleop/lib/python3.8/site-packages:/home/terranova/uav_ws/install/turtlebot3_example/lib/python3.8/site-packages:/home/terranova/uav_ws/install/turtlebot3_msgs/lib/python3.8/site-packages:/home/terranova/uav_ws/install/pcl_msgs/lib/python3.8/site-packages:/home/terranova/uav_ws/install/opencv_tests/lib/python3.8/site-packages:/home/terranova/uav_ws/install/joint_state_publisher_gui/lib/python3.8/site-packages:/home/terranova/uav_ws/install/joint_state_publisher/lib/python3.8/site-packages:/home/terranova/uav_ws/install/image_geometry/lib/python3.8/site-packages:/home/terranova/uav_ws/install/dynamixel_sdk_custom_interfaces/lib/python3.8/site-packages:/opt/ros/foxy/lib/python3.8/site-packages:/home/terranova/.local/bin /home/terranova/.local/bin/cmake --install /home/terranova/uav_ws/build/gazebo_plugins
[73.147s] -- Install configuration: ""
[73.147s] -- Installing: /home/terranova/uav_ws/install/gazebo_plugins/share/gazebo_plugins/environment/library_path.sh
[73.147s] -- Installing: /home/terranova/uav_ws/install/gazebo_plugins/share/gazebo_plugins/environment/library_path.dsv
[73.148s] -- Installing: /home/terranova/uav_ws/install/gazebo_plugins/share/gazebo_plugins/environment/gazebo_plugins.sh
[73.148s] -- Installing: /home/terranova/uav_ws/install/gazebo_plugins/share/gazebo_plugins/environment/gazebo_plugins.dsv
[73.148s] -- Installing: /home/terranova/uav_ws/install/gazebo_plugins/share/ament_index/resource_index/package_run_dependencies/gazebo_plugins
[73.148s] -- Installing: /home/terranova/uav_ws/install/gazebo_plugins/share/ament_index/resource_index/parent_prefix_path/gazebo_plugins
[73.148s] -- Installing: /home/terranova/uav_ws/install/gazebo_plugins/share/gazebo_plugins/environment/ament_prefix_path.sh
[73.149s] -- Installing: /home/terranova/uav_ws/install/gazebo_plugins/share/gazebo_plugins/environment/ament_prefix_path.dsv
[73.149s] -- Installing: /home/terranova/uav_ws/install/gazebo_plugins/share/gazebo_plugins/environment/path.sh
[73.149s] -- Installing: /home/terranova/uav_ws/install/gazebo_plugins/share/gazebo_plugins/environment/path.dsv
[73.149s] -- Installing: /home/terranova/uav_ws/install/gazebo_plugins/share/gazebo_plugins/local_setup.bash
[73.149s] -- Installing: /home/terranova/uav_ws/install/gazebo_plugins/share/gazebo_plugins/local_setup.sh
[73.149s] -- Installing: /home/terranova/uav_ws/install/gazebo_plugins/share/gazebo_plugins/local_setup.zsh
[73.150s] -- Installing: /home/terranova/uav_ws/install/gazebo_plugins/share/gazebo_plugins/local_setup.dsv
[73.150s] -- Installing: /home/terranova/uav_ws/install/gazebo_plugins/share/gazebo_plugins/package.dsv
[73.150s] -- Installing: /home/terranova/uav_ws/install/gazebo_plugins/share/ament_index/resource_index/packages/gazebo_plugins
[73.150s] -- Installing: /home/terranova/uav_ws/install/gazebo_plugins/share/gazebo_plugins/cmake/ament_cmake_export_libraries-extras.cmake
[73.151s] -- Installing: /home/terranova/uav_ws/install/gazebo_plugins/share/gazebo_plugins/cmake/ament_cmake_export_include_directories-extras.cmake
[73.151s] -- Installing: /home/terranova/uav_ws/install/gazebo_plugins/share/gazebo_plugins/cmake/ament_cmake_export_dependencies-extras.cmake
[73.151s] -- Installing: /home/terranova/uav_ws/install/gazebo_plugins/share/gazebo_plugins/cmake/gazebo_pluginsConfig.cmake
[73.151s] -- Installing: /home/terranova/uav_ws/install/gazebo_plugins/share/gazebo_plugins/cmake/gazebo_pluginsConfig-version.cmake
[73.152s] -- Installing: /home/terranova/uav_ws/install/gazebo_plugins/share/gazebo_plugins/package.xml
[73.152s] -- Installing: /home/terranova/uav_ws/install/gazebo_plugins/include
[73.152s] -- Installing: /home/terranova/uav_ws/install/gazebo_plugins/include/gazebo_plugins
[73.152s] -- Installing: /home/terranova/uav_ws/install/gazebo_plugins/include/gazebo_plugins/gazebo_ros_joint_state_publisher.hpp
[73.153s] -- Installing: /home/terranova/uav_ws/install/gazebo_plugins/include/gazebo_plugins/gazebo_ros_template.hpp
[73.153s] -- Installing: /home/terranova/uav_ws/install/gazebo_plugins/include/gazebo_plugins/gazebo_ros_force.hpp
[73.153s] -- Installing: /home/terranova/uav_ws/install/gazebo_plugins/include/gazebo_plugins/gazebo_ros_ft_sensor.hpp
[73.154s] -- Installing: /home/terranova/uav_ws/install/gazebo_plugins/include/gazebo_plugins/gazebo_ros_tricycle_drive.hpp
[73.154s] -- Installing: /home/terranova/uav_ws/install/gazebo_plugins/include/gazebo_plugins/multi_camera_plugin.hpp
[73.154s] -- Installing: /home/terranova/uav_ws/install/gazebo_plugins/include/gazebo_plugins/gazebo_ros_diff_drive.hpp
[73.154s] -- Installing: /home/terranova/uav_ws/install/gazebo_plugins/include/gazebo_plugins/gazebo_ros_p3d.hpp
[73.154s] -- Installing: /home/terranova/uav_ws/install/gazebo_plugins/include/gazebo_plugins/gazebo_ros_joint_pose_trajectory.hpp
[73.155s] -- Installing: /home/terranova/uav_ws/install/gazebo_plugins/include/gazebo_plugins/gazebo_ros_ray_sensor.hpp
[73.155s] -- Installing: /home/terranova/uav_ws/install/gazebo_plugins/include/gazebo_plugins/gazebo_ros_imu_sensor.hpp
[73.155s] -- Installing: /home/terranova/uav_ws/install/gazebo_plugins/include/gazebo_plugins/gazebo_ros_camera.hpp
[73.155s] -- Installing: /home/terranova/uav_ws/install/gazebo_plugins/include/gazebo_plugins/gazebo_ros_harness.hpp
[73.155s] -- Installing: /home/terranova/uav_ws/install/gazebo_plugins/include/gazebo_plugins/gazebo_ros_bumper.hpp
[73.156s] -- Installing: /home/terranova/uav_ws/install/gazebo_plugins/include/gazebo_plugins/gazebo_ros_ackermann_drive.hpp
[73.156s] -- Installing: /home/terranova/uav_ws/install/gazebo_plugins/include/gazebo_plugins/gazebo_ros_gps_sensor.hpp
[73.156s] -- Installing: /home/terranova/uav_ws/install/gazebo_plugins/include/gazebo_plugins/gazebo_ros_hand_of_god.hpp
[73.156s] -- Installing: /home/terranova/uav_ws/install/gazebo_plugins/include/gazebo_plugins/gazebo_ros_video.hpp
[73.156s] -- Installing: /home/terranova/uav_ws/install/gazebo_plugins/include/gazebo_plugins/gazebo_ros_planar_move.hpp
[73.156s] -- Installing: /home/terranova/uav_ws/install/gazebo_plugins/include/gazebo_plugins/gazebo_ros_vacuum_gripper.hpp
[73.156s] -- Installing: /home/terranova/uav_ws/install/gazebo_plugins/include/gazebo_plugins/gazebo_ros_elevator.hpp
[73.156s] -- Installing: /home/terranova/uav_ws/install/gazebo_plugins/include/gazebo_plugins/gazebo_ros_projector.hpp
[73.156s] -- Installing: /home/terranova/uav_ws/install/gazebo_plugins/include/gazebo_plugins/gazebo_ros_wheel_slip.hpp
[73.157s] -- Installing: /home/terranova/uav_ws/install/gazebo_plugins/lib/libgazebo_ros_ackermann_drive.so
[73.164s] -- Set non-toolchain portion of runtime path of "/home/terranova/uav_ws/install/gazebo_plugins/lib/libgazebo_ros_ackermann_drive.so" to ""
[73.164s] -- Installing: /home/terranova/uav_ws/install/gazebo_plugins/lib/libgazebo_ros_bumper.so
[73.167s] -- Set non-toolchain portion of runtime path of "/home/terranova/uav_ws/install/gazebo_plugins/lib/libgazebo_ros_bumper.so" to ""
[73.167s] -- Installing: /home/terranova/uav_ws/install/gazebo_plugins/lib/libgazebo_ros_camera.so
[73.174s] -- Set non-toolchain portion of runtime path of "/home/terranova/uav_ws/install/gazebo_plugins/lib/libgazebo_ros_camera.so" to ""
[73.174s] -- Installing: /home/terranova/uav_ws/install/gazebo_plugins/lib/libgazebo_ros_diff_drive.so
[73.181s] -- Set non-toolchain portion of runtime path of "/home/terranova/uav_ws/install/gazebo_plugins/lib/libgazebo_ros_diff_drive.so" to ""
[73.181s] -- Installing: /home/terranova/uav_ws/install/gazebo_plugins/lib/libgazebo_ros_elevator.so
[73.187s] -- Set non-toolchain portion of runtime path of "/home/terranova/uav_ws/install/gazebo_plugins/lib/libgazebo_ros_elevator.so" to ""
[73.188s] -- Installing: /home/terranova/uav_ws/install/gazebo_plugins/lib/libgazebo_ros_force.so
[73.193s] -- Set non-toolchain portion of runtime path of "/home/terranova/uav_ws/install/gazebo_plugins/lib/libgazebo_ros_force.so" to ""
[73.194s] -- Installing: /home/terranova/uav_ws/install/gazebo_plugins/lib/libgazebo_ros_ft_sensor.so
[73.197s] -- Set non-toolchain portion of runtime path of "/home/terranova/uav_ws/install/gazebo_plugins/lib/libgazebo_ros_ft_sensor.so" to ""
[73.197s] -- Installing: /home/terranova/uav_ws/install/gazebo_plugins/lib/libgazebo_ros_hand_of_god.so
[73.200s] -- Set non-toolchain portion of runtime path of "/home/terranova/uav_ws/install/gazebo_plugins/lib/libgazebo_ros_hand_of_god.so" to ""
[73.201s] -- Installing: /home/terranova/uav_ws/install/gazebo_plugins/lib/libgazebo_ros_harness.so
[73.207s] -- Set non-toolchain portion of runtime path of "/home/terranova/uav_ws/install/gazebo_plugins/lib/libgazebo_ros_harness.so" to ""
[73.207s] -- Installing: /home/terranova/uav_ws/install/gazebo_plugins/lib/libgazebo_ros_imu_sensor.so
[73.211s] -- Set non-toolchain portion of runtime path of "/home/terranova/uav_ws/install/gazebo_plugins/lib/libgazebo_ros_imu_sensor.so" to ""
[73.211s] -- Installing: /home/terranova/uav_ws/install/gazebo_plugins/lib/libgazebo_ros_gps_sensor.so
[73.214s] -- Set non-toolchain portion of runtime path of "/home/terranova/uav_ws/install/gazebo_plugins/lib/libgazebo_ros_gps_sensor.so" to ""
[73.214s] -- Installing: /home/terranova/uav_ws/install/gazebo_plugins/lib/libgazebo_ros_joint_pose_trajectory.so
[73.220s] -- Set non-toolchain portion of runtime path of "/home/terranova/uav_ws/install/gazebo_plugins/lib/libgazebo_ros_joint_pose_trajectory.so" to ""
[73.220s] -- Installing: /home/terranova/uav_ws/install/gazebo_plugins/lib/libgazebo_ros_joint_state_publisher.so
[73.223s] -- Set non-toolchain portion of runtime path of "/home/terranova/uav_ws/install/gazebo_plugins/lib/libgazebo_ros_joint_state_publisher.so" to ""
[73.223s] -- Installing: /home/terranova/uav_ws/install/gazebo_plugins/lib/libgazebo_ros_planar_move.so
[73.230s] -- Set non-toolchain portion of runtime path of "/home/terranova/uav_ws/install/gazebo_plugins/lib/libgazebo_ros_planar_move.so" to ""
[73.230s] -- Installing: /home/terranova/uav_ws/install/gazebo_plugins/lib/libgazebo_ros_projector.so
[73.235s] -- Set non-toolchain portion of runtime path of "/home/terranova/uav_ws/install/gazebo_plugins/lib/libgazebo_ros_projector.so" to ""
[73.235s] -- Installing: /home/terranova/uav_ws/install/gazebo_plugins/lib/libgazebo_ros_ray_sensor.so
[73.240s] -- Set non-toolchain portion of runtime path of "/home/terranova/uav_ws/install/gazebo_plugins/lib/libgazebo_ros_ray_sensor.so" to ""
[73.241s] -- Installing: /home/terranova/uav_ws/install/gazebo_plugins/lib/libgazebo_ros_p3d.so
[73.244s] -- Set non-toolchain portion of runtime path of "/home/terranova/uav_ws/install/gazebo_plugins/lib/libgazebo_ros_p3d.so" to ""
[73.244s] -- Installing: /home/terranova/uav_ws/install/gazebo_plugins/lib/libgazebo_ros_template.so
[73.246s] -- Set non-toolchain portion of runtime path of "/home/terranova/uav_ws/install/gazebo_plugins/lib/libgazebo_ros_template.so" to ""
[73.246s] -- Installing: /home/terranova/uav_ws/install/gazebo_plugins/lib/libgazebo_ros_tricycle_drive.so
[73.253s] -- Set non-toolchain portion of runtime path of "/home/terranova/uav_ws/install/gazebo_plugins/lib/libgazebo_ros_tricycle_drive.so" to ""
[73.253s] -- Installing: /home/terranova/uav_ws/install/gazebo_plugins/lib/libgazebo_ros_vacuum_gripper.so
[73.257s] -- Set non-toolchain portion of runtime path of "/home/terranova/uav_ws/install/gazebo_plugins/lib/libgazebo_ros_vacuum_gripper.so" to ""
[73.257s] -- Installing: /home/terranova/uav_ws/install/gazebo_plugins/lib/libgazebo_ros_video.so
[73.263s] -- Set non-toolchain portion of runtime path of "/home/terranova/uav_ws/install/gazebo_plugins/lib/libgazebo_ros_video.so" to ""
[73.263s] -- Installing: /home/terranova/uav_ws/install/gazebo_plugins/lib/libmulti_camera_plugin.so
[73.265s] -- Set non-toolchain portion of runtime path of "/home/terranova/uav_ws/install/gazebo_plugins/lib/libmulti_camera_plugin.so" to ""
[73.266s] -- Installing: /home/terranova/uav_ws/install/gazebo_plugins/lib/libgazebo_ros_wheel_slip.so
[73.268s] -- Set non-toolchain portion of runtime path of "/home/terranova/uav_ws/install/gazebo_plugins/lib/libgazebo_ros_wheel_slip.so" to ""
[73.268s] -- Installing: /home/terranova/uav_ws/install/gazebo_plugins/share/gazebo_plugins//worlds
[73.268s] -- Installing: /home/terranova/uav_ws/install/gazebo_plugins/share/gazebo_plugins//worlds/gazebo_ros_ackermann_drive_demo.world
[73.273s] -- Installing: /home/terranova/uav_ws/install/gazebo_plugins/share/gazebo_plugins//worlds/gazebo_ros_camera_distortion_pincushion_demo.world
[73.273s] -- Installing: /home/terranova/uav_ws/install/gazebo_plugins/share/gazebo_plugins//worlds/gazebo_ros_camera_demo.world
[73.273s] -- Installing: /home/terranova/uav_ws/install/gazebo_plugins/share/gazebo_plugins//worlds/gazebo_ros_bumper_demo.world
[73.274s] -- Installing: /home/terranova/uav_ws/install/gazebo_plugins/share/gazebo_plugins//worlds/gazebo_ros_video_demo.world
[73.274s] -- Installing: /home/terranova/uav_ws/install/gazebo_plugins/share/gazebo_plugins//worlds/gazebo_ros_projector_demo.world
[73.275s] -- Installing: /home/terranova/uav_ws/install/gazebo_plugins/share/gazebo_plugins//worlds/gazebo_ros_multi_camera_demo.world
[73.275s] -- Installing: /home/terranova/uav_ws/install/gazebo_plugins/share/gazebo_plugins//worlds/gazebo_ros_diff_drive_demo.world
[73.276s] -- Installing: /home/terranova/uav_ws/install/gazebo_plugins/share/gazebo_plugins//worlds/gazebo_ros_gps_sensor_demo.world
[73.277s] -- Installing: /home/terranova/uav_ws/install/gazebo_plugins/share/gazebo_plugins//worlds/gazebo_ros_tricycle_drive_demo.world
[73.277s] -- Installing: /home/terranova/uav_ws/install/gazebo_plugins/share/gazebo_plugins//worlds/gazebo_ros_skid_steer_drive_demo.world
[73.278s] -- Installing: /home/terranova/uav_ws/install/gazebo_plugins/share/gazebo_plugins//worlds/gazebo_ros_ft_sensor_demo.world
[73.278s] -- Installing: /home/terranova/uav_ws/install/gazebo_plugins/share/gazebo_plugins//worlds/gazebo_ros_planar_move_demo.world
[73.278s] -- Installing: /home/terranova/uav_ws/install/gazebo_plugins/share/gazebo_plugins//worlds/gazebo_ros_camera_distortion_barrel_demo.world
[73.279s] -- Installing: /home/terranova/uav_ws/install/gazebo_plugins/share/gazebo_plugins//worlds/gazebo_ros_depth_camera_demo.world
[73.279s] -- Installing: /home/terranova/uav_ws/install/gazebo_plugins/share/gazebo_plugins//worlds/gazebo_ros_elevator_demo.world
[73.280s] -- Installing: /home/terranova/uav_ws/install/gazebo_plugins/share/gazebo_plugins//worlds/gazebo_ros_joint_pose_trajectory_demo.world
[73.280s] -- Installing: /home/terranova/uav_ws/install/gazebo_plugins/share/gazebo_plugins//worlds/gazebo_ros_vacuum_gripper_demo.world
[73.280s] -- Installing: /home/terranova/uav_ws/install/gazebo_plugins/share/gazebo_plugins//worlds/gazebo_ros_hand_of_god_demo.world
[73.281s] -- Installing: /home/terranova/uav_ws/install/gazebo_plugins/share/gazebo_plugins//worlds/gazebo_ros_harness_demo.world
[73.281s] -- Installing: /home/terranova/uav_ws/install/gazebo_plugins/share/gazebo_plugins//worlds/gazebo_ros_multicamera_demo.world
[73.282s] -- Installing: /home/terranova/uav_ws/install/gazebo_plugins/share/gazebo_plugins//worlds/gazebo_ros_p3d_demo.world
[73.282s] -- Installing: /home/terranova/uav_ws/install/gazebo_plugins/share/gazebo_plugins//worlds/gazebo_ros_force_demo.world
[73.282s] -- Installing: /home/terranova/uav_ws/install/gazebo_plugins/share/gazebo_plugins//worlds/gazebo_ros_camera_triggered_demo.world
[73.283s] -- Installing: /home/terranova/uav_ws/install/gazebo_plugins/share/gazebo_plugins//worlds/gazebo_ros_template_demo.world
[73.283s] -- Installing: /home/terranova/uav_ws/install/gazebo_plugins/share/gazebo_plugins//worlds/gazebo_ros_wheel_slip_demo.world
[73.284s] -- Installing: /home/terranova/uav_ws/install/gazebo_plugins/share/gazebo_plugins//worlds/gazebo_ros_ray_sensor_demo.world
[73.284s] -- Installing: /home/terranova/uav_ws/install/gazebo_plugins/share/gazebo_plugins//worlds/gazebo_ros_joint_state_publisher_demo.world
[73.294s] Invoked command in '/home/terranova/uav_ws/build/gazebo_plugins' returned '0': CMAKE_PREFIX_PATH=/home/terranova/uav_ws/install/gazebo_ros:/home/terranova/uav_ws/install/gazebo_msgs:/home/terranova/uav_ws/install/gazebo_dev:/home/terranova/uav_ws/install/cv_bridge:/home/terranova/uav_ws/install/cartographer_ros_msgs:/home/terranova/uav_ws/install/vision_opencv:/home/terranova/uav_ws/install/uav_gazebo:/home/terranova/uav_ws/install/uav_cartographer:/home/terranova/uav_ws/install/turtlebot3:/home/terranova/uav_ws/install/turtlebot3_simulations:/home/terranova/uav_ws/install/turtlebot3_bringup:/home/terranova/uav_ws/install/turtlebot3_node:/home/terranova/uav_ws/install/turtlebot3_navigation2:/home/terranova/uav_ws/install/turtlebot3_fake_node:/home/terranova/uav_ws/install/turtlebot3_msgs:/home/terranova/uav_ws/install/turtlebot3_gazebo:/home/terranova/uav_ws/install/turtlebot3_description:/home/terranova/uav_ws/install/turtlebot3_cartographer:/home/terranova/uav_ws/install/realsense_gazebo_plugin:/home/terranova/uav_ws/install/perception_pcl:/home/terranova/uav_ws/install/pcl_ros:/home/terranova/uav_ws/install/pcl_conversions:/home/terranova/uav_ws/install/pcl_msgs:/home/terranova/uav_ws/install/image_geometry:/home/terranova/uav_ws/install/hls_lfcd_lds_driver:/home/terranova/uav_ws/install/gazebo_ros_pkgs:/home/terranova/uav_ws/install/gazebo_plugins:/home/terranova/uav_ws/install/dynamixel_sdk_examples:/home/terranova/uav_ws/install/dynamixel_sdk_custom_interfaces:/home/terranova/uav_ws/install/dynamixel_sdk:/home/terranova/uav_ws/install/absl:/home/terranova/uav_ws/install/turtlebot3_teleop:/home/terranova/uav_ws/install/turtlebot3_example:/home/terranova/uav_ws/install/opencv_tests:/home/terranova/uav_ws/install/joint_state_publisher_gui:/home/terranova/uav_ws/install/joint_state_publisher:/opt/ros/foxy LD_LIBRARY_PATH=/home/terranova/uav_ws/install/gazebo_ros/lib:/home/terranova/uav_ws/install/gazebo_msgs/lib:/home/terranova/uav_ws/install/cv_bridge/lib:/home/terranova/uav_ws/install/cartographer_ros_msgs/lib:/home/terranova/uav_ws/install/turtlebot3_msgs/lib:/home/terranova/uav_ws/install/realsense_gazebo_plugin/lib:/home/terranova/uav_ws/install/pcl_ros/lib:/home/terranova/uav_ws/install/pcl_msgs/lib:/home/terranova/uav_ws/install/image_geometry/lib:/home/terranova/uav_ws/install/gazebo_plugins/lib:/home/terranova/uav_ws/install/dynamixel_sdk_custom_interfaces/lib:/home/terranova/uav_ws/install/dynamixel_sdk/lib:/opt/ros/foxy/opt/yaml_cpp_vendor/lib:/opt/ros/foxy/opt/rviz_ogre_vendor/lib:/opt/ros/foxy/lib/x86_64-linux-gnu:/opt/ros/foxy/lib:/usr/lib/x86_64-linux-gnu/gazebo-11/plugins PYTHONPATH=/home/terranova/uav_ws/install/gazebo_ros/lib/python3.8/site-packages:/home/terranova/uav_ws/install/gazebo_msgs/lib/python3.8/site-packages:/home/terranova/uav_ws/install/cv_bridge/lib/python3.8/site-packages:/home/terranova/uav_ws/install/cartographer_ros_msgs/lib/python3.8/site-packages:/home/terranova/uav_ws/install/turtlebot3_teleop/lib/python3.8/site-packages:/home/terranova/uav_ws/install/turtlebot3_example/lib/python3.8/site-packages:/home/terranova/uav_ws/install/turtlebot3_msgs/lib/python3.8/site-packages:/home/terranova/uav_ws/install/pcl_msgs/lib/python3.8/site-packages:/home/terranova/uav_ws/install/opencv_tests/lib/python3.8/site-packages:/home/terranova/uav_ws/install/joint_state_publisher_gui/lib/python3.8/site-packages:/home/terranova/uav_ws/install/joint_state_publisher/lib/python3.8/site-packages:/home/terranova/uav_ws/install/image_geometry/lib/python3.8/site-packages:/home/terranova/uav_ws/install/dynamixel_sdk_custom_interfaces/lib/python3.8/site-packages:/opt/ros/foxy/lib/python3.8/site-packages:/home/terranova/.local/bin /home/terranova/.local/bin/cmake --install /home/terranova/uav_ws/build/gazebo_plugins
