[0.032s] Invoking command in '/home/terranova/uav_ws/build/turtlebot3_navigation2': CMAKE_PREFIX_PATH=${CMAKE_PREFIX_PATH}:/home/terranova/uav_ws/install/turtlebot3_teleop:/home/terranova/uav_ws/install/turtlebot3_example:/home/terranova/uav_ws/install/opencv_tests:/home/terranova/uav_ws/install/joint_state_publisher_gui:/home/terranova/uav_ws/install/joint_state_publisher:/opt/ros/foxy /home/terranova/.local/bin/cmake /home/terranova/uav_ws/src/turtlebot3/turtlebot3/turtlebot3_navigation2 -DCMAKE_INSTALL_PREFIX=/home/terranova/uav_ws/install/turtlebot3_navigation2
[0.231s] -- The C compiler identification is GNU 9.4.0
[0.379s] -- The CXX compiler identification is GNU 9.4.0
[0.427s] -- Detecting C compiler ABI info
[0.554s] -- Detecting C compiler ABI info - done
[0.587s] -- Check for working C compiler: /usr/lib/ccache/cc - skipped
[0.589s] -- Detecting C compile features
[0.590s] -- Detecting C compile features - done
[0.620s] -- Detecting CXX compiler ABI info
[0.773s] -- Detecting CXX compiler ABI info - done
[0.808s] -- Check for working CXX compiler: /usr/lib/ccache/c++ - skipped
[0.809s] -- Detecting CXX compile features
[0.811s] -- Detecting CXX compile features - done
[0.820s] -- Found ament_cmake: 0.9.12 (/opt/ros/foxy/share/ament_cmake/cmake)
[0.833s] [33mCMake Warning (dev) at /opt/ros/foxy/share/ament_cmake_core/cmake/core/python.cmake:22 (find_package):
[0.833s]   Policy CMP0148 is not set: The FindPythonInterp and FindPythonLibs modules
[0.833s]   are removed.  Run "cmake --help-policy CMP0148" for policy details.  Use
[0.833s]   the cmake_policy command to set the policy and suppress this warning.
[0.834s] 
[0.834s] Call Stack (most recent call first):
[0.834s]   /opt/ros/foxy/share/ament_cmake_core/cmake/core/all.cmake:53 (include)
[0.834s]   /opt/ros/foxy/share/ament_cmake_core/cmake/ament_cmake_core-extras.cmake:17 (include)
[0.834s]   /opt/ros/foxy/share/ament_cmake_core/cmake/ament_cmake_coreConfig.cmake:41 (include)
[0.835s]   /opt/ros/foxy/share/ament_cmake/cmake/ament_cmake_export_dependencies-extras.cmake:15 (find_package)
[0.835s]   /opt/ros/foxy/share/ament_cmake/cmake/ament_cmakeConfig.cmake:41 (include)
[0.835s]   CMakeLists.txt:10 (find_package)
[0.835s] This warning is for project developers.  Use -Wno-dev to suppress it.
[0.835s] [0m
[0.901s] -- Found PythonInterp: /usr/bin/python3 (found suitable version "3.8.10", minimum required is "3") 
[0.902s] -- Using PYTHON_EXECUTABLE: /usr/bin/python3
[1.681s] -- Configuring done (1.6s)
[1.687s] -- Generating done (0.0s)
[1.689s] -- Build files have been written to: /home/terranova/uav_ws/build/turtlebot3_navigation2
[1.885s] Invoked command in '/home/terranova/uav_ws/build/turtlebot3_navigation2' returned '0': CMAKE_PREFIX_PATH=${CMAKE_PREFIX_PATH}:/home/terranova/uav_ws/install/turtlebot3_teleop:/home/terranova/uav_ws/install/turtlebot3_example:/home/terranova/uav_ws/install/opencv_tests:/home/terranova/uav_ws/install/joint_state_publisher_gui:/home/terranova/uav_ws/install/joint_state_publisher:/opt/ros/foxy /home/terranova/.local/bin/cmake /home/terranova/uav_ws/src/turtlebot3/turtlebot3/turtlebot3_navigation2 -DCMAKE_INSTALL_PREFIX=/home/terranova/uav_ws/install/turtlebot3_navigation2
[1.890s] Invoking command in '/home/terranova/uav_ws/build/turtlebot3_navigation2': CMAKE_PREFIX_PATH=${CMAKE_PREFIX_PATH}:/home/terranova/uav_ws/install/turtlebot3_teleop:/home/terranova/uav_ws/install/turtlebot3_example:/home/terranova/uav_ws/install/opencv_tests:/home/terranova/uav_ws/install/joint_state_publisher_gui:/home/terranova/uav_ws/install/joint_state_publisher:/opt/ros/foxy /home/terranova/.local/bin/cmake --build /home/terranova/uav_ws/build/turtlebot3_navigation2 -- -j4 -l4
[2.005s] Invoked command in '/home/terranova/uav_ws/build/turtlebot3_navigation2' returned '0': CMAKE_PREFIX_PATH=${CMAKE_PREFIX_PATH}:/home/terranova/uav_ws/install/turtlebot3_teleop:/home/terranova/uav_ws/install/turtlebot3_example:/home/terranova/uav_ws/install/opencv_tests:/home/terranova/uav_ws/install/joint_state_publisher_gui:/home/terranova/uav_ws/install/joint_state_publisher:/opt/ros/foxy /home/terranova/.local/bin/cmake --build /home/terranova/uav_ws/build/turtlebot3_navigation2 -- -j4 -l4
[2.129s] Invoking command in '/home/terranova/uav_ws/build/turtlebot3_navigation2': CMAKE_PREFIX_PATH=${CMAKE_PREFIX_PATH}:/home/terranova/uav_ws/install/turtlebot3_teleop:/home/terranova/uav_ws/install/turtlebot3_example:/home/terranova/uav_ws/install/opencv_tests:/home/terranova/uav_ws/install/joint_state_publisher_gui:/home/terranova/uav_ws/install/joint_state_publisher:/opt/ros/foxy /home/terranova/.local/bin/cmake --install /home/terranova/uav_ws/build/turtlebot3_navigation2
[2.206s] -- Install configuration: ""
[2.206s] -- Installing: /home/terranova/uav_ws/install/turtlebot3_navigation2/share/turtlebot3_navigation2/launch
[2.206s] -- Installing: /home/terranova/uav_ws/install/turtlebot3_navigation2/share/turtlebot3_navigation2/launch/navigation2.launch.py
[2.207s] -- Installing: /home/terranova/uav_ws/install/turtlebot3_navigation2/share/turtlebot3_navigation2/map
[2.207s] -- Installing: /home/terranova/uav_ws/install/turtlebot3_navigation2/share/turtlebot3_navigation2/map/turtlebot3_world.yaml
[2.218s] -- Installing: /home/terranova/uav_ws/install/turtlebot3_navigation2/share/turtlebot3_navigation2/map/turtlebot3_world.pgm
[2.230s] -- Installing: /home/terranova/uav_ws/install/turtlebot3_navigation2/share/turtlebot3_navigation2/param
[2.233s] -- Installing: /home/terranova/uav_ws/install/turtlebot3_navigation2/share/turtlebot3_navigation2/param/waffle_pi.yaml
[2.233s] -- Installing: /home/terranova/uav_ws/install/turtlebot3_navigation2/share/turtlebot3_navigation2/param/waffle.yaml
[2.233s] -- Installing: /home/terranova/uav_ws/install/turtlebot3_navigation2/share/turtlebot3_navigation2/param/burger.yaml
[2.234s] -- Installing: /home/terranova/uav_ws/install/turtlebot3_navigation2/share/turtlebot3_navigation2/rviz
[2.234s] -- Installing: /home/terranova/uav_ws/install/turtlebot3_navigation2/share/turtlebot3_navigation2/rviz/tb3_navigation2.rviz
[2.234s] -- Installing: /home/terranova/uav_ws/install/turtlebot3_navigation2/share/ament_index/resource_index/package_run_dependencies/turtlebot3_navigation2
[2.234s] -- Installing: /home/terranova/uav_ws/install/turtlebot3_navigation2/share/ament_index/resource_index/parent_prefix_path/turtlebot3_navigation2
[2.234s] -- Installing: /home/terranova/uav_ws/install/turtlebot3_navigation2/share/turtlebot3_navigation2/environment/ament_prefix_path.sh
[2.235s] -- Installing: /home/terranova/uav_ws/install/turtlebot3_navigation2/share/turtlebot3_navigation2/environment/ament_prefix_path.dsv
[2.235s] -- Installing: /home/terranova/uav_ws/install/turtlebot3_navigation2/share/turtlebot3_navigation2/environment/path.sh
[2.235s] -- Installing: /home/terranova/uav_ws/install/turtlebot3_navigation2/share/turtlebot3_navigation2/environment/path.dsv
[2.235s] -- Installing: /home/terranova/uav_ws/install/turtlebot3_navigation2/share/turtlebot3_navigation2/local_setup.bash
[2.236s] -- Installing: /home/terranova/uav_ws/install/turtlebot3_navigation2/share/turtlebot3_navigation2/local_setup.sh
[2.236s] -- Installing: /home/terranova/uav_ws/install/turtlebot3_navigation2/share/turtlebot3_navigation2/local_setup.zsh
[2.236s] -- Installing: /home/terranova/uav_ws/install/turtlebot3_navigation2/share/turtlebot3_navigation2/local_setup.dsv
[2.236s] -- Installing: /home/terranova/uav_ws/install/turtlebot3_navigation2/share/turtlebot3_navigation2/package.dsv
[2.236s] -- Installing: /home/terranova/uav_ws/install/turtlebot3_navigation2/share/ament_index/resource_index/packages/turtlebot3_navigation2
[2.237s] -- Installing: /home/terranova/uav_ws/install/turtlebot3_navigation2/share/turtlebot3_navigation2/cmake/turtlebot3_navigation2Config.cmake
[2.237s] -- Installing: /home/terranova/uav_ws/install/turtlebot3_navigation2/share/turtlebot3_navigation2/cmake/turtlebot3_navigation2Config-version.cmake
[2.237s] -- Installing: /home/terranova/uav_ws/install/turtlebot3_navigation2/share/turtlebot3_navigation2/package.xml
[2.247s] Invoked command in '/home/terranova/uav_ws/build/turtlebot3_navigation2' returned '0': CMAKE_PREFIX_PATH=${CMAKE_PREFIX_PATH}:/home/terranova/uav_ws/install/turtlebot3_teleop:/home/terranova/uav_ws/install/turtlebot3_example:/home/terranova/uav_ws/install/opencv_tests:/home/terranova/uav_ws/install/joint_state_publisher_gui:/home/terranova/uav_ws/install/joint_state_publisher:/opt/ros/foxy /home/terranova/.local/bin/cmake --install /home/terranova/uav_ws/build/turtlebot3_navigation2
