[0.182s] Invoking command in '/home/terranova/uav_ws/build/cv_bridge': CMAKE_PREFIX_PATH=/opt/ros/foxy /home/terranova/.local/bin/cmake --build /home/terranova/uav_ws/build/cv_bridge -- -j4 -l4
[1.026s] [ 18%] Built target cv_bridge
[1.161s] [ 31%] Built target gtest
[1.592s] [ 50%] Built target cv_bridge_boost
[1.809s] [ 62%] Built target gtest_main
[2.172s] [100%] Built target cv_bridge-utest
[2.490s] Invoked command in '/home/terranova/uav_ws/build/cv_bridge' returned '0': CMAKE_PREFIX_PATH=/opt/ros/foxy /home/terranova/.local/bin/cmake --build /home/terranova/uav_ws/build/cv_bridge -- -j4 -l4
[3.207s] Invoking command in '/home/terranova/uav_ws/build/cv_bridge': CMAKE_PREFIX_PATH=/opt/ros/foxy /home/terranova/.local/bin/cmake --install /home/terranova/uav_ws/build/cv_bridge
[3.686s] -- Install configuration: ""
[3.687s] -- Up-to-date: /home/terranova/uav_ws/install/cv_bridge/share/cv_bridge/environment/pythonpath.sh
[3.688s] -- Up-to-date: /home/terranova/uav_ws/install/cv_bridge/share/cv_bridge/environment/pythonpath.dsv
[3.692s] -- Up-to-date: /home/terranova/uav_ws/install/cv_bridge/lib/python3.8/site-packages/cv_bridge
[3.693s] -- Up-to-date: /home/terranova/uav_ws/install/cv_bridge/lib/python3.8/site-packages/cv_bridge/core.py
[3.693s] -- Up-to-date: /home/terranova/uav_ws/install/cv_bridge/lib/python3.8/site-packages/cv_bridge/__init__.py
[4.093s] Listing '/home/terranova/uav_ws/install/cv_bridge/lib/python3.8/site-packages/cv_bridge'...
[4.096s] Listing '/home/terranova/uav_ws/install/cv_bridge/lib/python3.8/site-packages/cv_bridge/boost'...
[4.162s] -- Up-to-date: /home/terranova/uav_ws/install/cv_bridge/share/cv_bridge/environment/library_path.sh
[4.163s] -- Up-to-date: /home/terranova/uav_ws/install/cv_bridge/share/cv_bridge/environment/library_path.dsv
[4.164s] -- Up-to-date: /home/terranova/uav_ws/install/cv_bridge/include/cv_bridge
[4.164s] -- Up-to-date: /home/terranova/uav_ws/install/cv_bridge/include/cv_bridge/cv_bridge.h
[4.165s] -- Up-to-date: /home/terranova/uav_ws/install/cv_bridge/include/cv_bridge/rgb_colors.h
[4.200s] -- Up-to-date: /home/terranova/uav_ws/install/cv_bridge/lib/libcv_bridge.so
[4.209s] -- Up-to-date: /home/terranova/uav_ws/install/cv_bridge/share/ament_index/resource_index/package_run_dependencies/cv_bridge
[4.210s] -- Up-to-date: /home/terranova/uav_ws/install/cv_bridge/share/ament_index/resource_index/parent_prefix_path/cv_bridge
[4.211s] -- Up-to-date: /home/terranova/uav_ws/install/cv_bridge/share/cv_bridge/environment/ament_prefix_path.sh
[4.211s] -- Up-to-date: /home/terranova/uav_ws/install/cv_bridge/share/cv_bridge/environment/ament_prefix_path.dsv
[4.258s] -- Up-to-date: /home/terranova/uav_ws/install/cv_bridge/share/cv_bridge/environment/path.sh
[4.260s] -- Up-to-date: /home/terranova/uav_ws/install/cv_bridge/share/cv_bridge/environment/path.dsv
[4.261s] -- Up-to-date: /home/terranova/uav_ws/install/cv_bridge/share/cv_bridge/local_setup.bash
[4.261s] -- Up-to-date: /home/terranova/uav_ws/install/cv_bridge/share/cv_bridge/local_setup.sh
[4.262s] -- Up-to-date: /home/terranova/uav_ws/install/cv_bridge/share/cv_bridge/local_setup.zsh
[4.262s] -- Up-to-date: /home/terranova/uav_ws/install/cv_bridge/share/cv_bridge/local_setup.dsv
[4.263s] -- Installing: /home/terranova/uav_ws/install/cv_bridge/share/cv_bridge/package.dsv
[4.263s] -- Up-to-date: /home/terranova/uav_ws/install/cv_bridge/share/ament_index/resource_index/packages/cv_bridge
[4.264s] -- Up-to-date: /home/terranova/uav_ws/install/cv_bridge/share/cv_bridge/cmake/cv_bridge-extras.cmake
[4.293s] -- Up-to-date: /home/terranova/uav_ws/install/cv_bridge/share/cv_bridge/cmake/ament_cmake_export_dependencies-extras.cmake
[4.294s] -- Up-to-date: /home/terranova/uav_ws/install/cv_bridge/share/cv_bridge/cmake/ament_cmake_export_include_directories-extras.cmake
[4.295s] -- Up-to-date: /home/terranova/uav_ws/install/cv_bridge/share/cv_bridge/cmake/ament_cmake_export_libraries-extras.cmake
[4.295s] -- Up-to-date: /home/terranova/uav_ws/install/cv_bridge/share/cv_bridge/cmake/cv_bridgeConfig.cmake
[4.296s] -- Up-to-date: /home/terranova/uav_ws/install/cv_bridge/share/cv_bridge/cmake/cv_bridgeConfig-version.cmake
[4.322s] -- Up-to-date: /home/terranova/uav_ws/install/cv_bridge/share/cv_bridge/package.xml
[4.322s] -- Up-to-date: /home/terranova/uav_ws/install/cv_bridge/lib/libcv_bridge.so
[4.323s] -- Up-to-date: /home/terranova/uav_ws/install/cv_bridge/include/cv_bridge/cv_bridge_export.h
[4.329s] -- Up-to-date: /home/terranova/uav_ws/install/cv_bridge/lib/python3.8/site-packages/cv_bridge/boost/cv_bridge_boost.so
[4.330s] Invoked command in '/home/terranova/uav_ws/build/cv_bridge' returned '0': CMAKE_PREFIX_PATH=/opt/ros/foxy /home/terranova/.local/bin/cmake --install /home/terranova/uav_ws/build/cv_bridge
