[0.049s] Invoking command in '/home/terranova/uav_ws/build/turtlebot3_bringup': AMENT_PREFIX_PATH=/home/terranova/uav_ws/install/turtlebot3_node:/home/terranova/uav_ws/install/turtlebot3_msgs:/home/terranova/uav_ws/install/turtlebot3_description:/home/terranova/uav_ws/install/hls_lfcd_lds_driver:/home/terranova/uav_ws/install/dynamixel_sdk:${AMENT_PREFIX_PATH} CMAKE_PREFIX_PATH=/home/terranova/uav_ws/install/turtlebot3_node:/home/terranova/uav_ws/install/turtlebot3_msgs:/home/terranova/uav_ws/install/turtlebot3_description:/home/terranova/uav_ws/install/hls_lfcd_lds_driver:/home/terranova/uav_ws/install/dynamixel_sdk:/opt/ros/foxy LD_LIBRARY_PATH=/home/terranova/uav_ws/install/turtlebot3_msgs/lib:/home/terranova/uav_ws/install/dynamixel_sdk/lib:/opt/ros/foxy/opt/yaml_cpp_vendor/lib:/opt/ros/foxy/opt/rviz_ogre_vendor/lib:/opt/ros/foxy/lib/x86_64-linux-gnu:/opt/ros/foxy/lib:/usr/lib/x86_64-linux-gnu/gazebo-11/plugins:/usr/lib/x86_64-linux-gnu/gazebo-11/plugins:/usr/lib/x86_64-linux-gnu/gazebo-11/plugins PYTHONPATH=/home/terranova/uav_ws/install/turtlebot3_msgs/lib/python3.8/site-packages:/opt/ros/foxy/lib/python3.8/site-packages:/home/terranova/.local/bin /home/terranova/.local/bin/cmake /home/terranova/uav_ws/src/turtlebot3/turtlebot3/turtlebot3_bringup -DCMAKE_INSTALL_PREFIX=/home/terranova/uav_ws/install/turtlebot3_bringup
[0.244s] -- The C compiler identification is GNU 9.4.0
[0.393s] -- The CXX compiler identification is GNU 9.4.0
[0.463s] -- Detecting C compiler ABI info
[0.618s] -- Detecting C compiler ABI info - done
[0.648s] -- Check for working C compiler: /usr/lib/ccache/cc - skipped
[0.648s] -- Detecting C compile features
[0.650s] -- Detecting C compile features - done
[0.706s] -- Detecting CXX compiler ABI info
[0.871s] -- Detecting CXX compiler ABI info - done
[0.897s] -- Check for working CXX compiler: /usr/lib/ccache/c++ - skipped
[0.897s] -- Detecting CXX compile features
[0.901s] -- Detecting CXX compile features - done
[0.905s] -- Found ament_cmake: 0.9.12 (/opt/ros/foxy/share/ament_cmake/cmake)
[0.913s] [33mCMake Warning (dev) at /opt/ros/foxy/share/ament_cmake_core/cmake/core/python.cmake:22 (find_package):
[0.913s]   Policy CMP0148 is not set: The FindPythonInterp and FindPythonLibs modules
[0.914s]   are removed.  Run "cmake --help-policy CMP0148" for policy details.  Use
[0.914s]   the cmake_policy command to set the policy and suppress this warning.
[0.914s] 
[0.914s] Call Stack (most recent call first):
[0.914s]   /opt/ros/foxy/share/ament_cmake_core/cmake/core/all.cmake:53 (include)
[0.915s]   /opt/ros/foxy/share/ament_cmake_core/cmake/ament_cmake_core-extras.cmake:17 (include)
[0.915s]   /opt/ros/foxy/share/ament_cmake_core/cmake/ament_cmake_coreConfig.cmake:41 (include)
[0.915s]   /opt/ros/foxy/share/ament_cmake/cmake/ament_cmake_export_dependencies-extras.cmake:15 (find_package)
[0.915s]   /opt/ros/foxy/share/ament_cmake/cmake/ament_cmakeConfig.cmake:41 (include)
[0.915s]   CMakeLists.txt:18 (find_package)
[0.915s] This warning is for project developers.  Use -Wno-dev to suppress it.
[0.916s] [0m
[0.956s] -- Found PythonInterp: /usr/bin/python3 (found suitable version "3.8.10", minimum required is "3") 
[0.956s] -- Using PYTHON_EXECUTABLE: /usr/bin/python3
[1.755s] -- Configuring done (1.6s)
[1.755s] -- Generating done (0.0s)
[1.757s] -- Build files have been written to: /home/terranova/uav_ws/build/turtlebot3_bringup
[1.776s] Invoked command in '/home/terranova/uav_ws/build/turtlebot3_bringup' returned '0': AMENT_PREFIX_PATH=/home/terranova/uav_ws/install/turtlebot3_node:/home/terranova/uav_ws/install/turtlebot3_msgs:/home/terranova/uav_ws/install/turtlebot3_description:/home/terranova/uav_ws/install/hls_lfcd_lds_driver:/home/terranova/uav_ws/install/dynamixel_sdk:${AMENT_PREFIX_PATH} CMAKE_PREFIX_PATH=/home/terranova/uav_ws/install/turtlebot3_node:/home/terranova/uav_ws/install/turtlebot3_msgs:/home/terranova/uav_ws/install/turtlebot3_description:/home/terranova/uav_ws/install/hls_lfcd_lds_driver:/home/terranova/uav_ws/install/dynamixel_sdk:/opt/ros/foxy LD_LIBRARY_PATH=/home/terranova/uav_ws/install/turtlebot3_msgs/lib:/home/terranova/uav_ws/install/dynamixel_sdk/lib:/opt/ros/foxy/opt/yaml_cpp_vendor/lib:/opt/ros/foxy/opt/rviz_ogre_vendor/lib:/opt/ros/foxy/lib/x86_64-linux-gnu:/opt/ros/foxy/lib:/usr/lib/x86_64-linux-gnu/gazebo-11/plugins:/usr/lib/x86_64-linux-gnu/gazebo-11/plugins:/usr/lib/x86_64-linux-gnu/gazebo-11/plugins PYTHONPATH=/home/terranova/uav_ws/install/turtlebot3_msgs/lib/python3.8/site-packages:/opt/ros/foxy/lib/python3.8/site-packages:/home/terranova/.local/bin /home/terranova/.local/bin/cmake /home/terranova/uav_ws/src/turtlebot3/turtlebot3/turtlebot3_bringup -DCMAKE_INSTALL_PREFIX=/home/terranova/uav_ws/install/turtlebot3_bringup
[1.783s] Invoking command in '/home/terranova/uav_ws/build/turtlebot3_bringup': AMENT_PREFIX_PATH=/home/terranova/uav_ws/install/turtlebot3_node:/home/terranova/uav_ws/install/turtlebot3_msgs:/home/terranova/uav_ws/install/turtlebot3_description:/home/terranova/uav_ws/install/hls_lfcd_lds_driver:/home/terranova/uav_ws/install/dynamixel_sdk:${AMENT_PREFIX_PATH} CMAKE_PREFIX_PATH=/home/terranova/uav_ws/install/turtlebot3_node:/home/terranova/uav_ws/install/turtlebot3_msgs:/home/terranova/uav_ws/install/turtlebot3_description:/home/terranova/uav_ws/install/hls_lfcd_lds_driver:/home/terranova/uav_ws/install/dynamixel_sdk:/opt/ros/foxy LD_LIBRARY_PATH=/home/terranova/uav_ws/install/turtlebot3_msgs/lib:/home/terranova/uav_ws/install/dynamixel_sdk/lib:/opt/ros/foxy/opt/yaml_cpp_vendor/lib:/opt/ros/foxy/opt/rviz_ogre_vendor/lib:/opt/ros/foxy/lib/x86_64-linux-gnu:/opt/ros/foxy/lib:/usr/lib/x86_64-linux-gnu/gazebo-11/plugins:/usr/lib/x86_64-linux-gnu/gazebo-11/plugins:/usr/lib/x86_64-linux-gnu/gazebo-11/plugins PYTHONPATH=/home/terranova/uav_ws/install/turtlebot3_msgs/lib/python3.8/site-packages:/opt/ros/foxy/lib/python3.8/site-packages:/home/terranova/.local/bin /home/terranova/.local/bin/cmake --build /home/terranova/uav_ws/build/turtlebot3_bringup -- -j4 -l4
[1.860s] Invoked command in '/home/terranova/uav_ws/build/turtlebot3_bringup' returned '0': AMENT_PREFIX_PATH=/home/terranova/uav_ws/install/turtlebot3_node:/home/terranova/uav_ws/install/turtlebot3_msgs:/home/terranova/uav_ws/install/turtlebot3_description:/home/terranova/uav_ws/install/hls_lfcd_lds_driver:/home/terranova/uav_ws/install/dynamixel_sdk:${AMENT_PREFIX_PATH} CMAKE_PREFIX_PATH=/home/terranova/uav_ws/install/turtlebot3_node:/home/terranova/uav_ws/install/turtlebot3_msgs:/home/terranova/uav_ws/install/turtlebot3_description:/home/terranova/uav_ws/install/hls_lfcd_lds_driver:/home/terranova/uav_ws/install/dynamixel_sdk:/opt/ros/foxy LD_LIBRARY_PATH=/home/terranova/uav_ws/install/turtlebot3_msgs/lib:/home/terranova/uav_ws/install/dynamixel_sdk/lib:/opt/ros/foxy/opt/yaml_cpp_vendor/lib:/opt/ros/foxy/opt/rviz_ogre_vendor/lib:/opt/ros/foxy/lib/x86_64-linux-gnu:/opt/ros/foxy/lib:/usr/lib/x86_64-linux-gnu/gazebo-11/plugins:/usr/lib/x86_64-linux-gnu/gazebo-11/plugins:/usr/lib/x86_64-linux-gnu/gazebo-11/plugins PYTHONPATH=/home/terranova/uav_ws/install/turtlebot3_msgs/lib/python3.8/site-packages:/opt/ros/foxy/lib/python3.8/site-packages:/home/terranova/.local/bin /home/terranova/.local/bin/cmake --build /home/terranova/uav_ws/build/turtlebot3_bringup -- -j4 -l4
[1.960s] Invoking command in '/home/terranova/uav_ws/build/turtlebot3_bringup': AMENT_PREFIX_PATH=/home/terranova/uav_ws/install/turtlebot3_node:/home/terranova/uav_ws/install/turtlebot3_msgs:/home/terranova/uav_ws/install/turtlebot3_description:/home/terranova/uav_ws/install/hls_lfcd_lds_driver:/home/terranova/uav_ws/install/dynamixel_sdk:${AMENT_PREFIX_PATH} CMAKE_PREFIX_PATH=/home/terranova/uav_ws/install/turtlebot3_node:/home/terranova/uav_ws/install/turtlebot3_msgs:/home/terranova/uav_ws/install/turtlebot3_description:/home/terranova/uav_ws/install/hls_lfcd_lds_driver:/home/terranova/uav_ws/install/dynamixel_sdk:/opt/ros/foxy LD_LIBRARY_PATH=/home/terranova/uav_ws/install/turtlebot3_msgs/lib:/home/terranova/uav_ws/install/dynamixel_sdk/lib:/opt/ros/foxy/opt/yaml_cpp_vendor/lib:/opt/ros/foxy/opt/rviz_ogre_vendor/lib:/opt/ros/foxy/lib/x86_64-linux-gnu:/opt/ros/foxy/lib:/usr/lib/x86_64-linux-gnu/gazebo-11/plugins:/usr/lib/x86_64-linux-gnu/gazebo-11/plugins:/usr/lib/x86_64-linux-gnu/gazebo-11/plugins PYTHONPATH=/home/terranova/uav_ws/install/turtlebot3_msgs/lib/python3.8/site-packages:/opt/ros/foxy/lib/python3.8/site-packages:/home/terranova/.local/bin /home/terranova/.local/bin/cmake --install /home/terranova/uav_ws/build/turtlebot3_bringup
[2.029s] -- Install configuration: ""
[2.030s] -- Installing: /home/terranova/uav_ws/install/turtlebot3_bringup/share/turtlebot3_bringup/launch
[2.030s] -- Installing: /home/terranova/uav_ws/install/turtlebot3_bringup/share/turtlebot3_bringup/launch/turtlebot3_state_publisher.launch.py
[2.031s] -- Installing: /home/terranova/uav_ws/install/turtlebot3_bringup/share/turtlebot3_bringup/launch/rviz2.launch.py
[2.032s] -- Installing: /home/terranova/uav_ws/install/turtlebot3_bringup/share/turtlebot3_bringup/launch/robot.launch.py
[2.032s] -- Installing: /home/terranova/uav_ws/install/turtlebot3_bringup/share/turtlebot3_bringup/param
[2.033s] -- Installing: /home/terranova/uav_ws/install/turtlebot3_bringup/share/turtlebot3_bringup/param/waffle_pi.yaml
[2.039s] -- Installing: /home/terranova/uav_ws/install/turtlebot3_bringup/share/turtlebot3_bringup/param/waffle.yaml
[2.040s] -- Installing: /home/terranova/uav_ws/install/turtlebot3_bringup/share/turtlebot3_bringup/param/burger.yaml
[2.041s] -- Installing: /home/terranova/uav_ws/install/turtlebot3_bringup/share/turtlebot3_bringup/script
[2.042s] -- Installing: /home/terranova/uav_ws/install/turtlebot3_bringup/share/turtlebot3_bringup/script/99-turtlebot3-cdc.rules
[2.043s] -- Installing: /home/terranova/uav_ws/install/turtlebot3_bringup/share/turtlebot3_bringup/script/create_udev_rules
[2.044s] -- Installing: /home/terranova/uav_ws/install/turtlebot3_bringup/share/ament_index/resource_index/package_run_dependencies/turtlebot3_bringup
[2.045s] -- Installing: /home/terranova/uav_ws/install/turtlebot3_bringup/share/ament_index/resource_index/parent_prefix_path/turtlebot3_bringup
[2.046s] -- Installing: /home/terranova/uav_ws/install/turtlebot3_bringup/share/turtlebot3_bringup/environment/ament_prefix_path.sh
[2.046s] -- Installing: /home/terranova/uav_ws/install/turtlebot3_bringup/share/turtlebot3_bringup/environment/ament_prefix_path.dsv
[2.047s] -- Installing: /home/terranova/uav_ws/install/turtlebot3_bringup/share/turtlebot3_bringup/environment/path.sh
[2.047s] -- Installing: /home/terranova/uav_ws/install/turtlebot3_bringup/share/turtlebot3_bringup/environment/path.dsv
[2.047s] -- Installing: /home/terranova/uav_ws/install/turtlebot3_bringup/share/turtlebot3_bringup/local_setup.bash
[2.048s] -- Installing: /home/terranova/uav_ws/install/turtlebot3_bringup/share/turtlebot3_bringup/local_setup.sh
[2.048s] -- Installing: /home/terranova/uav_ws/install/turtlebot3_bringup/share/turtlebot3_bringup/local_setup.zsh
[2.048s] -- Installing: /home/terranova/uav_ws/install/turtlebot3_bringup/share/turtlebot3_bringup/local_setup.dsv
[2.049s] -- Installing: /home/terranova/uav_ws/install/turtlebot3_bringup/share/turtlebot3_bringup/package.dsv
[2.049s] -- Installing: /home/terranova/uav_ws/install/turtlebot3_bringup/share/ament_index/resource_index/packages/turtlebot3_bringup
[2.049s] -- Installing: /home/terranova/uav_ws/install/turtlebot3_bringup/share/turtlebot3_bringup/cmake/turtlebot3_bringupConfig.cmake
[2.050s] -- Installing: /home/terranova/uav_ws/install/turtlebot3_bringup/share/turtlebot3_bringup/cmake/turtlebot3_bringupConfig-version.cmake
[2.050s] -- Installing: /home/terranova/uav_ws/install/turtlebot3_bringup/share/turtlebot3_bringup/package.xml
[2.060s] Invoked command in '/home/terranova/uav_ws/build/turtlebot3_bringup' returned '0': AMENT_PREFIX_PATH=/home/terranova/uav_ws/install/turtlebot3_node:/home/terranova/uav_ws/install/turtlebot3_msgs:/home/terranova/uav_ws/install/turtlebot3_description:/home/terranova/uav_ws/install/hls_lfcd_lds_driver:/home/terranova/uav_ws/install/dynamixel_sdk:${AMENT_PREFIX_PATH} CMAKE_PREFIX_PATH=/home/terranova/uav_ws/install/turtlebot3_node:/home/terranova/uav_ws/install/turtlebot3_msgs:/home/terranova/uav_ws/install/turtlebot3_description:/home/terranova/uav_ws/install/hls_lfcd_lds_driver:/home/terranova/uav_ws/install/dynamixel_sdk:/opt/ros/foxy LD_LIBRARY_PATH=/home/terranova/uav_ws/install/turtlebot3_msgs/lib:/home/terranova/uav_ws/install/dynamixel_sdk/lib:/opt/ros/foxy/opt/yaml_cpp_vendor/lib:/opt/ros/foxy/opt/rviz_ogre_vendor/lib:/opt/ros/foxy/lib/x86_64-linux-gnu:/opt/ros/foxy/lib:/usr/lib/x86_64-linux-gnu/gazebo-11/plugins:/usr/lib/x86_64-linux-gnu/gazebo-11/plugins:/usr/lib/x86_64-linux-gnu/gazebo-11/plugins PYTHONPATH=/home/terranova/uav_ws/install/turtlebot3_msgs/lib/python3.8/site-packages:/opt/ros/foxy/lib/python3.8/site-packages:/home/terranova/.local/bin /home/terranova/.local/bin/cmake --install /home/terranova/uav_ws/build/turtlebot3_bringup
