[0.075s] Invoking command in '/home/terranova/uav_ws/build/cv_bridge': CMAKE_PREFIX_PATH=/home/terranova/uav_ws/install/vision_opencv:/home/terranova/uav_ws/install/uav_gazebo:/home/terranova/uav_ws/install/uav_cartographer:/home/terranova/uav_ws/install/turtlebot3:/home/terranova/uav_ws/install/turtlebot3_simulations:/home/terranova/uav_ws/install/turtlebot3_bringup:/home/terranova/uav_ws/install/turtlebot3_node:/home/terranova/uav_ws/install/turtlebot3_navigation2:/home/terranova/uav_ws/install/turtlebot3_fake_node:/home/terranova/uav_ws/install/turtlebot3_msgs:/home/terranova/uav_ws/install/turtlebot3_gazebo:/home/terranova/uav_ws/install/turtlebot3_description:/home/terranova/uav_ws/install/turtlebot3_cartographer:/home/terranova/uav_ws/install/turtlebot3_teleop:/home/terranova/uav_ws/install/turtlebot3_example:/home/terranova/uav_ws/install/opencv_tests:/home/terranova/uav_ws/install/joint_state_publisher_gui:/home/terranova/uav_ws/install/joint_state_publisher:/opt/ros/foxy:/home/terranova/uav_ws/install/realsense_gazebo_plugin:/home/terranova/uav_ws/install/perception_pcl:/home/terranova/uav_ws/install/pcl_ros:/home/terranova/uav_ws/install/pcl_conversions:/home/terranova/uav_ws/install/pcl_msgs:/home/terranova/uav_ws/install/image_geometry:/home/terranova/uav_ws/install/hls_lfcd_lds_driver:/home/terranova/uav_ws/install/gazebo_ros_pkgs:/home/terranova/uav_ws/install/gazebo_plugins:/home/terranova/uav_ws/install/gazebo_ros:/home/terranova/uav_ws/install/gazebo_msgs:/home/terranova/uav_ws/install/gazebo_dev:/home/terranova/uav_ws/install/dynamixel_sdk_examples:/home/terranova/uav_ws/install/dynamixel_sdk_custom_interfaces:/home/terranova/uav_ws/install/dynamixel_sdk:/home/terranova/uav_ws/install/cv_bridge:/home/terranova/uav_ws/install/absl /home/terranova/.local/bin/cmake --build /home/terranova/uav_ws/build/cv_bridge -- -j4 -l4
[0.485s] [ 12%] Built target gtest
[0.491s] [ 25%] Built target gtest_main
[0.517s] [ 43%] Built target cv_bridge
[0.703s] [ 81%] Built target cv_bridge-utest
[0.893s] [100%] Built target cv_bridge_boost
[0.953s] Invoked command in '/home/terranova/uav_ws/build/cv_bridge' returned '0': CMAKE_PREFIX_PATH=/home/terranova/uav_ws/install/vision_opencv:/home/terranova/uav_ws/install/uav_gazebo:/home/terranova/uav_ws/install/uav_cartographer:/home/terranova/uav_ws/install/turtlebot3:/home/terranova/uav_ws/install/turtlebot3_simulations:/home/terranova/uav_ws/install/turtlebot3_bringup:/home/terranova/uav_ws/install/turtlebot3_node:/home/terranova/uav_ws/install/turtlebot3_navigation2:/home/terranova/uav_ws/install/turtlebot3_fake_node:/home/terranova/uav_ws/install/turtlebot3_msgs:/home/terranova/uav_ws/install/turtlebot3_gazebo:/home/terranova/uav_ws/install/turtlebot3_description:/home/terranova/uav_ws/install/turtlebot3_cartographer:/home/terranova/uav_ws/install/turtlebot3_teleop:/home/terranova/uav_ws/install/turtlebot3_example:/home/terranova/uav_ws/install/opencv_tests:/home/terranova/uav_ws/install/joint_state_publisher_gui:/home/terranova/uav_ws/install/joint_state_publisher:/opt/ros/foxy:/home/terranova/uav_ws/install/realsense_gazebo_plugin:/home/terranova/uav_ws/install/perception_pcl:/home/terranova/uav_ws/install/pcl_ros:/home/terranova/uav_ws/install/pcl_conversions:/home/terranova/uav_ws/install/pcl_msgs:/home/terranova/uav_ws/install/image_geometry:/home/terranova/uav_ws/install/hls_lfcd_lds_driver:/home/terranova/uav_ws/install/gazebo_ros_pkgs:/home/terranova/uav_ws/install/gazebo_plugins:/home/terranova/uav_ws/install/gazebo_ros:/home/terranova/uav_ws/install/gazebo_msgs:/home/terranova/uav_ws/install/gazebo_dev:/home/terranova/uav_ws/install/dynamixel_sdk_examples:/home/terranova/uav_ws/install/dynamixel_sdk_custom_interfaces:/home/terranova/uav_ws/install/dynamixel_sdk:/home/terranova/uav_ws/install/cv_bridge:/home/terranova/uav_ws/install/absl /home/terranova/.local/bin/cmake --build /home/terranova/uav_ws/build/cv_bridge -- -j4 -l4
[1.212s] Invoking command in '/home/terranova/uav_ws/build/cv_bridge': CMAKE_PREFIX_PATH=/home/terranova/uav_ws/install/vision_opencv:/home/terranova/uav_ws/install/uav_gazebo:/home/terranova/uav_ws/install/uav_cartographer:/home/terranova/uav_ws/install/turtlebot3:/home/terranova/uav_ws/install/turtlebot3_simulations:/home/terranova/uav_ws/install/turtlebot3_bringup:/home/terranova/uav_ws/install/turtlebot3_node:/home/terranova/uav_ws/install/turtlebot3_navigation2:/home/terranova/uav_ws/install/turtlebot3_fake_node:/home/terranova/uav_ws/install/turtlebot3_msgs:/home/terranova/uav_ws/install/turtlebot3_gazebo:/home/terranova/uav_ws/install/turtlebot3_description:/home/terranova/uav_ws/install/turtlebot3_cartographer:/home/terranova/uav_ws/install/turtlebot3_teleop:/home/terranova/uav_ws/install/turtlebot3_example:/home/terranova/uav_ws/install/opencv_tests:/home/terranova/uav_ws/install/joint_state_publisher_gui:/home/terranova/uav_ws/install/joint_state_publisher:/opt/ros/foxy:/home/terranova/uav_ws/install/realsense_gazebo_plugin:/home/terranova/uav_ws/install/perception_pcl:/home/terranova/uav_ws/install/pcl_ros:/home/terranova/uav_ws/install/pcl_conversions:/home/terranova/uav_ws/install/pcl_msgs:/home/terranova/uav_ws/install/image_geometry:/home/terranova/uav_ws/install/hls_lfcd_lds_driver:/home/terranova/uav_ws/install/gazebo_ros_pkgs:/home/terranova/uav_ws/install/gazebo_plugins:/home/terranova/uav_ws/install/gazebo_ros:/home/terranova/uav_ws/install/gazebo_msgs:/home/terranova/uav_ws/install/gazebo_dev:/home/terranova/uav_ws/install/dynamixel_sdk_examples:/home/terranova/uav_ws/install/dynamixel_sdk_custom_interfaces:/home/terranova/uav_ws/install/dynamixel_sdk:/home/terranova/uav_ws/install/cv_bridge:/home/terranova/uav_ws/install/absl /home/terranova/.local/bin/cmake --install /home/terranova/uav_ws/build/cv_bridge
[1.303s] -- Install configuration: ""
[1.304s] -- Up-to-date: /home/terranova/uav_ws/install/cv_bridge/share/cv_bridge/environment/pythonpath.sh
[1.304s] -- Up-to-date: /home/terranova/uav_ws/install/cv_bridge/share/cv_bridge/environment/pythonpath.dsv
[1.305s] -- Up-to-date: /home/terranova/uav_ws/install/cv_bridge/lib/python3.8/site-packages/cv_bridge
[1.306s] -- Up-to-date: /home/terranova/uav_ws/install/cv_bridge/lib/python3.8/site-packages/cv_bridge/core.py
[1.306s] -- Up-to-date: /home/terranova/uav_ws/install/cv_bridge/lib/python3.8/site-packages/cv_bridge/__init__.py
[1.420s] Listing '/home/terranova/uav_ws/install/cv_bridge/lib/python3.8/site-packages/cv_bridge'...
[1.420s] Listing '/home/terranova/uav_ws/install/cv_bridge/lib/python3.8/site-packages/cv_bridge/boost'...
[1.434s] -- Up-to-date: /home/terranova/uav_ws/install/cv_bridge/share/cv_bridge/environment/library_path.sh
[1.434s] -- Up-to-date: /home/terranova/uav_ws/install/cv_bridge/share/cv_bridge/environment/library_path.dsv
[1.435s] -- Up-to-date: /home/terranova/uav_ws/install/cv_bridge/include/cv_bridge
[1.436s] -- Up-to-date: /home/terranova/uav_ws/install/cv_bridge/include/cv_bridge/cv_bridge.h
[1.436s] -- Up-to-date: /home/terranova/uav_ws/install/cv_bridge/include/cv_bridge/rgb_colors.h
[1.438s] -- Up-to-date: /home/terranova/uav_ws/install/cv_bridge/lib/libcv_bridge.so
[1.439s] -- Up-to-date: /home/terranova/uav_ws/install/cv_bridge/share/ament_index/resource_index/package_run_dependencies/cv_bridge
[1.439s] -- Up-to-date: /home/terranova/uav_ws/install/cv_bridge/share/ament_index/resource_index/parent_prefix_path/cv_bridge
[1.439s] -- Up-to-date: /home/terranova/uav_ws/install/cv_bridge/share/cv_bridge/environment/ament_prefix_path.sh
[1.440s] -- Up-to-date: /home/terranova/uav_ws/install/cv_bridge/share/cv_bridge/environment/ament_prefix_path.dsv
[1.440s] -- Up-to-date: /home/terranova/uav_ws/install/cv_bridge/share/cv_bridge/environment/path.sh
[1.441s] -- Up-to-date: /home/terranova/uav_ws/install/cv_bridge/share/cv_bridge/environment/path.dsv
[1.441s] -- Up-to-date: /home/terranova/uav_ws/install/cv_bridge/share/cv_bridge/local_setup.bash
[1.441s] -- Up-to-date: /home/terranova/uav_ws/install/cv_bridge/share/cv_bridge/local_setup.sh
[1.441s] -- Up-to-date: /home/terranova/uav_ws/install/cv_bridge/share/cv_bridge/local_setup.zsh
[1.442s] -- Up-to-date: /home/terranova/uav_ws/install/cv_bridge/share/cv_bridge/local_setup.dsv
[1.442s] -- Installing: /home/terranova/uav_ws/install/cv_bridge/share/cv_bridge/package.dsv
[1.442s] -- Up-to-date: /home/terranova/uav_ws/install/cv_bridge/share/ament_index/resource_index/packages/cv_bridge
[1.443s] -- Up-to-date: /home/terranova/uav_ws/install/cv_bridge/share/cv_bridge/cmake/cv_bridge-extras.cmake
[1.443s] -- Up-to-date: /home/terranova/uav_ws/install/cv_bridge/share/cv_bridge/cmake/ament_cmake_export_dependencies-extras.cmake
[1.444s] -- Up-to-date: /home/terranova/uav_ws/install/cv_bridge/share/cv_bridge/cmake/ament_cmake_export_include_directories-extras.cmake
[1.444s] -- Up-to-date: /home/terranova/uav_ws/install/cv_bridge/share/cv_bridge/cmake/ament_cmake_export_libraries-extras.cmake
[1.444s] -- Up-to-date: /home/terranova/uav_ws/install/cv_bridge/share/cv_bridge/cmake/cv_bridgeConfig.cmake
[1.444s] -- Up-to-date: /home/terranova/uav_ws/install/cv_bridge/share/cv_bridge/cmake/cv_bridgeConfig-version.cmake
[1.445s] -- Up-to-date: /home/terranova/uav_ws/install/cv_bridge/share/cv_bridge/package.xml
[1.445s] -- Up-to-date: /home/terranova/uav_ws/install/cv_bridge/lib/libcv_bridge.so
[1.445s] -- Up-to-date: /home/terranova/uav_ws/install/cv_bridge/include/cv_bridge/cv_bridge_export.h
[1.446s] -- Up-to-date: /home/terranova/uav_ws/install/cv_bridge/lib/python3.8/site-packages/cv_bridge/boost/cv_bridge_boost.so
[1.477s] Invoked command in '/home/terranova/uav_ws/build/cv_bridge' returned '0': CMAKE_PREFIX_PATH=/home/terranova/uav_ws/install/vision_opencv:/home/terranova/uav_ws/install/uav_gazebo:/home/terranova/uav_ws/install/uav_cartographer:/home/terranova/uav_ws/install/turtlebot3:/home/terranova/uav_ws/install/turtlebot3_simulations:/home/terranova/uav_ws/install/turtlebot3_bringup:/home/terranova/uav_ws/install/turtlebot3_node:/home/terranova/uav_ws/install/turtlebot3_navigation2:/home/terranova/uav_ws/install/turtlebot3_fake_node:/home/terranova/uav_ws/install/turtlebot3_msgs:/home/terranova/uav_ws/install/turtlebot3_gazebo:/home/terranova/uav_ws/install/turtlebot3_description:/home/terranova/uav_ws/install/turtlebot3_cartographer:/home/terranova/uav_ws/install/turtlebot3_teleop:/home/terranova/uav_ws/install/turtlebot3_example:/home/terranova/uav_ws/install/opencv_tests:/home/terranova/uav_ws/install/joint_state_publisher_gui:/home/terranova/uav_ws/install/joint_state_publisher:/opt/ros/foxy:/home/terranova/uav_ws/install/realsense_gazebo_plugin:/home/terranova/uav_ws/install/perception_pcl:/home/terranova/uav_ws/install/pcl_ros:/home/terranova/uav_ws/install/pcl_conversions:/home/terranova/uav_ws/install/pcl_msgs:/home/terranova/uav_ws/install/image_geometry:/home/terranova/uav_ws/install/hls_lfcd_lds_driver:/home/terranova/uav_ws/install/gazebo_ros_pkgs:/home/terranova/uav_ws/install/gazebo_plugins:/home/terranova/uav_ws/install/gazebo_ros:/home/terranova/uav_ws/install/gazebo_msgs:/home/terranova/uav_ws/install/gazebo_dev:/home/terranova/uav_ws/install/dynamixel_sdk_examples:/home/terranova/uav_ws/install/dynamixel_sdk_custom_interfaces:/home/terranova/uav_ws/install/dynamixel_sdk:/home/terranova/uav_ws/install/cv_bridge:/home/terranova/uav_ws/install/absl /home/terranova/.local/bin/cmake --install /home/terranova/uav_ws/build/cv_bridge
