[0.025s] Invoking command in '/home/terranova/uav_ws/build/gazebo_ros': CMAKE_PREFIX_PATH=/home/terranova/uav_ws/install/gazebo_msgs:/home/terranova/uav_ws/install/gazebo_dev:/home/terranova/uav_ws/install/cartographer_ros_msgs:/home/terranova/uav_ws/install/vision_opencv:/home/terranova/uav_ws/install/uav_gazebo:/home/terranova/uav_ws/install/uav_cartographer:/home/terranova/uav_ws/install/turtlebot3:/home/terranova/uav_ws/install/turtlebot3_simulations:/home/terranova/uav_ws/install/turtlebot3_bringup:/home/terranova/uav_ws/install/turtlebot3_node:/home/terranova/uav_ws/install/turtlebot3_navigation2:/home/terranova/uav_ws/install/turtlebot3_fake_node:/home/terranova/uav_ws/install/turtlebot3_msgs:/home/terranova/uav_ws/install/turtlebot3_gazebo:/home/terranova/uav_ws/install/turtlebot3_description:/home/terranova/uav_ws/install/turtlebot3_cartographer:/home/terranova/uav_ws/install/realsense_gazebo_plugin:/home/terranova/uav_ws/install/perception_pcl:/home/terranova/uav_ws/install/pcl_ros:/home/terranova/uav_ws/install/pcl_conversions:/home/terranova/uav_ws/install/pcl_msgs:/home/terranova/uav_ws/install/image_geometry:/home/terranova/uav_ws/install/hls_lfcd_lds_driver:/home/terranova/uav_ws/install/gazebo_ros_pkgs:/home/terranova/uav_ws/install/gazebo_plugins:/home/terranova/uav_ws/install/gazebo_ros:/home/terranova/uav_ws/install/dynamixel_sdk_examples:/home/terranova/uav_ws/install/dynamixel_sdk_custom_interfaces:/home/terranova/uav_ws/install/dynamixel_sdk:/home/terranova/uav_ws/install/cv_bridge:/home/terranova/uav_ws/install/absl:/home/terranova/uav_ws/install/turtlebot3_teleop:/home/terranova/uav_ws/install/turtlebot3_example:/home/terranova/uav_ws/install/opencv_tests:/home/terranova/uav_ws/install/joint_state_publisher_gui:/home/terranova/uav_ws/install/joint_state_publisher:/opt/ros/foxy LD_LIBRARY_PATH=/home/terranova/uav_ws/install/gazebo_msgs/lib:/home/terranova/uav_ws/install/cartographer_ros_msgs/lib:/home/terranova/uav_ws/install/turtlebot3_msgs/lib:/home/terranova/uav_ws/install/realsense_gazebo_plugin/lib:/home/terranova/uav_ws/install/pcl_ros/lib:/home/terranova/uav_ws/install/pcl_msgs/lib:/home/terranova/uav_ws/install/image_geometry/lib:/home/terranova/uav_ws/install/gazebo_plugins/lib:/home/terranova/uav_ws/install/gazebo_ros/lib:/home/terranova/uav_ws/install/dynamixel_sdk_custom_interfaces/lib:/home/terranova/uav_ws/install/dynamixel_sdk/lib:/home/terranova/uav_ws/install/cv_bridge/lib:/opt/ros/foxy/opt/yaml_cpp_vendor/lib:/opt/ros/foxy/opt/rviz_ogre_vendor/lib:/opt/ros/foxy/lib/x86_64-linux-gnu:/opt/ros/foxy/lib:/usr/lib/x86_64-linux-gnu/gazebo-11/plugins PYTHONPATH=/home/terranova/uav_ws/install/gazebo_msgs/lib/python3.8/site-packages:/home/terranova/uav_ws/install/cartographer_ros_msgs/lib/python3.8/site-packages:/home/terranova/uav_ws/install/turtlebot3_teleop/lib/python3.8/site-packages:/home/terranova/uav_ws/install/turtlebot3_example/lib/python3.8/site-packages:/home/terranova/uav_ws/install/turtlebot3_msgs/lib/python3.8/site-packages:/home/terranova/uav_ws/install/pcl_msgs/lib/python3.8/site-packages:/home/terranova/uav_ws/install/opencv_tests/lib/python3.8/site-packages:/home/terranova/uav_ws/install/joint_state_publisher_gui/lib/python3.8/site-packages:/home/terranova/uav_ws/install/joint_state_publisher/lib/python3.8/site-packages:/home/terranova/uav_ws/install/image_geometry/lib/python3.8/site-packages:/home/terranova/uav_ws/install/gazebo_ros/lib/python3.8/site-packages:/home/terranova/uav_ws/install/dynamixel_sdk_custom_interfaces/lib/python3.8/site-packages:/home/terranova/uav_ws/install/cv_bridge/lib/python3.8/site-packages:/opt/ros/foxy/lib/python3.8/site-packages:/home/terranova/.local/bin /home/terranova/.local/bin/cmake /home/terranova/uav_ws/src/gazebo_ros_pkgs/gazebo_ros -DCMAKE_INSTALL_PREFIX=/home/terranova/uav_ws/install/gazebo_ros
[0.151s] -- The C compiler identification is GNU 9.4.0
[0.239s] -- The CXX compiler identification is GNU 9.4.0
[0.271s] -- Detecting C compiler ABI info
[0.358s] -- Detecting C compiler ABI info - done
[0.376s] -- Check for working C compiler: /usr/lib/ccache/cc - skipped
[0.377s] -- Detecting C compile features
[0.378s] -- Detecting C compile features - done
[0.399s] -- Detecting CXX compiler ABI info
[0.503s] -- Detecting CXX compiler ABI info - done
[0.522s] -- Check for working CXX compiler: /usr/lib/ccache/c++ - skipped
[0.523s] -- Detecting CXX compile features
[0.524s] -- Detecting CXX compile features - done
[0.531s] -- Found ament_cmake: 0.9.12 (/opt/ros/foxy/share/ament_cmake/cmake)
[0.545s] [33mCMake Warning (dev) at /opt/ros/foxy/share/ament_cmake_core/cmake/core/python.cmake:22 (find_package):
[0.545s]   Policy CMP0148 is not set: The FindPythonInterp and FindPythonLibs modules
[0.546s]   are removed.  Run "cmake --help-policy CMP0148" for policy details.  Use
[0.546s]   the cmake_policy command to set the policy and suppress this warning.
[0.546s] 
[0.546s] Call Stack (most recent call first):
[0.546s]   /opt/ros/foxy/share/ament_cmake_core/cmake/core/all.cmake:53 (include)
[0.546s]   /opt/ros/foxy/share/ament_cmake_core/cmake/ament_cmake_core-extras.cmake:17 (include)
[0.546s]   /opt/ros/foxy/share/ament_cmake_core/cmake/ament_cmake_coreConfig.cmake:41 (include)
[0.546s]   /opt/ros/foxy/share/ament_cmake/cmake/ament_cmake_export_dependencies-extras.cmake:15 (find_package)
[0.546s]   /opt/ros/foxy/share/ament_cmake/cmake/ament_cmakeConfig.cmake:41 (include)
[0.546s]   CMakeLists.txt:24 (find_package)
[0.546s] This warning is for project developers.  Use -Wno-dev to suppress it.
[0.547s] [0m
[0.587s] -- Found PythonInterp: /usr/bin/python3 (found suitable version "3.8.10", minimum required is "3") 
[0.587s] -- Using PYTHON_EXECUTABLE: /usr/bin/python3
[0.986s] -- Found builtin_interfaces: 1.0.0 (/opt/ros/foxy/share/builtin_interfaces/cmake)
[1.053s] -- Using all available rosidl_typesupport_c: rosidl_typesupport_fastrtps_c;rosidl_typesupport_introspection_c
[1.078s] -- Found rosidl_adapter: 1.3.1 (/opt/ros/foxy/share/rosidl_adapter/cmake)
[1.256s] -- Found OpenSSL: /usr/lib/x86_64-linux-gnu/libcrypto.so (found version "1.1.1f")  
[1.316s] -- Found FastRTPS: /opt/ros/foxy/include  
[1.503s] -- Using all available rosidl_typesupport_cpp: rosidl_typesupport_fastrtps_cpp;rosidl_typesupport_introspection_cpp
[1.583s] -- Found gazebo_dev: 3.5.3 (/home/terranova/uav_ws/install/gazebo_dev/share/gazebo_dev/cmake)
[1.607s] -- Found PkgConfig: /usr/bin/pkg-config (found version "0.29.1") 
[1.611s] -- Checking for module 'bullet>=2.82'
[1.655s] --   Found bullet, version 2.88
[2.014s] -- Found ccd: /usr/include (found suitable version "2.0", minimum required is "2.0") 
[2.160s] -- Found fcl: /usr/include (found suitable version "0.5.0", minimum required is "0.3.2") 
[2.288s] -- Found assimp: /usr/include (found version "5.0.0") 
[2.356s] -- Found DART: /usr/include (Required is at least version "6.6") found components: dart 
[2.815s] -- Found Boost: /usr/lib/x86_64-linux-gnu/cmake/Boost-1.71.0/BoostConfig.cmake (found suitable version "1.71.0", minimum required is "1.40.0") found components: thread system filesystem program_options regex iostreams date_time 
[2.882s] -- Found Protobuf: /usr/lib/x86_64-linux-gnu/libprotobuf.so;-lpthread (found version "3.6.1") 
[2.907s] -- Looking for ignition-math6 -- found version 6.15.1
[2.931s] -- Searching for dependencies of ignition-math6
[2.938s] -- Looking for OGRE...
[2.939s] -- OGRE_PREFIX_WATCH changed.
[2.947s] -- Checking for module 'OGRE'
[2.990s] --   Found OGRE, version 1.9.0
[3.088s] -- Found Ogre Ghadamon (1.9.0)
[3.128s] -- Found OGRE: optimized;/usr/lib/x86_64-linux-gnu/libOgreMain.so;debug;/usr/lib/x86_64-linux-gnu/libOgreMain.so
[3.147s] -- Looking for OGRE_Paging...
[3.183s] -- Found OGRE_Paging: optimized;/usr/lib/x86_64-linux-gnu/libOgrePaging.so;debug;/usr/lib/x86_64-linux-gnu/libOgrePaging.so
[3.183s] -- Looking for OGRE_Terrain...
[3.218s] -- Found OGRE_Terrain: optimized;/usr/lib/x86_64-linux-gnu/libOgreTerrain.so;debug;/usr/lib/x86_64-linux-gnu/libOgreTerrain.so
[3.219s] -- Looking for OGRE_Property...
[3.250s] -- Found OGRE_Property: optimized;/usr/lib/x86_64-linux-gnu/libOgreProperty.so;debug;/usr/lib/x86_64-linux-gnu/libOgreProperty.so
[3.250s] -- Looking for OGRE_RTShaderSystem...
[3.276s] -- Found OGRE_RTShaderSystem: optimized;/usr/lib/x86_64-linux-gnu/libOgreRTShaderSystem.so;debug;/usr/lib/x86_64-linux-gnu/libOgreRTShaderSystem.so
[3.277s] -- Looking for OGRE_Volume...
[3.302s] -- Found OGRE_Volume: optimized;/usr/lib/x86_64-linux-gnu/libOgreVolume.so;debug;/usr/lib/x86_64-linux-gnu/libOgreVolume.so
[3.302s] -- Looking for OGRE_Overlay...
[3.329s] -- Found OGRE_Overlay: optimized;/usr/lib/x86_64-linux-gnu/libOgreOverlay.so;debug;/usr/lib/x86_64-linux-gnu/libOgreOverlay.so
[4.207s] -- Looking for ignition-math6 -- found version 6.15.1
[4.219s] -- Looking for ignition-transport8 -- found version 8.5.0
[4.221s] -- Searching for dependencies of ignition-transport8
[4.283s] -- Config-file not installed for ZeroMQ -- checking for pkg-config
[4.294s] -- Checking for module 'libzmq >= 4'
[4.341s] --   Found libzmq, version 4.3.2
[4.437s] -- Found ZeroMQ: TRUE (Required is at least version "4") 
[4.449s] -- Checking for module 'uuid'
[4.490s] --   Found uuid, version 2.34.0
[4.586s] -- Found UUID: TRUE  
[4.599s] -- Looking for ignition-msgs5 -- found version 5.11.0
[4.600s] -- Searching for dependencies of ignition-msgs5
[4.653s] -- Found Protobuf: /usr/lib/x86_64-linux-gnu/libprotobuf.so;-lpthread (found suitable version "3.6.1", minimum required is "3") 
[4.657s] -- Looking for ignition-math6 -- found version 6.15.1
[4.671s] -- Checking for module 'tinyxml2'
[4.727s] --   Found tinyxml2, version 6.2.0
[4.839s] -- Looking for ignition-msgs5 -- found version 5.11.0
[4.853s] -- Looking for ignition-common3 -- found version 3.17.0
[4.853s] -- Searching for dependencies of ignition-common3
[4.856s] -- Looking for dlfcn.h - found
[4.861s] -- Looking for libdl - found
[4.865s] -- Found DL: TRUE  
[4.892s] -- Searching for <ignition-common3> component [graphics]
[4.904s] -- Looking for ignition-common3-graphics -- found version 3.17.0
[4.905s] -- Searching for dependencies of ignition-common3-graphics
[4.905s] -- Looking for ignition-math6 -- found version 6.15.1
[4.921s] -- Looking for ignition-fuel_tools4 -- found version 4.9.1
[4.921s] -- Searching for dependencies of ignition-fuel_tools4
[5.195s] -- Found CURL: /usr/lib/x86_64-linux-gnu/libcurl.so (found version "7.68.0")  
[5.220s] -- Checking for module 'jsoncpp'
[5.271s] --   Found jsoncpp, version 1.7.4
[5.385s] -- Found JSONCPP: TRUE  
[5.405s] -- Checking for module 'libzip'
[5.454s] --   Found libzip, version 1.5.1
[5.573s] -- Found ZIP: TRUE  
[5.574s] -- Looking for ignition-common3 -- found version 3.17.0
[5.575s] -- Looking for ignition-math6 -- found version 6.15.1
[5.576s] -- Looking for ignition-msgs5 -- found version 5.11.0
[5.580s] -- Gazebo version: 11.14
[5.582s] -- Found gazebo_msgs: 3.5.3 (/home/terranova/uav_ws/install/gazebo_msgs/share/gazebo_msgs/cmake)
[6.212s] -- Found rcl: 1.1.14 (/opt/ros/foxy/share/rcl/cmake)
[6.296s] -- Found rmw_implementation_cmake: 1.0.4 (/opt/ros/foxy/share/rmw_implementation_cmake/cmake)
[6.302s] -- Using RMW implementation 'rmw_fastrtps_cpp' as default
[6.305s] -- Found Threads: TRUE  
[6.375s] -- Found rclcpp: 2.4.3 (/opt/ros/foxy/share/rclcpp/cmake)
[6.770s] -- Found std_srvs: 2.0.5 (/opt/ros/foxy/share/std_srvs/cmake)
[6.814s] -- Found tinyxml_vendor: 0.8.2 (/opt/ros/foxy/share/tinyxml_vendor/cmake)
[7.608s] -- Found ament_cmake_gtest: 0.9.12 (/opt/ros/foxy/share/ament_cmake_gtest/cmake)
[7.622s] -- Found launch_testing_ament_cmake: 0.10.10 (/opt/ros/foxy/share/launch_testing_ament_cmake/cmake)
[7.633s] -- Found python_cmake_module: 0.8.1 (/opt/ros/foxy/share/python_cmake_module/cmake)
[7.634s] [33mCMake Warning (dev) at /opt/ros/foxy/share/python_cmake_module/cmake/Modules/FindPythonExtra.cmake:45 (find_package):
[7.634s]   Policy CMP0148 is not set: The FindPythonInterp and FindPythonLibs modules
[7.634s]   are removed.  Run "cmake --help-policy CMP0148" for policy details.  Use
[7.635s]   the cmake_policy command to set the policy and suppress this warning.
[7.635s] 
[7.635s] Call Stack (most recent call first):
[7.635s]   /opt/ros/foxy/share/launch_testing_ament_cmake/cmake/launch_testing_ament_cmake-extras.cmake:18 (find_package)
[7.635s]   /opt/ros/foxy/share/launch_testing_ament_cmake/cmake/launch_testing_ament_cmakeConfig.cmake:41 (include)
[7.635s]   test/CMakeLists.txt:5 (find_package)
[7.636s] This warning is for project developers.  Use -Wno-dev to suppress it.
[7.636s] [0m
[7.719s] -- Found PythonInterp: /usr/bin/python3 (found suitable version "3.8.10", minimum required is "3.5") 
[7.720s] [33mCMake Warning (dev) at /opt/ros/foxy/share/python_cmake_module/cmake/Modules/FindPythonExtra.cmake:133 (find_package):
[7.720s]   Policy CMP0148 is not set: The FindPythonInterp and FindPythonLibs modules
[7.720s]   are removed.  Run "cmake --help-policy CMP0148" for policy details.  Use
[7.720s]   the cmake_policy command to set the policy and suppress this warning.
[7.720s] 
[7.720s] Call Stack (most recent call first):
[7.721s]   /opt/ros/foxy/share/launch_testing_ament_cmake/cmake/launch_testing_ament_cmake-extras.cmake:18 (find_package)
[7.721s]   /opt/ros/foxy/share/launch_testing_ament_cmake/cmake/launch_testing_ament_cmakeConfig.cmake:41 (include)
[7.721s]   test/CMakeLists.txt:5 (find_package)
[7.721s] This warning is for project developers.  Use -Wno-dev to suppress it.
[7.721s] [0m
[7.751s] -- Found PythonLibs: /usr/lib/x86_64-linux-gnu/libpython3.8.so (found suitable version "3.8.10", minimum required is "3.5") 
[7.753s] -- Using PYTHON_EXECUTABLE: /usr/bin/python3
[7.753s] -- Using PYTHON_INCLUDE_DIRS: /usr/include/python3.8
[7.753s] -- Using PYTHON_LIBRARIES: /usr/lib/x86_64-linux-gnu/libpython3.8.so
[7.836s] -- Found PythonExtra: .so  
[7.853s] -- Found sensor_msgs: 2.0.5 (/opt/ros/foxy/share/sensor_msgs/cmake)
[8.229s] -- Found gtest sources under '/opt/ros/foxy/src/gtest_vendor': C++ tests using 'Google Test' will be built
[8.234s] [0mCMake Deprecation Warning at /opt/ros/foxy/src/gtest_vendor/CMakeLists.txt:2 (cmake_minimum_required):
[8.234s]   Compatibility with CMake < 3.5 will be removed from a future version of
[8.234s]   CMake.
[8.234s] 
[8.235s]   Update the VERSION argument <min> value or use a ...<max> suffix to tell
[8.235s]   CMake that the project does not need compatibility with older versions.
[8.235s] 
[8.235s] [0m
[8.236s] -- Check if compiler accepts -pthread
[8.381s] -- Check if compiler accepts -pthread - yes
[8.874s] -- Found ament_lint_auto: 0.9.8 (/opt/ros/foxy/share/ament_lint_auto/cmake)
[9.058s] -- Found python_cmake_module: 0.8.1 (/opt/ros/foxy/share/python_cmake_module/cmake)
[9.059s] [33mCMake Warning (dev) at /opt/ros/foxy/share/python_cmake_module/cmake/Modules/FindPythonExtra.cmake:45 (find_package):
[9.059s]   Policy CMP0148 is not set: The FindPythonInterp and FindPythonLibs modules
[9.060s]   are removed.  Run "cmake --help-policy CMP0148" for policy details.  Use
[9.060s]   the cmake_policy command to set the policy and suppress this warning.
[9.060s] 
[9.061s] Call Stack (most recent call first):
[9.061s]   /opt/ros/foxy/share/launch_testing_ament_cmake/cmake/launch_testing_ament_cmake-extras.cmake:18 (find_package)
[9.061s]   /opt/ros/foxy/share/launch_testing_ament_cmake/cmake/launch_testing_ament_cmakeConfig.cmake:41 (include)
[9.061s]   /opt/ros/foxy/share/ament_lint_auto/cmake/ament_lint_auto_find_test_dependencies.cmake:36 (find_package)
[9.061s]   CMakeLists.txt:164 (ament_lint_auto_find_test_dependencies)
[9.062s] This warning is for project developers.  Use -Wno-dev to suppress it.
[9.062s] [0m
[9.111s] [33mCMake Warning (dev) at /opt/ros/foxy/share/python_cmake_module/cmake/Modules/FindPythonExtra.cmake:133 (find_package):
[9.111s]   Policy CMP0148 is not set: The FindPythonInterp and FindPythonLibs modules
[9.112s]   are removed.  Run "cmake --help-policy CMP0148" for policy details.  Use
[9.112s]   the cmake_policy command to set the policy and suppress this warning.
[9.112s] 
[9.112s] Call Stack (most recent call first):
[9.113s]   /opt/ros/foxy/share/launch_testing_ament_cmake/cmake/launch_testing_ament_cmake-extras.cmake:18 (find_package)
[9.113s]   /opt/ros/foxy/share/launch_testing_ament_cmake/cmake/launch_testing_ament_cmakeConfig.cmake:41 (include)
[9.113s]   /opt/ros/foxy/share/ament_lint_auto/cmake/ament_lint_auto_find_test_dependencies.cmake:36 (find_package)
[9.113s]   CMakeLists.txt:164 (ament_lint_auto_find_test_dependencies)
[9.113s] This warning is for project developers.  Use -Wno-dev to suppress it.
[9.114s] [0m
[9.115s] -- Using PYTHON_EXECUTABLE: /usr/bin/python3
[9.115s] -- Using PYTHON_INCLUDE_DIRS: /usr/include/python3.8
[9.115s] -- Using PYTHON_LIBRARIES: /usr/lib/x86_64-linux-gnu/libpython3.8.so
[9.276s] -- Added test 'copyright' to check source files copyright and LICENSE
[9.283s] -- Added test 'cppcheck' to perform static code analysis on C / C++ code
[9.287s] -- Configured cppcheck include dirs: $<BUILD_INTERFACE:/home/terranova/uav_ws/src/gazebo_ros_pkgs/gazebo_ros/include>
[9.287s] -- Configured cppcheck exclude dirs and/or files: 
[9.293s] -- Added test 'cpplint' to check C / C++ code against the Google style
[9.293s] -- Configured cpplint exclude dirs and/or files: 
[9.296s] -- Added test 'flake8' to check Python code syntax and style conventions
[9.302s] -- Added test 'lint_cmake' to check CMake code style
[9.302s] -- Added test 'pep257' to check Python code against some of the style conventions in PEP 257
[9.308s] -- Added test 'uncrustify' to check C / C++ code style
[9.308s] -- Configured uncrustify additional arguments: 
[9.310s] -- Added test 'xmllint' to check XML markup files
[9.317s] -- Configuring done (9.2s)
[10.026s] -- Generating done (0.6s)
[10.035s] -- Build files have been written to: /home/terranova/uav_ws/build/gazebo_ros
[10.085s] Invoked command in '/home/terranova/uav_ws/build/gazebo_ros' returned '0': CMAKE_PREFIX_PATH=/home/terranova/uav_ws/install/gazebo_msgs:/home/terranova/uav_ws/install/gazebo_dev:/home/terranova/uav_ws/install/cartographer_ros_msgs:/home/terranova/uav_ws/install/vision_opencv:/home/terranova/uav_ws/install/uav_gazebo:/home/terranova/uav_ws/install/uav_cartographer:/home/terranova/uav_ws/install/turtlebot3:/home/terranova/uav_ws/install/turtlebot3_simulations:/home/terranova/uav_ws/install/turtlebot3_bringup:/home/terranova/uav_ws/install/turtlebot3_node:/home/terranova/uav_ws/install/turtlebot3_navigation2:/home/terranova/uav_ws/install/turtlebot3_fake_node:/home/terranova/uav_ws/install/turtlebot3_msgs:/home/terranova/uav_ws/install/turtlebot3_gazebo:/home/terranova/uav_ws/install/turtlebot3_description:/home/terranova/uav_ws/install/turtlebot3_cartographer:/home/terranova/uav_ws/install/realsense_gazebo_plugin:/home/terranova/uav_ws/install/perception_pcl:/home/terranova/uav_ws/install/pcl_ros:/home/terranova/uav_ws/install/pcl_conversions:/home/terranova/uav_ws/install/pcl_msgs:/home/terranova/uav_ws/install/image_geometry:/home/terranova/uav_ws/install/hls_lfcd_lds_driver:/home/terranova/uav_ws/install/gazebo_ros_pkgs:/home/terranova/uav_ws/install/gazebo_plugins:/home/terranova/uav_ws/install/gazebo_ros:/home/terranova/uav_ws/install/dynamixel_sdk_examples:/home/terranova/uav_ws/install/dynamixel_sdk_custom_interfaces:/home/terranova/uav_ws/install/dynamixel_sdk:/home/terranova/uav_ws/install/cv_bridge:/home/terranova/uav_ws/install/absl:/home/terranova/uav_ws/install/turtlebot3_teleop:/home/terranova/uav_ws/install/turtlebot3_example:/home/terranova/uav_ws/install/opencv_tests:/home/terranova/uav_ws/install/joint_state_publisher_gui:/home/terranova/uav_ws/install/joint_state_publisher:/opt/ros/foxy LD_LIBRARY_PATH=/home/terranova/uav_ws/install/gazebo_msgs/lib:/home/terranova/uav_ws/install/cartographer_ros_msgs/lib:/home/terranova/uav_ws/install/turtlebot3_msgs/lib:/home/terranova/uav_ws/install/realsense_gazebo_plugin/lib:/home/terranova/uav_ws/install/pcl_ros/lib:/home/terranova/uav_ws/install/pcl_msgs/lib:/home/terranova/uav_ws/install/image_geometry/lib:/home/terranova/uav_ws/install/gazebo_plugins/lib:/home/terranova/uav_ws/install/gazebo_ros/lib:/home/terranova/uav_ws/install/dynamixel_sdk_custom_interfaces/lib:/home/terranova/uav_ws/install/dynamixel_sdk/lib:/home/terranova/uav_ws/install/cv_bridge/lib:/opt/ros/foxy/opt/yaml_cpp_vendor/lib:/opt/ros/foxy/opt/rviz_ogre_vendor/lib:/opt/ros/foxy/lib/x86_64-linux-gnu:/opt/ros/foxy/lib:/usr/lib/x86_64-linux-gnu/gazebo-11/plugins PYTHONPATH=/home/terranova/uav_ws/install/gazebo_msgs/lib/python3.8/site-packages:/home/terranova/uav_ws/install/cartographer_ros_msgs/lib/python3.8/site-packages:/home/terranova/uav_ws/install/turtlebot3_teleop/lib/python3.8/site-packages:/home/terranova/uav_ws/install/turtlebot3_example/lib/python3.8/site-packages:/home/terranova/uav_ws/install/turtlebot3_msgs/lib/python3.8/site-packages:/home/terranova/uav_ws/install/pcl_msgs/lib/python3.8/site-packages:/home/terranova/uav_ws/install/opencv_tests/lib/python3.8/site-packages:/home/terranova/uav_ws/install/joint_state_publisher_gui/lib/python3.8/site-packages:/home/terranova/uav_ws/install/joint_state_publisher/lib/python3.8/site-packages:/home/terranova/uav_ws/install/image_geometry/lib/python3.8/site-packages:/home/terranova/uav_ws/install/gazebo_ros/lib/python3.8/site-packages:/home/terranova/uav_ws/install/dynamixel_sdk_custom_interfaces/lib/python3.8/site-packages:/home/terranova/uav_ws/install/cv_bridge/lib/python3.8/site-packages:/opt/ros/foxy/lib/python3.8/site-packages:/home/terranova/.local/bin /home/terranova/.local/bin/cmake /home/terranova/uav_ws/src/gazebo_ros_pkgs/gazebo_ros -DCMAKE_INSTALL_PREFIX=/home/terranova/uav_ws/install/gazebo_ros
[10.092s] Invoking command in '/home/terranova/uav_ws/build/gazebo_ros': CMAKE_PREFIX_PATH=/home/terranova/uav_ws/install/gazebo_msgs:/home/terranova/uav_ws/install/gazebo_dev:/home/terranova/uav_ws/install/cartographer_ros_msgs:/home/terranova/uav_ws/install/vision_opencv:/home/terranova/uav_ws/install/uav_gazebo:/home/terranova/uav_ws/install/uav_cartographer:/home/terranova/uav_ws/install/turtlebot3:/home/terranova/uav_ws/install/turtlebot3_simulations:/home/terranova/uav_ws/install/turtlebot3_bringup:/home/terranova/uav_ws/install/turtlebot3_node:/home/terranova/uav_ws/install/turtlebot3_navigation2:/home/terranova/uav_ws/install/turtlebot3_fake_node:/home/terranova/uav_ws/install/turtlebot3_msgs:/home/terranova/uav_ws/install/turtlebot3_gazebo:/home/terranova/uav_ws/install/turtlebot3_description:/home/terranova/uav_ws/install/turtlebot3_cartographer:/home/terranova/uav_ws/install/realsense_gazebo_plugin:/home/terranova/uav_ws/install/perception_pcl:/home/terranova/uav_ws/install/pcl_ros:/home/terranova/uav_ws/install/pcl_conversions:/home/terranova/uav_ws/install/pcl_msgs:/home/terranova/uav_ws/install/image_geometry:/home/terranova/uav_ws/install/hls_lfcd_lds_driver:/home/terranova/uav_ws/install/gazebo_ros_pkgs:/home/terranova/uav_ws/install/gazebo_plugins:/home/terranova/uav_ws/install/gazebo_ros:/home/terranova/uav_ws/install/dynamixel_sdk_examples:/home/terranova/uav_ws/install/dynamixel_sdk_custom_interfaces:/home/terranova/uav_ws/install/dynamixel_sdk:/home/terranova/uav_ws/install/cv_bridge:/home/terranova/uav_ws/install/absl:/home/terranova/uav_ws/install/turtlebot3_teleop:/home/terranova/uav_ws/install/turtlebot3_example:/home/terranova/uav_ws/install/opencv_tests:/home/terranova/uav_ws/install/joint_state_publisher_gui:/home/terranova/uav_ws/install/joint_state_publisher:/opt/ros/foxy LD_LIBRARY_PATH=/home/terranova/uav_ws/install/gazebo_msgs/lib:/home/terranova/uav_ws/install/cartographer_ros_msgs/lib:/home/terranova/uav_ws/install/turtlebot3_msgs/lib:/home/terranova/uav_ws/install/realsense_gazebo_plugin/lib:/home/terranova/uav_ws/install/pcl_ros/lib:/home/terranova/uav_ws/install/pcl_msgs/lib:/home/terranova/uav_ws/install/image_geometry/lib:/home/terranova/uav_ws/install/gazebo_plugins/lib:/home/terranova/uav_ws/install/gazebo_ros/lib:/home/terranova/uav_ws/install/dynamixel_sdk_custom_interfaces/lib:/home/terranova/uav_ws/install/dynamixel_sdk/lib:/home/terranova/uav_ws/install/cv_bridge/lib:/opt/ros/foxy/opt/yaml_cpp_vendor/lib:/opt/ros/foxy/opt/rviz_ogre_vendor/lib:/opt/ros/foxy/lib/x86_64-linux-gnu:/opt/ros/foxy/lib:/usr/lib/x86_64-linux-gnu/gazebo-11/plugins PYTHONPATH=/home/terranova/uav_ws/install/gazebo_msgs/lib/python3.8/site-packages:/home/terranova/uav_ws/install/cartographer_ros_msgs/lib/python3.8/site-packages:/home/terranova/uav_ws/install/turtlebot3_teleop/lib/python3.8/site-packages:/home/terranova/uav_ws/install/turtlebot3_example/lib/python3.8/site-packages:/home/terranova/uav_ws/install/turtlebot3_msgs/lib/python3.8/site-packages:/home/terranova/uav_ws/install/pcl_msgs/lib/python3.8/site-packages:/home/terranova/uav_ws/install/opencv_tests/lib/python3.8/site-packages:/home/terranova/uav_ws/install/joint_state_publisher_gui/lib/python3.8/site-packages:/home/terranova/uav_ws/install/joint_state_publisher/lib/python3.8/site-packages:/home/terranova/uav_ws/install/image_geometry/lib/python3.8/site-packages:/home/terranova/uav_ws/install/gazebo_ros/lib/python3.8/site-packages:/home/terranova/uav_ws/install/dynamixel_sdk_custom_interfaces/lib/python3.8/site-packages:/home/terranova/uav_ws/install/cv_bridge/lib/python3.8/site-packages:/opt/ros/foxy/lib/python3.8/site-packages:/home/terranova/.local/bin /home/terranova/.local/bin/cmake --build /home/terranova/uav_ws/build/gazebo_ros -- -j4 -l4
[10.182s] [  1%] [32mBuilding CXX object CMakeFiles/gazebo_ros_node.dir/src/executor.cpp.o[0m
[10.379s] [  3%] [32mBuilding CXX object CMakeFiles/gazebo_ros_node.dir/src/node.cpp.o[0m
[10.458s] [  5%] [32mBuilding CXX object CMakeFiles/gazebo_ros_node.dir/src/qos.cpp.o[0m
[10.511s] [  7%] [32m[1mLinking CXX shared library libgazebo_ros_node.so[0m
[11.495s] [  7%] Built target gazebo_ros_node
[11.514s] [  8%] [32mBuilding CXX object gtest/CMakeFiles/gtest.dir/src/gtest-all.cc.o[0m
[11.559s] [ 10%] [32m[1mLinking CXX static library libgtest.a[0m
[11.648s] [ 10%] Built target gtest
[11.665s] [ 12%] [32mBuilding CXX object test/CMakeFiles/mock_robot_state_publisher.dir/mock_robot_state_publisher/robot_state_publisher.cpp.o[0m
[11.710s] [ 14%] [32m[1mLinking CXX executable mock_robot_state_publisher[0m
[11.989s] [ 14%] Built target mock_robot_state_publisher
[12.005s] [ 16%] [32mBuilding CXX object CMakeFiles/gazebo_ros_properties.dir/src/gazebo_ros_properties.cpp.o[0m
[12.391s] [ 17%] [32m[1mLinking CXX shared library libgazebo_ros_properties.so[0m
[14.104s] [ 17%] Built target gazebo_ros_properties
[14.120s] [ 19%] [32mBuilding CXX object CMakeFiles/gazebo_ros_state.dir/src/gazebo_ros_state.cpp.o[0m
[14.245s] [ 21%] [32m[1mLinking CXX shared library libgazebo_ros_state.so[0m
[15.647s] [ 21%] Built target gazebo_ros_state
[15.666s] [ 23%] [32mBuilding CXX object CMakeFiles/gazebo_ros_force_system.dir/src/gazebo_ros_force_system.cpp.o[0m
[15.787s] [ 25%] [32m[1mLinking CXX shared library libgazebo_ros_force_system.so[0m
[16.998s] [ 25%] Built target gazebo_ros_force_system
[17.013s] [ 26%] [32mBuilding CXX object test/CMakeFiles/args_init.dir/plugins/args_init.cpp.o[0m
[17.101s] [ 28%] [32m[1mLinking CXX shared library libargs_init.so[0m
[17.836s] [ 28%] Built target args_init
[17.852s] [ 30%] [32mBuilding CXX object test/CMakeFiles/create_node_without_init.dir/plugins/create_node_without_init.cpp.o[0m
[17.939s] [ 32%] [32m[1mLinking CXX shared library libcreate_node_without_init.so[0m
[18.742s] [ 32%] Built target create_node_without_init
[18.756s] [ 33%] [32mBuilding CXX object test/CMakeFiles/multiple_nodes.dir/plugins/multiple_nodes.cpp.o[0m
[18.847s] [ 35%] [32m[1mLinking CXX shared library libmultiple_nodes.so[0m
[19.619s] [ 35%] Built target multiple_nodes
[19.634s] [ 37%] [32mBuilding CXX object test/CMakeFiles/ros_world_plugin.dir/plugins/ros_world_plugin.cpp.o[0m
[19.731s] [ 39%] [32m[1mLinking CXX shared library libros_world_plugin.so[0m
[20.392s] [ 39%] Built target ros_world_plugin
[20.407s] [ 41%] [32mBuilding CXX object test/CMakeFiles/sdf_node.dir/plugins/sdf_node.cpp.o[0m
[20.492s] [ 42%] [32m[1mLinking CXX shared library libsdf_node.so[0m
[21.197s] [ 42%] Built target sdf_node
[21.212s] [ 44%] [32mBuilding CXX object gtest/CMakeFiles/gtest_main.dir/src/gtest_main.cc.o[0m
[21.235s] [ 46%] [32m[1mLinking CXX static library libgtest_main.a[0m
[21.257s] [ 46%] Built target gtest_main
[21.274s] [ 48%] [32mBuilding CXX object CMakeFiles/gazebo_ros_utils.dir/src/utils.cpp.o[0m
[21.374s] [ 50%] [32m[1mLinking CXX shared library libgazebo_ros_utils.so[0m
[21.814s] [ 50%] Built target gazebo_ros_utils
[21.830s] [ 51%] [32mBuilding CXX object CMakeFiles/gazebo_ros_init.dir/src/gazebo_ros_init.cpp.o[0m
[22.009s] [ 53%] [32m[1mLinking CXX shared library libgazebo_ros_init.so[0m
[23.495s] [ 53%] Built target gazebo_ros_init
[23.510s] [ 55%] [32mBuilding CXX object test/CMakeFiles/test_gazebo_ros_factory.dir/test_gazebo_ros_factory.cpp.o[0m
[23.840s] [ 57%] [32m[1mLinking CXX executable test_gazebo_ros_factory[0m
[26.217s] [ 57%] Built target test_gazebo_ros_factory
[26.232s] [ 58%] [32mBuilding CXX object test/CMakeFiles/test_gazebo_ros_init.dir/test_gazebo_ros_init.cpp.o[0m
[26.364s] [ 60%] [32m[1mLinking CXX executable test_gazebo_ros_init[0m
[28.517s] [ 60%] Built target test_gazebo_ros_init
[28.545s] [ 62%] [32mBuilding CXX object test/CMakeFiles/test_gazebo_ros_joint_effort.dir/test_gazebo_ros_joint_effort.cpp.o[0m
[28.744s] [ 64%] [32m[1mLinking CXX executable test_gazebo_ros_joint_effort[0m
[30.898s] [ 64%] Built target test_gazebo_ros_joint_effort
[30.914s] [ 66%] [32mBuilding CXX object test/CMakeFiles/test_gazebo_ros_link_wrench.dir/test_gazebo_ros_link_wrench.cpp.o[0m
[31.054s] [ 67%] [32m[1mLinking CXX executable test_gazebo_ros_link_wrench[0m
[33.301s] [ 67%] Built target test_gazebo_ros_link_wrench
[33.319s] [ 69%] [32mBuilding CXX object test/CMakeFiles/test_gazebo_ros_properties.dir/test_gazebo_ros_properties.cpp.o[0m
[33.483s] [ 71%] [32m[1mLinking CXX executable test_gazebo_ros_properties[0m
[36.457s] [ 71%] Built target test_gazebo_ros_properties
[36.484s] [ 73%] [32mBuilding CXX object test/CMakeFiles/test_gazebo_ros_state.dir/test_gazebo_ros_state.cpp.o[0m
[36.732s] [ 75%] [32m[1mLinking CXX executable test_gazebo_ros_state[0m
[40.587s] [ 75%] Built target test_gazebo_ros_state
[40.611s] [ 76%] [32mBuilding CXX object test/CMakeFiles/test_node.dir/test_node.cpp.o[0m
[40.736s] [ 78%] [32m[1mLinking CXX executable test_node[0m
[42.640s] [ 78%] Built target test_node
[42.655s] [ 80%] [32mBuilding CXX object test/CMakeFiles/test_plugins.dir/test_plugins.cpp.o[0m
[42.726s] [ 82%] [32m[1mLinking CXX executable test_plugins[0m
[43.572s] [ 82%] Built target test_plugins
[43.583s] [ 83%] [32mBuilding CXX object test/CMakeFiles/test_qos.dir/test_qos.cpp.o[0m
[43.589s] [ 85%] [32mBuilding CXX object test/CMakeFiles/test_conversions.dir/test_conversions.cpp.o[0m
[43.643s] [ 87%] [32m[1mLinking CXX executable test_qos[0m
[43.644s] [ 89%] [32m[1mLinking CXX executable test_conversions[0m
[44.627s] [ 91%] [32mBuilding CXX object test/CMakeFiles/test_sim_time.dir/test_sim_time.cpp.o[0m
[44.719s] [ 92%] [32m[1mLinking CXX executable test_sim_time[0m
[45.693s] [ 94%] [32mBuilding CXX object CMakeFiles/gazebo_ros_factory.dir/src/gazebo_ros_factory.cpp.o[0m
[45.696s] [ 94%] Built target test_conversions
[45.712s] [ 96%] [32mBuilding CXX object test/CMakeFiles/test_utils.dir/test_utils.cpp.o[0m
[45.762s] [ 96%] Built target test_qos
[45.848s] [ 98%] [32m[1mLinking CXX executable test_utils[0m
[45.887s] [100%] [32m[1mLinking CXX shared library libgazebo_ros_factory.so[0m
[45.975s] [100%] Built target test_sim_time
[47.420s] [100%] Built target gazebo_ros_factory
[47.619s] [100%] Built target test_utils
[47.633s] Invoked command in '/home/terranova/uav_ws/build/gazebo_ros' returned '0': CMAKE_PREFIX_PATH=/home/terranova/uav_ws/install/gazebo_msgs:/home/terranova/uav_ws/install/gazebo_dev:/home/terranova/uav_ws/install/cartographer_ros_msgs:/home/terranova/uav_ws/install/vision_opencv:/home/terranova/uav_ws/install/uav_gazebo:/home/terranova/uav_ws/install/uav_cartographer:/home/terranova/uav_ws/install/turtlebot3:/home/terranova/uav_ws/install/turtlebot3_simulations:/home/terranova/uav_ws/install/turtlebot3_bringup:/home/terranova/uav_ws/install/turtlebot3_node:/home/terranova/uav_ws/install/turtlebot3_navigation2:/home/terranova/uav_ws/install/turtlebot3_fake_node:/home/terranova/uav_ws/install/turtlebot3_msgs:/home/terranova/uav_ws/install/turtlebot3_gazebo:/home/terranova/uav_ws/install/turtlebot3_description:/home/terranova/uav_ws/install/turtlebot3_cartographer:/home/terranova/uav_ws/install/realsense_gazebo_plugin:/home/terranova/uav_ws/install/perception_pcl:/home/terranova/uav_ws/install/pcl_ros:/home/terranova/uav_ws/install/pcl_conversions:/home/terranova/uav_ws/install/pcl_msgs:/home/terranova/uav_ws/install/image_geometry:/home/terranova/uav_ws/install/hls_lfcd_lds_driver:/home/terranova/uav_ws/install/gazebo_ros_pkgs:/home/terranova/uav_ws/install/gazebo_plugins:/home/terranova/uav_ws/install/gazebo_ros:/home/terranova/uav_ws/install/dynamixel_sdk_examples:/home/terranova/uav_ws/install/dynamixel_sdk_custom_interfaces:/home/terranova/uav_ws/install/dynamixel_sdk:/home/terranova/uav_ws/install/cv_bridge:/home/terranova/uav_ws/install/absl:/home/terranova/uav_ws/install/turtlebot3_teleop:/home/terranova/uav_ws/install/turtlebot3_example:/home/terranova/uav_ws/install/opencv_tests:/home/terranova/uav_ws/install/joint_state_publisher_gui:/home/terranova/uav_ws/install/joint_state_publisher:/opt/ros/foxy LD_LIBRARY_PATH=/home/terranova/uav_ws/install/gazebo_msgs/lib:/home/terranova/uav_ws/install/cartographer_ros_msgs/lib:/home/terranova/uav_ws/install/turtlebot3_msgs/lib:/home/terranova/uav_ws/install/realsense_gazebo_plugin/lib:/home/terranova/uav_ws/install/pcl_ros/lib:/home/terranova/uav_ws/install/pcl_msgs/lib:/home/terranova/uav_ws/install/image_geometry/lib:/home/terranova/uav_ws/install/gazebo_plugins/lib:/home/terranova/uav_ws/install/gazebo_ros/lib:/home/terranova/uav_ws/install/dynamixel_sdk_custom_interfaces/lib:/home/terranova/uav_ws/install/dynamixel_sdk/lib:/home/terranova/uav_ws/install/cv_bridge/lib:/opt/ros/foxy/opt/yaml_cpp_vendor/lib:/opt/ros/foxy/opt/rviz_ogre_vendor/lib:/opt/ros/foxy/lib/x86_64-linux-gnu:/opt/ros/foxy/lib:/usr/lib/x86_64-linux-gnu/gazebo-11/plugins PYTHONPATH=/home/terranova/uav_ws/install/gazebo_msgs/lib/python3.8/site-packages:/home/terranova/uav_ws/install/cartographer_ros_msgs/lib/python3.8/site-packages:/home/terranova/uav_ws/install/turtlebot3_teleop/lib/python3.8/site-packages:/home/terranova/uav_ws/install/turtlebot3_example/lib/python3.8/site-packages:/home/terranova/uav_ws/install/turtlebot3_msgs/lib/python3.8/site-packages:/home/terranova/uav_ws/install/pcl_msgs/lib/python3.8/site-packages:/home/terranova/uav_ws/install/opencv_tests/lib/python3.8/site-packages:/home/terranova/uav_ws/install/joint_state_publisher_gui/lib/python3.8/site-packages:/home/terranova/uav_ws/install/joint_state_publisher/lib/python3.8/site-packages:/home/terranova/uav_ws/install/image_geometry/lib/python3.8/site-packages:/home/terranova/uav_ws/install/gazebo_ros/lib/python3.8/site-packages:/home/terranova/uav_ws/install/dynamixel_sdk_custom_interfaces/lib/python3.8/site-packages:/home/terranova/uav_ws/install/cv_bridge/lib/python3.8/site-packages:/opt/ros/foxy/lib/python3.8/site-packages:/home/terranova/.local/bin /home/terranova/.local/bin/cmake --build /home/terranova/uav_ws/build/gazebo_ros -- -j4 -l4
[47.795s] Invoking command in '/home/terranova/uav_ws/build/gazebo_ros': CMAKE_PREFIX_PATH=/home/terranova/uav_ws/install/gazebo_msgs:/home/terranova/uav_ws/install/gazebo_dev:/home/terranova/uav_ws/install/cartographer_ros_msgs:/home/terranova/uav_ws/install/vision_opencv:/home/terranova/uav_ws/install/uav_gazebo:/home/terranova/uav_ws/install/uav_cartographer:/home/terranova/uav_ws/install/turtlebot3:/home/terranova/uav_ws/install/turtlebot3_simulations:/home/terranova/uav_ws/install/turtlebot3_bringup:/home/terranova/uav_ws/install/turtlebot3_node:/home/terranova/uav_ws/install/turtlebot3_navigation2:/home/terranova/uav_ws/install/turtlebot3_fake_node:/home/terranova/uav_ws/install/turtlebot3_msgs:/home/terranova/uav_ws/install/turtlebot3_gazebo:/home/terranova/uav_ws/install/turtlebot3_description:/home/terranova/uav_ws/install/turtlebot3_cartographer:/home/terranova/uav_ws/install/realsense_gazebo_plugin:/home/terranova/uav_ws/install/perception_pcl:/home/terranova/uav_ws/install/pcl_ros:/home/terranova/uav_ws/install/pcl_conversions:/home/terranova/uav_ws/install/pcl_msgs:/home/terranova/uav_ws/install/image_geometry:/home/terranova/uav_ws/install/hls_lfcd_lds_driver:/home/terranova/uav_ws/install/gazebo_ros_pkgs:/home/terranova/uav_ws/install/gazebo_plugins:/home/terranova/uav_ws/install/gazebo_ros:/home/terranova/uav_ws/install/dynamixel_sdk_examples:/home/terranova/uav_ws/install/dynamixel_sdk_custom_interfaces:/home/terranova/uav_ws/install/dynamixel_sdk:/home/terranova/uav_ws/install/cv_bridge:/home/terranova/uav_ws/install/absl:/home/terranova/uav_ws/install/turtlebot3_teleop:/home/terranova/uav_ws/install/turtlebot3_example:/home/terranova/uav_ws/install/opencv_tests:/home/terranova/uav_ws/install/joint_state_publisher_gui:/home/terranova/uav_ws/install/joint_state_publisher:/opt/ros/foxy LD_LIBRARY_PATH=/home/terranova/uav_ws/install/gazebo_msgs/lib:/home/terranova/uav_ws/install/cartographer_ros_msgs/lib:/home/terranova/uav_ws/install/turtlebot3_msgs/lib:/home/terranova/uav_ws/install/realsense_gazebo_plugin/lib:/home/terranova/uav_ws/install/pcl_ros/lib:/home/terranova/uav_ws/install/pcl_msgs/lib:/home/terranova/uav_ws/install/image_geometry/lib:/home/terranova/uav_ws/install/gazebo_plugins/lib:/home/terranova/uav_ws/install/gazebo_ros/lib:/home/terranova/uav_ws/install/dynamixel_sdk_custom_interfaces/lib:/home/terranova/uav_ws/install/dynamixel_sdk/lib:/home/terranova/uav_ws/install/cv_bridge/lib:/opt/ros/foxy/opt/yaml_cpp_vendor/lib:/opt/ros/foxy/opt/rviz_ogre_vendor/lib:/opt/ros/foxy/lib/x86_64-linux-gnu:/opt/ros/foxy/lib:/usr/lib/x86_64-linux-gnu/gazebo-11/plugins PYTHONPATH=/home/terranova/uav_ws/install/gazebo_msgs/lib/python3.8/site-packages:/home/terranova/uav_ws/install/cartographer_ros_msgs/lib/python3.8/site-packages:/home/terranova/uav_ws/install/turtlebot3_teleop/lib/python3.8/site-packages:/home/terranova/uav_ws/install/turtlebot3_example/lib/python3.8/site-packages:/home/terranova/uav_ws/install/turtlebot3_msgs/lib/python3.8/site-packages:/home/terranova/uav_ws/install/pcl_msgs/lib/python3.8/site-packages:/home/terranova/uav_ws/install/opencv_tests/lib/python3.8/site-packages:/home/terranova/uav_ws/install/joint_state_publisher_gui/lib/python3.8/site-packages:/home/terranova/uav_ws/install/joint_state_publisher/lib/python3.8/site-packages:/home/terranova/uav_ws/install/image_geometry/lib/python3.8/site-packages:/home/terranova/uav_ws/install/gazebo_ros/lib/python3.8/site-packages:/home/terranova/uav_ws/install/dynamixel_sdk_custom_interfaces/lib/python3.8/site-packages:/home/terranova/uav_ws/install/cv_bridge/lib/python3.8/site-packages:/opt/ros/foxy/lib/python3.8/site-packages:/home/terranova/.local/bin /home/terranova/.local/bin/cmake --install /home/terranova/uav_ws/build/gazebo_ros
[47.844s] -- Install configuration: ""
[47.845s] -- Installing: /home/terranova/uav_ws/install/gazebo_ros/share/gazebo_ros/environment/pythonpath.sh
[47.845s] -- Installing: /home/terranova/uav_ws/install/gazebo_ros/share/gazebo_ros/environment/pythonpath.dsv
[47.845s] -- Installing: /home/terranova/uav_ws/install/gazebo_ros/lib/python3.8/site-packages/scripts/
[47.846s] -- Installing: /home/terranova/uav_ws/install/gazebo_ros/lib/python3.8/site-packages/scripts//gazebo_ros_paths.py
[47.846s] -- Installing: /home/terranova/uav_ws/install/gazebo_ros/lib/python3.8/site-packages/scripts//spawn_entity.py
[47.846s] -- Installing: /home/terranova/uav_ws/install/gazebo_ros/lib/python3.8/site-packages/scripts//__init__.py
[47.920s] Listing '/home/terranova/uav_ws/install/gazebo_ros/lib/python3.8/site-packages/scripts/'...
[47.920s] Compiling '/home/terranova/uav_ws/install/gazebo_ros/lib/python3.8/site-packages/scripts/__init__.py'...
[47.920s] Compiling '/home/terranova/uav_ws/install/gazebo_ros/lib/python3.8/site-packages/scripts/gazebo_ros_paths.py'...
[47.920s] Compiling '/home/terranova/uav_ws/install/gazebo_ros/lib/python3.8/site-packages/scripts/spawn_entity.py'...
[47.927s] -- Installing: /home/terranova/uav_ws/install/gazebo_ros/share/gazebo_ros/environment/library_path.sh
[47.927s] -- Installing: /home/terranova/uav_ws/install/gazebo_ros/share/gazebo_ros/environment/library_path.dsv
[47.927s] -- Installing: /home/terranova/uav_ws/install/gazebo_ros/share/ament_index/resource_index/package_run_dependencies/gazebo_ros
[47.927s] -- Installing: /home/terranova/uav_ws/install/gazebo_ros/share/ament_index/resource_index/parent_prefix_path/gazebo_ros
[47.928s] -- Installing: /home/terranova/uav_ws/install/gazebo_ros/share/gazebo_ros/environment/ament_prefix_path.sh
[47.928s] -- Installing: /home/terranova/uav_ws/install/gazebo_ros/share/gazebo_ros/environment/ament_prefix_path.dsv
[47.928s] -- Installing: /home/terranova/uav_ws/install/gazebo_ros/share/gazebo_ros/environment/path.sh
[47.929s] -- Installing: /home/terranova/uav_ws/install/gazebo_ros/share/gazebo_ros/environment/path.dsv
[47.929s] -- Installing: /home/terranova/uav_ws/install/gazebo_ros/share/gazebo_ros/local_setup.bash
[47.929s] -- Installing: /home/terranova/uav_ws/install/gazebo_ros/share/gazebo_ros/local_setup.sh
[47.929s] -- Installing: /home/terranova/uav_ws/install/gazebo_ros/share/gazebo_ros/local_setup.zsh
[47.930s] -- Installing: /home/terranova/uav_ws/install/gazebo_ros/share/gazebo_ros/local_setup.dsv
[47.930s] -- Installing: /home/terranova/uav_ws/install/gazebo_ros/share/gazebo_ros/package.dsv
[47.930s] -- Installing: /home/terranova/uav_ws/install/gazebo_ros/share/ament_index/resource_index/packages/gazebo_ros
[47.931s] -- Installing: /home/terranova/uav_ws/install/gazebo_ros/share/gazebo_ros/cmake/ament_cmake_export_libraries-extras.cmake
[47.931s] -- Installing: /home/terranova/uav_ws/install/gazebo_ros/share/gazebo_ros/cmake/ament_cmake_export_include_directories-extras.cmake
[47.931s] -- Installing: /home/terranova/uav_ws/install/gazebo_ros/share/gazebo_ros/cmake/ament_cmake_export_dependencies-extras.cmake
[47.931s] -- Installing: /home/terranova/uav_ws/install/gazebo_ros/share/gazebo_ros/cmake/gazebo_rosConfig.cmake
[47.932s] -- Installing: /home/terranova/uav_ws/install/gazebo_ros/share/gazebo_ros/cmake/gazebo_rosConfig-version.cmake
[47.932s] -- Installing: /home/terranova/uav_ws/install/gazebo_ros/share/gazebo_ros/package.xml
[47.932s] -- Installing: /home/terranova/uav_ws/install/gazebo_ros/include
[47.933s] -- Installing: /home/terranova/uav_ws/install/gazebo_ros/include/gazebo_ros
[47.933s] -- Installing: /home/terranova/uav_ws/install/gazebo_ros/include/gazebo_ros/node_visibility_control.h
[47.933s] -- Installing: /home/terranova/uav_ws/install/gazebo_ros/include/gazebo_ros/gazebo_ros_properties.hpp
[47.933s] -- Installing: /home/terranova/uav_ws/install/gazebo_ros/include/gazebo_ros/testing_utils.hpp
[47.933s] -- Installing: /home/terranova/uav_ws/install/gazebo_ros/include/gazebo_ros/gazebo_ros_force_system.hpp
[47.934s] -- Installing: /home/terranova/uav_ws/install/gazebo_ros/include/gazebo_ros/gazebo_ros_factory.hpp
[47.934s] -- Installing: /home/terranova/uav_ws/install/gazebo_ros/include/gazebo_ros/executor.hpp
[47.934s] -- Installing: /home/terranova/uav_ws/install/gazebo_ros/include/gazebo_ros/conversions
[47.934s] -- Installing: /home/terranova/uav_ws/install/gazebo_ros/include/gazebo_ros/conversions/sensor_msgs.hpp
[47.935s] -- Installing: /home/terranova/uav_ws/install/gazebo_ros/include/gazebo_ros/conversions/gazebo_msgs.hpp
[47.935s] -- Installing: /home/terranova/uav_ws/install/gazebo_ros/include/gazebo_ros/conversions/builtin_interfaces.hpp
[47.936s] -- Installing: /home/terranova/uav_ws/install/gazebo_ros/include/gazebo_ros/conversions/geometry_msgs.hpp
[47.936s] -- Installing: /home/terranova/uav_ws/install/gazebo_ros/include/gazebo_ros/conversions/generic.hpp
[47.936s] -- Installing: /home/terranova/uav_ws/install/gazebo_ros/include/gazebo_ros/utils_visibility_control.h
[47.937s] -- Installing: /home/terranova/uav_ws/install/gazebo_ros/include/gazebo_ros/gazebo_ros_init.hpp
[47.937s] -- Installing: /home/terranova/uav_ws/install/gazebo_ros/include/gazebo_ros/qos.hpp
[47.937s] -- Installing: /home/terranova/uav_ws/install/gazebo_ros/include/gazebo_ros/node.hpp
[47.937s] -- Installing: /home/terranova/uav_ws/install/gazebo_ros/include/gazebo_ros/gazebo_ros_state.hpp
[47.937s] -- Installing: /home/terranova/uav_ws/install/gazebo_ros/include/gazebo_ros/utils.hpp
[47.938s] -- Installing: /home/terranova/uav_ws/install/gazebo_ros/lib/gazebo_ros/gazebo_ros_paths.py
[47.938s] -- Installing: /home/terranova/uav_ws/install/gazebo_ros/lib/libgazebo_ros_factory.so
[47.942s] -- Set non-toolchain portion of runtime path of "/home/terranova/uav_ws/install/gazebo_ros/lib/libgazebo_ros_factory.so" to ""
[47.942s] -- Installing: /home/terranova/uav_ws/install/gazebo_ros/lib/libgazebo_ros_force_system.so
[47.946s] -- Set non-toolchain portion of runtime path of "/home/terranova/uav_ws/install/gazebo_ros/lib/libgazebo_ros_force_system.so" to ""
[47.947s] -- Installing: /home/terranova/uav_ws/install/gazebo_ros/lib/libgazebo_ros_init.so
[47.951s] -- Set non-toolchain portion of runtime path of "/home/terranova/uav_ws/install/gazebo_ros/lib/libgazebo_ros_init.so" to ""
[47.951s] -- Installing: /home/terranova/uav_ws/install/gazebo_ros/lib/libgazebo_ros_node.so
[47.954s] -- Set non-toolchain portion of runtime path of "/home/terranova/uav_ws/install/gazebo_ros/lib/libgazebo_ros_node.so" to ""
[47.954s] -- Installing: /home/terranova/uav_ws/install/gazebo_ros/lib/libgazebo_ros_properties.so
[47.959s] -- Set non-toolchain portion of runtime path of "/home/terranova/uav_ws/install/gazebo_ros/lib/libgazebo_ros_properties.so" to ""
[47.959s] -- Installing: /home/terranova/uav_ws/install/gazebo_ros/lib/libgazebo_ros_state.so
[47.964s] -- Set non-toolchain portion of runtime path of "/home/terranova/uav_ws/install/gazebo_ros/lib/libgazebo_ros_state.so" to ""
[47.964s] -- Installing: /home/terranova/uav_ws/install/gazebo_ros/lib/libgazebo_ros_utils.so
[47.968s] -- Set non-toolchain portion of runtime path of "/home/terranova/uav_ws/install/gazebo_ros/lib/libgazebo_ros_utils.so" to ""
[47.968s] -- Installing: /home/terranova/uav_ws/install/gazebo_ros/lib/gazebo_ros/spawn_entity.py
[47.968s] -- Installing: /home/terranova/uav_ws/install/gazebo_ros/share/gazebo_ros//launch
[47.968s] -- Installing: /home/terranova/uav_ws/install/gazebo_ros/share/gazebo_ros//launch/spawn_entity_demo.launch.py
[47.968s] -- Installing: /home/terranova/uav_ws/install/gazebo_ros/share/gazebo_ros//launch/gzclient.launch.py
[47.969s] -- Installing: /home/terranova/uav_ws/install/gazebo_ros/share/gazebo_ros//launch/gzserver.launch.py
[47.969s] -- Installing: /home/terranova/uav_ws/install/gazebo_ros/share/gazebo_ros//launch/gazebo.launch.py
[47.978s] Invoked command in '/home/terranova/uav_ws/build/gazebo_ros' returned '0': CMAKE_PREFIX_PATH=/home/terranova/uav_ws/install/gazebo_msgs:/home/terranova/uav_ws/install/gazebo_dev:/home/terranova/uav_ws/install/cartographer_ros_msgs:/home/terranova/uav_ws/install/vision_opencv:/home/terranova/uav_ws/install/uav_gazebo:/home/terranova/uav_ws/install/uav_cartographer:/home/terranova/uav_ws/install/turtlebot3:/home/terranova/uav_ws/install/turtlebot3_simulations:/home/terranova/uav_ws/install/turtlebot3_bringup:/home/terranova/uav_ws/install/turtlebot3_node:/home/terranova/uav_ws/install/turtlebot3_navigation2:/home/terranova/uav_ws/install/turtlebot3_fake_node:/home/terranova/uav_ws/install/turtlebot3_msgs:/home/terranova/uav_ws/install/turtlebot3_gazebo:/home/terranova/uav_ws/install/turtlebot3_description:/home/terranova/uav_ws/install/turtlebot3_cartographer:/home/terranova/uav_ws/install/realsense_gazebo_plugin:/home/terranova/uav_ws/install/perception_pcl:/home/terranova/uav_ws/install/pcl_ros:/home/terranova/uav_ws/install/pcl_conversions:/home/terranova/uav_ws/install/pcl_msgs:/home/terranova/uav_ws/install/image_geometry:/home/terranova/uav_ws/install/hls_lfcd_lds_driver:/home/terranova/uav_ws/install/gazebo_ros_pkgs:/home/terranova/uav_ws/install/gazebo_plugins:/home/terranova/uav_ws/install/gazebo_ros:/home/terranova/uav_ws/install/dynamixel_sdk_examples:/home/terranova/uav_ws/install/dynamixel_sdk_custom_interfaces:/home/terranova/uav_ws/install/dynamixel_sdk:/home/terranova/uav_ws/install/cv_bridge:/home/terranova/uav_ws/install/absl:/home/terranova/uav_ws/install/turtlebot3_teleop:/home/terranova/uav_ws/install/turtlebot3_example:/home/terranova/uav_ws/install/opencv_tests:/home/terranova/uav_ws/install/joint_state_publisher_gui:/home/terranova/uav_ws/install/joint_state_publisher:/opt/ros/foxy LD_LIBRARY_PATH=/home/terranova/uav_ws/install/gazebo_msgs/lib:/home/terranova/uav_ws/install/cartographer_ros_msgs/lib:/home/terranova/uav_ws/install/turtlebot3_msgs/lib:/home/terranova/uav_ws/install/realsense_gazebo_plugin/lib:/home/terranova/uav_ws/install/pcl_ros/lib:/home/terranova/uav_ws/install/pcl_msgs/lib:/home/terranova/uav_ws/install/image_geometry/lib:/home/terranova/uav_ws/install/gazebo_plugins/lib:/home/terranova/uav_ws/install/gazebo_ros/lib:/home/terranova/uav_ws/install/dynamixel_sdk_custom_interfaces/lib:/home/terranova/uav_ws/install/dynamixel_sdk/lib:/home/terranova/uav_ws/install/cv_bridge/lib:/opt/ros/foxy/opt/yaml_cpp_vendor/lib:/opt/ros/foxy/opt/rviz_ogre_vendor/lib:/opt/ros/foxy/lib/x86_64-linux-gnu:/opt/ros/foxy/lib:/usr/lib/x86_64-linux-gnu/gazebo-11/plugins PYTHONPATH=/home/terranova/uav_ws/install/gazebo_msgs/lib/python3.8/site-packages:/home/terranova/uav_ws/install/cartographer_ros_msgs/lib/python3.8/site-packages:/home/terranova/uav_ws/install/turtlebot3_teleop/lib/python3.8/site-packages:/home/terranova/uav_ws/install/turtlebot3_example/lib/python3.8/site-packages:/home/terranova/uav_ws/install/turtlebot3_msgs/lib/python3.8/site-packages:/home/terranova/uav_ws/install/pcl_msgs/lib/python3.8/site-packages:/home/terranova/uav_ws/install/opencv_tests/lib/python3.8/site-packages:/home/terranova/uav_ws/install/joint_state_publisher_gui/lib/python3.8/site-packages:/home/terranova/uav_ws/install/joint_state_publisher/lib/python3.8/site-packages:/home/terranova/uav_ws/install/image_geometry/lib/python3.8/site-packages:/home/terranova/uav_ws/install/gazebo_ros/lib/python3.8/site-packages:/home/terranova/uav_ws/install/dynamixel_sdk_custom_interfaces/lib/python3.8/site-packages:/home/terranova/uav_ws/install/cv_bridge/lib/python3.8/site-packages:/opt/ros/foxy/lib/python3.8/site-packages:/home/terranova/.local/bin /home/terranova/.local/bin/cmake --install /home/terranova/uav_ws/build/gazebo_ros
