-- The C compiler identification is GNU 9.4.0
-- The CXX compiler identification is GNU 9.4.0
-- Detecting C compiler ABI info
-- Detecting C compiler ABI info - done
-- Check for working C compiler: /usr/lib/ccache/cc - skipped
-- Detecting C compile features
-- Detecting C compile features - done
-- Detecting CXX compiler ABI info
-- Detecting CXX compiler ABI info - done
-- Check for working CXX compiler: /usr/lib/ccache/c++ - skipped
-- Detecting CXX compile features
-- Detecting CXX compile features - done
-- Found ament_cmake_ros: 0.9.2 (/opt/ros/foxy/share/ament_cmake_ros/cmake)
[33mCMake Warning (dev) at /opt/ros/foxy/share/ament_cmake_core/cmake/core/python.cmake:22 (find_package):
  Policy CMP0148 is not set: The FindPythonInterp and FindPythonLibs modules
  are removed.  Run "cmake --help-policy CMP0148" for policy details.  Use
  the cmake_policy command to set the policy and suppress this warning.

Call Stack (most recent call first):
  /opt/ros/foxy/share/ament_cmake_core/cmake/core/all.cmake:53 (include)
  /opt/ros/foxy/share/ament_cmake_core/cmake/ament_cmake_core-extras.cmake:17 (include)
  /opt/ros/foxy/share/ament_cmake_core/cmake/ament_cmake_coreConfig.cmake:41 (include)
  /opt/ros/foxy/share/ament_cmake_test/cmake/ament_cmake_test-extras.cmake:39 (find_package)
  /opt/ros/foxy/share/ament_cmake_test/cmake/ament_cmake_testConfig.cmake:41 (include)
  /opt/ros/foxy/share/ament_cmake_pytest/cmake/ament_cmake_pytest-extras.cmake:17 (find_package)
  /opt/ros/foxy/share/ament_cmake_pytest/cmake/ament_cmake_pytestConfig.cmake:41 (include)
  /opt/ros/foxy/share/ament_cmake_ros/cmake/ament_cmake_ros-extras.cmake:19 (find_package)
  /opt/ros/foxy/share/ament_cmake_ros/cmake/ament_cmake_rosConfig.cmake:41 (include)
  CMakeLists.txt:4 (find_package)
This warning is for project developers.  Use -Wno-dev to suppress it.
[0m
-- Found PythonInterp: /usr/bin/python3 (found suitable version "3.8.10", minimum required is "3") 
-- Using PYTHON_EXECUTABLE: /usr/bin/python3
[33mCMake Warning (dev) at CMakeLists.txt:16 (find_package):
  Policy CMP0148 is not set: The FindPythonInterp and FindPythonLibs modules
  are removed.  Run "cmake --help-policy CMP0148" for policy details.  Use
  the cmake_policy command to set the policy and suppress this warning.

This warning is for project developers.  Use -Wno-dev to suppress it.
[0m
-- Found PythonLibs: /usr/lib/x86_64-linux-gnu/libpython3.8.so (found version "3.8.10") 
-- Boost_VERSION_STRING: 1.71.0
-- Found Boost: /usr/lib/x86_64-linux-gnu/cmake/Boost-1.71.0/BoostConfig.cmake (found version "1.71.0") found components: python38 
-- Found rcpputils: 1.3.2 (/opt/ros/foxy/share/rcpputils/cmake)
-- Found sensor_msgs: 2.0.5 (/opt/ros/foxy/share/sensor_msgs/cmake)
-- Using all available rosidl_typesupport_c: rosidl_typesupport_fastrtps_c;rosidl_typesupport_introspection_c
-- Found rosidl_adapter: 1.3.1 (/opt/ros/foxy/share/rosidl_adapter/cmake)
-- Found OpenSSL: /usr/lib/x86_64-linux-gnu/libcrypto.so (found version "1.1.1f")  
-- Found FastRTPS: /opt/ros/foxy/include  
-- Using all available rosidl_typesupport_cpp: rosidl_typesupport_fastrtps_cpp;rosidl_typesupport_introspection_cpp
-- Performing Test COMPILER_HAS_HIDDEN_VISIBILITY
-- Performing Test COMPILER_HAS_HIDDEN_VISIBILITY - Success
-- Performing Test COMPILER_HAS_HIDDEN_INLINE_VISIBILITY
-- Performing Test COMPILER_HAS_HIDDEN_INLINE_VISIBILITY - Success
-- Performing Test COMPILER_HAS_DEPRECATED_ATTR
-- Performing Test COMPILER_HAS_DEPRECATED_ATTR - Success
[33mCMake Warning (dev) at src/CMakeLists.txt:27 (find_package):
  Policy CMP0148 is not set: The FindPythonInterp and FindPythonLibs modules
  are removed.  Run "cmake --help-policy CMP0148" for policy details.  Use
  the cmake_policy command to set the policy and suppress this warning.

This warning is for project developers.  Use -Wno-dev to suppress it.
[0m
-- Found PythonInterp: /usr/bin/python3 (found version "3.8.10") 
[33mCMake Warning (dev) at src/CMakeLists.txt:28 (find_package):
  Policy CMP0148 is not set: The FindPythonInterp and FindPythonLibs modules
  are removed.  Run "cmake --help-policy CMP0148" for policy details.  Use
  the cmake_policy command to set the policy and suppress this warning.

This warning is for project developers.  Use -Wno-dev to suppress it.
[0m
-- Found PythonLibs: /usr/lib/x86_64-linux-gnu/libpython3.8.so (found suitable version "3.8.10", minimum required is "3.8") 
-- Found ament_lint_auto: 0.9.8 (/opt/ros/foxy/share/ament_lint_auto/cmake)
-- Found gtest sources under '/opt/ros/foxy/src/gtest_vendor': C++ tests using 'Google Test' will be built
[0mCMake Deprecation Warning at /opt/ros/foxy/src/gtest_vendor/CMakeLists.txt:2 (cmake_minimum_required):
  Compatibility with CMake < 3.5 will be removed from a future version of
  CMake.

  Update the VERSION argument <min> value or use a ...<max> suffix to tell
  CMake that the project does not need compatibility with older versions.

[0m
-- Performing Test CMAKE_HAVE_LIBC_PTHREAD
-- Performing Test CMAKE_HAVE_LIBC_PTHREAD - Failed
-- Check if compiler accepts -pthread
-- Check if compiler accepts -pthread - yes
-- Found Threads: TRUE  
-- Configuring done (12.9s)
-- Generating done (0.1s)
-- Build files have been written to: /home/terranova/uav_ws/build/cv_bridge
[  6%] [32mBuilding CXX object src/CMakeFiles/cv_bridge.dir/cv_bridge.cpp.o[0m
[ 12%] [32mBuilding CXX object src/CMakeFiles/cv_bridge.dir/rgb_colors.cpp.o[0m
[ 18%] [32m[1mLinking CXX shared library libcv_bridge.so[0m
[ 18%] Built target cv_bridge
[ 25%] [32mBuilding CXX object gtest/CMakeFiles/gtest.dir/src/gtest-all.cc.o[0m
[ 31%] [32m[1mLinking CXX static library libgtest.a[0m
[ 31%] Built target gtest
[ 37%] [32mBuilding CXX object src/CMakeFiles/cv_bridge_boost.dir/module.cpp.o[0m
[ 43%] [32mBuilding CXX object src/CMakeFiles/cv_bridge_boost.dir/module_opencv3.cpp.o[0m
[ 50%] [32m[1mLinking CXX shared library boost/cv_bridge_boost.so[0m
[ 50%] Built target cv_bridge_boost
[ 56%] [32mBuilding CXX object gtest/CMakeFiles/gtest_main.dir/src/gtest_main.cc.o[0m
[ 62%] [32m[1mLinking CXX static library libgtest_main.a[0m
[ 62%] Built target gtest_main
[ 68%] [32mBuilding CXX object test/CMakeFiles/cv_bridge-utest.dir/test_endian.cpp.o[0m
[ 75%] [32mBuilding CXX object test/CMakeFiles/cv_bridge-utest.dir/utest2.cpp.o[0m
[ 81%] [32mBuilding CXX object test/CMakeFiles/cv_bridge-utest.dir/test_rgb_colors.cpp.o[0m
[ 87%] [32mBuilding CXX object test/CMakeFiles/cv_bridge-utest.dir/utest.cpp.o[0m
[ 93%] [32mBuilding CXX object test/CMakeFiles/cv_bridge-utest.dir/test_compression.cpp.o[0m
[100%] [32m[1mLinking CXX executable cv_bridge-utest[0m
[100%] Built target cv_bridge-utest
-- Install configuration: ""
-- Installing: /home/terranova/uav_ws/install/cv_bridge/share/cv_bridge/environment/pythonpath.sh
-- Installing: /home/terranova/uav_ws/install/cv_bridge/share/cv_bridge/environment/pythonpath.dsv
-- Installing: /home/terranova/uav_ws/install/cv_bridge/lib/python3.8/site-packages/cv_bridge
-- Installing: /home/terranova/uav_ws/install/cv_bridge/lib/python3.8/site-packages/cv_bridge/core.py
-- Installing: /home/terranova/uav_ws/install/cv_bridge/lib/python3.8/site-packages/cv_bridge/__init__.py
Listing '/home/terranova/uav_ws/install/cv_bridge/lib/python3.8/site-packages/cv_bridge'...
Compiling '/home/terranova/uav_ws/install/cv_bridge/lib/python3.8/site-packages/cv_bridge/__init__.py'...
Compiling '/home/terranova/uav_ws/install/cv_bridge/lib/python3.8/site-packages/cv_bridge/core.py'...
-- Installing: /home/terranova/uav_ws/install/cv_bridge/share/cv_bridge/environment/library_path.sh
-- Installing: /home/terranova/uav_ws/install/cv_bridge/share/cv_bridge/environment/library_path.dsv
-- Installing: /home/terranova/uav_ws/install/cv_bridge/include/cv_bridge
-- Installing: /home/terranova/uav_ws/install/cv_bridge/include/cv_bridge/cv_bridge.h
-- Installing: /home/terranova/uav_ws/install/cv_bridge/include/cv_bridge/rgb_colors.h
-- Installing: /home/terranova/uav_ws/install/cv_bridge/lib/libcv_bridge.so
-- Set non-toolchain portion of runtime path of "/home/terranova/uav_ws/install/cv_bridge/lib/libcv_bridge.so" to ""
-- Installing: /home/terranova/uav_ws/install/cv_bridge/share/ament_index/resource_index/package_run_dependencies/cv_bridge
-- Installing: /home/terranova/uav_ws/install/cv_bridge/share/ament_index/resource_index/parent_prefix_path/cv_bridge
-- Installing: /home/terranova/uav_ws/install/cv_bridge/share/cv_bridge/environment/ament_prefix_path.sh
-- Installing: /home/terranova/uav_ws/install/cv_bridge/share/cv_bridge/environment/ament_prefix_path.dsv
-- Installing: /home/terranova/uav_ws/install/cv_bridge/share/cv_bridge/environment/path.sh
-- Installing: /home/terranova/uav_ws/install/cv_bridge/share/cv_bridge/environment/path.dsv
-- Installing: /home/terranova/uav_ws/install/cv_bridge/share/cv_bridge/local_setup.bash
-- Installing: /home/terranova/uav_ws/install/cv_bridge/share/cv_bridge/local_setup.sh
-- Installing: /home/terranova/uav_ws/install/cv_bridge/share/cv_bridge/local_setup.zsh
-- Installing: /home/terranova/uav_ws/install/cv_bridge/share/cv_bridge/local_setup.dsv
-- Installing: /home/terranova/uav_ws/install/cv_bridge/share/cv_bridge/package.dsv
-- Installing: /home/terranova/uav_ws/install/cv_bridge/share/ament_index/resource_index/packages/cv_bridge
-- Installing: /home/terranova/uav_ws/install/cv_bridge/share/cv_bridge/cmake/cv_bridge-extras.cmake
-- Installing: /home/terranova/uav_ws/install/cv_bridge/share/cv_bridge/cmake/ament_cmake_export_dependencies-extras.cmake
-- Installing: /home/terranova/uav_ws/install/cv_bridge/share/cv_bridge/cmake/ament_cmake_export_include_directories-extras.cmake
-- Installing: /home/terranova/uav_ws/install/cv_bridge/share/cv_bridge/cmake/ament_cmake_export_libraries-extras.cmake
-- Installing: /home/terranova/uav_ws/install/cv_bridge/share/cv_bridge/cmake/cv_bridgeConfig.cmake
-- Installing: /home/terranova/uav_ws/install/cv_bridge/share/cv_bridge/cmake/cv_bridgeConfig-version.cmake
-- Installing: /home/terranova/uav_ws/install/cv_bridge/share/cv_bridge/package.xml
-- Up-to-date: /home/terranova/uav_ws/install/cv_bridge/lib/libcv_bridge.so
-- Installing: /home/terranova/uav_ws/install/cv_bridge/include/cv_bridge/cv_bridge_export.h
-- Installing: /home/terranova/uav_ws/install/cv_bridge/lib/python3.8/site-packages/cv_bridge/boost/cv_bridge_boost.so
-- Set non-toolchain portion of runtime path of "/home/terranova/uav_ws/install/cv_bridge/lib/python3.8/site-packages/cv_bridge/boost/cv_bridge_boost.so" to ""
