[0.047s] Invoking command in '/home/terranova/uav_ws/build/cv_bridge': CMAKE_PREFIX_PATH=/opt/ros/foxy /home/terranova/.local/bin/cmake /home/terranova/uav_ws/src/vision_opencv/cv_bridge -DCMAKE_INSTALL_PREFIX=/home/terranova/uav_ws/install/cv_bridge
[0.344s] -- The C compiler identification is GNU 9.4.0
[0.531s] -- The CXX compiler identification is GNU 9.4.0
[0.587s] -- Detecting C compiler ABI info
[0.731s] -- Detecting C compiler ABI info - done
[0.779s] -- Check for working C compiler: /usr/lib/ccache/cc - skipped
[1.542s] -- Detecting C compile features
[1.552s] -- Detecting C compile features - done
[1.587s] -- Detecting CXX compiler ABI info
[1.802s] -- Detecting CXX compiler ABI info - done
[1.834s] -- Check for working CXX compiler: /usr/lib/ccache/c++ - skipped
[1.835s] -- Detecting CXX compile features
[1.836s] -- Detecting CXX compile features - done
[1.842s] -- Found ament_cmake_ros: 0.9.2 (/opt/ros/foxy/share/ament_cmake_ros/cmake)
[1.883s] [33mCMake Warning (dev) at /opt/ros/foxy/share/ament_cmake_core/cmake/core/python.cmake:22 (find_package):
[1.883s]   Policy CMP0148 is not set: The FindPythonInterp and FindPythonLibs modules
[1.884s]   are removed.  Run "cmake --help-policy CMP0148" for policy details.  Use
[1.884s]   the cmake_policy command to set the policy and suppress this warning.
[1.884s] 
[1.884s] Call Stack (most recent call first):
[1.884s]   /opt/ros/foxy/share/ament_cmake_core/cmake/core/all.cmake:53 (include)
[1.884s]   /opt/ros/foxy/share/ament_cmake_core/cmake/ament_cmake_core-extras.cmake:17 (include)
[1.885s]   /opt/ros/foxy/share/ament_cmake_core/cmake/ament_cmake_coreConfig.cmake:41 (include)
[1.885s]   /opt/ros/foxy/share/ament_cmake_test/cmake/ament_cmake_test-extras.cmake:39 (find_package)
[1.885s]   /opt/ros/foxy/share/ament_cmake_test/cmake/ament_cmake_testConfig.cmake:41 (include)
[1.885s]   /opt/ros/foxy/share/ament_cmake_pytest/cmake/ament_cmake_pytest-extras.cmake:17 (find_package)
[1.886s]   /opt/ros/foxy/share/ament_cmake_pytest/cmake/ament_cmake_pytestConfig.cmake:41 (include)
[1.886s]   /opt/ros/foxy/share/ament_cmake_ros/cmake/ament_cmake_ros-extras.cmake:19 (find_package)
[1.886s]   /opt/ros/foxy/share/ament_cmake_ros/cmake/ament_cmake_rosConfig.cmake:41 (include)
[1.886s]   CMakeLists.txt:4 (find_package)
[1.887s] This warning is for project developers.  Use -Wno-dev to suppress it.
[1.887s] [0m
[1.942s] -- Found PythonInterp: /usr/bin/python3 (found suitable version "3.8.10", minimum required is "3") 
[1.943s] -- Using PYTHON_EXECUTABLE: /usr/bin/python3
[2.554s] [33mCMake Warning (dev) at CMakeLists.txt:16 (find_package):
[2.554s]   Policy CMP0148 is not set: The FindPythonInterp and FindPythonLibs modules
[2.555s]   are removed.  Run "cmake --help-policy CMP0148" for policy details.  Use
[2.555s]   the cmake_policy command to set the policy and suppress this warning.
[2.555s] 
[2.555s] This warning is for project developers.  Use -Wno-dev to suppress it.
[2.555s] [0m
[2.600s] -- Found PythonLibs: /usr/lib/x86_64-linux-gnu/libpython3.8.so (found version "3.8.10") 
[2.626s] -- Boost_VERSION_STRING: 1.71.0
[2.645s] -- Found Boost: /usr/lib/x86_64-linux-gnu/cmake/Boost-1.71.0/BoostConfig.cmake (found version "1.71.0") found components: python38 
[2.652s] -- Found rcpputils: 1.3.2 (/opt/ros/foxy/share/rcpputils/cmake)
[2.681s] -- Found sensor_msgs: 2.0.5 (/opt/ros/foxy/share/sensor_msgs/cmake)
[2.733s] -- Using all available rosidl_typesupport_c: rosidl_typesupport_fastrtps_c;rosidl_typesupport_introspection_c
[2.755s] -- Found rosidl_adapter: 1.3.1 (/opt/ros/foxy/share/rosidl_adapter/cmake)
[2.985s] -- Found OpenSSL: /usr/lib/x86_64-linux-gnu/libcrypto.so (found version "1.1.1f")  
[3.082s] -- Found FastRTPS: /opt/ros/foxy/include  
[3.312s] -- Using all available rosidl_typesupport_cpp: rosidl_typesupport_fastrtps_cpp;rosidl_typesupport_introspection_cpp
[4.290s] -- Performing Test COMPILER_HAS_HIDDEN_VISIBILITY
[4.521s] -- Performing Test COMPILER_HAS_HIDDEN_VISIBILITY - Success
[4.521s] -- Performing Test COMPILER_HAS_HIDDEN_INLINE_VISIBILITY
[4.745s] -- Performing Test COMPILER_HAS_HIDDEN_INLINE_VISIBILITY - Success
[4.746s] -- Performing Test COMPILER_HAS_DEPRECATED_ATTR
[4.987s] -- Performing Test COMPILER_HAS_DEPRECATED_ATTR - Success
[5.002s] [33mCMake Warning (dev) at src/CMakeLists.txt:27 (find_package):
[5.002s]   Policy CMP0148 is not set: The FindPythonInterp and FindPythonLibs modules
[5.003s]   are removed.  Run "cmake --help-policy CMP0148" for policy details.  Use
[5.003s]   the cmake_policy command to set the policy and suppress this warning.
[5.004s] 
[5.004s] This warning is for project developers.  Use -Wno-dev to suppress it.
[5.005s] [0m
[5.073s] -- Found PythonInterp: /usr/bin/python3 (found version "3.8.10") 
[5.074s] [33mCMake Warning (dev) at src/CMakeLists.txt:28 (find_package):
[5.074s]   Policy CMP0148 is not set: The FindPythonInterp and FindPythonLibs modules
[5.075s]   are removed.  Run "cmake --help-policy CMP0148" for policy details.  Use
[5.075s]   the cmake_policy command to set the policy and suppress this warning.
[5.075s] 
[5.076s] This warning is for project developers.  Use -Wno-dev to suppress it.
[5.076s] [0m
[5.082s] -- Found PythonLibs: /usr/lib/x86_64-linux-gnu/libpython3.8.so (found suitable version "3.8.10", minimum required is "3.8") 
[5.406s] -- Found ament_lint_auto: 0.9.8 (/opt/ros/foxy/share/ament_lint_auto/cmake)
[5.631s] -- Found gtest sources under '/opt/ros/foxy/src/gtest_vendor': C++ tests using 'Google Test' will be built
[5.636s] [0mCMake Deprecation Warning at /opt/ros/foxy/src/gtest_vendor/CMakeLists.txt:2 (cmake_minimum_required):
[5.636s]   Compatibility with CMake < 3.5 will be removed from a future version of
[5.636s]   CMake.
[5.637s] 
[5.637s]   Update the VERSION argument <min> value or use a ...<max> suffix to tell
[5.637s]   CMake that the project does not need compatibility with older versions.
[5.637s] 
[5.637s] [0m
[5.640s] -- Performing Test CMAKE_HAVE_LIBC_PTHREAD
[5.850s] -- Performing Test CMAKE_HAVE_LIBC_PTHREAD - Failed
[5.851s] -- Check if compiler accepts -pthread
[6.098s] -- Check if compiler accepts -pthread - yes
[6.103s] -- Found Threads: TRUE  
[13.002s] -- Configuring done (12.9s)
[13.093s] -- Generating done (0.1s)
[13.110s] -- Build files have been written to: /home/terranova/uav_ws/build/cv_bridge
[13.154s] Invoked command in '/home/terranova/uav_ws/build/cv_bridge' returned '0': CMAKE_PREFIX_PATH=/opt/ros/foxy /home/terranova/.local/bin/cmake /home/terranova/uav_ws/src/vision_opencv/cv_bridge -DCMAKE_INSTALL_PREFIX=/home/terranova/uav_ws/install/cv_bridge
[13.156s] Invoking command in '/home/terranova/uav_ws/build/cv_bridge': CMAKE_PREFIX_PATH=/opt/ros/foxy /home/terranova/.local/bin/cmake --build /home/terranova/uav_ws/build/cv_bridge -- -j4 -l4
[13.456s] [  6%] [32mBuilding CXX object src/CMakeFiles/cv_bridge.dir/cv_bridge.cpp.o[0m
[28.177s] [ 12%] [32mBuilding CXX object src/CMakeFiles/cv_bridge.dir/rgb_colors.cpp.o[0m
[28.721s] [ 18%] [32m[1mLinking CXX shared library libcv_bridge.so[0m
[29.190s] [ 18%] Built target cv_bridge
[29.208s] [ 25%] [32mBuilding CXX object gtest/CMakeFiles/gtest.dir/src/gtest-all.cc.o[0m
[38.607s] [ 31%] [32m[1mLinking CXX static library libgtest.a[0m
[38.741s] [ 31%] Built target gtest
[38.765s] [ 37%] [32mBuilding CXX object src/CMakeFiles/cv_bridge_boost.dir/module.cpp.o[0m
[54.560s] [ 43%] [32mBuilding CXX object src/CMakeFiles/cv_bridge_boost.dir/module_opencv3.cpp.o[0m
[68.429s] [ 50%] [32m[1mLinking CXX shared library boost/cv_bridge_boost.so[0m
[68.721s] [ 50%] Built target cv_bridge_boost
[68.742s] [ 56%] [32mBuilding CXX object gtest/CMakeFiles/gtest_main.dir/src/gtest_main.cc.o[0m
[70.914s] [ 62%] [32m[1mLinking CXX static library libgtest_main.a[0m
[70.949s] [ 62%] Built target gtest_main
[70.973s] [ 68%] [32mBuilding CXX object test/CMakeFiles/cv_bridge-utest.dir/test_endian.cpp.o[0m
[75.108s] [ 75%] [32mBuilding CXX object test/CMakeFiles/cv_bridge-utest.dir/utest2.cpp.o[0m
[79.124s] [ 81%] [32mBuilding CXX object test/CMakeFiles/cv_bridge-utest.dir/test_rgb_colors.cpp.o[0m
[85.854s] [ 87%] [32mBuilding CXX object test/CMakeFiles/cv_bridge-utest.dir/utest.cpp.o[0m
[90.177s] [ 93%] [32mBuilding CXX object test/CMakeFiles/cv_bridge-utest.dir/test_compression.cpp.o[0m
[95.349s] [100%] [32m[1mLinking CXX executable cv_bridge-utest[0m
[96.525s] [100%] Built target cv_bridge-utest
[96.555s] Invoked command in '/home/terranova/uav_ws/build/cv_bridge' returned '0': CMAKE_PREFIX_PATH=/opt/ros/foxy /home/terranova/.local/bin/cmake --build /home/terranova/uav_ws/build/cv_bridge -- -j4 -l4
[96.685s] Invoking command in '/home/terranova/uav_ws/build/cv_bridge': CMAKE_PREFIX_PATH=/opt/ros/foxy /home/terranova/.local/bin/cmake --install /home/terranova/uav_ws/build/cv_bridge
[96.769s] -- Install configuration: ""
[96.769s] -- Installing: /home/terranova/uav_ws/install/cv_bridge/share/cv_bridge/environment/pythonpath.sh
[96.769s] -- Installing: /home/terranova/uav_ws/install/cv_bridge/share/cv_bridge/environment/pythonpath.dsv
[96.771s] -- Installing: /home/terranova/uav_ws/install/cv_bridge/lib/python3.8/site-packages/cv_bridge
[96.772s] -- Installing: /home/terranova/uav_ws/install/cv_bridge/lib/python3.8/site-packages/cv_bridge/core.py
[96.773s] -- Installing: /home/terranova/uav_ws/install/cv_bridge/lib/python3.8/site-packages/cv_bridge/__init__.py
[96.868s] Listing '/home/terranova/uav_ws/install/cv_bridge/lib/python3.8/site-packages/cv_bridge'...
[96.869s] Compiling '/home/terranova/uav_ws/install/cv_bridge/lib/python3.8/site-packages/cv_bridge/__init__.py'...
[96.869s] Compiling '/home/terranova/uav_ws/install/cv_bridge/lib/python3.8/site-packages/cv_bridge/core.py'...
[96.883s] -- Installing: /home/terranova/uav_ws/install/cv_bridge/share/cv_bridge/environment/library_path.sh
[96.884s] -- Installing: /home/terranova/uav_ws/install/cv_bridge/share/cv_bridge/environment/library_path.dsv
[96.885s] -- Installing: /home/terranova/uav_ws/install/cv_bridge/include/cv_bridge
[96.886s] -- Installing: /home/terranova/uav_ws/install/cv_bridge/include/cv_bridge/cv_bridge.h
[96.890s] -- Installing: /home/terranova/uav_ws/install/cv_bridge/include/cv_bridge/rgb_colors.h
[96.893s] -- Installing: /home/terranova/uav_ws/install/cv_bridge/lib/libcv_bridge.so
[96.910s] -- Set non-toolchain portion of runtime path of "/home/terranova/uav_ws/install/cv_bridge/lib/libcv_bridge.so" to ""
[96.911s] -- Installing: /home/terranova/uav_ws/install/cv_bridge/share/ament_index/resource_index/package_run_dependencies/cv_bridge
[96.916s] -- Installing: /home/terranova/uav_ws/install/cv_bridge/share/ament_index/resource_index/parent_prefix_path/cv_bridge
[96.917s] -- Installing: /home/terranova/uav_ws/install/cv_bridge/share/cv_bridge/environment/ament_prefix_path.sh
[96.918s] -- Installing: /home/terranova/uav_ws/install/cv_bridge/share/cv_bridge/environment/ament_prefix_path.dsv
[96.919s] -- Installing: /home/terranova/uav_ws/install/cv_bridge/share/cv_bridge/environment/path.sh
[96.920s] -- Installing: /home/terranova/uav_ws/install/cv_bridge/share/cv_bridge/environment/path.dsv
[96.920s] -- Installing: /home/terranova/uav_ws/install/cv_bridge/share/cv_bridge/local_setup.bash
[96.921s] -- Installing: /home/terranova/uav_ws/install/cv_bridge/share/cv_bridge/local_setup.sh
[96.922s] -- Installing: /home/terranova/uav_ws/install/cv_bridge/share/cv_bridge/local_setup.zsh
[96.924s] -- Installing: /home/terranova/uav_ws/install/cv_bridge/share/cv_bridge/local_setup.dsv
[96.925s] -- Installing: /home/terranova/uav_ws/install/cv_bridge/share/cv_bridge/package.dsv
[96.926s] -- Installing: /home/terranova/uav_ws/install/cv_bridge/share/ament_index/resource_index/packages/cv_bridge
[96.927s] -- Installing: /home/terranova/uav_ws/install/cv_bridge/share/cv_bridge/cmake/cv_bridge-extras.cmake
[96.928s] -- Installing: /home/terranova/uav_ws/install/cv_bridge/share/cv_bridge/cmake/ament_cmake_export_dependencies-extras.cmake
[96.930s] -- Installing: /home/terranova/uav_ws/install/cv_bridge/share/cv_bridge/cmake/ament_cmake_export_include_directories-extras.cmake
[96.931s] -- Installing: /home/terranova/uav_ws/install/cv_bridge/share/cv_bridge/cmake/ament_cmake_export_libraries-extras.cmake
[96.932s] -- Installing: /home/terranova/uav_ws/install/cv_bridge/share/cv_bridge/cmake/cv_bridgeConfig.cmake
[96.933s] -- Installing: /home/terranova/uav_ws/install/cv_bridge/share/cv_bridge/cmake/cv_bridgeConfig-version.cmake
[96.934s] -- Installing: /home/terranova/uav_ws/install/cv_bridge/share/cv_bridge/package.xml
[96.937s] -- Up-to-date: /home/terranova/uav_ws/install/cv_bridge/lib/libcv_bridge.so
[96.938s] -- Installing: /home/terranova/uav_ws/install/cv_bridge/include/cv_bridge/cv_bridge_export.h
[96.942s] -- Installing: /home/terranova/uav_ws/install/cv_bridge/lib/python3.8/site-packages/cv_bridge/boost/cv_bridge_boost.so
[96.944s] -- Set non-toolchain portion of runtime path of "/home/terranova/uav_ws/install/cv_bridge/lib/python3.8/site-packages/cv_bridge/boost/cv_bridge_boost.so" to ""
[96.969s] Invoked command in '/home/terranova/uav_ws/build/cv_bridge' returned '0': CMAKE_PREFIX_PATH=/opt/ros/foxy /home/terranova/.local/bin/cmake --install /home/terranova/uav_ws/build/cv_bridge
