[0.061s] Invoking command in '/home/terranova/uav_ws/build/absl': /home/terranova/.local/bin/cmake --build /home/terranova/uav_ws/build/absl -- -j4 -l4
[0.393s] [  1%] Built target log_severity
[0.429s] [  2%] Built target spinlock_wait
[0.446s] [  3%] Built target strerror
[0.466s] [  8%] Built target time_zone
[0.532s] [  9%] Built target int128
[0.553s] [ 10%] Built target civil_time
[0.568s] [ 10%] Built target exponential_biased
[0.577s] [ 11%] Built target leak_check
[0.658s] [ 12%] Built target flags_commandlineflag_internal
[0.674s] [ 13%] Built target log_internal_nullguard
[0.691s] [ 14%] Built target periodic_sampler
[0.692s] [ 14%] Built target random_seed_gen_exception
[0.774s] [ 15%] Built target random_internal_platform
[0.792s] [ 16%] Built target raw_logging_internal
[0.851s] [ 17%] Built target random_internal_randen_slow
[0.856s] [ 18%] Built target random_internal_randen_hwaes_impl
[0.886s] [ 19%] Built target throw_delegate
[0.915s] [ 22%] Built target base
[0.945s] [ 23%] Built target scoped_set_env
[0.983s] [ 25%] Built target debugging_internal
[0.995s] [ 26%] Built target bad_variant_access
[1.016s] [ 27%] Built target bad_optional_access
[1.054s] [ 28%] Built target crc_cpu_detect
[1.097s] [ 29%] Built target cordz_functions
[1.121s] [ 30%] Built target log_internal_conditions
[1.124s] [ 31%] Built target random_internal_randen_hwaes
[1.169s] [ 31%] Built target bad_any_cast_impl
[1.261s] [ 32%] Built target stacktrace
[1.277s] [ 34%] Built target strings_internal
[1.289s] [ 34%] Built target malloc_internal
[1.303s] [ 35%] Built target demangle_internal
[1.380s] [ 36%] Built target string_view
[1.416s] [ 36%] Built target city
[1.440s] [ 37%] Built target crc_internal
[1.442s] [ 38%] Built target low_level_hash
[1.517s] [ 39%] Built target random_internal_randen
[1.564s] [ 39%] Built target graphcycles_internal
[1.624s] [ 45%] Built target strings
[1.725s] [ 46%] Built target symbolize
[1.757s] [ 47%] Built target hash
[1.784s] [ 49%] Built target time
[1.833s] [ 52%] Built target str_format_internal
[1.849s] [ 53%] Built target flags_commandlineflag
[1.872s] [ 54%] Built target log_internal_proto
[1.917s] [ 55%] Built target log_internal_fnmatch
[1.958s] [ 56%] Built target log_entry
[1.987s] [ 57%] Built target random_distributions
[2.004s] [ 58%] Built target random_internal_seed_material
[2.044s] [ 60%] Built target random_internal_distribution_test_util
[2.098s] [ 61%] Built target kernel_timeout_internal
[2.098s] [ 62%] Built target examine_stack
[2.117s] [ 64%] Built target crc32c
[2.188s] [ 64%] Built target flags_marshalling
[2.207s] [ 65%] Built target flags_private_handle_accessor
[2.245s] [ 66%] Built target log_internal_globals
[2.257s] [ 67%] Built target log_sink
[2.304s] [ 67%] Built target random_internal_pool_urbg
[2.380s] [ 68%] Built target failure_signal_handler
[2.384s] [ 69%] Built target crc_cord_state
[2.415s] [ 70%] Built target log_internal_format
[2.458s] [ 75%] Built target synchronization
[2.519s] [ 76%] Built target random_seed_sequences
[2.575s] [ 79%] Built target cord_internal
[2.589s] [ 80%] Built target flags_program_name
[2.608s] [ 81%] Built target hashtablez_sampler
[2.685s] [ 82%] Built target cordz_handle
[2.710s] [ 83%] Built target vlog_config_internal
[2.740s] [ 84%] Built target flags_config
[2.757s] [ 85%] Built target raw_hash_set
[2.839s] [ 85%] Built target cordz_info
[2.870s] [ 86%] Built target log_globals
[2.891s] [ 87%] Built target flags_internal
[2.998s] [ 88%] Built target cordz_sample_token
[3.004s] [ 90%] Built target cord
[3.013s] [ 90%] Built target log_initialize
[3.021s] [ 90%] Built target log_internal_log_sink_set
[3.130s] [ 91%] Built target log_internal_message
[3.142s] [ 92%] Built target flags_reflection
[3.163s] [ 93%] Built target status
[3.266s] [ 94%] Built target flags_usage_internal
[3.330s] [ 95%] Built target log_internal_check_op
[3.344s] [ 96%] Built target die_if_null
[3.359s] [ 97%] Built target log_flags
[3.458s] [ 98%] Built target statusor
[3.470s] [ 99%] Built target flags_usage
[3.560s] [100%] Built target flags_parse
[3.592s] Invoked command in '/home/terranova/uav_ws/build/absl' returned '0': /home/terranova/.local/bin/cmake --build /home/terranova/uav_ws/build/absl -- -j4 -l4
[4.960s] Invoking command in '/home/terranova/uav_ws/build/absl': /home/terranova/.local/bin/cmake --install /home/terranova/uav_ws/build/absl
[5.122s] -- Install configuration: ""
[5.126s] -- Up-to-date: /home/terranova/uav_ws/install/absl/lib/cmake/absl/abslTargets.cmake
[5.126s] -- Up-to-date: /home/terranova/uav_ws/install/absl/lib/cmake/absl/abslTargets-noconfig.cmake
[5.127s] -- Up-to-date: /home/terranova/uav_ws/install/absl/lib/cmake/absl/abslConfig.cmake
[5.127s] -- Up-to-date: /home/terranova/uav_ws/install/absl/include/absl
[5.129s] -- Up-to-date: /home/terranova/uav_ws/install/absl/include/absl/hash
[5.130s] -- Up-to-date: /home/terranova/uav_ws/install/absl/include/absl/hash/hash_testing.h
[5.131s] -- Up-to-date: /home/terranova/uav_ws/install/absl/include/absl/hash/internal
[5.132s] -- Up-to-date: /home/terranova/uav_ws/install/absl/include/absl/hash/internal/hash_test.h
[5.132s] -- Up-to-date: /home/terranova/uav_ws/install/absl/include/absl/hash/internal/hash.h
[5.133s] -- Up-to-date: /home/terranova/uav_ws/install/absl/include/absl/hash/internal/city.h
[5.133s] -- Up-to-date: /home/terranova/uav_ws/install/absl/include/absl/hash/internal/spy_hash_state.h
[5.134s] -- Up-to-date: /home/terranova/uav_ws/install/absl/include/absl/hash/internal/low_level_hash.h
[5.134s] -- Up-to-date: /home/terranova/uav_ws/install/absl/include/absl/hash/hash.h
[5.134s] -- Up-to-date: /home/terranova/uav_ws/install/absl/include/absl/strings
[5.135s] -- Up-to-date: /home/terranova/uav_ws/install/absl/include/absl/strings/numbers.h
[5.136s] -- Up-to-date: /home/terranova/uav_ws/install/absl/include/absl/strings/cord.h
[5.136s] -- Up-to-date: /home/terranova/uav_ws/install/absl/include/absl/strings/str_split.h
[5.137s] -- Up-to-date: /home/terranova/uav_ws/install/absl/include/absl/strings/escaping.h
[5.137s] -- Up-to-date: /home/terranova/uav_ws/install/absl/include/absl/strings/internal
[5.140s] -- Up-to-date: /home/terranova/uav_ws/install/absl/include/absl/strings/internal/escaping_test_common.h
[5.141s] -- Up-to-date: /home/terranova/uav_ws/install/absl/include/absl/strings/internal/cord_internal.h
[5.141s] -- Up-to-date: /home/terranova/uav_ws/install/absl/include/absl/strings/internal/cord_rep_btree_reader.h
[5.142s] -- Up-to-date: /home/terranova/uav_ws/install/absl/include/absl/strings/internal/damerau_levenshtein_distance.h
[5.143s] -- Up-to-date: /home/terranova/uav_ws/install/absl/include/absl/strings/internal/charconv_bigint.h
[5.143s] -- Up-to-date: /home/terranova/uav_ws/install/absl/include/absl/strings/internal/numbers_test_common.h
[5.143s] -- Up-to-date: /home/terranova/uav_ws/install/absl/include/absl/strings/internal/cord_rep_btree_navigator.h
[5.144s] -- Up-to-date: /home/terranova/uav_ws/install/absl/include/absl/strings/internal/escaping.h
[5.144s] -- Up-to-date: /home/terranova/uav_ws/install/absl/include/absl/strings/internal/string_constant.h
[5.145s] -- Up-to-date: /home/terranova/uav_ws/install/absl/include/absl/strings/internal/cord_rep_consume.h
[5.145s] -- Up-to-date: /home/terranova/uav_ws/install/absl/include/absl/strings/internal/stl_type_traits.h
[5.146s] -- Up-to-date: /home/terranova/uav_ws/install/absl/include/absl/strings/internal/resize_uninitialized.h
[5.146s] -- Up-to-date: /home/terranova/uav_ws/install/absl/include/absl/strings/internal/stringify_sink.h
[5.146s] -- Up-to-date: /home/terranova/uav_ws/install/absl/include/absl/strings/internal/cord_rep_crc.h
[5.147s] -- Up-to-date: /home/terranova/uav_ws/install/absl/include/absl/strings/internal/utf8.h
[5.147s] -- Up-to-date: /home/terranova/uav_ws/install/absl/include/absl/strings/internal/ostringstream.h
[5.148s] -- Up-to-date: /home/terranova/uav_ws/install/absl/include/absl/strings/internal/str_split_internal.h
[5.148s] -- Up-to-date: /home/terranova/uav_ws/install/absl/include/absl/strings/internal/charconv_parse.h
[5.148s] -- Up-to-date: /home/terranova/uav_ws/install/absl/include/absl/strings/internal/cord_rep_flat.h
[5.149s] -- Up-to-date: /home/terranova/uav_ws/install/absl/include/absl/strings/internal/cord_rep_test_util.h
[5.149s] -- Up-to-date: /home/terranova/uav_ws/install/absl/include/absl/strings/internal/cordz_update_tracker.h
[5.150s] -- Up-to-date: /home/terranova/uav_ws/install/absl/include/absl/strings/internal/memutil.h
[5.150s] -- Up-to-date: /home/terranova/uav_ws/install/absl/include/absl/strings/internal/cord_data_edge.h
[5.150s] -- Up-to-date: /home/terranova/uav_ws/install/absl/include/absl/strings/internal/str_join_internal.h
[5.151s] -- Up-to-date: /home/terranova/uav_ws/install/absl/include/absl/strings/internal/has_absl_stringify.h
[5.151s] -- Up-to-date: /home/terranova/uav_ws/install/absl/include/absl/strings/internal/cordz_sample_token.h
[5.152s] -- Up-to-date: /home/terranova/uav_ws/install/absl/include/absl/strings/internal/cordz_statistics.h
[5.154s] -- Up-to-date: /home/terranova/uav_ws/install/absl/include/absl/strings/internal/str_format
[5.155s] -- Up-to-date: /home/terranova/uav_ws/install/absl/include/absl/strings/internal/str_format/parser.h
[5.155s] -- Up-to-date: /home/terranova/uav_ws/install/absl/include/absl/strings/internal/str_format/output.h
[5.156s] -- Up-to-date: /home/terranova/uav_ws/install/absl/include/absl/strings/internal/str_format/constexpr_parser.h
[5.156s] -- Up-to-date: /home/terranova/uav_ws/install/absl/include/absl/strings/internal/str_format/extension.h
[5.156s] -- Up-to-date: /home/terranova/uav_ws/install/absl/include/absl/strings/internal/str_format/float_conversion.h
[5.156s] -- Up-to-date: /home/terranova/uav_ws/install/absl/include/absl/strings/internal/str_format/checker.h
[5.156s] -- Up-to-date: /home/terranova/uav_ws/install/absl/include/absl/strings/internal/str_format/bind.h
[5.157s] -- Up-to-date: /home/terranova/uav_ws/install/absl/include/absl/strings/internal/str_format/arg.h
[5.157s] -- Up-to-date: /home/terranova/uav_ws/install/absl/include/absl/strings/internal/cord_rep_btree.h
[5.157s] -- Up-to-date: /home/terranova/uav_ws/install/absl/include/absl/strings/internal/cordz_handle.h
[5.157s] -- Up-to-date: /home/terranova/uav_ws/install/absl/include/absl/strings/internal/cordz_functions.h
[5.157s] -- Up-to-date: /home/terranova/uav_ws/install/absl/include/absl/strings/internal/cordz_info.h
[5.157s] -- Up-to-date: /home/terranova/uav_ws/install/absl/include/absl/strings/internal/cordz_update_scope.h
[5.158s] -- Up-to-date: /home/terranova/uav_ws/install/absl/include/absl/strings/internal/pow10_helper.h
[5.159s] -- Up-to-date: /home/terranova/uav_ws/install/absl/include/absl/strings/str_replace.h
[5.159s] -- Up-to-date: /home/terranova/uav_ws/install/absl/include/absl/strings/str_join.h
[5.160s] -- Up-to-date: /home/terranova/uav_ws/install/absl/include/absl/strings/str_cat.h
[5.161s] -- Up-to-date: /home/terranova/uav_ws/install/absl/include/absl/strings/cord_analysis.h
[5.161s] -- Up-to-date: /home/terranova/uav_ws/install/absl/include/absl/strings/cord_test_helpers.h
[5.161s] -- Up-to-date: /home/terranova/uav_ws/install/absl/include/absl/strings/charset.h
[5.162s] -- Up-to-date: /home/terranova/uav_ws/install/absl/include/absl/strings/cord_buffer.h
[5.162s] -- Up-to-date: /home/terranova/uav_ws/install/absl/include/absl/strings/string_view.h
[5.162s] -- Up-to-date: /home/terranova/uav_ws/install/absl/include/absl/strings/str_format.h
[5.162s] -- Up-to-date: /home/terranova/uav_ws/install/absl/include/absl/strings/match.h
[5.163s] -- Up-to-date: /home/terranova/uav_ws/install/absl/include/absl/strings/strip.h
[5.163s] -- Up-to-date: /home/terranova/uav_ws/install/absl/include/absl/strings/cordz_test_helpers.h
[5.163s] -- Up-to-date: /home/terranova/uav_ws/install/absl/include/absl/strings/has_ostream_operator.h
[5.163s] -- Up-to-date: /home/terranova/uav_ws/install/absl/include/absl/strings/substitute.h
[5.163s] -- Up-to-date: /home/terranova/uav_ws/install/absl/include/absl/strings/has_absl_stringify.h
[5.163s] -- Up-to-date: /home/terranova/uav_ws/install/absl/include/absl/strings/ascii.h
[5.164s] -- Up-to-date: /home/terranova/uav_ws/install/absl/include/absl/strings/charconv.h
[5.164s] -- Up-to-date: /home/terranova/uav_ws/install/absl/include/absl/types
[5.169s] -- Up-to-date: /home/terranova/uav_ws/install/absl/include/absl/types/compare.h
[5.169s] -- Up-to-date: /home/terranova/uav_ws/install/absl/include/absl/types/bad_any_cast.h
[5.169s] -- Up-to-date: /home/terranova/uav_ws/install/absl/include/absl/types/span.h
[5.170s] -- Up-to-date: /home/terranova/uav_ws/install/absl/include/absl/types/internal
[5.170s] -- Up-to-date: /home/terranova/uav_ws/install/absl/include/absl/types/internal/span.h
[5.170s] -- Up-to-date: /home/terranova/uav_ws/install/absl/include/absl/types/internal/optional.h
[5.170s] -- Up-to-date: /home/terranova/uav_ws/install/absl/include/absl/types/internal/variant.h
[5.170s] -- Up-to-date: /home/terranova/uav_ws/install/absl/include/absl/types/bad_variant_access.h
[5.171s] -- Up-to-date: /home/terranova/uav_ws/install/absl/include/absl/types/optional.h
[5.171s] -- Up-to-date: /home/terranova/uav_ws/install/absl/include/absl/types/variant.h
[5.171s] -- Up-to-date: /home/terranova/uav_ws/install/absl/include/absl/types/any.h
[5.171s] -- Up-to-date: /home/terranova/uav_ws/install/absl/include/absl/types/bad_optional_access.h
[5.172s] -- Up-to-date: /home/terranova/uav_ws/install/absl/include/absl/numeric
[5.172s] -- Up-to-date: /home/terranova/uav_ws/install/absl/include/absl/numeric/int128_have_intrinsic.inc
[5.172s] -- Up-to-date: /home/terranova/uav_ws/install/absl/include/absl/numeric/internal
[5.173s] -- Up-to-date: /home/terranova/uav_ws/install/absl/include/absl/numeric/internal/representation.h
[5.173s] -- Up-to-date: /home/terranova/uav_ws/install/absl/include/absl/numeric/internal/bits.h
[5.173s] -- Up-to-date: /home/terranova/uav_ws/install/absl/include/absl/numeric/int128_no_intrinsic.inc
[5.173s] -- Up-to-date: /home/terranova/uav_ws/install/absl/include/absl/numeric/bits.h
[5.174s] -- Up-to-date: /home/terranova/uav_ws/install/absl/include/absl/numeric/int128.h
[5.174s] -- Up-to-date: /home/terranova/uav_ws/install/absl/include/absl/profiling
[5.174s] -- Up-to-date: /home/terranova/uav_ws/install/absl/include/absl/profiling/internal
[5.175s] -- Up-to-date: /home/terranova/uav_ws/install/absl/include/absl/profiling/internal/periodic_sampler.h
[5.175s] -- Up-to-date: /home/terranova/uav_ws/install/absl/include/absl/profiling/internal/sample_recorder.h
[5.175s] -- Up-to-date: /home/terranova/uav_ws/install/absl/include/absl/profiling/internal/exponential_biased.h
[5.176s] -- Up-to-date: /home/terranova/uav_ws/install/absl/include/absl/random
[5.176s] -- Up-to-date: /home/terranova/uav_ws/install/absl/include/absl/random/beta_distribution.h
[5.177s] -- Up-to-date: /home/terranova/uav_ws/install/absl/include/absl/random/mocking_bit_gen.h
[5.177s] -- Up-to-date: /home/terranova/uav_ws/install/absl/include/absl/random/distributions.h
[5.177s] -- Up-to-date: /home/terranova/uav_ws/install/absl/include/absl/random/random.h
[5.178s] -- Up-to-date: /home/terranova/uav_ws/install/absl/include/absl/random/bernoulli_distribution.h
[5.178s] -- Up-to-date: /home/terranova/uav_ws/install/absl/include/absl/random/mock_distributions.h
[5.179s] -- Up-to-date: /home/terranova/uav_ws/install/absl/include/absl/random/uniform_real_distribution.h
[5.179s] -- Up-to-date: /home/terranova/uav_ws/install/absl/include/absl/random/seed_gen_exception.h
[5.179s] -- Up-to-date: /home/terranova/uav_ws/install/absl/include/absl/random/internal
[5.179s] -- Up-to-date: /home/terranova/uav_ws/install/absl/include/absl/random/internal/iostream_state_saver.h
[5.179s] -- Up-to-date: /home/terranova/uav_ws/install/absl/include/absl/random/internal/fast_uniform_bits.h
[5.180s] -- Up-to-date: /home/terranova/uav_ws/install/absl/include/absl/random/internal/pool_urbg.h
[5.180s] -- Up-to-date: /home/terranova/uav_ws/install/absl/include/absl/random/internal/randen_engine.h
[5.181s] -- Up-to-date: /home/terranova/uav_ws/install/absl/include/absl/random/internal/randen.h
[5.181s] -- Up-to-date: /home/terranova/uav_ws/install/absl/include/absl/random/internal/distribution_caller.h
[5.181s] -- Up-to-date: /home/terranova/uav_ws/install/absl/include/absl/random/internal/nonsecure_base.h
[5.181s] -- Up-to-date: /home/terranova/uav_ws/install/absl/include/absl/random/internal/mock_overload_set.h
[5.182s] -- Up-to-date: /home/terranova/uav_ws/install/absl/include/absl/random/internal/mock_helpers.h
[5.182s] -- Up-to-date: /home/terranova/uav_ws/install/absl/include/absl/random/internal/randen_detect.h
[5.182s] -- Up-to-date: /home/terranova/uav_ws/install/absl/include/absl/random/internal/randen_traits.h
[5.182s] -- Up-to-date: /home/terranova/uav_ws/install/absl/include/absl/random/internal/salted_seed_seq.h
[5.182s] -- Up-to-date: /home/terranova/uav_ws/install/absl/include/absl/random/internal/pcg_engine.h
[5.182s] -- Up-to-date: /home/terranova/uav_ws/install/absl/include/absl/random/internal/platform.h
[5.183s] -- Up-to-date: /home/terranova/uav_ws/install/absl/include/absl/random/internal/randen_slow.h
[5.183s] -- Up-to-date: /home/terranova/uav_ws/install/absl/include/absl/random/internal/traits.h
[5.183s] -- Up-to-date: /home/terranova/uav_ws/install/absl/include/absl/random/internal/fastmath.h
[5.183s] -- Up-to-date: /home/terranova/uav_ws/install/absl/include/absl/random/internal/randen_hwaes.h
[5.183s] -- Up-to-date: /home/terranova/uav_ws/install/absl/include/absl/random/internal/wide_multiply.h
[5.183s] -- Up-to-date: /home/terranova/uav_ws/install/absl/include/absl/random/internal/seed_material.h
[5.184s] -- Up-to-date: /home/terranova/uav_ws/install/absl/include/absl/random/internal/chi_square.h
[5.184s] -- Up-to-date: /home/terranova/uav_ws/install/absl/include/absl/random/internal/uniform_helper.h
[5.185s] -- Up-to-date: /home/terranova/uav_ws/install/absl/include/absl/random/internal/explicit_seed_seq.h
[5.185s] -- Up-to-date: /home/terranova/uav_ws/install/absl/include/absl/random/internal/generate_real.h
[5.185s] -- Up-to-date: /home/terranova/uav_ws/install/absl/include/absl/random/internal/nanobenchmark.h
[5.185s] -- Up-to-date: /home/terranova/uav_ws/install/absl/include/absl/random/internal/distribution_test_util.h
[5.185s] -- Up-to-date: /home/terranova/uav_ws/install/absl/include/absl/random/internal/sequence_urbg.h
[5.185s] -- Up-to-date: /home/terranova/uav_ws/install/absl/include/absl/random/exponential_distribution.h
[5.186s] -- Up-to-date: /home/terranova/uav_ws/install/absl/include/absl/random/bit_gen_ref.h
[5.186s] -- Up-to-date: /home/terranova/uav_ws/install/absl/include/absl/random/gaussian_distribution.h
[5.186s] -- Up-to-date: /home/terranova/uav_ws/install/absl/include/absl/random/uniform_int_distribution.h
[5.186s] -- Up-to-date: /home/terranova/uav_ws/install/absl/include/absl/random/poisson_distribution.h
[5.188s] -- Up-to-date: /home/terranova/uav_ws/install/absl/include/absl/random/seed_sequences.h
[5.188s] -- Up-to-date: /home/terranova/uav_ws/install/absl/include/absl/random/discrete_distribution.h
[5.188s] -- Up-to-date: /home/terranova/uav_ws/install/absl/include/absl/random/log_uniform_int_distribution.h
[5.189s] -- Up-to-date: /home/terranova/uav_ws/install/absl/include/absl/random/zipf_distribution.h
[5.189s] -- Up-to-date: /home/terranova/uav_ws/install/absl/include/absl/time
[5.192s] -- Up-to-date: /home/terranova/uav_ws/install/absl/include/absl/time/clock.h
[5.193s] -- Up-to-date: /home/terranova/uav_ws/install/absl/include/absl/time/internal
[5.195s] -- Up-to-date: /home/terranova/uav_ws/install/absl/include/absl/time/internal/get_current_time_posix.inc
[5.196s] -- Up-to-date: /home/terranova/uav_ws/install/absl/include/absl/time/internal/cctz
[5.199s] -- Up-to-date: /home/terranova/uav_ws/install/absl/include/absl/time/internal/cctz/src
[5.199s] -- Up-to-date: /home/terranova/uav_ws/install/absl/include/absl/time/internal/cctz/src/time_zone_if.h
[5.211s] -- Up-to-date: /home/terranova/uav_ws/install/absl/include/absl/time/internal/cctz/src/time_zone_libc.h
[5.211s] -- Up-to-date: /home/terranova/uav_ws/install/absl/include/absl/time/internal/cctz/src/tzfile.h
[5.211s] -- Up-to-date: /home/terranova/uav_ws/install/absl/include/absl/time/internal/cctz/src/time_zone_posix.h
[5.220s] -- Up-to-date: /home/terranova/uav_ws/install/absl/include/absl/time/internal/cctz/src/time_zone_info.h
[5.221s] -- Up-to-date: /home/terranova/uav_ws/install/absl/include/absl/time/internal/cctz/src/time_zone_fixed.h
[5.222s] -- Up-to-date: /home/terranova/uav_ws/install/absl/include/absl/time/internal/cctz/src/time_zone_impl.h
[5.222s] -- Up-to-date: /home/terranova/uav_ws/install/absl/include/absl/time/internal/cctz/include
[5.222s] -- Up-to-date: /home/terranova/uav_ws/install/absl/include/absl/time/internal/cctz/include/cctz
[5.222s] -- Up-to-date: /home/terranova/uav_ws/install/absl/include/absl/time/internal/cctz/include/cctz/zone_info_source.h
[5.222s] -- Up-to-date: /home/terranova/uav_ws/install/absl/include/absl/time/internal/cctz/include/cctz/time_zone.h
[5.223s] -- Up-to-date: /home/terranova/uav_ws/install/absl/include/absl/time/internal/cctz/include/cctz/civil_time_detail.h
[5.223s] -- Up-to-date: /home/terranova/uav_ws/install/absl/include/absl/time/internal/cctz/include/cctz/civil_time.h
[5.223s] -- Up-to-date: /home/terranova/uav_ws/install/absl/include/absl/time/internal/get_current_time_chrono.inc
[5.223s] -- Up-to-date: /home/terranova/uav_ws/install/absl/include/absl/time/internal/test_util.h
[5.224s] -- Up-to-date: /home/terranova/uav_ws/install/absl/include/absl/time/time.h
[5.224s] -- Up-to-date: /home/terranova/uav_ws/install/absl/include/absl/time/civil_time.h
[5.225s] -- Up-to-date: /home/terranova/uav_ws/install/absl/include/absl/log
[5.227s] -- Up-to-date: /home/terranova/uav_ws/install/absl/include/absl/log/check.h
[5.227s] -- Up-to-date: /home/terranova/uav_ws/install/absl/include/absl/log/log_basic_test_impl.inc
[5.228s] -- Up-to-date: /home/terranova/uav_ws/install/absl/include/absl/log/structured.h
[5.229s] -- Up-to-date: /home/terranova/uav_ws/install/absl/include/absl/log/log_streamer.h
[5.229s] -- Up-to-date: /home/terranova/uav_ws/install/absl/include/absl/log/absl_vlog_is_on.h
[5.230s] -- Up-to-date: /home/terranova/uav_ws/install/absl/include/absl/log/scoped_mock_log.h
[5.230s] -- Up-to-date: /home/terranova/uav_ws/install/absl/include/absl/log/log_entry.h
[5.238s] -- Up-to-date: /home/terranova/uav_ws/install/absl/include/absl/log/internal
[5.238s] -- Up-to-date: /home/terranova/uav_ws/install/absl/include/absl/log/internal/structured.h
[5.239s] -- Up-to-date: /home/terranova/uav_ws/install/absl/include/absl/log/internal/test_helpers.h
[5.239s] -- Up-to-date: /home/terranova/uav_ws/install/absl/include/absl/log/internal/vlog_config.h
[5.241s] -- Up-to-date: /home/terranova/uav_ws/install/absl/include/absl/log/internal/log_sink_set.h
[5.243s] -- Up-to-date: /home/terranova/uav_ws/install/absl/include/absl/log/internal/log_message.h
[5.244s] -- Up-to-date: /home/terranova/uav_ws/install/absl/include/absl/log/internal/globals.h
[5.244s] -- Up-to-date: /home/terranova/uav_ws/install/absl/include/absl/log/internal/nullguard.h
[5.245s] -- Up-to-date: /home/terranova/uav_ws/install/absl/include/absl/log/internal/voidify.h
[5.250s] -- Up-to-date: /home/terranova/uav_ws/install/absl/include/absl/log/internal/log_format.h
[5.250s] -- Up-to-date: /home/terranova/uav_ws/install/absl/include/absl/log/internal/proto.h
[5.251s] -- Up-to-date: /home/terranova/uav_ws/install/absl/include/absl/log/internal/test_actions.h
[5.251s] -- Up-to-date: /home/terranova/uav_ws/install/absl/include/absl/log/internal/flags.h
[5.251s] -- Up-to-date: /home/terranova/uav_ws/install/absl/include/absl/log/internal/nullstream.h
[5.252s] -- Up-to-date: /home/terranova/uav_ws/install/absl/include/absl/log/internal/strip.h
[5.252s] -- Up-to-date: /home/terranova/uav_ws/install/absl/include/absl/log/internal/fnmatch.h
[5.252s] -- Up-to-date: /home/terranova/uav_ws/install/absl/include/absl/log/internal/check_op.h
[5.254s] -- Up-to-date: /home/terranova/uav_ws/install/absl/include/absl/log/internal/config.h
[5.254s] -- Up-to-date: /home/terranova/uav_ws/install/absl/include/absl/log/internal/append_truncated.h
[5.254s] -- Up-to-date: /home/terranova/uav_ws/install/absl/include/absl/log/internal/test_matchers.h
[5.255s] -- Up-to-date: /home/terranova/uav_ws/install/absl/include/absl/log/internal/conditions.h
[5.255s] -- Up-to-date: /home/terranova/uav_ws/install/absl/include/absl/log/internal/check_impl.h
[5.255s] -- Up-to-date: /home/terranova/uav_ws/install/absl/include/absl/log/internal/log_impl.h
[5.255s] -- Up-to-date: /home/terranova/uav_ws/install/absl/include/absl/log/die_if_null.h
[5.256s] -- Up-to-date: /home/terranova/uav_ws/install/absl/include/absl/log/globals.h
[5.256s] -- Up-to-date: /home/terranova/uav_ws/install/absl/include/absl/log/log.h
[5.256s] -- Up-to-date: /home/terranova/uav_ws/install/absl/include/absl/log/vlog_is_on.h
[5.256s] -- Up-to-date: /home/terranova/uav_ws/install/absl/include/absl/log/absl_check.h
[5.256s] -- Up-to-date: /home/terranova/uav_ws/install/absl/include/absl/log/log_sink.h
[5.257s] -- Up-to-date: /home/terranova/uav_ws/install/absl/include/absl/log/log_sink_registry.h
[5.257s] -- Up-to-date: /home/terranova/uav_ws/install/absl/include/absl/log/absl_log.h
[5.257s] -- Up-to-date: /home/terranova/uav_ws/install/absl/include/absl/log/flags.h
[5.257s] -- Up-to-date: /home/terranova/uav_ws/install/absl/include/absl/log/initialize.h
[5.257s] -- Up-to-date: /home/terranova/uav_ws/install/absl/include/absl/log/check_test_impl.inc
[5.258s] -- Up-to-date: /home/terranova/uav_ws/install/absl/include/absl/base
[5.258s] -- Up-to-date: /home/terranova/uav_ws/install/absl/include/absl/base/log_severity.h
[5.258s] -- Up-to-date: /home/terranova/uav_ws/install/absl/include/absl/base/const_init.h
[5.258s] -- Up-to-date: /home/terranova/uav_ws/install/absl/include/absl/base/internal
[5.258s] -- Up-to-date: /home/terranova/uav_ws/install/absl/include/absl/base/internal/low_level_scheduling.h
[5.258s] -- Up-to-date: /home/terranova/uav_ws/install/absl/include/absl/base/internal/exception_testing.h
[5.259s] -- Up-to-date: /home/terranova/uav_ws/install/absl/include/absl/base/internal/low_level_alloc.h
[5.259s] -- Up-to-date: /home/terranova/uav_ws/install/absl/include/absl/base/internal/raw_logging.h
[5.259s] -- Up-to-date: /home/terranova/uav_ws/install/absl/include/absl/base/internal/sysinfo.h
[5.259s] -- Up-to-date: /home/terranova/uav_ws/install/absl/include/absl/base/internal/nullability_impl.h
[5.259s] -- Up-to-date: /home/terranova/uav_ws/install/absl/include/absl/base/internal/scheduling_mode.h
[5.259s] -- Up-to-date: /home/terranova/uav_ws/install/absl/include/absl/base/internal/fast_type_id.h
[5.260s] -- Up-to-date: /home/terranova/uav_ws/install/absl/include/absl/base/internal/unaligned_access.h
[5.260s] -- Up-to-date: /home/terranova/uav_ws/install/absl/include/absl/base/internal/inline_variable_testing.h
[5.260s] -- Up-to-date: /home/terranova/uav_ws/install/absl/include/absl/base/internal/identity.h
[5.260s] -- Up-to-date: /home/terranova/uav_ws/install/absl/include/absl/base/internal/direct_mmap.h
[5.271s] -- Up-to-date: /home/terranova/uav_ws/install/absl/include/absl/base/internal/errno_saver.h
[5.272s] -- Up-to-date: /home/terranova/uav_ws/install/absl/include/absl/base/internal/endian.h
[5.272s] -- Up-to-date: /home/terranova/uav_ws/install/absl/include/absl/base/internal/throw_delegate.h
[5.273s] -- Up-to-date: /home/terranova/uav_ws/install/absl/include/absl/base/internal/spinlock_akaros.inc
[5.273s] -- Up-to-date: /home/terranova/uav_ws/install/absl/include/absl/base/internal/atomic_hook_test_helper.h
[5.273s] -- Up-to-date: /home/terranova/uav_ws/install/absl/include/absl/base/internal/spinlock.h
[5.273s] -- Up-to-date: /home/terranova/uav_ws/install/absl/include/absl/base/internal/scoped_set_env.h
[5.273s] -- Up-to-date: /home/terranova/uav_ws/install/absl/include/absl/base/internal/spinlock_linux.inc
[5.274s] -- Up-to-date: /home/terranova/uav_ws/install/absl/include/absl/base/internal/pretty_function.h
[5.274s] -- Up-to-date: /home/terranova/uav_ws/install/absl/include/absl/base/internal/spinlock_wait.h
[5.274s] -- Up-to-date: /home/terranova/uav_ws/install/absl/include/absl/base/internal/thread_identity.h
[5.274s] -- Up-to-date: /home/terranova/uav_ws/install/absl/include/absl/base/internal/spinlock_posix.inc
[5.274s] -- Up-to-date: /home/terranova/uav_ws/install/absl/include/absl/base/internal/atomic_hook.h
[5.275s] -- Up-to-date: /home/terranova/uav_ws/install/absl/include/absl/base/internal/inline_variable.h
[5.277s] -- Up-to-date: /home/terranova/uav_ws/install/absl/include/absl/base/internal/exception_safety_testing.h
[5.280s] -- Up-to-date: /home/terranova/uav_ws/install/absl/include/absl/base/internal/invoke.h
[5.283s] -- Up-to-date: /home/terranova/uav_ws/install/absl/include/absl/base/internal/unscaledcycleclock.h
[5.286s] -- Up-to-date: /home/terranova/uav_ws/install/absl/include/absl/base/internal/hide_ptr.h
[5.286s] -- Up-to-date: /home/terranova/uav_ws/install/absl/include/absl/base/internal/unscaledcycleclock_config.h
[5.286s] -- Up-to-date: /home/terranova/uav_ws/install/absl/include/absl/base/internal/dynamic_annotations.h
[5.286s] -- Up-to-date: /home/terranova/uav_ws/install/absl/include/absl/base/internal/cycleclock_config.h
[5.286s] -- Up-to-date: /home/terranova/uav_ws/install/absl/include/absl/base/internal/tsan_mutex_interface.h
[5.287s] -- Up-to-date: /home/terranova/uav_ws/install/absl/include/absl/base/internal/strerror.h
[5.287s] -- Up-to-date: /home/terranova/uav_ws/install/absl/include/absl/base/internal/spinlock_win32.inc
[5.287s] -- Up-to-date: /home/terranova/uav_ws/install/absl/include/absl/base/internal/cycleclock.h
[5.287s] -- Up-to-date: /home/terranova/uav_ws/install/absl/include/absl/base/internal/per_thread_tls.h
[5.288s] -- Up-to-date: /home/terranova/uav_ws/install/absl/include/absl/base/thread_annotations.h
[5.288s] -- Up-to-date: /home/terranova/uav_ws/install/absl/include/absl/base/port.h
[5.288s] -- Up-to-date: /home/terranova/uav_ws/install/absl/include/absl/base/no_destructor.h
[5.288s] -- Up-to-date: /home/terranova/uav_ws/install/absl/include/absl/base/casts.h
[5.288s] -- Up-to-date: /home/terranova/uav_ws/install/absl/include/absl/base/policy_checks.h
[5.303s] -- Up-to-date: /home/terranova/uav_ws/install/absl/include/absl/base/optimization.h
[5.304s] -- Up-to-date: /home/terranova/uav_ws/install/absl/include/absl/base/prefetch.h
[5.305s] -- Up-to-date: /home/terranova/uav_ws/install/absl/include/absl/base/call_once.h
[5.305s] -- Up-to-date: /home/terranova/uav_ws/install/absl/include/absl/base/nullability.h
[5.305s] -- Up-to-date: /home/terranova/uav_ws/install/absl/include/absl/base/config.h
[5.305s] -- Up-to-date: /home/terranova/uav_ws/install/absl/include/absl/base/macros.h
[5.305s] -- Up-to-date: /home/terranova/uav_ws/install/absl/include/absl/base/attributes.h
[5.306s] -- Up-to-date: /home/terranova/uav_ws/install/absl/include/absl/base/dynamic_annotations.h
[5.306s] -- Installing: /home/terranova/uav_ws/install/absl/include/absl/base/options.h
[5.319s] -- Up-to-date: /home/terranova/uav_ws/install/absl/include/absl/flags
[5.321s] -- Up-to-date: /home/terranova/uav_ws/install/absl/include/absl/flags/parse.h
[5.321s] -- Up-to-date: /home/terranova/uav_ws/install/absl/include/absl/flags/internal
[5.337s] -- Up-to-date: /home/terranova/uav_ws/install/absl/include/absl/flags/internal/parse.h
[5.337s] -- Up-to-date: /home/terranova/uav_ws/install/absl/include/absl/flags/internal/sequence_lock.h
[5.337s] -- Up-to-date: /home/terranova/uav_ws/install/absl/include/absl/flags/internal/usage.h
[5.338s] -- Up-to-date: /home/terranova/uav_ws/install/absl/include/absl/flags/internal/commandlineflag.h
[5.338s] -- Up-to-date: /home/terranova/uav_ws/install/absl/include/absl/flags/internal/registry.h
[5.338s] -- Up-to-date: /home/terranova/uav_ws/install/absl/include/absl/flags/internal/flag.h
[5.338s] -- Up-to-date: /home/terranova/uav_ws/install/absl/include/absl/flags/internal/path_util.h
[5.338s] -- Up-to-date: /home/terranova/uav_ws/install/absl/include/absl/flags/internal/private_handle_accessor.h
[5.338s] -- Up-to-date: /home/terranova/uav_ws/install/absl/include/absl/flags/internal/program_name.h
[5.339s] -- Up-to-date: /home/terranova/uav_ws/install/absl/include/absl/flags/usage.h
[5.339s] -- Up-to-date: /home/terranova/uav_ws/install/absl/include/absl/flags/commandlineflag.h
[5.339s] -- Up-to-date: /home/terranova/uav_ws/install/absl/include/absl/flags/reflection.h
[5.339s] -- Up-to-date: /home/terranova/uav_ws/install/absl/include/absl/flags/marshalling.h
[5.339s] -- Up-to-date: /home/terranova/uav_ws/install/absl/include/absl/flags/flag.h
[5.339s] -- Up-to-date: /home/terranova/uav_ws/install/absl/include/absl/flags/declare.h
[5.339s] -- Up-to-date: /home/terranova/uav_ws/install/absl/include/absl/flags/config.h
[5.340s] -- Up-to-date: /home/terranova/uav_ws/install/absl/include/absl/flags/usage_config.h
[5.340s] -- Up-to-date: /home/terranova/uav_ws/install/absl/include/absl/meta
[5.340s] -- Up-to-date: /home/terranova/uav_ws/install/absl/include/absl/meta/type_traits.h
[5.340s] -- Up-to-date: /home/terranova/uav_ws/install/absl/include/absl/algorithm
[5.340s] -- Up-to-date: /home/terranova/uav_ws/install/absl/include/absl/algorithm/algorithm.h
[5.340s] -- Up-to-date: /home/terranova/uav_ws/install/absl/include/absl/algorithm/container.h
[5.341s] -- Up-to-date: /home/terranova/uav_ws/install/absl/include/absl/memory
[5.341s] -- Up-to-date: /home/terranova/uav_ws/install/absl/include/absl/memory/memory.h
[5.341s] -- Up-to-date: /home/terranova/uav_ws/install/absl/include/absl/debugging
[5.341s] -- Up-to-date: /home/terranova/uav_ws/install/absl/include/absl/debugging/symbolize_darwin.inc
[5.341s] -- Up-to-date: /home/terranova/uav_ws/install/absl/include/absl/debugging/symbolize_win32.inc
[5.341s] -- Up-to-date: /home/terranova/uav_ws/install/absl/include/absl/debugging/symbolize_elf.inc
[5.343s] -- Up-to-date: /home/terranova/uav_ws/install/absl/include/absl/debugging/internal
[5.346s] -- Up-to-date: /home/terranova/uav_ws/install/absl/include/absl/debugging/internal/symbolize.h
[5.346s] -- Up-to-date: /home/terranova/uav_ws/install/absl/include/absl/debugging/internal/stack_consumption.h
[5.346s] -- Up-to-date: /home/terranova/uav_ws/install/absl/include/absl/debugging/internal/stacktrace_powerpc-inl.inc
[5.346s] -- Up-to-date: /home/terranova/uav_ws/install/absl/include/absl/debugging/internal/elf_mem_image.h
[5.346s] -- Up-to-date: /home/terranova/uav_ws/install/absl/include/absl/debugging/internal/stacktrace_arm-inl.inc
[5.347s] -- Up-to-date: /home/terranova/uav_ws/install/absl/include/absl/debugging/internal/address_is_readable.h
[5.347s] -- Up-to-date: /home/terranova/uav_ws/install/absl/include/absl/debugging/internal/demangle.h
[5.347s] -- Up-to-date: /home/terranova/uav_ws/install/absl/include/absl/debugging/internal/stacktrace_aarch64-inl.inc
[5.347s] -- Up-to-date: /home/terranova/uav_ws/install/absl/include/absl/debugging/internal/stacktrace_win32-inl.inc
[5.347s] -- Up-to-date: /home/terranova/uav_ws/install/absl/include/absl/debugging/internal/stacktrace_riscv-inl.inc
[5.347s] -- Up-to-date: /home/terranova/uav_ws/install/absl/include/absl/debugging/internal/stacktrace_config.h
[5.348s] -- Up-to-date: /home/terranova/uav_ws/install/absl/include/absl/debugging/internal/stacktrace_generic-inl.inc
[5.348s] -- Up-to-date: /home/terranova/uav_ws/install/absl/include/absl/debugging/internal/stacktrace_x86-inl.inc
[5.348s] -- Up-to-date: /home/terranova/uav_ws/install/absl/include/absl/debugging/internal/examine_stack.h
[5.348s] -- Up-to-date: /home/terranova/uav_ws/install/absl/include/absl/debugging/internal/stacktrace_unimplemented-inl.inc
[5.348s] -- Up-to-date: /home/terranova/uav_ws/install/absl/include/absl/debugging/internal/stacktrace_emscripten-inl.inc
[5.349s] -- Up-to-date: /home/terranova/uav_ws/install/absl/include/absl/debugging/internal/vdso_support.h
[5.349s] -- Up-to-date: /home/terranova/uav_ws/install/absl/include/absl/debugging/symbolize.h
[5.349s] -- Up-to-date: /home/terranova/uav_ws/install/absl/include/absl/debugging/symbolize_unimplemented.inc
[5.350s] -- Up-to-date: /home/terranova/uav_ws/install/absl/include/absl/debugging/symbolize_emscripten.inc
[5.350s] -- Up-to-date: /home/terranova/uav_ws/install/absl/include/absl/debugging/failure_signal_handler.h
[5.361s] -- Up-to-date: /home/terranova/uav_ws/install/absl/include/absl/debugging/stacktrace.h
[5.361s] -- Up-to-date: /home/terranova/uav_ws/install/absl/include/absl/debugging/leak_check.h
[5.362s] -- Up-to-date: /home/terranova/uav_ws/install/absl/include/absl/utility
[5.362s] -- Up-to-date: /home/terranova/uav_ws/install/absl/include/absl/utility/internal
[5.362s] -- Up-to-date: /home/terranova/uav_ws/install/absl/include/absl/utility/internal/if_constexpr.h
[5.362s] -- Up-to-date: /home/terranova/uav_ws/install/absl/include/absl/utility/utility.h
[5.362s] -- Up-to-date: /home/terranova/uav_ws/install/absl/include/absl/crc
[5.362s] -- Up-to-date: /home/terranova/uav_ws/install/absl/include/absl/crc/internal
[5.362s] -- Up-to-date: /home/terranova/uav_ws/install/absl/include/absl/crc/internal/non_temporal_memcpy.h
[5.363s] -- Up-to-date: /home/terranova/uav_ws/install/absl/include/absl/crc/internal/crc32c_inline.h
[5.363s] -- Up-to-date: /home/terranova/uav_ws/install/absl/include/absl/crc/internal/cpu_detect.h
[5.373s] -- Up-to-date: /home/terranova/uav_ws/install/absl/include/absl/crc/internal/non_temporal_arm_intrinsics.h
[5.373s] -- Up-to-date: /home/terranova/uav_ws/install/absl/include/absl/crc/internal/crc_internal.h
[5.373s] -- Up-to-date: /home/terranova/uav_ws/install/absl/include/absl/crc/internal/crc32_x86_arm_combined_simd.h
[5.374s] -- Up-to-date: /home/terranova/uav_ws/install/absl/include/absl/crc/internal/crc.h
[5.374s] -- Up-to-date: /home/terranova/uav_ws/install/absl/include/absl/crc/internal/crc_memcpy.h
[5.376s] -- Up-to-date: /home/terranova/uav_ws/install/absl/include/absl/crc/internal/crc_cord_state.h
[5.380s] -- Up-to-date: /home/terranova/uav_ws/install/absl/include/absl/crc/internal/crc32c.h
[5.380s] -- Up-to-date: /home/terranova/uav_ws/install/absl/include/absl/crc/crc32c.h
[5.381s] -- Up-to-date: /home/terranova/uav_ws/install/absl/include/absl/functional
[5.381s] -- Up-to-date: /home/terranova/uav_ws/install/absl/include/absl/functional/overload.h
[5.382s] -- Up-to-date: /home/terranova/uav_ws/install/absl/include/absl/functional/internal
[5.382s] -- Up-to-date: /home/terranova/uav_ws/install/absl/include/absl/functional/internal/front_binder.h
[5.382s] -- Up-to-date: /home/terranova/uav_ws/install/absl/include/absl/functional/internal/any_invocable.h
[5.386s] -- Up-to-date: /home/terranova/uav_ws/install/absl/include/absl/functional/internal/function_ref.h
[5.387s] -- Up-to-date: /home/terranova/uav_ws/install/absl/include/absl/functional/any_invocable.h
[5.393s] -- Up-to-date: /home/terranova/uav_ws/install/absl/include/absl/functional/function_ref.h
[5.393s] -- Up-to-date: /home/terranova/uav_ws/install/absl/include/absl/functional/bind_front.h
[5.393s] -- Up-to-date: /home/terranova/uav_ws/install/absl/include/absl/status
[5.394s] -- Up-to-date: /home/terranova/uav_ws/install/absl/include/absl/status/internal
[5.394s] -- Up-to-date: /home/terranova/uav_ws/install/absl/include/absl/status/internal/statusor_internal.h
[5.394s] -- Up-to-date: /home/terranova/uav_ws/install/absl/include/absl/status/internal/status_internal.h
[5.394s] -- Up-to-date: /home/terranova/uav_ws/install/absl/include/absl/status/statusor.h
[5.395s] -- Up-to-date: /home/terranova/uav_ws/install/absl/include/absl/status/status_payload_printer.h
[5.395s] -- Up-to-date: /home/terranova/uav_ws/install/absl/include/absl/status/status.h
[5.395s] -- Up-to-date: /home/terranova/uav_ws/install/absl/include/absl/synchronization
[5.396s] -- Up-to-date: /home/terranova/uav_ws/install/absl/include/absl/synchronization/barrier.h
[5.396s] -- Up-to-date: /home/terranova/uav_ws/install/absl/include/absl/synchronization/internal
[5.401s] -- Up-to-date: /home/terranova/uav_ws/install/absl/include/absl/synchronization/internal/win32_waiter.h
[5.401s] -- Up-to-date: /home/terranova/uav_ws/install/absl/include/absl/synchronization/internal/sem_waiter.h
[5.401s] -- Up-to-date: /home/terranova/uav_ws/install/absl/include/absl/synchronization/internal/create_thread_identity.h
[5.401s] -- Up-to-date: /home/terranova/uav_ws/install/absl/include/absl/synchronization/internal/stdcpp_waiter.h
[5.402s] -- Up-to-date: /home/terranova/uav_ws/install/absl/include/absl/synchronization/internal/pthread_waiter.h
[5.404s] -- Up-to-date: /home/terranova/uav_ws/install/absl/include/absl/synchronization/internal/waiter.h
[5.404s] -- Up-to-date: /home/terranova/uav_ws/install/absl/include/absl/synchronization/internal/waiter_base.h
[5.404s] -- Up-to-date: /home/terranova/uav_ws/install/absl/include/absl/synchronization/internal/thread_pool.h
[5.404s] -- Up-to-date: /home/terranova/uav_ws/install/absl/include/absl/synchronization/internal/futex.h
[5.405s] -- Up-to-date: /home/terranova/uav_ws/install/absl/include/absl/synchronization/internal/futex_waiter.h
[5.405s] -- Up-to-date: /home/terranova/uav_ws/install/absl/include/absl/synchronization/internal/kernel_timeout.h
[5.405s] -- Up-to-date: /home/terranova/uav_ws/install/absl/include/absl/synchronization/internal/per_thread_sem.h
[5.415s] -- Up-to-date: /home/terranova/uav_ws/install/absl/include/absl/synchronization/internal/graphcycles.h
[5.415s] -- Up-to-date: /home/terranova/uav_ws/install/absl/include/absl/synchronization/blocking_counter.h
[5.415s] -- Up-to-date: /home/terranova/uav_ws/install/absl/include/absl/synchronization/notification.h
[5.416s] -- Up-to-date: /home/terranova/uav_ws/install/absl/include/absl/synchronization/mutex.h
[5.416s] -- Up-to-date: /home/terranova/uav_ws/install/absl/include/absl/cleanup
[5.420s] -- Up-to-date: /home/terranova/uav_ws/install/absl/include/absl/cleanup/internal
[5.420s] -- Up-to-date: /home/terranova/uav_ws/install/absl/include/absl/cleanup/internal/cleanup.h
[5.421s] -- Up-to-date: /home/terranova/uav_ws/install/absl/include/absl/cleanup/cleanup.h
[5.421s] -- Up-to-date: /home/terranova/uav_ws/install/absl/include/absl/container
[5.421s] -- Up-to-date: /home/terranova/uav_ws/install/absl/include/absl/container/node_hash_map.h
[5.421s] -- Up-to-date: /home/terranova/uav_ws/install/absl/include/absl/container/flat_hash_map.h
[5.421s] -- Up-to-date: /home/terranova/uav_ws/install/absl/include/absl/container/internal
[5.421s] -- Up-to-date: /home/terranova/uav_ws/install/absl/include/absl/container/internal/unordered_map_lookup_test.h
[5.422s] -- Up-to-date: /home/terranova/uav_ws/install/absl/include/absl/container/internal/hash_policy_testing.h
[5.422s] -- Up-to-date: /home/terranova/uav_ws/install/absl/include/absl/container/internal/unordered_set_members_test.h
[5.422s] -- Up-to-date: /home/terranova/uav_ws/install/absl/include/absl/container/internal/hashtable_debug_hooks.h
[5.422s] -- Up-to-date: /home/terranova/uav_ws/install/absl/include/absl/container/internal/hash_function_defaults.h
[5.422s] -- Up-to-date: /home/terranova/uav_ws/install/absl/include/absl/container/internal/raw_hash_set.h
[5.422s] -- Up-to-date: /home/terranova/uav_ws/install/absl/include/absl/container/internal/unordered_map_modifiers_test.h
[5.423s] -- Up-to-date: /home/terranova/uav_ws/install/absl/include/absl/container/internal/layout.h
[5.424s] -- Up-to-date: /home/terranova/uav_ws/install/absl/include/absl/container/internal/hash_policy_traits.h
[5.424s] -- Up-to-date: /home/terranova/uav_ws/install/absl/include/absl/container/internal/inlined_vector.h
[5.425s] -- Up-to-date: /home/terranova/uav_ws/install/absl/include/absl/container/internal/common_policy_traits.h
[5.425s] -- Up-to-date: /home/terranova/uav_ws/install/absl/include/absl/container/internal/unordered_set_constructor_test.h
[5.436s] -- Up-to-date: /home/terranova/uav_ws/install/absl/include/absl/container/internal/node_slot_policy.h
[5.436s] -- Up-to-date: /home/terranova/uav_ws/install/absl/include/absl/container/internal/container_memory.h
[5.436s] -- Up-to-date: /home/terranova/uav_ws/install/absl/include/absl/container/internal/test_instance_tracker.h
[5.437s] -- Up-to-date: /home/terranova/uav_ws/install/absl/include/absl/container/internal/raw_hash_map.h
[5.437s] -- Up-to-date: /home/terranova/uav_ws/install/absl/include/absl/container/internal/btree_container.h
[5.437s] -- Up-to-date: /home/terranova/uav_ws/install/absl/include/absl/container/internal/hashtable_debug.h
[5.437s] -- Up-to-date: /home/terranova/uav_ws/install/absl/include/absl/container/internal/compressed_tuple.h
[5.437s] -- Up-to-date: /home/terranova/uav_ws/install/absl/include/absl/container/internal/common.h
[5.438s] -- Up-to-date: /home/terranova/uav_ws/install/absl/include/absl/container/internal/unordered_map_constructor_test.h
[5.438s] -- Up-to-date: /home/terranova/uav_ws/install/absl/include/absl/container/internal/unordered_set_modifiers_test.h
[5.438s] -- Up-to-date: /home/terranova/uav_ws/install/absl/include/absl/container/internal/tracked.h
[5.438s] -- Up-to-date: /home/terranova/uav_ws/install/absl/include/absl/container/internal/hash_generator_testing.h
[5.438s] -- Up-to-date: /home/terranova/uav_ws/install/absl/include/absl/container/internal/unordered_map_members_test.h
[5.438s] -- Up-to-date: /home/terranova/uav_ws/install/absl/include/absl/container/internal/btree.h
[5.439s] -- Up-to-date: /home/terranova/uav_ws/install/absl/include/absl/container/internal/test_allocator.h
[5.439s] -- Up-to-date: /home/terranova/uav_ws/install/absl/include/absl/container/internal/unordered_set_lookup_test.h
[5.439s] -- Up-to-date: /home/terranova/uav_ws/install/absl/include/absl/container/internal/hashtablez_sampler.h
[5.439s] -- Up-to-date: /home/terranova/uav_ws/install/absl/include/absl/container/inlined_vector.h
[5.439s] -- Up-to-date: /home/terranova/uav_ws/install/absl/include/absl/container/flat_hash_set.h
[5.440s] -- Up-to-date: /home/terranova/uav_ws/install/absl/include/absl/container/btree_set.h
[5.440s] -- Up-to-date: /home/terranova/uav_ws/install/absl/include/absl/container/fixed_array.h
[5.440s] -- Up-to-date: /home/terranova/uav_ws/install/absl/include/absl/container/btree_test.h
[5.440s] -- Up-to-date: /home/terranova/uav_ws/install/absl/include/absl/container/btree_map.h
[5.440s] -- Up-to-date: /home/terranova/uav_ws/install/absl/include/absl/container/node_hash_set.h
[5.440s] -- Installing: /home/terranova/uav_ws/install/absl/include/absl/base/options.h
[5.474s] -- Up-to-date: /home/terranova/uav_ws/install/absl/lib/pkgconfig/absl_atomic_hook.pc
[5.475s] -- Up-to-date: /home/terranova/uav_ws/install/absl/lib/pkgconfig/absl_errno_saver.pc
[5.475s] -- Up-to-date: /home/terranova/uav_ws/install/absl/lib/pkgconfig/absl_log_severity.pc
[5.475s] -- Up-to-date: /home/terranova/uav_ws/install/absl/lib/libabsl_log_severity.a
[5.475s] -- Up-to-date: /home/terranova/uav_ws/install/absl/lib/pkgconfig/absl_no_destructor.pc
[5.476s] -- Up-to-date: /home/terranova/uav_ws/install/absl/lib/pkgconfig/absl_nullability.pc
[5.476s] -- Up-to-date: /home/terranova/uav_ws/install/absl/lib/pkgconfig/absl_raw_logging_internal.pc
[5.476s] -- Up-to-date: /home/terranova/uav_ws/install/absl/lib/libabsl_raw_logging_internal.a
[5.476s] -- Up-to-date: /home/terranova/uav_ws/install/absl/lib/pkgconfig/absl_spinlock_wait.pc
[5.476s] -- Up-to-date: /home/terranova/uav_ws/install/absl/lib/libabsl_spinlock_wait.a
[5.476s] -- Up-to-date: /home/terranova/uav_ws/install/absl/lib/pkgconfig/absl_config.pc
[5.477s] -- Up-to-date: /home/terranova/uav_ws/install/absl/lib/pkgconfig/absl_dynamic_annotations.pc
[5.477s] -- Up-to-date: /home/terranova/uav_ws/install/absl/lib/pkgconfig/absl_core_headers.pc
[5.478s] -- Up-to-date: /home/terranova/uav_ws/install/absl/lib/pkgconfig/absl_malloc_internal.pc
[5.478s] -- Up-to-date: /home/terranova/uav_ws/install/absl/lib/libabsl_malloc_internal.a
[5.479s] -- Up-to-date: /home/terranova/uav_ws/install/absl/lib/pkgconfig/absl_base_internal.pc
[5.479s] -- Up-to-date: /home/terranova/uav_ws/install/absl/lib/pkgconfig/absl_base.pc
[5.479s] -- Up-to-date: /home/terranova/uav_ws/install/absl/lib/libabsl_base.a
[5.479s] -- Up-to-date: /home/terranova/uav_ws/install/absl/lib/pkgconfig/absl_throw_delegate.pc
[5.479s] -- Up-to-date: /home/terranova/uav_ws/install/absl/lib/libabsl_throw_delegate.a
[5.480s] -- Up-to-date: /home/terranova/uav_ws/install/absl/lib/pkgconfig/absl_pretty_function.pc
[5.480s] -- Up-to-date: /home/terranova/uav_ws/install/absl/lib/pkgconfig/absl_endian.pc
[5.494s] -- Up-to-date: /home/terranova/uav_ws/install/absl/lib/pkgconfig/absl_scoped_set_env.pc
[5.500s] -- Up-to-date: /home/terranova/uav_ws/install/absl/lib/libabsl_scoped_set_env.a
[5.501s] -- Up-to-date: /home/terranova/uav_ws/install/absl/lib/pkgconfig/absl_strerror.pc
[5.501s] -- Up-to-date: /home/terranova/uav_ws/install/absl/lib/libabsl_strerror.a
[5.501s] -- Up-to-date: /home/terranova/uav_ws/install/absl/lib/pkgconfig/absl_fast_type_id.pc
[5.502s] -- Up-to-date: /home/terranova/uav_ws/install/absl/lib/pkgconfig/absl_prefetch.pc
[5.503s] -- Up-to-date: /home/terranova/uav_ws/install/absl/lib/pkgconfig/absl_algorithm.pc
[5.503s] -- Up-to-date: /home/terranova/uav_ws/install/absl/lib/pkgconfig/absl_algorithm_container.pc
[5.503s] -- Up-to-date: /home/terranova/uav_ws/install/absl/lib/pkgconfig/absl_cleanup_internal.pc
[5.503s] -- Up-to-date: /home/terranova/uav_ws/install/absl/lib/pkgconfig/absl_cleanup.pc
[5.510s] -- Up-to-date: /home/terranova/uav_ws/install/absl/lib/pkgconfig/absl_btree.pc
[5.510s] -- Up-to-date: /home/terranova/uav_ws/install/absl/lib/pkgconfig/absl_compressed_tuple.pc
[5.511s] -- Up-to-date: /home/terranova/uav_ws/install/absl/lib/pkgconfig/absl_fixed_array.pc
[5.511s] -- Up-to-date: /home/terranova/uav_ws/install/absl/lib/pkgconfig/absl_inlined_vector_internal.pc
[5.511s] -- Up-to-date: /home/terranova/uav_ws/install/absl/lib/pkgconfig/absl_inlined_vector.pc
[5.511s] -- Up-to-date: /home/terranova/uav_ws/install/absl/lib/pkgconfig/absl_flat_hash_map.pc
[5.511s] -- Up-to-date: /home/terranova/uav_ws/install/absl/lib/pkgconfig/absl_flat_hash_set.pc
[5.512s] -- Up-to-date: /home/terranova/uav_ws/install/absl/lib/pkgconfig/absl_node_hash_map.pc
[5.512s] -- Up-to-date: /home/terranova/uav_ws/install/absl/lib/pkgconfig/absl_node_hash_set.pc
[5.522s] -- Up-to-date: /home/terranova/uav_ws/install/absl/lib/pkgconfig/absl_container_memory.pc
[5.522s] -- Up-to-date: /home/terranova/uav_ws/install/absl/lib/pkgconfig/absl_hash_function_defaults.pc
[5.522s] -- Up-to-date: /home/terranova/uav_ws/install/absl/lib/pkgconfig/absl_hash_policy_traits.pc
[5.522s] -- Up-to-date: /home/terranova/uav_ws/install/absl/lib/pkgconfig/absl_common_policy_traits.pc
[5.522s] -- Up-to-date: /home/terranova/uav_ws/install/absl/lib/pkgconfig/absl_hashtablez_sampler.pc
[5.523s] -- Up-to-date: /home/terranova/uav_ws/install/absl/lib/libabsl_hashtablez_sampler.a
[5.525s] -- Up-to-date: /home/terranova/uav_ws/install/absl/lib/pkgconfig/absl_hashtable_debug.pc
[5.525s] -- Up-to-date: /home/terranova/uav_ws/install/absl/lib/pkgconfig/absl_hashtable_debug_hooks.pc
[5.525s] -- Up-to-date: /home/terranova/uav_ws/install/absl/lib/pkgconfig/absl_node_slot_policy.pc
[5.526s] -- Up-to-date: /home/terranova/uav_ws/install/absl/lib/pkgconfig/absl_raw_hash_map.pc
[5.526s] -- Up-to-date: /home/terranova/uav_ws/install/absl/lib/pkgconfig/absl_container_common.pc
[5.526s] -- Up-to-date: /home/terranova/uav_ws/install/absl/lib/pkgconfig/absl_raw_hash_set.pc
[5.526s] -- Up-to-date: /home/terranova/uav_ws/install/absl/lib/libabsl_raw_hash_set.a
[5.526s] -- Up-to-date: /home/terranova/uav_ws/install/absl/lib/pkgconfig/absl_layout.pc
[5.527s] -- Up-to-date: /home/terranova/uav_ws/install/absl/lib/pkgconfig/absl_crc_cpu_detect.pc
[5.527s] -- Up-to-date: /home/terranova/uav_ws/install/absl/lib/libabsl_crc_cpu_detect.a
[5.527s] -- Up-to-date: /home/terranova/uav_ws/install/absl/lib/pkgconfig/absl_crc_internal.pc
[5.527s] -- Up-to-date: /home/terranova/uav_ws/install/absl/lib/libabsl_crc_internal.a
[5.527s] -- Up-to-date: /home/terranova/uav_ws/install/absl/lib/pkgconfig/absl_crc32c.pc
[5.527s] -- Up-to-date: /home/terranova/uav_ws/install/absl/lib/libabsl_crc32c.a
[5.528s] -- Up-to-date: /home/terranova/uav_ws/install/absl/lib/pkgconfig/absl_non_temporal_arm_intrinsics.pc
[5.528s] -- Up-to-date: /home/terranova/uav_ws/install/absl/lib/pkgconfig/absl_non_temporal_memcpy.pc
[5.532s] -- Up-to-date: /home/terranova/uav_ws/install/absl/lib/pkgconfig/absl_crc_cord_state.pc
[5.532s] -- Up-to-date: /home/terranova/uav_ws/install/absl/lib/libabsl_crc_cord_state.a
[5.533s] -- Up-to-date: /home/terranova/uav_ws/install/absl/lib/pkgconfig/absl_stacktrace.pc
[5.533s] -- Up-to-date: /home/terranova/uav_ws/install/absl/lib/libabsl_stacktrace.a
[5.533s] -- Up-to-date: /home/terranova/uav_ws/install/absl/lib/pkgconfig/absl_symbolize.pc
[5.533s] -- Up-to-date: /home/terranova/uav_ws/install/absl/lib/libabsl_symbolize.a
[5.533s] -- Up-to-date: /home/terranova/uav_ws/install/absl/lib/pkgconfig/absl_examine_stack.pc
[5.534s] -- Up-to-date: /home/terranova/uav_ws/install/absl/lib/libabsl_examine_stack.a
[5.534s] -- Up-to-date: /home/terranova/uav_ws/install/absl/lib/pkgconfig/absl_failure_signal_handler.pc
[5.534s] -- Up-to-date: /home/terranova/uav_ws/install/absl/lib/libabsl_failure_signal_handler.a
[5.542s] -- Up-to-date: /home/terranova/uav_ws/install/absl/lib/pkgconfig/absl_debugging_internal.pc
[5.544s] -- Up-to-date: /home/terranova/uav_ws/install/absl/lib/libabsl_debugging_internal.a
[5.544s] -- Up-to-date: /home/terranova/uav_ws/install/absl/lib/pkgconfig/absl_demangle_internal.pc
[5.548s] -- Up-to-date: /home/terranova/uav_ws/install/absl/lib/libabsl_demangle_internal.a
[5.549s] -- Up-to-date: /home/terranova/uav_ws/install/absl/lib/pkgconfig/absl_leak_check.pc
[5.549s] -- Up-to-date: /home/terranova/uav_ws/install/absl/lib/libabsl_leak_check.a
[5.549s] -- Up-to-date: /home/terranova/uav_ws/install/absl/lib/pkgconfig/absl_debugging.pc
[5.549s] -- Up-to-date: /home/terranova/uav_ws/install/absl/lib/pkgconfig/absl_flags_path_util.pc
[5.550s] -- Up-to-date: /home/terranova/uav_ws/install/absl/lib/pkgconfig/absl_flags_program_name.pc
[5.550s] -- Up-to-date: /home/terranova/uav_ws/install/absl/lib/libabsl_flags_program_name.a
[5.550s] -- Up-to-date: /home/terranova/uav_ws/install/absl/lib/pkgconfig/absl_flags_config.pc
[5.550s] -- Up-to-date: /home/terranova/uav_ws/install/absl/lib/libabsl_flags_config.a
[5.550s] -- Up-to-date: /home/terranova/uav_ws/install/absl/lib/pkgconfig/absl_flags_marshalling.pc
[5.550s] -- Up-to-date: /home/terranova/uav_ws/install/absl/lib/libabsl_flags_marshalling.a
[5.551s] -- Up-to-date: /home/terranova/uav_ws/install/absl/lib/pkgconfig/absl_flags_commandlineflag_internal.pc
[5.551s] -- Up-to-date: /home/terranova/uav_ws/install/absl/lib/libabsl_flags_commandlineflag_internal.a
[5.551s] -- Up-to-date: /home/terranova/uav_ws/install/absl/lib/pkgconfig/absl_flags_commandlineflag.pc
[5.551s] -- Up-to-date: /home/terranova/uav_ws/install/absl/lib/libabsl_flags_commandlineflag.a
[5.551s] -- Up-to-date: /home/terranova/uav_ws/install/absl/lib/pkgconfig/absl_flags_private_handle_accessor.pc
[5.551s] -- Up-to-date: /home/terranova/uav_ws/install/absl/lib/libabsl_flags_private_handle_accessor.a
[5.552s] -- Up-to-date: /home/terranova/uav_ws/install/absl/lib/pkgconfig/absl_flags_reflection.pc
[5.552s] -- Up-to-date: /home/terranova/uav_ws/install/absl/lib/libabsl_flags_reflection.a
[5.562s] -- Up-to-date: /home/terranova/uav_ws/install/absl/lib/pkgconfig/absl_flags_internal.pc
[5.562s] -- Up-to-date: /home/terranova/uav_ws/install/absl/lib/libabsl_flags_internal.a
[5.562s] -- Up-to-date: /home/terranova/uav_ws/install/absl/lib/pkgconfig/absl_flags.pc
[5.562s] -- Up-to-date: /home/terranova/uav_ws/install/absl/lib/pkgconfig/absl_flags_usage_internal.pc
[5.563s] -- Up-to-date: /home/terranova/uav_ws/install/absl/lib/libabsl_flags_usage_internal.a
[5.563s] -- Up-to-date: /home/terranova/uav_ws/install/absl/lib/pkgconfig/absl_flags_usage.pc
[5.563s] -- Up-to-date: /home/terranova/uav_ws/install/absl/lib/libabsl_flags_usage.a
[5.563s] -- Up-to-date: /home/terranova/uav_ws/install/absl/lib/pkgconfig/absl_flags_parse.pc
[5.563s] -- Up-to-date: /home/terranova/uav_ws/install/absl/lib/libabsl_flags_parse.a
[5.563s] -- Up-to-date: /home/terranova/uav_ws/install/absl/lib/pkgconfig/absl_any_invocable.pc
[5.563s] -- Up-to-date: /home/terranova/uav_ws/install/absl/lib/pkgconfig/absl_bind_front.pc
[5.564s] -- Up-to-date: /home/terranova/uav_ws/install/absl/lib/pkgconfig/absl_function_ref.pc
[5.565s] -- Up-to-date: /home/terranova/uav_ws/install/absl/lib/pkgconfig/absl_overload.pc
[5.565s] -- Up-to-date: /home/terranova/uav_ws/install/absl/lib/pkgconfig/absl_hash.pc
[5.566s] -- Up-to-date: /home/terranova/uav_ws/install/absl/lib/libabsl_hash.a
[5.566s] -- Up-to-date: /home/terranova/uav_ws/install/absl/lib/pkgconfig/absl_city.pc
[5.566s] -- Up-to-date: /home/terranova/uav_ws/install/absl/lib/libabsl_city.a
[5.566s] -- Up-to-date: /home/terranova/uav_ws/install/absl/lib/pkgconfig/absl_low_level_hash.pc
[5.566s] -- Up-to-date: /home/terranova/uav_ws/install/absl/lib/libabsl_low_level_hash.a
[5.566s] -- Up-to-date: /home/terranova/uav_ws/install/absl/lib/pkgconfig/absl_log_internal_check_impl.pc
[5.567s] -- Up-to-date: /home/terranova/uav_ws/install/absl/lib/pkgconfig/absl_log_internal_check_op.pc
[5.567s] -- Up-to-date: /home/terranova/uav_ws/install/absl/lib/libabsl_log_internal_check_op.a
[5.567s] -- Up-to-date: /home/terranova/uav_ws/install/absl/lib/pkgconfig/absl_log_internal_conditions.pc
[5.567s] -- Up-to-date: /home/terranova/uav_ws/install/absl/lib/libabsl_log_internal_conditions.a
[5.567s] -- Up-to-date: /home/terranova/uav_ws/install/absl/lib/pkgconfig/absl_log_internal_config.pc
[5.567s] -- Up-to-date: /home/terranova/uav_ws/install/absl/lib/pkgconfig/absl_log_internal_flags.pc
[5.568s] -- Up-to-date: /home/terranova/uav_ws/install/absl/lib/pkgconfig/absl_log_internal_format.pc
[5.568s] -- Up-to-date: /home/terranova/uav_ws/install/absl/lib/libabsl_log_internal_format.a
[5.568s] -- Up-to-date: /home/terranova/uav_ws/install/absl/lib/pkgconfig/absl_log_internal_globals.pc
[5.568s] -- Up-to-date: /home/terranova/uav_ws/install/absl/lib/libabsl_log_internal_globals.a
[5.568s] -- Up-to-date: /home/terranova/uav_ws/install/absl/lib/pkgconfig/absl_log_internal_log_impl.pc
[5.568s] -- Up-to-date: /home/terranova/uav_ws/install/absl/lib/pkgconfig/absl_log_internal_proto.pc
[5.569s] -- Up-to-date: /home/terranova/uav_ws/install/absl/lib/libabsl_log_internal_proto.a
[5.569s] -- Up-to-date: /home/terranova/uav_ws/install/absl/lib/pkgconfig/absl_log_internal_message.pc
[5.569s] -- Up-to-date: /home/terranova/uav_ws/install/absl/lib/libabsl_log_internal_message.a
[5.569s] -- Up-to-date: /home/terranova/uav_ws/install/absl/lib/pkgconfig/absl_log_internal_log_sink_set.pc
[5.569s] -- Up-to-date: /home/terranova/uav_ws/install/absl/lib/libabsl_log_internal_log_sink_set.a
[5.569s] -- Up-to-date: /home/terranova/uav_ws/install/absl/lib/pkgconfig/absl_log_internal_nullguard.pc
[5.570s] -- Up-to-date: /home/terranova/uav_ws/install/absl/lib/libabsl_log_internal_nullguard.a
[5.570s] -- Up-to-date: /home/terranova/uav_ws/install/absl/lib/pkgconfig/absl_log_internal_nullstream.pc
[5.570s] -- Up-to-date: /home/terranova/uav_ws/install/absl/lib/pkgconfig/absl_log_internal_strip.pc
[5.570s] -- Up-to-date: /home/terranova/uav_ws/install/absl/lib/pkgconfig/absl_log_internal_voidify.pc
[5.570s] -- Up-to-date: /home/terranova/uav_ws/install/absl/lib/pkgconfig/absl_log_internal_append_truncated.pc
[5.570s] -- Up-to-date: /home/terranova/uav_ws/install/absl/lib/pkgconfig/absl_absl_check.pc
[5.570s] -- Up-to-date: /home/terranova/uav_ws/install/absl/lib/pkgconfig/absl_absl_log.pc
[5.571s] -- Up-to-date: /home/terranova/uav_ws/install/absl/lib/pkgconfig/absl_check.pc
[5.571s] -- Up-to-date: /home/terranova/uav_ws/install/absl/lib/pkgconfig/absl_die_if_null.pc
[5.571s] -- Up-to-date: /home/terranova/uav_ws/install/absl/lib/libabsl_die_if_null.a
[5.571s] -- Up-to-date: /home/terranova/uav_ws/install/absl/lib/pkgconfig/absl_log_flags.pc
[5.571s] -- Up-to-date: /home/terranova/uav_ws/install/absl/lib/libabsl_log_flags.a
[5.571s] -- Up-to-date: /home/terranova/uav_ws/install/absl/lib/pkgconfig/absl_log_globals.pc
[5.572s] -- Up-to-date: /home/terranova/uav_ws/install/absl/lib/libabsl_log_globals.a
[5.572s] -- Up-to-date: /home/terranova/uav_ws/install/absl/lib/pkgconfig/absl_log_initialize.pc
[5.592s] -- Up-to-date: /home/terranova/uav_ws/install/absl/lib/libabsl_log_initialize.a
[5.592s] -- Up-to-date: /home/terranova/uav_ws/install/absl/lib/pkgconfig/absl_log.pc
[5.592s] -- Up-to-date: /home/terranova/uav_ws/install/absl/lib/pkgconfig/absl_log_entry.pc
[5.593s] -- Up-to-date: /home/terranova/uav_ws/install/absl/lib/libabsl_log_entry.a
[5.593s] -- Up-to-date: /home/terranova/uav_ws/install/absl/lib/pkgconfig/absl_log_sink.pc
[5.593s] -- Up-to-date: /home/terranova/uav_ws/install/absl/lib/libabsl_log_sink.a
[5.593s] -- Up-to-date: /home/terranova/uav_ws/install/absl/lib/pkgconfig/absl_log_sink_registry.pc
[5.593s] -- Up-to-date: /home/terranova/uav_ws/install/absl/lib/pkgconfig/absl_log_streamer.pc
[5.593s] -- Up-to-date: /home/terranova/uav_ws/install/absl/lib/pkgconfig/absl_log_internal_structured.pc
[5.594s] -- Up-to-date: /home/terranova/uav_ws/install/absl/lib/pkgconfig/absl_log_structured.pc
[5.594s] -- Up-to-date: /home/terranova/uav_ws/install/absl/lib/pkgconfig/absl_vlog_config_internal.pc
[5.594s] -- Up-to-date: /home/terranova/uav_ws/install/absl/lib/libabsl_vlog_config_internal.a
[5.594s] -- Up-to-date: /home/terranova/uav_ws/install/absl/lib/pkgconfig/absl_absl_vlog_is_on.pc
[5.594s] -- Up-to-date: /home/terranova/uav_ws/install/absl/lib/pkgconfig/absl_vlog_is_on.pc
[5.594s] -- Up-to-date: /home/terranova/uav_ws/install/absl/lib/pkgconfig/absl_log_internal_fnmatch.pc
[5.595s] -- Up-to-date: /home/terranova/uav_ws/install/absl/lib/libabsl_log_internal_fnmatch.a
[5.600s] -- Up-to-date: /home/terranova/uav_ws/install/absl/lib/pkgconfig/absl_memory.pc
[5.600s] -- Up-to-date: /home/terranova/uav_ws/install/absl/lib/pkgconfig/absl_type_traits.pc
[5.600s] -- Up-to-date: /home/terranova/uav_ws/install/absl/lib/pkgconfig/absl_meta.pc
[5.601s] -- Up-to-date: /home/terranova/uav_ws/install/absl/lib/pkgconfig/absl_bits.pc
[5.601s] -- Up-to-date: /home/terranova/uav_ws/install/absl/lib/pkgconfig/absl_int128.pc
[5.601s] -- Up-to-date: /home/terranova/uav_ws/install/absl/lib/libabsl_int128.a
[5.601s] -- Up-to-date: /home/terranova/uav_ws/install/absl/lib/pkgconfig/absl_numeric.pc
[5.601s] -- Up-to-date: /home/terranova/uav_ws/install/absl/lib/pkgconfig/absl_numeric_representation.pc
[5.601s] -- Up-to-date: /home/terranova/uav_ws/install/absl/lib/pkgconfig/absl_sample_recorder.pc
[5.602s] -- Up-to-date: /home/terranova/uav_ws/install/absl/lib/pkgconfig/absl_exponential_biased.pc
[5.602s] -- Up-to-date: /home/terranova/uav_ws/install/absl/lib/libabsl_exponential_biased.a
[5.602s] -- Up-to-date: /home/terranova/uav_ws/install/absl/lib/pkgconfig/absl_periodic_sampler.pc
[5.602s] -- Up-to-date: /home/terranova/uav_ws/install/absl/lib/libabsl_periodic_sampler.a
[5.602s] -- Up-to-date: /home/terranova/uav_ws/install/absl/lib/pkgconfig/absl_random_random.pc
[5.602s] -- Up-to-date: /home/terranova/uav_ws/install/absl/lib/pkgconfig/absl_random_bit_gen_ref.pc
[5.603s] -- Up-to-date: /home/terranova/uav_ws/install/absl/lib/pkgconfig/absl_random_internal_mock_helpers.pc
[5.603s] -- Up-to-date: /home/terranova/uav_ws/install/absl/lib/pkgconfig/absl_random_distributions.pc
[5.603s] -- Up-to-date: /home/terranova/uav_ws/install/absl/lib/libabsl_random_distributions.a
[5.603s] -- Up-to-date: /home/terranova/uav_ws/install/absl/lib/pkgconfig/absl_random_seed_gen_exception.pc
[5.603s] -- Up-to-date: /home/terranova/uav_ws/install/absl/lib/libabsl_random_seed_gen_exception.a
[5.603s] -- Up-to-date: /home/terranova/uav_ws/install/absl/lib/pkgconfig/absl_random_seed_sequences.pc
[5.604s] -- Up-to-date: /home/terranova/uav_ws/install/absl/lib/libabsl_random_seed_sequences.a
[5.604s] -- Up-to-date: /home/terranova/uav_ws/install/absl/lib/pkgconfig/absl_random_internal_traits.pc
[5.616s] -- Up-to-date: /home/terranova/uav_ws/install/absl/lib/pkgconfig/absl_random_internal_distribution_caller.pc
[5.616s] -- Up-to-date: /home/terranova/uav_ws/install/absl/lib/pkgconfig/absl_random_internal_fast_uniform_bits.pc
[5.617s] -- Up-to-date: /home/terranova/uav_ws/install/absl/lib/pkgconfig/absl_random_internal_seed_material.pc
[5.617s] -- Up-to-date: /home/terranova/uav_ws/install/absl/lib/libabsl_random_internal_seed_material.a
[5.617s] -- Up-to-date: /home/terranova/uav_ws/install/absl/lib/pkgconfig/absl_random_internal_pool_urbg.pc
[5.617s] -- Up-to-date: /home/terranova/uav_ws/install/absl/lib/libabsl_random_internal_pool_urbg.a
[5.617s] -- Up-to-date: /home/terranova/uav_ws/install/absl/lib/pkgconfig/absl_random_internal_salted_seed_seq.pc
[5.617s] -- Up-to-date: /home/terranova/uav_ws/install/absl/lib/pkgconfig/absl_random_internal_iostream_state_saver.pc
[5.618s] -- Up-to-date: /home/terranova/uav_ws/install/absl/lib/pkgconfig/absl_random_internal_generate_real.pc
[5.618s] -- Up-to-date: /home/terranova/uav_ws/install/absl/lib/pkgconfig/absl_random_internal_wide_multiply.pc
[5.618s] -- Up-to-date: /home/terranova/uav_ws/install/absl/lib/pkgconfig/absl_random_internal_fastmath.pc
[5.618s] -- Up-to-date: /home/terranova/uav_ws/install/absl/lib/pkgconfig/absl_random_internal_nonsecure_base.pc
[5.618s] -- Up-to-date: /home/terranova/uav_ws/install/absl/lib/pkgconfig/absl_random_internal_pcg_engine.pc
[5.618s] -- Up-to-date: /home/terranova/uav_ws/install/absl/lib/pkgconfig/absl_random_internal_randen_engine.pc
[5.618s] -- Up-to-date: /home/terranova/uav_ws/install/absl/lib/pkgconfig/absl_random_internal_platform.pc
[5.619s] -- Up-to-date: /home/terranova/uav_ws/install/absl/lib/libabsl_random_internal_platform.a
[5.619s] -- Up-to-date: /home/terranova/uav_ws/install/absl/lib/pkgconfig/absl_random_internal_randen.pc
[5.619s] -- Up-to-date: /home/terranova/uav_ws/install/absl/lib/libabsl_random_internal_randen.a
[5.619s] -- Up-to-date: /home/terranova/uav_ws/install/absl/lib/pkgconfig/absl_random_internal_randen_slow.pc
[5.619s] -- Up-to-date: /home/terranova/uav_ws/install/absl/lib/libabsl_random_internal_randen_slow.a
[5.619s] -- Up-to-date: /home/terranova/uav_ws/install/absl/lib/pkgconfig/absl_random_internal_randen_hwaes.pc
[5.620s] -- Up-to-date: /home/terranova/uav_ws/install/absl/lib/libabsl_random_internal_randen_hwaes.a
[5.620s] -- Up-to-date: /home/terranova/uav_ws/install/absl/lib/pkgconfig/absl_random_internal_randen_hwaes_impl.pc
[5.620s] -- Up-to-date: /home/terranova/uav_ws/install/absl/lib/libabsl_random_internal_randen_hwaes_impl.a
[5.620s] -- Up-to-date: /home/terranova/uav_ws/install/absl/lib/pkgconfig/absl_random_internal_distribution_test_util.pc
[5.620s] -- Up-to-date: /home/terranova/uav_ws/install/absl/lib/libabsl_random_internal_distribution_test_util.a
[5.620s] -- Up-to-date: /home/terranova/uav_ws/install/absl/lib/pkgconfig/absl_random_internal_uniform_helper.pc
[5.621s] -- Up-to-date: /home/terranova/uav_ws/install/absl/lib/pkgconfig/absl_status.pc
[5.621s] -- Up-to-date: /home/terranova/uav_ws/install/absl/lib/libabsl_status.a
[5.621s] -- Up-to-date: /home/terranova/uav_ws/install/absl/lib/pkgconfig/absl_statusor.pc
[5.621s] -- Up-to-date: /home/terranova/uav_ws/install/absl/lib/libabsl_statusor.a
[5.621s] -- Up-to-date: /home/terranova/uav_ws/install/absl/lib/pkgconfig/absl_string_view.pc
[5.621s] -- Up-to-date: /home/terranova/uav_ws/install/absl/lib/libabsl_string_view.a
[5.622s] -- Up-to-date: /home/terranova/uav_ws/install/absl/lib/pkgconfig/absl_strings.pc
[5.622s] -- Up-to-date: /home/terranova/uav_ws/install/absl/lib/libabsl_strings.a
[5.622s] -- Up-to-date: /home/terranova/uav_ws/install/absl/lib/pkgconfig/absl_charset.pc
[5.622s] -- Up-to-date: /home/terranova/uav_ws/install/absl/lib/pkgconfig/absl_has_ostream_operator.pc
[5.622s] -- Up-to-date: /home/terranova/uav_ws/install/absl/lib/pkgconfig/absl_strings_internal.pc
[5.622s] -- Up-to-date: /home/terranova/uav_ws/install/absl/lib/libabsl_strings_internal.a
[5.622s] -- Up-to-date: /home/terranova/uav_ws/install/absl/lib/pkgconfig/absl_str_format.pc
[5.623s] -- Up-to-date: /home/terranova/uav_ws/install/absl/lib/pkgconfig/absl_str_format_internal.pc
[5.623s] -- Up-to-date: /home/terranova/uav_ws/install/absl/lib/libabsl_str_format_internal.a
[5.623s] -- Up-to-date: /home/terranova/uav_ws/install/absl/lib/pkgconfig/absl_cord_internal.pc
[5.623s] -- Up-to-date: /home/terranova/uav_ws/install/absl/lib/libabsl_cord_internal.a
[5.623s] -- Up-to-date: /home/terranova/uav_ws/install/absl/lib/pkgconfig/absl_cordz_update_tracker.pc
[5.623s] -- Up-to-date: /home/terranova/uav_ws/install/absl/lib/pkgconfig/absl_cordz_functions.pc
[5.624s] -- Up-to-date: /home/terranova/uav_ws/install/absl/lib/libabsl_cordz_functions.a
[5.624s] -- Up-to-date: /home/terranova/uav_ws/install/absl/lib/pkgconfig/absl_cordz_statistics.pc
[5.636s] -- Up-to-date: /home/terranova/uav_ws/install/absl/lib/pkgconfig/absl_cordz_handle.pc
[5.637s] -- Up-to-date: /home/terranova/uav_ws/install/absl/lib/libabsl_cordz_handle.a
[5.637s] -- Up-to-date: /home/terranova/uav_ws/install/absl/lib/pkgconfig/absl_cordz_info.pc
[5.637s] -- Up-to-date: /home/terranova/uav_ws/install/absl/lib/libabsl_cordz_info.a
[5.637s] -- Up-to-date: /home/terranova/uav_ws/install/absl/lib/pkgconfig/absl_cordz_sample_token.pc
[5.637s] -- Up-to-date: /home/terranova/uav_ws/install/absl/lib/libabsl_cordz_sample_token.a
[5.637s] -- Up-to-date: /home/terranova/uav_ws/install/absl/lib/pkgconfig/absl_cordz_update_scope.pc
[5.637s] -- Up-to-date: /home/terranova/uav_ws/install/absl/lib/pkgconfig/absl_cord.pc
[5.638s] -- Up-to-date: /home/terranova/uav_ws/install/absl/lib/libabsl_cord.a
[5.638s] -- Up-to-date: /home/terranova/uav_ws/install/absl/lib/pkgconfig/absl_graphcycles_internal.pc
[5.638s] -- Up-to-date: /home/terranova/uav_ws/install/absl/lib/libabsl_graphcycles_internal.a
[5.638s] -- Up-to-date: /home/terranova/uav_ws/install/absl/lib/pkgconfig/absl_kernel_timeout_internal.pc
[5.638s] -- Up-to-date: /home/terranova/uav_ws/install/absl/lib/libabsl_kernel_timeout_internal.a
[5.638s] -- Up-to-date: /home/terranova/uav_ws/install/absl/lib/pkgconfig/absl_synchronization.pc
[5.639s] -- Up-to-date: /home/terranova/uav_ws/install/absl/lib/libabsl_synchronization.a
[5.639s] -- Up-to-date: /home/terranova/uav_ws/install/absl/lib/pkgconfig/absl_time.pc
[5.639s] -- Up-to-date: /home/terranova/uav_ws/install/absl/lib/libabsl_time.a
[5.639s] -- Up-to-date: /home/terranova/uav_ws/install/absl/lib/pkgconfig/absl_civil_time.pc
[5.639s] -- Up-to-date: /home/terranova/uav_ws/install/absl/lib/libabsl_civil_time.a
[5.639s] -- Up-to-date: /home/terranova/uav_ws/install/absl/lib/pkgconfig/absl_time_zone.pc
[5.640s] -- Up-to-date: /home/terranova/uav_ws/install/absl/lib/libabsl_time_zone.a
[5.640s] -- Up-to-date: /home/terranova/uav_ws/install/absl/lib/pkgconfig/absl_any.pc
[5.640s] -- Up-to-date: /home/terranova/uav_ws/install/absl/lib/pkgconfig/absl_bad_any_cast.pc
[5.640s] -- Up-to-date: /home/terranova/uav_ws/install/absl/lib/pkgconfig/absl_bad_any_cast_impl.pc
[5.640s] -- Up-to-date: /home/terranova/uav_ws/install/absl/lib/libabsl_bad_any_cast_impl.a
[5.640s] -- Up-to-date: /home/terranova/uav_ws/install/absl/lib/pkgconfig/absl_span.pc
[5.641s] -- Up-to-date: /home/terranova/uav_ws/install/absl/lib/pkgconfig/absl_optional.pc
[5.641s] -- Up-to-date: /home/terranova/uav_ws/install/absl/lib/pkgconfig/absl_bad_optional_access.pc
[5.641s] -- Up-to-date: /home/terranova/uav_ws/install/absl/lib/libabsl_bad_optional_access.a
[5.641s] -- Up-to-date: /home/terranova/uav_ws/install/absl/lib/pkgconfig/absl_bad_variant_access.pc
[5.641s] -- Up-to-date: /home/terranova/uav_ws/install/absl/lib/libabsl_bad_variant_access.a
[5.641s] -- Up-to-date: /home/terranova/uav_ws/install/absl/lib/pkgconfig/absl_variant.pc
[5.641s] -- Up-to-date: /home/terranova/uav_ws/install/absl/lib/pkgconfig/absl_compare.pc
[5.642s] -- Up-to-date: /home/terranova/uav_ws/install/absl/lib/pkgconfig/absl_utility.pc
[5.642s] -- Up-to-date: /home/terranova/uav_ws/install/absl/lib/pkgconfig/absl_if_constexpr.pc
[5.642s] Invoked command in '/home/terranova/uav_ws/build/absl' returned '0': /home/terranova/.local/bin/cmake --install /home/terranova/uav_ws/build/absl
