[0.099s] Invoking command in '/home/terranova/uav_ws/build/dynamixel_sdk': CMAKE_PREFIX_PATH=/opt/ros/foxy /home/terranova/.local/bin/cmake --build /home/terranova/uav_ws/build/dynamixel_sdk -- -j4 -l4
[1.074s] [100%] Built target dynamixel_sdk
[1.231s] Invoked command in '/home/terranova/uav_ws/build/dynamixel_sdk' returned '0': CMAKE_PREFIX_PATH=/opt/ros/foxy /home/terranova/.local/bin/cmake --build /home/terranova/uav_ws/build/dynamixel_sdk -- -j4 -l4
[2.474s] Invoking command in '/home/terranova/uav_ws/build/dynamixel_sdk': CMAKE_PREFIX_PATH=/opt/ros/foxy /home/terranova/.local/bin/cmake --install /home/terranova/uav_ws/build/dynamixel_sdk
[2.910s] -- Install configuration: ""
[2.922s] -- Up-to-date: /home/terranova/uav_ws/install/dynamixel_sdk/include/
[2.942s] -- Up-to-date: /home/terranova/uav_ws/install/dynamixel_sdk/include//dynamixel_sdk
[2.952s] -- Up-to-date: /home/terranova/uav_ws/install/dynamixel_sdk/include//dynamixel_sdk/group_sync_write.h
[2.953s] -- Up-to-date: /home/terranova/uav_ws/install/dynamixel_sdk/include//dynamixel_sdk/port_handler_linux.h
[2.954s] -- Up-to-date: /home/terranova/uav_ws/install/dynamixel_sdk/include//dynamixel_sdk/packet_handler.h
[2.954s] -- Up-to-date: /home/terranova/uav_ws/install/dynamixel_sdk/include//dynamixel_sdk/port_handler_arduino.h
[2.955s] -- Up-to-date: /home/terranova/uav_ws/install/dynamixel_sdk/include//dynamixel_sdk/protocol2_packet_handler.h
[2.955s] -- Up-to-date: /home/terranova/uav_ws/install/dynamixel_sdk/include//dynamixel_sdk/group_bulk_write.h
[2.956s] -- Up-to-date: /home/terranova/uav_ws/install/dynamixel_sdk/include//dynamixel_sdk/port_handler_mac.h
[2.956s] -- Up-to-date: /home/terranova/uav_ws/install/dynamixel_sdk/include//dynamixel_sdk/port_handler_windows.h
[2.957s] -- Up-to-date: /home/terranova/uav_ws/install/dynamixel_sdk/include//dynamixel_sdk/dynamixel_sdk.h
[2.957s] -- Up-to-date: /home/terranova/uav_ws/install/dynamixel_sdk/include//dynamixel_sdk/protocol1_packet_handler.h
[2.958s] -- Up-to-date: /home/terranova/uav_ws/install/dynamixel_sdk/include//dynamixel_sdk/group_bulk_read.h
[2.958s] -- Up-to-date: /home/terranova/uav_ws/install/dynamixel_sdk/include//dynamixel_sdk/port_handler.h
[2.960s] -- Up-to-date: /home/terranova/uav_ws/install/dynamixel_sdk/include//dynamixel_sdk/group_sync_read.h
[2.971s] -- Up-to-date: /home/terranova/uav_ws/install/dynamixel_sdk/lib/libdynamixel_sdk.so
[2.971s] -- Up-to-date: /home/terranova/uav_ws/install/dynamixel_sdk/share/dynamixel_sdk/environment/library_path.sh
[2.972s] -- Up-to-date: /home/terranova/uav_ws/install/dynamixel_sdk/share/dynamixel_sdk/environment/library_path.dsv
[2.972s] -- Up-to-date: /home/terranova/uav_ws/install/dynamixel_sdk/share/ament_index/resource_index/package_run_dependencies/dynamixel_sdk
[2.973s] -- Up-to-date: /home/terranova/uav_ws/install/dynamixel_sdk/share/ament_index/resource_index/parent_prefix_path/dynamixel_sdk
[2.973s] -- Up-to-date: /home/terranova/uav_ws/install/dynamixel_sdk/share/dynamixel_sdk/environment/ament_prefix_path.sh
[2.973s] -- Up-to-date: /home/terranova/uav_ws/install/dynamixel_sdk/share/dynamixel_sdk/environment/ament_prefix_path.dsv
[2.974s] -- Up-to-date: /home/terranova/uav_ws/install/dynamixel_sdk/share/dynamixel_sdk/environment/path.sh
[2.986s] -- Up-to-date: /home/terranova/uav_ws/install/dynamixel_sdk/share/dynamixel_sdk/environment/path.dsv
[2.987s] -- Up-to-date: /home/terranova/uav_ws/install/dynamixel_sdk/share/dynamixel_sdk/local_setup.bash
[2.988s] -- Up-to-date: /home/terranova/uav_ws/install/dynamixel_sdk/share/dynamixel_sdk/local_setup.sh
[2.988s] -- Up-to-date: /home/terranova/uav_ws/install/dynamixel_sdk/share/dynamixel_sdk/local_setup.zsh
[2.988s] -- Up-to-date: /home/terranova/uav_ws/install/dynamixel_sdk/share/dynamixel_sdk/local_setup.dsv
[2.989s] -- Installing: /home/terranova/uav_ws/install/dynamixel_sdk/share/dynamixel_sdk/package.dsv
[2.989s] -- Up-to-date: /home/terranova/uav_ws/install/dynamixel_sdk/share/ament_index/resource_index/packages/dynamixel_sdk
[2.990s] -- Up-to-date: /home/terranova/uav_ws/install/dynamixel_sdk/share/dynamixel_sdk/cmake/ament_cmake_export_include_directories-extras.cmake
[2.990s] -- Up-to-date: /home/terranova/uav_ws/install/dynamixel_sdk/share/dynamixel_sdk/cmake/ament_cmake_export_libraries-extras.cmake
[2.999s] -- Up-to-date: /home/terranova/uav_ws/install/dynamixel_sdk/share/dynamixel_sdk/cmake/dynamixel_sdkConfig.cmake
[3.000s] -- Up-to-date: /home/terranova/uav_ws/install/dynamixel_sdk/share/dynamixel_sdk/cmake/dynamixel_sdkConfig-version.cmake
[3.000s] -- Up-to-date: /home/terranova/uav_ws/install/dynamixel_sdk/share/dynamixel_sdk/package.xml
[3.029s] Invoked command in '/home/terranova/uav_ws/build/dynamixel_sdk' returned '0': CMAKE_PREFIX_PATH=/opt/ros/foxy /home/terranova/.local/bin/cmake --install /home/terranova/uav_ws/build/dynamixel_sdk
