[14.523s] Invoking command in '/home/terranova/uav_ws/src/joint_state_publisher_gui': PYTHONPATH=/home/terranova/uav_ws/build/joint_state_publisher_gui/prefix_override:/home/terranova/uav_ws/install/joint_state_publisher_gui/lib/python3.8/site-packages:${PYTHONPATH} /usr/bin/python3 -W ignore:setup.py install is deprecated setup.py egg_info --egg-base ../../build/joint_state_publisher_gui build --build-base /home/terranova/uav_ws/build/joint_state_publisher_gui/build install --record /home/terranova/uav_ws/build/joint_state_publisher_gui/install.log --single-version-externally-managed install_data
[19.333s] running egg_info
[19.599s] writing ../../build/joint_state_publisher_gui/joint_state_publisher_gui.egg-info/PKG-INFO
[19.613s] writing dependency_links to ../../build/joint_state_publisher_gui/joint_state_publisher_gui.egg-info/dependency_links.txt
[19.625s] writing requirements to ../../build/joint_state_publisher_gui/joint_state_publisher_gui.egg-info/requires.txt
[19.630s] writing top-level names to ../../build/joint_state_publisher_gui/joint_state_publisher_gui.egg-info/top_level.txt
[22.373s] reading manifest file '../../build/joint_state_publisher_gui/joint_state_publisher_gui.egg-info/SOURCES.txt'
[23.221s] writing manifest file '../../build/joint_state_publisher_gui/joint_state_publisher_gui.egg-info/SOURCES.txt'
[23.223s] running build
[23.239s] running build_py
[23.239s] copying joint_state_publisher_gui/__init__.py -> /home/terranova/uav_ws/build/joint_state_publisher_gui/build/lib/joint_state_publisher_gui
[23.254s] running install
[23.383s] running install_lib
[23.800s] running install_data
[23.804s] copying resource/joint_state_publisher_gui -> /home/terranova/uav_ws/install/joint_state_publisher_gui/share/ament_index/resource_index/packages
[23.804s] copying package.xml -> /home/terranova/uav_ws/install/joint_state_publisher_gui/share/joint_state_publisher_gui
[23.805s] running install_egg_info
[23.934s] removing '/home/terranova/uav_ws/install/joint_state_publisher_gui/lib/python3.8/site-packages/joint_state_publisher_gui-0.0.0-py3.8.egg-info' (and everything under it)
[23.946s] Copying ../../build/joint_state_publisher_gui/joint_state_publisher_gui.egg-info to /home/terranova/uav_ws/install/joint_state_publisher_gui/lib/python3.8/site-packages/joint_state_publisher_gui-0.0.0-py3.8.egg-info
[24.371s] running install_scripts
[25.061s] writing list of installed files to '/home/terranova/uav_ws/build/joint_state_publisher_gui/install.log'
[25.241s] Invoked command in '/home/terranova/uav_ws/src/joint_state_publisher_gui' returned '0': PYTHONPATH=/home/terranova/uav_ws/build/joint_state_publisher_gui/prefix_override:/home/terranova/uav_ws/install/joint_state_publisher_gui/lib/python3.8/site-packages:${PYTHONPATH} /usr/bin/python3 -W ignore:setup.py install is deprecated setup.py egg_info --egg-base ../../build/joint_state_publisher_gui build --build-base /home/terranova/uav_ws/build/joint_state_publisher_gui/build install --record /home/terranova/uav_ws/build/joint_state_publisher_gui/install.log --single-version-externally-managed install_data
