[0.030s] Invoking command in '/home/terranova/uav_ws/build/uav_cartographer': CMAKE_PREFIX_PATH=${CMAKE_PREFIX_PATH}:/home/terranova/uav_ws/install/turtlebot3_teleop:/home/terranova/uav_ws/install/turtlebot3_example:/home/terranova/uav_ws/install/opencv_tests:/home/terranova/uav_ws/install/joint_state_publisher_gui:/home/terranova/uav_ws/install/joint_state_publisher:/opt/ros/foxy /home/terranova/.local/bin/cmake /home/terranova/uav_ws/src/uav_cartographer -DCMAKE_INSTALL_PREFIX=/home/terranova/uav_ws/install/uav_cartographer
[0.238s] -- The C compiler identification is GNU 9.4.0
[0.388s] -- The CXX compiler identification is GNU 9.4.0
[0.435s] -- Detecting C compiler ABI info
[0.567s] -- Detecting C compiler ABI info - done
[0.602s] -- Check for working C compiler: /usr/lib/ccache/cc - skipped
[0.603s] -- Detecting C compile features
[0.605s] -- Detecting C compile features - done
[0.635s] -- Detecting CXX compiler ABI info
[0.785s] -- Detecting CXX compiler ABI info - done
[0.820s] -- Check for working CXX compiler: /usr/lib/ccache/c++ - skipped
[0.821s] -- Detecting CXX compile features
[0.823s] -- Detecting CXX compile features - done
[0.833s] -- Found ament_cmake: 0.9.12 (/opt/ros/foxy/share/ament_cmake/cmake)
[0.852s] [33mCMake Warning (dev) at /opt/ros/foxy/share/ament_cmake_core/cmake/core/python.cmake:22 (find_package):
[0.852s]   Policy CMP0148 is not set: The FindPythonInterp and FindPythonLibs modules
[0.853s]   are removed.  Run "cmake --help-policy CMP0148" for policy details.  Use
[0.853s]   the cmake_policy command to set the policy and suppress this warning.
[0.853s] 
[0.854s] Call Stack (most recent call first):
[0.854s]   /opt/ros/foxy/share/ament_cmake_core/cmake/core/all.cmake:53 (include)
[0.854s]   /opt/ros/foxy/share/ament_cmake_core/cmake/ament_cmake_core-extras.cmake:17 (include)
[0.854s]   /opt/ros/foxy/share/ament_cmake_core/cmake/ament_cmake_coreConfig.cmake:41 (include)
[0.855s]   /opt/ros/foxy/share/ament_cmake/cmake/ament_cmake_export_dependencies-extras.cmake:15 (find_package)
[0.855s]   /opt/ros/foxy/share/ament_cmake/cmake/ament_cmakeConfig.cmake:41 (include)
[0.855s]   CMakeLists.txt:10 (find_package)
[0.856s] This warning is for project developers.  Use -Wno-dev to suppress it.
[0.856s] [0m
[0.930s] -- Found PythonInterp: /usr/bin/python3 (found suitable version "3.8.10", minimum required is "3") 
[0.930s] -- Using PYTHON_EXECUTABLE: /usr/bin/python3
[1.774s] -- Configuring done (1.7s)
[1.782s] -- Generating done (0.0s)
[1.784s] -- Build files have been written to: /home/terranova/uav_ws/build/uav_cartographer
[1.800s] Invoked command in '/home/terranova/uav_ws/build/uav_cartographer' returned '0': CMAKE_PREFIX_PATH=${CMAKE_PREFIX_PATH}:/home/terranova/uav_ws/install/turtlebot3_teleop:/home/terranova/uav_ws/install/turtlebot3_example:/home/terranova/uav_ws/install/opencv_tests:/home/terranova/uav_ws/install/joint_state_publisher_gui:/home/terranova/uav_ws/install/joint_state_publisher:/opt/ros/foxy /home/terranova/.local/bin/cmake /home/terranova/uav_ws/src/uav_cartographer -DCMAKE_INSTALL_PREFIX=/home/terranova/uav_ws/install/uav_cartographer
[1.806s] Invoking command in '/home/terranova/uav_ws/build/uav_cartographer': CMAKE_PREFIX_PATH=${CMAKE_PREFIX_PATH}:/home/terranova/uav_ws/install/turtlebot3_teleop:/home/terranova/uav_ws/install/turtlebot3_example:/home/terranova/uav_ws/install/opencv_tests:/home/terranova/uav_ws/install/joint_state_publisher_gui:/home/terranova/uav_ws/install/joint_state_publisher:/opt/ros/foxy /home/terranova/.local/bin/cmake --build /home/terranova/uav_ws/build/uav_cartographer -- -j4 -l4
[1.924s] Invoked command in '/home/terranova/uav_ws/build/uav_cartographer' returned '0': CMAKE_PREFIX_PATH=${CMAKE_PREFIX_PATH}:/home/terranova/uav_ws/install/turtlebot3_teleop:/home/terranova/uav_ws/install/turtlebot3_example:/home/terranova/uav_ws/install/opencv_tests:/home/terranova/uav_ws/install/joint_state_publisher_gui:/home/terranova/uav_ws/install/joint_state_publisher:/opt/ros/foxy /home/terranova/.local/bin/cmake --build /home/terranova/uav_ws/build/uav_cartographer -- -j4 -l4
[2.050s] Invoking command in '/home/terranova/uav_ws/build/uav_cartographer': CMAKE_PREFIX_PATH=${CMAKE_PREFIX_PATH}:/home/terranova/uav_ws/install/turtlebot3_teleop:/home/terranova/uav_ws/install/turtlebot3_example:/home/terranova/uav_ws/install/opencv_tests:/home/terranova/uav_ws/install/joint_state_publisher_gui:/home/terranova/uav_ws/install/joint_state_publisher:/opt/ros/foxy /home/terranova/.local/bin/cmake --install /home/terranova/uav_ws/build/uav_cartographer
[2.134s] -- Install configuration: ""
[2.134s] -- Installing: /home/terranova/uav_ws/install/uav_cartographer/share/uav_cartographer/config
[2.135s] -- Installing: /home/terranova/uav_ws/install/uav_cartographer/share/uav_cartographer/config/uav_lds_2d.lua
[2.135s] -- Installing: /home/terranova/uav_ws/install/uav_cartographer/share/uav_cartographer/launch
[2.135s] -- Installing: /home/terranova/uav_ws/install/uav_cartographer/share/uav_cartographer/launch/uav_cartographer.launch.py
[2.136s] -- Installing: /home/terranova/uav_ws/install/uav_cartographer/share/uav_cartographer/launch/occupancy_grid.launch.py
[2.136s] -- Installing: /home/terranova/uav_ws/install/uav_cartographer/share/uav_cartographer/rviz
[2.136s] -- Installing: /home/terranova/uav_ws/install/uav_cartographer/share/uav_cartographer/rviz/uav_cartographer.rviz
[2.136s] -- Installing: /home/terranova/uav_ws/install/uav_cartographer/share/ament_index/resource_index/package_run_dependencies/uav_cartographer
[2.137s] -- Installing: /home/terranova/uav_ws/install/uav_cartographer/share/ament_index/resource_index/parent_prefix_path/uav_cartographer
[2.137s] -- Installing: /home/terranova/uav_ws/install/uav_cartographer/share/uav_cartographer/environment/ament_prefix_path.sh
[2.137s] -- Installing: /home/terranova/uav_ws/install/uav_cartographer/share/uav_cartographer/environment/ament_prefix_path.dsv
[2.137s] -- Installing: /home/terranova/uav_ws/install/uav_cartographer/share/uav_cartographer/environment/path.sh
[2.138s] -- Installing: /home/terranova/uav_ws/install/uav_cartographer/share/uav_cartographer/environment/path.dsv
[2.138s] -- Installing: /home/terranova/uav_ws/install/uav_cartographer/share/uav_cartographer/local_setup.bash
[2.138s] -- Installing: /home/terranova/uav_ws/install/uav_cartographer/share/uav_cartographer/local_setup.sh
[2.138s] -- Installing: /home/terranova/uav_ws/install/uav_cartographer/share/uav_cartographer/local_setup.zsh
[2.139s] -- Installing: /home/terranova/uav_ws/install/uav_cartographer/share/uav_cartographer/local_setup.dsv
[2.139s] -- Installing: /home/terranova/uav_ws/install/uav_cartographer/share/uav_cartographer/package.dsv
[2.140s] -- Installing: /home/terranova/uav_ws/install/uav_cartographer/share/ament_index/resource_index/packages/uav_cartographer
[2.141s] -- Installing: /home/terranova/uav_ws/install/uav_cartographer/share/uav_cartographer/cmake/uav_cartographerConfig.cmake
[2.141s] -- Installing: /home/terranova/uav_ws/install/uav_cartographer/share/uav_cartographer/cmake/uav_cartographerConfig-version.cmake
[2.141s] -- Installing: /home/terranova/uav_ws/install/uav_cartographer/share/uav_cartographer/package.xml
[2.157s] Invoked command in '/home/terranova/uav_ws/build/uav_cartographer' returned '0': CMAKE_PREFIX_PATH=${CMAKE_PREFIX_PATH}:/home/terranova/uav_ws/install/turtlebot3_teleop:/home/terranova/uav_ws/install/turtlebot3_example:/home/terranova/uav_ws/install/opencv_tests:/home/terranova/uav_ws/install/joint_state_publisher_gui:/home/terranova/uav_ws/install/joint_state_publisher:/opt/ros/foxy /home/terranova/.local/bin/cmake --install /home/terranova/uav_ws/build/uav_cartographer
