[0.058s] Invoking command in '/home/terranova/uav_ws/build/hls_lfcd_lds_driver': CMAKE_PREFIX_PATH=${CMAKE_PREFIX_PATH}:/home/terranova/uav_ws/install/turtlebot3_teleop:/home/terranova/uav_ws/install/turtlebot3_example:/home/terranova/uav_ws/install/opencv_tests:/home/terranova/uav_ws/install/joint_state_publisher_gui:/home/terranova/uav_ws/install/joint_state_publisher:/opt/ros/foxy /home/terranova/.local/bin/cmake /home/terranova/uav_ws/src/utils/hls_lfcd_lds_driver -DCMAKE_INSTALL_PREFIX=/home/terranova/uav_ws/install/hls_lfcd_lds_driver
[0.766s] -- The C compiler identification is GNU 9.4.0
[1.127s] -- The CXX compiler identification is GNU 9.4.0
[1.286s] -- Detecting C compiler ABI info
[1.629s] -- Detecting C compiler ABI info - done
[1.692s] -- Check for working C compiler: /usr/lib/ccache/cc - skipped
[1.695s] -- Detecting C compile features
[1.700s] -- Detecting C compile features - done
[1.764s] -- Detecting CXX compiler ABI info
[2.190s] -- Detecting CXX compiler ABI info - done
[2.239s] -- Check for working CXX compiler: /usr/lib/ccache/c++ - skipped
[2.240s] -- Detecting CXX compile features
[2.242s] -- Detecting CXX compile features - done
[2.253s] -- Found ament_cmake: 0.9.12 (/opt/ros/foxy/share/ament_cmake/cmake)
[2.282s] [33mCMake Warning (dev) at /opt/ros/foxy/share/ament_cmake_core/cmake/core/python.cmake:22 (find_package):
[2.283s]   Policy CMP0148 is not set: The FindPythonInterp and FindPythonLibs modules
[2.283s]   are removed.  Run "cmake --help-policy CMP0148" for policy details.  Use
[2.283s]   the cmake_policy command to set the policy and suppress this warning.
[2.284s] 
[2.284s] Call Stack (most recent call first):
[2.285s]   /opt/ros/foxy/share/ament_cmake_core/cmake/core/all.cmake:53 (include)
[2.285s]   /opt/ros/foxy/share/ament_cmake_core/cmake/ament_cmake_core-extras.cmake:17 (include)
[2.286s]   /opt/ros/foxy/share/ament_cmake_core/cmake/ament_cmake_coreConfig.cmake:41 (include)
[2.286s]   /opt/ros/foxy/share/ament_cmake/cmake/ament_cmake_export_dependencies-extras.cmake:15 (find_package)
[2.286s]   /opt/ros/foxy/share/ament_cmake/cmake/ament_cmakeConfig.cmake:41 (include)
[2.287s]   CMakeLists.txt:24 (find_package)
[2.287s] This warning is for project developers.  Use -Wno-dev to suppress it.
[2.288s] [0m
[2.482s] -- Found PythonInterp: /usr/bin/python3 (found suitable version "3.8.10", minimum required is "3") 
[2.482s] -- Using PYTHON_EXECUTABLE: /usr/bin/python3
[3.535s] -- Found rclcpp: 2.4.3 (/opt/ros/foxy/share/rclcpp/cmake)
[3.746s] -- Using all available rosidl_typesupport_c: rosidl_typesupport_fastrtps_c;rosidl_typesupport_introspection_c
[3.770s] -- Found rosidl_adapter: 1.3.1 (/opt/ros/foxy/share/rosidl_adapter/cmake)
[4.238s] -- Found OpenSSL: /usr/lib/x86_64-linux-gnu/libcrypto.so (found version "1.1.1f")  
[4.403s] -- Found FastRTPS: /opt/ros/foxy/include  
[4.686s] -- Using all available rosidl_typesupport_cpp: rosidl_typesupport_fastrtps_cpp;rosidl_typesupport_introspection_cpp
[4.956s] -- Found rmw_implementation_cmake: 1.0.4 (/opt/ros/foxy/share/rmw_implementation_cmake/cmake)
[4.970s] -- Using RMW implementation 'rmw_fastrtps_cpp' as default
[4.972s] -- Performing Test CMAKE_HAVE_LIBC_PTHREAD
[5.548s] -- Performing Test CMAKE_HAVE_LIBC_PTHREAD - Failed
[5.549s] -- Looking for pthread_create in pthreads
[5.959s] -- Looking for pthread_create in pthreads - not found
[5.959s] -- Looking for pthread_create in pthread
[7.284s] -- Looking for pthread_create in pthread - found
[7.288s] -- Found Threads: TRUE  
[8.398s] -- Found sensor_msgs: 2.0.5 (/opt/ros/foxy/share/sensor_msgs/cmake)
[9.200s] -- Found Boost: /usr/lib/x86_64-linux-gnu/cmake/Boost-1.71.0/BoostConfig.cmake (found version "1.71.0") found components: system 
[9.547s] -- Configuring done (9.3s)
[10.395s] -- Generating done (0.8s)
[10.411s] -- Build files have been written to: /home/terranova/uav_ws/build/hls_lfcd_lds_driver
[10.518s] Invoked command in '/home/terranova/uav_ws/build/hls_lfcd_lds_driver' returned '0': CMAKE_PREFIX_PATH=${CMAKE_PREFIX_PATH}:/home/terranova/uav_ws/install/turtlebot3_teleop:/home/terranova/uav_ws/install/turtlebot3_example:/home/terranova/uav_ws/install/opencv_tests:/home/terranova/uav_ws/install/joint_state_publisher_gui:/home/terranova/uav_ws/install/joint_state_publisher:/opt/ros/foxy /home/terranova/.local/bin/cmake /home/terranova/uav_ws/src/utils/hls_lfcd_lds_driver -DCMAKE_INSTALL_PREFIX=/home/terranova/uav_ws/install/hls_lfcd_lds_driver
[10.525s] Invoking command in '/home/terranova/uav_ws/build/hls_lfcd_lds_driver': CMAKE_PREFIX_PATH=${CMAKE_PREFIX_PATH}:/home/terranova/uav_ws/install/turtlebot3_teleop:/home/terranova/uav_ws/install/turtlebot3_example:/home/terranova/uav_ws/install/opencv_tests:/home/terranova/uav_ws/install/joint_state_publisher_gui:/home/terranova/uav_ws/install/joint_state_publisher:/opt/ros/foxy /home/terranova/.local/bin/cmake --build /home/terranova/uav_ws/build/hls_lfcd_lds_driver -- -j4 -l4
[10.823s] [ 50%] [32mBuilding CXX object CMakeFiles/hlds_laser_publisher.dir/src/hlds_laser_publisher.cpp.o[0m
[11.287s] [100%] [32m[1mLinking CXX executable hlds_laser_publisher[0m
[11.961s] [100%] Built target hlds_laser_publisher
[12.543s] Invoked command in '/home/terranova/uav_ws/build/hls_lfcd_lds_driver' returned '0': CMAKE_PREFIX_PATH=${CMAKE_PREFIX_PATH}:/home/terranova/uav_ws/install/turtlebot3_teleop:/home/terranova/uav_ws/install/turtlebot3_example:/home/terranova/uav_ws/install/opencv_tests:/home/terranova/uav_ws/install/joint_state_publisher_gui:/home/terranova/uav_ws/install/joint_state_publisher:/opt/ros/foxy /home/terranova/.local/bin/cmake --build /home/terranova/uav_ws/build/hls_lfcd_lds_driver -- -j4 -l4
[12.792s] Invoking command in '/home/terranova/uav_ws/build/hls_lfcd_lds_driver': CMAKE_PREFIX_PATH=${CMAKE_PREFIX_PATH}:/home/terranova/uav_ws/install/turtlebot3_teleop:/home/terranova/uav_ws/install/turtlebot3_example:/home/terranova/uav_ws/install/opencv_tests:/home/terranova/uav_ws/install/joint_state_publisher_gui:/home/terranova/uav_ws/install/joint_state_publisher:/opt/ros/foxy /home/terranova/.local/bin/cmake --install /home/terranova/uav_ws/build/hls_lfcd_lds_driver
[12.957s] -- Install configuration: ""
[12.958s] -- Installing: /home/terranova/uav_ws/install/hls_lfcd_lds_driver/share/hls_lfcd_lds_driver/launch
[12.958s] -- Installing: /home/terranova/uav_ws/install/hls_lfcd_lds_driver/share/hls_lfcd_lds_driver/launch/view_hlds_laser.launch.py
[12.958s] -- Installing: /home/terranova/uav_ws/install/hls_lfcd_lds_driver/share/hls_lfcd_lds_driver/launch/hlds_laser.launch.py
[12.959s] -- Installing: /home/terranova/uav_ws/install/hls_lfcd_lds_driver/share/hls_lfcd_lds_driver/rviz
[12.959s] -- Installing: /home/terranova/uav_ws/install/hls_lfcd_lds_driver/share/hls_lfcd_lds_driver/rviz/hlds_laser.rviz
[12.962s] -- Installing: /home/terranova/uav_ws/install/hls_lfcd_lds_driver/lib/hls_lfcd_lds_driver/hlds_laser_publisher
[12.964s] -- Set non-toolchain portion of runtime path of "/home/terranova/uav_ws/install/hls_lfcd_lds_driver/lib/hls_lfcd_lds_driver/hlds_laser_publisher" to ""
[12.965s] -- Installing: /home/terranova/uav_ws/install/hls_lfcd_lds_driver/share/ament_index/resource_index/package_run_dependencies/hls_lfcd_lds_driver
[12.965s] -- Installing: /home/terranova/uav_ws/install/hls_lfcd_lds_driver/share/ament_index/resource_index/parent_prefix_path/hls_lfcd_lds_driver
[12.966s] -- Installing: /home/terranova/uav_ws/install/hls_lfcd_lds_driver/share/hls_lfcd_lds_driver/environment/ament_prefix_path.sh
[12.966s] -- Installing: /home/terranova/uav_ws/install/hls_lfcd_lds_driver/share/hls_lfcd_lds_driver/environment/ament_prefix_path.dsv
[12.967s] -- Installing: /home/terranova/uav_ws/install/hls_lfcd_lds_driver/share/hls_lfcd_lds_driver/environment/path.sh
[12.967s] -- Installing: /home/terranova/uav_ws/install/hls_lfcd_lds_driver/share/hls_lfcd_lds_driver/environment/path.dsv
[12.968s] -- Installing: /home/terranova/uav_ws/install/hls_lfcd_lds_driver/share/hls_lfcd_lds_driver/local_setup.bash
[12.968s] -- Installing: /home/terranova/uav_ws/install/hls_lfcd_lds_driver/share/hls_lfcd_lds_driver/local_setup.sh
[12.973s] -- Installing: /home/terranova/uav_ws/install/hls_lfcd_lds_driver/share/hls_lfcd_lds_driver/local_setup.zsh
[12.974s] -- Installing: /home/terranova/uav_ws/install/hls_lfcd_lds_driver/share/hls_lfcd_lds_driver/local_setup.dsv
[12.974s] -- Installing: /home/terranova/uav_ws/install/hls_lfcd_lds_driver/share/hls_lfcd_lds_driver/package.dsv
[12.975s] -- Installing: /home/terranova/uav_ws/install/hls_lfcd_lds_driver/share/ament_index/resource_index/packages/hls_lfcd_lds_driver
[12.975s] -- Installing: /home/terranova/uav_ws/install/hls_lfcd_lds_driver/share/hls_lfcd_lds_driver/cmake/ament_cmake_export_dependencies-extras.cmake
[12.976s] -- Installing: /home/terranova/uav_ws/install/hls_lfcd_lds_driver/share/hls_lfcd_lds_driver/cmake/ament_cmake_export_include_directories-extras.cmake
[12.976s] -- Installing: /home/terranova/uav_ws/install/hls_lfcd_lds_driver/share/hls_lfcd_lds_driver/cmake/hls_lfcd_lds_driverConfig.cmake
[12.977s] -- Installing: /home/terranova/uav_ws/install/hls_lfcd_lds_driver/share/hls_lfcd_lds_driver/cmake/hls_lfcd_lds_driverConfig-version.cmake
[12.977s] -- Installing: /home/terranova/uav_ws/install/hls_lfcd_lds_driver/share/hls_lfcd_lds_driver/package.xml
[12.994s] Invoked command in '/home/terranova/uav_ws/build/hls_lfcd_lds_driver' returned '0': CMAKE_PREFIX_PATH=${CMAKE_PREFIX_PATH}:/home/terranova/uav_ws/install/turtlebot3_teleop:/home/terranova/uav_ws/install/turtlebot3_example:/home/terranova/uav_ws/install/opencv_tests:/home/terranova/uav_ws/install/joint_state_publisher_gui:/home/terranova/uav_ws/install/joint_state_publisher:/opt/ros/foxy /home/terranova/.local/bin/cmake --install /home/terranova/uav_ws/build/hls_lfcd_lds_driver
