[0.081s] Invoking command in '/home/terranova/uav_ws/build/gazebo_ros': CMAKE_PREFIX_PATH=/home/terranova/uav_ws/install/gazebo_msgs:/home/terranova/uav_ws/install/gazebo_dev:/home/terranova/uav_ws/install/vision_opencv:/home/terranova/uav_ws/install/uav_gazebo:/home/terranova/uav_ws/install/uav_cartographer:/home/terranova/uav_ws/install/turtlebot3:/home/terranova/uav_ws/install/turtlebot3_simulations:/home/terranova/uav_ws/install/turtlebot3_bringup:/home/terranova/uav_ws/install/turtlebot3_node:/home/terranova/uav_ws/install/turtlebot3_navigation2:/home/terranova/uav_ws/install/turtlebot3_fake_node:/home/terranova/uav_ws/install/turtlebot3_msgs:/home/terranova/uav_ws/install/turtlebot3_gazebo:/home/terranova/uav_ws/install/turtlebot3_description:/home/terranova/uav_ws/install/turtlebot3_cartographer:/home/terranova/uav_ws/install/turtlebot3_teleop:/home/terranova/uav_ws/install/turtlebot3_example:/home/terranova/uav_ws/install/opencv_tests:/home/terranova/uav_ws/install/joint_state_publisher_gui:/home/terranova/uav_ws/install/joint_state_publisher:/opt/ros/foxy:/home/terranova/uav_ws/install/realsense_gazebo_plugin:/home/terranova/uav_ws/install/perception_pcl:/home/terranova/uav_ws/install/pcl_ros:/home/terranova/uav_ws/install/pcl_conversions:/home/terranova/uav_ws/install/pcl_msgs:/home/terranova/uav_ws/install/image_geometry:/home/terranova/uav_ws/install/hls_lfcd_lds_driver:/home/terranova/uav_ws/install/gazebo_ros_pkgs:/home/terranova/uav_ws/install/gazebo_plugins:/home/terranova/uav_ws/install/gazebo_ros:/home/terranova/uav_ws/install/dynamixel_sdk_examples:/home/terranova/uav_ws/install/dynamixel_sdk_custom_interfaces:/home/terranova/uav_ws/install/dynamixel_sdk:/home/terranova/uav_ws/install/cv_bridge:/home/terranova/uav_ws/install/absl LD_LIBRARY_PATH=/home/terranova/uav_ws/install/gazebo_msgs/lib:/home/terranova/uav_ws/install/turtlebot3_msgs/lib:/home/terranova/uav_ws/install/realsense_gazebo_plugin/lib:/home/terranova/uav_ws/install/pcl_ros/lib:/home/terranova/uav_ws/install/pcl_msgs/lib:/home/terranova/uav_ws/install/image_geometry/lib:/home/terranova/uav_ws/install/gazebo_plugins/lib:/home/terranova/uav_ws/install/gazebo_ros/lib:/home/terranova/uav_ws/install/dynamixel_sdk_custom_interfaces/lib:/home/terranova/uav_ws/install/dynamixel_sdk/lib:/home/terranova/uav_ws/install/cv_bridge/lib:/opt/ros/foxy/opt/yaml_cpp_vendor/lib:/opt/ros/foxy/opt/rviz_ogre_vendor/lib:/opt/ros/foxy/lib/x86_64-linux-gnu:/opt/ros/foxy/lib:/usr/lib/x86_64-linux-gnu/gazebo-11/plugins PYTHONPATH=/home/terranova/uav_ws/install/gazebo_msgs/lib/python3.8/site-packages:/home/terranova/uav_ws/install/turtlebot3_teleop/lib/python3.8/site-packages:/home/terranova/uav_ws/install/turtlebot3_example/lib/python3.8/site-packages:/home/terranova/uav_ws/install/turtlebot3_msgs/lib/python3.8/site-packages:/home/terranova/uav_ws/install/pcl_msgs/lib/python3.8/site-packages:/home/terranova/uav_ws/install/opencv_tests/lib/python3.8/site-packages:/home/terranova/uav_ws/install/joint_state_publisher_gui/lib/python3.8/site-packages:/home/terranova/uav_ws/install/joint_state_publisher/lib/python3.8/site-packages:/home/terranova/uav_ws/install/image_geometry/lib/python3.8/site-packages:/home/terranova/uav_ws/install/gazebo_ros/lib/python3.8/site-packages:/home/terranova/uav_ws/install/dynamixel_sdk_custom_interfaces/lib/python3.8/site-packages:/home/terranova/uav_ws/install/cv_bridge/lib/python3.8/site-packages:/opt/ros/foxy/lib/python3.8/site-packages:/home/terranova/.local/bin /home/terranova/.local/bin/cmake --build /home/terranova/uav_ws/build/gazebo_ros -- -j4 -l4
[0.488s] [  3%] Built target gtest_main
[0.527s] [  7%] Built target gtest
[0.610s] [ 10%] Built target gazebo_ros_utils
[0.634s] [ 17%] Built target gazebo_ros_node
[0.667s] [ 21%] Built target mock_robot_state_publisher
[0.883s] [ 25%] Built target gazebo_ros_properties
[0.903s] [ 28%] Built target gazebo_ros_state
[0.941s] [ 32%] Built target gazebo_ros_init
[0.947s] [ 35%] Built target gazebo_ros_factory
[1.097s] [ 39%] Built target args_init
[1.132s] [ 42%] Built target gazebo_ros_force_system
[1.160s] [ 46%] Built target multiple_nodes
[1.193s] [ 50%] Built target create_node_without_init
[1.346s] [ 53%] Built target ros_world_plugin
[1.362s] [ 57%] Built target sdf_node
[1.362s] [ 60%] Built target test_conversions
[1.487s] [ 64%] Built target test_gazebo_ros_factory
[1.608s] [ 67%] Built target test_gazebo_ros_init
[1.661s] [ 71%] Built target test_gazebo_ros_link_wrench
[1.747s] [ 75%] Built target test_gazebo_ros_joint_effort
[1.799s] [ 78%] Built target test_gazebo_ros_properties
[1.845s] [ 82%] Built target test_gazebo_ros_state
[1.857s] [ 85%] Built target test_node
[1.863s] [ 89%] Built target test_plugins
[1.888s] [ 92%] Built target test_qos
[1.906s] [ 96%] Built target test_sim_time
[1.980s] [100%] Built target test_utils
[2.004s] Invoked command in '/home/terranova/uav_ws/build/gazebo_ros' returned '0': CMAKE_PREFIX_PATH=/home/terranova/uav_ws/install/gazebo_msgs:/home/terranova/uav_ws/install/gazebo_dev:/home/terranova/uav_ws/install/vision_opencv:/home/terranova/uav_ws/install/uav_gazebo:/home/terranova/uav_ws/install/uav_cartographer:/home/terranova/uav_ws/install/turtlebot3:/home/terranova/uav_ws/install/turtlebot3_simulations:/home/terranova/uav_ws/install/turtlebot3_bringup:/home/terranova/uav_ws/install/turtlebot3_node:/home/terranova/uav_ws/install/turtlebot3_navigation2:/home/terranova/uav_ws/install/turtlebot3_fake_node:/home/terranova/uav_ws/install/turtlebot3_msgs:/home/terranova/uav_ws/install/turtlebot3_gazebo:/home/terranova/uav_ws/install/turtlebot3_description:/home/terranova/uav_ws/install/turtlebot3_cartographer:/home/terranova/uav_ws/install/turtlebot3_teleop:/home/terranova/uav_ws/install/turtlebot3_example:/home/terranova/uav_ws/install/opencv_tests:/home/terranova/uav_ws/install/joint_state_publisher_gui:/home/terranova/uav_ws/install/joint_state_publisher:/opt/ros/foxy:/home/terranova/uav_ws/install/realsense_gazebo_plugin:/home/terranova/uav_ws/install/perception_pcl:/home/terranova/uav_ws/install/pcl_ros:/home/terranova/uav_ws/install/pcl_conversions:/home/terranova/uav_ws/install/pcl_msgs:/home/terranova/uav_ws/install/image_geometry:/home/terranova/uav_ws/install/hls_lfcd_lds_driver:/home/terranova/uav_ws/install/gazebo_ros_pkgs:/home/terranova/uav_ws/install/gazebo_plugins:/home/terranova/uav_ws/install/gazebo_ros:/home/terranova/uav_ws/install/dynamixel_sdk_examples:/home/terranova/uav_ws/install/dynamixel_sdk_custom_interfaces:/home/terranova/uav_ws/install/dynamixel_sdk:/home/terranova/uav_ws/install/cv_bridge:/home/terranova/uav_ws/install/absl LD_LIBRARY_PATH=/home/terranova/uav_ws/install/gazebo_msgs/lib:/home/terranova/uav_ws/install/turtlebot3_msgs/lib:/home/terranova/uav_ws/install/realsense_gazebo_plugin/lib:/home/terranova/uav_ws/install/pcl_ros/lib:/home/terranova/uav_ws/install/pcl_msgs/lib:/home/terranova/uav_ws/install/image_geometry/lib:/home/terranova/uav_ws/install/gazebo_plugins/lib:/home/terranova/uav_ws/install/gazebo_ros/lib:/home/terranova/uav_ws/install/dynamixel_sdk_custom_interfaces/lib:/home/terranova/uav_ws/install/dynamixel_sdk/lib:/home/terranova/uav_ws/install/cv_bridge/lib:/opt/ros/foxy/opt/yaml_cpp_vendor/lib:/opt/ros/foxy/opt/rviz_ogre_vendor/lib:/opt/ros/foxy/lib/x86_64-linux-gnu:/opt/ros/foxy/lib:/usr/lib/x86_64-linux-gnu/gazebo-11/plugins PYTHONPATH=/home/terranova/uav_ws/install/gazebo_msgs/lib/python3.8/site-packages:/home/terranova/uav_ws/install/turtlebot3_teleop/lib/python3.8/site-packages:/home/terranova/uav_ws/install/turtlebot3_example/lib/python3.8/site-packages:/home/terranova/uav_ws/install/turtlebot3_msgs/lib/python3.8/site-packages:/home/terranova/uav_ws/install/pcl_msgs/lib/python3.8/site-packages:/home/terranova/uav_ws/install/opencv_tests/lib/python3.8/site-packages:/home/terranova/uav_ws/install/joint_state_publisher_gui/lib/python3.8/site-packages:/home/terranova/uav_ws/install/joint_state_publisher/lib/python3.8/site-packages:/home/terranova/uav_ws/install/image_geometry/lib/python3.8/site-packages:/home/terranova/uav_ws/install/gazebo_ros/lib/python3.8/site-packages:/home/terranova/uav_ws/install/dynamixel_sdk_custom_interfaces/lib/python3.8/site-packages:/home/terranova/uav_ws/install/cv_bridge/lib/python3.8/site-packages:/opt/ros/foxy/lib/python3.8/site-packages:/home/terranova/.local/bin /home/terranova/.local/bin/cmake --build /home/terranova/uav_ws/build/gazebo_ros -- -j4 -l4
[2.250s] Invoking command in '/home/terranova/uav_ws/build/gazebo_ros': CMAKE_PREFIX_PATH=/home/terranova/uav_ws/install/gazebo_msgs:/home/terranova/uav_ws/install/gazebo_dev:/home/terranova/uav_ws/install/vision_opencv:/home/terranova/uav_ws/install/uav_gazebo:/home/terranova/uav_ws/install/uav_cartographer:/home/terranova/uav_ws/install/turtlebot3:/home/terranova/uav_ws/install/turtlebot3_simulations:/home/terranova/uav_ws/install/turtlebot3_bringup:/home/terranova/uav_ws/install/turtlebot3_node:/home/terranova/uav_ws/install/turtlebot3_navigation2:/home/terranova/uav_ws/install/turtlebot3_fake_node:/home/terranova/uav_ws/install/turtlebot3_msgs:/home/terranova/uav_ws/install/turtlebot3_gazebo:/home/terranova/uav_ws/install/turtlebot3_description:/home/terranova/uav_ws/install/turtlebot3_cartographer:/home/terranova/uav_ws/install/turtlebot3_teleop:/home/terranova/uav_ws/install/turtlebot3_example:/home/terranova/uav_ws/install/opencv_tests:/home/terranova/uav_ws/install/joint_state_publisher_gui:/home/terranova/uav_ws/install/joint_state_publisher:/opt/ros/foxy:/home/terranova/uav_ws/install/realsense_gazebo_plugin:/home/terranova/uav_ws/install/perception_pcl:/home/terranova/uav_ws/install/pcl_ros:/home/terranova/uav_ws/install/pcl_conversions:/home/terranova/uav_ws/install/pcl_msgs:/home/terranova/uav_ws/install/image_geometry:/home/terranova/uav_ws/install/hls_lfcd_lds_driver:/home/terranova/uav_ws/install/gazebo_ros_pkgs:/home/terranova/uav_ws/install/gazebo_plugins:/home/terranova/uav_ws/install/gazebo_ros:/home/terranova/uav_ws/install/dynamixel_sdk_examples:/home/terranova/uav_ws/install/dynamixel_sdk_custom_interfaces:/home/terranova/uav_ws/install/dynamixel_sdk:/home/terranova/uav_ws/install/cv_bridge:/home/terranova/uav_ws/install/absl LD_LIBRARY_PATH=/home/terranova/uav_ws/install/gazebo_msgs/lib:/home/terranova/uav_ws/install/turtlebot3_msgs/lib:/home/terranova/uav_ws/install/realsense_gazebo_plugin/lib:/home/terranova/uav_ws/install/pcl_ros/lib:/home/terranova/uav_ws/install/pcl_msgs/lib:/home/terranova/uav_ws/install/image_geometry/lib:/home/terranova/uav_ws/install/gazebo_plugins/lib:/home/terranova/uav_ws/install/gazebo_ros/lib:/home/terranova/uav_ws/install/dynamixel_sdk_custom_interfaces/lib:/home/terranova/uav_ws/install/dynamixel_sdk/lib:/home/terranova/uav_ws/install/cv_bridge/lib:/opt/ros/foxy/opt/yaml_cpp_vendor/lib:/opt/ros/foxy/opt/rviz_ogre_vendor/lib:/opt/ros/foxy/lib/x86_64-linux-gnu:/opt/ros/foxy/lib:/usr/lib/x86_64-linux-gnu/gazebo-11/plugins PYTHONPATH=/home/terranova/uav_ws/install/gazebo_msgs/lib/python3.8/site-packages:/home/terranova/uav_ws/install/turtlebot3_teleop/lib/python3.8/site-packages:/home/terranova/uav_ws/install/turtlebot3_example/lib/python3.8/site-packages:/home/terranova/uav_ws/install/turtlebot3_msgs/lib/python3.8/site-packages:/home/terranova/uav_ws/install/pcl_msgs/lib/python3.8/site-packages:/home/terranova/uav_ws/install/opencv_tests/lib/python3.8/site-packages:/home/terranova/uav_ws/install/joint_state_publisher_gui/lib/python3.8/site-packages:/home/terranova/uav_ws/install/joint_state_publisher/lib/python3.8/site-packages:/home/terranova/uav_ws/install/image_geometry/lib/python3.8/site-packages:/home/terranova/uav_ws/install/gazebo_ros/lib/python3.8/site-packages:/home/terranova/uav_ws/install/dynamixel_sdk_custom_interfaces/lib/python3.8/site-packages:/home/terranova/uav_ws/install/cv_bridge/lib/python3.8/site-packages:/opt/ros/foxy/lib/python3.8/site-packages:/home/terranova/.local/bin /home/terranova/.local/bin/cmake --install /home/terranova/uav_ws/build/gazebo_ros
[2.340s] -- Install configuration: ""
[2.342s] -- Up-to-date: /home/terranova/uav_ws/install/gazebo_ros/share/gazebo_ros/environment/pythonpath.sh
[2.342s] -- Up-to-date: /home/terranova/uav_ws/install/gazebo_ros/share/gazebo_ros/environment/pythonpath.dsv
[2.343s] -- Up-to-date: /home/terranova/uav_ws/install/gazebo_ros/lib/python3.8/site-packages/scripts/
[2.344s] -- Up-to-date: /home/terranova/uav_ws/install/gazebo_ros/lib/python3.8/site-packages/scripts//gazebo_ros_paths.py
[2.345s] -- Up-to-date: /home/terranova/uav_ws/install/gazebo_ros/lib/python3.8/site-packages/scripts//spawn_entity.py
[2.345s] -- Up-to-date: /home/terranova/uav_ws/install/gazebo_ros/lib/python3.8/site-packages/scripts//__init__.py
[2.449s] Listing '/home/terranova/uav_ws/install/gazebo_ros/lib/python3.8/site-packages/scripts/'...
[2.460s] -- Up-to-date: /home/terranova/uav_ws/install/gazebo_ros/share/gazebo_ros/environment/library_path.sh
[2.461s] -- Up-to-date: /home/terranova/uav_ws/install/gazebo_ros/share/gazebo_ros/environment/library_path.dsv
[2.462s] -- Up-to-date: /home/terranova/uav_ws/install/gazebo_ros/share/ament_index/resource_index/package_run_dependencies/gazebo_ros
[2.462s] -- Up-to-date: /home/terranova/uav_ws/install/gazebo_ros/share/ament_index/resource_index/parent_prefix_path/gazebo_ros
[2.463s] -- Up-to-date: /home/terranova/uav_ws/install/gazebo_ros/share/gazebo_ros/environment/ament_prefix_path.sh
[2.463s] -- Up-to-date: /home/terranova/uav_ws/install/gazebo_ros/share/gazebo_ros/environment/ament_prefix_path.dsv
[2.464s] -- Up-to-date: /home/terranova/uav_ws/install/gazebo_ros/share/gazebo_ros/environment/path.sh
[2.464s] -- Up-to-date: /home/terranova/uav_ws/install/gazebo_ros/share/gazebo_ros/environment/path.dsv
[2.465s] -- Up-to-date: /home/terranova/uav_ws/install/gazebo_ros/share/gazebo_ros/local_setup.bash
[2.466s] -- Up-to-date: /home/terranova/uav_ws/install/gazebo_ros/share/gazebo_ros/local_setup.sh
[2.467s] -- Up-to-date: /home/terranova/uav_ws/install/gazebo_ros/share/gazebo_ros/local_setup.zsh
[2.467s] -- Up-to-date: /home/terranova/uav_ws/install/gazebo_ros/share/gazebo_ros/local_setup.dsv
[2.467s] -- Installing: /home/terranova/uav_ws/install/gazebo_ros/share/gazebo_ros/package.dsv
[2.468s] -- Up-to-date: /home/terranova/uav_ws/install/gazebo_ros/share/ament_index/resource_index/packages/gazebo_ros
[2.469s] -- Up-to-date: /home/terranova/uav_ws/install/gazebo_ros/share/gazebo_ros/cmake/ament_cmake_export_libraries-extras.cmake
[2.469s] -- Up-to-date: /home/terranova/uav_ws/install/gazebo_ros/share/gazebo_ros/cmake/ament_cmake_export_include_directories-extras.cmake
[2.469s] -- Up-to-date: /home/terranova/uav_ws/install/gazebo_ros/share/gazebo_ros/cmake/ament_cmake_export_dependencies-extras.cmake
[2.470s] -- Up-to-date: /home/terranova/uav_ws/install/gazebo_ros/share/gazebo_ros/cmake/gazebo_rosConfig.cmake
[2.470s] -- Up-to-date: /home/terranova/uav_ws/install/gazebo_ros/share/gazebo_ros/cmake/gazebo_rosConfig-version.cmake
[2.471s] -- Up-to-date: /home/terranova/uav_ws/install/gazebo_ros/share/gazebo_ros/package.xml
[2.471s] -- Up-to-date: /home/terranova/uav_ws/install/gazebo_ros/include
[2.471s] -- Up-to-date: /home/terranova/uav_ws/install/gazebo_ros/include/gazebo_ros
[2.473s] -- Up-to-date: /home/terranova/uav_ws/install/gazebo_ros/include/gazebo_ros/node_visibility_control.h
[2.473s] -- Up-to-date: /home/terranova/uav_ws/install/gazebo_ros/include/gazebo_ros/gazebo_ros_properties.hpp
[2.473s] -- Up-to-date: /home/terranova/uav_ws/install/gazebo_ros/include/gazebo_ros/testing_utils.hpp
[2.473s] -- Up-to-date: /home/terranova/uav_ws/install/gazebo_ros/include/gazebo_ros/gazebo_ros_force_system.hpp
[2.473s] -- Up-to-date: /home/terranova/uav_ws/install/gazebo_ros/include/gazebo_ros/gazebo_ros_factory.hpp
[2.474s] -- Up-to-date: /home/terranova/uav_ws/install/gazebo_ros/include/gazebo_ros/executor.hpp
[2.474s] -- Up-to-date: /home/terranova/uav_ws/install/gazebo_ros/include/gazebo_ros/conversions
[2.476s] -- Up-to-date: /home/terranova/uav_ws/install/gazebo_ros/include/gazebo_ros/conversions/sensor_msgs.hpp
[2.477s] -- Up-to-date: /home/terranova/uav_ws/install/gazebo_ros/include/gazebo_ros/conversions/gazebo_msgs.hpp
[2.477s] -- Up-to-date: /home/terranova/uav_ws/install/gazebo_ros/include/gazebo_ros/conversions/builtin_interfaces.hpp
[2.477s] -- Up-to-date: /home/terranova/uav_ws/install/gazebo_ros/include/gazebo_ros/conversions/geometry_msgs.hpp
[2.477s] -- Up-to-date: /home/terranova/uav_ws/install/gazebo_ros/include/gazebo_ros/conversions/generic.hpp
[2.478s] -- Up-to-date: /home/terranova/uav_ws/install/gazebo_ros/include/gazebo_ros/utils_visibility_control.h
[2.478s] -- Up-to-date: /home/terranova/uav_ws/install/gazebo_ros/include/gazebo_ros/gazebo_ros_init.hpp
[2.478s] -- Up-to-date: /home/terranova/uav_ws/install/gazebo_ros/include/gazebo_ros/qos.hpp
[2.478s] -- Up-to-date: /home/terranova/uav_ws/install/gazebo_ros/include/gazebo_ros/node.hpp
[2.479s] -- Up-to-date: /home/terranova/uav_ws/install/gazebo_ros/include/gazebo_ros/gazebo_ros_state.hpp
[2.479s] -- Up-to-date: /home/terranova/uav_ws/install/gazebo_ros/include/gazebo_ros/utils.hpp
[2.479s] -- Up-to-date: /home/terranova/uav_ws/install/gazebo_ros/lib/gazebo_ros/gazebo_ros_paths.py
[2.480s] -- Up-to-date: /home/terranova/uav_ws/install/gazebo_ros/lib/libgazebo_ros_factory.so
[2.482s] -- Up-to-date: /home/terranova/uav_ws/install/gazebo_ros/lib/libgazebo_ros_force_system.so
[2.485s] -- Up-to-date: /home/terranova/uav_ws/install/gazebo_ros/lib/libgazebo_ros_init.so
[2.486s] -- Up-to-date: /home/terranova/uav_ws/install/gazebo_ros/lib/libgazebo_ros_node.so
[2.488s] -- Up-to-date: /home/terranova/uav_ws/install/gazebo_ros/lib/libgazebo_ros_properties.so
[2.491s] -- Up-to-date: /home/terranova/uav_ws/install/gazebo_ros/lib/libgazebo_ros_state.so
[2.492s] -- Up-to-date: /home/terranova/uav_ws/install/gazebo_ros/lib/libgazebo_ros_utils.so
[2.493s] -- Up-to-date: /home/terranova/uav_ws/install/gazebo_ros/lib/gazebo_ros/spawn_entity.py
[2.493s] -- Up-to-date: /home/terranova/uav_ws/install/gazebo_ros/share/gazebo_ros//launch
[2.495s] -- Up-to-date: /home/terranova/uav_ws/install/gazebo_ros/share/gazebo_ros//launch/spawn_entity_demo.launch.py
[2.495s] -- Up-to-date: /home/terranova/uav_ws/install/gazebo_ros/share/gazebo_ros//launch/gzclient.launch.py
[2.495s] -- Up-to-date: /home/terranova/uav_ws/install/gazebo_ros/share/gazebo_ros//launch/gzserver.launch.py
[2.496s] -- Up-to-date: /home/terranova/uav_ws/install/gazebo_ros/share/gazebo_ros//launch/gazebo.launch.py
[2.511s] Invoked command in '/home/terranova/uav_ws/build/gazebo_ros' returned '0': CMAKE_PREFIX_PATH=/home/terranova/uav_ws/install/gazebo_msgs:/home/terranova/uav_ws/install/gazebo_dev:/home/terranova/uav_ws/install/vision_opencv:/home/terranova/uav_ws/install/uav_gazebo:/home/terranova/uav_ws/install/uav_cartographer:/home/terranova/uav_ws/install/turtlebot3:/home/terranova/uav_ws/install/turtlebot3_simulations:/home/terranova/uav_ws/install/turtlebot3_bringup:/home/terranova/uav_ws/install/turtlebot3_node:/home/terranova/uav_ws/install/turtlebot3_navigation2:/home/terranova/uav_ws/install/turtlebot3_fake_node:/home/terranova/uav_ws/install/turtlebot3_msgs:/home/terranova/uav_ws/install/turtlebot3_gazebo:/home/terranova/uav_ws/install/turtlebot3_description:/home/terranova/uav_ws/install/turtlebot3_cartographer:/home/terranova/uav_ws/install/turtlebot3_teleop:/home/terranova/uav_ws/install/turtlebot3_example:/home/terranova/uav_ws/install/opencv_tests:/home/terranova/uav_ws/install/joint_state_publisher_gui:/home/terranova/uav_ws/install/joint_state_publisher:/opt/ros/foxy:/home/terranova/uav_ws/install/realsense_gazebo_plugin:/home/terranova/uav_ws/install/perception_pcl:/home/terranova/uav_ws/install/pcl_ros:/home/terranova/uav_ws/install/pcl_conversions:/home/terranova/uav_ws/install/pcl_msgs:/home/terranova/uav_ws/install/image_geometry:/home/terranova/uav_ws/install/hls_lfcd_lds_driver:/home/terranova/uav_ws/install/gazebo_ros_pkgs:/home/terranova/uav_ws/install/gazebo_plugins:/home/terranova/uav_ws/install/gazebo_ros:/home/terranova/uav_ws/install/dynamixel_sdk_examples:/home/terranova/uav_ws/install/dynamixel_sdk_custom_interfaces:/home/terranova/uav_ws/install/dynamixel_sdk:/home/terranova/uav_ws/install/cv_bridge:/home/terranova/uav_ws/install/absl LD_LIBRARY_PATH=/home/terranova/uav_ws/install/gazebo_msgs/lib:/home/terranova/uav_ws/install/turtlebot3_msgs/lib:/home/terranova/uav_ws/install/realsense_gazebo_plugin/lib:/home/terranova/uav_ws/install/pcl_ros/lib:/home/terranova/uav_ws/install/pcl_msgs/lib:/home/terranova/uav_ws/install/image_geometry/lib:/home/terranova/uav_ws/install/gazebo_plugins/lib:/home/terranova/uav_ws/install/gazebo_ros/lib:/home/terranova/uav_ws/install/dynamixel_sdk_custom_interfaces/lib:/home/terranova/uav_ws/install/dynamixel_sdk/lib:/home/terranova/uav_ws/install/cv_bridge/lib:/opt/ros/foxy/opt/yaml_cpp_vendor/lib:/opt/ros/foxy/opt/rviz_ogre_vendor/lib:/opt/ros/foxy/lib/x86_64-linux-gnu:/opt/ros/foxy/lib:/usr/lib/x86_64-linux-gnu/gazebo-11/plugins PYTHONPATH=/home/terranova/uav_ws/install/gazebo_msgs/lib/python3.8/site-packages:/home/terranova/uav_ws/install/turtlebot3_teleop/lib/python3.8/site-packages:/home/terranova/uav_ws/install/turtlebot3_example/lib/python3.8/site-packages:/home/terranova/uav_ws/install/turtlebot3_msgs/lib/python3.8/site-packages:/home/terranova/uav_ws/install/pcl_msgs/lib/python3.8/site-packages:/home/terranova/uav_ws/install/opencv_tests/lib/python3.8/site-packages:/home/terranova/uav_ws/install/joint_state_publisher_gui/lib/python3.8/site-packages:/home/terranova/uav_ws/install/joint_state_publisher/lib/python3.8/site-packages:/home/terranova/uav_ws/install/image_geometry/lib/python3.8/site-packages:/home/terranova/uav_ws/install/gazebo_ros/lib/python3.8/site-packages:/home/terranova/uav_ws/install/dynamixel_sdk_custom_interfaces/lib/python3.8/site-packages:/home/terranova/uav_ws/install/cv_bridge/lib/python3.8/site-packages:/opt/ros/foxy/lib/python3.8/site-packages:/home/terranova/.local/bin /home/terranova/.local/bin/cmake --install /home/terranova/uav_ws/build/gazebo_ros
