[0.048s] Invoking command in '/home/terranova/uav_ws/build/turtlebot3_description': CMAKE_PREFIX_PATH=${CMAKE_PREFIX_PATH}:/home/terranova/uav_ws/install/turtlebot3_teleop:/home/terranova/uav_ws/install/turtlebot3_example:/home/terranova/uav_ws/install/opencv_tests:/home/terranova/uav_ws/install/joint_state_publisher_gui:/home/terranova/uav_ws/install/joint_state_publisher:/opt/ros/foxy /home/terranova/.local/bin/cmake /home/terranova/uav_ws/src/turtlebot3/turtlebot3/turtlebot3_description -DCMAKE_INSTALL_PREFIX=/home/terranova/uav_ws/install/turtlebot3_description
[0.280s] -- The C compiler identification is GNU 9.4.0
[0.433s] -- The CXX compiler identification is GNU 9.4.0
[0.486s] -- Detecting C compiler ABI info
[0.623s] -- Detecting C compiler ABI info - done
[0.658s] -- Check for working C compiler: /usr/lib/ccache/cc - skipped
[0.659s] -- Detecting C compile features
[0.661s] -- Detecting C compile features - done
[0.696s] -- Detecting CXX compiler ABI info
[0.987s] -- Detecting CXX compiler ABI info - done
[1.052s] -- Check for working CXX compiler: /usr/lib/ccache/c++ - skipped
[1.053s] -- Detecting CXX compile features
[1.054s] -- Detecting CXX compile features - done
[1.073s] -- Found ament_cmake: 0.9.12 (/opt/ros/foxy/share/ament_cmake/cmake)
[1.106s] [33mCMake Warning (dev) at /opt/ros/foxy/share/ament_cmake_core/cmake/core/python.cmake:22 (find_package):
[1.107s]   Policy CMP0148 is not set: The FindPythonInterp and FindPythonLibs modules
[1.108s]   are removed.  Run "cmake --help-policy CMP0148" for policy details.  Use
[1.108s]   the cmake_policy command to set the policy and suppress this warning.
[1.108s] 
[1.108s] Call Stack (most recent call first):
[1.108s]   /opt/ros/foxy/share/ament_cmake_core/cmake/core/all.cmake:53 (include)
[1.108s]   /opt/ros/foxy/share/ament_cmake_core/cmake/ament_cmake_core-extras.cmake:17 (include)
[1.109s]   /opt/ros/foxy/share/ament_cmake_core/cmake/ament_cmake_coreConfig.cmake:41 (include)
[1.109s]   /opt/ros/foxy/share/ament_cmake/cmake/ament_cmake_export_dependencies-extras.cmake:15 (find_package)
[1.109s]   /opt/ros/foxy/share/ament_cmake/cmake/ament_cmakeConfig.cmake:41 (include)
[1.109s]   CMakeLists.txt:18 (find_package)
[1.109s] This warning is for project developers.  Use -Wno-dev to suppress it.
[1.109s] [0m
[1.259s] -- Found PythonInterp: /usr/bin/python3 (found suitable version "3.8.10", minimum required is "3") 
[1.260s] -- Using PYTHON_EXECUTABLE: /usr/bin/python3
[2.147s] -- Found urdf: 2.4.0 (/opt/ros/foxy/share/urdf/cmake)
[2.553s] -- Configuring done (2.4s)
[2.577s] -- Generating done (0.0s)
[2.579s] -- Build files have been written to: /home/terranova/uav_ws/build/turtlebot3_description
[2.640s] Invoked command in '/home/terranova/uav_ws/build/turtlebot3_description' returned '0': CMAKE_PREFIX_PATH=${CMAKE_PREFIX_PATH}:/home/terranova/uav_ws/install/turtlebot3_teleop:/home/terranova/uav_ws/install/turtlebot3_example:/home/terranova/uav_ws/install/opencv_tests:/home/terranova/uav_ws/install/joint_state_publisher_gui:/home/terranova/uav_ws/install/joint_state_publisher:/opt/ros/foxy /home/terranova/.local/bin/cmake /home/terranova/uav_ws/src/turtlebot3/turtlebot3/turtlebot3_description -DCMAKE_INSTALL_PREFIX=/home/terranova/uav_ws/install/turtlebot3_description
[2.642s] Invoking command in '/home/terranova/uav_ws/build/turtlebot3_description': CMAKE_PREFIX_PATH=${CMAKE_PREFIX_PATH}:/home/terranova/uav_ws/install/turtlebot3_teleop:/home/terranova/uav_ws/install/turtlebot3_example:/home/terranova/uav_ws/install/opencv_tests:/home/terranova/uav_ws/install/joint_state_publisher_gui:/home/terranova/uav_ws/install/joint_state_publisher:/opt/ros/foxy /home/terranova/.local/bin/cmake --build /home/terranova/uav_ws/build/turtlebot3_description -- -j4 -l4
[2.966s] Invoked command in '/home/terranova/uav_ws/build/turtlebot3_description' returned '0': CMAKE_PREFIX_PATH=${CMAKE_PREFIX_PATH}:/home/terranova/uav_ws/install/turtlebot3_teleop:/home/terranova/uav_ws/install/turtlebot3_example:/home/terranova/uav_ws/install/opencv_tests:/home/terranova/uav_ws/install/joint_state_publisher_gui:/home/terranova/uav_ws/install/joint_state_publisher:/opt/ros/foxy /home/terranova/.local/bin/cmake --build /home/terranova/uav_ws/build/turtlebot3_description -- -j4 -l4
[3.222s] Invoking command in '/home/terranova/uav_ws/build/turtlebot3_description': CMAKE_PREFIX_PATH=${CMAKE_PREFIX_PATH}:/home/terranova/uav_ws/install/turtlebot3_teleop:/home/terranova/uav_ws/install/turtlebot3_example:/home/terranova/uav_ws/install/opencv_tests:/home/terranova/uav_ws/install/joint_state_publisher_gui:/home/terranova/uav_ws/install/joint_state_publisher:/opt/ros/foxy /home/terranova/.local/bin/cmake --install /home/terranova/uav_ws/build/turtlebot3_description
[3.377s] -- Install configuration: ""
[3.377s] -- Installing: /home/terranova/uav_ws/install/turtlebot3_description/share/turtlebot3_description/meshes
[3.379s] -- Installing: /home/terranova/uav_ws/install/turtlebot3_description/share/turtlebot3_description/meshes/bases
[3.380s] -- Installing: /home/terranova/uav_ws/install/turtlebot3_description/share/turtlebot3_description/meshes/bases/burger_base.stl
[3.428s] -- Installing: /home/terranova/uav_ws/install/turtlebot3_description/share/turtlebot3_description/meshes/bases/waffle_base.stl
[3.614s] -- Installing: /home/terranova/uav_ws/install/turtlebot3_description/share/turtlebot3_description/meshes/bases/waffle_pi_base.stl
[3.681s] -- Installing: /home/terranova/uav_ws/install/turtlebot3_description/share/turtlebot3_description/meshes/sensors
[3.682s] -- Installing: /home/terranova/uav_ws/install/turtlebot3_description/share/turtlebot3_description/meshes/sensors/lds.stl
[3.689s] -- Installing: /home/terranova/uav_ws/install/turtlebot3_description/share/turtlebot3_description/meshes/sensors/r200.dae
[3.691s] -- Installing: /home/terranova/uav_ws/install/turtlebot3_description/share/turtlebot3_description/meshes/sensors/astra.dae
[3.763s] -- Installing: /home/terranova/uav_ws/install/turtlebot3_description/share/turtlebot3_description/meshes/sensors/r200.jpg
[3.764s] -- Installing: /home/terranova/uav_ws/install/turtlebot3_description/share/turtlebot3_description/meshes/sensors/astra.jpg
[3.765s] -- Installing: /home/terranova/uav_ws/install/turtlebot3_description/share/turtlebot3_description/meshes/wheels
[3.765s] -- Installing: /home/terranova/uav_ws/install/turtlebot3_description/share/turtlebot3_description/meshes/wheels/right_tire.stl
[3.775s] -- Installing: /home/terranova/uav_ws/install/turtlebot3_description/share/turtlebot3_description/meshes/wheels/left_tire.stl
[3.794s] -- Installing: /home/terranova/uav_ws/install/turtlebot3_description/share/turtlebot3_description/rviz
[3.795s] -- Installing: /home/terranova/uav_ws/install/turtlebot3_description/share/turtlebot3_description/rviz/model.rviz
[3.795s] -- Installing: /home/terranova/uav_ws/install/turtlebot3_description/share/turtlebot3_description/urdf
[3.795s] -- Installing: /home/terranova/uav_ws/install/turtlebot3_description/share/turtlebot3_description/urdf/turtlebot3_waffle_pi.urdf
[3.800s] -- Installing: /home/terranova/uav_ws/install/turtlebot3_description/share/turtlebot3_description/urdf/common_properties.urdf
[3.800s] -- Installing: /home/terranova/uav_ws/install/turtlebot3_description/share/turtlebot3_description/urdf/turtlebot3_waffle.urdf
[3.800s] -- Installing: /home/terranova/uav_ws/install/turtlebot3_description/share/turtlebot3_description/urdf/turtlebot3_burger.urdf
[3.800s] -- Installing: /home/terranova/uav_ws/install/turtlebot3_description/share/ament_index/resource_index/package_run_dependencies/turtlebot3_description
[3.806s] -- Installing: /home/terranova/uav_ws/install/turtlebot3_description/share/ament_index/resource_index/parent_prefix_path/turtlebot3_description
[3.811s] -- Installing: /home/terranova/uav_ws/install/turtlebot3_description/share/turtlebot3_description/environment/ament_prefix_path.sh
[3.812s] -- Installing: /home/terranova/uav_ws/install/turtlebot3_description/share/turtlebot3_description/environment/ament_prefix_path.dsv
[3.812s] -- Installing: /home/terranova/uav_ws/install/turtlebot3_description/share/turtlebot3_description/environment/path.sh
[3.812s] -- Installing: /home/terranova/uav_ws/install/turtlebot3_description/share/turtlebot3_description/environment/path.dsv
[3.813s] -- Installing: /home/terranova/uav_ws/install/turtlebot3_description/share/turtlebot3_description/local_setup.bash
[3.816s] -- Installing: /home/terranova/uav_ws/install/turtlebot3_description/share/turtlebot3_description/local_setup.sh
[3.816s] -- Installing: /home/terranova/uav_ws/install/turtlebot3_description/share/turtlebot3_description/local_setup.zsh
[3.816s] -- Installing: /home/terranova/uav_ws/install/turtlebot3_description/share/turtlebot3_description/local_setup.dsv
[3.817s] -- Installing: /home/terranova/uav_ws/install/turtlebot3_description/share/turtlebot3_description/package.dsv
[3.817s] -- Installing: /home/terranova/uav_ws/install/turtlebot3_description/share/ament_index/resource_index/packages/turtlebot3_description
[3.820s] -- Installing: /home/terranova/uav_ws/install/turtlebot3_description/share/turtlebot3_description/cmake/turtlebot3_descriptionConfig.cmake
[3.820s] -- Installing: /home/terranova/uav_ws/install/turtlebot3_description/share/turtlebot3_description/cmake/turtlebot3_descriptionConfig-version.cmake
[3.820s] -- Installing: /home/terranova/uav_ws/install/turtlebot3_description/share/turtlebot3_description/package.xml
[3.874s] Invoked command in '/home/terranova/uav_ws/build/turtlebot3_description' returned '0': CMAKE_PREFIX_PATH=${CMAKE_PREFIX_PATH}:/home/terranova/uav_ws/install/turtlebot3_teleop:/home/terranova/uav_ws/install/turtlebot3_example:/home/terranova/uav_ws/install/opencv_tests:/home/terranova/uav_ws/install/joint_state_publisher_gui:/home/terranova/uav_ws/install/joint_state_publisher:/opt/ros/foxy /home/terranova/.local/bin/cmake --install /home/terranova/uav_ws/build/turtlebot3_description
