[33mCMake Warning (dev) at /opt/ros/foxy/share/ament_cmake_core/cmake/core/python.cmake:22 (find_package):
  Policy CMP0148 is not set: The FindPythonInterp and FindPythonLibs modules
  are removed.  Run "cmake --help-policy CMP0148" for policy details.  Use
  the cmake_policy command to set the policy and suppress this warning.

Call Stack (most recent call first):
  /opt/ros/foxy/share/ament_cmake_core/cmake/core/all.cmake:53 (include)
  /opt/ros/foxy/share/ament_cmake_core/cmake/ament_cmake_core-extras.cmake:17 (include)
  /opt/ros/foxy/share/ament_cmake_core/cmake/ament_cmake_coreConfig.cmake:41 (include)
  /opt/ros/foxy/share/ament_cmake/cmake/ament_cmake_export_dependencies-extras.cmake:15 (find_package)
  /opt/ros/foxy/share/ament_cmake/cmake/ament_cmakeConfig.cmake:41 (include)
  CMakeLists.txt:20 (find_package)
This warning is for project developers.  Use -Wno-dev to suppress it.
[0m
[33mCMake Warning (dev) at /usr/lib/x86_64-linux-gnu/cmake/pcl/PCLConfig.cmake:152 (find_package):
  Policy CMP0144 is not set: find_package uses upper-case <PACKAGENAME>_ROOT
  variables.  Run "cmake --help-policy CMP0144" for policy details.  Use the
  cmake_policy command to set the policy and suppress this warning.

  CMake variable EIGEN_ROOT is set to:

    /usr/include/eigen3

  For compatibility, find_package is ignoring the variable, but code in a
  .cmake module might still use it.
Call Stack (most recent call first):
  /usr/lib/x86_64-linux-gnu/cmake/pcl/PCLConfig.cmake:316 (find_eigen)
  /usr/lib/x86_64-linux-gnu/cmake/pcl/PCLConfig.cmake:551 (find_external_library)
  CMakeLists.txt:37 (find_package)
This warning is for project developers.  Use -Wno-dev to suppress it.
[0m
[33mCMake Warning (dev) at /home/terranova/.local/lib/python3.8/site-packages/cmake/data/share/cmake-3.28/Modules/FindPackageHandleStandardArgs.cmake:438 (message):
  The package name passed to `find_package_handle_standard_args` (PCL_COMMON)
  does not match the name of the calling package (PCL).  This can lead to
  problems in calling code that expects `find_package` result variables
  (e.g., `_FOUND`) to follow a certain pattern.
Call Stack (most recent call first):
  /usr/lib/x86_64-linux-gnu/cmake/pcl/PCLConfig.cmake:616 (find_package_handle_standard_args)
  CMakeLists.txt:37 (find_package)
This warning is for project developers.  Use -Wno-dev to suppress it.
[0m
In file included from [01m[K/home/terranova/uav_ws/src/cartographer_ros/cartographer_ros/src/assets_writer.cpp:37[m[K:
[01m[K/home/terranova/uav_ws/src/cartographer_ros/cartographer_ros/include/cartographer_ros/ros_map_writing_points_processor.h:25:10:[m[K [01;31m[Kfatal error: [m[Kcartographer/mapping/proto/probability_grid_range_data_inserter_options_2d.pb.h: No such file or directory
   25 | #include [01;31m[K"cartographer/mapping/proto/probability_grid_range_data_inserter_options_2d.pb.h"[m[K
      |          [01;31m[K^~~~~~~~~~~~~~~~~~~~~~~~~~~~~~~~~~~~~~~~~~~~~~~~~~~~~~~~~~~~~~~~~~~~~~~~~~~~~~~~~[m[K
compilation terminated.
make[2]: *** [CMakeFiles/cartographer_ros.dir/build.make:76: CMakeFiles/cartographer_ros.dir/src/assets_writer.cpp.o] Error 1
make[2]: *** Waiting for unfinished jobs....
[01m[K/home/terranova/uav_ws/src/cartographer_ros/cartographer_ros/src/node.cpp:47:10:[m[K [01;31m[Kfatal error: [m[Ktf2_eigen/tf2_eigen.hpp: No such file or directory
   47 | #include [01;31m[K"tf2_eigen/tf2_eigen.hpp"[m[K
      |          [01;31m[K^~~~~~~~~~~~~~~~~~~~~~~~~[m[K
compilation terminated.
make[2]: *** [CMakeFiles/cartographer_ros.dir/build.make:132: CMakeFiles/cartographer_ros.dir/src/node.cpp.o] Error 1
In file included from /home/terranova/uav_ws/src/cartographer_ros/cartographer_ros/src/map_builder_bridge.cpp:17:
/home/terranova/uav_ws/src/cartographer_ros/cartographer_ros/include/cartographer_ros/map_builder_bridge.h:94:57: error: ‘TrajectoryState’ is not a member of ‘cartographer::mapping::PoseGraphInterface’
   94 |            ::cartographer::mapping::PoseGraphInterface::TrajectoryState>
      |                                                         ^~~~~~~~~~~~~~~
/home/terranova/uav_ws/src/cartographer_ros/cartographer_ros/include/cartographer_ros/map_builder_bridge.h:94:72: error: template argument 2 is invalid
   94 |            ::cartographer::mapping::PoseGraphInterface::TrajectoryState>
      |                                                                        ^
/home/terranova/uav_ws/src/cartographer_ros/cartographer_ros/include/cartographer_ros/map_builder_bridge.h:94:72: error: template argument 4 is invalid
In file included from /opt/ros/foxy/include/cartographer/common/lua_parameter_dictionary.h:27,
                 from /opt/ros/foxy/include/cartographer/mapping/map_builder_interface.h:25,
                 from /home/terranova/uav_ws/src/cartographer_ros/cartographer_ros/include/cartographer_ros/map_builder_bridge.h:26,
                 from /home/terranova/uav_ws/src/cartographer_ros/cartographer_ros/src/map_builder_bridge.cpp:17:
/home/terranova/uav_ws/src/cartographer_ros/cartographer_ros/src/map_builder_bridge.cpp: In member function ‘void cartographer_ros::MapBuilderBridge::FinishTrajectory(int)’:
/home/terranova/uav_ws/src/cartographer_ros/cartographer_ros/src/map_builder_bridge.cpp:155:31: error: request for member ‘count’ in ‘((cartographer_ros::MapBuilderBridge*)this)->cartographer_ros::MapBuilderBridge::GetTrajectoryStates()’, which is of non-class type ‘int’
  155 |   CHECK(GetTrajectoryStates().count(trajectory_id));
      |                               ^~~~~
/home/terranova/uav_ws/src/cartographer_ros/cartographer_ros/src/map_builder_bridge.cpp: In member function ‘bool cartographer_ros::MapBuilderBridge::SerializeState(const string&, bool)’:
/home/terranova/uav_ws/src/cartographer_ros/cartographer_ros/src/map_builder_bridge.cpp:167:24: error: ‘class cartographer::mapping::MapBuilderInterface’ has no member named ‘SerializeStateToFile’; did you mean ‘SerializeState’?
  167 |   return map_builder_->SerializeStateToFile(include_unfinished_submaps,
      |                        ^~~~~~~~~~~~~~~~~~~~
      |                        SerializeState
/home/terranova/uav_ws/src/cartographer_ros/cartographer_ros/src/map_builder_bridge.cpp: At global scope:
/home/terranova/uav_ws/src/cartographer_ros/cartographer_ros/src/map_builder_bridge.cpp:202:60: error: ‘TrajectoryState’ is not a member of ‘cartographer::mapping::PoseGraphInterface’
  202 | std::map<int, ::cartographer::mapping::PoseGraphInterface::TrajectoryState>
      |                                                            ^~~~~~~~~~~~~~~
/home/terranova/uav_ws/src/cartographer_ros/cartographer_ros/src/map_builder_bridge.cpp:202:75: error: template argument 2 is invalid
  202 | std::map<int, ::cartographer::mapping::PoseGraphInterface::TrajectoryState>
      |                                                                           ^
/home/terranova/uav_ws/src/cartographer_ros/cartographer_ros/src/map_builder_bridge.cpp:202:75: error: template argument 4 is invalid
/home/terranova/uav_ws/src/cartographer_ros/cartographer_ros/src/map_builder_bridge.cpp: In member function ‘int cartographer_ros::MapBuilderBridge::GetTrajectoryStates()’:
/home/terranova/uav_ws/src/cartographer_ros/cartographer_ros/src/map_builder_bridge.cpp:204:56: error: ‘class cartographer::mapping::PoseGraphInterface’ has no member named ‘GetTrajectoryStates’; did you mean ‘GetTrajectoryNodes’?
  204 |   auto trajectory_states = map_builder_->pose_graph()->GetTrajectoryStates();
      |                                                        ^~~~~~~~~~~~~~~~~~~
      |                                                        GetTrajectoryNodes
/home/terranova/uav_ws/src/cartographer_ros/cartographer_ros/src/map_builder_bridge.cpp:210:54: error: ‘cartographer::mapping::PoseGraphInterface::TrajectoryState’ has not been declared
  210 |         ::cartographer::mapping::PoseGraphInterface::TrajectoryState::ACTIVE));
      |                                                      ^~~~~~~~~~~~~~~
make[2]: *** [CMakeFiles/cartographer_ros.dir/build.make:90: CMakeFiles/cartographer_ros.dir/src/map_builder_bridge.cpp.o] Error 1
/home/terranova/uav_ws/src/cartographer_ros/cartographer_ros/src/msg_conversion.cpp: In function ‘std::tuple<cartographer::sensor::PointCloudWithIntensities, std::chrono::time_point<cartographer::common::UniversalTimeScaleClock, std::chrono::duration<long int, std::ratio<1, 10000000> > > > cartographer_ros::{anonymous}::LaserScanToPointCloudWithIntensities(const LaserMessageType&)’:
/home/terranova/uav_ws/src/cartographer_ros/cartographer_ros/src/msg_conversion.cpp:150:37: error: ‘TimedRangefinderPoint’ in namespace ‘cartographer::sensor’ does not name a type
  150 |         const cartographer::sensor::TimedRangefinderPoint point{
      |                                     ^~~~~~~~~~~~~~~~~~~~~
/home/terranova/uav_ws/src/cartographer_ros/cartographer_ros/src/msg_conversion.cpp:153:38: error: ‘point’ was not declared in this scope
  153 |         point_cloud.points.push_back(point);
      |                                      ^~~~~
/home/terranova/uav_ws/src/cartographer_ros/cartographer_ros/src/msg_conversion.cpp:168:55: error: ‘__gnu_cxx::__alloc_traits<std::allocator<Eigen::Matrix<float, 4, 1> >, Eigen::Matrix<float, 4, 1> >::value_type’ {aka ‘class Eigen::Matrix<float, 4, 1>’} has no member named ‘time’
  168 |     const double duration = point_cloud.points.back().time;
      |                                                       ^~~~
/home/terranova/uav_ws/src/cartographer_ros/cartographer_ros/src/msg_conversion.cpp:171:13: error: ‘class Eigen::Matrix<float, 4, 1>’ has no member named ‘time’
  171 |       point.time -= duration;
      |             ^~~~
/home/terranova/uav_ws/src/cartographer_ros/cartographer_ros/src/msg_conversion.cpp: In function ‘sensor_msgs::msg::PointCloud2 cartographer_ros::ToPointCloud2Message(int64_t, const string&, const TimedPointCloud&)’:
/home/terranova/uav_ws/src/cartographer_ros/cartographer_ros/src/msg_conversion.cpp:196:28: error: ‘const class Eigen::Matrix<float, 4, 1>’ has no member named ‘position’
  196 |     data[offset++] = point.position.x();
      |                            ^~~~~~~~
/home/terranova/uav_ws/src/cartographer_ros/cartographer_ros/src/msg_conversion.cpp:197:28: error: ‘const class Eigen::Matrix<float, 4, 1>’ has no member named ‘position’
  197 |     data[offset++] = point.position.y();
      |                            ^~~~~~~~
/home/terranova/uav_ws/src/cartographer_ros/cartographer_ros/src/msg_conversion.cpp:198:28: error: ‘const class Eigen::Matrix<float, 4, 1>’ has no member named ‘position’
  198 |     data[offset++] = point.position.z();
      |                            ^~~~~~~~
/home/terranova/uav_ws/src/cartographer_ros/cartographer_ros/src/msg_conversion.cpp: In function ‘std::tuple<cartographer::sensor::PointCloudWithIntensities, std::chrono::time_point<cartographer::common::UniversalTimeScaleClock, std::chrono::duration<long int, std::ratio<1, 10000000> > > > cartographer_ros::ToPointCloudWithIntensities(const PointCloud2&)’:
/home/terranova/uav_ws/src/cartographer_ros/cartographer_ros/src/msg_conversion.cpp:270:55: error: ‘__gnu_cxx::__alloc_traits<std::allocator<Eigen::Matrix<float, 4, 1> >, Eigen::Matrix<float, 4, 1> >::value_type’ {aka ‘class Eigen::Matrix<float, 4, 1>’} has no member named ‘time’
  270 |     const double duration = point_cloud.points.back().time;
      |                                                       ^~~~
/home/terranova/uav_ws/src/cartographer_ros/cartographer_ros/src/msg_conversion.cpp:273:13: error: ‘class Eigen::Matrix<float, 4, 1>’ has no member named ‘time’
  273 |       point.time -= duration;
      |             ^~~~
In file included from /usr/include/ceres/internal/fixed_array.h:39,
                 from /usr/include/ceres/internal/autodiff.h:147,
                 from /usr/include/ceres/autodiff_cost_function.h:132,
                 from /usr/include/ceres/ceres.h:37,
                 from /opt/ros/foxy/include/cartographer/common/math.h:25,
                 from /opt/ros/foxy/include/cartographer/io/color.h:22,
                 from /opt/ros/foxy/include/cartographer/io/image.h:25,
                 from /opt/ros/foxy/include/cartographer/io/submap_painter.h:22,
                 from /home/terranova/uav_ws/src/cartographer_ros/cartographer_ros/include/cartographer_ros/msg_conversion.h:21,
                 from /home/terranova/uav_ws/src/cartographer_ros/cartographer_ros/src/msg_conversion.cpp:17:
/home/terranova/uav_ws/src/cartographer_ros/cartographer_ros/src/msg_conversion.cpp:274:22: error: ‘class Eigen::Matrix<float, 4, 1>’ has no member named ‘time’
  274 |       CHECK_LE(point.time, 0.f)
      |                      ^~~~
/home/terranova/uav_ws/src/cartographer_ros/cartographer_ros/src/msg_conversion.cpp: In function ‘std::unique_ptr<nav_msgs::msg::OccupancyGrid_<std::allocator<void> >, std::default_delete<nav_msgs::msg::OccupancyGrid_<std::allocator<void> > > > cartographer_ros::CreateOccupancyGridMsg(const cartographer::io::PaintSubmapSlicesResult&, double, const string&, const rclcpp::Time&)’:
/home/terranova/uav_ws/src/cartographer_ros/cartographer_ros/src/msg_conversion.cpp:378:25: error: ‘absl’ has not been declared
  378 |   auto occupancy_grid = absl::make_unique<nav_msgs::msg::OccupancyGrid>();
      |                         ^~~~
/home/terranova/uav_ws/src/cartographer_ros/cartographer_ros/src/msg_conversion.cpp:378:71: error: expected primary-expression before ‘>’ token
  378 |   auto occupancy_grid = absl::make_unique<nav_msgs::msg::OccupancyGrid>();
      |                                                                       ^
/home/terranova/uav_ws/src/cartographer_ros/cartographer_ros/src/msg_conversion.cpp:378:73: error: expected primary-expression before ‘)’ token
  378 |   auto occupancy_grid = absl::make_unique<nav_msgs::msg::OccupancyGrid>();
      |                                                                         ^
In file included from /usr/include/eigen3/Eigen/Core:458,
                 from /usr/include/eigen3/Eigen/Geometry:11,
                 from /opt/ros/foxy/include/cartographer/io/submap_painter.h:20,
                 from /home/terranova/uav_ws/src/cartographer_ros/cartographer_ros/include/cartographer_ros/msg_conversion.h:21,
                 from /home/terranova/uav_ws/src/cartographer_ros/cartographer_ros/src/msg_conversion.cpp:17:
/usr/include/eigen3/Eigen/src/Core/Matrix.h: In instantiation of ‘Eigen::Matrix<_Scalar, _Rows, _Cols, _Options, _MaxRows, _MaxCols>::Matrix(const T0&, const T1&) [with T0 = Eigen::Matrix<float, 3, 1>; T1 = float; _Scalar = float; int _Rows = 4; int _Cols = 1; int _Options = 0; int _MaxRows = 4; int _MaxCols = 1]’:
/home/terranova/uav_ws/src/cartographer_ros/cartographer_ros/src/msg_conversion.cpp:230:69:   required from here
/usr/include/eigen3/Eigen/src/Core/Matrix.h:302:35: error: no matching function for call to ‘Eigen::Matrix<float, 4, 1>::_init2<Eigen::Matrix<float, 3, 1, 0, 3, 1>, float>(const Eigen::Matrix<float, 3, 1>&, const float&)’
  302 |       Base::template _init2<T0,T1>(x, y);
      |       ~~~~~~~~~~~~~~~~~~~~~~~~~~~~^~~~~~
In file included from /usr/include/eigen3/Eigen/Core:457,
                 from /usr/include/eigen3/Eigen/Geometry:11,
                 from /opt/ros/foxy/include/cartographer/io/submap_painter.h:20,
                 from /home/terranova/uav_ws/src/cartographer_ros/cartographer_ros/include/cartographer_ros/msg_conversion.h:21,
                 from /home/terranova/uav_ws/src/cartographer_ros/cartographer_ros/src/msg_conversion.cpp:17:
/usr/include/eigen3/Eigen/src/Core/PlainObjectBase.h:738:30: note: candidate: ‘void Eigen::PlainObjectBase<Derived>::_init2(Eigen::Index, Eigen::Index, typename Eigen::internal::enable_if<(typename Eigen::internal::dense_xpr_base<Derived>::type::SizeAtCompileTime != 2), T0>::type*) [with T0 = Eigen::Matrix<float, 3, 1>; T1 = float; Derived = Eigen::Matrix<float, 4, 1>; Eigen::Index = long int; typename Eigen::internal::enable_if<(typename Eigen::internal::dense_xpr_base<Derived>::type::SizeAtCompileTime != 2), T0>::type = Eigen::Matrix<float, 3, 1>]’
  738 |     EIGEN_STRONG_INLINE void _init2(Index rows, Index cols, typename internal::enable_if<Base::SizeAtCompileTime!=2,T0>::type* = 0)
      |                              ^~~~~~
/usr/include/eigen3/Eigen/src/Core/PlainObjectBase.h:738:43: note:   no known conversion for argument 1 from ‘const Eigen::Matrix<float, 3, 1>’ to ‘Eigen::Index’ {aka ‘long int’}
  738 |     EIGEN_STRONG_INLINE void _init2(Index rows, Index cols, typename internal::enable_if<Base::SizeAtCompileTime!=2,T0>::type* = 0)
      |                                     ~~~~~~^~~~
/usr/include/eigen3/Eigen/src/Core/PlainObjectBase.h:748:30: note: candidate: ‘template<class T0, class T1> void Eigen::PlainObjectBase<Derived>::_init2(const T0&, const T1&, typename Eigen::internal::enable_if<(typename Eigen::internal::dense_xpr_base<Derived>::type::SizeAtCompileTime == 2), T0>::type*) [with T0 = T0; T1 = T1; Derived = Eigen::Matrix<float, 4, 1>]’
  748 |     EIGEN_STRONG_INLINE void _init2(const T0& val0, const T1& val1, typename internal::enable_if<Base::SizeAtCompileTime==2,T0>::type* = 0)
      |                              ^~~~~~
/usr/include/eigen3/Eigen/src/Core/PlainObjectBase.h:748:30: note:   template argument deduction/substitution failed:
/usr/include/eigen3/Eigen/src/Core/PlainObjectBase.h: In substitution of ‘template<class T0, class T1> void Eigen::PlainObjectBase<Eigen::Matrix<float, 4, 1> >::_init2<T0, T1>(const T0&, const T1&, typename Eigen::internal::enable_if<false, T0>::type*) [with T0 = Eigen::Matrix<float, 3, 1>; T1 = float]’:
/usr/include/eigen3/Eigen/src/Core/Matrix.h:302:35:   required from ‘Eigen::Matrix<_Scalar, _Rows, _Cols, _Options, _MaxRows, _MaxCols>::Matrix(const T0&, const T1&) [with T0 = Eigen::Matrix<float, 3, 1>; T1 = float; _Scalar = float; int _Rows = 4; int _Cols = 1; int _Options = 0; int _MaxRows = 4; int _MaxCols = 1]’
/home/terranova/uav_ws/src/cartographer_ros/cartographer_ros/src/msg_conversion.cpp:230:69:   required from here
/usr/include/eigen3/Eigen/src/Core/PlainObjectBase.h:748:30: error: invalid use of incomplete type ‘struct Eigen::internal::enable_if<false, Eigen::Matrix<float, 3, 1> >’
In file included from /usr/include/eigen3/Eigen/Core:364,
                 from /usr/include/eigen3/Eigen/Geometry:11,
                 from /opt/ros/foxy/include/cartographer/io/submap_painter.h:20,
                 from /home/terranova/uav_ws/src/cartographer_ros/cartographer_ros/include/cartographer_ros/msg_conversion.h:21,
                 from /home/terranova/uav_ws/src/cartographer_ros/cartographer_ros/src/msg_conversion.cpp:17:
/usr/include/eigen3/Eigen/src/Core/util/Meta.h:184:50: note: declaration of ‘struct Eigen::internal::enable_if<false, Eigen::Matrix<float, 3, 1> >’
  184 | template<bool Condition, typename T=void> struct enable_if;
      |                                                  ^~~~~~~~~
In file included from /usr/include/eigen3/Eigen/Core:457,
                 from /usr/include/eigen3/Eigen/Geometry:11,
                 from /opt/ros/foxy/include/cartographer/io/submap_painter.h:20,
                 from /home/terranova/uav_ws/src/cartographer_ros/cartographer_ros/include/cartographer_ros/msg_conversion.h:21,
                 from /home/terranova/uav_ws/src/cartographer_ros/cartographer_ros/src/msg_conversion.cpp:17:
/usr/include/eigen3/Eigen/src/Core/Matrix.h: In instantiation of ‘Eigen::Matrix<_Scalar, _Rows, _Cols, _Options, _MaxRows, _MaxCols>::Matrix(const T0&, const T1&) [with T0 = Eigen::Matrix<float, 3, 1>; T1 = float; _Scalar = float; int _Rows = 4; int _Cols = 1; int _Options = 0; int _MaxRows = 4; int _MaxCols = 1]’:
/home/terranova/uav_ws/src/cartographer_ros/cartographer_ros/src/msg_conversion.cpp:230:69:   required from here
/usr/include/eigen3/Eigen/src/Core/PlainObjectBase.h:757:30: note: candidate: ‘template<class T0, class T1> void Eigen::PlainObjectBase<Derived>::_init2(const Index&, const Index&, typename Eigen::internal::enable_if<((((! Eigen::internal::is_same<long int, typename Eigen::internal::traits<T>::Scalar>::value) && Eigen::internal::is_same<T0, long int>::value) && Eigen::internal::is_same<T1, long int>::value) && (typename Eigen::internal::dense_xpr_base<Derived>::type::SizeAtCompileTime == 2)), T1>::type*) [with T0 = T0; T1 = T1; Derived = Eigen::Matrix<float, 4, 1>]’
  757 |     EIGEN_STRONG_INLINE void _init2(const Index& val0, const Index& val1,
      |                              ^~~~~~
/usr/include/eigen3/Eigen/src/Core/PlainObjectBase.h:757:30: note:   template argument deduction/substitution failed:
/usr/include/eigen3/Eigen/src/Core/PlainObjectBase.h: In substitution of ‘template<class T0, class T1> void Eigen::PlainObjectBase<Eigen::Matrix<float, 4, 1> >::_init2<T0, T1>(const Index&, const Index&, typename Eigen::internal::enable_if<((((! Eigen::internal::is_same<long int, float>::value) && Eigen::internal::is_same<T0, long int>::value) && Eigen::internal::is_same<T1, long int>::value) && (Eigen::MatrixBase<Eigen::Matrix<float, 4, 1> >::SizeAtCompileTime == 2)), T1>::type*) [with T0 = Eigen::Matrix<float, 3, 1>; T1 = float]’:
/usr/include/eigen3/Eigen/src/Core/Matrix.h:302:35:   required from ‘Eigen::Matrix<_Scalar, _Rows, _Cols, _Options, _MaxRows, _MaxCols>::Matrix(const T0&, const T1&) [with T0 = Eigen::Matrix<float, 3, 1>; T1 = float; _Scalar = float; int _Rows = 4; int _Cols = 1; int _Options = 0; int _MaxRows = 4; int _MaxCols = 1]’
/home/terranova/uav_ws/src/cartographer_ros/cartographer_ros/src/msg_conversion.cpp:230:69:   required from here
/usr/include/eigen3/Eigen/src/Core/PlainObjectBase.h:757:30: error: invalid use of incomplete type ‘struct Eigen::internal::enable_if<false, float>’
In file included from /usr/include/eigen3/Eigen/Core:364,
                 from /usr/include/eigen3/Eigen/Geometry:11,
                 from /opt/ros/foxy/include/cartographer/io/submap_painter.h:20,
                 from /home/terranova/uav_ws/src/cartographer_ros/cartographer_ros/include/cartographer_ros/msg_conversion.h:21,
                 from /home/terranova/uav_ws/src/cartographer_ros/cartographer_ros/src/msg_conversion.cpp:17:
/usr/include/eigen3/Eigen/src/Core/util/Meta.h:184:50: note: declaration of ‘struct Eigen::internal::enable_if<false, float>’
  184 | template<bool Condition, typename T=void> struct enable_if;
      |                                                  ^~~~~~~~~
make[2]: *** [CMakeFiles/cartographer_ros.dir/build.make:104: CMakeFiles/cartographer_ros.dir/src/msg_conversion.cpp.o] Error 1
make[1]: *** [CMakeFiles/Makefile2:151: CMakeFiles/cartographer_ros.dir/all] Error 2
make: *** [Makefile:146: all] Error 2
