-- Found ament_cmake: 0.9.12 (/opt/ros/foxy/share/ament_cmake/cmake)
[33mCMake Warning (dev) at /opt/ros/foxy/share/ament_cmake_core/cmake/core/python.cmake:22 (find_package):
  Policy CMP0148 is not set: The FindPythonInterp and FindPythonLibs modules
  are removed.  Run "cmake --help-policy CMP0148" for policy details.  Use
  the cmake_policy command to set the policy and suppress this warning.

Call Stack (most recent call first):
  /opt/ros/foxy/share/ament_cmake_core/cmake/core/all.cmake:53 (include)
  /opt/ros/foxy/share/ament_cmake_core/cmake/ament_cmake_core-extras.cmake:17 (include)
  /opt/ros/foxy/share/ament_cmake_core/cmake/ament_cmake_coreConfig.cmake:41 (include)
  /opt/ros/foxy/share/ament_cmake/cmake/ament_cmake_export_dependencies-extras.cmake:15 (find_package)
  /opt/ros/foxy/share/ament_cmake/cmake/ament_cmakeConfig.cmake:41 (include)
  CMakeLists.txt:18 (find_package)
This warning is for project developers.  Use -Wno-dev to suppress it.
[0m
-- Using PYTHON_EXECUTABLE: /usr/bin/python3
-- Found DART: /usr/include (Required is at least version "6.6") found components: dart 
-- Found Protobuf: /usr/lib/x86_64-linux-gnu/libprotobuf.so;-lpthread (found version "3.6.1") 
-- Looking for ignition-math6 -- found version 6.15.1
-- Searching for dependencies of ignition-math6
-- Looking for OGRE...
-- Found Ogre Ghadamon (1.9.0)
-- Found OGRE: optimized;/usr/lib/x86_64-linux-gnu/libOgreMain.so;debug;/usr/lib/x86_64-linux-gnu/libOgreMain.so
-- Looking for OGRE_Paging...
-- Found OGRE_Paging: optimized;/usr/lib/x86_64-linux-gnu/libOgrePaging.so;debug;/usr/lib/x86_64-linux-gnu/libOgrePaging.so
-- Looking for OGRE_Terrain...
-- Found OGRE_Terrain: optimized;/usr/lib/x86_64-linux-gnu/libOgreTerrain.so;debug;/usr/lib/x86_64-linux-gnu/libOgreTerrain.so
-- Looking for OGRE_Property...
-- Found OGRE_Property: optimized;/usr/lib/x86_64-linux-gnu/libOgreProperty.so;debug;/usr/lib/x86_64-linux-gnu/libOgreProperty.so
-- Looking for OGRE_RTShaderSystem...
-- Found OGRE_RTShaderSystem: optimized;/usr/lib/x86_64-linux-gnu/libOgreRTShaderSystem.so;debug;/usr/lib/x86_64-linux-gnu/libOgreRTShaderSystem.so
-- Looking for OGRE_Volume...
-- Found OGRE_Volume: optimized;/usr/lib/x86_64-linux-gnu/libOgreVolume.so;debug;/usr/lib/x86_64-linux-gnu/libOgreVolume.so
-- Looking for OGRE_Overlay...
-- Found OGRE_Overlay: optimized;/usr/lib/x86_64-linux-gnu/libOgreOverlay.so;debug;/usr/lib/x86_64-linux-gnu/libOgreOverlay.so
-- Looking for ignition-math6 -- found version 6.15.1
-- Looking for ignition-transport8 -- found version 8.5.0
-- Searching for dependencies of ignition-transport8
-- Config-file not installed for ZeroMQ -- checking for pkg-config
-- Checking for module 'libzmq >= 4'
--   Found libzmq, version 4.3.2
-- Checking for module 'uuid'
--   Found uuid, version 2.34.0
-- Looking for ignition-msgs5 -- found version 5.11.0
-- Searching for dependencies of ignition-msgs5
-- Found Protobuf: /usr/lib/x86_64-linux-gnu/libprotobuf.so;-lpthread (found suitable version "3.6.1", minimum required is "3") 
-- Looking for ignition-math6 -- found version 6.15.1
-- Checking for module 'tinyxml2'
--   Found tinyxml2, version 6.2.0
-- Looking for ignition-msgs5 -- found version 5.11.0
-- Looking for ignition-common3 -- found version 3.17.0
-- Searching for dependencies of ignition-common3
-- Looking for dlfcn.h - found
-- Looking for libdl - found
-- Searching for <ignition-common3> component [graphics]
-- Looking for ignition-common3-graphics -- found version 3.17.0
-- Searching for dependencies of ignition-common3-graphics
-- Looking for ignition-math6 -- found version 6.15.1
-- Looking for ignition-fuel_tools4 -- found version 4.9.1
-- Searching for dependencies of ignition-fuel_tools4
-- Checking for module 'jsoncpp'
--   Found jsoncpp, version 1.7.4
-- Checking for module 'libzip'
--   Found libzip, version 1.5.1
-- Looking for ignition-common3 -- found version 3.17.0
-- Looking for ignition-math6 -- found version 6.15.1
-- Looking for ignition-msgs5 -- found version 5.11.0
-- Found gazebo_ros_pkgs: 3.5.3 (/home/terranova/uav_ws/install/gazebo_ros_pkgs/share/gazebo_ros_pkgs/cmake)
-- Found geometry_msgs: 2.0.5 (/opt/ros/foxy/share/geometry_msgs/cmake)
-- Using all available rosidl_typesupport_c: rosidl_typesupport_fastrtps_c;rosidl_typesupport_introspection_c
-- Found rosidl_adapter: 1.3.1 (/opt/ros/foxy/share/rosidl_adapter/cmake)
-- Using all available rosidl_typesupport_cpp: rosidl_typesupport_fastrtps_cpp;rosidl_typesupport_introspection_cpp
-- Found nav_msgs: 2.0.5 (/opt/ros/foxy/share/nav_msgs/cmake)
-- Found rclcpp: 2.4.3 (/opt/ros/foxy/share/rclcpp/cmake)
-- Found rmw_implementation_cmake: 1.0.4 (/opt/ros/foxy/share/rmw_implementation_cmake/cmake)
-- Using RMW implementation 'rmw_fastrtps_cpp' as default
-- Found rclpy: 1.0.13 (/opt/ros/foxy/share/rclpy/cmake)
-- Found sensor_msgs: 2.0.5 (/opt/ros/foxy/share/sensor_msgs/cmake)
-- Found tf2: 0.13.14 (/opt/ros/foxy/share/tf2/cmake)
-- Found ament_lint_auto: 0.9.8 (/opt/ros/foxy/share/ament_lint_auto/cmake)
-- Added test 'flake8' to check Python code syntax and style conventions
-- Added test 'lint_cmake' to check CMake code style
-- Added test 'pep257' to check Python code against some of the style conventions in PEP 257
-- Added test 'xmllint' to check XML markup files
-- Configuring done (3.5s)
-- Generating done (0.0s)
-- Build files have been written to: /home/terranova/uav_ws/build/uav_gazebo
-- Install configuration: ""
-- Up-to-date: /home/terranova/uav_ws/install/uav_gazebo/share/uav_gazebo//launch
-- Up-to-date: /home/terranova/uav_ws/install/uav_gazebo/share/uav_gazebo//launch/data_publish.launch.py
-- Up-to-date: /home/terranova/uav_ws/install/uav_gazebo/share/uav_gazebo//launch/uav_state_publisher.launch.py
-- Up-to-date: /home/terranova/uav_ws/install/uav_gazebo/share/uav_gazebo//launch/empty_world.launch.py
-- Up-to-date: /home/terranova/uav_ws/install/uav_gazebo/share/uav_gazebo//launch/rviz2.launch.py
-- Up-to-date: /home/terranova/uav_ws/install/uav_gazebo/share/uav_gazebo//launch/spawn_uav.launch.py
-- Up-to-date: /home/terranova/uav_ws/install/uav_gazebo/share/uav_gazebo//launch/joint_state_publisher.launch.py
-- Up-to-date: /home/terranova/uav_ws/install/uav_gazebo/share/uav_gazebo//launch/uav_world.launch.py
-- Up-to-date: /home/terranova/uav_ws/install/uav_gazebo/share/uav_gazebo//models
-- Up-to-date: /home/terranova/uav_ws/install/uav_gazebo/share/uav_gazebo//models/hokuyo
-- Up-to-date: /home/terranova/uav_ws/install/uav_gazebo/share/uav_gazebo//models/hokuyo/meshes
-- Up-to-date: /home/terranova/uav_ws/install/uav_gazebo/share/uav_gazebo//models/hokuyo/meshes/hokuyo.dae
-- Up-to-date: /home/terranova/uav_ws/install/uav_gazebo/share/uav_gazebo//models/hokuyo/meshes/hokuyo_convex.stl
-- Up-to-date: /home/terranova/uav_ws/install/uav_gazebo/share/uav_gazebo//models/hokuyo/model.config
-- Up-to-date: /home/terranova/uav_ws/install/uav_gazebo/share/uav_gazebo//models/hokuyo/model-1_4.sdf
-- Up-to-date: /home/terranova/uav_ws/install/uav_gazebo/share/uav_gazebo//models/hokuyo/model-1_2.sdf
-- Up-to-date: /home/terranova/uav_ws/install/uav_gazebo/share/uav_gazebo//models/hokuyo/model-1_3.sdf
-- Up-to-date: /home/terranova/uav_ws/install/uav_gazebo/share/uav_gazebo//models/hokuyo/model.sdf
-- Up-to-date: /home/terranova/uav_ws/install/uav_gazebo/share/uav_gazebo//models/iris_with_standoffs
-- Up-to-date: /home/terranova/uav_ws/install/uav_gazebo/share/uav_gazebo//models/iris_with_standoffs/meshes
-- Up-to-date: /home/terranova/uav_ws/install/uav_gazebo/share/uav_gazebo//models/iris_with_standoffs/meshes/iris_prop_ccw.dae
-- Up-to-date: /home/terranova/uav_ws/install/uav_gazebo/share/uav_gazebo//models/iris_with_standoffs/meshes/iris_prop_cw.dae
-- Up-to-date: /home/terranova/uav_ws/install/uav_gazebo/share/uav_gazebo//models/iris_with_standoffs/meshes/iris.dae
-- Up-to-date: /home/terranova/uav_ws/install/uav_gazebo/share/uav_gazebo//models/iris_with_standoffs/model.config
-- Up-to-date: /home/terranova/uav_ws/install/uav_gazebo/share/uav_gazebo//models/iris_with_standoffs/model.sdf
-- Up-to-date: /home/terranova/uav_ws/install/uav_gazebo/share/uav_gazebo//models/iris_sensors
-- Up-to-date: /home/terranova/uav_ws/install/uav_gazebo/share/uav_gazebo//models/iris_sensors/meshes
-- Up-to-date: /home/terranova/uav_ws/install/uav_gazebo/share/uav_gazebo//models/iris_sensors/meshes/d435.dae
-- Up-to-date: /home/terranova/uav_ws/install/uav_gazebo/share/uav_gazebo//models/iris_sensors/meshes/landscape.dae
-- Up-to-date: /home/terranova/uav_ws/install/uav_gazebo/share/uav_gazebo//models/iris_sensors/meshes/iris_prop_ccw.dae
-- Up-to-date: /home/terranova/uav_ws/install/uav_gazebo/share/uav_gazebo//models/iris_sensors/meshes/hokuyo.dae
-- Up-to-date: /home/terranova/uav_ws/install/uav_gazebo/share/uav_gazebo//models/iris_sensors/meshes/iris_prop_cw.dae
-- Up-to-date: /home/terranova/uav_ws/install/uav_gazebo/share/uav_gazebo//models/iris_sensors/meshes/iris.dae
-- Up-to-date: /home/terranova/uav_ws/install/uav_gazebo/share/uav_gazebo//models/iris_sensors/meshes/hokuyo_convex.stl
-- Up-to-date: /home/terranova/uav_ws/install/uav_gazebo/share/uav_gazebo//models/iris_sensors/model.config
-- Up-to-date: /home/terranova/uav_ws/install/uav_gazebo/share/uav_gazebo//models/iris_sensors/model.sdf
-- Up-to-date: /home/terranova/uav_ws/install/uav_gazebo/share/uav_gazebo//rviz
-- Up-to-date: /home/terranova/uav_ws/install/uav_gazebo/share/uav_gazebo//rviz/uav_config.rviz
-- Up-to-date: /home/terranova/uav_ws/install/uav_gazebo/share/uav_gazebo//worlds
-- Up-to-date: /home/terranova/uav_ws/install/uav_gazebo/share/uav_gazebo//worlds/uav_maze.world
-- Up-to-date: /home/terranova/uav_ws/install/uav_gazebo/share/uav_gazebo//worlds/uav_runway.world
-- Up-to-date: /home/terranova/uav_ws/install/uav_gazebo/share/uav_gazebo//urdf
-- Up-to-date: /home/terranova/uav_ws/install/uav_gazebo/share/uav_gazebo//urdf/uav_sensors.urdf
-- Up-to-date: /home/terranova/uav_ws/install/uav_gazebo/share/uav_gazebo//scripts
-- Up-to-date: /home/terranova/uav_ws/install/uav_gazebo/share/uav_gazebo//scripts/plot_data
-- Up-to-date: /home/terranova/uav_ws/install/uav_gazebo/share/uav_gazebo//scripts/plot_data/04_15_15_35_28
-- Up-to-date: /home/terranova/uav_ws/install/uav_gazebo/share/uav_gazebo//scripts/plot_data/04_15_15_35_28/tracked_pose.csv
-- Up-to-date: /home/terranova/uav_ws/install/uav_gazebo/share/uav_gazebo//scripts/plot_data/04_15_15_35_28/orb_slam_pose.csv
-- Up-to-date: /home/terranova/uav_ws/install/uav_gazebo/share/uav_gazebo//scripts/plot_data/04_15_15_35_28/slam_out_pose.csv
-- Up-to-date: /home/terranova/uav_ws/install/uav_gazebo/share/uav_gazebo//scripts/plot_data/04_15_15_35_39
-- Up-to-date: /home/terranova/uav_ws/install/uav_gazebo/share/uav_gazebo//scripts/plot_data/04_15_15_35_39/tracked_pose.csv
-- Up-to-date: /home/terranova/uav_ws/install/uav_gazebo/share/uav_gazebo//scripts/plot_data/04_15_15_35_39/orb_slam_pose.csv
-- Up-to-date: /home/terranova/uav_ws/install/uav_gazebo/share/uav_gazebo//scripts/plot_data/04_15_15_35_39/slam_out_pose.csv
-- Up-to-date: /home/terranova/uav_ws/install/uav_gazebo/share/uav_gazebo//scripts/plot_data/04_15_17_03_33
-- Up-to-date: /home/terranova/uav_ws/install/uav_gazebo/share/uav_gazebo//scripts/plot_data/04_15_17_03_33/tracked_pose.csv
-- Up-to-date: /home/terranova/uav_ws/install/uav_gazebo/share/uav_gazebo//scripts/plot_data/04_15_17_03_33/orb_slam_pose.csv
-- Up-to-date: /home/terranova/uav_ws/install/uav_gazebo/share/uav_gazebo//scripts/plot_data/04_15_17_03_33/slam_out_pose.csv
-- Up-to-date: /home/terranova/uav_ws/install/uav_gazebo/share/uav_gazebo//scripts/plot_data/04_15_16_10_26
-- Up-to-date: /home/terranova/uav_ws/install/uav_gazebo/share/uav_gazebo//scripts/plot_data/04_15_16_10_26/tracked_pose.csv
-- Up-to-date: /home/terranova/uav_ws/install/uav_gazebo/share/uav_gazebo//scripts/plot_data/04_15_16_10_26/orb_slam_pose.csv
-- Up-to-date: /home/terranova/uav_ws/install/uav_gazebo/share/uav_gazebo//scripts/plot_data/04_15_16_10_26/slam_out_pose.csv
-- Up-to-date: /home/terranova/uav_ws/install/uav_gazebo/share/uav_gazebo//scripts/plot_data/04_15_15_35_13
-- Up-to-date: /home/terranova/uav_ws/install/uav_gazebo/share/uav_gazebo//scripts/plot_data/04_15_15_35_13/tracked_pose.csv
-- Up-to-date: /home/terranova/uav_ws/install/uav_gazebo/share/uav_gazebo//scripts/plot_data/04_15_15_35_13/orb_slam_pose.csv
-- Up-to-date: /home/terranova/uav_ws/install/uav_gazebo/share/uav_gazebo//scripts/plot_data/04_15_15_35_13/slam_out_pose.csv
-- Up-to-date: /home/terranova/uav_ws/install/uav_gazebo/share/uav_gazebo//scripts/plot_data/04_17_15_35_09
-- Up-to-date: /home/terranova/uav_ws/install/uav_gazebo/share/uav_gazebo//scripts/plot_data/04_17_15_35_09/tracked_pose.csv
-- Up-to-date: /home/terranova/uav_ws/install/uav_gazebo/share/uav_gazebo//scripts/plot_data/04_17_15_35_09/orb_slam_pose.csv
-- Up-to-date: /home/terranova/uav_ws/install/uav_gazebo/share/uav_gazebo//scripts/plot_data/04_17_15_35_09/slam_out_pose.csv
-- Up-to-date: /home/terranova/uav_ws/install/uav_gazebo/share/uav_gazebo//scripts/plot_data/04_15_16_16_06
-- Up-to-date: /home/terranova/uav_ws/install/uav_gazebo/share/uav_gazebo//scripts/plot_data/04_15_16_16_06/tracked_pose.csv
-- Up-to-date: /home/terranova/uav_ws/install/uav_gazebo/share/uav_gazebo//scripts/plot_data/04_15_16_16_06/orb_slam_pose.csv
-- Up-to-date: /home/terranova/uav_ws/install/uav_gazebo/share/uav_gazebo//scripts/plot_data/04_15_16_16_06/slam_out_pose.csv
-- Up-to-date: /home/terranova/uav_ws/install/uav_gazebo/share/uav_gazebo//scripts/plot_data/04_15_16_09_37
-- Up-to-date: /home/terranova/uav_ws/install/uav_gazebo/share/uav_gazebo//scripts/plot_data/04_15_16_09_37/tracked_pose.csv
-- Up-to-date: /home/terranova/uav_ws/install/uav_gazebo/share/uav_gazebo//scripts/plot_data/04_15_16_09_37/orb_slam_pose.csv
-- Up-to-date: /home/terranova/uav_ws/install/uav_gazebo/share/uav_gazebo//scripts/plot_data/04_15_16_09_37/slam_out_pose.csv
-- Up-to-date: /home/terranova/uav_ws/install/uav_gazebo/share/uav_gazebo//scripts/mavros_teleop.py
-- Up-to-date: /home/terranova/uav_ws/install/uav_gazebo/share/uav_gazebo//scripts/imu_to_vel.py
-- Up-to-date: /home/terranova/uav_ws/install/uav_gazebo/share/uav_gazebo//scripts/quadcopter_ui.py
-- Up-to-date: /home/terranova/uav_ws/install/uav_gazebo/share/uav_gazebo//scripts/uav_teleop.py
-- Up-to-date: /home/terranova/uav_ws/install/uav_gazebo/share/uav_gazebo//scripts/plotter.py
-- Up-to-date: /home/terranova/uav_ws/install/uav_gazebo/share/uav_gazebo//scripts/save_poses.py
-- Up-to-date: /home/terranova/uav_ws/install/uav_gazebo/share/uav_gazebo//scripts/start_sitl.sh
-- Installing: /home/terranova/uav_ws/install/uav_gazebo/include/
-- Installing: /home/terranova/uav_ws/install/uav_gazebo/include//uav_gazebo
-- Installing: /home/terranova/uav_ws/install/uav_gazebo/share/ament_index/resource_index/package_run_dependencies/uav_gazebo
-- Installing: /home/terranova/uav_ws/install/uav_gazebo/share/ament_index/resource_index/parent_prefix_path/uav_gazebo
-- Installing: /home/terranova/uav_ws/install/uav_gazebo/share/uav_gazebo/environment/ament_prefix_path.sh
-- Installing: /home/terranova/uav_ws/install/uav_gazebo/share/uav_gazebo/environment/ament_prefix_path.dsv
-- Installing: /home/terranova/uav_ws/install/uav_gazebo/share/uav_gazebo/environment/path.sh
-- Installing: /home/terranova/uav_ws/install/uav_gazebo/share/uav_gazebo/environment/path.dsv
-- Installing: /home/terranova/uav_ws/install/uav_gazebo/share/uav_gazebo/local_setup.bash
-- Installing: /home/terranova/uav_ws/install/uav_gazebo/share/uav_gazebo/local_setup.sh
-- Installing: /home/terranova/uav_ws/install/uav_gazebo/share/uav_gazebo/local_setup.zsh
-- Installing: /home/terranova/uav_ws/install/uav_gazebo/share/uav_gazebo/local_setup.dsv
-- Installing: /home/terranova/uav_ws/install/uav_gazebo/share/uav_gazebo/package.dsv
-- Installing: /home/terranova/uav_ws/install/uav_gazebo/share/ament_index/resource_index/packages/uav_gazebo
-- Installing: /home/terranova/uav_ws/install/uav_gazebo/share/uav_gazebo/cmake/ament_cmake_export_include_directories-extras.cmake
-- Installing: /home/terranova/uav_ws/install/uav_gazebo/share/uav_gazebo/cmake/ament_cmake_export_dependencies-extras.cmake
-- Installing: /home/terranova/uav_ws/install/uav_gazebo/share/uav_gazebo/cmake/uav_gazeboConfig.cmake
-- Installing: /home/terranova/uav_ws/install/uav_gazebo/share/uav_gazebo/cmake/uav_gazeboConfig-version.cmake
-- Installing: /home/terranova/uav_ws/install/uav_gazebo/share/uav_gazebo/package.xml
