[0.051s] Invoking command in '/home/terranova/uav_ws/build/pcl_msgs': CMAKE_PREFIX_PATH=/opt/ros/foxy /home/terranova/.local/bin/cmake /home/terranova/uav_ws/src/pcl_msgs -DCMAKE_INSTALL_PREFIX=/home/terranova/uav_ws/install/pcl_msgs
[0.341s] -- The C compiler identification is GNU 9.4.0
[0.701s] -- The CXX compiler identification is GNU 9.4.0
[0.829s] -- Detecting C compiler ABI info
[1.205s] -- Detecting C compiler ABI info - done
[1.266s] -- Check for working C compiler: /usr/lib/ccache/cc - skipped
[1.267s] -- Detecting C compile features
[1.272s] -- Detecting C compile features - done
[1.332s] -- Detecting CXX compiler ABI info
[1.745s] -- Detecting CXX compiler ABI info - done
[1.807s] -- Check for working CXX compiler: /usr/lib/ccache/c++ - skipped
[1.808s] -- Detecting CXX compile features
[1.809s] -- Detecting CXX compile features - done
[1.827s] -- Found ament_cmake: 0.9.12 (/opt/ros/foxy/share/ament_cmake/cmake)
[1.849s] [33mCMake Warning (dev) at /opt/ros/foxy/share/ament_cmake_core/cmake/core/python.cmake:22 (find_package):
[1.849s]   Policy CMP0148 is not set: The FindPythonInterp and FindPythonLibs modules
[1.850s]   are removed.  Run "cmake --help-policy CMP0148" for policy details.  Use
[1.850s]   the cmake_policy command to set the policy and suppress this warning.
[1.850s] 
[1.850s] Call Stack (most recent call first):
[1.850s]   /opt/ros/foxy/share/ament_cmake_core/cmake/core/all.cmake:53 (include)
[1.850s]   /opt/ros/foxy/share/ament_cmake_core/cmake/ament_cmake_core-extras.cmake:17 (include)
[1.851s]   /opt/ros/foxy/share/ament_cmake_core/cmake/ament_cmake_coreConfig.cmake:41 (include)
[1.851s]   /opt/ros/foxy/share/ament_cmake/cmake/ament_cmake_export_dependencies-extras.cmake:15 (find_package)
[1.851s]   /opt/ros/foxy/share/ament_cmake/cmake/ament_cmakeConfig.cmake:41 (include)
[1.851s]   CMakeLists.txt:13 (find_package)
[1.851s] This warning is for project developers.  Use -Wno-dev to suppress it.
[1.851s] [0m
[1.976s] -- Found PythonInterp: /usr/bin/python3 (found suitable version "3.8.10", minimum required is "3") 
[1.977s] -- Using PYTHON_EXECUTABLE: /usr/bin/python3
[2.780s] -- Found rosidl_default_generators: 1.0.1 (/opt/ros/foxy/share/rosidl_default_generators/cmake)
[2.800s] -- Using all available rosidl_typesupport_c: rosidl_typesupport_fastrtps_c;rosidl_typesupport_introspection_c
[2.823s] -- Found rosidl_adapter: 1.3.1 (/opt/ros/foxy/share/rosidl_adapter/cmake)
[3.287s] -- Found OpenSSL: /usr/lib/x86_64-linux-gnu/libcrypto.so (found version "1.1.1f")  
[3.381s] -- Found FastRTPS: /opt/ros/foxy/include  
[3.649s] -- Using all available rosidl_typesupport_cpp: rosidl_typesupport_fastrtps_cpp;rosidl_typesupport_introspection_cpp
[3.748s] -- Found sensor_msgs: 2.0.5 (/opt/ros/foxy/share/sensor_msgs/cmake)
[4.311s] [33mCMake Warning (dev) at /opt/ros/foxy/share/rosidl_adapter/cmake/rosidl_adapt_interfaces.cmake:40 (find_package):
[4.311s]   Policy CMP0148 is not set: The FindPythonInterp and FindPythonLibs modules
[4.311s]   are removed.  Run "cmake --help-policy CMP0148" for policy details.  Use
[4.311s]   the cmake_policy command to set the policy and suppress this warning.
[4.311s] 
[4.312s] Call Stack (most recent call first):
[4.312s]   /opt/ros/foxy/share/rosidl_cmake/cmake/rosidl_generate_interfaces.cmake:130 (rosidl_adapt_interfaces)
[4.312s]   CMakeLists.txt:31 (rosidl_generate_interfaces)
[4.312s] This warning is for project developers.  Use -Wno-dev to suppress it.
[4.312s] [0m
[4.373s] -- Found PythonInterp: /usr/bin/python3 (found version "3.8.10") 
[5.314s] -- Found ament_cmake_cppcheck: 0.9.8 (/opt/ros/foxy/share/ament_cmake_cppcheck/cmake)
[5.320s] -- Found ament_cmake_cpplint: 0.9.8 (/opt/ros/foxy/share/ament_cmake_cpplint/cmake)
[5.327s] -- Found ament_cmake_uncrustify: 0.9.8 (/opt/ros/foxy/share/ament_cmake_uncrustify/cmake)
[5.334s] -- Found ament_cmake_ros: 0.9.2 (/opt/ros/foxy/share/ament_cmake_ros/cmake)
[6.528s] -- Using all available rosidl_typesupport_c: rosidl_typesupport_fastrtps_c;rosidl_typesupport_introspection_c
[7.288s] -- Using all available rosidl_typesupport_cpp: rosidl_typesupport_fastrtps_cpp;rosidl_typesupport_introspection_cpp
[7.305s] [33mCMake Warning (dev) at /opt/ros/foxy/share/rosidl_generator_py/cmake/rosidl_generator_py_generate_interfaces.cmake:20 (find_package):
[7.305s]   Policy CMP0148 is not set: The FindPythonInterp and FindPythonLibs modules
[7.305s]   are removed.  Run "cmake --help-policy CMP0148" for policy details.  Use
[7.305s]   the cmake_policy command to set the policy and suppress this warning.
[7.306s] 
[7.306s] Call Stack (most recent call first):
[7.306s]   /opt/ros/foxy/share/ament_cmake_core/cmake/core/ament_execute_extensions.cmake:48 (include)
[7.306s]   /opt/ros/foxy/share/rosidl_cmake/cmake/rosidl_generate_interfaces.cmake:286 (ament_execute_extensions)
[7.306s]   CMakeLists.txt:31 (rosidl_generate_interfaces)
[7.306s] This warning is for project developers.  Use -Wno-dev to suppress it.
[7.307s] [0m
[7.370s] -- Found PythonInterp: /usr/bin/python3 (found suitable version "3.8.10", minimum required is "3.5") 
[7.374s] -- Found python_cmake_module: 0.8.1 (/opt/ros/foxy/share/python_cmake_module/cmake)
[7.375s] [33mCMake Warning (dev) at /opt/ros/foxy/share/python_cmake_module/cmake/Modules/FindPythonExtra.cmake:45 (find_package):
[7.375s]   Policy CMP0148 is not set: The FindPythonInterp and FindPythonLibs modules
[7.376s]   are removed.  Run "cmake --help-policy CMP0148" for policy details.  Use
[7.376s]   the cmake_policy command to set the policy and suppress this warning.
[7.376s] 
[7.376s] Call Stack (most recent call first):
[7.376s]   /opt/ros/foxy/share/rosidl_generator_py/cmake/rosidl_generator_py_generate_interfaces.cmake:23 (find_package)
[7.377s]   /opt/ros/foxy/share/ament_cmake_core/cmake/core/ament_execute_extensions.cmake:48 (include)
[7.377s]   /opt/ros/foxy/share/rosidl_cmake/cmake/rosidl_generate_interfaces.cmake:286 (ament_execute_extensions)
[7.377s]   CMakeLists.txt:31 (rosidl_generate_interfaces)
[7.377s] This warning is for project developers.  Use -Wno-dev to suppress it.
[7.377s] [0m
[7.445s] [33mCMake Warning (dev) at /opt/ros/foxy/share/python_cmake_module/cmake/Modules/FindPythonExtra.cmake:133 (find_package):
[7.445s]   Policy CMP0148 is not set: The FindPythonInterp and FindPythonLibs modules
[7.445s]   are removed.  Run "cmake --help-policy CMP0148" for policy details.  Use
[7.445s]   the cmake_policy command to set the policy and suppress this warning.
[7.445s] 
[7.446s] Call Stack (most recent call first):
[7.446s]   /opt/ros/foxy/share/rosidl_generator_py/cmake/rosidl_generator_py_generate_interfaces.cmake:23 (find_package)
[7.446s]   /opt/ros/foxy/share/ament_cmake_core/cmake/core/ament_execute_extensions.cmake:48 (include)
[7.446s]   /opt/ros/foxy/share/rosidl_cmake/cmake/rosidl_generate_interfaces.cmake:286 (ament_execute_extensions)
[7.446s]   CMakeLists.txt:31 (rosidl_generate_interfaces)
[7.447s] This warning is for project developers.  Use -Wno-dev to suppress it.
[7.447s] [0m
[7.464s] -- Found PythonLibs: /usr/lib/x86_64-linux-gnu/libpython3.8.so (found suitable version "3.8.10", minimum required is "3.5") 
[7.465s] -- Using PYTHON_EXECUTABLE: /usr/bin/python3
[7.465s] -- Using PYTHON_INCLUDE_DIRS: /usr/include/python3.8
[7.465s] -- Using PYTHON_LIBRARIES: /usr/lib/x86_64-linux-gnu/libpython3.8.so
[7.533s] -- Found PythonExtra: .so  
[8.208s] -- Found ament_cmake_flake8: 0.9.8 (/opt/ros/foxy/share/ament_cmake_flake8/cmake)
[8.223s] -- Found ament_cmake_pep257: 0.9.8 (/opt/ros/foxy/share/ament_cmake_pep257/cmake)
[8.279s] -- Configuring done (8.1s)
[8.617s] -- Generating done (0.2s)
[8.627s] -- Build files have been written to: /home/terranova/uav_ws/build/pcl_msgs
[8.679s] Invoked command in '/home/terranova/uav_ws/build/pcl_msgs' returned '0': CMAKE_PREFIX_PATH=/opt/ros/foxy /home/terranova/.local/bin/cmake /home/terranova/uav_ws/src/pcl_msgs -DCMAKE_INSTALL_PREFIX=/home/terranova/uav_ws/install/pcl_msgs
[8.681s] Invoking command in '/home/terranova/uav_ws/build/pcl_msgs': CMAKE_PREFIX_PATH=/opt/ros/foxy /home/terranova/.local/bin/cmake --build /home/terranova/uav_ws/build/pcl_msgs -- -j4 -l4
[8.803s] [  1%] [34m[1mGenerating C++ code for ROS interfaces[0m
[10.694s] [  1%] Built target pcl_msgs__cpp
[10.745s] [  3%] [34m[1mGenerating C code for ROS interfaces[0m
[12.675s] [  4%] [32mBuilding C object CMakeFiles/pcl_msgs__rosidl_generator_c.dir/rosidl_generator_c/pcl_msgs/msg/detail/model_coefficients__functions.c.o[0m
[12.695s] [  6%] [32mBuilding C object CMakeFiles/pcl_msgs__rosidl_generator_c.dir/rosidl_generator_c/pcl_msgs/msg/detail/point_indices__functions.c.o[0m
[12.731s] [  7%] [32mBuilding C object CMakeFiles/pcl_msgs__rosidl_generator_c.dir/rosidl_generator_c/pcl_msgs/msg/detail/polygon_mesh__functions.c.o[0m
[12.779s] [  9%] [32mBuilding C object CMakeFiles/pcl_msgs__rosidl_generator_c.dir/rosidl_generator_c/pcl_msgs/msg/detail/vertices__functions.c.o[0m
[12.819s] [ 11%] [32mBuilding C object CMakeFiles/pcl_msgs__rosidl_generator_c.dir/rosidl_generator_c/pcl_msgs/srv/detail/update_filename__functions.c.o[0m
[12.883s] [ 12%] [32m[1mLinking C shared library libpcl_msgs__rosidl_generator_c.so[0m
[13.012s] [ 12%] Built target pcl_msgs__rosidl_generator_c
[13.024s] [ 14%] [34m[1mGenerating C++ introspection for ROS interfaces[0m
[14.555s] [ 15%] [32mBuilding CXX object CMakeFiles/pcl_msgs__rosidl_typesupport_introspection_cpp.dir/rosidl_typesupport_introspection_cpp/pcl_msgs/msg/detail/model_coefficients__type_support.cpp.o[0m
[14.615s] [ 17%] [32mBuilding CXX object CMakeFiles/pcl_msgs__rosidl_typesupport_introspection_cpp.dir/rosidl_typesupport_introspection_cpp/pcl_msgs/msg/detail/point_indices__type_support.cpp.o[0m
[14.679s] [ 19%] [32mBuilding CXX object CMakeFiles/pcl_msgs__rosidl_typesupport_introspection_cpp.dir/rosidl_typesupport_introspection_cpp/pcl_msgs/msg/detail/polygon_mesh__type_support.cpp.o[0m
[14.742s] [ 20%] [32mBuilding CXX object CMakeFiles/pcl_msgs__rosidl_typesupport_introspection_cpp.dir/rosidl_typesupport_introspection_cpp/pcl_msgs/msg/detail/vertices__type_support.cpp.o[0m
[14.808s] [ 22%] [32mBuilding CXX object CMakeFiles/pcl_msgs__rosidl_typesupport_introspection_cpp.dir/rosidl_typesupport_introspection_cpp/pcl_msgs/srv/detail/update_filename__type_support.cpp.o[0m
[14.867s] [ 23%] [32m[1mLinking CXX shared library libpcl_msgs__rosidl_typesupport_introspection_cpp.so[0m
[15.200s] [ 23%] Built target pcl_msgs__rosidl_typesupport_introspection_cpp
[15.251s] [ 25%] [34m[1mGenerating C introspection for ROS interfaces[0m
[16.641s] [ 26%] [32mBuilding C object CMakeFiles/pcl_msgs__rosidl_typesupport_introspection_c.dir/rosidl_typesupport_introspection_c/pcl_msgs/msg/detail/model_coefficients__type_support.c.o[0m
[16.695s] [ 28%] [32mBuilding C object CMakeFiles/pcl_msgs__rosidl_typesupport_introspection_c.dir/rosidl_typesupport_introspection_c/pcl_msgs/msg/detail/point_indices__type_support.c.o[0m
[16.775s] [ 30%] [32mBuilding C object CMakeFiles/pcl_msgs__rosidl_typesupport_introspection_c.dir/rosidl_typesupport_introspection_c/pcl_msgs/msg/detail/polygon_mesh__type_support.c.o[0m
[16.898s] [ 31%] [32mBuilding C object CMakeFiles/pcl_msgs__rosidl_typesupport_introspection_c.dir/rosidl_typesupport_introspection_c/pcl_msgs/msg/detail/vertices__type_support.c.o[0m
[17.025s] [ 33%] [32mBuilding C object CMakeFiles/pcl_msgs__rosidl_typesupport_introspection_c.dir/rosidl_typesupport_introspection_c/pcl_msgs/srv/detail/update_filename__type_support.c.o[0m
[17.152s] [ 34%] [32m[1mLinking C shared library libpcl_msgs__rosidl_typesupport_introspection_c.so[0m
[17.302s] [ 34%] Built target pcl_msgs__rosidl_typesupport_introspection_c
[17.339s] [ 36%] [34m[1mGenerating C type support dispatch for ROS interfaces[0m
[18.478s] [ 38%] [32mBuilding CXX object CMakeFiles/pcl_msgs__rosidl_typesupport_c.dir/rosidl_typesupport_c/pcl_msgs/msg/model_coefficients__type_support.cpp.o[0m
[18.495s] [ 39%] [32mBuilding CXX object CMakeFiles/pcl_msgs__rosidl_typesupport_c.dir/rosidl_typesupport_c/pcl_msgs/msg/point_indices__type_support.cpp.o[0m
[18.520s] [ 41%] [32mBuilding CXX object CMakeFiles/pcl_msgs__rosidl_typesupport_c.dir/rosidl_typesupport_c/pcl_msgs/msg/polygon_mesh__type_support.cpp.o[0m
[18.531s] [ 42%] [32mBuilding CXX object CMakeFiles/pcl_msgs__rosidl_typesupport_c.dir/rosidl_typesupport_c/pcl_msgs/msg/vertices__type_support.cpp.o[0m
[18.542s] [ 44%] [32mBuilding CXX object CMakeFiles/pcl_msgs__rosidl_typesupport_c.dir/rosidl_typesupport_c/pcl_msgs/srv/update_filename__type_support.cpp.o[0m
[18.557s] [ 46%] [32m[1mLinking CXX shared library libpcl_msgs__rosidl_typesupport_c.so[0m
[18.661s] [ 46%] Built target pcl_msgs__rosidl_typesupport_c
[18.697s] [ 47%] [34m[1mGenerating C++ type support for eProsima Fast-RTPS[0m
[20.023s] [ 49%] [32mBuilding CXX object CMakeFiles/pcl_msgs__rosidl_typesupport_fastrtps_cpp.dir/rosidl_typesupport_fastrtps_cpp/pcl_msgs/msg/detail/dds_fastrtps/model_coefficients__type_support.cpp.o[0m
[20.235s] [ 50%] [32mBuilding CXX object CMakeFiles/pcl_msgs__rosidl_typesupport_fastrtps_cpp.dir/rosidl_typesupport_fastrtps_cpp/pcl_msgs/msg/detail/dds_fastrtps/polygon_mesh__type_support.cpp.o[0m
[20.269s] [ 52%] [32mBuilding CXX object CMakeFiles/pcl_msgs__rosidl_typesupport_fastrtps_cpp.dir/rosidl_typesupport_fastrtps_cpp/pcl_msgs/msg/detail/dds_fastrtps/vertices__type_support.cpp.o[0m
[20.303s] [ 53%] [32mBuilding CXX object CMakeFiles/pcl_msgs__rosidl_typesupport_fastrtps_cpp.dir/rosidl_typesupport_fastrtps_cpp/pcl_msgs/srv/detail/dds_fastrtps/update_filename__type_support.cpp.o[0m
[20.337s] [ 55%] [32mBuilding CXX object CMakeFiles/pcl_msgs__rosidl_typesupport_fastrtps_cpp.dir/rosidl_typesupport_fastrtps_cpp/pcl_msgs/msg/detail/dds_fastrtps/point_indices__type_support.cpp.o[0m
[20.371s] [ 57%] [32m[1mLinking CXX shared library libpcl_msgs__rosidl_typesupport_fastrtps_cpp.so[0m
[20.642s] [ 57%] Built target pcl_msgs__rosidl_typesupport_fastrtps_cpp
[20.677s] [ 58%] [34m[1mGenerating C++ type support dispatch for ROS interfaces[0m
[21.645s] [ 60%] [32mBuilding CXX object CMakeFiles/pcl_msgs__rosidl_typesupport_cpp.dir/rosidl_typesupport_cpp/pcl_msgs/msg/model_coefficients__type_support.cpp.o[0m
[21.669s] [ 61%] [32mBuilding CXX object CMakeFiles/pcl_msgs__rosidl_typesupport_cpp.dir/rosidl_typesupport_cpp/pcl_msgs/msg/polygon_mesh__type_support.cpp.o[0m
[21.691s] [ 63%] [32mBuilding CXX object CMakeFiles/pcl_msgs__rosidl_typesupport_cpp.dir/rosidl_typesupport_cpp/pcl_msgs/msg/vertices__type_support.cpp.o[0m
[21.712s] [ 65%] [32mBuilding CXX object CMakeFiles/pcl_msgs__rosidl_typesupport_cpp.dir/rosidl_typesupport_cpp/pcl_msgs/srv/update_filename__type_support.cpp.o[0m
[21.733s] [ 66%] [32mBuilding CXX object CMakeFiles/pcl_msgs__rosidl_typesupport_cpp.dir/rosidl_typesupport_cpp/pcl_msgs/msg/point_indices__type_support.cpp.o[0m
[21.753s] [ 68%] [32m[1mLinking CXX shared library libpcl_msgs__rosidl_typesupport_cpp.so[0m
[21.837s] [ 68%] Built target pcl_msgs__rosidl_typesupport_cpp
[21.847s] [ 69%] [34m[1mGenerating C type support for eProsima Fast-RTPS[0m
[23.068s] [ 71%] [32mBuilding CXX object CMakeFiles/pcl_msgs__rosidl_typesupport_fastrtps_c.dir/rosidl_typesupport_fastrtps_c/pcl_msgs/msg/detail/model_coefficients__type_support_c.cpp.o[0m
[23.091s] [ 73%] [32mBuilding CXX object CMakeFiles/pcl_msgs__rosidl_typesupport_fastrtps_c.dir/rosidl_typesupport_fastrtps_c/pcl_msgs/msg/detail/vertices__type_support_c.cpp.o[0m
[23.109s] [ 74%] [32mBuilding CXX object CMakeFiles/pcl_msgs__rosidl_typesupport_fastrtps_c.dir/rosidl_typesupport_fastrtps_c/pcl_msgs/srv/detail/update_filename__type_support_c.cpp.o[0m
[23.131s] [ 76%] [32mBuilding CXX object CMakeFiles/pcl_msgs__rosidl_typesupport_fastrtps_c.dir/rosidl_typesupport_fastrtps_c/pcl_msgs/msg/detail/polygon_mesh__type_support_c.cpp.o[0m
[23.151s] [ 77%] [32mBuilding CXX object CMakeFiles/pcl_msgs__rosidl_typesupport_fastrtps_c.dir/rosidl_typesupport_fastrtps_c/pcl_msgs/msg/detail/point_indices__type_support_c.cpp.o[0m
[23.330s] [ 79%] [32m[1mLinking CXX shared library libpcl_msgs__rosidl_typesupport_fastrtps_c.so[0m
[23.552s] [ 79%] Built target pcl_msgs__rosidl_typesupport_fastrtps_c
[23.571s] [ 79%] Built target pcl_msgs
[23.591s] [ 80%] [34m[1mGenerating Python code for ROS interfaces[0m
[26.027s] [ 80%] Built target pcl_msgs__py
[26.047s] [ 82%] [32mBuilding C object CMakeFiles/pcl_msgs__python.dir/rosidl_generator_py/pcl_msgs/msg/_model_coefficients_s.c.o[0m
[26.064s] [ 84%] [32mBuilding C object CMakeFiles/pcl_msgs__python.dir/rosidl_generator_py/pcl_msgs/msg/_vertices_s.c.o[0m
[26.087s] [ 85%] [32mBuilding C object CMakeFiles/pcl_msgs__python.dir/rosidl_generator_py/pcl_msgs/srv/_update_filename_s.c.o[0m
[26.100s] [ 87%] [32mBuilding C object CMakeFiles/pcl_msgs__python.dir/rosidl_generator_py/pcl_msgs/msg/_polygon_mesh_s.c.o[0m
[26.120s] [ 88%] [32mBuilding C object CMakeFiles/pcl_msgs__python.dir/rosidl_generator_py/pcl_msgs/msg/_point_indices_s.c.o[0m
[26.141s] [ 90%] [32m[1mLinking C shared library rosidl_generator_py/pcl_msgs/libpcl_msgs__python.so[0m
[26.256s] [ 90%] Built target pcl_msgs__python
[26.277s] [ 92%] [32mBuilding C object CMakeFiles/pcl_msgs__rosidl_typesupport_fastrtps_c__pyext.dir/rosidl_generator_py/pcl_msgs/_pcl_msgs_s.ep.rosidl_typesupport_fastrtps_c.c.o[0m
[26.295s] [ 93%] [32m[1mLinking CXX shared library rosidl_generator_py/pcl_msgs/pcl_msgs_s__rosidl_typesupport_fastrtps_c.cpython-38-x86_64-linux-gnu.so[0m
[26.456s] [ 93%] Built target pcl_msgs__rosidl_typesupport_fastrtps_c__pyext
[26.474s] [ 95%] [32mBuilding C object CMakeFiles/pcl_msgs__rosidl_typesupport_c__pyext.dir/rosidl_generator_py/pcl_msgs/_pcl_msgs_s.ep.rosidl_typesupport_c.c.o[0m
[26.490s] [ 96%] [32m[1mLinking C shared library rosidl_generator_py/pcl_msgs/pcl_msgs_s__rosidl_typesupport_c.cpython-38-x86_64-linux-gnu.so[0m
[26.574s] [ 96%] Built target pcl_msgs__rosidl_typesupport_c__pyext
[26.594s] [ 98%] [32mBuilding C object CMakeFiles/pcl_msgs__rosidl_typesupport_introspection_c__pyext.dir/rosidl_generator_py/pcl_msgs/_pcl_msgs_s.ep.rosidl_typesupport_introspection_c.c.o[0m
[26.612s] [100%] [32m[1mLinking C shared library rosidl_generator_py/pcl_msgs/pcl_msgs_s__rosidl_typesupport_introspection_c.cpython-38-x86_64-linux-gnu.so[0m
[26.699s] [100%] Built target pcl_msgs__rosidl_typesupport_introspection_c__pyext
[26.738s] Invoked command in '/home/terranova/uav_ws/build/pcl_msgs' returned '0': CMAKE_PREFIX_PATH=/opt/ros/foxy /home/terranova/.local/bin/cmake --build /home/terranova/uav_ws/build/pcl_msgs -- -j4 -l4
[27.093s] Invoking command in '/home/terranova/uav_ws/build/pcl_msgs': CMAKE_PREFIX_PATH=/opt/ros/foxy /home/terranova/.local/bin/cmake --install /home/terranova/uav_ws/build/pcl_msgs
[27.205s] -- Install configuration: ""
[27.215s] -- Installing: /home/terranova/uav_ws/install/pcl_msgs/share/ament_index/resource_index/rosidl_interfaces/pcl_msgs
[27.215s] -- Installing: /home/terranova/uav_ws/install/pcl_msgs/include/pcl_msgs
[27.216s] -- Installing: /home/terranova/uav_ws/install/pcl_msgs/include/pcl_msgs/msg
[27.216s] -- Installing: /home/terranova/uav_ws/install/pcl_msgs/include/pcl_msgs/msg/rosidl_generator_c__visibility_control.h
[27.216s] -- Installing: /home/terranova/uav_ws/install/pcl_msgs/include/pcl_msgs/msg/vertices.h
[27.216s] -- Installing: /home/terranova/uav_ws/install/pcl_msgs/include/pcl_msgs/msg/polygon_mesh.h
[27.216s] -- Installing: /home/terranova/uav_ws/install/pcl_msgs/include/pcl_msgs/msg/model_coefficients.h
[27.217s] -- Installing: /home/terranova/uav_ws/install/pcl_msgs/include/pcl_msgs/msg/detail
[27.217s] -- Installing: /home/terranova/uav_ws/install/pcl_msgs/include/pcl_msgs/msg/detail/point_indices__type_support.h
[27.217s] -- Installing: /home/terranova/uav_ws/install/pcl_msgs/include/pcl_msgs/msg/detail/vertices__functions.c
[27.223s] -- Installing: /home/terranova/uav_ws/install/pcl_msgs/include/pcl_msgs/msg/detail/model_coefficients__struct.h
[27.223s] -- Installing: /home/terranova/uav_ws/install/pcl_msgs/include/pcl_msgs/msg/detail/polygon_mesh__type_support.h
[27.223s] -- Installing: /home/terranova/uav_ws/install/pcl_msgs/include/pcl_msgs/msg/detail/vertices__functions.h
[27.224s] -- Installing: /home/terranova/uav_ws/install/pcl_msgs/include/pcl_msgs/msg/detail/polygon_mesh__struct.h
[27.224s] -- Installing: /home/terranova/uav_ws/install/pcl_msgs/include/pcl_msgs/msg/detail/point_indices__functions.c
[27.224s] -- Installing: /home/terranova/uav_ws/install/pcl_msgs/include/pcl_msgs/msg/detail/vertices__struct.h
[27.225s] -- Installing: /home/terranova/uav_ws/install/pcl_msgs/include/pcl_msgs/msg/detail/polygon_mesh__functions.h
[27.231s] -- Installing: /home/terranova/uav_ws/install/pcl_msgs/include/pcl_msgs/msg/detail/polygon_mesh__functions.c
[27.231s] -- Installing: /home/terranova/uav_ws/install/pcl_msgs/include/pcl_msgs/msg/detail/model_coefficients__type_support.h
[27.231s] -- Installing: /home/terranova/uav_ws/install/pcl_msgs/include/pcl_msgs/msg/detail/point_indices__functions.h
[27.232s] -- Installing: /home/terranova/uav_ws/install/pcl_msgs/include/pcl_msgs/msg/detail/vertices__type_support.h
[27.232s] -- Installing: /home/terranova/uav_ws/install/pcl_msgs/include/pcl_msgs/msg/detail/point_indices__struct.h
[27.232s] -- Installing: /home/terranova/uav_ws/install/pcl_msgs/include/pcl_msgs/msg/detail/model_coefficients__functions.h
[27.233s] -- Installing: /home/terranova/uav_ws/install/pcl_msgs/include/pcl_msgs/msg/detail/model_coefficients__functions.c
[27.233s] -- Installing: /home/terranova/uav_ws/install/pcl_msgs/include/pcl_msgs/msg/point_indices.h
[27.233s] -- Installing: /home/terranova/uav_ws/install/pcl_msgs/include/pcl_msgs/srv
[27.234s] -- Installing: /home/terranova/uav_ws/install/pcl_msgs/include/pcl_msgs/srv/update_filename.h
[27.234s] -- Installing: /home/terranova/uav_ws/install/pcl_msgs/include/pcl_msgs/srv/detail
[27.234s] -- Installing: /home/terranova/uav_ws/install/pcl_msgs/include/pcl_msgs/srv/detail/update_filename__functions.h
[27.234s] -- Installing: /home/terranova/uav_ws/install/pcl_msgs/include/pcl_msgs/srv/detail/update_filename__type_support.h
[27.235s] -- Installing: /home/terranova/uav_ws/install/pcl_msgs/include/pcl_msgs/srv/detail/update_filename__functions.c
[27.235s] -- Installing: /home/terranova/uav_ws/install/pcl_msgs/include/pcl_msgs/srv/detail/update_filename__struct.h
[27.235s] -- Installing: /home/terranova/uav_ws/install/pcl_msgs/share/pcl_msgs/environment/library_path.sh
[27.235s] -- Installing: /home/terranova/uav_ws/install/pcl_msgs/share/pcl_msgs/environment/library_path.dsv
[27.235s] -- Installing: /home/terranova/uav_ws/install/pcl_msgs/lib/libpcl_msgs__rosidl_generator_c.so
[27.239s] -- Set non-toolchain portion of runtime path of "/home/terranova/uav_ws/install/pcl_msgs/lib/libpcl_msgs__rosidl_generator_c.so" to ""
[27.239s] -- Up-to-date: /home/terranova/uav_ws/install/pcl_msgs/include/pcl_msgs
[27.240s] -- Up-to-date: /home/terranova/uav_ws/install/pcl_msgs/include/pcl_msgs/msg
[27.240s] -- Installing: /home/terranova/uav_ws/install/pcl_msgs/include/pcl_msgs/msg/rosidl_typesupport_fastrtps_c__visibility_control.h
[27.240s] -- Up-to-date: /home/terranova/uav_ws/install/pcl_msgs/include/pcl_msgs/msg/detail
[27.241s] -- Installing: /home/terranova/uav_ws/install/pcl_msgs/include/pcl_msgs/msg/detail/point_indices__rosidl_typesupport_fastrtps_c.h
[27.241s] -- Installing: /home/terranova/uav_ws/install/pcl_msgs/include/pcl_msgs/msg/detail/vertices__rosidl_typesupport_fastrtps_c.h
[27.241s] -- Installing: /home/terranova/uav_ws/install/pcl_msgs/include/pcl_msgs/msg/detail/polygon_mesh__rosidl_typesupport_fastrtps_c.h
[27.241s] -- Installing: /home/terranova/uav_ws/install/pcl_msgs/include/pcl_msgs/msg/detail/model_coefficients__rosidl_typesupport_fastrtps_c.h
[27.243s] -- Up-to-date: /home/terranova/uav_ws/install/pcl_msgs/include/pcl_msgs/srv
[27.244s] -- Up-to-date: /home/terranova/uav_ws/install/pcl_msgs/include/pcl_msgs/srv/detail
[27.244s] -- Installing: /home/terranova/uav_ws/install/pcl_msgs/include/pcl_msgs/srv/detail/update_filename__rosidl_typesupport_fastrtps_c.h
[27.244s] -- Installing: /home/terranova/uav_ws/install/pcl_msgs/lib/libpcl_msgs__rosidl_typesupport_fastrtps_c.so
[27.245s] -- Set non-toolchain portion of runtime path of "/home/terranova/uav_ws/install/pcl_msgs/lib/libpcl_msgs__rosidl_typesupport_fastrtps_c.so" to ""
[27.245s] -- Up-to-date: /home/terranova/uav_ws/install/pcl_msgs/include/pcl_msgs
[27.246s] -- Up-to-date: /home/terranova/uav_ws/install/pcl_msgs/include/pcl_msgs/msg
[27.246s] -- Installing: /home/terranova/uav_ws/install/pcl_msgs/include/pcl_msgs/msg/rosidl_typesupport_fastrtps_cpp__visibility_control.h
[27.246s] -- Up-to-date: /home/terranova/uav_ws/install/pcl_msgs/include/pcl_msgs/msg/detail
[27.247s] -- Installing: /home/terranova/uav_ws/install/pcl_msgs/include/pcl_msgs/msg/detail/vertices__rosidl_typesupport_fastrtps_cpp.hpp
[27.247s] -- Installing: /home/terranova/uav_ws/install/pcl_msgs/include/pcl_msgs/msg/detail/dds_fastrtps
[27.247s] -- Installing: /home/terranova/uav_ws/install/pcl_msgs/include/pcl_msgs/msg/detail/point_indices__rosidl_typesupport_fastrtps_cpp.hpp
[27.247s] -- Installing: /home/terranova/uav_ws/install/pcl_msgs/include/pcl_msgs/msg/detail/model_coefficients__rosidl_typesupport_fastrtps_cpp.hpp
[27.248s] -- Installing: /home/terranova/uav_ws/install/pcl_msgs/include/pcl_msgs/msg/detail/polygon_mesh__rosidl_typesupport_fastrtps_cpp.hpp
[27.248s] -- Up-to-date: /home/terranova/uav_ws/install/pcl_msgs/include/pcl_msgs/srv
[27.248s] -- Up-to-date: /home/terranova/uav_ws/install/pcl_msgs/include/pcl_msgs/srv/detail
[27.248s] -- Installing: /home/terranova/uav_ws/install/pcl_msgs/include/pcl_msgs/srv/detail/dds_fastrtps
[27.248s] -- Installing: /home/terranova/uav_ws/install/pcl_msgs/include/pcl_msgs/srv/detail/update_filename__rosidl_typesupport_fastrtps_cpp.hpp
[27.248s] -- Installing: /home/terranova/uav_ws/install/pcl_msgs/lib/libpcl_msgs__rosidl_typesupport_fastrtps_cpp.so
[27.249s] -- Set non-toolchain portion of runtime path of "/home/terranova/uav_ws/install/pcl_msgs/lib/libpcl_msgs__rosidl_typesupport_fastrtps_cpp.so" to ""
[27.249s] -- Up-to-date: /home/terranova/uav_ws/install/pcl_msgs/include/pcl_msgs
[27.249s] -- Up-to-date: /home/terranova/uav_ws/install/pcl_msgs/include/pcl_msgs/msg
[27.249s] -- Up-to-date: /home/terranova/uav_ws/install/pcl_msgs/include/pcl_msgs/msg/detail
[27.250s] -- Installing: /home/terranova/uav_ws/install/pcl_msgs/include/pcl_msgs/msg/detail/vertices__type_support.c
[27.250s] -- Installing: /home/terranova/uav_ws/install/pcl_msgs/include/pcl_msgs/msg/detail/point_indices__rosidl_typesupport_introspection_c.h
[27.250s] -- Installing: /home/terranova/uav_ws/install/pcl_msgs/include/pcl_msgs/msg/detail/vertices__rosidl_typesupport_introspection_c.h
[27.250s] -- Installing: /home/terranova/uav_ws/install/pcl_msgs/include/pcl_msgs/msg/detail/model_coefficients__rosidl_typesupport_introspection_c.h
[27.251s] -- Installing: /home/terranova/uav_ws/install/pcl_msgs/include/pcl_msgs/msg/detail/point_indices__type_support.c
[27.251s] -- Installing: /home/terranova/uav_ws/install/pcl_msgs/include/pcl_msgs/msg/detail/model_coefficients__type_support.c
[27.251s] -- Installing: /home/terranova/uav_ws/install/pcl_msgs/include/pcl_msgs/msg/detail/polygon_mesh__type_support.c
[27.252s] -- Installing: /home/terranova/uav_ws/install/pcl_msgs/include/pcl_msgs/msg/detail/polygon_mesh__rosidl_typesupport_introspection_c.h
[27.252s] -- Installing: /home/terranova/uav_ws/install/pcl_msgs/include/pcl_msgs/msg/rosidl_typesupport_introspection_c__visibility_control.h
[27.252s] -- Up-to-date: /home/terranova/uav_ws/install/pcl_msgs/include/pcl_msgs/srv
[27.252s] -- Up-to-date: /home/terranova/uav_ws/install/pcl_msgs/include/pcl_msgs/srv/detail
[27.252s] -- Installing: /home/terranova/uav_ws/install/pcl_msgs/include/pcl_msgs/srv/detail/update_filename__rosidl_typesupport_introspection_c.h
[27.252s] -- Installing: /home/terranova/uav_ws/install/pcl_msgs/include/pcl_msgs/srv/detail/update_filename__type_support.c
[27.254s] -- Installing: /home/terranova/uav_ws/install/pcl_msgs/lib/libpcl_msgs__rosidl_typesupport_introspection_c.so
[27.255s] -- Set non-toolchain portion of runtime path of "/home/terranova/uav_ws/install/pcl_msgs/lib/libpcl_msgs__rosidl_typesupport_introspection_c.so" to ""
[27.255s] -- Installing: /home/terranova/uav_ws/install/pcl_msgs/lib/libpcl_msgs__rosidl_typesupport_c.so
[27.258s] -- Set non-toolchain portion of runtime path of "/home/terranova/uav_ws/install/pcl_msgs/lib/libpcl_msgs__rosidl_typesupport_c.so" to ""
[27.260s] -- Up-to-date: /home/terranova/uav_ws/install/pcl_msgs/include/pcl_msgs
[27.261s] -- Up-to-date: /home/terranova/uav_ws/install/pcl_msgs/include/pcl_msgs/msg
[27.261s] -- Installing: /home/terranova/uav_ws/install/pcl_msgs/include/pcl_msgs/msg/polygon_mesh.hpp
[27.262s] -- Installing: /home/terranova/uav_ws/install/pcl_msgs/include/pcl_msgs/msg/model_coefficients.hpp
[27.262s] -- Installing: /home/terranova/uav_ws/install/pcl_msgs/include/pcl_msgs/msg/vertices.hpp
[27.264s] -- Installing: /home/terranova/uav_ws/install/pcl_msgs/include/pcl_msgs/msg/point_indices.hpp
[27.264s] -- Installing: /home/terranova/uav_ws/install/pcl_msgs/include/pcl_msgs/msg/rosidl_generator_cpp__visibility_control.hpp
[27.265s] -- Up-to-date: /home/terranova/uav_ws/install/pcl_msgs/include/pcl_msgs/msg/detail
[27.265s] -- Installing: /home/terranova/uav_ws/install/pcl_msgs/include/pcl_msgs/msg/detail/model_coefficients__type_support.hpp
[27.270s] -- Installing: /home/terranova/uav_ws/install/pcl_msgs/include/pcl_msgs/msg/detail/point_indices__builder.hpp
[27.270s] -- Installing: /home/terranova/uav_ws/install/pcl_msgs/include/pcl_msgs/msg/detail/polygon_mesh__builder.hpp
[27.270s] -- Installing: /home/terranova/uav_ws/install/pcl_msgs/include/pcl_msgs/msg/detail/model_coefficients__builder.hpp
[27.271s] -- Installing: /home/terranova/uav_ws/install/pcl_msgs/include/pcl_msgs/msg/detail/point_indices__type_support.hpp
[27.271s] -- Installing: /home/terranova/uav_ws/install/pcl_msgs/include/pcl_msgs/msg/detail/model_coefficients__struct.hpp
[27.271s] -- Installing: /home/terranova/uav_ws/install/pcl_msgs/include/pcl_msgs/msg/detail/model_coefficients__traits.hpp
[27.271s] -- Installing: /home/terranova/uav_ws/install/pcl_msgs/include/pcl_msgs/msg/detail/polygon_mesh__struct.hpp
[27.271s] -- Installing: /home/terranova/uav_ws/install/pcl_msgs/include/pcl_msgs/msg/detail/vertices__type_support.hpp
[27.271s] -- Installing: /home/terranova/uav_ws/install/pcl_msgs/include/pcl_msgs/msg/detail/vertices__traits.hpp
[27.272s] -- Installing: /home/terranova/uav_ws/install/pcl_msgs/include/pcl_msgs/msg/detail/point_indices__traits.hpp
[27.272s] -- Installing: /home/terranova/uav_ws/install/pcl_msgs/include/pcl_msgs/msg/detail/vertices__builder.hpp
[27.272s] -- Installing: /home/terranova/uav_ws/install/pcl_msgs/include/pcl_msgs/msg/detail/vertices__struct.hpp
[27.272s] -- Installing: /home/terranova/uav_ws/install/pcl_msgs/include/pcl_msgs/msg/detail/polygon_mesh__type_support.hpp
[27.272s] -- Installing: /home/terranova/uav_ws/install/pcl_msgs/include/pcl_msgs/msg/detail/point_indices__struct.hpp
[27.272s] -- Installing: /home/terranova/uav_ws/install/pcl_msgs/include/pcl_msgs/msg/detail/polygon_mesh__traits.hpp
[27.273s] -- Up-to-date: /home/terranova/uav_ws/install/pcl_msgs/include/pcl_msgs/srv
[27.273s] -- Installing: /home/terranova/uav_ws/install/pcl_msgs/include/pcl_msgs/srv/update_filename.hpp
[27.273s] -- Up-to-date: /home/terranova/uav_ws/install/pcl_msgs/include/pcl_msgs/srv/detail
[27.273s] -- Installing: /home/terranova/uav_ws/install/pcl_msgs/include/pcl_msgs/srv/detail/update_filename__builder.hpp
[27.273s] -- Installing: /home/terranova/uav_ws/install/pcl_msgs/include/pcl_msgs/srv/detail/update_filename__struct.hpp
[27.273s] -- Installing: /home/terranova/uav_ws/install/pcl_msgs/include/pcl_msgs/srv/detail/update_filename__traits.hpp
[27.274s] -- Installing: /home/terranova/uav_ws/install/pcl_msgs/include/pcl_msgs/srv/detail/update_filename__type_support.hpp
[27.274s] -- Up-to-date: /home/terranova/uav_ws/install/pcl_msgs/include/pcl_msgs
[27.280s] -- Up-to-date: /home/terranova/uav_ws/install/pcl_msgs/include/pcl_msgs/msg
[27.281s] -- Up-to-date: /home/terranova/uav_ws/install/pcl_msgs/include/pcl_msgs/msg/detail
[27.281s] -- Installing: /home/terranova/uav_ws/install/pcl_msgs/include/pcl_msgs/msg/detail/vertices__rosidl_typesupport_introspection_cpp.hpp
[27.281s] -- Installing: /home/terranova/uav_ws/install/pcl_msgs/include/pcl_msgs/msg/detail/point_indices__rosidl_typesupport_introspection_cpp.hpp
[27.281s] -- Installing: /home/terranova/uav_ws/install/pcl_msgs/include/pcl_msgs/msg/detail/polygon_mesh__type_support.cpp
[27.281s] -- Installing: /home/terranova/uav_ws/install/pcl_msgs/include/pcl_msgs/msg/detail/point_indices__type_support.cpp
[27.282s] -- Installing: /home/terranova/uav_ws/install/pcl_msgs/include/pcl_msgs/msg/detail/model_coefficients__type_support.cpp
[27.282s] -- Installing: /home/terranova/uav_ws/install/pcl_msgs/include/pcl_msgs/msg/detail/vertices__type_support.cpp
[27.282s] -- Installing: /home/terranova/uav_ws/install/pcl_msgs/include/pcl_msgs/msg/detail/model_coefficients__rosidl_typesupport_introspection_cpp.hpp
[27.282s] -- Installing: /home/terranova/uav_ws/install/pcl_msgs/include/pcl_msgs/msg/detail/polygon_mesh__rosidl_typesupport_introspection_cpp.hpp
[27.282s] -- Up-to-date: /home/terranova/uav_ws/install/pcl_msgs/include/pcl_msgs/srv
[27.283s] -- Up-to-date: /home/terranova/uav_ws/install/pcl_msgs/include/pcl_msgs/srv/detail
[27.283s] -- Installing: /home/terranova/uav_ws/install/pcl_msgs/include/pcl_msgs/srv/detail/update_filename__type_support.cpp
[27.283s] -- Installing: /home/terranova/uav_ws/install/pcl_msgs/include/pcl_msgs/srv/detail/update_filename__rosidl_typesupport_introspection_cpp.hpp
[27.283s] -- Installing: /home/terranova/uav_ws/install/pcl_msgs/lib/libpcl_msgs__rosidl_typesupport_introspection_cpp.so
[27.283s] -- Set non-toolchain portion of runtime path of "/home/terranova/uav_ws/install/pcl_msgs/lib/libpcl_msgs__rosidl_typesupport_introspection_cpp.so" to ""
[27.283s] -- Installing: /home/terranova/uav_ws/install/pcl_msgs/lib/libpcl_msgs__rosidl_typesupport_cpp.so
[27.284s] -- Set non-toolchain portion of runtime path of "/home/terranova/uav_ws/install/pcl_msgs/lib/libpcl_msgs__rosidl_typesupport_cpp.so" to ""
[27.284s] -- Installing: /home/terranova/uav_ws/install/pcl_msgs/share/pcl_msgs/environment/pythonpath.sh
[27.284s] -- Installing: /home/terranova/uav_ws/install/pcl_msgs/share/pcl_msgs/environment/pythonpath.dsv
[27.287s] -- Installing: /home/terranova/uav_ws/install/pcl_msgs/lib/python3.8/site-packages/pcl_msgs/__init__.py
[27.392s] Compiling '/home/terranova/uav_ws/install/pcl_msgs/lib/python3.8/site-packages/pcl_msgs/__init__.py'...
[27.405s] -- Installing: /home/terranova/uav_ws/install/pcl_msgs/lib/python3.8/site-packages/pcl_msgs/msg
[27.405s] -- Installing: /home/terranova/uav_ws/install/pcl_msgs/lib/python3.8/site-packages/pcl_msgs/msg/_vertices_s.c
[27.405s] -- Installing: /home/terranova/uav_ws/install/pcl_msgs/lib/python3.8/site-packages/pcl_msgs/msg/_vertices.py
[27.406s] -- Installing: /home/terranova/uav_ws/install/pcl_msgs/lib/python3.8/site-packages/pcl_msgs/msg/_point_indices.py
[27.406s] -- Installing: /home/terranova/uav_ws/install/pcl_msgs/lib/python3.8/site-packages/pcl_msgs/msg/_point_indices_s.c
[27.406s] -- Installing: /home/terranova/uav_ws/install/pcl_msgs/lib/python3.8/site-packages/pcl_msgs/msg/_model_coefficients.py
[27.407s] -- Installing: /home/terranova/uav_ws/install/pcl_msgs/lib/python3.8/site-packages/pcl_msgs/msg/_polygon_mesh_s.c
[27.407s] -- Installing: /home/terranova/uav_ws/install/pcl_msgs/lib/python3.8/site-packages/pcl_msgs/msg/_model_coefficients_s.c
[27.407s] -- Installing: /home/terranova/uav_ws/install/pcl_msgs/lib/python3.8/site-packages/pcl_msgs/msg/__init__.py
[27.407s] -- Installing: /home/terranova/uav_ws/install/pcl_msgs/lib/python3.8/site-packages/pcl_msgs/msg/_polygon_mesh.py
[27.407s] -- Installing: /home/terranova/uav_ws/install/pcl_msgs/lib/python3.8/site-packages/pcl_msgs/srv
[27.408s] -- Installing: /home/terranova/uav_ws/install/pcl_msgs/lib/python3.8/site-packages/pcl_msgs/srv/_update_filename_s.c
[27.408s] -- Installing: /home/terranova/uav_ws/install/pcl_msgs/lib/python3.8/site-packages/pcl_msgs/srv/__init__.py
[27.408s] -- Installing: /home/terranova/uav_ws/install/pcl_msgs/lib/python3.8/site-packages/pcl_msgs/srv/_update_filename.py
[27.408s] -- Installing: /home/terranova/uav_ws/install/pcl_msgs/lib/python3.8/site-packages/pcl_msgs/pcl_msgs_s__rosidl_typesupport_fastrtps_c.cpython-38-x86_64-linux-gnu.so
[27.409s] -- Set non-toolchain portion of runtime path of "/home/terranova/uav_ws/install/pcl_msgs/lib/python3.8/site-packages/pcl_msgs/pcl_msgs_s__rosidl_typesupport_fastrtps_c.cpython-38-x86_64-linux-gnu.so" to ""
[27.409s] -- Installing: /home/terranova/uav_ws/install/pcl_msgs/lib/python3.8/site-packages/pcl_msgs/pcl_msgs_s__rosidl_typesupport_introspection_c.cpython-38-x86_64-linux-gnu.so
[27.409s] -- Set non-toolchain portion of runtime path of "/home/terranova/uav_ws/install/pcl_msgs/lib/python3.8/site-packages/pcl_msgs/pcl_msgs_s__rosidl_typesupport_introspection_c.cpython-38-x86_64-linux-gnu.so" to ""
[27.409s] -- Installing: /home/terranova/uav_ws/install/pcl_msgs/lib/python3.8/site-packages/pcl_msgs/pcl_msgs_s__rosidl_typesupport_c.cpython-38-x86_64-linux-gnu.so
[27.410s] -- Set non-toolchain portion of runtime path of "/home/terranova/uav_ws/install/pcl_msgs/lib/python3.8/site-packages/pcl_msgs/pcl_msgs_s__rosidl_typesupport_c.cpython-38-x86_64-linux-gnu.so" to ""
[27.410s] -- Installing: /home/terranova/uav_ws/install/pcl_msgs/lib/libpcl_msgs__python.so
[27.411s] -- Set non-toolchain portion of runtime path of "/home/terranova/uav_ws/install/pcl_msgs/lib/libpcl_msgs__python.so" to ""
[27.411s] -- Installing: /home/terranova/uav_ws/install/pcl_msgs/share/pcl_msgs/msg/ModelCoefficients.idl
[27.411s] -- Installing: /home/terranova/uav_ws/install/pcl_msgs/share/pcl_msgs/msg/PointIndices.idl
[27.412s] -- Installing: /home/terranova/uav_ws/install/pcl_msgs/share/pcl_msgs/msg/PolygonMesh.idl
[27.412s] -- Installing: /home/terranova/uav_ws/install/pcl_msgs/share/pcl_msgs/msg/Vertices.idl
[27.413s] -- Installing: /home/terranova/uav_ws/install/pcl_msgs/share/pcl_msgs/srv/UpdateFilename.idl
[27.413s] -- Installing: /home/terranova/uav_ws/install/pcl_msgs/share/pcl_msgs/msg/ModelCoefficients.msg
[27.413s] -- Installing: /home/terranova/uav_ws/install/pcl_msgs/share/pcl_msgs/msg/PointIndices.msg
[27.414s] -- Installing: /home/terranova/uav_ws/install/pcl_msgs/share/pcl_msgs/msg/PolygonMesh.msg
[27.414s] -- Installing: /home/terranova/uav_ws/install/pcl_msgs/share/pcl_msgs/msg/Vertices.msg
[27.414s] -- Installing: /home/terranova/uav_ws/install/pcl_msgs/share/pcl_msgs/srv/UpdateFilename.srv
[27.414s] -- Installing: /home/terranova/uav_ws/install/pcl_msgs/share/pcl_msgs/srv/UpdateFilename_Request.msg
[27.415s] -- Installing: /home/terranova/uav_ws/install/pcl_msgs/share/pcl_msgs/srv/UpdateFilename_Response.msg
[27.415s] -- Installing: /home/terranova/uav_ws/install/pcl_msgs/share/ament_index/resource_index/package_run_dependencies/pcl_msgs
[27.416s] -- Installing: /home/terranova/uav_ws/install/pcl_msgs/share/ament_index/resource_index/parent_prefix_path/pcl_msgs
[27.417s] -- Installing: /home/terranova/uav_ws/install/pcl_msgs/share/pcl_msgs/environment/ament_prefix_path.sh
[27.417s] -- Installing: /home/terranova/uav_ws/install/pcl_msgs/share/pcl_msgs/environment/ament_prefix_path.dsv
[27.417s] -- Installing: /home/terranova/uav_ws/install/pcl_msgs/share/pcl_msgs/environment/path.sh
[27.417s] -- Installing: /home/terranova/uav_ws/install/pcl_msgs/share/pcl_msgs/environment/path.dsv
[27.418s] -- Installing: /home/terranova/uav_ws/install/pcl_msgs/share/pcl_msgs/local_setup.bash
[27.418s] -- Installing: /home/terranova/uav_ws/install/pcl_msgs/share/pcl_msgs/local_setup.sh
[27.418s] -- Installing: /home/terranova/uav_ws/install/pcl_msgs/share/pcl_msgs/local_setup.zsh
[27.418s] -- Installing: /home/terranova/uav_ws/install/pcl_msgs/share/pcl_msgs/local_setup.dsv
[27.419s] -- Installing: /home/terranova/uav_ws/install/pcl_msgs/share/pcl_msgs/package.dsv
[27.419s] -- Installing: /home/terranova/uav_ws/install/pcl_msgs/share/ament_index/resource_index/packages/pcl_msgs
[27.420s] -- Installing: /home/terranova/uav_ws/install/pcl_msgs/share/pcl_msgs/cmake/pcl_msgs__rosidl_generator_cExport.cmake
[27.421s] -- Installing: /home/terranova/uav_ws/install/pcl_msgs/share/pcl_msgs/cmake/pcl_msgs__rosidl_generator_cExport-noconfig.cmake
[27.421s] -- Installing: /home/terranova/uav_ws/install/pcl_msgs/share/pcl_msgs/cmake/pcl_msgs__rosidl_typesupport_introspection_cExport.cmake
[27.421s] -- Installing: /home/terranova/uav_ws/install/pcl_msgs/share/pcl_msgs/cmake/pcl_msgs__rosidl_typesupport_introspection_cExport-noconfig.cmake
[27.421s] -- Installing: /home/terranova/uav_ws/install/pcl_msgs/share/pcl_msgs/cmake/pcl_msgs__rosidl_typesupport_cExport.cmake
[27.422s] -- Installing: /home/terranova/uav_ws/install/pcl_msgs/share/pcl_msgs/cmake/pcl_msgs__rosidl_typesupport_cExport-noconfig.cmake
[27.423s] -- Installing: /home/terranova/uav_ws/install/pcl_msgs/share/pcl_msgs/cmake/pcl_msgs__rosidl_generator_cppExport.cmake
[27.424s] -- Installing: /home/terranova/uav_ws/install/pcl_msgs/share/pcl_msgs/cmake/pcl_msgs__rosidl_typesupport_introspection_cppExport.cmake
[27.431s] -- Installing: /home/terranova/uav_ws/install/pcl_msgs/share/pcl_msgs/cmake/pcl_msgs__rosidl_typesupport_introspection_cppExport-noconfig.cmake
[27.431s] -- Installing: /home/terranova/uav_ws/install/pcl_msgs/share/pcl_msgs/cmake/pcl_msgs__rosidl_typesupport_cppExport.cmake
[27.431s] -- Installing: /home/terranova/uav_ws/install/pcl_msgs/share/pcl_msgs/cmake/pcl_msgs__rosidl_typesupport_cppExport-noconfig.cmake
[27.431s] -- Installing: /home/terranova/uav_ws/install/pcl_msgs/share/pcl_msgs/cmake/rosidl_cmake-extras.cmake
[27.431s] -- Installing: /home/terranova/uav_ws/install/pcl_msgs/share/pcl_msgs/cmake/ament_cmake_export_dependencies-extras.cmake
[27.432s] -- Installing: /home/terranova/uav_ws/install/pcl_msgs/share/pcl_msgs/cmake/ament_cmake_export_libraries-extras.cmake
[27.432s] -- Installing: /home/terranova/uav_ws/install/pcl_msgs/share/pcl_msgs/cmake/ament_cmake_export_targets-extras.cmake
[27.432s] -- Installing: /home/terranova/uav_ws/install/pcl_msgs/share/pcl_msgs/cmake/ament_cmake_export_include_directories-extras.cmake
[27.432s] -- Installing: /home/terranova/uav_ws/install/pcl_msgs/share/pcl_msgs/cmake/rosidl_cmake_export_typesupport_libraries-extras.cmake
[27.432s] -- Installing: /home/terranova/uav_ws/install/pcl_msgs/share/pcl_msgs/cmake/rosidl_cmake_export_typesupport_targets-extras.cmake
[27.432s] -- Installing: /home/terranova/uav_ws/install/pcl_msgs/share/pcl_msgs/cmake/pcl_msgsConfig.cmake
[27.433s] -- Installing: /home/terranova/uav_ws/install/pcl_msgs/share/pcl_msgs/cmake/pcl_msgsConfig-version.cmake
[27.433s] -- Installing: /home/terranova/uav_ws/install/pcl_msgs/share/pcl_msgs/package.xml
[27.464s] Invoked command in '/home/terranova/uav_ws/build/pcl_msgs' returned '0': CMAKE_PREFIX_PATH=/opt/ros/foxy /home/terranova/.local/bin/cmake --install /home/terranova/uav_ws/build/pcl_msgs
