[3.038s] Invoking command in '/home/terranova/uav_ws/build/gazebo_plugins': AMENT_PREFIX_PATH=/home/terranova/uav_ws/install/gazebo_ros:/home/terranova/uav_ws/install/gazebo_msgs:/home/terranova/uav_ws/install/gazebo_dev:/home/terranova/uav_ws/install/cv_bridge:${AMENT_PREFIX_PATH} CMAKE_PREFIX_PATH=/home/terranova/uav_ws/install/gazebo_ros:/home/terranova/uav_ws/install/gazebo_msgs:/home/terranova/uav_ws/install/gazebo_dev:/home/terranova/uav_ws/install/cv_bridge:/opt/ros/foxy LD_LIBRARY_PATH=/home/terranova/uav_ws/install/gazebo_ros/lib:/home/terranova/uav_ws/install/gazebo_msgs/lib:/home/terranova/uav_ws/install/cv_bridge/lib:/opt/ros/foxy/opt/yaml_cpp_vendor/lib:/opt/ros/foxy/opt/rviz_ogre_vendor/lib:/opt/ros/foxy/lib/x86_64-linux-gnu:/opt/ros/foxy/lib:/usr/lib/x86_64-linux-gnu/gazebo-11/plugins:/usr/lib/x86_64-linux-gnu/gazebo-11/plugins:/usr/lib/x86_64-linux-gnu/gazebo-11/plugins PYTHONPATH=/home/terranova/uav_ws/install/gazebo_ros/lib/python3.8/site-packages:/home/terranova/uav_ws/install/gazebo_msgs/lib/python3.8/site-packages:/home/terranova/uav_ws/install/cv_bridge/lib/python3.8/site-packages:/opt/ros/foxy/lib/python3.8/site-packages:/home/terranova/.local/bin /home/terranova/.local/bin/cmake --build /home/terranova/uav_ws/build/gazebo_plugins -- -j4 -l4
[4.447s] [  2%] Built target gazebo_ros_joint_state_publisher
[5.022s] [  4%] Built target gazebo_ros_template
[5.695s] [  7%] Built target multi_camera_plugin
[6.251s] [  9%] Built target gazebo_ros_imu_sensor
[6.780s] [ 11%] Built target gazebo_ros_gps_sensor
[7.384s] [ 14%] Built target gazebo_ros_ray_sensor
[8.001s] [ 16%] Built target gazebo_ros_p3d
[8.479s] [ 19%] Built target gazebo_ros_tricycle_drive
[9.311s] [ 21%] Built target gazebo_ros_video
[11.524s] [ 23%] Built target gazebo_ros_ft_sensor
[11.879s] [ 26%] Built target gazebo_ros_bumper
[12.170s] [ 28%] Built target gazebo_ros_harness
[13.644s] [ 30%] Built target gazebo_ros_hand_of_god
[14.354s] [ 33%] Built target gazebo_ros_ackermann_drive
[15.071s] [ 35%] Built target gazebo_ros_elevator
[15.762s] [ 38%] Built target gazebo_ros_vacuum_gripper
[16.899s] [ 40%] Built target gazebo_ros_joint_pose_trajectory
[17.390s] [ 42%] Built target gazebo_ros_planar_move
[17.825s] [ 45%] Built target gazebo_ros_projector
[18.362s] [ 47%] Built target gazebo_ros_wheel_slip
[18.550s] [ 50%] Built target gtest_main
[18.804s] [ 52%] Built target gtest
[19.468s] [ 54%] Built target gazebo_ros_camera
[20.321s] [ 57%] Built target test_gazebo_ros_ackermann_drive
[21.600s] [ 59%] Built target test_gazebo_ros_bumper
[22.327s] [ 61%] Built target test_gazebo_ros_diff_drive
[23.936s] [ 64%] Built target test_gazebo_ros_elevator
[24.945s] [ 66%] Built target test_gazebo_ros_force
[25.908s] [ 69%] Built target test_gazebo_ros_ft_sensor
[26.947s] [ 71%] Built target test_gazebo_ros_hand_of_god
[27.700s] [ 73%] Built target test_gazebo_ros_harness
[28.956s] [ 76%] Built target test_gazebo_ros_imu_sensor
[29.522s] [ 78%] Built target test_gazebo_ros_gps_sensor
[30.763s] [ 80%] Built target test_gazebo_ros_joint_pose_trajectory
[31.400s] [ 83%] Built target test_gazebo_ros_joint_state_publisher
[31.724s] [ 85%] Built target test_gazebo_ros_p3d
[32.443s] [ 88%] Built target test_gazebo_ros_planar_move
[33.287s] [ 90%] Built target test_gazebo_ros_ray_sensor
[34.118s] [ 92%] Built target test_gazebo_ros_tricycle_drive
[34.503s] [ 95%] Built target test_gazebo_ros_vacuum_gripper
[34.763s] [ 97%] Built target gazebo_ros_force
[34.976s] [100%] Built target gazebo_ros_diff_drive
[35.043s] Invoked command in '/home/terranova/uav_ws/build/gazebo_plugins' returned '0': AMENT_PREFIX_PATH=/home/terranova/uav_ws/install/gazebo_ros:/home/terranova/uav_ws/install/gazebo_msgs:/home/terranova/uav_ws/install/gazebo_dev:/home/terranova/uav_ws/install/cv_bridge:${AMENT_PREFIX_PATH} CMAKE_PREFIX_PATH=/home/terranova/uav_ws/install/gazebo_ros:/home/terranova/uav_ws/install/gazebo_msgs:/home/terranova/uav_ws/install/gazebo_dev:/home/terranova/uav_ws/install/cv_bridge:/opt/ros/foxy LD_LIBRARY_PATH=/home/terranova/uav_ws/install/gazebo_ros/lib:/home/terranova/uav_ws/install/gazebo_msgs/lib:/home/terranova/uav_ws/install/cv_bridge/lib:/opt/ros/foxy/opt/yaml_cpp_vendor/lib:/opt/ros/foxy/opt/rviz_ogre_vendor/lib:/opt/ros/foxy/lib/x86_64-linux-gnu:/opt/ros/foxy/lib:/usr/lib/x86_64-linux-gnu/gazebo-11/plugins:/usr/lib/x86_64-linux-gnu/gazebo-11/plugins:/usr/lib/x86_64-linux-gnu/gazebo-11/plugins PYTHONPATH=/home/terranova/uav_ws/install/gazebo_ros/lib/python3.8/site-packages:/home/terranova/uav_ws/install/gazebo_msgs/lib/python3.8/site-packages:/home/terranova/uav_ws/install/cv_bridge/lib/python3.8/site-packages:/opt/ros/foxy/lib/python3.8/site-packages:/home/terranova/.local/bin /home/terranova/.local/bin/cmake --build /home/terranova/uav_ws/build/gazebo_plugins -- -j4 -l4
[35.987s] Invoking command in '/home/terranova/uav_ws/build/gazebo_plugins': AMENT_PREFIX_PATH=/home/terranova/uav_ws/install/gazebo_ros:/home/terranova/uav_ws/install/gazebo_msgs:/home/terranova/uav_ws/install/gazebo_dev:/home/terranova/uav_ws/install/cv_bridge:${AMENT_PREFIX_PATH} CMAKE_PREFIX_PATH=/home/terranova/uav_ws/install/gazebo_ros:/home/terranova/uav_ws/install/gazebo_msgs:/home/terranova/uav_ws/install/gazebo_dev:/home/terranova/uav_ws/install/cv_bridge:/opt/ros/foxy LD_LIBRARY_PATH=/home/terranova/uav_ws/install/gazebo_ros/lib:/home/terranova/uav_ws/install/gazebo_msgs/lib:/home/terranova/uav_ws/install/cv_bridge/lib:/opt/ros/foxy/opt/yaml_cpp_vendor/lib:/opt/ros/foxy/opt/rviz_ogre_vendor/lib:/opt/ros/foxy/lib/x86_64-linux-gnu:/opt/ros/foxy/lib:/usr/lib/x86_64-linux-gnu/gazebo-11/plugins:/usr/lib/x86_64-linux-gnu/gazebo-11/plugins:/usr/lib/x86_64-linux-gnu/gazebo-11/plugins PYTHONPATH=/home/terranova/uav_ws/install/gazebo_ros/lib/python3.8/site-packages:/home/terranova/uav_ws/install/gazebo_msgs/lib/python3.8/site-packages:/home/terranova/uav_ws/install/cv_bridge/lib/python3.8/site-packages:/opt/ros/foxy/lib/python3.8/site-packages:/home/terranova/.local/bin /home/terranova/.local/bin/cmake --install /home/terranova/uav_ws/build/gazebo_plugins
[36.238s] -- Install configuration: ""
[36.239s] -- Up-to-date: /home/terranova/uav_ws/install/gazebo_plugins/share/gazebo_plugins/environment/library_path.sh
[36.240s] -- Up-to-date: /home/terranova/uav_ws/install/gazebo_plugins/share/gazebo_plugins/environment/library_path.dsv
[36.240s] -- Up-to-date: /home/terranova/uav_ws/install/gazebo_plugins/share/gazebo_plugins/environment/gazebo_plugins.sh
[36.240s] -- Up-to-date: /home/terranova/uav_ws/install/gazebo_plugins/share/gazebo_plugins/environment/gazebo_plugins.dsv
[36.241s] -- Up-to-date: /home/terranova/uav_ws/install/gazebo_plugins/share/ament_index/resource_index/package_run_dependencies/gazebo_plugins
[36.241s] -- Up-to-date: /home/terranova/uav_ws/install/gazebo_plugins/share/ament_index/resource_index/parent_prefix_path/gazebo_plugins
[36.242s] -- Up-to-date: /home/terranova/uav_ws/install/gazebo_plugins/share/gazebo_plugins/environment/ament_prefix_path.sh
[36.246s] -- Up-to-date: /home/terranova/uav_ws/install/gazebo_plugins/share/gazebo_plugins/environment/ament_prefix_path.dsv
[36.247s] -- Up-to-date: /home/terranova/uav_ws/install/gazebo_plugins/share/gazebo_plugins/environment/path.sh
[36.247s] -- Up-to-date: /home/terranova/uav_ws/install/gazebo_plugins/share/gazebo_plugins/environment/path.dsv
[36.248s] -- Up-to-date: /home/terranova/uav_ws/install/gazebo_plugins/share/gazebo_plugins/local_setup.bash
[36.248s] -- Up-to-date: /home/terranova/uav_ws/install/gazebo_plugins/share/gazebo_plugins/local_setup.sh
[36.249s] -- Up-to-date: /home/terranova/uav_ws/install/gazebo_plugins/share/gazebo_plugins/local_setup.zsh
[36.249s] -- Up-to-date: /home/terranova/uav_ws/install/gazebo_plugins/share/gazebo_plugins/local_setup.dsv
[36.249s] -- Installing: /home/terranova/uav_ws/install/gazebo_plugins/share/gazebo_plugins/package.dsv
[36.250s] -- Up-to-date: /home/terranova/uav_ws/install/gazebo_plugins/share/ament_index/resource_index/packages/gazebo_plugins
[36.250s] -- Up-to-date: /home/terranova/uav_ws/install/gazebo_plugins/share/gazebo_plugins/cmake/ament_cmake_export_libraries-extras.cmake
[36.250s] -- Up-to-date: /home/terranova/uav_ws/install/gazebo_plugins/share/gazebo_plugins/cmake/ament_cmake_export_include_directories-extras.cmake
[36.251s] -- Up-to-date: /home/terranova/uav_ws/install/gazebo_plugins/share/gazebo_plugins/cmake/ament_cmake_export_dependencies-extras.cmake
[36.251s] -- Up-to-date: /home/terranova/uav_ws/install/gazebo_plugins/share/gazebo_plugins/cmake/gazebo_pluginsConfig.cmake
[36.251s] -- Up-to-date: /home/terranova/uav_ws/install/gazebo_plugins/share/gazebo_plugins/cmake/gazebo_pluginsConfig-version.cmake
[36.252s] -- Up-to-date: /home/terranova/uav_ws/install/gazebo_plugins/share/gazebo_plugins/package.xml
[36.252s] -- Up-to-date: /home/terranova/uav_ws/install/gazebo_plugins/include
[36.252s] -- Up-to-date: /home/terranova/uav_ws/install/gazebo_plugins/include/gazebo_plugins
[36.253s] -- Up-to-date: /home/terranova/uav_ws/install/gazebo_plugins/include/gazebo_plugins/gazebo_ros_joint_state_publisher.hpp
[36.253s] -- Up-to-date: /home/terranova/uav_ws/install/gazebo_plugins/include/gazebo_plugins/gazebo_ros_template.hpp
[36.253s] -- Up-to-date: /home/terranova/uav_ws/install/gazebo_plugins/include/gazebo_plugins/gazebo_ros_force.hpp
[36.254s] -- Up-to-date: /home/terranova/uav_ws/install/gazebo_plugins/include/gazebo_plugins/gazebo_ros_ft_sensor.hpp
[36.254s] -- Up-to-date: /home/terranova/uav_ws/install/gazebo_plugins/include/gazebo_plugins/gazebo_ros_tricycle_drive.hpp
[36.268s] -- Up-to-date: /home/terranova/uav_ws/install/gazebo_plugins/include/gazebo_plugins/multi_camera_plugin.hpp
[36.268s] -- Up-to-date: /home/terranova/uav_ws/install/gazebo_plugins/include/gazebo_plugins/gazebo_ros_diff_drive.hpp
[36.269s] -- Up-to-date: /home/terranova/uav_ws/install/gazebo_plugins/include/gazebo_plugins/gazebo_ros_p3d.hpp
[36.269s] -- Up-to-date: /home/terranova/uav_ws/install/gazebo_plugins/include/gazebo_plugins/gazebo_ros_joint_pose_trajectory.hpp
[36.270s] -- Up-to-date: /home/terranova/uav_ws/install/gazebo_plugins/include/gazebo_plugins/gazebo_ros_ray_sensor.hpp
[36.270s] -- Up-to-date: /home/terranova/uav_ws/install/gazebo_plugins/include/gazebo_plugins/gazebo_ros_imu_sensor.hpp
[36.270s] -- Up-to-date: /home/terranova/uav_ws/install/gazebo_plugins/include/gazebo_plugins/gazebo_ros_camera.hpp
[36.271s] -- Up-to-date: /home/terranova/uav_ws/install/gazebo_plugins/include/gazebo_plugins/gazebo_ros_harness.hpp
[36.271s] -- Up-to-date: /home/terranova/uav_ws/install/gazebo_plugins/include/gazebo_plugins/gazebo_ros_bumper.hpp
[36.271s] -- Up-to-date: /home/terranova/uav_ws/install/gazebo_plugins/include/gazebo_plugins/gazebo_ros_ackermann_drive.hpp
[36.272s] -- Up-to-date: /home/terranova/uav_ws/install/gazebo_plugins/include/gazebo_plugins/gazebo_ros_gps_sensor.hpp
[36.272s] -- Up-to-date: /home/terranova/uav_ws/install/gazebo_plugins/include/gazebo_plugins/gazebo_ros_hand_of_god.hpp
[36.272s] -- Up-to-date: /home/terranova/uav_ws/install/gazebo_plugins/include/gazebo_plugins/gazebo_ros_video.hpp
[36.273s] -- Up-to-date: /home/terranova/uav_ws/install/gazebo_plugins/include/gazebo_plugins/gazebo_ros_planar_move.hpp
[36.273s] -- Up-to-date: /home/terranova/uav_ws/install/gazebo_plugins/include/gazebo_plugins/gazebo_ros_vacuum_gripper.hpp
[36.273s] -- Up-to-date: /home/terranova/uav_ws/install/gazebo_plugins/include/gazebo_plugins/gazebo_ros_elevator.hpp
[36.274s] -- Up-to-date: /home/terranova/uav_ws/install/gazebo_plugins/include/gazebo_plugins/gazebo_ros_projector.hpp
[36.274s] -- Up-to-date: /home/terranova/uav_ws/install/gazebo_plugins/include/gazebo_plugins/gazebo_ros_wheel_slip.hpp
[36.275s] -- Up-to-date: /home/terranova/uav_ws/install/gazebo_plugins/lib/libgazebo_ros_ackermann_drive.so
[36.276s] -- Up-to-date: /home/terranova/uav_ws/install/gazebo_plugins/lib/libgazebo_ros_bumper.so
[36.276s] -- Up-to-date: /home/terranova/uav_ws/install/gazebo_plugins/lib/libgazebo_ros_camera.so
[36.276s] -- Up-to-date: /home/terranova/uav_ws/install/gazebo_plugins/lib/libgazebo_ros_diff_drive.so
[36.277s] -- Up-to-date: /home/terranova/uav_ws/install/gazebo_plugins/lib/libgazebo_ros_elevator.so
[36.286s] -- Up-to-date: /home/terranova/uav_ws/install/gazebo_plugins/lib/libgazebo_ros_force.so
[36.287s] -- Up-to-date: /home/terranova/uav_ws/install/gazebo_plugins/lib/libgazebo_ros_ft_sensor.so
[36.287s] -- Up-to-date: /home/terranova/uav_ws/install/gazebo_plugins/lib/libgazebo_ros_hand_of_god.so
[36.287s] -- Up-to-date: /home/terranova/uav_ws/install/gazebo_plugins/lib/libgazebo_ros_harness.so
[36.287s] -- Up-to-date: /home/terranova/uav_ws/install/gazebo_plugins/lib/libgazebo_ros_imu_sensor.so
[36.288s] -- Up-to-date: /home/terranova/uav_ws/install/gazebo_plugins/lib/libgazebo_ros_gps_sensor.so
[36.288s] -- Up-to-date: /home/terranova/uav_ws/install/gazebo_plugins/lib/libgazebo_ros_joint_pose_trajectory.so
[36.289s] -- Up-to-date: /home/terranova/uav_ws/install/gazebo_plugins/lib/libgazebo_ros_joint_state_publisher.so
[36.289s] -- Up-to-date: /home/terranova/uav_ws/install/gazebo_plugins/lib/libgazebo_ros_planar_move.so
[36.289s] -- Up-to-date: /home/terranova/uav_ws/install/gazebo_plugins/lib/libgazebo_ros_projector.so
[36.290s] -- Up-to-date: /home/terranova/uav_ws/install/gazebo_plugins/lib/libgazebo_ros_ray_sensor.so
[36.290s] -- Up-to-date: /home/terranova/uav_ws/install/gazebo_plugins/lib/libgazebo_ros_p3d.so
[36.291s] -- Up-to-date: /home/terranova/uav_ws/install/gazebo_plugins/lib/libgazebo_ros_template.so
[36.292s] -- Up-to-date: /home/terranova/uav_ws/install/gazebo_plugins/lib/libgazebo_ros_tricycle_drive.so
[36.295s] -- Up-to-date: /home/terranova/uav_ws/install/gazebo_plugins/lib/libgazebo_ros_vacuum_gripper.so
[36.303s] -- Up-to-date: /home/terranova/uav_ws/install/gazebo_plugins/lib/libgazebo_ros_video.so
[36.304s] -- Up-to-date: /home/terranova/uav_ws/install/gazebo_plugins/lib/libmulti_camera_plugin.so
[36.305s] -- Up-to-date: /home/terranova/uav_ws/install/gazebo_plugins/lib/libgazebo_ros_wheel_slip.so
[36.305s] -- Up-to-date: /home/terranova/uav_ws/install/gazebo_plugins/share/gazebo_plugins//worlds
[36.311s] -- Up-to-date: /home/terranova/uav_ws/install/gazebo_plugins/share/gazebo_plugins//worlds/gazebo_ros_ackermann_drive_demo.world
[36.311s] -- Up-to-date: /home/terranova/uav_ws/install/gazebo_plugins/share/gazebo_plugins//worlds/gazebo_ros_camera_distortion_pincushion_demo.world
[36.312s] -- Up-to-date: /home/terranova/uav_ws/install/gazebo_plugins/share/gazebo_plugins//worlds/gazebo_ros_camera_demo.world
[36.312s] -- Up-to-date: /home/terranova/uav_ws/install/gazebo_plugins/share/gazebo_plugins//worlds/gazebo_ros_bumper_demo.world
[36.312s] -- Up-to-date: /home/terranova/uav_ws/install/gazebo_plugins/share/gazebo_plugins//worlds/gazebo_ros_video_demo.world
[36.313s] -- Up-to-date: /home/terranova/uav_ws/install/gazebo_plugins/share/gazebo_plugins//worlds/gazebo_ros_projector_demo.world
[36.313s] -- Up-to-date: /home/terranova/uav_ws/install/gazebo_plugins/share/gazebo_plugins//worlds/gazebo_ros_multi_camera_demo.world
[36.314s] -- Up-to-date: /home/terranova/uav_ws/install/gazebo_plugins/share/gazebo_plugins//worlds/gazebo_ros_diff_drive_demo.world
[36.314s] -- Up-to-date: /home/terranova/uav_ws/install/gazebo_plugins/share/gazebo_plugins//worlds/gazebo_ros_gps_sensor_demo.world
[36.314s] -- Up-to-date: /home/terranova/uav_ws/install/gazebo_plugins/share/gazebo_plugins//worlds/gazebo_ros_tricycle_drive_demo.world
[36.315s] -- Up-to-date: /home/terranova/uav_ws/install/gazebo_plugins/share/gazebo_plugins//worlds/gazebo_ros_skid_steer_drive_demo.world
[36.315s] -- Up-to-date: /home/terranova/uav_ws/install/gazebo_plugins/share/gazebo_plugins//worlds/gazebo_ros_ft_sensor_demo.world
[36.315s] -- Up-to-date: /home/terranova/uav_ws/install/gazebo_plugins/share/gazebo_plugins//worlds/gazebo_ros_planar_move_demo.world
[36.316s] -- Up-to-date: /home/terranova/uav_ws/install/gazebo_plugins/share/gazebo_plugins//worlds/gazebo_ros_camera_distortion_barrel_demo.world
[36.316s] -- Up-to-date: /home/terranova/uav_ws/install/gazebo_plugins/share/gazebo_plugins//worlds/gazebo_ros_depth_camera_demo.world
[36.316s] -- Up-to-date: /home/terranova/uav_ws/install/gazebo_plugins/share/gazebo_plugins//worlds/gazebo_ros_elevator_demo.world
[36.317s] -- Up-to-date: /home/terranova/uav_ws/install/gazebo_plugins/share/gazebo_plugins//worlds/gazebo_ros_joint_pose_trajectory_demo.world
[36.317s] -- Up-to-date: /home/terranova/uav_ws/install/gazebo_plugins/share/gazebo_plugins//worlds/gazebo_ros_vacuum_gripper_demo.world
[36.318s] -- Up-to-date: /home/terranova/uav_ws/install/gazebo_plugins/share/gazebo_plugins//worlds/gazebo_ros_hand_of_god_demo.world
[36.318s] -- Up-to-date: /home/terranova/uav_ws/install/gazebo_plugins/share/gazebo_plugins//worlds/gazebo_ros_harness_demo.world
[36.318s] -- Up-to-date: /home/terranova/uav_ws/install/gazebo_plugins/share/gazebo_plugins//worlds/gazebo_ros_multicamera_demo.world
[36.330s] -- Up-to-date: /home/terranova/uav_ws/install/gazebo_plugins/share/gazebo_plugins//worlds/gazebo_ros_p3d_demo.world
[36.330s] -- Up-to-date: /home/terranova/uav_ws/install/gazebo_plugins/share/gazebo_plugins//worlds/gazebo_ros_force_demo.world
[36.330s] -- Up-to-date: /home/terranova/uav_ws/install/gazebo_plugins/share/gazebo_plugins//worlds/gazebo_ros_camera_triggered_demo.world
[36.331s] -- Up-to-date: /home/terranova/uav_ws/install/gazebo_plugins/share/gazebo_plugins//worlds/gazebo_ros_template_demo.world
[36.331s] -- Up-to-date: /home/terranova/uav_ws/install/gazebo_plugins/share/gazebo_plugins//worlds/gazebo_ros_wheel_slip_demo.world
[36.331s] -- Up-to-date: /home/terranova/uav_ws/install/gazebo_plugins/share/gazebo_plugins//worlds/gazebo_ros_ray_sensor_demo.world
[36.332s] -- Up-to-date: /home/terranova/uav_ws/install/gazebo_plugins/share/gazebo_plugins//worlds/gazebo_ros_joint_state_publisher_demo.world
[36.374s] Invoked command in '/home/terranova/uav_ws/build/gazebo_plugins' returned '0': AMENT_PREFIX_PATH=/home/terranova/uav_ws/install/gazebo_ros:/home/terranova/uav_ws/install/gazebo_msgs:/home/terranova/uav_ws/install/gazebo_dev:/home/terranova/uav_ws/install/cv_bridge:${AMENT_PREFIX_PATH} CMAKE_PREFIX_PATH=/home/terranova/uav_ws/install/gazebo_ros:/home/terranova/uav_ws/install/gazebo_msgs:/home/terranova/uav_ws/install/gazebo_dev:/home/terranova/uav_ws/install/cv_bridge:/opt/ros/foxy LD_LIBRARY_PATH=/home/terranova/uav_ws/install/gazebo_ros/lib:/home/terranova/uav_ws/install/gazebo_msgs/lib:/home/terranova/uav_ws/install/cv_bridge/lib:/opt/ros/foxy/opt/yaml_cpp_vendor/lib:/opt/ros/foxy/opt/rviz_ogre_vendor/lib:/opt/ros/foxy/lib/x86_64-linux-gnu:/opt/ros/foxy/lib:/usr/lib/x86_64-linux-gnu/gazebo-11/plugins:/usr/lib/x86_64-linux-gnu/gazebo-11/plugins:/usr/lib/x86_64-linux-gnu/gazebo-11/plugins PYTHONPATH=/home/terranova/uav_ws/install/gazebo_ros/lib/python3.8/site-packages:/home/terranova/uav_ws/install/gazebo_msgs/lib/python3.8/site-packages:/home/terranova/uav_ws/install/cv_bridge/lib/python3.8/site-packages:/opt/ros/foxy/lib/python3.8/site-packages:/home/terranova/.local/bin /home/terranova/.local/bin/cmake --install /home/terranova/uav_ws/build/gazebo_plugins
