[0.146s] Invoking command in '/home/terranova/uav_ws/build/vision_opencv': AMENT_PREFIX_PATH=/home/terranova/uav_ws/install/image_geometry:/home/terranova/uav_ws/install/cv_bridge:${AMENT_PREFIX_PATH} CMAKE_PREFIX_PATH=/home/terranova/uav_ws/install/image_geometry:/home/terranova/uav_ws/install/cv_bridge:/opt/ros/foxy LD_LIBRARY_PATH=/home/terranova/uav_ws/install/image_geometry/lib:/home/terranova/uav_ws/install/cv_bridge/lib:/opt/ros/foxy/opt/yaml_cpp_vendor/lib:/opt/ros/foxy/opt/rviz_ogre_vendor/lib:/opt/ros/foxy/lib/x86_64-linux-gnu:/opt/ros/foxy/lib:/usr/lib/x86_64-linux-gnu/gazebo-11/plugins:/usr/lib/x86_64-linux-gnu/gazebo-11/plugins:/usr/lib/x86_64-linux-gnu/gazebo-11/plugins PYTHONPATH=/home/terranova/uav_ws/install/image_geometry/lib/python3.8/site-packages:/home/terranova/uav_ws/install/cv_bridge/lib/python3.8/site-packages:/opt/ros/foxy/lib/python3.8/site-packages:/home/terranova/.local/bin /home/terranova/.local/bin/cmake /home/terranova/uav_ws/src/vision_opencv/vision_opencv -DCMAKE_INSTALL_PREFIX=/home/terranova/uav_ws/install/vision_opencv
[0.575s] -- The C compiler identification is GNU 9.4.0
[0.979s] -- The CXX compiler identification is GNU 9.4.0
[1.821s] -- Detecting C compiler ABI info
[2.052s] -- Detecting C compiler ABI info - done
[2.109s] -- Check for working C compiler: /usr/lib/ccache/cc - skipped
[2.111s] -- Detecting C compile features
[2.114s] -- Detecting C compile features - done
[2.149s] -- Detecting CXX compiler ABI info
[2.490s] -- Detecting CXX compiler ABI info - done
[2.542s] -- Check for working CXX compiler: /usr/lib/ccache/c++ - skipped
[2.544s] -- Detecting CXX compile features
[2.545s] -- Detecting CXX compile features - done
[2.555s] -- Found ament_cmake: 0.9.12 (/opt/ros/foxy/share/ament_cmake/cmake)
[2.567s] [33mCMake Warning (dev) at /opt/ros/foxy/share/ament_cmake_core/cmake/core/python.cmake:22 (find_package):
[2.567s]   Policy CMP0148 is not set: The FindPythonInterp and FindPythonLibs modules
[2.567s]   are removed.  Run "cmake --help-policy CMP0148" for policy details.  Use
[2.568s]   the cmake_policy command to set the policy and suppress this warning.
[2.568s] 
[2.568s] Call Stack (most recent call first):
[2.568s]   /opt/ros/foxy/share/ament_cmake_core/cmake/core/all.cmake:53 (include)
[2.568s]   /opt/ros/foxy/share/ament_cmake_core/cmake/ament_cmake_core-extras.cmake:17 (include)
[2.568s]   /opt/ros/foxy/share/ament_cmake_core/cmake/ament_cmake_coreConfig.cmake:41 (include)
[2.569s]   /opt/ros/foxy/share/ament_cmake/cmake/ament_cmake_export_dependencies-extras.cmake:15 (find_package)
[2.569s]   /opt/ros/foxy/share/ament_cmake/cmake/ament_cmakeConfig.cmake:41 (include)
[2.569s]   CMakeLists.txt:5 (find_package)
[2.569s] This warning is for project developers.  Use -Wno-dev to suppress it.
[2.569s] [0m
[2.637s] -- Found PythonInterp: /usr/bin/python3 (found suitable version "3.8.10", minimum required is "3") 
[2.638s] -- Using PYTHON_EXECUTABLE: /usr/bin/python3
[3.695s] -- Configuring done (3.4s)
[3.726s] -- Generating done (0.0s)
[3.733s] -- Build files have been written to: /home/terranova/uav_ws/build/vision_opencv
[3.756s] Invoked command in '/home/terranova/uav_ws/build/vision_opencv' returned '0': AMENT_PREFIX_PATH=/home/terranova/uav_ws/install/image_geometry:/home/terranova/uav_ws/install/cv_bridge:${AMENT_PREFIX_PATH} CMAKE_PREFIX_PATH=/home/terranova/uav_ws/install/image_geometry:/home/terranova/uav_ws/install/cv_bridge:/opt/ros/foxy LD_LIBRARY_PATH=/home/terranova/uav_ws/install/image_geometry/lib:/home/terranova/uav_ws/install/cv_bridge/lib:/opt/ros/foxy/opt/yaml_cpp_vendor/lib:/opt/ros/foxy/opt/rviz_ogre_vendor/lib:/opt/ros/foxy/lib/x86_64-linux-gnu:/opt/ros/foxy/lib:/usr/lib/x86_64-linux-gnu/gazebo-11/plugins:/usr/lib/x86_64-linux-gnu/gazebo-11/plugins:/usr/lib/x86_64-linux-gnu/gazebo-11/plugins PYTHONPATH=/home/terranova/uav_ws/install/image_geometry/lib/python3.8/site-packages:/home/terranova/uav_ws/install/cv_bridge/lib/python3.8/site-packages:/opt/ros/foxy/lib/python3.8/site-packages:/home/terranova/.local/bin /home/terranova/.local/bin/cmake /home/terranova/uav_ws/src/vision_opencv/vision_opencv -DCMAKE_INSTALL_PREFIX=/home/terranova/uav_ws/install/vision_opencv
[3.758s] Invoking command in '/home/terranova/uav_ws/build/vision_opencv': AMENT_PREFIX_PATH=/home/terranova/uav_ws/install/image_geometry:/home/terranova/uav_ws/install/cv_bridge:${AMENT_PREFIX_PATH} CMAKE_PREFIX_PATH=/home/terranova/uav_ws/install/image_geometry:/home/terranova/uav_ws/install/cv_bridge:/opt/ros/foxy LD_LIBRARY_PATH=/home/terranova/uav_ws/install/image_geometry/lib:/home/terranova/uav_ws/install/cv_bridge/lib:/opt/ros/foxy/opt/yaml_cpp_vendor/lib:/opt/ros/foxy/opt/rviz_ogre_vendor/lib:/opt/ros/foxy/lib/x86_64-linux-gnu:/opt/ros/foxy/lib:/usr/lib/x86_64-linux-gnu/gazebo-11/plugins:/usr/lib/x86_64-linux-gnu/gazebo-11/plugins:/usr/lib/x86_64-linux-gnu/gazebo-11/plugins PYTHONPATH=/home/terranova/uav_ws/install/image_geometry/lib/python3.8/site-packages:/home/terranova/uav_ws/install/cv_bridge/lib/python3.8/site-packages:/opt/ros/foxy/lib/python3.8/site-packages:/home/terranova/.local/bin /home/terranova/.local/bin/cmake --build /home/terranova/uav_ws/build/vision_opencv -- -j4 -l4
[3.875s] Invoked command in '/home/terranova/uav_ws/build/vision_opencv' returned '0': AMENT_PREFIX_PATH=/home/terranova/uav_ws/install/image_geometry:/home/terranova/uav_ws/install/cv_bridge:${AMENT_PREFIX_PATH} CMAKE_PREFIX_PATH=/home/terranova/uav_ws/install/image_geometry:/home/terranova/uav_ws/install/cv_bridge:/opt/ros/foxy LD_LIBRARY_PATH=/home/terranova/uav_ws/install/image_geometry/lib:/home/terranova/uav_ws/install/cv_bridge/lib:/opt/ros/foxy/opt/yaml_cpp_vendor/lib:/opt/ros/foxy/opt/rviz_ogre_vendor/lib:/opt/ros/foxy/lib/x86_64-linux-gnu:/opt/ros/foxy/lib:/usr/lib/x86_64-linux-gnu/gazebo-11/plugins:/usr/lib/x86_64-linux-gnu/gazebo-11/plugins:/usr/lib/x86_64-linux-gnu/gazebo-11/plugins PYTHONPATH=/home/terranova/uav_ws/install/image_geometry/lib/python3.8/site-packages:/home/terranova/uav_ws/install/cv_bridge/lib/python3.8/site-packages:/opt/ros/foxy/lib/python3.8/site-packages:/home/terranova/.local/bin /home/terranova/.local/bin/cmake --build /home/terranova/uav_ws/build/vision_opencv -- -j4 -l4
[3.984s] Invoking command in '/home/terranova/uav_ws/build/vision_opencv': AMENT_PREFIX_PATH=/home/terranova/uav_ws/install/image_geometry:/home/terranova/uav_ws/install/cv_bridge:${AMENT_PREFIX_PATH} CMAKE_PREFIX_PATH=/home/terranova/uav_ws/install/image_geometry:/home/terranova/uav_ws/install/cv_bridge:/opt/ros/foxy LD_LIBRARY_PATH=/home/terranova/uav_ws/install/image_geometry/lib:/home/terranova/uav_ws/install/cv_bridge/lib:/opt/ros/foxy/opt/yaml_cpp_vendor/lib:/opt/ros/foxy/opt/rviz_ogre_vendor/lib:/opt/ros/foxy/lib/x86_64-linux-gnu:/opt/ros/foxy/lib:/usr/lib/x86_64-linux-gnu/gazebo-11/plugins:/usr/lib/x86_64-linux-gnu/gazebo-11/plugins:/usr/lib/x86_64-linux-gnu/gazebo-11/plugins PYTHONPATH=/home/terranova/uav_ws/install/image_geometry/lib/python3.8/site-packages:/home/terranova/uav_ws/install/cv_bridge/lib/python3.8/site-packages:/opt/ros/foxy/lib/python3.8/site-packages:/home/terranova/.local/bin /home/terranova/.local/bin/cmake --install /home/terranova/uav_ws/build/vision_opencv
[4.055s] -- Install configuration: ""
[4.056s] -- Installing: /home/terranova/uav_ws/install/vision_opencv/share/ament_index/resource_index/package_run_dependencies/vision_opencv
[4.057s] -- Installing: /home/terranova/uav_ws/install/vision_opencv/share/ament_index/resource_index/parent_prefix_path/vision_opencv
[4.058s] -- Installing: /home/terranova/uav_ws/install/vision_opencv/share/vision_opencv/environment/ament_prefix_path.sh
[4.059s] -- Installing: /home/terranova/uav_ws/install/vision_opencv/share/vision_opencv/environment/ament_prefix_path.dsv
[4.060s] -- Installing: /home/terranova/uav_ws/install/vision_opencv/share/vision_opencv/environment/path.sh
[4.061s] -- Installing: /home/terranova/uav_ws/install/vision_opencv/share/vision_opencv/environment/path.dsv
[4.062s] -- Installing: /home/terranova/uav_ws/install/vision_opencv/share/vision_opencv/local_setup.bash
[4.063s] -- Installing: /home/terranova/uav_ws/install/vision_opencv/share/vision_opencv/local_setup.sh
[4.064s] -- Installing: /home/terranova/uav_ws/install/vision_opencv/share/vision_opencv/local_setup.zsh
[4.065s] -- Installing: /home/terranova/uav_ws/install/vision_opencv/share/vision_opencv/local_setup.dsv
[4.066s] -- Installing: /home/terranova/uav_ws/install/vision_opencv/share/vision_opencv/package.dsv
[4.067s] -- Installing: /home/terranova/uav_ws/install/vision_opencv/share/ament_index/resource_index/packages/vision_opencv
[4.068s] -- Installing: /home/terranova/uav_ws/install/vision_opencv/share/vision_opencv/cmake/vision_opencvConfig.cmake
[4.069s] -- Installing: /home/terranova/uav_ws/install/vision_opencv/share/vision_opencv/cmake/vision_opencvConfig-version.cmake
[4.070s] -- Installing: /home/terranova/uav_ws/install/vision_opencv/share/vision_opencv/package.xml
[4.084s] Invoked command in '/home/terranova/uav_ws/build/vision_opencv' returned '0': AMENT_PREFIX_PATH=/home/terranova/uav_ws/install/image_geometry:/home/terranova/uav_ws/install/cv_bridge:${AMENT_PREFIX_PATH} CMAKE_PREFIX_PATH=/home/terranova/uav_ws/install/image_geometry:/home/terranova/uav_ws/install/cv_bridge:/opt/ros/foxy LD_LIBRARY_PATH=/home/terranova/uav_ws/install/image_geometry/lib:/home/terranova/uav_ws/install/cv_bridge/lib:/opt/ros/foxy/opt/yaml_cpp_vendor/lib:/opt/ros/foxy/opt/rviz_ogre_vendor/lib:/opt/ros/foxy/lib/x86_64-linux-gnu:/opt/ros/foxy/lib:/usr/lib/x86_64-linux-gnu/gazebo-11/plugins:/usr/lib/x86_64-linux-gnu/gazebo-11/plugins:/usr/lib/x86_64-linux-gnu/gazebo-11/plugins PYTHONPATH=/home/terranova/uav_ws/install/image_geometry/lib/python3.8/site-packages:/home/terranova/uav_ws/install/cv_bridge/lib/python3.8/site-packages:/opt/ros/foxy/lib/python3.8/site-packages:/home/terranova/.local/bin /home/terranova/.local/bin/cmake --install /home/terranova/uav_ws/build/vision_opencv
