[0.050s] Invoking command in '/home/terranova/uav_ws/build/uav_gazebo': CMAKE_PREFIX_PATH=/home/terranova/uav_ws/install/gazebo_ros_pkgs:/home/terranova/uav_ws/install/gazebo_plugins:/home/terranova/uav_ws/install/gazebo_ros:/home/terranova/uav_ws/install/gazebo_msgs:/home/terranova/uav_ws/install/gazebo_dev:/home/terranova/uav_ws/install/cv_bridge:/home/terranova/uav_ws/install/vision_opencv:/home/terranova/uav_ws/install/velodyne_gazebo_plugin:/home/terranova/uav_ws/install/uav_gazebo:/home/terranova/uav_ws/install/turtlebot3:/home/terranova/uav_ws/install/turtlebot3_simulations:/home/terranova/uav_ws/install/turtlebot3_bringup:/home/terranova/uav_ws/install/turtlebot3_node:/home/terranova/uav_ws/install/turtlebot3_navigation2:/home/terranova/uav_ws/install/turtlebot3_fake_node:/home/terranova/uav_ws/install/turtlebot3_msgs:/home/terranova/uav_ws/install/turtlebot3_gazebo:/home/terranova/uav_ws/install/turtlebot3_description:/home/terranova/uav_ws/install/turtlebot3_cartographer:/home/terranova/uav_ws/install/turtlebot3_teleop:/home/terranova/uav_ws/install/turtlebot3_example:/home/terranova/uav_ws/install/opencv_tests:/home/terranova/uav_ws/install/joint_state_publisher_gui:/home/terranova/uav_ws/install/joint_state_publisher:/opt/ros/foxy:/home/terranova/uav_ws/install/realsense_gazebo_plugin:/home/terranova/uav_ws/install/perception_pcl:/home/terranova/uav_ws/install/pcl_ros:/home/terranova/uav_ws/install/pcl_conversions:/home/terranova/uav_ws/install/pcl_msgs:/home/terranova/uav_ws/install/image_geometry:/home/terranova/uav_ws/install/hls_lfcd_lds_driver:/home/terranova/uav_ws/install/dynamixel_sdk_examples:/home/terranova/uav_ws/install/dynamixel_sdk_custom_interfaces:/home/terranova/uav_ws/install/dynamixel_sdk:/home/terranova/uav_ws/install/absl LD_LIBRARY_PATH=/home/terranova/uav_ws/install/gazebo_plugins/lib:/home/terranova/uav_ws/install/gazebo_ros/lib:/home/terranova/uav_ws/install/gazebo_msgs/lib:/home/terranova/uav_ws/install/cv_bridge/lib:/home/terranova/uav_ws/install/velodyne_gazebo_plugin/lib:/home/terranova/uav_ws/install/turtlebot3_msgs/lib:/home/terranova/uav_ws/install/realsense_gazebo_plugin/lib:/home/terranova/uav_ws/install/pcl_ros/lib:/home/terranova/uav_ws/install/pcl_msgs/lib:/home/terranova/uav_ws/install/image_geometry/lib:/home/terranova/uav_ws/install/dynamixel_sdk_custom_interfaces/lib:/home/terranova/uav_ws/install/dynamixel_sdk/lib:/opt/ros/foxy/opt/yaml_cpp_vendor/lib:/opt/ros/foxy/opt/rviz_ogre_vendor/lib:/opt/ros/foxy/lib/x86_64-linux-gnu:/opt/ros/foxy/lib:/usr/lib/x86_64-linux-gnu/gazebo-11/plugins:/usr/lib/x86_64-linux-gnu/gazebo-11/plugins:/usr/lib/x86_64-linux-gnu/gazebo-11/plugins PYTHONPATH=/home/terranova/uav_ws/install/gazebo_ros/lib/python3.8/site-packages:/home/terranova/uav_ws/install/gazebo_msgs/lib/python3.8/site-packages:/home/terranova/uav_ws/install/cv_bridge/lib/python3.8/site-packages:/home/terranova/uav_ws/install/turtlebot3_teleop/lib/python3.8/site-packages:/home/terranova/uav_ws/install/turtlebot3_example/lib/python3.8/site-packages:/home/terranova/uav_ws/install/turtlebot3_msgs/lib/python3.8/site-packages:/home/terranova/uav_ws/install/pcl_msgs/lib/python3.8/site-packages:/home/terranova/uav_ws/install/opencv_tests/lib/python3.8/site-packages:/home/terranova/uav_ws/install/joint_state_publisher_gui/lib/python3.8/site-packages:/home/terranova/uav_ws/install/joint_state_publisher/lib/python3.8/site-packages:/home/terranova/uav_ws/install/image_geometry/lib/python3.8/site-packages:/home/terranova/uav_ws/install/dynamixel_sdk_custom_interfaces/lib/python3.8/site-packages:/opt/ros/foxy/lib/python3.8/site-packages:/home/terranova/.local/bin /home/terranova/.local/bin/cmake --build /home/terranova/uav_ws/build/uav_gazebo -- -j4 -l4
[0.132s] Invoked command in '/home/terranova/uav_ws/build/uav_gazebo' returned '0': CMAKE_PREFIX_PATH=/home/terranova/uav_ws/install/gazebo_ros_pkgs:/home/terranova/uav_ws/install/gazebo_plugins:/home/terranova/uav_ws/install/gazebo_ros:/home/terranova/uav_ws/install/gazebo_msgs:/home/terranova/uav_ws/install/gazebo_dev:/home/terranova/uav_ws/install/cv_bridge:/home/terranova/uav_ws/install/vision_opencv:/home/terranova/uav_ws/install/velodyne_gazebo_plugin:/home/terranova/uav_ws/install/uav_gazebo:/home/terranova/uav_ws/install/turtlebot3:/home/terranova/uav_ws/install/turtlebot3_simulations:/home/terranova/uav_ws/install/turtlebot3_bringup:/home/terranova/uav_ws/install/turtlebot3_node:/home/terranova/uav_ws/install/turtlebot3_navigation2:/home/terranova/uav_ws/install/turtlebot3_fake_node:/home/terranova/uav_ws/install/turtlebot3_msgs:/home/terranova/uav_ws/install/turtlebot3_gazebo:/home/terranova/uav_ws/install/turtlebot3_description:/home/terranova/uav_ws/install/turtlebot3_cartographer:/home/terranova/uav_ws/install/turtlebot3_teleop:/home/terranova/uav_ws/install/turtlebot3_example:/home/terranova/uav_ws/install/opencv_tests:/home/terranova/uav_ws/install/joint_state_publisher_gui:/home/terranova/uav_ws/install/joint_state_publisher:/opt/ros/foxy:/home/terranova/uav_ws/install/realsense_gazebo_plugin:/home/terranova/uav_ws/install/perception_pcl:/home/terranova/uav_ws/install/pcl_ros:/home/terranova/uav_ws/install/pcl_conversions:/home/terranova/uav_ws/install/pcl_msgs:/home/terranova/uav_ws/install/image_geometry:/home/terranova/uav_ws/install/hls_lfcd_lds_driver:/home/terranova/uav_ws/install/dynamixel_sdk_examples:/home/terranova/uav_ws/install/dynamixel_sdk_custom_interfaces:/home/terranova/uav_ws/install/dynamixel_sdk:/home/terranova/uav_ws/install/absl LD_LIBRARY_PATH=/home/terranova/uav_ws/install/gazebo_plugins/lib:/home/terranova/uav_ws/install/gazebo_ros/lib:/home/terranova/uav_ws/install/gazebo_msgs/lib:/home/terranova/uav_ws/install/cv_bridge/lib:/home/terranova/uav_ws/install/velodyne_gazebo_plugin/lib:/home/terranova/uav_ws/install/turtlebot3_msgs/lib:/home/terranova/uav_ws/install/realsense_gazebo_plugin/lib:/home/terranova/uav_ws/install/pcl_ros/lib:/home/terranova/uav_ws/install/pcl_msgs/lib:/home/terranova/uav_ws/install/image_geometry/lib:/home/terranova/uav_ws/install/dynamixel_sdk_custom_interfaces/lib:/home/terranova/uav_ws/install/dynamixel_sdk/lib:/opt/ros/foxy/opt/yaml_cpp_vendor/lib:/opt/ros/foxy/opt/rviz_ogre_vendor/lib:/opt/ros/foxy/lib/x86_64-linux-gnu:/opt/ros/foxy/lib:/usr/lib/x86_64-linux-gnu/gazebo-11/plugins:/usr/lib/x86_64-linux-gnu/gazebo-11/plugins:/usr/lib/x86_64-linux-gnu/gazebo-11/plugins PYTHONPATH=/home/terranova/uav_ws/install/gazebo_ros/lib/python3.8/site-packages:/home/terranova/uav_ws/install/gazebo_msgs/lib/python3.8/site-packages:/home/terranova/uav_ws/install/cv_bridge/lib/python3.8/site-packages:/home/terranova/uav_ws/install/turtlebot3_teleop/lib/python3.8/site-packages:/home/terranova/uav_ws/install/turtlebot3_example/lib/python3.8/site-packages:/home/terranova/uav_ws/install/turtlebot3_msgs/lib/python3.8/site-packages:/home/terranova/uav_ws/install/pcl_msgs/lib/python3.8/site-packages:/home/terranova/uav_ws/install/opencv_tests/lib/python3.8/site-packages:/home/terranova/uav_ws/install/joint_state_publisher_gui/lib/python3.8/site-packages:/home/terranova/uav_ws/install/joint_state_publisher/lib/python3.8/site-packages:/home/terranova/uav_ws/install/image_geometry/lib/python3.8/site-packages:/home/terranova/uav_ws/install/dynamixel_sdk_custom_interfaces/lib/python3.8/site-packages:/opt/ros/foxy/lib/python3.8/site-packages:/home/terranova/.local/bin /home/terranova/.local/bin/cmake --build /home/terranova/uav_ws/build/uav_gazebo -- -j4 -l4
[0.297s] Invoking command in '/home/terranova/uav_ws/build/uav_gazebo': CMAKE_PREFIX_PATH=/home/terranova/uav_ws/install/gazebo_ros_pkgs:/home/terranova/uav_ws/install/gazebo_plugins:/home/terranova/uav_ws/install/gazebo_ros:/home/terranova/uav_ws/install/gazebo_msgs:/home/terranova/uav_ws/install/gazebo_dev:/home/terranova/uav_ws/install/cv_bridge:/home/terranova/uav_ws/install/vision_opencv:/home/terranova/uav_ws/install/velodyne_gazebo_plugin:/home/terranova/uav_ws/install/uav_gazebo:/home/terranova/uav_ws/install/turtlebot3:/home/terranova/uav_ws/install/turtlebot3_simulations:/home/terranova/uav_ws/install/turtlebot3_bringup:/home/terranova/uav_ws/install/turtlebot3_node:/home/terranova/uav_ws/install/turtlebot3_navigation2:/home/terranova/uav_ws/install/turtlebot3_fake_node:/home/terranova/uav_ws/install/turtlebot3_msgs:/home/terranova/uav_ws/install/turtlebot3_gazebo:/home/terranova/uav_ws/install/turtlebot3_description:/home/terranova/uav_ws/install/turtlebot3_cartographer:/home/terranova/uav_ws/install/turtlebot3_teleop:/home/terranova/uav_ws/install/turtlebot3_example:/home/terranova/uav_ws/install/opencv_tests:/home/terranova/uav_ws/install/joint_state_publisher_gui:/home/terranova/uav_ws/install/joint_state_publisher:/opt/ros/foxy:/home/terranova/uav_ws/install/realsense_gazebo_plugin:/home/terranova/uav_ws/install/perception_pcl:/home/terranova/uav_ws/install/pcl_ros:/home/terranova/uav_ws/install/pcl_conversions:/home/terranova/uav_ws/install/pcl_msgs:/home/terranova/uav_ws/install/image_geometry:/home/terranova/uav_ws/install/hls_lfcd_lds_driver:/home/terranova/uav_ws/install/dynamixel_sdk_examples:/home/terranova/uav_ws/install/dynamixel_sdk_custom_interfaces:/home/terranova/uav_ws/install/dynamixel_sdk:/home/terranova/uav_ws/install/absl LD_LIBRARY_PATH=/home/terranova/uav_ws/install/gazebo_plugins/lib:/home/terranova/uav_ws/install/gazebo_ros/lib:/home/terranova/uav_ws/install/gazebo_msgs/lib:/home/terranova/uav_ws/install/cv_bridge/lib:/home/terranova/uav_ws/install/velodyne_gazebo_plugin/lib:/home/terranova/uav_ws/install/turtlebot3_msgs/lib:/home/terranova/uav_ws/install/realsense_gazebo_plugin/lib:/home/terranova/uav_ws/install/pcl_ros/lib:/home/terranova/uav_ws/install/pcl_msgs/lib:/home/terranova/uav_ws/install/image_geometry/lib:/home/terranova/uav_ws/install/dynamixel_sdk_custom_interfaces/lib:/home/terranova/uav_ws/install/dynamixel_sdk/lib:/opt/ros/foxy/opt/yaml_cpp_vendor/lib:/opt/ros/foxy/opt/rviz_ogre_vendor/lib:/opt/ros/foxy/lib/x86_64-linux-gnu:/opt/ros/foxy/lib:/usr/lib/x86_64-linux-gnu/gazebo-11/plugins:/usr/lib/x86_64-linux-gnu/gazebo-11/plugins:/usr/lib/x86_64-linux-gnu/gazebo-11/plugins PYTHONPATH=/home/terranova/uav_ws/install/gazebo_ros/lib/python3.8/site-packages:/home/terranova/uav_ws/install/gazebo_msgs/lib/python3.8/site-packages:/home/terranova/uav_ws/install/cv_bridge/lib/python3.8/site-packages:/home/terranova/uav_ws/install/turtlebot3_teleop/lib/python3.8/site-packages:/home/terranova/uav_ws/install/turtlebot3_example/lib/python3.8/site-packages:/home/terranova/uav_ws/install/turtlebot3_msgs/lib/python3.8/site-packages:/home/terranova/uav_ws/install/pcl_msgs/lib/python3.8/site-packages:/home/terranova/uav_ws/install/opencv_tests/lib/python3.8/site-packages:/home/terranova/uav_ws/install/joint_state_publisher_gui/lib/python3.8/site-packages:/home/terranova/uav_ws/install/joint_state_publisher/lib/python3.8/site-packages:/home/terranova/uav_ws/install/image_geometry/lib/python3.8/site-packages:/home/terranova/uav_ws/install/dynamixel_sdk_custom_interfaces/lib/python3.8/site-packages:/opt/ros/foxy/lib/python3.8/site-packages:/home/terranova/.local/bin /home/terranova/.local/bin/cmake --install /home/terranova/uav_ws/build/uav_gazebo
[0.341s] -- Install configuration: ""
[0.341s] -- Up-to-date: /home/terranova/uav_ws/install/uav_gazebo/share/uav_gazebo//launch
[0.342s] -- Up-to-date: /home/terranova/uav_ws/install/uav_gazebo/share/uav_gazebo//launch/spawn_atmp.launch.py
[0.342s] -- Up-to-date: /home/terranova/uav_ws/install/uav_gazebo/share/uav_gazebo//launch/cartographer.launch.py
[0.342s] -- Up-to-date: /home/terranova/uav_ws/install/uav_gazebo/share/uav_gazebo//launch/data_publish.launch.py
[0.342s] -- Up-to-date: /home/terranova/uav_ws/install/uav_gazebo/share/uav_gazebo//launch/uav_state_publisher.launch.py
[0.342s] -- Up-to-date: /home/terranova/uav_ws/install/uav_gazebo/share/uav_gazebo//launch/empty_world.launch.py
[0.342s] -- Up-to-date: /home/terranova/uav_ws/install/uav_gazebo/share/uav_gazebo//launch/rviz2.launch.py
[0.342s] -- Up-to-date: /home/terranova/uav_ws/install/uav_gazebo/share/uav_gazebo//launch/spawn_uav.launch.py
[0.342s] -- Up-to-date: /home/terranova/uav_ws/install/uav_gazebo/share/uav_gazebo//launch/joint_state_publisher.launch.py
[0.343s] -- Up-to-date: /home/terranova/uav_ws/install/uav_gazebo/share/uav_gazebo//launch/uav_world.launch.py
[0.344s] -- Up-to-date: /home/terranova/uav_ws/install/uav_gazebo/share/uav_gazebo//models
[0.344s] -- Up-to-date: /home/terranova/uav_ws/install/uav_gazebo/share/uav_gazebo//models/hokuyo
[0.345s] -- Up-to-date: /home/terranova/uav_ws/install/uav_gazebo/share/uav_gazebo//models/hokuyo/meshes
[0.345s] -- Up-to-date: /home/terranova/uav_ws/install/uav_gazebo/share/uav_gazebo//models/hokuyo/meshes/hokuyo.dae
[0.345s] -- Up-to-date: /home/terranova/uav_ws/install/uav_gazebo/share/uav_gazebo//models/hokuyo/meshes/hokuyo_convex.stl
[0.346s] -- Up-to-date: /home/terranova/uav_ws/install/uav_gazebo/share/uav_gazebo//models/hokuyo/model.config
[0.346s] -- Up-to-date: /home/terranova/uav_ws/install/uav_gazebo/share/uav_gazebo//models/hokuyo/model-1_4.sdf
[0.346s] -- Up-to-date: /home/terranova/uav_ws/install/uav_gazebo/share/uav_gazebo//models/hokuyo/model-1_2.sdf
[0.347s] -- Up-to-date: /home/terranova/uav_ws/install/uav_gazebo/share/uav_gazebo//models/hokuyo/model-1_3.sdf
[0.347s] -- Up-to-date: /home/terranova/uav_ws/install/uav_gazebo/share/uav_gazebo//models/hokuyo/model.sdf
[0.347s] -- Up-to-date: /home/terranova/uav_ws/install/uav_gazebo/share/uav_gazebo//models/iris_with_standoffs
[0.349s] -- Up-to-date: /home/terranova/uav_ws/install/uav_gazebo/share/uav_gazebo//models/iris_with_standoffs/meshes
[0.349s] -- Up-to-date: /home/terranova/uav_ws/install/uav_gazebo/share/uav_gazebo//models/iris_with_standoffs/meshes/iris_prop_ccw.dae
[0.350s] -- Up-to-date: /home/terranova/uav_ws/install/uav_gazebo/share/uav_gazebo//models/iris_with_standoffs/meshes/iris_prop_cw.dae
[0.350s] -- Up-to-date: /home/terranova/uav_ws/install/uav_gazebo/share/uav_gazebo//models/iris_with_standoffs/meshes/iris.dae
[0.350s] -- Up-to-date: /home/terranova/uav_ws/install/uav_gazebo/share/uav_gazebo//models/iris_with_standoffs/model.config
[0.350s] -- Up-to-date: /home/terranova/uav_ws/install/uav_gazebo/share/uav_gazebo//models/iris_with_standoffs/model.sdf
[0.351s] -- Up-to-date: /home/terranova/uav_ws/install/uav_gazebo/share/uav_gazebo//models/iris_sensors
[0.351s] -- Up-to-date: /home/terranova/uav_ws/install/uav_gazebo/share/uav_gazebo//models/iris_sensors/meshes
[0.351s] -- Up-to-date: /home/terranova/uav_ws/install/uav_gazebo/share/uav_gazebo//models/iris_sensors/meshes/d435.dae
[0.351s] -- Up-to-date: /home/terranova/uav_ws/install/uav_gazebo/share/uav_gazebo//models/iris_sensors/meshes/landscape.dae
[0.351s] -- Up-to-date: /home/terranova/uav_ws/install/uav_gazebo/share/uav_gazebo//models/iris_sensors/meshes/iris_prop_ccw.dae
[0.351s] -- Up-to-date: /home/terranova/uav_ws/install/uav_gazebo/share/uav_gazebo//models/iris_sensors/meshes/hokuyo.dae
[0.352s] -- Up-to-date: /home/terranova/uav_ws/install/uav_gazebo/share/uav_gazebo//models/iris_sensors/meshes/iris_prop_cw.dae
[0.352s] -- Up-to-date: /home/terranova/uav_ws/install/uav_gazebo/share/uav_gazebo//models/iris_sensors/meshes/iris.dae
[0.352s] -- Up-to-date: /home/terranova/uav_ws/install/uav_gazebo/share/uav_gazebo//models/iris_sensors/meshes/hokuyo_convex.stl
[0.352s] -- Up-to-date: /home/terranova/uav_ws/install/uav_gazebo/share/uav_gazebo//models/iris_sensors/model.config
[0.352s] -- Installing: /home/terranova/uav_ws/install/uav_gazebo/share/uav_gazebo//models/iris_sensors/model.sdf
[0.352s] -- Up-to-date: /home/terranova/uav_ws/install/uav_gazebo/share/uav_gazebo//rviz
[0.352s] -- Up-to-date: /home/terranova/uav_ws/install/uav_gazebo/share/uav_gazebo//rviz/iris_config.rviz
[0.352s] -- Up-to-date: /home/terranova/uav_ws/install/uav_gazebo/share/uav_gazebo//rviz/rviz.rviz
[0.352s] -- Up-to-date: /home/terranova/uav_ws/install/uav_gazebo/share/uav_gazebo//rviz/uav_config.rviz
[0.353s] -- Up-to-date: /home/terranova/uav_ws/install/uav_gazebo/share/uav_gazebo//worlds
[0.353s] -- Up-to-date: /home/terranova/uav_ws/install/uav_gazebo/share/uav_gazebo//worlds/uav_valley.world
[0.353s] -- Up-to-date: /home/terranova/uav_ws/install/uav_gazebo/share/uav_gazebo//worlds/uav_maze.world
[0.353s] -- Up-to-date: /home/terranova/uav_ws/install/uav_gazebo/share/uav_gazebo//worlds/uav_runway.world
[0.353s] -- Up-to-date: /home/terranova/uav_ws/install/uav_gazebo/share/uav_gazebo//urdf
[0.353s] -- Up-to-date: /home/terranova/uav_ws/install/uav_gazebo/share/uav_gazebo//urdf/uav_sensors.urdf
[0.353s] -- Up-to-date: /home/terranova/uav_ws/install/uav_gazebo/share/uav_gazebo//scripts
[0.353s] -- Up-to-date: /home/terranova/uav_ws/install/uav_gazebo/share/uav_gazebo//scripts/rosbag.sh
[0.353s] -- Up-to-date: /home/terranova/uav_ws/install/uav_gazebo/share/uav_gazebo//scripts/mavros_teleop.py
[0.353s] -- Up-to-date: /home/terranova/uav_ws/install/uav_gazebo/share/uav_gazebo//scripts/imu_publisher.py
[0.354s] -- Up-to-date: /home/terranova/uav_ws/install/uav_gazebo/share/uav_gazebo//scripts/quadcopter_ui.py
[0.354s] -- Up-to-date: /home/terranova/uav_ws/install/uav_gazebo/share/uav_gazebo//scripts/uav_teleop.py
[0.354s] -- Up-to-date: /home/terranova/uav_ws/install/uav_gazebo/share/uav_gazebo//scripts/img_publisher.py
[0.354s] -- Up-to-date: /home/terranova/uav_ws/install/uav_gazebo/share/uav_gazebo//scripts/laser_scan.py
[0.354s] -- Up-to-date: /home/terranova/uav_ws/install/uav_gazebo/share/uav_gazebo//scripts/start_sitl.sh
[0.354s] -- Up-to-date: /home/terranova/uav_ws/install/uav_gazebo/share/uav_gazebo//uav_cartographer
[0.354s] -- Up-to-date: /home/terranova/uav_ws/install/uav_gazebo/share/uav_gazebo//uav_cartographer/occupancy_grid.launch.py
[0.354s] -- Up-to-date: /home/terranova/uav_ws/install/uav_gazebo/share/uav_gazebo//uav_cartographer/uav_lds_2d.lua
[0.354s] -- Up-to-date: /home/terranova/uav_ws/install/uav_gazebo/include/
[0.354s] -- Up-to-date: /home/terranova/uav_ws/install/uav_gazebo/include//uav_gazebo
[0.355s] -- Up-to-date: /home/terranova/uav_ws/install/uav_gazebo/share/ament_index/resource_index/package_run_dependencies/uav_gazebo
[0.355s] -- Up-to-date: /home/terranova/uav_ws/install/uav_gazebo/share/ament_index/resource_index/parent_prefix_path/uav_gazebo
[0.355s] -- Up-to-date: /home/terranova/uav_ws/install/uav_gazebo/share/uav_gazebo/environment/ament_prefix_path.sh
[0.355s] -- Up-to-date: /home/terranova/uav_ws/install/uav_gazebo/share/uav_gazebo/environment/ament_prefix_path.dsv
[0.355s] -- Up-to-date: /home/terranova/uav_ws/install/uav_gazebo/share/uav_gazebo/environment/path.sh
[0.355s] -- Up-to-date: /home/terranova/uav_ws/install/uav_gazebo/share/uav_gazebo/environment/path.dsv
[0.355s] -- Up-to-date: /home/terranova/uav_ws/install/uav_gazebo/share/uav_gazebo/local_setup.bash
[0.355s] -- Up-to-date: /home/terranova/uav_ws/install/uav_gazebo/share/uav_gazebo/local_setup.sh
[0.355s] -- Up-to-date: /home/terranova/uav_ws/install/uav_gazebo/share/uav_gazebo/local_setup.zsh
[0.355s] -- Up-to-date: /home/terranova/uav_ws/install/uav_gazebo/share/uav_gazebo/local_setup.dsv
[0.356s] -- Installing: /home/terranova/uav_ws/install/uav_gazebo/share/uav_gazebo/package.dsv
[0.356s] -- Up-to-date: /home/terranova/uav_ws/install/uav_gazebo/share/ament_index/resource_index/packages/uav_gazebo
[0.356s] -- Up-to-date: /home/terranova/uav_ws/install/uav_gazebo/share/uav_gazebo/cmake/ament_cmake_export_include_directories-extras.cmake
[0.356s] -- Up-to-date: /home/terranova/uav_ws/install/uav_gazebo/share/uav_gazebo/cmake/ament_cmake_export_dependencies-extras.cmake
[0.356s] -- Up-to-date: /home/terranova/uav_ws/install/uav_gazebo/share/uav_gazebo/cmake/uav_gazeboConfig.cmake
[0.356s] -- Up-to-date: /home/terranova/uav_ws/install/uav_gazebo/share/uav_gazebo/cmake/uav_gazeboConfig-version.cmake
[0.357s] -- Up-to-date: /home/terranova/uav_ws/install/uav_gazebo/share/uav_gazebo/package.xml
[0.361s] Invoked command in '/home/terranova/uav_ws/build/uav_gazebo' returned '0': CMAKE_PREFIX_PATH=/home/terranova/uav_ws/install/gazebo_ros_pkgs:/home/terranova/uav_ws/install/gazebo_plugins:/home/terranova/uav_ws/install/gazebo_ros:/home/terranova/uav_ws/install/gazebo_msgs:/home/terranova/uav_ws/install/gazebo_dev:/home/terranova/uav_ws/install/cv_bridge:/home/terranova/uav_ws/install/vision_opencv:/home/terranova/uav_ws/install/velodyne_gazebo_plugin:/home/terranova/uav_ws/install/uav_gazebo:/home/terranova/uav_ws/install/turtlebot3:/home/terranova/uav_ws/install/turtlebot3_simulations:/home/terranova/uav_ws/install/turtlebot3_bringup:/home/terranova/uav_ws/install/turtlebot3_node:/home/terranova/uav_ws/install/turtlebot3_navigation2:/home/terranova/uav_ws/install/turtlebot3_fake_node:/home/terranova/uav_ws/install/turtlebot3_msgs:/home/terranova/uav_ws/install/turtlebot3_gazebo:/home/terranova/uav_ws/install/turtlebot3_description:/home/terranova/uav_ws/install/turtlebot3_cartographer:/home/terranova/uav_ws/install/turtlebot3_teleop:/home/terranova/uav_ws/install/turtlebot3_example:/home/terranova/uav_ws/install/opencv_tests:/home/terranova/uav_ws/install/joint_state_publisher_gui:/home/terranova/uav_ws/install/joint_state_publisher:/opt/ros/foxy:/home/terranova/uav_ws/install/realsense_gazebo_plugin:/home/terranova/uav_ws/install/perception_pcl:/home/terranova/uav_ws/install/pcl_ros:/home/terranova/uav_ws/install/pcl_conversions:/home/terranova/uav_ws/install/pcl_msgs:/home/terranova/uav_ws/install/image_geometry:/home/terranova/uav_ws/install/hls_lfcd_lds_driver:/home/terranova/uav_ws/install/dynamixel_sdk_examples:/home/terranova/uav_ws/install/dynamixel_sdk_custom_interfaces:/home/terranova/uav_ws/install/dynamixel_sdk:/home/terranova/uav_ws/install/absl LD_LIBRARY_PATH=/home/terranova/uav_ws/install/gazebo_plugins/lib:/home/terranova/uav_ws/install/gazebo_ros/lib:/home/terranova/uav_ws/install/gazebo_msgs/lib:/home/terranova/uav_ws/install/cv_bridge/lib:/home/terranova/uav_ws/install/velodyne_gazebo_plugin/lib:/home/terranova/uav_ws/install/turtlebot3_msgs/lib:/home/terranova/uav_ws/install/realsense_gazebo_plugin/lib:/home/terranova/uav_ws/install/pcl_ros/lib:/home/terranova/uav_ws/install/pcl_msgs/lib:/home/terranova/uav_ws/install/image_geometry/lib:/home/terranova/uav_ws/install/dynamixel_sdk_custom_interfaces/lib:/home/terranova/uav_ws/install/dynamixel_sdk/lib:/opt/ros/foxy/opt/yaml_cpp_vendor/lib:/opt/ros/foxy/opt/rviz_ogre_vendor/lib:/opt/ros/foxy/lib/x86_64-linux-gnu:/opt/ros/foxy/lib:/usr/lib/x86_64-linux-gnu/gazebo-11/plugins:/usr/lib/x86_64-linux-gnu/gazebo-11/plugins:/usr/lib/x86_64-linux-gnu/gazebo-11/plugins PYTHONPATH=/home/terranova/uav_ws/install/gazebo_ros/lib/python3.8/site-packages:/home/terranova/uav_ws/install/gazebo_msgs/lib/python3.8/site-packages:/home/terranova/uav_ws/install/cv_bridge/lib/python3.8/site-packages:/home/terranova/uav_ws/install/turtlebot3_teleop/lib/python3.8/site-packages:/home/terranova/uav_ws/install/turtlebot3_example/lib/python3.8/site-packages:/home/terranova/uav_ws/install/turtlebot3_msgs/lib/python3.8/site-packages:/home/terranova/uav_ws/install/pcl_msgs/lib/python3.8/site-packages:/home/terranova/uav_ws/install/opencv_tests/lib/python3.8/site-packages:/home/terranova/uav_ws/install/joint_state_publisher_gui/lib/python3.8/site-packages:/home/terranova/uav_ws/install/joint_state_publisher/lib/python3.8/site-packages:/home/terranova/uav_ws/install/image_geometry/lib/python3.8/site-packages:/home/terranova/uav_ws/install/dynamixel_sdk_custom_interfaces/lib/python3.8/site-packages:/opt/ros/foxy/lib/python3.8/site-packages:/home/terranova/.local/bin /home/terranova/.local/bin/cmake --install /home/terranova/uav_ws/build/uav_gazebo
