-- The C compiler identification is GNU 9.4.0
-- The CXX compiler identification is GNU 9.4.0
-- Detecting C compiler ABI info
-- Detecting C compiler ABI info - done
-- Check for working C compiler: /usr/lib/ccache/cc - skipped
-- Detecting C compile features
-- Detecting C compile features - done
-- Detecting CXX compiler ABI info
-- Detecting CXX compiler ABI info - done
-- Check for working CXX compiler: /usr/lib/ccache/c++ - skipped
-- Detecting CXX compile features
-- Detecting CXX compile features - done
-- Found ament_cmake: 0.9.12 (/opt/ros/foxy/share/ament_cmake/cmake)
-- Found PythonInterp: /usr/bin/python3 (found suitable version "3.8.10", minimum required is "3") 
-- Using PYTHON_EXECUTABLE: /usr/bin/python3
-- Configuring done (1.6s)
-- Generating done (0.0s)
-- Build files have been written to: /home/terranova/uav_ws/build/perception_pcl
-- Install configuration: ""
-- Installing: /home/terranova/uav_ws/install/perception_pcl/share/ament_index/resource_index/package_run_dependencies/perception_pcl
-- Installing: /home/terranova/uav_ws/install/perception_pcl/share/ament_index/resource_index/parent_prefix_path/perception_pcl
-- Installing: /home/terranova/uav_ws/install/perception_pcl/share/perception_pcl/environment/ament_prefix_path.sh
-- Installing: /home/terranova/uav_ws/install/perception_pcl/share/perception_pcl/environment/ament_prefix_path.dsv
-- Installing: /home/terranova/uav_ws/install/perception_pcl/share/perception_pcl/environment/path.sh
-- Installing: /home/terranova/uav_ws/install/perception_pcl/share/perception_pcl/environment/path.dsv
-- Installing: /home/terranova/uav_ws/install/perception_pcl/share/perception_pcl/local_setup.bash
-- Installing: /home/terranova/uav_ws/install/perception_pcl/share/perception_pcl/local_setup.sh
-- Installing: /home/terranova/uav_ws/install/perception_pcl/share/perception_pcl/local_setup.zsh
-- Installing: /home/terranova/uav_ws/install/perception_pcl/share/perception_pcl/local_setup.dsv
-- Installing: /home/terranova/uav_ws/install/perception_pcl/share/perception_pcl/package.dsv
-- Installing: /home/terranova/uav_ws/install/perception_pcl/share/ament_index/resource_index/packages/perception_pcl
-- Installing: /home/terranova/uav_ws/install/perception_pcl/share/perception_pcl/cmake/perception_pclConfig.cmake
-- Installing: /home/terranova/uav_ws/install/perception_pcl/share/perception_pcl/cmake/perception_pclConfig-version.cmake
-- Installing: /home/terranova/uav_ws/install/perception_pcl/share/perception_pcl/package.xml
