-- The CXX compiler identification is GNU 9.4.0
-- Detecting CXX compiler ABI info
-- Detecting CXX compiler ABI info - done
-- Check for working CXX compiler: /usr/lib/ccache/c++ - skipped
-- Detecting CXX compile features
-- Detecting CXX compile features - done
-- Performing Test ABSL_INTERNAL_AT_LEAST_CXX17
-- Performing Test ABSL_INTERNAL_AT_LEAST_CXX17 - Failed
-- Performing Test ABSL_INTERNAL_AT_LEAST_CXX20
-- Performing Test ABSL_INTERNAL_AT_LEAST_CXX20 - Failed
-- Performing Test CMAKE_HAVE_LIBC_PTHREAD
-- Performing Test CMAKE_HAVE_LIBC_PTHREAD - Failed
-- Looking for pthread_create in pthreads
-- Looking for pthread_create in pthreads - not found
-- Looking for pthread_create in pthread
-- Looking for pthread_create in pthread - found
-- Found Threads: TRUE  
-- Configuring done (2.1s)
-- Generating done (0.9s)
-- Build files have been written to: /home/terranova/uav_ws/build/absl
[  0%] [32mBuilding CXX object absl/base/CMakeFiles/log_severity.dir/log_severity.cc.o[0m
[  1%] [32m[1mLinking CXX static library libabsl_log_severity.a[0m
[  1%] Built target log_severity
[  2%] [32mBuilding CXX object absl/time/CMakeFiles/time_zone.dir/internal/cctz/src/time_zone_fixed.cc.o[0m
[  2%] [32mBuilding CXX object absl/time/CMakeFiles/time_zone.dir/internal/cctz/src/time_zone_format.cc.o[0m
[  3%] [32mBuilding CXX object absl/time/CMakeFiles/time_zone.dir/internal/cctz/src/time_zone_if.cc.o[0m
[  3%] [32mBuilding CXX object absl/time/CMakeFiles/time_zone.dir/internal/cctz/src/time_zone_impl.cc.o[0m
[  4%] [32mBuilding CXX object absl/time/CMakeFiles/time_zone.dir/internal/cctz/src/time_zone_info.cc.o[0m
[  4%] [32mBuilding CXX object absl/time/CMakeFiles/time_zone.dir/internal/cctz/src/time_zone_libc.cc.o[0m
[  4%] [32mBuilding CXX object absl/time/CMakeFiles/time_zone.dir/internal/cctz/src/time_zone_lookup.cc.o[0m
[  5%] [32mBuilding CXX object absl/time/CMakeFiles/time_zone.dir/internal/cctz/src/time_zone_posix.cc.o[0m
[  5%] [32mBuilding CXX object absl/time/CMakeFiles/time_zone.dir/internal/cctz/src/zone_info_source.cc.o[0m
[  6%] [32m[1mLinking CXX static library libabsl_time_zone.a[0m
[  6%] Built target time_zone
[  7%] [32mBuilding CXX object absl/numeric/CMakeFiles/int128.dir/int128.cc.o[0m
[  7%] [32m[1mLinking CXX static library libabsl_int128.a[0m
[  7%] Built target int128
[  7%] [32mBuilding CXX object absl/profiling/CMakeFiles/exponential_biased.dir/internal/exponential_biased.cc.o[0m
[  7%] [32m[1mLinking CXX static library libabsl_exponential_biased.a[0m
[  7%] Built target exponential_biased
[  8%] [32mBuilding CXX object absl/time/CMakeFiles/civil_time.dir/internal/cctz/src/civil_time_detail.cc.o[0m
[  8%] [32m[1mLinking CXX static library libabsl_civil_time.a[0m
[  8%] Built target civil_time
[  9%] [32mBuilding CXX object absl/debugging/CMakeFiles/leak_check.dir/leak_check.cc.o[0m
[  9%] [32m[1mLinking CXX static library libabsl_leak_check.a[0m
[  9%] Built target leak_check
[ 10%] [32mBuilding CXX object absl/flags/CMakeFiles/flags_commandlineflag_internal.dir/internal/commandlineflag.cc.o[0m
[ 10%] [32m[1mLinking CXX static library libabsl_flags_commandlineflag_internal.a[0m
[ 10%] Built target flags_commandlineflag_internal
[ 11%] [32mBuilding CXX object absl/log/CMakeFiles/log_internal_nullguard.dir/internal/nullguard.cc.o[0m
[ 11%] [32m[1mLinking CXX static library libabsl_log_internal_nullguard.a[0m
[ 11%] Built target log_internal_nullguard
[ 12%] [32mBuilding CXX object absl/profiling/CMakeFiles/periodic_sampler.dir/internal/periodic_sampler.cc.o[0m
[ 12%] [32m[1mLinking CXX static library libabsl_periodic_sampler.a[0m
[ 12%] Built target periodic_sampler
[ 12%] [32mBuilding CXX object absl/random/CMakeFiles/random_seed_gen_exception.dir/seed_gen_exception.cc.o[0m
[ 12%] [32m[1mLinking CXX static library libabsl_random_seed_gen_exception.a[0m
[ 12%] Built target random_seed_gen_exception
[ 12%] [32mBuilding CXX object absl/random/CMakeFiles/random_internal_platform.dir/internal/randen_round_keys.cc.o[0m
[ 13%] [32m[1mLinking CXX static library libabsl_random_internal_platform.a[0m
[ 13%] Built target random_internal_platform
[ 14%] [32mBuilding CXX object absl/base/CMakeFiles/raw_logging_internal.dir/internal/raw_logging.cc.o[0m
[ 14%] [32m[1mLinking CXX static library libabsl_raw_logging_internal.a[0m
[ 14%] Built target raw_logging_internal
[ 15%] [32mBuilding CXX object absl/random/CMakeFiles/random_internal_randen_hwaes_impl.dir/internal/randen_hwaes.cc.o[0m
[ 15%] [32m[1mLinking CXX static library libabsl_random_internal_randen_hwaes_impl.a[0m
[ 15%] Built target random_internal_randen_hwaes_impl
[ 15%] [32mBuilding CXX object absl/random/CMakeFiles/random_internal_randen_slow.dir/internal/randen_slow.cc.o[0m
[ 16%] [32m[1mLinking CXX static library libabsl_random_internal_randen_slow.a[0m
[ 16%] Built target random_internal_randen_slow
[ 16%] [32mBuilding CXX object absl/types/CMakeFiles/bad_any_cast_impl.dir/bad_any_cast.cc.o[0m
[ 16%] [32m[1mLinking CXX static library libabsl_bad_any_cast_impl.a[0m
[ 16%] Built target bad_any_cast_impl
[ 16%] [32mBuilding CXX object absl/base/CMakeFiles/throw_delegate.dir/internal/throw_delegate.cc.o[0m
[ 17%] [32m[1mLinking CXX static library libabsl_throw_delegate.a[0m
[ 17%] Built target throw_delegate
[ 17%] [32mBuilding CXX object absl/base/CMakeFiles/scoped_set_env.dir/internal/scoped_set_env.cc.o[0m
[ 18%] [32m[1mLinking CXX static library libabsl_scoped_set_env.a[0m
[ 18%] Built target scoped_set_env
[ 19%] [32mBuilding CXX object absl/debugging/CMakeFiles/debugging_internal.dir/internal/address_is_readable.cc.o[0m
[ 19%] [32mBuilding CXX object absl/debugging/CMakeFiles/debugging_internal.dir/internal/elf_mem_image.cc.o[0m
[ 20%] [32mBuilding CXX object absl/debugging/CMakeFiles/debugging_internal.dir/internal/vdso_support.cc.o[0m
[ 20%] [32m[1mLinking CXX static library libabsl_debugging_internal.a[0m
[ 20%] Built target debugging_internal
[ 21%] [32mBuilding CXX object absl/types/CMakeFiles/bad_variant_access.dir/bad_variant_access.cc.o[0m
[ 21%] [32m[1mLinking CXX static library libabsl_bad_variant_access.a[0m
[ 21%] Built target bad_variant_access
[ 22%] [32mBuilding CXX object absl/types/CMakeFiles/bad_optional_access.dir/bad_optional_access.cc.o[0m
[ 22%] [32m[1mLinking CXX static library libabsl_bad_optional_access.a[0m
[ 22%] Built target bad_optional_access
[ 22%] [32mBuilding CXX object absl/strings/CMakeFiles/cordz_functions.dir/internal/cordz_functions.cc.o[0m
[ 23%] [32m[1mLinking CXX static library libabsl_cordz_functions.a[0m
[ 23%] Built target cordz_functions
[ 24%] [32mBuilding CXX object absl/random/CMakeFiles/random_internal_randen_hwaes.dir/internal/randen_detect.cc.o[0m
[ 24%] [32m[1mLinking CXX static library libabsl_random_internal_randen_hwaes.a[0m
[ 24%] Built target random_internal_randen_hwaes
[ 24%] [32mBuilding CXX object absl/debugging/CMakeFiles/stacktrace.dir/stacktrace.cc.o[0m
[ 25%] [32m[1mLinking CXX static library libabsl_stacktrace.a[0m
[ 25%] Built target stacktrace
[ 26%] [32mBuilding CXX object absl/random/CMakeFiles/random_internal_randen.dir/internal/randen.cc.o[0m
[ 26%] [32m[1mLinking CXX static library libabsl_random_internal_randen.a[0m
[ 26%] Built target random_internal_randen
[ 26%] [32mBuilding CXX object absl/base/CMakeFiles/strerror.dir/internal/strerror.cc.o[0m
[ 27%] [32m[1mLinking CXX static library libabsl_strerror.a[0m
[ 27%] Built target strerror
[ 27%] [32mBuilding CXX object absl/base/CMakeFiles/spinlock_wait.dir/internal/spinlock_wait.cc.o[0m
[ 28%] [32m[1mLinking CXX static library libabsl_spinlock_wait.a[0m
[ 28%] Built target spinlock_wait
[ 28%] [32mBuilding CXX object absl/base/CMakeFiles/base.dir/internal/cycleclock.cc.o[0m
[ 29%] [32mBuilding CXX object absl/base/CMakeFiles/base.dir/internal/thread_identity.cc.o[0m
[ 29%] [32mBuilding CXX object absl/base/CMakeFiles/base.dir/internal/unscaledcycleclock.cc.o[0m
[ 29%] [32mBuilding CXX object absl/base/CMakeFiles/base.dir/internal/sysinfo.cc.o[0m
[ 30%] [32mBuilding CXX object absl/base/CMakeFiles/base.dir/internal/spinlock.cc.o[0m
[ 31%] [32m[1mLinking CXX static library libabsl_base.a[0m
[ 31%] Built target base
[ 31%] [32mBuilding CXX object absl/base/CMakeFiles/malloc_internal.dir/internal/low_level_alloc.cc.o[0m
[ 31%] [32m[1mLinking CXX static library libabsl_malloc_internal.a[0m
[ 31%] Built target malloc_internal
[ 31%] [32mBuilding CXX object absl/strings/CMakeFiles/string_view.dir/string_view.cc.o[0m
[ 32%] [32m[1mLinking CXX static library libabsl_string_view.a[0m
[ 32%] Built target string_view
[ 32%] [32mBuilding CXX object absl/hash/CMakeFiles/city.dir/internal/city.cc.o[0m
[ 32%] [32m[1mLinking CXX static library libabsl_city.a[0m
[ 32%] Built target city
[ 32%] [32mBuilding CXX object absl/hash/CMakeFiles/low_level_hash.dir/internal/low_level_hash.cc.o[0m
[ 33%] [32m[1mLinking CXX static library libabsl_low_level_hash.a[0m
[ 33%] Built target low_level_hash
[ 34%] [32mBuilding CXX object absl/crc/CMakeFiles/crc_cpu_detect.dir/internal/cpu_detect.cc.o[0m
[ 34%] [32m[1mLinking CXX static library libabsl_crc_cpu_detect.a[0m
[ 34%] Built target crc_cpu_detect
[ 35%] [32mBuilding CXX object absl/log/CMakeFiles/log_internal_conditions.dir/internal/conditions.cc.o[0m
[ 35%] [32m[1mLinking CXX static library libabsl_log_internal_conditions.a[0m
[ 35%] Built target log_internal_conditions
[ 35%] [32mBuilding CXX object absl/synchronization/CMakeFiles/graphcycles_internal.dir/internal/graphcycles.cc.o[0m
[ 35%] [32m[1mLinking CXX static library libabsl_graphcycles_internal.a[0m
[ 35%] Built target graphcycles_internal
[ 35%] [32mBuilding CXX object absl/crc/CMakeFiles/crc_internal.dir/internal/crc.cc.o[0m
[ 36%] [32mBuilding CXX object absl/crc/CMakeFiles/crc_internal.dir/internal/crc_x86_arm_combined.cc.o[0m
[ 36%] [32m[1mLinking CXX static library libabsl_crc_internal.a[0m
[ 36%] Built target crc_internal
[ 36%] [32mBuilding CXX object absl/debugging/CMakeFiles/demangle_internal.dir/internal/demangle.cc.o[0m
[ 37%] [32m[1mLinking CXX static library libabsl_demangle_internal.a[0m
[ 37%] Built target demangle_internal
[ 37%] [32mBuilding CXX object absl/strings/CMakeFiles/strings_internal.dir/internal/ostringstream.cc.o[0m
[ 37%] [32mBuilding CXX object absl/strings/CMakeFiles/strings_internal.dir/internal/escaping.cc.o[0m
[ 38%] [32mBuilding CXX object absl/strings/CMakeFiles/strings_internal.dir/internal/utf8.cc.o[0m
[ 39%] [32m[1mLinking CXX static library libabsl_strings_internal.a[0m
[ 39%] Built target strings_internal
[ 39%] [32mBuilding CXX object absl/strings/CMakeFiles/strings.dir/ascii.cc.o[0m
[ 39%] [32mBuilding CXX object absl/strings/CMakeFiles/strings.dir/internal/charconv_bigint.cc.o[0m
[ 40%] [32mBuilding CXX object absl/strings/CMakeFiles/strings.dir/internal/charconv_parse.cc.o[0m
[ 40%] [32mBuilding CXX object absl/strings/CMakeFiles/strings.dir/internal/damerau_levenshtein_distance.cc.o[0m
[ 41%] [32mBuilding CXX object absl/strings/CMakeFiles/strings.dir/internal/memutil.cc.o[0m
[ 41%] [32mBuilding CXX object absl/strings/CMakeFiles/strings.dir/internal/stringify_sink.cc.o[0m
[ 42%] [32mBuilding CXX object absl/strings/CMakeFiles/strings.dir/match.cc.o[0m
[ 42%] [32mBuilding CXX object absl/strings/CMakeFiles/strings.dir/numbers.cc.o[0m
[ 42%] [32mBuilding CXX object absl/strings/CMakeFiles/strings.dir/str_cat.cc.o[0m
[ 43%] [32mBuilding CXX object absl/strings/CMakeFiles/strings.dir/str_replace.cc.o[0m
[ 43%] [32mBuilding CXX object absl/strings/CMakeFiles/strings.dir/str_split.cc.o[0m
[ 44%] [32mBuilding CXX object absl/strings/CMakeFiles/strings.dir/substitute.cc.o[0m
[ 44%] [32mBuilding CXX object absl/strings/CMakeFiles/strings.dir/escaping.cc.o[0m
[ 45%] [32mBuilding CXX object absl/strings/CMakeFiles/strings.dir/charconv.cc.o[0m
[ 45%] [32m[1mLinking CXX static library libabsl_strings.a[0m
[ 45%] Built target strings
[ 45%] [32mBuilding CXX object absl/debugging/CMakeFiles/symbolize.dir/symbolize.cc.o[0m
[ 46%] [32m[1mLinking CXX static library libabsl_symbolize.a[0m
[ 46%] Built target symbolize
[ 46%] [32mBuilding CXX object absl/strings/CMakeFiles/str_format_internal.dir/internal/str_format/arg.cc.o[0m
[ 47%] [32mBuilding CXX object absl/strings/CMakeFiles/str_format_internal.dir/internal/str_format/bind.cc.o[0m
[ 47%] [32mBuilding CXX object absl/strings/CMakeFiles/str_format_internal.dir/internal/str_format/extension.cc.o[0m
[ 48%] [32mBuilding CXX object absl/strings/CMakeFiles/str_format_internal.dir/internal/str_format/float_conversion.cc.o[0m
[ 48%] [32mBuilding CXX object absl/strings/CMakeFiles/str_format_internal.dir/internal/str_format/output.cc.o[0m
[ 49%] [32mBuilding CXX object absl/strings/CMakeFiles/str_format_internal.dir/internal/str_format/parser.cc.o[0m
[ 49%] [32m[1mLinking CXX static library libabsl_str_format_internal.a[0m
[ 49%] Built target str_format_internal
[ 50%] [32mBuilding CXX object absl/flags/CMakeFiles/flags_commandlineflag.dir/commandlineflag.cc.o[0m
[ 50%] [32m[1mLinking CXX static library libabsl_flags_commandlineflag.a[0m
[ 50%] Built target flags_commandlineflag
[ 51%] [32mBuilding CXX object absl/log/CMakeFiles/log_internal_proto.dir/internal/proto.cc.o[0m
[ 51%] [32m[1mLinking CXX static library libabsl_log_internal_proto.a[0m
[ 51%] Built target log_internal_proto
[ 51%] [32mBuilding CXX object absl/log/CMakeFiles/log_internal_fnmatch.dir/internal/fnmatch.cc.o[0m
[ 52%] [32m[1mLinking CXX static library libabsl_log_internal_fnmatch.a[0m
[ 52%] Built target log_internal_fnmatch
[ 53%] [32mBuilding CXX object absl/random/CMakeFiles/random_distributions.dir/discrete_distribution.cc.o[0m
[ 53%] [32mBuilding CXX object absl/random/CMakeFiles/random_distributions.dir/gaussian_distribution.cc.o[0m
[ 53%] [32m[1mLinking CXX static library libabsl_random_distributions.a[0m
[ 53%] Built target random_distributions
[ 53%] [32mBuilding CXX object absl/random/CMakeFiles/random_internal_seed_material.dir/internal/seed_material.cc.o[0m
[ 54%] [32m[1mLinking CXX static library libabsl_random_internal_seed_material.a[0m
[ 54%] Built target random_internal_seed_material
[ 55%] [32mBuilding CXX object absl/random/CMakeFiles/random_internal_distribution_test_util.dir/internal/chi_square.cc.o[0m
[ 55%] [32mBuilding CXX object absl/random/CMakeFiles/random_internal_distribution_test_util.dir/internal/distribution_test_util.cc.o[0m
[ 56%] [32m[1mLinking CXX static library libabsl_random_internal_distribution_test_util.a[0m
[ 56%] Built target random_internal_distribution_test_util
[ 57%] [32mBuilding CXX object absl/crc/CMakeFiles/crc32c.dir/crc32c.cc.o[0m
[ 57%] [32mBuilding CXX object absl/crc/CMakeFiles/crc32c.dir/internal/crc_memcpy_fallback.cc.o[0m
[ 58%] [32mBuilding CXX object absl/crc/CMakeFiles/crc32c.dir/internal/crc_memcpy_x86_arm_combined.cc.o[0m
[ 58%] [32mBuilding CXX object absl/crc/CMakeFiles/crc32c.dir/internal/crc_non_temporal_memcpy.cc.o[0m
[ 58%] [32m[1mLinking CXX static library libabsl_crc32c.a[0m
[ 58%] Built target crc32c
[ 58%] [32mBuilding CXX object absl/debugging/CMakeFiles/examine_stack.dir/internal/examine_stack.cc.o[0m
[ 59%] [32m[1mLinking CXX static library libabsl_examine_stack.a[0m
[ 59%] Built target examine_stack
[ 59%] [32mBuilding CXX object absl/flags/CMakeFiles/flags_marshalling.dir/marshalling.cc.o[0m
[ 59%] [32m[1mLinking CXX static library libabsl_flags_marshalling.a[0m
[ 59%] Built target flags_marshalling
[ 60%] [32mBuilding CXX object absl/flags/CMakeFiles/flags_private_handle_accessor.dir/internal/private_handle_accessor.cc.o[0m
[ 60%] [32m[1mLinking CXX static library libabsl_flags_private_handle_accessor.a[0m
[ 60%] Built target flags_private_handle_accessor
[ 60%] [32mBuilding CXX object absl/random/CMakeFiles/random_internal_pool_urbg.dir/internal/pool_urbg.cc.o[0m
[ 60%] [32m[1mLinking CXX static library libabsl_random_internal_pool_urbg.a[0m
[ 60%] Built target random_internal_pool_urbg
[ 61%] [32mBuilding CXX object absl/crc/CMakeFiles/crc_cord_state.dir/internal/crc_cord_state.cc.o[0m
[ 61%] [32m[1mLinking CXX static library libabsl_crc_cord_state.a[0m
[ 61%] Built target crc_cord_state
[ 62%] [32mBuilding CXX object absl/debugging/CMakeFiles/failure_signal_handler.dir/failure_signal_handler.cc.o[0m
[ 62%] [32m[1mLinking CXX static library libabsl_failure_signal_handler.a[0m
[ 62%] Built target failure_signal_handler
[ 63%] [32mBuilding CXX object absl/random/CMakeFiles/random_seed_sequences.dir/seed_sequences.cc.o[0m
[ 63%] [32m[1mLinking CXX static library libabsl_random_seed_sequences.a[0m
[ 63%] Built target random_seed_sequences
[ 63%] [32mBuilding CXX object absl/strings/CMakeFiles/cord_internal.dir/internal/cord_internal.cc.o[0m
[ 64%] [32mBuilding CXX object absl/strings/CMakeFiles/cord_internal.dir/internal/cord_rep_btree.cc.o[0m
[ 64%] [32mBuilding CXX object absl/strings/CMakeFiles/cord_internal.dir/internal/cord_rep_btree_navigator.cc.o[0m
[ 65%] [32mBuilding CXX object absl/strings/CMakeFiles/cord_internal.dir/internal/cord_rep_btree_reader.cc.o[0m
[ 65%] [32mBuilding CXX object absl/strings/CMakeFiles/cord_internal.dir/internal/cord_rep_crc.cc.o[0m
[ 65%] [32mBuilding CXX object absl/strings/CMakeFiles/cord_internal.dir/internal/cord_rep_consume.cc.o[0m
[ 66%] [32m[1mLinking CXX static library libabsl_cord_internal.a[0m
[ 66%] Built target cord_internal
[ 67%] [32mBuilding CXX object absl/hash/CMakeFiles/hash.dir/internal/hash.cc.o[0m
[ 67%] [32m[1mLinking CXX static library libabsl_hash.a[0m
[ 67%] Built target hash
[ 67%] [32mBuilding CXX object absl/time/CMakeFiles/time.dir/civil_time.cc.o[0m
[ 68%] [32mBuilding CXX object absl/time/CMakeFiles/time.dir/format.cc.o[0m
[ 68%] [32mBuilding CXX object absl/time/CMakeFiles/time.dir/time.cc.o[0m
[ 68%] [32mBuilding CXX object absl/time/CMakeFiles/time.dir/duration.cc.o[0m
[ 69%] [32mBuilding CXX object absl/time/CMakeFiles/time.dir/clock.cc.o[0m
[ 69%] [32m[1mLinking CXX static library libabsl_time.a[0m
[ 69%] Built target time
[ 70%] [32mBuilding CXX object absl/synchronization/CMakeFiles/kernel_timeout_internal.dir/internal/kernel_timeout.cc.o[0m
[ 70%] [32m[1mLinking CXX static library libabsl_kernel_timeout_internal.a[0m
[ 70%] Built target kernel_timeout_internal
[ 70%] [32mBuilding CXX object absl/log/CMakeFiles/log_entry.dir/log_entry.cc.o[0m
[ 71%] [32m[1mLinking CXX static library libabsl_log_entry.a[0m
[ 71%] Built target log_entry
[ 71%] [32mBuilding CXX object absl/synchronization/CMakeFiles/synchronization.dir/barrier.cc.o[0m
[ 71%] [32mBuilding CXX object absl/synchronization/CMakeFiles/synchronization.dir/blocking_counter.cc.o[0m
[ 72%] [32mBuilding CXX object absl/synchronization/CMakeFiles/synchronization.dir/internal/create_thread_identity.cc.o[0m
[ 72%] [32mBuilding CXX object absl/synchronization/CMakeFiles/synchronization.dir/internal/futex_waiter.cc.o[0m
[ 73%] [32mBuilding CXX object absl/synchronization/CMakeFiles/synchronization.dir/internal/per_thread_sem.cc.o[0m
[ 73%] [32mBuilding CXX object absl/synchronization/CMakeFiles/synchronization.dir/internal/pthread_waiter.cc.o[0m
[ 74%] [32mBuilding CXX object absl/synchronization/CMakeFiles/synchronization.dir/internal/sem_waiter.cc.o[0m
[ 74%] [32mBuilding CXX object absl/synchronization/CMakeFiles/synchronization.dir/internal/stdcpp_waiter.cc.o[0m
[ 74%] [32mBuilding CXX object absl/synchronization/CMakeFiles/synchronization.dir/internal/waiter_base.cc.o[0m
[ 75%] [32mBuilding CXX object absl/synchronization/CMakeFiles/synchronization.dir/internal/win32_waiter.cc.o[0m
[ 75%] [32mBuilding CXX object absl/synchronization/CMakeFiles/synchronization.dir/notification.cc.o[0m
[ 76%] [32mBuilding CXX object absl/synchronization/CMakeFiles/synchronization.dir/mutex.cc.o[0m
[ 76%] [32m[1mLinking CXX static library libabsl_synchronization.a[0m
[ 76%] Built target synchronization
[ 76%] [32mBuilding CXX object absl/log/CMakeFiles/log_sink.dir/log_sink.cc.o[0m
[ 77%] [32m[1mLinking CXX static library libabsl_log_sink.a[0m
[ 77%] Built target log_sink
[ 78%] [32mBuilding CXX object absl/flags/CMakeFiles/flags_program_name.dir/internal/program_name.cc.o[0m
[ 78%] [32m[1mLinking CXX static library libabsl_flags_program_name.a[0m
[ 78%] Built target flags_program_name
[ 78%] [32mBuilding CXX object absl/strings/CMakeFiles/cordz_handle.dir/internal/cordz_handle.cc.o[0m
[ 79%] [32m[1mLinking CXX static library libabsl_cordz_handle.a[0m
[ 79%] Built target cordz_handle
[ 79%] [32mBuilding CXX object absl/log/CMakeFiles/vlog_config_internal.dir/internal/vlog_config.cc.o[0m
[ 80%] [32m[1mLinking CXX static library libabsl_vlog_config_internal.a[0m
[ 80%] Built target vlog_config_internal
[ 80%] [32mBuilding CXX object absl/flags/CMakeFiles/flags_config.dir/usage_config.cc.o[0m
[ 81%] [32m[1mLinking CXX static library libabsl_flags_config.a[0m
[ 81%] Built target flags_config
[ 81%] [32mBuilding CXX object absl/strings/CMakeFiles/cordz_info.dir/internal/cordz_info.cc.o[0m
[ 81%] [32m[1mLinking CXX static library libabsl_cordz_info.a[0m
[ 81%] Built target cordz_info
[ 81%] [32mBuilding CXX object absl/log/CMakeFiles/log_globals.dir/globals.cc.o[0m
[ 82%] [32m[1mLinking CXX static library libabsl_log_globals.a[0m
[ 82%] Built target log_globals
[ 83%] [32mBuilding CXX object absl/strings/CMakeFiles/cord.dir/cord.cc.o[0m
[ 83%] [32mBuilding CXX object absl/strings/CMakeFiles/cord.dir/cord_analysis.cc.o[0m
[ 84%] [32mBuilding CXX object absl/strings/CMakeFiles/cord.dir/cord_buffer.cc.o[0m
[ 84%] [32m[1mLinking CXX static library libabsl_cord.a[0m
[ 84%] Built target cord
[ 84%] [32mBuilding CXX object absl/flags/CMakeFiles/flags_internal.dir/internal/flag.cc.o[0m
[ 85%] [32m[1mLinking CXX static library libabsl_flags_internal.a[0m
[ 85%] Built target flags_internal
[ 86%] [32mBuilding CXX object absl/strings/CMakeFiles/cordz_sample_token.dir/internal/cordz_sample_token.cc.o[0m
[ 86%] [32m[1mLinking CXX static library libabsl_cordz_sample_token.a[0m
[ 86%] Built target cordz_sample_token
[ 86%] [32mBuilding CXX object absl/status/CMakeFiles/status.dir/internal/status_internal.cc.o[0m
[ 86%] [32mBuilding CXX object absl/status/CMakeFiles/status.dir/status.cc.o[0m
[ 87%] [32mBuilding CXX object absl/status/CMakeFiles/status.dir/status_payload_printer.cc.o[0m
[ 87%] [32m[1mLinking CXX static library libabsl_status.a[0m
[ 87%] Built target status
[ 88%] [32mBuilding CXX object absl/container/CMakeFiles/hashtablez_sampler.dir/internal/hashtablez_sampler.cc.o[0m
[ 88%] [32mBuilding CXX object absl/container/CMakeFiles/hashtablez_sampler.dir/internal/hashtablez_sampler_force_weak_definition.cc.o[0m
[ 88%] [32m[1mLinking CXX static library libabsl_hashtablez_sampler.a[0m
[ 88%] Built target hashtablez_sampler
[ 89%] [32mBuilding CXX object absl/status/CMakeFiles/statusor.dir/statusor.cc.o[0m
[ 89%] [32m[1mLinking CXX static library libabsl_statusor.a[0m
[ 89%] Built target statusor
[ 90%] [32mBuilding CXX object absl/container/CMakeFiles/raw_hash_set.dir/internal/raw_hash_set.cc.o[0m
[ 90%] [32m[1mLinking CXX static library libabsl_raw_hash_set.a[0m
[ 90%] Built target raw_hash_set
[ 90%] [32mBuilding CXX object absl/log/CMakeFiles/log_internal_globals.dir/internal/globals.cc.o[0m
[ 91%] [32m[1mLinking CXX static library libabsl_log_internal_globals.a[0m
[ 91%] Built target log_internal_globals
[ 91%] [32mBuilding CXX object absl/flags/CMakeFiles/flags_reflection.dir/reflection.cc.o[0m
[ 92%] [32m[1mLinking CXX static library libabsl_flags_reflection.a[0m
[ 92%] Built target flags_reflection
[ 92%] [32mBuilding CXX object absl/log/CMakeFiles/log_initialize.dir/initialize.cc.o[0m
[ 92%] [32m[1mLinking CXX static library libabsl_log_initialize.a[0m
[ 92%] Built target log_initialize
[ 92%] [32mBuilding CXX object absl/flags/CMakeFiles/flags_usage_internal.dir/internal/usage.cc.o[0m
[ 93%] [32m[1mLinking CXX static library libabsl_flags_usage_internal.a[0m
[ 93%] Built target flags_usage_internal
[ 93%] [32mBuilding CXX object absl/log/CMakeFiles/log_flags.dir/flags.cc.o[0m
[ 94%] [32m[1mLinking CXX static library libabsl_log_flags.a[0m
[ 94%] Built target log_flags
[ 94%] [32mBuilding CXX object absl/flags/CMakeFiles/flags_usage.dir/usage.cc.o[0m
[ 95%] [32m[1mLinking CXX static library libabsl_flags_usage.a[0m
[ 95%] Built target flags_usage
[ 95%] [32mBuilding CXX object absl/log/CMakeFiles/log_internal_log_sink_set.dir/internal/log_sink_set.cc.o[0m
[ 95%] [32m[1mLinking CXX static library libabsl_log_internal_log_sink_set.a[0m
[ 95%] Built target log_internal_log_sink_set
[ 96%] [32mBuilding CXX object absl/flags/CMakeFiles/flags_parse.dir/parse.cc.o[0m
[ 96%] [32m[1mLinking CXX static library libabsl_flags_parse.a[0m
[ 96%] Built target flags_parse
[ 96%] [32mBuilding CXX object absl/log/CMakeFiles/log_internal_format.dir/internal/log_format.cc.o[0m
[ 97%] [32m[1mLinking CXX static library libabsl_log_internal_format.a[0m
[ 97%] Built target log_internal_format
[ 98%] [32mBuilding CXX object absl/log/CMakeFiles/log_internal_message.dir/internal/log_message.cc.o[0m
[ 98%] [32m[1mLinking CXX static library libabsl_log_internal_message.a[0m
[ 98%] Built target log_internal_message
[ 99%] [32mBuilding CXX object absl/log/CMakeFiles/log_internal_check_op.dir/internal/check_op.cc.o[0m
[ 99%] [32m[1mLinking CXX static library libabsl_log_internal_check_op.a[0m
[ 99%] Built target log_internal_check_op
[ 99%] [32mBuilding CXX object absl/log/CMakeFiles/die_if_null.dir/die_if_null.cc.o[0m
[100%] [32m[1mLinking CXX static library libabsl_die_if_null.a[0m
[100%] Built target die_if_null
-- Install configuration: ""
-- Installing: /home/terranova/uav_ws/install/absl/lib/cmake/absl/abslTargets.cmake
-- Installing: /home/terranova/uav_ws/install/absl/lib/cmake/absl/abslTargets-noconfig.cmake
-- Installing: /home/terranova/uav_ws/install/absl/lib/cmake/absl/abslConfig.cmake
-- Installing: /home/terranova/uav_ws/install/absl/include/absl
-- Installing: /home/terranova/uav_ws/install/absl/include/absl/hash
-- Installing: /home/terranova/uav_ws/install/absl/include/absl/hash/hash_testing.h
-- Installing: /home/terranova/uav_ws/install/absl/include/absl/hash/internal
-- Installing: /home/terranova/uav_ws/install/absl/include/absl/hash/internal/hash_test.h
-- Installing: /home/terranova/uav_ws/install/absl/include/absl/hash/internal/hash.h
-- Installing: /home/terranova/uav_ws/install/absl/include/absl/hash/internal/city.h
-- Installing: /home/terranova/uav_ws/install/absl/include/absl/hash/internal/spy_hash_state.h
-- Installing: /home/terranova/uav_ws/install/absl/include/absl/hash/internal/low_level_hash.h
-- Installing: /home/terranova/uav_ws/install/absl/include/absl/hash/hash.h
-- Installing: /home/terranova/uav_ws/install/absl/include/absl/strings
-- Installing: /home/terranova/uav_ws/install/absl/include/absl/strings/numbers.h
-- Installing: /home/terranova/uav_ws/install/absl/include/absl/strings/cord.h
-- Installing: /home/terranova/uav_ws/install/absl/include/absl/strings/str_split.h
-- Installing: /home/terranova/uav_ws/install/absl/include/absl/strings/escaping.h
-- Installing: /home/terranova/uav_ws/install/absl/include/absl/strings/internal
-- Installing: /home/terranova/uav_ws/install/absl/include/absl/strings/internal/escaping_test_common.h
-- Installing: /home/terranova/uav_ws/install/absl/include/absl/strings/internal/cord_internal.h
-- Installing: /home/terranova/uav_ws/install/absl/include/absl/strings/internal/cord_rep_btree_reader.h
-- Installing: /home/terranova/uav_ws/install/absl/include/absl/strings/internal/damerau_levenshtein_distance.h
-- Installing: /home/terranova/uav_ws/install/absl/include/absl/strings/internal/charconv_bigint.h
-- Installing: /home/terranova/uav_ws/install/absl/include/absl/strings/internal/numbers_test_common.h
-- Installing: /home/terranova/uav_ws/install/absl/include/absl/strings/internal/cord_rep_btree_navigator.h
-- Installing: /home/terranova/uav_ws/install/absl/include/absl/strings/internal/escaping.h
-- Installing: /home/terranova/uav_ws/install/absl/include/absl/strings/internal/string_constant.h
-- Installing: /home/terranova/uav_ws/install/absl/include/absl/strings/internal/cord_rep_consume.h
-- Installing: /home/terranova/uav_ws/install/absl/include/absl/strings/internal/stl_type_traits.h
-- Installing: /home/terranova/uav_ws/install/absl/include/absl/strings/internal/resize_uninitialized.h
-- Installing: /home/terranova/uav_ws/install/absl/include/absl/strings/internal/stringify_sink.h
-- Installing: /home/terranova/uav_ws/install/absl/include/absl/strings/internal/cord_rep_crc.h
-- Installing: /home/terranova/uav_ws/install/absl/include/absl/strings/internal/utf8.h
-- Installing: /home/terranova/uav_ws/install/absl/include/absl/strings/internal/ostringstream.h
-- Installing: /home/terranova/uav_ws/install/absl/include/absl/strings/internal/str_split_internal.h
-- Installing: /home/terranova/uav_ws/install/absl/include/absl/strings/internal/charconv_parse.h
-- Installing: /home/terranova/uav_ws/install/absl/include/absl/strings/internal/cord_rep_flat.h
-- Installing: /home/terranova/uav_ws/install/absl/include/absl/strings/internal/cord_rep_test_util.h
-- Installing: /home/terranova/uav_ws/install/absl/include/absl/strings/internal/cordz_update_tracker.h
-- Installing: /home/terranova/uav_ws/install/absl/include/absl/strings/internal/memutil.h
-- Installing: /home/terranova/uav_ws/install/absl/include/absl/strings/internal/cord_data_edge.h
-- Installing: /home/terranova/uav_ws/install/absl/include/absl/strings/internal/str_join_internal.h
-- Installing: /home/terranova/uav_ws/install/absl/include/absl/strings/internal/has_absl_stringify.h
-- Installing: /home/terranova/uav_ws/install/absl/include/absl/strings/internal/cordz_sample_token.h
-- Installing: /home/terranova/uav_ws/install/absl/include/absl/strings/internal/cordz_statistics.h
-- Installing: /home/terranova/uav_ws/install/absl/include/absl/strings/internal/str_format
-- Installing: /home/terranova/uav_ws/install/absl/include/absl/strings/internal/str_format/parser.h
-- Installing: /home/terranova/uav_ws/install/absl/include/absl/strings/internal/str_format/output.h
-- Installing: /home/terranova/uav_ws/install/absl/include/absl/strings/internal/str_format/constexpr_parser.h
-- Installing: /home/terranova/uav_ws/install/absl/include/absl/strings/internal/str_format/extension.h
-- Installing: /home/terranova/uav_ws/install/absl/include/absl/strings/internal/str_format/float_conversion.h
-- Installing: /home/terranova/uav_ws/install/absl/include/absl/strings/internal/str_format/checker.h
-- Installing: /home/terranova/uav_ws/install/absl/include/absl/strings/internal/str_format/bind.h
-- Installing: /home/terranova/uav_ws/install/absl/include/absl/strings/internal/str_format/arg.h
-- Installing: /home/terranova/uav_ws/install/absl/include/absl/strings/internal/cord_rep_btree.h
-- Installing: /home/terranova/uav_ws/install/absl/include/absl/strings/internal/cordz_handle.h
-- Installing: /home/terranova/uav_ws/install/absl/include/absl/strings/internal/cordz_functions.h
-- Installing: /home/terranova/uav_ws/install/absl/include/absl/strings/internal/cordz_info.h
-- Installing: /home/terranova/uav_ws/install/absl/include/absl/strings/internal/cordz_update_scope.h
-- Installing: /home/terranova/uav_ws/install/absl/include/absl/strings/internal/pow10_helper.h
-- Installing: /home/terranova/uav_ws/install/absl/include/absl/strings/str_replace.h
-- Installing: /home/terranova/uav_ws/install/absl/include/absl/strings/str_join.h
-- Installing: /home/terranova/uav_ws/install/absl/include/absl/strings/str_cat.h
-- Installing: /home/terranova/uav_ws/install/absl/include/absl/strings/cord_analysis.h
-- Installing: /home/terranova/uav_ws/install/absl/include/absl/strings/cord_test_helpers.h
-- Installing: /home/terranova/uav_ws/install/absl/include/absl/strings/charset.h
-- Installing: /home/terranova/uav_ws/install/absl/include/absl/strings/cord_buffer.h
-- Installing: /home/terranova/uav_ws/install/absl/include/absl/strings/string_view.h
-- Installing: /home/terranova/uav_ws/install/absl/include/absl/strings/str_format.h
-- Installing: /home/terranova/uav_ws/install/absl/include/absl/strings/match.h
-- Installing: /home/terranova/uav_ws/install/absl/include/absl/strings/strip.h
-- Installing: /home/terranova/uav_ws/install/absl/include/absl/strings/cordz_test_helpers.h
-- Installing: /home/terranova/uav_ws/install/absl/include/absl/strings/has_ostream_operator.h
-- Installing: /home/terranova/uav_ws/install/absl/include/absl/strings/substitute.h
-- Installing: /home/terranova/uav_ws/install/absl/include/absl/strings/has_absl_stringify.h
-- Installing: /home/terranova/uav_ws/install/absl/include/absl/strings/ascii.h
-- Installing: /home/terranova/uav_ws/install/absl/include/absl/strings/charconv.h
-- Installing: /home/terranova/uav_ws/install/absl/include/absl/types
-- Installing: /home/terranova/uav_ws/install/absl/include/absl/types/compare.h
-- Installing: /home/terranova/uav_ws/install/absl/include/absl/types/bad_any_cast.h
-- Installing: /home/terranova/uav_ws/install/absl/include/absl/types/span.h
-- Installing: /home/terranova/uav_ws/install/absl/include/absl/types/internal
-- Installing: /home/terranova/uav_ws/install/absl/include/absl/types/internal/span.h
-- Installing: /home/terranova/uav_ws/install/absl/include/absl/types/internal/optional.h
-- Installing: /home/terranova/uav_ws/install/absl/include/absl/types/internal/variant.h
-- Installing: /home/terranova/uav_ws/install/absl/include/absl/types/bad_variant_access.h
-- Installing: /home/terranova/uav_ws/install/absl/include/absl/types/optional.h
-- Installing: /home/terranova/uav_ws/install/absl/include/absl/types/variant.h
-- Installing: /home/terranova/uav_ws/install/absl/include/absl/types/any.h
-- Installing: /home/terranova/uav_ws/install/absl/include/absl/types/bad_optional_access.h
-- Installing: /home/terranova/uav_ws/install/absl/include/absl/numeric
-- Installing: /home/terranova/uav_ws/install/absl/include/absl/numeric/int128_have_intrinsic.inc
-- Installing: /home/terranova/uav_ws/install/absl/include/absl/numeric/internal
-- Installing: /home/terranova/uav_ws/install/absl/include/absl/numeric/internal/representation.h
-- Installing: /home/terranova/uav_ws/install/absl/include/absl/numeric/internal/bits.h
-- Installing: /home/terranova/uav_ws/install/absl/include/absl/numeric/int128_no_intrinsic.inc
-- Installing: /home/terranova/uav_ws/install/absl/include/absl/numeric/bits.h
-- Installing: /home/terranova/uav_ws/install/absl/include/absl/numeric/int128.h
-- Installing: /home/terranova/uav_ws/install/absl/include/absl/profiling
-- Installing: /home/terranova/uav_ws/install/absl/include/absl/profiling/internal
-- Installing: /home/terranova/uav_ws/install/absl/include/absl/profiling/internal/periodic_sampler.h
-- Installing: /home/terranova/uav_ws/install/absl/include/absl/profiling/internal/sample_recorder.h
-- Installing: /home/terranova/uav_ws/install/absl/include/absl/profiling/internal/exponential_biased.h
-- Installing: /home/terranova/uav_ws/install/absl/include/absl/random
-- Installing: /home/terranova/uav_ws/install/absl/include/absl/random/beta_distribution.h
-- Installing: /home/terranova/uav_ws/install/absl/include/absl/random/mocking_bit_gen.h
-- Installing: /home/terranova/uav_ws/install/absl/include/absl/random/distributions.h
-- Installing: /home/terranova/uav_ws/install/absl/include/absl/random/random.h
-- Installing: /home/terranova/uav_ws/install/absl/include/absl/random/bernoulli_distribution.h
-- Installing: /home/terranova/uav_ws/install/absl/include/absl/random/mock_distributions.h
-- Installing: /home/terranova/uav_ws/install/absl/include/absl/random/uniform_real_distribution.h
-- Installing: /home/terranova/uav_ws/install/absl/include/absl/random/seed_gen_exception.h
-- Installing: /home/terranova/uav_ws/install/absl/include/absl/random/internal
-- Installing: /home/terranova/uav_ws/install/absl/include/absl/random/internal/iostream_state_saver.h
-- Installing: /home/terranova/uav_ws/install/absl/include/absl/random/internal/fast_uniform_bits.h
-- Installing: /home/terranova/uav_ws/install/absl/include/absl/random/internal/pool_urbg.h
-- Installing: /home/terranova/uav_ws/install/absl/include/absl/random/internal/randen_engine.h
-- Installing: /home/terranova/uav_ws/install/absl/include/absl/random/internal/randen.h
-- Installing: /home/terranova/uav_ws/install/absl/include/absl/random/internal/distribution_caller.h
-- Installing: /home/terranova/uav_ws/install/absl/include/absl/random/internal/nonsecure_base.h
-- Installing: /home/terranova/uav_ws/install/absl/include/absl/random/internal/mock_overload_set.h
-- Installing: /home/terranova/uav_ws/install/absl/include/absl/random/internal/mock_helpers.h
-- Installing: /home/terranova/uav_ws/install/absl/include/absl/random/internal/randen_detect.h
-- Installing: /home/terranova/uav_ws/install/absl/include/absl/random/internal/randen_traits.h
-- Installing: /home/terranova/uav_ws/install/absl/include/absl/random/internal/salted_seed_seq.h
-- Installing: /home/terranova/uav_ws/install/absl/include/absl/random/internal/pcg_engine.h
-- Installing: /home/terranova/uav_ws/install/absl/include/absl/random/internal/platform.h
-- Installing: /home/terranova/uav_ws/install/absl/include/absl/random/internal/randen_slow.h
-- Installing: /home/terranova/uav_ws/install/absl/include/absl/random/internal/traits.h
-- Installing: /home/terranova/uav_ws/install/absl/include/absl/random/internal/fastmath.h
-- Installing: /home/terranova/uav_ws/install/absl/include/absl/random/internal/randen_hwaes.h
-- Installing: /home/terranova/uav_ws/install/absl/include/absl/random/internal/wide_multiply.h
-- Installing: /home/terranova/uav_ws/install/absl/include/absl/random/internal/seed_material.h
-- Installing: /home/terranova/uav_ws/install/absl/include/absl/random/internal/chi_square.h
-- Installing: /home/terranova/uav_ws/install/absl/include/absl/random/internal/uniform_helper.h
-- Installing: /home/terranova/uav_ws/install/absl/include/absl/random/internal/explicit_seed_seq.h
-- Installing: /home/terranova/uav_ws/install/absl/include/absl/random/internal/generate_real.h
-- Installing: /home/terranova/uav_ws/install/absl/include/absl/random/internal/nanobenchmark.h
-- Installing: /home/terranova/uav_ws/install/absl/include/absl/random/internal/distribution_test_util.h
-- Installing: /home/terranova/uav_ws/install/absl/include/absl/random/internal/sequence_urbg.h
-- Installing: /home/terranova/uav_ws/install/absl/include/absl/random/exponential_distribution.h
-- Installing: /home/terranova/uav_ws/install/absl/include/absl/random/bit_gen_ref.h
-- Installing: /home/terranova/uav_ws/install/absl/include/absl/random/gaussian_distribution.h
-- Installing: /home/terranova/uav_ws/install/absl/include/absl/random/uniform_int_distribution.h
-- Installing: /home/terranova/uav_ws/install/absl/include/absl/random/poisson_distribution.h
-- Installing: /home/terranova/uav_ws/install/absl/include/absl/random/seed_sequences.h
-- Installing: /home/terranova/uav_ws/install/absl/include/absl/random/discrete_distribution.h
-- Installing: /home/terranova/uav_ws/install/absl/include/absl/random/log_uniform_int_distribution.h
-- Installing: /home/terranova/uav_ws/install/absl/include/absl/random/zipf_distribution.h
-- Installing: /home/terranova/uav_ws/install/absl/include/absl/time
-- Installing: /home/terranova/uav_ws/install/absl/include/absl/time/clock.h
-- Installing: /home/terranova/uav_ws/install/absl/include/absl/time/internal
-- Installing: /home/terranova/uav_ws/install/absl/include/absl/time/internal/get_current_time_posix.inc
-- Installing: /home/terranova/uav_ws/install/absl/include/absl/time/internal/cctz
-- Installing: /home/terranova/uav_ws/install/absl/include/absl/time/internal/cctz/src
-- Installing: /home/terranova/uav_ws/install/absl/include/absl/time/internal/cctz/src/time_zone_if.h
-- Installing: /home/terranova/uav_ws/install/absl/include/absl/time/internal/cctz/src/time_zone_libc.h
-- Installing: /home/terranova/uav_ws/install/absl/include/absl/time/internal/cctz/src/tzfile.h
-- Installing: /home/terranova/uav_ws/install/absl/include/absl/time/internal/cctz/src/time_zone_posix.h
-- Installing: /home/terranova/uav_ws/install/absl/include/absl/time/internal/cctz/src/time_zone_info.h
-- Installing: /home/terranova/uav_ws/install/absl/include/absl/time/internal/cctz/src/time_zone_fixed.h
-- Installing: /home/terranova/uav_ws/install/absl/include/absl/time/internal/cctz/src/time_zone_impl.h
-- Installing: /home/terranova/uav_ws/install/absl/include/absl/time/internal/cctz/include
-- Installing: /home/terranova/uav_ws/install/absl/include/absl/time/internal/cctz/include/cctz
-- Installing: /home/terranova/uav_ws/install/absl/include/absl/time/internal/cctz/include/cctz/zone_info_source.h
-- Installing: /home/terranova/uav_ws/install/absl/include/absl/time/internal/cctz/include/cctz/time_zone.h
-- Installing: /home/terranova/uav_ws/install/absl/include/absl/time/internal/cctz/include/cctz/civil_time_detail.h
-- Installing: /home/terranova/uav_ws/install/absl/include/absl/time/internal/cctz/include/cctz/civil_time.h
-- Installing: /home/terranova/uav_ws/install/absl/include/absl/time/internal/get_current_time_chrono.inc
-- Installing: /home/terranova/uav_ws/install/absl/include/absl/time/internal/test_util.h
-- Installing: /home/terranova/uav_ws/install/absl/include/absl/time/time.h
-- Installing: /home/terranova/uav_ws/install/absl/include/absl/time/civil_time.h
-- Installing: /home/terranova/uav_ws/install/absl/include/absl/log
-- Installing: /home/terranova/uav_ws/install/absl/include/absl/log/check.h
-- Installing: /home/terranova/uav_ws/install/absl/include/absl/log/log_basic_test_impl.inc
-- Installing: /home/terranova/uav_ws/install/absl/include/absl/log/structured.h
-- Installing: /home/terranova/uav_ws/install/absl/include/absl/log/log_streamer.h
-- Installing: /home/terranova/uav_ws/install/absl/include/absl/log/absl_vlog_is_on.h
-- Installing: /home/terranova/uav_ws/install/absl/include/absl/log/scoped_mock_log.h
-- Installing: /home/terranova/uav_ws/install/absl/include/absl/log/log_entry.h
-- Installing: /home/terranova/uav_ws/install/absl/include/absl/log/internal
-- Installing: /home/terranova/uav_ws/install/absl/include/absl/log/internal/structured.h
-- Installing: /home/terranova/uav_ws/install/absl/include/absl/log/internal/test_helpers.h
-- Installing: /home/terranova/uav_ws/install/absl/include/absl/log/internal/vlog_config.h
-- Installing: /home/terranova/uav_ws/install/absl/include/absl/log/internal/log_sink_set.h
-- Installing: /home/terranova/uav_ws/install/absl/include/absl/log/internal/log_message.h
-- Installing: /home/terranova/uav_ws/install/absl/include/absl/log/internal/globals.h
-- Installing: /home/terranova/uav_ws/install/absl/include/absl/log/internal/nullguard.h
-- Installing: /home/terranova/uav_ws/install/absl/include/absl/log/internal/voidify.h
-- Installing: /home/terranova/uav_ws/install/absl/include/absl/log/internal/log_format.h
-- Installing: /home/terranova/uav_ws/install/absl/include/absl/log/internal/proto.h
-- Installing: /home/terranova/uav_ws/install/absl/include/absl/log/internal/test_actions.h
-- Installing: /home/terranova/uav_ws/install/absl/include/absl/log/internal/flags.h
-- Installing: /home/terranova/uav_ws/install/absl/include/absl/log/internal/nullstream.h
-- Installing: /home/terranova/uav_ws/install/absl/include/absl/log/internal/strip.h
-- Installing: /home/terranova/uav_ws/install/absl/include/absl/log/internal/fnmatch.h
-- Installing: /home/terranova/uav_ws/install/absl/include/absl/log/internal/check_op.h
-- Installing: /home/terranova/uav_ws/install/absl/include/absl/log/internal/config.h
-- Installing: /home/terranova/uav_ws/install/absl/include/absl/log/internal/append_truncated.h
-- Installing: /home/terranova/uav_ws/install/absl/include/absl/log/internal/test_matchers.h
-- Installing: /home/terranova/uav_ws/install/absl/include/absl/log/internal/conditions.h
-- Installing: /home/terranova/uav_ws/install/absl/include/absl/log/internal/check_impl.h
-- Installing: /home/terranova/uav_ws/install/absl/include/absl/log/internal/log_impl.h
-- Installing: /home/terranova/uav_ws/install/absl/include/absl/log/die_if_null.h
-- Installing: /home/terranova/uav_ws/install/absl/include/absl/log/globals.h
-- Installing: /home/terranova/uav_ws/install/absl/include/absl/log/log.h
-- Installing: /home/terranova/uav_ws/install/absl/include/absl/log/vlog_is_on.h
-- Installing: /home/terranova/uav_ws/install/absl/include/absl/log/absl_check.h
-- Installing: /home/terranova/uav_ws/install/absl/include/absl/log/log_sink.h
-- Installing: /home/terranova/uav_ws/install/absl/include/absl/log/log_sink_registry.h
-- Installing: /home/terranova/uav_ws/install/absl/include/absl/log/absl_log.h
-- Installing: /home/terranova/uav_ws/install/absl/include/absl/log/flags.h
-- Installing: /home/terranova/uav_ws/install/absl/include/absl/log/initialize.h
-- Installing: /home/terranova/uav_ws/install/absl/include/absl/log/check_test_impl.inc
-- Installing: /home/terranova/uav_ws/install/absl/include/absl/base
-- Installing: /home/terranova/uav_ws/install/absl/include/absl/base/log_severity.h
-- Installing: /home/terranova/uav_ws/install/absl/include/absl/base/const_init.h
-- Installing: /home/terranova/uav_ws/install/absl/include/absl/base/internal
-- Installing: /home/terranova/uav_ws/install/absl/include/absl/base/internal/low_level_scheduling.h
-- Installing: /home/terranova/uav_ws/install/absl/include/absl/base/internal/exception_testing.h
-- Installing: /home/terranova/uav_ws/install/absl/include/absl/base/internal/low_level_alloc.h
-- Installing: /home/terranova/uav_ws/install/absl/include/absl/base/internal/raw_logging.h
-- Installing: /home/terranova/uav_ws/install/absl/include/absl/base/internal/sysinfo.h
-- Installing: /home/terranova/uav_ws/install/absl/include/absl/base/internal/nullability_impl.h
-- Installing: /home/terranova/uav_ws/install/absl/include/absl/base/internal/scheduling_mode.h
-- Installing: /home/terranova/uav_ws/install/absl/include/absl/base/internal/fast_type_id.h
-- Installing: /home/terranova/uav_ws/install/absl/include/absl/base/internal/unaligned_access.h
-- Installing: /home/terranova/uav_ws/install/absl/include/absl/base/internal/inline_variable_testing.h
-- Installing: /home/terranova/uav_ws/install/absl/include/absl/base/internal/identity.h
-- Installing: /home/terranova/uav_ws/install/absl/include/absl/base/internal/direct_mmap.h
-- Installing: /home/terranova/uav_ws/install/absl/include/absl/base/internal/errno_saver.h
-- Installing: /home/terranova/uav_ws/install/absl/include/absl/base/internal/endian.h
-- Installing: /home/terranova/uav_ws/install/absl/include/absl/base/internal/throw_delegate.h
-- Installing: /home/terranova/uav_ws/install/absl/include/absl/base/internal/spinlock_akaros.inc
-- Installing: /home/terranova/uav_ws/install/absl/include/absl/base/internal/atomic_hook_test_helper.h
-- Installing: /home/terranova/uav_ws/install/absl/include/absl/base/internal/spinlock.h
-- Installing: /home/terranova/uav_ws/install/absl/include/absl/base/internal/scoped_set_env.h
-- Installing: /home/terranova/uav_ws/install/absl/include/absl/base/internal/spinlock_linux.inc
-- Installing: /home/terranova/uav_ws/install/absl/include/absl/base/internal/pretty_function.h
-- Installing: /home/terranova/uav_ws/install/absl/include/absl/base/internal/spinlock_wait.h
-- Installing: /home/terranova/uav_ws/install/absl/include/absl/base/internal/thread_identity.h
-- Installing: /home/terranova/uav_ws/install/absl/include/absl/base/internal/spinlock_posix.inc
-- Installing: /home/terranova/uav_ws/install/absl/include/absl/base/internal/atomic_hook.h
-- Installing: /home/terranova/uav_ws/install/absl/include/absl/base/internal/inline_variable.h
-- Installing: /home/terranova/uav_ws/install/absl/include/absl/base/internal/exception_safety_testing.h
-- Installing: /home/terranova/uav_ws/install/absl/include/absl/base/internal/invoke.h
-- Installing: /home/terranova/uav_ws/install/absl/include/absl/base/internal/unscaledcycleclock.h
-- Installing: /home/terranova/uav_ws/install/absl/include/absl/base/internal/hide_ptr.h
-- Installing: /home/terranova/uav_ws/install/absl/include/absl/base/internal/unscaledcycleclock_config.h
-- Installing: /home/terranova/uav_ws/install/absl/include/absl/base/internal/dynamic_annotations.h
-- Installing: /home/terranova/uav_ws/install/absl/include/absl/base/internal/cycleclock_config.h
-- Installing: /home/terranova/uav_ws/install/absl/include/absl/base/internal/tsan_mutex_interface.h
-- Installing: /home/terranova/uav_ws/install/absl/include/absl/base/internal/strerror.h
-- Installing: /home/terranova/uav_ws/install/absl/include/absl/base/internal/spinlock_win32.inc
-- Installing: /home/terranova/uav_ws/install/absl/include/absl/base/internal/cycleclock.h
-- Installing: /home/terranova/uav_ws/install/absl/include/absl/base/internal/per_thread_tls.h
-- Installing: /home/terranova/uav_ws/install/absl/include/absl/base/thread_annotations.h
-- Installing: /home/terranova/uav_ws/install/absl/include/absl/base/port.h
-- Installing: /home/terranova/uav_ws/install/absl/include/absl/base/no_destructor.h
-- Installing: /home/terranova/uav_ws/install/absl/include/absl/base/casts.h
-- Installing: /home/terranova/uav_ws/install/absl/include/absl/base/policy_checks.h
-- Installing: /home/terranova/uav_ws/install/absl/include/absl/base/optimization.h
-- Installing: /home/terranova/uav_ws/install/absl/include/absl/base/prefetch.h
-- Installing: /home/terranova/uav_ws/install/absl/include/absl/base/call_once.h
-- Installing: /home/terranova/uav_ws/install/absl/include/absl/base/nullability.h
-- Installing: /home/terranova/uav_ws/install/absl/include/absl/base/config.h
-- Installing: /home/terranova/uav_ws/install/absl/include/absl/base/macros.h
-- Installing: /home/terranova/uav_ws/install/absl/include/absl/base/attributes.h
-- Installing: /home/terranova/uav_ws/install/absl/include/absl/base/dynamic_annotations.h
-- Installing: /home/terranova/uav_ws/install/absl/include/absl/base/options.h
-- Installing: /home/terranova/uav_ws/install/absl/include/absl/flags
-- Installing: /home/terranova/uav_ws/install/absl/include/absl/flags/parse.h
-- Installing: /home/terranova/uav_ws/install/absl/include/absl/flags/internal
-- Installing: /home/terranova/uav_ws/install/absl/include/absl/flags/internal/parse.h
-- Installing: /home/terranova/uav_ws/install/absl/include/absl/flags/internal/sequence_lock.h
-- Installing: /home/terranova/uav_ws/install/absl/include/absl/flags/internal/usage.h
-- Installing: /home/terranova/uav_ws/install/absl/include/absl/flags/internal/commandlineflag.h
-- Installing: /home/terranova/uav_ws/install/absl/include/absl/flags/internal/registry.h
-- Installing: /home/terranova/uav_ws/install/absl/include/absl/flags/internal/flag.h
-- Installing: /home/terranova/uav_ws/install/absl/include/absl/flags/internal/path_util.h
-- Installing: /home/terranova/uav_ws/install/absl/include/absl/flags/internal/private_handle_accessor.h
-- Installing: /home/terranova/uav_ws/install/absl/include/absl/flags/internal/program_name.h
-- Installing: /home/terranova/uav_ws/install/absl/include/absl/flags/usage.h
-- Installing: /home/terranova/uav_ws/install/absl/include/absl/flags/commandlineflag.h
-- Installing: /home/terranova/uav_ws/install/absl/include/absl/flags/reflection.h
-- Installing: /home/terranova/uav_ws/install/absl/include/absl/flags/marshalling.h
-- Installing: /home/terranova/uav_ws/install/absl/include/absl/flags/flag.h
-- Installing: /home/terranova/uav_ws/install/absl/include/absl/flags/declare.h
-- Installing: /home/terranova/uav_ws/install/absl/include/absl/flags/config.h
-- Installing: /home/terranova/uav_ws/install/absl/include/absl/flags/usage_config.h
-- Installing: /home/terranova/uav_ws/install/absl/include/absl/meta
-- Installing: /home/terranova/uav_ws/install/absl/include/absl/meta/type_traits.h
-- Installing: /home/terranova/uav_ws/install/absl/include/absl/algorithm
-- Installing: /home/terranova/uav_ws/install/absl/include/absl/algorithm/algorithm.h
-- Installing: /home/terranova/uav_ws/install/absl/include/absl/algorithm/container.h
-- Installing: /home/terranova/uav_ws/install/absl/include/absl/memory
-- Installing: /home/terranova/uav_ws/install/absl/include/absl/memory/memory.h
-- Installing: /home/terranova/uav_ws/install/absl/include/absl/debugging
-- Installing: /home/terranova/uav_ws/install/absl/include/absl/debugging/symbolize_darwin.inc
-- Installing: /home/terranova/uav_ws/install/absl/include/absl/debugging/symbolize_win32.inc
-- Installing: /home/terranova/uav_ws/install/absl/include/absl/debugging/symbolize_elf.inc
-- Installing: /home/terranova/uav_ws/install/absl/include/absl/debugging/internal
-- Installing: /home/terranova/uav_ws/install/absl/include/absl/debugging/internal/symbolize.h
-- Installing: /home/terranova/uav_ws/install/absl/include/absl/debugging/internal/stack_consumption.h
-- Installing: /home/terranova/uav_ws/install/absl/include/absl/debugging/internal/stacktrace_powerpc-inl.inc
-- Installing: /home/terranova/uav_ws/install/absl/include/absl/debugging/internal/elf_mem_image.h
-- Installing: /home/terranova/uav_ws/install/absl/include/absl/debugging/internal/stacktrace_arm-inl.inc
-- Installing: /home/terranova/uav_ws/install/absl/include/absl/debugging/internal/address_is_readable.h
-- Installing: /home/terranova/uav_ws/install/absl/include/absl/debugging/internal/demangle.h
-- Installing: /home/terranova/uav_ws/install/absl/include/absl/debugging/internal/stacktrace_aarch64-inl.inc
-- Installing: /home/terranova/uav_ws/install/absl/include/absl/debugging/internal/stacktrace_win32-inl.inc
-- Installing: /home/terranova/uav_ws/install/absl/include/absl/debugging/internal/stacktrace_riscv-inl.inc
-- Installing: /home/terranova/uav_ws/install/absl/include/absl/debugging/internal/stacktrace_config.h
-- Installing: /home/terranova/uav_ws/install/absl/include/absl/debugging/internal/stacktrace_generic-inl.inc
-- Installing: /home/terranova/uav_ws/install/absl/include/absl/debugging/internal/stacktrace_x86-inl.inc
-- Installing: /home/terranova/uav_ws/install/absl/include/absl/debugging/internal/examine_stack.h
-- Installing: /home/terranova/uav_ws/install/absl/include/absl/debugging/internal/stacktrace_unimplemented-inl.inc
-- Installing: /home/terranova/uav_ws/install/absl/include/absl/debugging/internal/stacktrace_emscripten-inl.inc
-- Installing: /home/terranova/uav_ws/install/absl/include/absl/debugging/internal/vdso_support.h
-- Installing: /home/terranova/uav_ws/install/absl/include/absl/debugging/symbolize.h
-- Installing: /home/terranova/uav_ws/install/absl/include/absl/debugging/symbolize_unimplemented.inc
-- Installing: /home/terranova/uav_ws/install/absl/include/absl/debugging/symbolize_emscripten.inc
-- Installing: /home/terranova/uav_ws/install/absl/include/absl/debugging/failure_signal_handler.h
-- Installing: /home/terranova/uav_ws/install/absl/include/absl/debugging/stacktrace.h
-- Installing: /home/terranova/uav_ws/install/absl/include/absl/debugging/leak_check.h
-- Installing: /home/terranova/uav_ws/install/absl/include/absl/utility
-- Installing: /home/terranova/uav_ws/install/absl/include/absl/utility/internal
-- Installing: /home/terranova/uav_ws/install/absl/include/absl/utility/internal/if_constexpr.h
-- Installing: /home/terranova/uav_ws/install/absl/include/absl/utility/utility.h
-- Installing: /home/terranova/uav_ws/install/absl/include/absl/crc
-- Installing: /home/terranova/uav_ws/install/absl/include/absl/crc/internal
-- Installing: /home/terranova/uav_ws/install/absl/include/absl/crc/internal/non_temporal_memcpy.h
-- Installing: /home/terranova/uav_ws/install/absl/include/absl/crc/internal/crc32c_inline.h
-- Installing: /home/terranova/uav_ws/install/absl/include/absl/crc/internal/cpu_detect.h
-- Installing: /home/terranova/uav_ws/install/absl/include/absl/crc/internal/non_temporal_arm_intrinsics.h
-- Installing: /home/terranova/uav_ws/install/absl/include/absl/crc/internal/crc_internal.h
-- Installing: /home/terranova/uav_ws/install/absl/include/absl/crc/internal/crc32_x86_arm_combined_simd.h
-- Installing: /home/terranova/uav_ws/install/absl/include/absl/crc/internal/crc.h
-- Installing: /home/terranova/uav_ws/install/absl/include/absl/crc/internal/crc_memcpy.h
-- Installing: /home/terranova/uav_ws/install/absl/include/absl/crc/internal/crc_cord_state.h
-- Installing: /home/terranova/uav_ws/install/absl/include/absl/crc/internal/crc32c.h
-- Installing: /home/terranova/uav_ws/install/absl/include/absl/crc/crc32c.h
-- Installing: /home/terranova/uav_ws/install/absl/include/absl/functional
-- Installing: /home/terranova/uav_ws/install/absl/include/absl/functional/overload.h
-- Installing: /home/terranova/uav_ws/install/absl/include/absl/functional/internal
-- Installing: /home/terranova/uav_ws/install/absl/include/absl/functional/internal/front_binder.h
-- Installing: /home/terranova/uav_ws/install/absl/include/absl/functional/internal/any_invocable.h
-- Installing: /home/terranova/uav_ws/install/absl/include/absl/functional/internal/function_ref.h
-- Installing: /home/terranova/uav_ws/install/absl/include/absl/functional/any_invocable.h
-- Installing: /home/terranova/uav_ws/install/absl/include/absl/functional/function_ref.h
-- Installing: /home/terranova/uav_ws/install/absl/include/absl/functional/bind_front.h
-- Installing: /home/terranova/uav_ws/install/absl/include/absl/status
-- Installing: /home/terranova/uav_ws/install/absl/include/absl/status/internal
-- Installing: /home/terranova/uav_ws/install/absl/include/absl/status/internal/statusor_internal.h
-- Installing: /home/terranova/uav_ws/install/absl/include/absl/status/internal/status_internal.h
-- Installing: /home/terranova/uav_ws/install/absl/include/absl/status/statusor.h
-- Installing: /home/terranova/uav_ws/install/absl/include/absl/status/status_payload_printer.h
-- Installing: /home/terranova/uav_ws/install/absl/include/absl/status/status.h
-- Installing: /home/terranova/uav_ws/install/absl/include/absl/synchronization
-- Installing: /home/terranova/uav_ws/install/absl/include/absl/synchronization/barrier.h
-- Installing: /home/terranova/uav_ws/install/absl/include/absl/synchronization/internal
-- Installing: /home/terranova/uav_ws/install/absl/include/absl/synchronization/internal/win32_waiter.h
-- Installing: /home/terranova/uav_ws/install/absl/include/absl/synchronization/internal/sem_waiter.h
-- Installing: /home/terranova/uav_ws/install/absl/include/absl/synchronization/internal/create_thread_identity.h
-- Installing: /home/terranova/uav_ws/install/absl/include/absl/synchronization/internal/stdcpp_waiter.h
-- Installing: /home/terranova/uav_ws/install/absl/include/absl/synchronization/internal/pthread_waiter.h
-- Installing: /home/terranova/uav_ws/install/absl/include/absl/synchronization/internal/waiter.h
-- Installing: /home/terranova/uav_ws/install/absl/include/absl/synchronization/internal/waiter_base.h
-- Installing: /home/terranova/uav_ws/install/absl/include/absl/synchronization/internal/thread_pool.h
-- Installing: /home/terranova/uav_ws/install/absl/include/absl/synchronization/internal/futex.h
-- Installing: /home/terranova/uav_ws/install/absl/include/absl/synchronization/internal/futex_waiter.h
-- Installing: /home/terranova/uav_ws/install/absl/include/absl/synchronization/internal/kernel_timeout.h
-- Installing: /home/terranova/uav_ws/install/absl/include/absl/synchronization/internal/per_thread_sem.h
-- Installing: /home/terranova/uav_ws/install/absl/include/absl/synchronization/internal/graphcycles.h
-- Installing: /home/terranova/uav_ws/install/absl/include/absl/synchronization/blocking_counter.h
-- Installing: /home/terranova/uav_ws/install/absl/include/absl/synchronization/notification.h
-- Installing: /home/terranova/uav_ws/install/absl/include/absl/synchronization/mutex.h
-- Installing: /home/terranova/uav_ws/install/absl/include/absl/cleanup
-- Installing: /home/terranova/uav_ws/install/absl/include/absl/cleanup/internal
-- Installing: /home/terranova/uav_ws/install/absl/include/absl/cleanup/internal/cleanup.h
-- Installing: /home/terranova/uav_ws/install/absl/include/absl/cleanup/cleanup.h
-- Installing: /home/terranova/uav_ws/install/absl/include/absl/container
-- Installing: /home/terranova/uav_ws/install/absl/include/absl/container/node_hash_map.h
-- Installing: /home/terranova/uav_ws/install/absl/include/absl/container/flat_hash_map.h
-- Installing: /home/terranova/uav_ws/install/absl/include/absl/container/internal
-- Installing: /home/terranova/uav_ws/install/absl/include/absl/container/internal/unordered_map_lookup_test.h
-- Installing: /home/terranova/uav_ws/install/absl/include/absl/container/internal/hash_policy_testing.h
-- Installing: /home/terranova/uav_ws/install/absl/include/absl/container/internal/unordered_set_members_test.h
-- Installing: /home/terranova/uav_ws/install/absl/include/absl/container/internal/hashtable_debug_hooks.h
-- Installing: /home/terranova/uav_ws/install/absl/include/absl/container/internal/hash_function_defaults.h
-- Installing: /home/terranova/uav_ws/install/absl/include/absl/container/internal/raw_hash_set.h
-- Installing: /home/terranova/uav_ws/install/absl/include/absl/container/internal/unordered_map_modifiers_test.h
-- Installing: /home/terranova/uav_ws/install/absl/include/absl/container/internal/layout.h
-- Installing: /home/terranova/uav_ws/install/absl/include/absl/container/internal/hash_policy_traits.h
-- Installing: /home/terranova/uav_ws/install/absl/include/absl/container/internal/inlined_vector.h
-- Installing: /home/terranova/uav_ws/install/absl/include/absl/container/internal/common_policy_traits.h
-- Installing: /home/terranova/uav_ws/install/absl/include/absl/container/internal/unordered_set_constructor_test.h
-- Installing: /home/terranova/uav_ws/install/absl/include/absl/container/internal/node_slot_policy.h
-- Installing: /home/terranova/uav_ws/install/absl/include/absl/container/internal/container_memory.h
-- Installing: /home/terranova/uav_ws/install/absl/include/absl/container/internal/test_instance_tracker.h
-- Installing: /home/terranova/uav_ws/install/absl/include/absl/container/internal/raw_hash_map.h
-- Installing: /home/terranova/uav_ws/install/absl/include/absl/container/internal/btree_container.h
-- Installing: /home/terranova/uav_ws/install/absl/include/absl/container/internal/hashtable_debug.h
-- Installing: /home/terranova/uav_ws/install/absl/include/absl/container/internal/compressed_tuple.h
-- Installing: /home/terranova/uav_ws/install/absl/include/absl/container/internal/common.h
-- Installing: /home/terranova/uav_ws/install/absl/include/absl/container/internal/unordered_map_constructor_test.h
-- Installing: /home/terranova/uav_ws/install/absl/include/absl/container/internal/unordered_set_modifiers_test.h
-- Installing: /home/terranova/uav_ws/install/absl/include/absl/container/internal/tracked.h
-- Installing: /home/terranova/uav_ws/install/absl/include/absl/container/internal/hash_generator_testing.h
-- Installing: /home/terranova/uav_ws/install/absl/include/absl/container/internal/unordered_map_members_test.h
-- Installing: /home/terranova/uav_ws/install/absl/include/absl/container/internal/btree.h
-- Installing: /home/terranova/uav_ws/install/absl/include/absl/container/internal/test_allocator.h
-- Installing: /home/terranova/uav_ws/install/absl/include/absl/container/internal/unordered_set_lookup_test.h
-- Installing: /home/terranova/uav_ws/install/absl/include/absl/container/internal/hashtablez_sampler.h
-- Installing: /home/terranova/uav_ws/install/absl/include/absl/container/inlined_vector.h
-- Installing: /home/terranova/uav_ws/install/absl/include/absl/container/flat_hash_set.h
-- Installing: /home/terranova/uav_ws/install/absl/include/absl/container/btree_set.h
-- Installing: /home/terranova/uav_ws/install/absl/include/absl/container/fixed_array.h
-- Installing: /home/terranova/uav_ws/install/absl/include/absl/container/btree_test.h
-- Installing: /home/terranova/uav_ws/install/absl/include/absl/container/btree_map.h
-- Installing: /home/terranova/uav_ws/install/absl/include/absl/container/node_hash_set.h
-- Installing: /home/terranova/uav_ws/install/absl/include/absl/base/options.h
-- Installing: /home/terranova/uav_ws/install/absl/lib/pkgconfig/absl_atomic_hook.pc
-- Installing: /home/terranova/uav_ws/install/absl/lib/pkgconfig/absl_errno_saver.pc
-- Installing: /home/terranova/uav_ws/install/absl/lib/pkgconfig/absl_log_severity.pc
-- Installing: /home/terranova/uav_ws/install/absl/lib/libabsl_log_severity.a
-- Installing: /home/terranova/uav_ws/install/absl/lib/pkgconfig/absl_no_destructor.pc
-- Installing: /home/terranova/uav_ws/install/absl/lib/pkgconfig/absl_nullability.pc
-- Installing: /home/terranova/uav_ws/install/absl/lib/pkgconfig/absl_raw_logging_internal.pc
-- Installing: /home/terranova/uav_ws/install/absl/lib/libabsl_raw_logging_internal.a
-- Installing: /home/terranova/uav_ws/install/absl/lib/pkgconfig/absl_spinlock_wait.pc
-- Installing: /home/terranova/uav_ws/install/absl/lib/libabsl_spinlock_wait.a
-- Installing: /home/terranova/uav_ws/install/absl/lib/pkgconfig/absl_config.pc
-- Installing: /home/terranova/uav_ws/install/absl/lib/pkgconfig/absl_dynamic_annotations.pc
-- Installing: /home/terranova/uav_ws/install/absl/lib/pkgconfig/absl_core_headers.pc
-- Installing: /home/terranova/uav_ws/install/absl/lib/pkgconfig/absl_malloc_internal.pc
-- Installing: /home/terranova/uav_ws/install/absl/lib/libabsl_malloc_internal.a
-- Installing: /home/terranova/uav_ws/install/absl/lib/pkgconfig/absl_base_internal.pc
-- Installing: /home/terranova/uav_ws/install/absl/lib/pkgconfig/absl_base.pc
-- Installing: /home/terranova/uav_ws/install/absl/lib/libabsl_base.a
-- Installing: /home/terranova/uav_ws/install/absl/lib/pkgconfig/absl_throw_delegate.pc
-- Installing: /home/terranova/uav_ws/install/absl/lib/libabsl_throw_delegate.a
-- Installing: /home/terranova/uav_ws/install/absl/lib/pkgconfig/absl_pretty_function.pc
-- Installing: /home/terranova/uav_ws/install/absl/lib/pkgconfig/absl_endian.pc
-- Installing: /home/terranova/uav_ws/install/absl/lib/pkgconfig/absl_scoped_set_env.pc
-- Installing: /home/terranova/uav_ws/install/absl/lib/libabsl_scoped_set_env.a
-- Installing: /home/terranova/uav_ws/install/absl/lib/pkgconfig/absl_strerror.pc
-- Installing: /home/terranova/uav_ws/install/absl/lib/libabsl_strerror.a
-- Installing: /home/terranova/uav_ws/install/absl/lib/pkgconfig/absl_fast_type_id.pc
-- Installing: /home/terranova/uav_ws/install/absl/lib/pkgconfig/absl_prefetch.pc
-- Installing: /home/terranova/uav_ws/install/absl/lib/pkgconfig/absl_algorithm.pc
-- Installing: /home/terranova/uav_ws/install/absl/lib/pkgconfig/absl_algorithm_container.pc
-- Installing: /home/terranova/uav_ws/install/absl/lib/pkgconfig/absl_cleanup_internal.pc
-- Installing: /home/terranova/uav_ws/install/absl/lib/pkgconfig/absl_cleanup.pc
-- Installing: /home/terranova/uav_ws/install/absl/lib/pkgconfig/absl_btree.pc
-- Installing: /home/terranova/uav_ws/install/absl/lib/pkgconfig/absl_compressed_tuple.pc
-- Installing: /home/terranova/uav_ws/install/absl/lib/pkgconfig/absl_fixed_array.pc
-- Installing: /home/terranova/uav_ws/install/absl/lib/pkgconfig/absl_inlined_vector_internal.pc
-- Installing: /home/terranova/uav_ws/install/absl/lib/pkgconfig/absl_inlined_vector.pc
-- Installing: /home/terranova/uav_ws/install/absl/lib/pkgconfig/absl_flat_hash_map.pc
-- Installing: /home/terranova/uav_ws/install/absl/lib/pkgconfig/absl_flat_hash_set.pc
-- Installing: /home/terranova/uav_ws/install/absl/lib/pkgconfig/absl_node_hash_map.pc
-- Installing: /home/terranova/uav_ws/install/absl/lib/pkgconfig/absl_node_hash_set.pc
-- Installing: /home/terranova/uav_ws/install/absl/lib/pkgconfig/absl_container_memory.pc
-- Installing: /home/terranova/uav_ws/install/absl/lib/pkgconfig/absl_hash_function_defaults.pc
-- Installing: /home/terranova/uav_ws/install/absl/lib/pkgconfig/absl_hash_policy_traits.pc
-- Installing: /home/terranova/uav_ws/install/absl/lib/pkgconfig/absl_common_policy_traits.pc
-- Installing: /home/terranova/uav_ws/install/absl/lib/pkgconfig/absl_hashtablez_sampler.pc
-- Installing: /home/terranova/uav_ws/install/absl/lib/libabsl_hashtablez_sampler.a
-- Installing: /home/terranova/uav_ws/install/absl/lib/pkgconfig/absl_hashtable_debug.pc
-- Installing: /home/terranova/uav_ws/install/absl/lib/pkgconfig/absl_hashtable_debug_hooks.pc
-- Installing: /home/terranova/uav_ws/install/absl/lib/pkgconfig/absl_node_slot_policy.pc
-- Installing: /home/terranova/uav_ws/install/absl/lib/pkgconfig/absl_raw_hash_map.pc
-- Installing: /home/terranova/uav_ws/install/absl/lib/pkgconfig/absl_container_common.pc
-- Installing: /home/terranova/uav_ws/install/absl/lib/pkgconfig/absl_raw_hash_set.pc
-- Installing: /home/terranova/uav_ws/install/absl/lib/libabsl_raw_hash_set.a
-- Installing: /home/terranova/uav_ws/install/absl/lib/pkgconfig/absl_layout.pc
-- Installing: /home/terranova/uav_ws/install/absl/lib/pkgconfig/absl_crc_cpu_detect.pc
-- Installing: /home/terranova/uav_ws/install/absl/lib/libabsl_crc_cpu_detect.a
-- Installing: /home/terranova/uav_ws/install/absl/lib/pkgconfig/absl_crc_internal.pc
-- Installing: /home/terranova/uav_ws/install/absl/lib/libabsl_crc_internal.a
-- Installing: /home/terranova/uav_ws/install/absl/lib/pkgconfig/absl_crc32c.pc
-- Installing: /home/terranova/uav_ws/install/absl/lib/libabsl_crc32c.a
-- Installing: /home/terranova/uav_ws/install/absl/lib/pkgconfig/absl_non_temporal_arm_intrinsics.pc
-- Installing: /home/terranova/uav_ws/install/absl/lib/pkgconfig/absl_non_temporal_memcpy.pc
-- Installing: /home/terranova/uav_ws/install/absl/lib/pkgconfig/absl_crc_cord_state.pc
-- Installing: /home/terranova/uav_ws/install/absl/lib/libabsl_crc_cord_state.a
-- Installing: /home/terranova/uav_ws/install/absl/lib/pkgconfig/absl_stacktrace.pc
-- Installing: /home/terranova/uav_ws/install/absl/lib/libabsl_stacktrace.a
-- Installing: /home/terranova/uav_ws/install/absl/lib/pkgconfig/absl_symbolize.pc
-- Installing: /home/terranova/uav_ws/install/absl/lib/libabsl_symbolize.a
-- Installing: /home/terranova/uav_ws/install/absl/lib/pkgconfig/absl_examine_stack.pc
-- Installing: /home/terranova/uav_ws/install/absl/lib/libabsl_examine_stack.a
-- Installing: /home/terranova/uav_ws/install/absl/lib/pkgconfig/absl_failure_signal_handler.pc
-- Installing: /home/terranova/uav_ws/install/absl/lib/libabsl_failure_signal_handler.a
-- Installing: /home/terranova/uav_ws/install/absl/lib/pkgconfig/absl_debugging_internal.pc
-- Installing: /home/terranova/uav_ws/install/absl/lib/libabsl_debugging_internal.a
-- Installing: /home/terranova/uav_ws/install/absl/lib/pkgconfig/absl_demangle_internal.pc
-- Installing: /home/terranova/uav_ws/install/absl/lib/libabsl_demangle_internal.a
-- Installing: /home/terranova/uav_ws/install/absl/lib/pkgconfig/absl_leak_check.pc
-- Installing: /home/terranova/uav_ws/install/absl/lib/libabsl_leak_check.a
-- Installing: /home/terranova/uav_ws/install/absl/lib/pkgconfig/absl_debugging.pc
-- Installing: /home/terranova/uav_ws/install/absl/lib/pkgconfig/absl_flags_path_util.pc
-- Installing: /home/terranova/uav_ws/install/absl/lib/pkgconfig/absl_flags_program_name.pc
-- Installing: /home/terranova/uav_ws/install/absl/lib/libabsl_flags_program_name.a
-- Installing: /home/terranova/uav_ws/install/absl/lib/pkgconfig/absl_flags_config.pc
-- Installing: /home/terranova/uav_ws/install/absl/lib/libabsl_flags_config.a
-- Installing: /home/terranova/uav_ws/install/absl/lib/pkgconfig/absl_flags_marshalling.pc
-- Installing: /home/terranova/uav_ws/install/absl/lib/libabsl_flags_marshalling.a
-- Installing: /home/terranova/uav_ws/install/absl/lib/pkgconfig/absl_flags_commandlineflag_internal.pc
-- Installing: /home/terranova/uav_ws/install/absl/lib/libabsl_flags_commandlineflag_internal.a
-- Installing: /home/terranova/uav_ws/install/absl/lib/pkgconfig/absl_flags_commandlineflag.pc
-- Installing: /home/terranova/uav_ws/install/absl/lib/libabsl_flags_commandlineflag.a
-- Installing: /home/terranova/uav_ws/install/absl/lib/pkgconfig/absl_flags_private_handle_accessor.pc
-- Installing: /home/terranova/uav_ws/install/absl/lib/libabsl_flags_private_handle_accessor.a
-- Installing: /home/terranova/uav_ws/install/absl/lib/pkgconfig/absl_flags_reflection.pc
-- Installing: /home/terranova/uav_ws/install/absl/lib/libabsl_flags_reflection.a
-- Installing: /home/terranova/uav_ws/install/absl/lib/pkgconfig/absl_flags_internal.pc
-- Installing: /home/terranova/uav_ws/install/absl/lib/libabsl_flags_internal.a
-- Installing: /home/terranova/uav_ws/install/absl/lib/pkgconfig/absl_flags.pc
-- Installing: /home/terranova/uav_ws/install/absl/lib/pkgconfig/absl_flags_usage_internal.pc
-- Installing: /home/terranova/uav_ws/install/absl/lib/libabsl_flags_usage_internal.a
-- Installing: /home/terranova/uav_ws/install/absl/lib/pkgconfig/absl_flags_usage.pc
-- Installing: /home/terranova/uav_ws/install/absl/lib/libabsl_flags_usage.a
-- Installing: /home/terranova/uav_ws/install/absl/lib/pkgconfig/absl_flags_parse.pc
-- Installing: /home/terranova/uav_ws/install/absl/lib/libabsl_flags_parse.a
-- Installing: /home/terranova/uav_ws/install/absl/lib/pkgconfig/absl_any_invocable.pc
-- Installing: /home/terranova/uav_ws/install/absl/lib/pkgconfig/absl_bind_front.pc
-- Installing: /home/terranova/uav_ws/install/absl/lib/pkgconfig/absl_function_ref.pc
-- Installing: /home/terranova/uav_ws/install/absl/lib/pkgconfig/absl_overload.pc
-- Installing: /home/terranova/uav_ws/install/absl/lib/pkgconfig/absl_hash.pc
-- Installing: /home/terranova/uav_ws/install/absl/lib/libabsl_hash.a
-- Installing: /home/terranova/uav_ws/install/absl/lib/pkgconfig/absl_city.pc
-- Installing: /home/terranova/uav_ws/install/absl/lib/libabsl_city.a
-- Installing: /home/terranova/uav_ws/install/absl/lib/pkgconfig/absl_low_level_hash.pc
-- Installing: /home/terranova/uav_ws/install/absl/lib/libabsl_low_level_hash.a
-- Installing: /home/terranova/uav_ws/install/absl/lib/pkgconfig/absl_log_internal_check_impl.pc
-- Installing: /home/terranova/uav_ws/install/absl/lib/pkgconfig/absl_log_internal_check_op.pc
-- Installing: /home/terranova/uav_ws/install/absl/lib/libabsl_log_internal_check_op.a
-- Installing: /home/terranova/uav_ws/install/absl/lib/pkgconfig/absl_log_internal_conditions.pc
-- Installing: /home/terranova/uav_ws/install/absl/lib/libabsl_log_internal_conditions.a
-- Installing: /home/terranova/uav_ws/install/absl/lib/pkgconfig/absl_log_internal_config.pc
-- Installing: /home/terranova/uav_ws/install/absl/lib/pkgconfig/absl_log_internal_flags.pc
-- Installing: /home/terranova/uav_ws/install/absl/lib/pkgconfig/absl_log_internal_format.pc
-- Installing: /home/terranova/uav_ws/install/absl/lib/libabsl_log_internal_format.a
-- Installing: /home/terranova/uav_ws/install/absl/lib/pkgconfig/absl_log_internal_globals.pc
-- Installing: /home/terranova/uav_ws/install/absl/lib/libabsl_log_internal_globals.a
-- Installing: /home/terranova/uav_ws/install/absl/lib/pkgconfig/absl_log_internal_log_impl.pc
-- Installing: /home/terranova/uav_ws/install/absl/lib/pkgconfig/absl_log_internal_proto.pc
-- Installing: /home/terranova/uav_ws/install/absl/lib/libabsl_log_internal_proto.a
-- Installing: /home/terranova/uav_ws/install/absl/lib/pkgconfig/absl_log_internal_message.pc
-- Installing: /home/terranova/uav_ws/install/absl/lib/libabsl_log_internal_message.a
-- Installing: /home/terranova/uav_ws/install/absl/lib/pkgconfig/absl_log_internal_log_sink_set.pc
-- Installing: /home/terranova/uav_ws/install/absl/lib/libabsl_log_internal_log_sink_set.a
-- Installing: /home/terranova/uav_ws/install/absl/lib/pkgconfig/absl_log_internal_nullguard.pc
-- Installing: /home/terranova/uav_ws/install/absl/lib/libabsl_log_internal_nullguard.a
-- Installing: /home/terranova/uav_ws/install/absl/lib/pkgconfig/absl_log_internal_nullstream.pc
-- Installing: /home/terranova/uav_ws/install/absl/lib/pkgconfig/absl_log_internal_strip.pc
-- Installing: /home/terranova/uav_ws/install/absl/lib/pkgconfig/absl_log_internal_voidify.pc
-- Installing: /home/terranova/uav_ws/install/absl/lib/pkgconfig/absl_log_internal_append_truncated.pc
-- Installing: /home/terranova/uav_ws/install/absl/lib/pkgconfig/absl_absl_check.pc
-- Installing: /home/terranova/uav_ws/install/absl/lib/pkgconfig/absl_absl_log.pc
-- Installing: /home/terranova/uav_ws/install/absl/lib/pkgconfig/absl_check.pc
-- Installing: /home/terranova/uav_ws/install/absl/lib/pkgconfig/absl_die_if_null.pc
-- Installing: /home/terranova/uav_ws/install/absl/lib/libabsl_die_if_null.a
-- Installing: /home/terranova/uav_ws/install/absl/lib/pkgconfig/absl_log_flags.pc
-- Installing: /home/terranova/uav_ws/install/absl/lib/libabsl_log_flags.a
-- Installing: /home/terranova/uav_ws/install/absl/lib/pkgconfig/absl_log_globals.pc
-- Installing: /home/terranova/uav_ws/install/absl/lib/libabsl_log_globals.a
-- Installing: /home/terranova/uav_ws/install/absl/lib/pkgconfig/absl_log_initialize.pc
-- Installing: /home/terranova/uav_ws/install/absl/lib/libabsl_log_initialize.a
-- Installing: /home/terranova/uav_ws/install/absl/lib/pkgconfig/absl_log.pc
-- Installing: /home/terranova/uav_ws/install/absl/lib/pkgconfig/absl_log_entry.pc
-- Installing: /home/terranova/uav_ws/install/absl/lib/libabsl_log_entry.a
-- Installing: /home/terranova/uav_ws/install/absl/lib/pkgconfig/absl_log_sink.pc
-- Installing: /home/terranova/uav_ws/install/absl/lib/libabsl_log_sink.a
-- Installing: /home/terranova/uav_ws/install/absl/lib/pkgconfig/absl_log_sink_registry.pc
-- Installing: /home/terranova/uav_ws/install/absl/lib/pkgconfig/absl_log_streamer.pc
-- Installing: /home/terranova/uav_ws/install/absl/lib/pkgconfig/absl_log_internal_structured.pc
-- Installing: /home/terranova/uav_ws/install/absl/lib/pkgconfig/absl_log_structured.pc
-- Installing: /home/terranova/uav_ws/install/absl/lib/pkgconfig/absl_vlog_config_internal.pc
-- Installing: /home/terranova/uav_ws/install/absl/lib/libabsl_vlog_config_internal.a
-- Installing: /home/terranova/uav_ws/install/absl/lib/pkgconfig/absl_absl_vlog_is_on.pc
-- Installing: /home/terranova/uav_ws/install/absl/lib/pkgconfig/absl_vlog_is_on.pc
-- Installing: /home/terranova/uav_ws/install/absl/lib/pkgconfig/absl_log_internal_fnmatch.pc
-- Installing: /home/terranova/uav_ws/install/absl/lib/libabsl_log_internal_fnmatch.a
-- Installing: /home/terranova/uav_ws/install/absl/lib/pkgconfig/absl_memory.pc
-- Installing: /home/terranova/uav_ws/install/absl/lib/pkgconfig/absl_type_traits.pc
-- Installing: /home/terranova/uav_ws/install/absl/lib/pkgconfig/absl_meta.pc
-- Installing: /home/terranova/uav_ws/install/absl/lib/pkgconfig/absl_bits.pc
-- Installing: /home/terranova/uav_ws/install/absl/lib/pkgconfig/absl_int128.pc
-- Installing: /home/terranova/uav_ws/install/absl/lib/libabsl_int128.a
-- Installing: /home/terranova/uav_ws/install/absl/lib/pkgconfig/absl_numeric.pc
-- Installing: /home/terranova/uav_ws/install/absl/lib/pkgconfig/absl_numeric_representation.pc
-- Installing: /home/terranova/uav_ws/install/absl/lib/pkgconfig/absl_sample_recorder.pc
-- Installing: /home/terranova/uav_ws/install/absl/lib/pkgconfig/absl_exponential_biased.pc
-- Installing: /home/terranova/uav_ws/install/absl/lib/libabsl_exponential_biased.a
-- Installing: /home/terranova/uav_ws/install/absl/lib/pkgconfig/absl_periodic_sampler.pc
-- Installing: /home/terranova/uav_ws/install/absl/lib/libabsl_periodic_sampler.a
-- Installing: /home/terranova/uav_ws/install/absl/lib/pkgconfig/absl_random_random.pc
-- Installing: /home/terranova/uav_ws/install/absl/lib/pkgconfig/absl_random_bit_gen_ref.pc
-- Installing: /home/terranova/uav_ws/install/absl/lib/pkgconfig/absl_random_internal_mock_helpers.pc
-- Installing: /home/terranova/uav_ws/install/absl/lib/pkgconfig/absl_random_distributions.pc
-- Installing: /home/terranova/uav_ws/install/absl/lib/libabsl_random_distributions.a
-- Installing: /home/terranova/uav_ws/install/absl/lib/pkgconfig/absl_random_seed_gen_exception.pc
-- Installing: /home/terranova/uav_ws/install/absl/lib/libabsl_random_seed_gen_exception.a
-- Installing: /home/terranova/uav_ws/install/absl/lib/pkgconfig/absl_random_seed_sequences.pc
-- Installing: /home/terranova/uav_ws/install/absl/lib/libabsl_random_seed_sequences.a
-- Installing: /home/terranova/uav_ws/install/absl/lib/pkgconfig/absl_random_internal_traits.pc
-- Installing: /home/terranova/uav_ws/install/absl/lib/pkgconfig/absl_random_internal_distribution_caller.pc
-- Installing: /home/terranova/uav_ws/install/absl/lib/pkgconfig/absl_random_internal_fast_uniform_bits.pc
-- Installing: /home/terranova/uav_ws/install/absl/lib/pkgconfig/absl_random_internal_seed_material.pc
-- Installing: /home/terranova/uav_ws/install/absl/lib/libabsl_random_internal_seed_material.a
-- Installing: /home/terranova/uav_ws/install/absl/lib/pkgconfig/absl_random_internal_pool_urbg.pc
-- Installing: /home/terranova/uav_ws/install/absl/lib/libabsl_random_internal_pool_urbg.a
-- Installing: /home/terranova/uav_ws/install/absl/lib/pkgconfig/absl_random_internal_salted_seed_seq.pc
-- Installing: /home/terranova/uav_ws/install/absl/lib/pkgconfig/absl_random_internal_iostream_state_saver.pc
-- Installing: /home/terranova/uav_ws/install/absl/lib/pkgconfig/absl_random_internal_generate_real.pc
-- Installing: /home/terranova/uav_ws/install/absl/lib/pkgconfig/absl_random_internal_wide_multiply.pc
-- Installing: /home/terranova/uav_ws/install/absl/lib/pkgconfig/absl_random_internal_fastmath.pc
-- Installing: /home/terranova/uav_ws/install/absl/lib/pkgconfig/absl_random_internal_nonsecure_base.pc
-- Installing: /home/terranova/uav_ws/install/absl/lib/pkgconfig/absl_random_internal_pcg_engine.pc
-- Installing: /home/terranova/uav_ws/install/absl/lib/pkgconfig/absl_random_internal_randen_engine.pc
-- Installing: /home/terranova/uav_ws/install/absl/lib/pkgconfig/absl_random_internal_platform.pc
-- Installing: /home/terranova/uav_ws/install/absl/lib/libabsl_random_internal_platform.a
-- Installing: /home/terranova/uav_ws/install/absl/lib/pkgconfig/absl_random_internal_randen.pc
-- Installing: /home/terranova/uav_ws/install/absl/lib/libabsl_random_internal_randen.a
-- Installing: /home/terranova/uav_ws/install/absl/lib/pkgconfig/absl_random_internal_randen_slow.pc
-- Installing: /home/terranova/uav_ws/install/absl/lib/libabsl_random_internal_randen_slow.a
-- Installing: /home/terranova/uav_ws/install/absl/lib/pkgconfig/absl_random_internal_randen_hwaes.pc
-- Installing: /home/terranova/uav_ws/install/absl/lib/libabsl_random_internal_randen_hwaes.a
-- Installing: /home/terranova/uav_ws/install/absl/lib/pkgconfig/absl_random_internal_randen_hwaes_impl.pc
-- Installing: /home/terranova/uav_ws/install/absl/lib/libabsl_random_internal_randen_hwaes_impl.a
-- Installing: /home/terranova/uav_ws/install/absl/lib/pkgconfig/absl_random_internal_distribution_test_util.pc
-- Installing: /home/terranova/uav_ws/install/absl/lib/libabsl_random_internal_distribution_test_util.a
-- Installing: /home/terranova/uav_ws/install/absl/lib/pkgconfig/absl_random_internal_uniform_helper.pc
-- Installing: /home/terranova/uav_ws/install/absl/lib/pkgconfig/absl_status.pc
-- Installing: /home/terranova/uav_ws/install/absl/lib/libabsl_status.a
-- Installing: /home/terranova/uav_ws/install/absl/lib/pkgconfig/absl_statusor.pc
-- Installing: /home/terranova/uav_ws/install/absl/lib/libabsl_statusor.a
-- Installing: /home/terranova/uav_ws/install/absl/lib/pkgconfig/absl_string_view.pc
-- Installing: /home/terranova/uav_ws/install/absl/lib/libabsl_string_view.a
-- Installing: /home/terranova/uav_ws/install/absl/lib/pkgconfig/absl_strings.pc
-- Installing: /home/terranova/uav_ws/install/absl/lib/libabsl_strings.a
-- Installing: /home/terranova/uav_ws/install/absl/lib/pkgconfig/absl_charset.pc
-- Installing: /home/terranova/uav_ws/install/absl/lib/pkgconfig/absl_has_ostream_operator.pc
-- Installing: /home/terranova/uav_ws/install/absl/lib/pkgconfig/absl_strings_internal.pc
-- Installing: /home/terranova/uav_ws/install/absl/lib/libabsl_strings_internal.a
-- Installing: /home/terranova/uav_ws/install/absl/lib/pkgconfig/absl_str_format.pc
-- Installing: /home/terranova/uav_ws/install/absl/lib/pkgconfig/absl_str_format_internal.pc
-- Installing: /home/terranova/uav_ws/install/absl/lib/libabsl_str_format_internal.a
-- Installing: /home/terranova/uav_ws/install/absl/lib/pkgconfig/absl_cord_internal.pc
-- Installing: /home/terranova/uav_ws/install/absl/lib/libabsl_cord_internal.a
-- Installing: /home/terranova/uav_ws/install/absl/lib/pkgconfig/absl_cordz_update_tracker.pc
-- Installing: /home/terranova/uav_ws/install/absl/lib/pkgconfig/absl_cordz_functions.pc
-- Installing: /home/terranova/uav_ws/install/absl/lib/libabsl_cordz_functions.a
-- Installing: /home/terranova/uav_ws/install/absl/lib/pkgconfig/absl_cordz_statistics.pc
-- Installing: /home/terranova/uav_ws/install/absl/lib/pkgconfig/absl_cordz_handle.pc
-- Installing: /home/terranova/uav_ws/install/absl/lib/libabsl_cordz_handle.a
-- Installing: /home/terranova/uav_ws/install/absl/lib/pkgconfig/absl_cordz_info.pc
-- Installing: /home/terranova/uav_ws/install/absl/lib/libabsl_cordz_info.a
-- Installing: /home/terranova/uav_ws/install/absl/lib/pkgconfig/absl_cordz_sample_token.pc
-- Installing: /home/terranova/uav_ws/install/absl/lib/libabsl_cordz_sample_token.a
-- Installing: /home/terranova/uav_ws/install/absl/lib/pkgconfig/absl_cordz_update_scope.pc
-- Installing: /home/terranova/uav_ws/install/absl/lib/pkgconfig/absl_cord.pc
-- Installing: /home/terranova/uav_ws/install/absl/lib/libabsl_cord.a
-- Installing: /home/terranova/uav_ws/install/absl/lib/pkgconfig/absl_graphcycles_internal.pc
-- Installing: /home/terranova/uav_ws/install/absl/lib/libabsl_graphcycles_internal.a
-- Installing: /home/terranova/uav_ws/install/absl/lib/pkgconfig/absl_kernel_timeout_internal.pc
-- Installing: /home/terranova/uav_ws/install/absl/lib/libabsl_kernel_timeout_internal.a
-- Installing: /home/terranova/uav_ws/install/absl/lib/pkgconfig/absl_synchronization.pc
-- Installing: /home/terranova/uav_ws/install/absl/lib/libabsl_synchronization.a
-- Installing: /home/terranova/uav_ws/install/absl/lib/pkgconfig/absl_time.pc
-- Installing: /home/terranova/uav_ws/install/absl/lib/libabsl_time.a
-- Installing: /home/terranova/uav_ws/install/absl/lib/pkgconfig/absl_civil_time.pc
-- Installing: /home/terranova/uav_ws/install/absl/lib/libabsl_civil_time.a
-- Installing: /home/terranova/uav_ws/install/absl/lib/pkgconfig/absl_time_zone.pc
-- Installing: /home/terranova/uav_ws/install/absl/lib/libabsl_time_zone.a
-- Installing: /home/terranova/uav_ws/install/absl/lib/pkgconfig/absl_any.pc
-- Installing: /home/terranova/uav_ws/install/absl/lib/pkgconfig/absl_bad_any_cast.pc
-- Installing: /home/terranova/uav_ws/install/absl/lib/pkgconfig/absl_bad_any_cast_impl.pc
-- Installing: /home/terranova/uav_ws/install/absl/lib/libabsl_bad_any_cast_impl.a
-- Installing: /home/terranova/uav_ws/install/absl/lib/pkgconfig/absl_span.pc
-- Installing: /home/terranova/uav_ws/install/absl/lib/pkgconfig/absl_optional.pc
-- Installing: /home/terranova/uav_ws/install/absl/lib/pkgconfig/absl_bad_optional_access.pc
-- Installing: /home/terranova/uav_ws/install/absl/lib/libabsl_bad_optional_access.a
-- Installing: /home/terranova/uav_ws/install/absl/lib/pkgconfig/absl_bad_variant_access.pc
-- Installing: /home/terranova/uav_ws/install/absl/lib/libabsl_bad_variant_access.a
-- Installing: /home/terranova/uav_ws/install/absl/lib/pkgconfig/absl_variant.pc
-- Installing: /home/terranova/uav_ws/install/absl/lib/pkgconfig/absl_compare.pc
-- Installing: /home/terranova/uav_ws/install/absl/lib/pkgconfig/absl_utility.pc
-- Installing: /home/terranova/uav_ws/install/absl/lib/pkgconfig/absl_if_constexpr.pc
