[0.049s] Invoking command in '/home/terranova/uav_ws/build/absl': /home/terranova/.local/bin/cmake /home/terranova/uav_ws/src/abseil-cpp -DCMAKE_INSTALL_PREFIX=/home/terranova/uav_ws/install/absl
[0.308s] -- The CXX compiler identification is GNU 9.4.0
[0.364s] -- Detecting CXX compiler ABI info
[0.530s] -- Detecting CXX compiler ABI info - done
[0.582s] -- Check for working CXX compiler: /usr/lib/ccache/c++ - skipped
[0.583s] -- Detecting CXX compile features
[0.585s] -- Detecting CXX compile features - done
[0.622s] [33mCMake Warning at CMakeLists.txt:82 (message):
[0.623s]   A future Abseil release will default ABSL_PROPAGATE_CXX_STD to ON for CMake
[0.623s]   3.8 and up.  We recommend enabling this option to ensure your project still
[0.623s]   builds correctly.
[0.624s] 
[0.624s] [0m
[0.642s] -- Performing Test ABSL_INTERNAL_AT_LEAST_CXX17
[0.738s] -- Performing Test ABSL_INTERNAL_AT_LEAST_CXX17 - Failed
[0.738s] -- Performing Test ABSL_INTERNAL_AT_LEAST_CXX20
[0.884s] -- Performing Test ABSL_INTERNAL_AT_LEAST_CXX20 - Failed
[0.902s] -- Performing Test CMAKE_HAVE_LIBC_PTHREAD
[1.203s] -- Performing Test CMAKE_HAVE_LIBC_PTHREAD - Failed
[1.203s] -- Looking for pthread_create in pthreads
[1.380s] -- Looking for pthread_create in pthreads - not found
[1.380s] -- Looking for pthread_create in pthread
[1.627s] -- Looking for pthread_create in pthread - found
[1.630s] -- Found Threads: TRUE  
[2.200s] -- Configuring done (2.1s)
[3.225s] -- Generating done (0.9s)
[3.274s] -- Build files have been written to: /home/terranova/uav_ws/build/absl
[3.336s] Invoked command in '/home/terranova/uav_ws/build/absl' returned '0': /home/terranova/.local/bin/cmake /home/terranova/uav_ws/src/abseil-cpp -DCMAKE_INSTALL_PREFIX=/home/terranova/uav_ws/install/absl
[3.337s] Invoking command in '/home/terranova/uav_ws/build/absl': /home/terranova/.local/bin/cmake --build /home/terranova/uav_ws/build/absl -- -j4 -l4
[3.625s] [  0%] [32mBuilding CXX object absl/base/CMakeFiles/log_severity.dir/log_severity.cc.o[0m
[3.657s] [  1%] [32m[1mLinking CXX static library libabsl_log_severity.a[0m
[3.687s] [  1%] Built target log_severity
[3.708s] [  2%] [32mBuilding CXX object absl/time/CMakeFiles/time_zone.dir/internal/cctz/src/time_zone_fixed.cc.o[0m
[3.738s] [  2%] [32mBuilding CXX object absl/time/CMakeFiles/time_zone.dir/internal/cctz/src/time_zone_format.cc.o[0m
[3.763s] [  3%] [32mBuilding CXX object absl/time/CMakeFiles/time_zone.dir/internal/cctz/src/time_zone_if.cc.o[0m
[3.791s] [  3%] [32mBuilding CXX object absl/time/CMakeFiles/time_zone.dir/internal/cctz/src/time_zone_impl.cc.o[0m
[3.820s] [  4%] [32mBuilding CXX object absl/time/CMakeFiles/time_zone.dir/internal/cctz/src/time_zone_info.cc.o[0m
[3.850s] [  4%] [32mBuilding CXX object absl/time/CMakeFiles/time_zone.dir/internal/cctz/src/time_zone_libc.cc.o[0m
[3.875s] [  4%] [32mBuilding CXX object absl/time/CMakeFiles/time_zone.dir/internal/cctz/src/time_zone_lookup.cc.o[0m
[3.900s] [  5%] [32mBuilding CXX object absl/time/CMakeFiles/time_zone.dir/internal/cctz/src/time_zone_posix.cc.o[0m
[3.920s] [  5%] [32mBuilding CXX object absl/time/CMakeFiles/time_zone.dir/internal/cctz/src/zone_info_source.cc.o[0m
[3.943s] [  6%] [32m[1mLinking CXX static library libabsl_time_zone.a[0m
[4.003s] [  6%] Built target time_zone
[4.022s] [  7%] [32mBuilding CXX object absl/numeric/CMakeFiles/int128.dir/int128.cc.o[0m
[4.053s] [  7%] [32m[1mLinking CXX static library libabsl_int128.a[0m
[4.084s] [  7%] Built target int128
[4.103s] [  7%] [32mBuilding CXX object absl/profiling/CMakeFiles/exponential_biased.dir/internal/exponential_biased.cc.o[0m
[4.122s] [  7%] [32m[1mLinking CXX static library libabsl_exponential_biased.a[0m
[4.158s] [  7%] Built target exponential_biased
[4.179s] [  8%] [32mBuilding CXX object absl/time/CMakeFiles/civil_time.dir/internal/cctz/src/civil_time_detail.cc.o[0m
[4.218s] [  8%] [32m[1mLinking CXX static library libabsl_civil_time.a[0m
[4.306s] [  8%] Built target civil_time
[4.377s] [  9%] [32mBuilding CXX object absl/debugging/CMakeFiles/leak_check.dir/leak_check.cc.o[0m
[4.424s] [  9%] [32m[1mLinking CXX static library libabsl_leak_check.a[0m
[4.506s] [  9%] Built target leak_check
[4.525s] [ 10%] [32mBuilding CXX object absl/flags/CMakeFiles/flags_commandlineflag_internal.dir/internal/commandlineflag.cc.o[0m
[4.542s] [ 10%] [32m[1mLinking CXX static library libabsl_flags_commandlineflag_internal.a[0m
[4.579s] [ 10%] Built target flags_commandlineflag_internal
[4.596s] [ 11%] [32mBuilding CXX object absl/log/CMakeFiles/log_internal_nullguard.dir/internal/nullguard.cc.o[0m
[4.618s] [ 11%] [32m[1mLinking CXX static library libabsl_log_internal_nullguard.a[0m
[4.657s] [ 11%] Built target log_internal_nullguard
[4.676s] [ 12%] [32mBuilding CXX object absl/profiling/CMakeFiles/periodic_sampler.dir/internal/periodic_sampler.cc.o[0m
[4.697s] [ 12%] [32m[1mLinking CXX static library libabsl_periodic_sampler.a[0m
[4.732s] [ 12%] Built target periodic_sampler
[4.751s] [ 12%] [32mBuilding CXX object absl/random/CMakeFiles/random_seed_gen_exception.dir/seed_gen_exception.cc.o[0m
[4.780s] [ 12%] [32m[1mLinking CXX static library libabsl_random_seed_gen_exception.a[0m
[4.816s] [ 12%] Built target random_seed_gen_exception
[4.834s] [ 12%] [32mBuilding CXX object absl/random/CMakeFiles/random_internal_platform.dir/internal/randen_round_keys.cc.o[0m
[4.856s] [ 13%] [32m[1mLinking CXX static library libabsl_random_internal_platform.a[0m
[4.890s] [ 13%] Built target random_internal_platform
[4.910s] [ 14%] [32mBuilding CXX object absl/base/CMakeFiles/raw_logging_internal.dir/internal/raw_logging.cc.o[0m
[4.942s] [ 14%] [32m[1mLinking CXX static library libabsl_raw_logging_internal.a[0m
[4.973s] [ 14%] Built target raw_logging_internal
[4.991s] [ 15%] [32mBuilding CXX object absl/random/CMakeFiles/random_internal_randen_hwaes_impl.dir/internal/randen_hwaes.cc.o[0m
[5.059s] [ 15%] [32m[1mLinking CXX static library libabsl_random_internal_randen_hwaes_impl.a[0m
[5.092s] [ 15%] Built target random_internal_randen_hwaes_impl
[5.111s] [ 15%] [32mBuilding CXX object absl/random/CMakeFiles/random_internal_randen_slow.dir/internal/randen_slow.cc.o[0m
[5.138s] [ 16%] [32m[1mLinking CXX static library libabsl_random_internal_randen_slow.a[0m
[5.167s] [ 16%] Built target random_internal_randen_slow
[5.190s] [ 16%] [32mBuilding CXX object absl/types/CMakeFiles/bad_any_cast_impl.dir/bad_any_cast.cc.o[0m
[5.214s] [ 16%] [32m[1mLinking CXX static library libabsl_bad_any_cast_impl.a[0m
[5.247s] [ 16%] Built target bad_any_cast_impl
[5.267s] [ 16%] [32mBuilding CXX object absl/base/CMakeFiles/throw_delegate.dir/internal/throw_delegate.cc.o[0m
[5.295s] [ 17%] [32m[1mLinking CXX static library libabsl_throw_delegate.a[0m
[5.327s] [ 17%] Built target throw_delegate
[5.347s] [ 17%] [32mBuilding CXX object absl/base/CMakeFiles/scoped_set_env.dir/internal/scoped_set_env.cc.o[0m
[5.371s] [ 18%] [32m[1mLinking CXX static library libabsl_scoped_set_env.a[0m
[5.402s] [ 18%] Built target scoped_set_env
[5.423s] [ 19%] [32mBuilding CXX object absl/debugging/CMakeFiles/debugging_internal.dir/internal/address_is_readable.cc.o[0m
[5.448s] [ 19%] [32mBuilding CXX object absl/debugging/CMakeFiles/debugging_internal.dir/internal/elf_mem_image.cc.o[0m
[5.475s] [ 20%] [32mBuilding CXX object absl/debugging/CMakeFiles/debugging_internal.dir/internal/vdso_support.cc.o[0m
[5.501s] [ 20%] [32m[1mLinking CXX static library libabsl_debugging_internal.a[0m
[5.536s] [ 20%] Built target debugging_internal
[5.557s] [ 21%] [32mBuilding CXX object absl/types/CMakeFiles/bad_variant_access.dir/bad_variant_access.cc.o[0m
[5.587s] [ 21%] [32m[1mLinking CXX static library libabsl_bad_variant_access.a[0m
[5.619s] [ 21%] Built target bad_variant_access
[5.638s] [ 22%] [32mBuilding CXX object absl/types/CMakeFiles/bad_optional_access.dir/bad_optional_access.cc.o[0m
[5.667s] [ 22%] [32m[1mLinking CXX static library libabsl_bad_optional_access.a[0m
[5.702s] [ 22%] Built target bad_optional_access
[5.720s] [ 22%] [32mBuilding CXX object absl/strings/CMakeFiles/cordz_functions.dir/internal/cordz_functions.cc.o[0m
[5.748s] [ 23%] [32m[1mLinking CXX static library libabsl_cordz_functions.a[0m
[5.782s] [ 23%] Built target cordz_functions
[5.803s] [ 24%] [32mBuilding CXX object absl/random/CMakeFiles/random_internal_randen_hwaes.dir/internal/randen_detect.cc.o[0m
[5.819s] [ 24%] [32m[1mLinking CXX static library libabsl_random_internal_randen_hwaes.a[0m
[5.847s] [ 24%] Built target random_internal_randen_hwaes
[5.866s] [ 24%] [32mBuilding CXX object absl/debugging/CMakeFiles/stacktrace.dir/stacktrace.cc.o[0m
[5.885s] [ 25%] [32m[1mLinking CXX static library libabsl_stacktrace.a[0m
[5.918s] [ 25%] Built target stacktrace
[5.936s] [ 26%] [32mBuilding CXX object absl/random/CMakeFiles/random_internal_randen.dir/internal/randen.cc.o[0m
[5.966s] [ 26%] [32m[1mLinking CXX static library libabsl_random_internal_randen.a[0m
[5.999s] [ 26%] Built target random_internal_randen
[6.018s] [ 26%] [32mBuilding CXX object absl/base/CMakeFiles/strerror.dir/internal/strerror.cc.o[0m
[6.041s] [ 27%] [32m[1mLinking CXX static library libabsl_strerror.a[0m
[6.081s] [ 27%] Built target strerror
[6.106s] [ 27%] [32mBuilding CXX object absl/base/CMakeFiles/spinlock_wait.dir/internal/spinlock_wait.cc.o[0m
[6.127s] [ 28%] [32m[1mLinking CXX static library libabsl_spinlock_wait.a[0m
[6.157s] [ 28%] Built target spinlock_wait
[6.177s] [ 28%] [32mBuilding CXX object absl/base/CMakeFiles/base.dir/internal/cycleclock.cc.o[0m
[6.202s] [ 29%] [32mBuilding CXX object absl/base/CMakeFiles/base.dir/internal/thread_identity.cc.o[0m
[6.233s] [ 29%] [32mBuilding CXX object absl/base/CMakeFiles/base.dir/internal/unscaledcycleclock.cc.o[0m
[6.248s] [ 29%] [32mBuilding CXX object absl/base/CMakeFiles/base.dir/internal/sysinfo.cc.o[0m
[6.277s] [ 30%] [32mBuilding CXX object absl/base/CMakeFiles/base.dir/internal/spinlock.cc.o[0m
[6.305s] [ 31%] [32m[1mLinking CXX static library libabsl_base.a[0m
[6.347s] [ 31%] Built target base
[6.367s] [ 31%] [32mBuilding CXX object absl/base/CMakeFiles/malloc_internal.dir/internal/low_level_alloc.cc.o[0m
[6.398s] [ 31%] [32m[1mLinking CXX static library libabsl_malloc_internal.a[0m
[6.433s] [ 31%] Built target malloc_internal
[6.452s] [ 31%] [32mBuilding CXX object absl/strings/CMakeFiles/string_view.dir/string_view.cc.o[0m
[6.487s] [ 32%] [32m[1mLinking CXX static library libabsl_string_view.a[0m
[6.525s] [ 32%] Built target string_view
[6.544s] [ 32%] [32mBuilding CXX object absl/hash/CMakeFiles/city.dir/internal/city.cc.o[0m
[6.570s] [ 32%] [32m[1mLinking CXX static library libabsl_city.a[0m
[6.606s] [ 32%] Built target city
[6.625s] [ 32%] [32mBuilding CXX object absl/hash/CMakeFiles/low_level_hash.dir/internal/low_level_hash.cc.o[0m
[6.657s] [ 33%] [32m[1mLinking CXX static library libabsl_low_level_hash.a[0m
[6.688s] [ 33%] Built target low_level_hash
[6.706s] [ 34%] [32mBuilding CXX object absl/crc/CMakeFiles/crc_cpu_detect.dir/internal/cpu_detect.cc.o[0m
[6.727s] [ 34%] [32m[1mLinking CXX static library libabsl_crc_cpu_detect.a[0m
[6.759s] [ 34%] Built target crc_cpu_detect
[6.779s] [ 35%] [32mBuilding CXX object absl/log/CMakeFiles/log_internal_conditions.dir/internal/conditions.cc.o[0m
[6.802s] [ 35%] [32m[1mLinking CXX static library libabsl_log_internal_conditions.a[0m
[6.839s] [ 35%] Built target log_internal_conditions
[6.859s] [ 35%] [32mBuilding CXX object absl/synchronization/CMakeFiles/graphcycles_internal.dir/internal/graphcycles.cc.o[0m
[6.888s] [ 35%] [32m[1mLinking CXX static library libabsl_graphcycles_internal.a[0m
[6.925s] [ 35%] Built target graphcycles_internal
[6.945s] [ 35%] [32mBuilding CXX object absl/crc/CMakeFiles/crc_internal.dir/internal/crc.cc.o[0m
[6.974s] [ 36%] [32mBuilding CXX object absl/crc/CMakeFiles/crc_internal.dir/internal/crc_x86_arm_combined.cc.o[0m
[7.005s] [ 36%] [32m[1mLinking CXX static library libabsl_crc_internal.a[0m
[7.045s] [ 36%] Built target crc_internal
[7.064s] [ 36%] [32mBuilding CXX object absl/debugging/CMakeFiles/demangle_internal.dir/internal/demangle.cc.o[0m
[7.086s] [ 37%] [32m[1mLinking CXX static library libabsl_demangle_internal.a[0m
[7.128s] [ 37%] Built target demangle_internal
[7.147s] [ 37%] [32mBuilding CXX object absl/strings/CMakeFiles/strings_internal.dir/internal/ostringstream.cc.o[0m
[7.171s] [ 37%] [32mBuilding CXX object absl/strings/CMakeFiles/strings_internal.dir/internal/escaping.cc.o[0m
[7.200s] [ 38%] [32mBuilding CXX object absl/strings/CMakeFiles/strings_internal.dir/internal/utf8.cc.o[0m
[7.212s] [ 39%] [32m[1mLinking CXX static library libabsl_strings_internal.a[0m
[7.253s] [ 39%] Built target strings_internal
[7.275s] [ 39%] [32mBuilding CXX object absl/strings/CMakeFiles/strings.dir/ascii.cc.o[0m
[7.306s] [ 39%] [32mBuilding CXX object absl/strings/CMakeFiles/strings.dir/internal/charconv_bigint.cc.o[0m
[7.336s] [ 40%] [32mBuilding CXX object absl/strings/CMakeFiles/strings.dir/internal/charconv_parse.cc.o[0m
[7.365s] [ 40%] [32mBuilding CXX object absl/strings/CMakeFiles/strings.dir/internal/damerau_levenshtein_distance.cc.o[0m
[7.390s] [ 41%] [32mBuilding CXX object absl/strings/CMakeFiles/strings.dir/internal/memutil.cc.o[0m
[7.416s] [ 41%] [32mBuilding CXX object absl/strings/CMakeFiles/strings.dir/internal/stringify_sink.cc.o[0m
[7.442s] [ 42%] [32mBuilding CXX object absl/strings/CMakeFiles/strings.dir/match.cc.o[0m
[7.469s] [ 42%] [32mBuilding CXX object absl/strings/CMakeFiles/strings.dir/numbers.cc.o[0m
[7.500s] [ 42%] [32mBuilding CXX object absl/strings/CMakeFiles/strings.dir/str_cat.cc.o[0m
[7.527s] [ 43%] [32mBuilding CXX object absl/strings/CMakeFiles/strings.dir/str_replace.cc.o[0m
[7.556s] [ 43%] [32mBuilding CXX object absl/strings/CMakeFiles/strings.dir/str_split.cc.o[0m
[7.590s] [ 44%] [32mBuilding CXX object absl/strings/CMakeFiles/strings.dir/substitute.cc.o[0m
[7.627s] [ 44%] [32mBuilding CXX object absl/strings/CMakeFiles/strings.dir/escaping.cc.o[0m
[7.670s] [ 45%] [32mBuilding CXX object absl/strings/CMakeFiles/strings.dir/charconv.cc.o[0m
[7.702s] [ 45%] [32m[1mLinking CXX static library libabsl_strings.a[0m
[7.749s] [ 45%] Built target strings
[7.768s] [ 45%] [32mBuilding CXX object absl/debugging/CMakeFiles/symbolize.dir/symbolize.cc.o[0m
[7.806s] [ 46%] [32m[1mLinking CXX static library libabsl_symbolize.a[0m
[7.837s] [ 46%] Built target symbolize
[7.859s] [ 46%] [32mBuilding CXX object absl/strings/CMakeFiles/str_format_internal.dir/internal/str_format/arg.cc.o[0m
[7.893s] [ 47%] [32mBuilding CXX object absl/strings/CMakeFiles/str_format_internal.dir/internal/str_format/bind.cc.o[0m
[7.949s] [ 47%] [32mBuilding CXX object absl/strings/CMakeFiles/str_format_internal.dir/internal/str_format/extension.cc.o[0m
[7.977s] [ 48%] [32mBuilding CXX object absl/strings/CMakeFiles/str_format_internal.dir/internal/str_format/float_conversion.cc.o[0m
[8.012s] [ 48%] [32mBuilding CXX object absl/strings/CMakeFiles/str_format_internal.dir/internal/str_format/output.cc.o[0m
[8.038s] [ 49%] [32mBuilding CXX object absl/strings/CMakeFiles/str_format_internal.dir/internal/str_format/parser.cc.o[0m
[8.068s] [ 49%] [32m[1mLinking CXX static library libabsl_str_format_internal.a[0m
[8.122s] [ 49%] Built target str_format_internal
[8.141s] [ 50%] [32mBuilding CXX object absl/flags/CMakeFiles/flags_commandlineflag.dir/commandlineflag.cc.o[0m
[8.171s] [ 50%] [32m[1mLinking CXX static library libabsl_flags_commandlineflag.a[0m
[8.205s] [ 50%] Built target flags_commandlineflag
[8.225s] [ 51%] [32mBuilding CXX object absl/log/CMakeFiles/log_internal_proto.dir/internal/proto.cc.o[0m
[8.253s] [ 51%] [32m[1mLinking CXX static library libabsl_log_internal_proto.a[0m
[8.293s] [ 51%] Built target log_internal_proto
[8.313s] [ 51%] [32mBuilding CXX object absl/log/CMakeFiles/log_internal_fnmatch.dir/internal/fnmatch.cc.o[0m
[8.341s] [ 52%] [32m[1mLinking CXX static library libabsl_log_internal_fnmatch.a[0m
[8.388s] [ 52%] Built target log_internal_fnmatch
[8.409s] [ 53%] [32mBuilding CXX object absl/random/CMakeFiles/random_distributions.dir/discrete_distribution.cc.o[0m
[8.450s] [ 53%] [32mBuilding CXX object absl/random/CMakeFiles/random_distributions.dir/gaussian_distribution.cc.o[0m
[8.483s] [ 53%] [32m[1mLinking CXX static library libabsl_random_distributions.a[0m
[8.519s] [ 53%] Built target random_distributions
[8.539s] [ 53%] [32mBuilding CXX object absl/random/CMakeFiles/random_internal_seed_material.dir/internal/seed_material.cc.o[0m
[8.574s] [ 54%] [32m[1mLinking CXX static library libabsl_random_internal_seed_material.a[0m
[8.608s] [ 54%] Built target random_internal_seed_material
[8.627s] [ 55%] [32mBuilding CXX object absl/random/CMakeFiles/random_internal_distribution_test_util.dir/internal/chi_square.cc.o[0m
[8.664s] [ 55%] [32mBuilding CXX object absl/random/CMakeFiles/random_internal_distribution_test_util.dir/internal/distribution_test_util.cc.o[0m
[8.694s] [ 56%] [32m[1mLinking CXX static library libabsl_random_internal_distribution_test_util.a[0m
[8.738s] [ 56%] Built target random_internal_distribution_test_util
[8.760s] [ 57%] [32mBuilding CXX object absl/crc/CMakeFiles/crc32c.dir/crc32c.cc.o[0m
[8.792s] [ 57%] [32mBuilding CXX object absl/crc/CMakeFiles/crc32c.dir/internal/crc_memcpy_fallback.cc.o[0m
[8.826s] [ 58%] [32mBuilding CXX object absl/crc/CMakeFiles/crc32c.dir/internal/crc_memcpy_x86_arm_combined.cc.o[0m
[8.855s] [ 58%] [32mBuilding CXX object absl/crc/CMakeFiles/crc32c.dir/internal/crc_non_temporal_memcpy.cc.o[0m
[8.892s] [ 58%] [32m[1mLinking CXX static library libabsl_crc32c.a[0m
[8.935s] [ 58%] Built target crc32c
[8.992s] [ 58%] [32mBuilding CXX object absl/debugging/CMakeFiles/examine_stack.dir/internal/examine_stack.cc.o[0m
[9.031s] [ 59%] [32m[1mLinking CXX static library libabsl_examine_stack.a[0m
[9.067s] [ 59%] Built target examine_stack
[9.081s] [ 59%] [32mBuilding CXX object absl/flags/CMakeFiles/flags_marshalling.dir/marshalling.cc.o[0m
[9.121s] [ 59%] [32m[1mLinking CXX static library libabsl_flags_marshalling.a[0m
[9.176s] [ 59%] Built target flags_marshalling
[9.195s] [ 60%] [32mBuilding CXX object absl/flags/CMakeFiles/flags_private_handle_accessor.dir/internal/private_handle_accessor.cc.o[0m
[9.221s] [ 60%] [32m[1mLinking CXX static library libabsl_flags_private_handle_accessor.a[0m
[9.252s] [ 60%] Built target flags_private_handle_accessor
[9.271s] [ 60%] [32mBuilding CXX object absl/random/CMakeFiles/random_internal_pool_urbg.dir/internal/pool_urbg.cc.o[0m
[9.299s] [ 60%] [32m[1mLinking CXX static library libabsl_random_internal_pool_urbg.a[0m
[9.346s] [ 60%] Built target random_internal_pool_urbg
[9.366s] [ 61%] [32mBuilding CXX object absl/crc/CMakeFiles/crc_cord_state.dir/internal/crc_cord_state.cc.o[0m
[9.404s] [ 61%] [32m[1mLinking CXX static library libabsl_crc_cord_state.a[0m
[9.441s] [ 61%] Built target crc_cord_state
[9.461s] [ 62%] [32mBuilding CXX object absl/debugging/CMakeFiles/failure_signal_handler.dir/failure_signal_handler.cc.o[0m
[9.491s] [ 62%] [32m[1mLinking CXX static library libabsl_failure_signal_handler.a[0m
[9.528s] [ 62%] Built target failure_signal_handler
[9.548s] [ 63%] [32mBuilding CXX object absl/random/CMakeFiles/random_seed_sequences.dir/seed_sequences.cc.o[0m
[9.587s] [ 63%] [32m[1mLinking CXX static library libabsl_random_seed_sequences.a[0m
[9.626s] [ 63%] Built target random_seed_sequences
[9.647s] [ 63%] [32mBuilding CXX object absl/strings/CMakeFiles/cord_internal.dir/internal/cord_internal.cc.o[0m
[9.698s] [ 64%] [32mBuilding CXX object absl/strings/CMakeFiles/cord_internal.dir/internal/cord_rep_btree.cc.o[0m
[9.730s] [ 64%] [32mBuilding CXX object absl/strings/CMakeFiles/cord_internal.dir/internal/cord_rep_btree_navigator.cc.o[0m
[9.758s] [ 65%] [32mBuilding CXX object absl/strings/CMakeFiles/cord_internal.dir/internal/cord_rep_btree_reader.cc.o[0m
[9.787s] [ 65%] [32mBuilding CXX object absl/strings/CMakeFiles/cord_internal.dir/internal/cord_rep_crc.cc.o[0m
[9.817s] [ 65%] [32mBuilding CXX object absl/strings/CMakeFiles/cord_internal.dir/internal/cord_rep_consume.cc.o[0m
[9.844s] [ 66%] [32m[1mLinking CXX static library libabsl_cord_internal.a[0m
[9.887s] [ 66%] Built target cord_internal
[9.905s] [ 67%] [32mBuilding CXX object absl/hash/CMakeFiles/hash.dir/internal/hash.cc.o[0m
[9.957s] [ 67%] [32m[1mLinking CXX static library libabsl_hash.a[0m
[9.997s] [ 67%] Built target hash
[10.019s] [ 67%] [32mBuilding CXX object absl/time/CMakeFiles/time.dir/civil_time.cc.o[0m
[10.058s] [ 68%] [32mBuilding CXX object absl/time/CMakeFiles/time.dir/format.cc.o[0m
[10.098s] [ 68%] [32mBuilding CXX object absl/time/CMakeFiles/time.dir/time.cc.o[0m
[10.133s] [ 68%] [32mBuilding CXX object absl/time/CMakeFiles/time.dir/duration.cc.o[0m
[10.184s] [ 69%] [32mBuilding CXX object absl/time/CMakeFiles/time.dir/clock.cc.o[0m
[10.247s] [ 69%] [32m[1mLinking CXX static library libabsl_time.a[0m
[10.310s] [ 69%] Built target time
[10.334s] [ 70%] [32mBuilding CXX object absl/synchronization/CMakeFiles/kernel_timeout_internal.dir/internal/kernel_timeout.cc.o[0m
[10.370s] [ 70%] [32m[1mLinking CXX static library libabsl_kernel_timeout_internal.a[0m
[10.403s] [ 70%] Built target kernel_timeout_internal
[10.422s] [ 70%] [32mBuilding CXX object absl/log/CMakeFiles/log_entry.dir/log_entry.cc.o[0m
[10.456s] [ 71%] [32m[1mLinking CXX static library libabsl_log_entry.a[0m
[10.489s] [ 71%] Built target log_entry
[10.513s] [ 71%] [32mBuilding CXX object absl/synchronization/CMakeFiles/synchronization.dir/barrier.cc.o[0m
[10.546s] [ 71%] [32mBuilding CXX object absl/synchronization/CMakeFiles/synchronization.dir/blocking_counter.cc.o[0m
[10.578s] [ 72%] [32mBuilding CXX object absl/synchronization/CMakeFiles/synchronization.dir/internal/create_thread_identity.cc.o[0m
[10.617s] [ 72%] [32mBuilding CXX object absl/synchronization/CMakeFiles/synchronization.dir/internal/futex_waiter.cc.o[0m
[10.652s] [ 73%] [32mBuilding CXX object absl/synchronization/CMakeFiles/synchronization.dir/internal/per_thread_sem.cc.o[0m
[10.691s] [ 73%] [32mBuilding CXX object absl/synchronization/CMakeFiles/synchronization.dir/internal/pthread_waiter.cc.o[0m
[10.727s] [ 74%] [32mBuilding CXX object absl/synchronization/CMakeFiles/synchronization.dir/internal/sem_waiter.cc.o[0m
[10.778s] [ 74%] [32mBuilding CXX object absl/synchronization/CMakeFiles/synchronization.dir/internal/stdcpp_waiter.cc.o[0m
[10.816s] [ 74%] [32mBuilding CXX object absl/synchronization/CMakeFiles/synchronization.dir/internal/waiter_base.cc.o[0m
[10.857s] [ 75%] [32mBuilding CXX object absl/synchronization/CMakeFiles/synchronization.dir/internal/win32_waiter.cc.o[0m
[10.880s] [ 75%] [32mBuilding CXX object absl/synchronization/CMakeFiles/synchronization.dir/notification.cc.o[0m
[10.915s] [ 76%] [32mBuilding CXX object absl/synchronization/CMakeFiles/synchronization.dir/mutex.cc.o[0m
[10.955s] [ 76%] [32m[1mLinking CXX static library libabsl_synchronization.a[0m
[11.019s] [ 76%] Built target synchronization
[11.052s] [ 76%] [32mBuilding CXX object absl/log/CMakeFiles/log_sink.dir/log_sink.cc.o[0m
[11.076s] [ 77%] [32m[1mLinking CXX static library libabsl_log_sink.a[0m
[11.107s] [ 77%] Built target log_sink
[11.128s] [ 78%] [32mBuilding CXX object absl/flags/CMakeFiles/flags_program_name.dir/internal/program_name.cc.o[0m
[11.162s] [ 78%] [32m[1mLinking CXX static library libabsl_flags_program_name.a[0m
[11.201s] [ 78%] Built target flags_program_name
[11.222s] [ 78%] [32mBuilding CXX object absl/strings/CMakeFiles/cordz_handle.dir/internal/cordz_handle.cc.o[0m
[11.252s] [ 79%] [32m[1mLinking CXX static library libabsl_cordz_handle.a[0m
[11.286s] [ 79%] Built target cordz_handle
[11.304s] [ 79%] [32mBuilding CXX object absl/log/CMakeFiles/vlog_config_internal.dir/internal/vlog_config.cc.o[0m
[11.345s] [ 80%] [32m[1mLinking CXX static library libabsl_vlog_config_internal.a[0m
[11.381s] [ 80%] Built target vlog_config_internal
[11.405s] [ 80%] [32mBuilding CXX object absl/flags/CMakeFiles/flags_config.dir/usage_config.cc.o[0m
[11.438s] [ 81%] [32m[1mLinking CXX static library libabsl_flags_config.a[0m
[11.475s] [ 81%] Built target flags_config
[11.494s] [ 81%] [32mBuilding CXX object absl/strings/CMakeFiles/cordz_info.dir/internal/cordz_info.cc.o[0m
[11.537s] [ 81%] [32m[1mLinking CXX static library libabsl_cordz_info.a[0m
[11.568s] [ 81%] Built target cordz_info
[11.586s] [ 81%] [32mBuilding CXX object absl/log/CMakeFiles/log_globals.dir/globals.cc.o[0m
[11.632s] [ 82%] [32m[1mLinking CXX static library libabsl_log_globals.a[0m
[11.673s] [ 82%] Built target log_globals
[11.694s] [ 83%] [32mBuilding CXX object absl/strings/CMakeFiles/cord.dir/cord.cc.o[0m
[11.742s] [ 83%] [32mBuilding CXX object absl/strings/CMakeFiles/cord.dir/cord_analysis.cc.o[0m
[11.788s] [ 84%] [32mBuilding CXX object absl/strings/CMakeFiles/cord.dir/cord_buffer.cc.o[0m
[11.820s] [ 84%] [32m[1mLinking CXX static library libabsl_cord.a[0m
[11.887s] [ 84%] Built target cord
[11.906s] [ 84%] [32mBuilding CXX object absl/flags/CMakeFiles/flags_internal.dir/internal/flag.cc.o[0m
[11.949s] [ 85%] [32m[1mLinking CXX static library libabsl_flags_internal.a[0m
[11.984s] [ 85%] Built target flags_internal
[12.004s] [ 86%] [32mBuilding CXX object absl/strings/CMakeFiles/cordz_sample_token.dir/internal/cordz_sample_token.cc.o[0m
[12.034s] [ 86%] [32m[1mLinking CXX static library libabsl_cordz_sample_token.a[0m
[12.065s] [ 86%] Built target cordz_sample_token
[12.085s] [ 86%] [32mBuilding CXX object absl/status/CMakeFiles/status.dir/internal/status_internal.cc.o[0m
[12.141s] [ 86%] [32mBuilding CXX object absl/status/CMakeFiles/status.dir/status.cc.o[0m
[12.249s] [ 87%] [32mBuilding CXX object absl/status/CMakeFiles/status.dir/status_payload_printer.cc.o[0m
[12.308s] [ 87%] [32m[1mLinking CXX static library libabsl_status.a[0m
[12.451s] [ 87%] Built target status
[12.481s] [ 88%] [32mBuilding CXX object absl/container/CMakeFiles/hashtablez_sampler.dir/internal/hashtablez_sampler.cc.o[0m
[12.514s] [ 88%] [32mBuilding CXX object absl/container/CMakeFiles/hashtablez_sampler.dir/internal/hashtablez_sampler_force_weak_definition.cc.o[0m
[12.543s] [ 88%] [32m[1mLinking CXX static library libabsl_hashtablez_sampler.a[0m
[12.575s] [ 88%] Built target hashtablez_sampler
[12.594s] [ 89%] [32mBuilding CXX object absl/status/CMakeFiles/statusor.dir/statusor.cc.o[0m
[12.637s] [ 89%] [32m[1mLinking CXX static library libabsl_statusor.a[0m
[12.673s] [ 89%] Built target statusor
[12.694s] [ 90%] [32mBuilding CXX object absl/container/CMakeFiles/raw_hash_set.dir/internal/raw_hash_set.cc.o[0m
[12.737s] [ 90%] [32m[1mLinking CXX static library libabsl_raw_hash_set.a[0m
[12.770s] [ 90%] Built target raw_hash_set
[12.794s] [ 90%] [32mBuilding CXX object absl/log/CMakeFiles/log_internal_globals.dir/internal/globals.cc.o[0m
[12.831s] [ 91%] [32m[1mLinking CXX static library libabsl_log_internal_globals.a[0m
[12.867s] [ 91%] Built target log_internal_globals
[12.887s] [ 91%] [32mBuilding CXX object absl/flags/CMakeFiles/flags_reflection.dir/reflection.cc.o[0m
[12.941s] [ 92%] [32m[1mLinking CXX static library libabsl_flags_reflection.a[0m
[13.010s] [ 92%] Built target flags_reflection
[13.032s] [ 92%] [32mBuilding CXX object absl/log/CMakeFiles/log_initialize.dir/initialize.cc.o[0m
[13.069s] [ 92%] [32m[1mLinking CXX static library libabsl_log_initialize.a[0m
[13.109s] [ 92%] Built target log_initialize
[13.130s] [ 92%] [32mBuilding CXX object absl/flags/CMakeFiles/flags_usage_internal.dir/internal/usage.cc.o[0m
[13.176s] [ 93%] [32m[1mLinking CXX static library libabsl_flags_usage_internal.a[0m
[13.241s] [ 93%] Built target flags_usage_internal
[13.260s] [ 93%] [32mBuilding CXX object absl/log/CMakeFiles/log_flags.dir/flags.cc.o[0m
[13.302s] [ 94%] [32m[1mLinking CXX static library libabsl_log_flags.a[0m
[13.349s] [ 94%] Built target log_flags
[13.368s] [ 94%] [32mBuilding CXX object absl/flags/CMakeFiles/flags_usage.dir/usage.cc.o[0m
[13.402s] [ 95%] [32m[1mLinking CXX static library libabsl_flags_usage.a[0m
[13.437s] [ 95%] Built target flags_usage
[13.457s] [ 95%] [32mBuilding CXX object absl/log/CMakeFiles/log_internal_log_sink_set.dir/internal/log_sink_set.cc.o[0m
[13.515s] [ 95%] [32m[1mLinking CXX static library libabsl_log_internal_log_sink_set.a[0m
[13.610s] [ 95%] Built target log_internal_log_sink_set
[13.669s] [ 96%] [32mBuilding CXX object absl/flags/CMakeFiles/flags_parse.dir/parse.cc.o[0m
[13.761s] [ 96%] [32m[1mLinking CXX static library libabsl_flags_parse.a[0m
[13.814s] [ 96%] Built target flags_parse
[13.833s] [ 96%] [32mBuilding CXX object absl/log/CMakeFiles/log_internal_format.dir/internal/log_format.cc.o[0m
[13.864s] [ 97%] [32m[1mLinking CXX static library libabsl_log_internal_format.a[0m
[13.900s] [ 97%] Built target log_internal_format
[13.918s] [ 98%] [32mBuilding CXX object absl/log/CMakeFiles/log_internal_message.dir/internal/log_message.cc.o[0m
[13.953s] [ 98%] [32m[1mLinking CXX static library libabsl_log_internal_message.a[0m
[14.006s] [ 98%] Built target log_internal_message
[14.032s] [ 99%] [32mBuilding CXX object absl/log/CMakeFiles/log_internal_check_op.dir/internal/check_op.cc.o[0m
[14.066s] [ 99%] [32m[1mLinking CXX static library libabsl_log_internal_check_op.a[0m
[14.110s] [ 99%] Built target log_internal_check_op
[14.129s] [ 99%] [32mBuilding CXX object absl/log/CMakeFiles/die_if_null.dir/die_if_null.cc.o[0m
[14.162s] [100%] [32m[1mLinking CXX static library libabsl_die_if_null.a[0m
[14.194s] [100%] Built target die_if_null
[14.232s] Invoked command in '/home/terranova/uav_ws/build/absl' returned '0': /home/terranova/.local/bin/cmake --build /home/terranova/uav_ws/build/absl -- -j4 -l4
[14.524s] Invoking command in '/home/terranova/uav_ws/build/absl': /home/terranova/.local/bin/cmake --install /home/terranova/uav_ws/build/absl
[14.603s] -- Install configuration: ""
[14.604s] -- Installing: /home/terranova/uav_ws/install/absl/lib/cmake/absl/abslTargets.cmake
[14.605s] -- Installing: /home/terranova/uav_ws/install/absl/lib/cmake/absl/abslTargets-noconfig.cmake
[14.606s] -- Installing: /home/terranova/uav_ws/install/absl/lib/cmake/absl/abslConfig.cmake
[14.607s] -- Installing: /home/terranova/uav_ws/install/absl/include/absl
[14.608s] -- Installing: /home/terranova/uav_ws/install/absl/include/absl/hash
[14.609s] -- Installing: /home/terranova/uav_ws/install/absl/include/absl/hash/hash_testing.h
[14.614s] -- Installing: /home/terranova/uav_ws/install/absl/include/absl/hash/internal
[14.614s] -- Installing: /home/terranova/uav_ws/install/absl/include/absl/hash/internal/hash_test.h
[14.618s] -- Installing: /home/terranova/uav_ws/install/absl/include/absl/hash/internal/hash.h
[14.618s] -- Installing: /home/terranova/uav_ws/install/absl/include/absl/hash/internal/city.h
[14.619s] -- Installing: /home/terranova/uav_ws/install/absl/include/absl/hash/internal/spy_hash_state.h
[14.620s] -- Installing: /home/terranova/uav_ws/install/absl/include/absl/hash/internal/low_level_hash.h
[14.621s] -- Installing: /home/terranova/uav_ws/install/absl/include/absl/hash/hash.h
[14.622s] -- Installing: /home/terranova/uav_ws/install/absl/include/absl/strings
[14.623s] -- Installing: /home/terranova/uav_ws/install/absl/include/absl/strings/numbers.h
[14.623s] -- Installing: /home/terranova/uav_ws/install/absl/include/absl/strings/cord.h
[14.624s] -- Installing: /home/terranova/uav_ws/install/absl/include/absl/strings/str_split.h
[14.625s] -- Installing: /home/terranova/uav_ws/install/absl/include/absl/strings/escaping.h
[14.625s] -- Installing: /home/terranova/uav_ws/install/absl/include/absl/strings/internal
[14.626s] -- Installing: /home/terranova/uav_ws/install/absl/include/absl/strings/internal/escaping_test_common.h
[14.627s] -- Installing: /home/terranova/uav_ws/install/absl/include/absl/strings/internal/cord_internal.h
[14.628s] -- Installing: /home/terranova/uav_ws/install/absl/include/absl/strings/internal/cord_rep_btree_reader.h
[14.628s] -- Installing: /home/terranova/uav_ws/install/absl/include/absl/strings/internal/damerau_levenshtein_distance.h
[14.629s] -- Installing: /home/terranova/uav_ws/install/absl/include/absl/strings/internal/charconv_bigint.h
[14.630s] -- Installing: /home/terranova/uav_ws/install/absl/include/absl/strings/internal/numbers_test_common.h
[14.630s] -- Installing: /home/terranova/uav_ws/install/absl/include/absl/strings/internal/cord_rep_btree_navigator.h
[14.631s] -- Installing: /home/terranova/uav_ws/install/absl/include/absl/strings/internal/escaping.h
[14.632s] -- Installing: /home/terranova/uav_ws/install/absl/include/absl/strings/internal/string_constant.h
[14.632s] -- Installing: /home/terranova/uav_ws/install/absl/include/absl/strings/internal/cord_rep_consume.h
[14.633s] -- Installing: /home/terranova/uav_ws/install/absl/include/absl/strings/internal/stl_type_traits.h
[14.634s] -- Installing: /home/terranova/uav_ws/install/absl/include/absl/strings/internal/resize_uninitialized.h
[14.635s] -- Installing: /home/terranova/uav_ws/install/absl/include/absl/strings/internal/stringify_sink.h
[14.635s] -- Installing: /home/terranova/uav_ws/install/absl/include/absl/strings/internal/cord_rep_crc.h
[14.636s] -- Installing: /home/terranova/uav_ws/install/absl/include/absl/strings/internal/utf8.h
[14.637s] -- Installing: /home/terranova/uav_ws/install/absl/include/absl/strings/internal/ostringstream.h
[14.637s] -- Installing: /home/terranova/uav_ws/install/absl/include/absl/strings/internal/str_split_internal.h
[14.638s] -- Installing: /home/terranova/uav_ws/install/absl/include/absl/strings/internal/charconv_parse.h
[14.638s] -- Installing: /home/terranova/uav_ws/install/absl/include/absl/strings/internal/cord_rep_flat.h
[14.639s] -- Installing: /home/terranova/uav_ws/install/absl/include/absl/strings/internal/cord_rep_test_util.h
[14.640s] -- Installing: /home/terranova/uav_ws/install/absl/include/absl/strings/internal/cordz_update_tracker.h
[14.641s] -- Installing: /home/terranova/uav_ws/install/absl/include/absl/strings/internal/memutil.h
[14.641s] -- Installing: /home/terranova/uav_ws/install/absl/include/absl/strings/internal/cord_data_edge.h
[14.642s] -- Installing: /home/terranova/uav_ws/install/absl/include/absl/strings/internal/str_join_internal.h
[14.643s] -- Installing: /home/terranova/uav_ws/install/absl/include/absl/strings/internal/has_absl_stringify.h
[14.644s] -- Installing: /home/terranova/uav_ws/install/absl/include/absl/strings/internal/cordz_sample_token.h
[14.644s] -- Installing: /home/terranova/uav_ws/install/absl/include/absl/strings/internal/cordz_statistics.h
[14.645s] -- Installing: /home/terranova/uav_ws/install/absl/include/absl/strings/internal/str_format
[14.646s] -- Installing: /home/terranova/uav_ws/install/absl/include/absl/strings/internal/str_format/parser.h
[14.646s] -- Installing: /home/terranova/uav_ws/install/absl/include/absl/strings/internal/str_format/output.h
[14.647s] -- Installing: /home/terranova/uav_ws/install/absl/include/absl/strings/internal/str_format/constexpr_parser.h
[14.647s] -- Installing: /home/terranova/uav_ws/install/absl/include/absl/strings/internal/str_format/extension.h
[14.648s] -- Installing: /home/terranova/uav_ws/install/absl/include/absl/strings/internal/str_format/float_conversion.h
[14.649s] -- Installing: /home/terranova/uav_ws/install/absl/include/absl/strings/internal/str_format/checker.h
[14.649s] -- Installing: /home/terranova/uav_ws/install/absl/include/absl/strings/internal/str_format/bind.h
[14.650s] -- Installing: /home/terranova/uav_ws/install/absl/include/absl/strings/internal/str_format/arg.h
[14.650s] -- Installing: /home/terranova/uav_ws/install/absl/include/absl/strings/internal/cord_rep_btree.h
[14.651s] -- Installing: /home/terranova/uav_ws/install/absl/include/absl/strings/internal/cordz_handle.h
[14.652s] -- Installing: /home/terranova/uav_ws/install/absl/include/absl/strings/internal/cordz_functions.h
[14.653s] -- Installing: /home/terranova/uav_ws/install/absl/include/absl/strings/internal/cordz_info.h
[14.653s] -- Installing: /home/terranova/uav_ws/install/absl/include/absl/strings/internal/cordz_update_scope.h
[14.654s] -- Installing: /home/terranova/uav_ws/install/absl/include/absl/strings/internal/pow10_helper.h
[14.655s] -- Installing: /home/terranova/uav_ws/install/absl/include/absl/strings/str_replace.h
[14.655s] -- Installing: /home/terranova/uav_ws/install/absl/include/absl/strings/str_join.h
[14.656s] -- Installing: /home/terranova/uav_ws/install/absl/include/absl/strings/str_cat.h
[14.657s] -- Installing: /home/terranova/uav_ws/install/absl/include/absl/strings/cord_analysis.h
[14.657s] -- Installing: /home/terranova/uav_ws/install/absl/include/absl/strings/cord_test_helpers.h
[14.658s] -- Installing: /home/terranova/uav_ws/install/absl/include/absl/strings/charset.h
[14.659s] -- Installing: /home/terranova/uav_ws/install/absl/include/absl/strings/cord_buffer.h
[14.660s] -- Installing: /home/terranova/uav_ws/install/absl/include/absl/strings/string_view.h
[14.660s] -- Installing: /home/terranova/uav_ws/install/absl/include/absl/strings/str_format.h
[14.661s] -- Installing: /home/terranova/uav_ws/install/absl/include/absl/strings/match.h
[14.662s] -- Installing: /home/terranova/uav_ws/install/absl/include/absl/strings/strip.h
[14.662s] -- Installing: /home/terranova/uav_ws/install/absl/include/absl/strings/cordz_test_helpers.h
[14.663s] -- Installing: /home/terranova/uav_ws/install/absl/include/absl/strings/has_ostream_operator.h
[14.664s] -- Installing: /home/terranova/uav_ws/install/absl/include/absl/strings/substitute.h
[14.665s] -- Installing: /home/terranova/uav_ws/install/absl/include/absl/strings/has_absl_stringify.h
[14.665s] -- Installing: /home/terranova/uav_ws/install/absl/include/absl/strings/ascii.h
[14.666s] -- Installing: /home/terranova/uav_ws/install/absl/include/absl/strings/charconv.h
[14.666s] -- Installing: /home/terranova/uav_ws/install/absl/include/absl/types
[14.667s] -- Installing: /home/terranova/uav_ws/install/absl/include/absl/types/compare.h
[14.668s] -- Installing: /home/terranova/uav_ws/install/absl/include/absl/types/bad_any_cast.h
[14.669s] -- Installing: /home/terranova/uav_ws/install/absl/include/absl/types/span.h
[14.669s] -- Installing: /home/terranova/uav_ws/install/absl/include/absl/types/internal
[14.670s] -- Installing: /home/terranova/uav_ws/install/absl/include/absl/types/internal/span.h
[14.671s] -- Installing: /home/terranova/uav_ws/install/absl/include/absl/types/internal/optional.h
[14.671s] -- Installing: /home/terranova/uav_ws/install/absl/include/absl/types/internal/variant.h
[14.672s] -- Installing: /home/terranova/uav_ws/install/absl/include/absl/types/bad_variant_access.h
[14.672s] -- Installing: /home/terranova/uav_ws/install/absl/include/absl/types/optional.h
[14.673s] -- Installing: /home/terranova/uav_ws/install/absl/include/absl/types/variant.h
[14.674s] -- Installing: /home/terranova/uav_ws/install/absl/include/absl/types/any.h
[14.675s] -- Installing: /home/terranova/uav_ws/install/absl/include/absl/types/bad_optional_access.h
[14.676s] -- Installing: /home/terranova/uav_ws/install/absl/include/absl/numeric
[14.676s] -- Installing: /home/terranova/uav_ws/install/absl/include/absl/numeric/int128_have_intrinsic.inc
[14.677s] -- Installing: /home/terranova/uav_ws/install/absl/include/absl/numeric/internal
[14.677s] -- Installing: /home/terranova/uav_ws/install/absl/include/absl/numeric/internal/representation.h
[14.678s] -- Installing: /home/terranova/uav_ws/install/absl/include/absl/numeric/internal/bits.h
[14.678s] -- Installing: /home/terranova/uav_ws/install/absl/include/absl/numeric/int128_no_intrinsic.inc
[14.679s] -- Installing: /home/terranova/uav_ws/install/absl/include/absl/numeric/bits.h
[14.680s] -- Installing: /home/terranova/uav_ws/install/absl/include/absl/numeric/int128.h
[14.680s] -- Installing: /home/terranova/uav_ws/install/absl/include/absl/profiling
[14.681s] -- Installing: /home/terranova/uav_ws/install/absl/include/absl/profiling/internal
[14.682s] -- Installing: /home/terranova/uav_ws/install/absl/include/absl/profiling/internal/periodic_sampler.h
[14.682s] -- Installing: /home/terranova/uav_ws/install/absl/include/absl/profiling/internal/sample_recorder.h
[14.683s] -- Installing: /home/terranova/uav_ws/install/absl/include/absl/profiling/internal/exponential_biased.h
[14.683s] -- Installing: /home/terranova/uav_ws/install/absl/include/absl/random
[14.684s] -- Installing: /home/terranova/uav_ws/install/absl/include/absl/random/beta_distribution.h
[14.685s] -- Installing: /home/terranova/uav_ws/install/absl/include/absl/random/mocking_bit_gen.h
[14.686s] -- Installing: /home/terranova/uav_ws/install/absl/include/absl/random/distributions.h
[14.687s] -- Installing: /home/terranova/uav_ws/install/absl/include/absl/random/random.h
[14.688s] -- Installing: /home/terranova/uav_ws/install/absl/include/absl/random/bernoulli_distribution.h
[14.689s] -- Installing: /home/terranova/uav_ws/install/absl/include/absl/random/mock_distributions.h
[14.690s] -- Installing: /home/terranova/uav_ws/install/absl/include/absl/random/uniform_real_distribution.h
[14.691s] -- Installing: /home/terranova/uav_ws/install/absl/include/absl/random/seed_gen_exception.h
[14.691s] -- Installing: /home/terranova/uav_ws/install/absl/include/absl/random/internal
[14.692s] -- Installing: /home/terranova/uav_ws/install/absl/include/absl/random/internal/iostream_state_saver.h
[14.692s] -- Installing: /home/terranova/uav_ws/install/absl/include/absl/random/internal/fast_uniform_bits.h
[14.693s] -- Installing: /home/terranova/uav_ws/install/absl/include/absl/random/internal/pool_urbg.h
[14.694s] -- Installing: /home/terranova/uav_ws/install/absl/include/absl/random/internal/randen_engine.h
[14.695s] -- Installing: /home/terranova/uav_ws/install/absl/include/absl/random/internal/randen.h
[14.695s] -- Installing: /home/terranova/uav_ws/install/absl/include/absl/random/internal/distribution_caller.h
[14.696s] -- Installing: /home/terranova/uav_ws/install/absl/include/absl/random/internal/nonsecure_base.h
[14.698s] -- Installing: /home/terranova/uav_ws/install/absl/include/absl/random/internal/mock_overload_set.h
[14.699s] -- Installing: /home/terranova/uav_ws/install/absl/include/absl/random/internal/mock_helpers.h
[14.700s] -- Installing: /home/terranova/uav_ws/install/absl/include/absl/random/internal/randen_detect.h
[14.700s] -- Installing: /home/terranova/uav_ws/install/absl/include/absl/random/internal/randen_traits.h
[14.701s] -- Installing: /home/terranova/uav_ws/install/absl/include/absl/random/internal/salted_seed_seq.h
[14.702s] -- Installing: /home/terranova/uav_ws/install/absl/include/absl/random/internal/pcg_engine.h
[14.703s] -- Installing: /home/terranova/uav_ws/install/absl/include/absl/random/internal/platform.h
[14.703s] -- Installing: /home/terranova/uav_ws/install/absl/include/absl/random/internal/randen_slow.h
[14.704s] -- Installing: /home/terranova/uav_ws/install/absl/include/absl/random/internal/traits.h
[14.704s] -- Installing: /home/terranova/uav_ws/install/absl/include/absl/random/internal/fastmath.h
[14.705s] -- Installing: /home/terranova/uav_ws/install/absl/include/absl/random/internal/randen_hwaes.h
[14.705s] -- Installing: /home/terranova/uav_ws/install/absl/include/absl/random/internal/wide_multiply.h
[14.709s] -- Installing: /home/terranova/uav_ws/install/absl/include/absl/random/internal/seed_material.h
[14.710s] -- Installing: /home/terranova/uav_ws/install/absl/include/absl/random/internal/chi_square.h
[14.710s] -- Installing: /home/terranova/uav_ws/install/absl/include/absl/random/internal/uniform_helper.h
[14.711s] -- Installing: /home/terranova/uav_ws/install/absl/include/absl/random/internal/explicit_seed_seq.h
[14.712s] -- Installing: /home/terranova/uav_ws/install/absl/include/absl/random/internal/generate_real.h
[14.712s] -- Installing: /home/terranova/uav_ws/install/absl/include/absl/random/internal/nanobenchmark.h
[14.716s] -- Installing: /home/terranova/uav_ws/install/absl/include/absl/random/internal/distribution_test_util.h
[14.716s] -- Installing: /home/terranova/uav_ws/install/absl/include/absl/random/internal/sequence_urbg.h
[14.717s] -- Installing: /home/terranova/uav_ws/install/absl/include/absl/random/exponential_distribution.h
[14.718s] -- Installing: /home/terranova/uav_ws/install/absl/include/absl/random/bit_gen_ref.h
[14.719s] -- Installing: /home/terranova/uav_ws/install/absl/include/absl/random/gaussian_distribution.h
[14.720s] -- Installing: /home/terranova/uav_ws/install/absl/include/absl/random/uniform_int_distribution.h
[14.720s] -- Installing: /home/terranova/uav_ws/install/absl/include/absl/random/poisson_distribution.h
[14.722s] -- Installing: /home/terranova/uav_ws/install/absl/include/absl/random/seed_sequences.h
[14.723s] -- Installing: /home/terranova/uav_ws/install/absl/include/absl/random/discrete_distribution.h
[14.723s] -- Installing: /home/terranova/uav_ws/install/absl/include/absl/random/log_uniform_int_distribution.h
[14.724s] -- Installing: /home/terranova/uav_ws/install/absl/include/absl/random/zipf_distribution.h
[14.725s] -- Installing: /home/terranova/uav_ws/install/absl/include/absl/time
[14.726s] -- Installing: /home/terranova/uav_ws/install/absl/include/absl/time/clock.h
[14.726s] -- Installing: /home/terranova/uav_ws/install/absl/include/absl/time/internal
[14.727s] -- Installing: /home/terranova/uav_ws/install/absl/include/absl/time/internal/get_current_time_posix.inc
[14.727s] -- Installing: /home/terranova/uav_ws/install/absl/include/absl/time/internal/cctz
[14.728s] -- Installing: /home/terranova/uav_ws/install/absl/include/absl/time/internal/cctz/src
[14.728s] -- Installing: /home/terranova/uav_ws/install/absl/include/absl/time/internal/cctz/src/time_zone_if.h
[14.729s] -- Installing: /home/terranova/uav_ws/install/absl/include/absl/time/internal/cctz/src/time_zone_libc.h
[14.730s] -- Installing: /home/terranova/uav_ws/install/absl/include/absl/time/internal/cctz/src/tzfile.h
[14.730s] -- Installing: /home/terranova/uav_ws/install/absl/include/absl/time/internal/cctz/src/time_zone_posix.h
[14.731s] -- Installing: /home/terranova/uav_ws/install/absl/include/absl/time/internal/cctz/src/time_zone_info.h
[14.732s] -- Installing: /home/terranova/uav_ws/install/absl/include/absl/time/internal/cctz/src/time_zone_fixed.h
[14.732s] -- Installing: /home/terranova/uav_ws/install/absl/include/absl/time/internal/cctz/src/time_zone_impl.h
[14.733s] -- Installing: /home/terranova/uav_ws/install/absl/include/absl/time/internal/cctz/include
[14.733s] -- Installing: /home/terranova/uav_ws/install/absl/include/absl/time/internal/cctz/include/cctz
[14.734s] -- Installing: /home/terranova/uav_ws/install/absl/include/absl/time/internal/cctz/include/cctz/zone_info_source.h
[14.734s] -- Installing: /home/terranova/uav_ws/install/absl/include/absl/time/internal/cctz/include/cctz/time_zone.h
[14.735s] -- Installing: /home/terranova/uav_ws/install/absl/include/absl/time/internal/cctz/include/cctz/civil_time_detail.h
[14.735s] -- Installing: /home/terranova/uav_ws/install/absl/include/absl/time/internal/cctz/include/cctz/civil_time.h
[14.736s] -- Installing: /home/terranova/uav_ws/install/absl/include/absl/time/internal/get_current_time_chrono.inc
[14.737s] -- Installing: /home/terranova/uav_ws/install/absl/include/absl/time/internal/test_util.h
[14.738s] -- Installing: /home/terranova/uav_ws/install/absl/include/absl/time/time.h
[14.739s] -- Installing: /home/terranova/uav_ws/install/absl/include/absl/time/civil_time.h
[14.739s] -- Installing: /home/terranova/uav_ws/install/absl/include/absl/log
[14.740s] -- Installing: /home/terranova/uav_ws/install/absl/include/absl/log/check.h
[14.741s] -- Installing: /home/terranova/uav_ws/install/absl/include/absl/log/log_basic_test_impl.inc
[14.742s] -- Installing: /home/terranova/uav_ws/install/absl/include/absl/log/structured.h
[14.743s] -- Installing: /home/terranova/uav_ws/install/absl/include/absl/log/log_streamer.h
[14.744s] -- Installing: /home/terranova/uav_ws/install/absl/include/absl/log/absl_vlog_is_on.h
[14.744s] -- Installing: /home/terranova/uav_ws/install/absl/include/absl/log/scoped_mock_log.h
[14.745s] -- Installing: /home/terranova/uav_ws/install/absl/include/absl/log/log_entry.h
[14.746s] -- Installing: /home/terranova/uav_ws/install/absl/include/absl/log/internal
[14.746s] -- Installing: /home/terranova/uav_ws/install/absl/include/absl/log/internal/structured.h
[14.747s] -- Installing: /home/terranova/uav_ws/install/absl/include/absl/log/internal/test_helpers.h
[14.748s] -- Installing: /home/terranova/uav_ws/install/absl/include/absl/log/internal/vlog_config.h
[14.748s] -- Installing: /home/terranova/uav_ws/install/absl/include/absl/log/internal/log_sink_set.h
[14.749s] -- Installing: /home/terranova/uav_ws/install/absl/include/absl/log/internal/log_message.h
[14.749s] -- Installing: /home/terranova/uav_ws/install/absl/include/absl/log/internal/globals.h
[14.750s] -- Installing: /home/terranova/uav_ws/install/absl/include/absl/log/internal/nullguard.h
[14.751s] -- Installing: /home/terranova/uav_ws/install/absl/include/absl/log/internal/voidify.h
[14.751s] -- Installing: /home/terranova/uav_ws/install/absl/include/absl/log/internal/log_format.h
[14.752s] -- Installing: /home/terranova/uav_ws/install/absl/include/absl/log/internal/proto.h
[14.752s] -- Installing: /home/terranova/uav_ws/install/absl/include/absl/log/internal/test_actions.h
[14.753s] -- Installing: /home/terranova/uav_ws/install/absl/include/absl/log/internal/flags.h
[14.754s] -- Installing: /home/terranova/uav_ws/install/absl/include/absl/log/internal/nullstream.h
[14.754s] -- Installing: /home/terranova/uav_ws/install/absl/include/absl/log/internal/strip.h
[14.755s] -- Installing: /home/terranova/uav_ws/install/absl/include/absl/log/internal/fnmatch.h
[14.756s] -- Installing: /home/terranova/uav_ws/install/absl/include/absl/log/internal/check_op.h
[14.756s] -- Installing: /home/terranova/uav_ws/install/absl/include/absl/log/internal/config.h
[14.757s] -- Installing: /home/terranova/uav_ws/install/absl/include/absl/log/internal/append_truncated.h
[14.757s] -- Installing: /home/terranova/uav_ws/install/absl/include/absl/log/internal/test_matchers.h
[14.758s] -- Installing: /home/terranova/uav_ws/install/absl/include/absl/log/internal/conditions.h
[14.759s] -- Installing: /home/terranova/uav_ws/install/absl/include/absl/log/internal/check_impl.h
[14.760s] -- Installing: /home/terranova/uav_ws/install/absl/include/absl/log/internal/log_impl.h
[14.760s] -- Installing: /home/terranova/uav_ws/install/absl/include/absl/log/die_if_null.h
[14.761s] -- Installing: /home/terranova/uav_ws/install/absl/include/absl/log/globals.h
[14.762s] -- Installing: /home/terranova/uav_ws/install/absl/include/absl/log/log.h
[14.762s] -- Installing: /home/terranova/uav_ws/install/absl/include/absl/log/vlog_is_on.h
[14.763s] -- Installing: /home/terranova/uav_ws/install/absl/include/absl/log/absl_check.h
[14.764s] -- Installing: /home/terranova/uav_ws/install/absl/include/absl/log/log_sink.h
[14.765s] -- Installing: /home/terranova/uav_ws/install/absl/include/absl/log/log_sink_registry.h
[14.765s] -- Installing: /home/terranova/uav_ws/install/absl/include/absl/log/absl_log.h
[14.766s] -- Installing: /home/terranova/uav_ws/install/absl/include/absl/log/flags.h
[14.767s] -- Installing: /home/terranova/uav_ws/install/absl/include/absl/log/initialize.h
[14.767s] -- Installing: /home/terranova/uav_ws/install/absl/include/absl/log/check_test_impl.inc
[14.768s] -- Installing: /home/terranova/uav_ws/install/absl/include/absl/base
[14.769s] -- Installing: /home/terranova/uav_ws/install/absl/include/absl/base/log_severity.h
[14.769s] -- Installing: /home/terranova/uav_ws/install/absl/include/absl/base/const_init.h
[14.770s] -- Installing: /home/terranova/uav_ws/install/absl/include/absl/base/internal
[14.770s] -- Installing: /home/terranova/uav_ws/install/absl/include/absl/base/internal/low_level_scheduling.h
[14.771s] -- Installing: /home/terranova/uav_ws/install/absl/include/absl/base/internal/exception_testing.h
[14.772s] -- Installing: /home/terranova/uav_ws/install/absl/include/absl/base/internal/low_level_alloc.h
[14.773s] -- Installing: /home/terranova/uav_ws/install/absl/include/absl/base/internal/raw_logging.h
[14.773s] -- Installing: /home/terranova/uav_ws/install/absl/include/absl/base/internal/sysinfo.h
[14.774s] -- Installing: /home/terranova/uav_ws/install/absl/include/absl/base/internal/nullability_impl.h
[14.774s] -- Installing: /home/terranova/uav_ws/install/absl/include/absl/base/internal/scheduling_mode.h
[14.775s] -- Installing: /home/terranova/uav_ws/install/absl/include/absl/base/internal/fast_type_id.h
[14.775s] -- Installing: /home/terranova/uav_ws/install/absl/include/absl/base/internal/unaligned_access.h
[14.776s] -- Installing: /home/terranova/uav_ws/install/absl/include/absl/base/internal/inline_variable_testing.h
[14.777s] -- Installing: /home/terranova/uav_ws/install/absl/include/absl/base/internal/identity.h
[14.777s] -- Installing: /home/terranova/uav_ws/install/absl/include/absl/base/internal/direct_mmap.h
[14.778s] -- Installing: /home/terranova/uav_ws/install/absl/include/absl/base/internal/errno_saver.h
[14.779s] -- Installing: /home/terranova/uav_ws/install/absl/include/absl/base/internal/endian.h
[14.779s] -- Installing: /home/terranova/uav_ws/install/absl/include/absl/base/internal/throw_delegate.h
[14.780s] -- Installing: /home/terranova/uav_ws/install/absl/include/absl/base/internal/spinlock_akaros.inc
[14.781s] -- Installing: /home/terranova/uav_ws/install/absl/include/absl/base/internal/atomic_hook_test_helper.h
[14.782s] -- Installing: /home/terranova/uav_ws/install/absl/include/absl/base/internal/spinlock.h
[14.783s] -- Installing: /home/terranova/uav_ws/install/absl/include/absl/base/internal/scoped_set_env.h
[14.783s] -- Installing: /home/terranova/uav_ws/install/absl/include/absl/base/internal/spinlock_linux.inc
[14.784s] -- Installing: /home/terranova/uav_ws/install/absl/include/absl/base/internal/pretty_function.h
[14.785s] -- Installing: /home/terranova/uav_ws/install/absl/include/absl/base/internal/spinlock_wait.h
[14.785s] -- Installing: /home/terranova/uav_ws/install/absl/include/absl/base/internal/thread_identity.h
[14.786s] -- Installing: /home/terranova/uav_ws/install/absl/include/absl/base/internal/spinlock_posix.inc
[14.787s] -- Installing: /home/terranova/uav_ws/install/absl/include/absl/base/internal/atomic_hook.h
[14.788s] -- Installing: /home/terranova/uav_ws/install/absl/include/absl/base/internal/inline_variable.h
[14.788s] -- Installing: /home/terranova/uav_ws/install/absl/include/absl/base/internal/exception_safety_testing.h
[14.793s] -- Installing: /home/terranova/uav_ws/install/absl/include/absl/base/internal/invoke.h
[14.794s] -- Installing: /home/terranova/uav_ws/install/absl/include/absl/base/internal/unscaledcycleclock.h
[14.795s] -- Installing: /home/terranova/uav_ws/install/absl/include/absl/base/internal/hide_ptr.h
[14.795s] -- Installing: /home/terranova/uav_ws/install/absl/include/absl/base/internal/unscaledcycleclock_config.h
[14.796s] -- Installing: /home/terranova/uav_ws/install/absl/include/absl/base/internal/dynamic_annotations.h
[14.799s] -- Installing: /home/terranova/uav_ws/install/absl/include/absl/base/internal/cycleclock_config.h
[14.799s] -- Installing: /home/terranova/uav_ws/install/absl/include/absl/base/internal/tsan_mutex_interface.h
[14.799s] -- Installing: /home/terranova/uav_ws/install/absl/include/absl/base/internal/strerror.h
[14.799s] -- Installing: /home/terranova/uav_ws/install/absl/include/absl/base/internal/spinlock_win32.inc
[14.802s] -- Installing: /home/terranova/uav_ws/install/absl/include/absl/base/internal/cycleclock.h
[14.802s] -- Installing: /home/terranova/uav_ws/install/absl/include/absl/base/internal/per_thread_tls.h
[14.802s] -- Installing: /home/terranova/uav_ws/install/absl/include/absl/base/thread_annotations.h
[14.803s] -- Installing: /home/terranova/uav_ws/install/absl/include/absl/base/port.h
[14.803s] -- Installing: /home/terranova/uav_ws/install/absl/include/absl/base/no_destructor.h
[14.803s] -- Installing: /home/terranova/uav_ws/install/absl/include/absl/base/casts.h
[14.803s] -- Installing: /home/terranova/uav_ws/install/absl/include/absl/base/policy_checks.h
[14.803s] -- Installing: /home/terranova/uav_ws/install/absl/include/absl/base/optimization.h
[14.804s] -- Installing: /home/terranova/uav_ws/install/absl/include/absl/base/prefetch.h
[14.804s] -- Installing: /home/terranova/uav_ws/install/absl/include/absl/base/call_once.h
[14.804s] -- Installing: /home/terranova/uav_ws/install/absl/include/absl/base/nullability.h
[14.804s] -- Installing: /home/terranova/uav_ws/install/absl/include/absl/base/config.h
[14.805s] -- Installing: /home/terranova/uav_ws/install/absl/include/absl/base/macros.h
[14.805s] -- Installing: /home/terranova/uav_ws/install/absl/include/absl/base/attributes.h
[14.805s] -- Installing: /home/terranova/uav_ws/install/absl/include/absl/base/dynamic_annotations.h
[14.805s] -- Installing: /home/terranova/uav_ws/install/absl/include/absl/base/options.h
[14.806s] -- Installing: /home/terranova/uav_ws/install/absl/include/absl/flags
[14.806s] -- Installing: /home/terranova/uav_ws/install/absl/include/absl/flags/parse.h
[14.806s] -- Installing: /home/terranova/uav_ws/install/absl/include/absl/flags/internal
[14.806s] -- Installing: /home/terranova/uav_ws/install/absl/include/absl/flags/internal/parse.h
[14.807s] -- Installing: /home/terranova/uav_ws/install/absl/include/absl/flags/internal/sequence_lock.h
[14.807s] -- Installing: /home/terranova/uav_ws/install/absl/include/absl/flags/internal/usage.h
[14.807s] -- Installing: /home/terranova/uav_ws/install/absl/include/absl/flags/internal/commandlineflag.h
[14.807s] -- Installing: /home/terranova/uav_ws/install/absl/include/absl/flags/internal/registry.h
[14.808s] -- Installing: /home/terranova/uav_ws/install/absl/include/absl/flags/internal/flag.h
[14.808s] -- Installing: /home/terranova/uav_ws/install/absl/include/absl/flags/internal/path_util.h
[14.808s] -- Installing: /home/terranova/uav_ws/install/absl/include/absl/flags/internal/private_handle_accessor.h
[14.808s] -- Installing: /home/terranova/uav_ws/install/absl/include/absl/flags/internal/program_name.h
[14.808s] -- Installing: /home/terranova/uav_ws/install/absl/include/absl/flags/usage.h
[14.809s] -- Installing: /home/terranova/uav_ws/install/absl/include/absl/flags/commandlineflag.h
[14.809s] -- Installing: /home/terranova/uav_ws/install/absl/include/absl/flags/reflection.h
[14.809s] -- Installing: /home/terranova/uav_ws/install/absl/include/absl/flags/marshalling.h
[14.818s] -- Installing: /home/terranova/uav_ws/install/absl/include/absl/flags/flag.h
[14.818s] -- Installing: /home/terranova/uav_ws/install/absl/include/absl/flags/declare.h
[14.818s] -- Installing: /home/terranova/uav_ws/install/absl/include/absl/flags/config.h
[14.818s] -- Installing: /home/terranova/uav_ws/install/absl/include/absl/flags/usage_config.h
[14.819s] -- Installing: /home/terranova/uav_ws/install/absl/include/absl/meta
[14.819s] -- Installing: /home/terranova/uav_ws/install/absl/include/absl/meta/type_traits.h
[14.819s] -- Installing: /home/terranova/uav_ws/install/absl/include/absl/algorithm
[14.819s] -- Installing: /home/terranova/uav_ws/install/absl/include/absl/algorithm/algorithm.h
[14.819s] -- Installing: /home/terranova/uav_ws/install/absl/include/absl/algorithm/container.h
[14.820s] -- Installing: /home/terranova/uav_ws/install/absl/include/absl/memory
[14.820s] -- Installing: /home/terranova/uav_ws/install/absl/include/absl/memory/memory.h
[14.820s] -- Installing: /home/terranova/uav_ws/install/absl/include/absl/debugging
[14.820s] -- Installing: /home/terranova/uav_ws/install/absl/include/absl/debugging/symbolize_darwin.inc
[14.826s] -- Installing: /home/terranova/uav_ws/install/absl/include/absl/debugging/symbolize_win32.inc
[14.826s] -- Installing: /home/terranova/uav_ws/install/absl/include/absl/debugging/symbolize_elf.inc
[14.827s] -- Installing: /home/terranova/uav_ws/install/absl/include/absl/debugging/internal
[14.827s] -- Installing: /home/terranova/uav_ws/install/absl/include/absl/debugging/internal/symbolize.h
[14.827s] -- Installing: /home/terranova/uav_ws/install/absl/include/absl/debugging/internal/stack_consumption.h
[14.830s] -- Installing: /home/terranova/uav_ws/install/absl/include/absl/debugging/internal/stacktrace_powerpc-inl.inc
[14.831s] -- Installing: /home/terranova/uav_ws/install/absl/include/absl/debugging/internal/elf_mem_image.h
[14.831s] -- Installing: /home/terranova/uav_ws/install/absl/include/absl/debugging/internal/stacktrace_arm-inl.inc
[14.832s] -- Installing: /home/terranova/uav_ws/install/absl/include/absl/debugging/internal/address_is_readable.h
[14.833s] -- Installing: /home/terranova/uav_ws/install/absl/include/absl/debugging/internal/demangle.h
[14.833s] -- Installing: /home/terranova/uav_ws/install/absl/include/absl/debugging/internal/stacktrace_aarch64-inl.inc
[14.837s] -- Installing: /home/terranova/uav_ws/install/absl/include/absl/debugging/internal/stacktrace_win32-inl.inc
[14.838s] -- Installing: /home/terranova/uav_ws/install/absl/include/absl/debugging/internal/stacktrace_riscv-inl.inc
[14.838s] -- Installing: /home/terranova/uav_ws/install/absl/include/absl/debugging/internal/stacktrace_config.h
[14.839s] -- Installing: /home/terranova/uav_ws/install/absl/include/absl/debugging/internal/stacktrace_generic-inl.inc
[14.839s] -- Installing: /home/terranova/uav_ws/install/absl/include/absl/debugging/internal/stacktrace_x86-inl.inc
[14.839s] -- Installing: /home/terranova/uav_ws/install/absl/include/absl/debugging/internal/examine_stack.h
[14.840s] -- Installing: /home/terranova/uav_ws/install/absl/include/absl/debugging/internal/stacktrace_unimplemented-inl.inc
[14.840s] -- Installing: /home/terranova/uav_ws/install/absl/include/absl/debugging/internal/stacktrace_emscripten-inl.inc
[14.840s] -- Installing: /home/terranova/uav_ws/install/absl/include/absl/debugging/internal/vdso_support.h
[14.841s] -- Installing: /home/terranova/uav_ws/install/absl/include/absl/debugging/symbolize.h
[14.842s] -- Installing: /home/terranova/uav_ws/install/absl/include/absl/debugging/symbolize_unimplemented.inc
[14.842s] -- Installing: /home/terranova/uav_ws/install/absl/include/absl/debugging/symbolize_emscripten.inc
[14.843s] -- Installing: /home/terranova/uav_ws/install/absl/include/absl/debugging/failure_signal_handler.h
[14.843s] -- Installing: /home/terranova/uav_ws/install/absl/include/absl/debugging/stacktrace.h
[14.843s] -- Installing: /home/terranova/uav_ws/install/absl/include/absl/debugging/leak_check.h
[14.844s] -- Installing: /home/terranova/uav_ws/install/absl/include/absl/utility
[14.844s] -- Installing: /home/terranova/uav_ws/install/absl/include/absl/utility/internal
[14.844s] -- Installing: /home/terranova/uav_ws/install/absl/include/absl/utility/internal/if_constexpr.h
[14.845s] -- Installing: /home/terranova/uav_ws/install/absl/include/absl/utility/utility.h
[14.845s] -- Installing: /home/terranova/uav_ws/install/absl/include/absl/crc
[14.845s] -- Installing: /home/terranova/uav_ws/install/absl/include/absl/crc/internal
[14.846s] -- Installing: /home/terranova/uav_ws/install/absl/include/absl/crc/internal/non_temporal_memcpy.h
[14.846s] -- Installing: /home/terranova/uav_ws/install/absl/include/absl/crc/internal/crc32c_inline.h
[14.846s] -- Installing: /home/terranova/uav_ws/install/absl/include/absl/crc/internal/cpu_detect.h
[14.846s] -- Installing: /home/terranova/uav_ws/install/absl/include/absl/crc/internal/non_temporal_arm_intrinsics.h
[14.847s] -- Installing: /home/terranova/uav_ws/install/absl/include/absl/crc/internal/crc_internal.h
[14.848s] -- Installing: /home/terranova/uav_ws/install/absl/include/absl/crc/internal/crc32_x86_arm_combined_simd.h
[14.848s] -- Installing: /home/terranova/uav_ws/install/absl/include/absl/crc/internal/crc.h
[14.848s] -- Installing: /home/terranova/uav_ws/install/absl/include/absl/crc/internal/crc_memcpy.h
[14.848s] -- Installing: /home/terranova/uav_ws/install/absl/include/absl/crc/internal/crc_cord_state.h
[14.849s] -- Installing: /home/terranova/uav_ws/install/absl/include/absl/crc/internal/crc32c.h
[14.849s] -- Installing: /home/terranova/uav_ws/install/absl/include/absl/crc/crc32c.h
[14.849s] -- Installing: /home/terranova/uav_ws/install/absl/include/absl/functional
[14.850s] -- Installing: /home/terranova/uav_ws/install/absl/include/absl/functional/overload.h
[14.850s] -- Installing: /home/terranova/uav_ws/install/absl/include/absl/functional/internal
[14.851s] -- Installing: /home/terranova/uav_ws/install/absl/include/absl/functional/internal/front_binder.h
[14.851s] -- Installing: /home/terranova/uav_ws/install/absl/include/absl/functional/internal/any_invocable.h
[14.852s] -- Installing: /home/terranova/uav_ws/install/absl/include/absl/functional/internal/function_ref.h
[14.852s] -- Installing: /home/terranova/uav_ws/install/absl/include/absl/functional/any_invocable.h
[14.852s] -- Installing: /home/terranova/uav_ws/install/absl/include/absl/functional/function_ref.h
[14.853s] -- Installing: /home/terranova/uav_ws/install/absl/include/absl/functional/bind_front.h
[14.853s] -- Installing: /home/terranova/uav_ws/install/absl/include/absl/status
[14.854s] -- Installing: /home/terranova/uav_ws/install/absl/include/absl/status/internal
[14.854s] -- Installing: /home/terranova/uav_ws/install/absl/include/absl/status/internal/statusor_internal.h
[14.854s] -- Installing: /home/terranova/uav_ws/install/absl/include/absl/status/internal/status_internal.h
[14.854s] -- Installing: /home/terranova/uav_ws/install/absl/include/absl/status/statusor.h
[14.855s] -- Installing: /home/terranova/uav_ws/install/absl/include/absl/status/status_payload_printer.h
[14.855s] -- Installing: /home/terranova/uav_ws/install/absl/include/absl/status/status.h
[14.855s] -- Installing: /home/terranova/uav_ws/install/absl/include/absl/synchronization
[14.855s] -- Installing: /home/terranova/uav_ws/install/absl/include/absl/synchronization/barrier.h
[14.856s] -- Installing: /home/terranova/uav_ws/install/absl/include/absl/synchronization/internal
[14.856s] -- Installing: /home/terranova/uav_ws/install/absl/include/absl/synchronization/internal/win32_waiter.h
[14.856s] -- Installing: /home/terranova/uav_ws/install/absl/include/absl/synchronization/internal/sem_waiter.h
[14.856s] -- Installing: /home/terranova/uav_ws/install/absl/include/absl/synchronization/internal/create_thread_identity.h
[14.857s] -- Installing: /home/terranova/uav_ws/install/absl/include/absl/synchronization/internal/stdcpp_waiter.h
[14.857s] -- Installing: /home/terranova/uav_ws/install/absl/include/absl/synchronization/internal/pthread_waiter.h
[14.857s] -- Installing: /home/terranova/uav_ws/install/absl/include/absl/synchronization/internal/waiter.h
[14.862s] -- Installing: /home/terranova/uav_ws/install/absl/include/absl/synchronization/internal/waiter_base.h
[14.862s] -- Installing: /home/terranova/uav_ws/install/absl/include/absl/synchronization/internal/thread_pool.h
[14.862s] -- Installing: /home/terranova/uav_ws/install/absl/include/absl/synchronization/internal/futex.h
[14.863s] -- Installing: /home/terranova/uav_ws/install/absl/include/absl/synchronization/internal/futex_waiter.h
[14.863s] -- Installing: /home/terranova/uav_ws/install/absl/include/absl/synchronization/internal/kernel_timeout.h
[14.863s] -- Installing: /home/terranova/uav_ws/install/absl/include/absl/synchronization/internal/per_thread_sem.h
[14.863s] -- Installing: /home/terranova/uav_ws/install/absl/include/absl/synchronization/internal/graphcycles.h
[14.863s] -- Installing: /home/terranova/uav_ws/install/absl/include/absl/synchronization/blocking_counter.h
[14.864s] -- Installing: /home/terranova/uav_ws/install/absl/include/absl/synchronization/notification.h
[14.864s] -- Installing: /home/terranova/uav_ws/install/absl/include/absl/synchronization/mutex.h
[14.864s] -- Installing: /home/terranova/uav_ws/install/absl/include/absl/cleanup
[14.864s] -- Installing: /home/terranova/uav_ws/install/absl/include/absl/cleanup/internal
[14.864s] -- Installing: /home/terranova/uav_ws/install/absl/include/absl/cleanup/internal/cleanup.h
[14.864s] -- Installing: /home/terranova/uav_ws/install/absl/include/absl/cleanup/cleanup.h
[14.865s] -- Installing: /home/terranova/uav_ws/install/absl/include/absl/container
[14.865s] -- Installing: /home/terranova/uav_ws/install/absl/include/absl/container/node_hash_map.h
[14.866s] -- Installing: /home/terranova/uav_ws/install/absl/include/absl/container/flat_hash_map.h
[14.866s] -- Installing: /home/terranova/uav_ws/install/absl/include/absl/container/internal
[14.867s] -- Installing: /home/terranova/uav_ws/install/absl/include/absl/container/internal/unordered_map_lookup_test.h
[14.868s] -- Installing: /home/terranova/uav_ws/install/absl/include/absl/container/internal/hash_policy_testing.h
[14.869s] -- Installing: /home/terranova/uav_ws/install/absl/include/absl/container/internal/unordered_set_members_test.h
[14.870s] -- Installing: /home/terranova/uav_ws/install/absl/include/absl/container/internal/hashtable_debug_hooks.h
[14.870s] -- Installing: /home/terranova/uav_ws/install/absl/include/absl/container/internal/hash_function_defaults.h
[14.871s] -- Installing: /home/terranova/uav_ws/install/absl/include/absl/container/internal/raw_hash_set.h
[14.872s] -- Installing: /home/terranova/uav_ws/install/absl/include/absl/container/internal/unordered_map_modifiers_test.h
[14.873s] -- Installing: /home/terranova/uav_ws/install/absl/include/absl/container/internal/layout.h
[14.875s] -- Installing: /home/terranova/uav_ws/install/absl/include/absl/container/internal/hash_policy_traits.h
[14.875s] -- Installing: /home/terranova/uav_ws/install/absl/include/absl/container/internal/inlined_vector.h
[14.876s] -- Installing: /home/terranova/uav_ws/install/absl/include/absl/container/internal/common_policy_traits.h
[14.877s] -- Installing: /home/terranova/uav_ws/install/absl/include/absl/container/internal/unordered_set_constructor_test.h
[14.878s] -- Installing: /home/terranova/uav_ws/install/absl/include/absl/container/internal/node_slot_policy.h
[14.879s] -- Installing: /home/terranova/uav_ws/install/absl/include/absl/container/internal/container_memory.h
[14.879s] -- Installing: /home/terranova/uav_ws/install/absl/include/absl/container/internal/test_instance_tracker.h
[14.881s] -- Installing: /home/terranova/uav_ws/install/absl/include/absl/container/internal/raw_hash_map.h
[14.881s] -- Installing: /home/terranova/uav_ws/install/absl/include/absl/container/internal/btree_container.h
[14.883s] -- Installing: /home/terranova/uav_ws/install/absl/include/absl/container/internal/hashtable_debug.h
[14.884s] -- Installing: /home/terranova/uav_ws/install/absl/include/absl/container/internal/compressed_tuple.h
[14.884s] -- Installing: /home/terranova/uav_ws/install/absl/include/absl/container/internal/common.h
[14.885s] -- Installing: /home/terranova/uav_ws/install/absl/include/absl/container/internal/unordered_map_constructor_test.h
[14.886s] -- Installing: /home/terranova/uav_ws/install/absl/include/absl/container/internal/unordered_set_modifiers_test.h
[14.887s] -- Installing: /home/terranova/uav_ws/install/absl/include/absl/container/internal/tracked.h
[14.888s] -- Installing: /home/terranova/uav_ws/install/absl/include/absl/container/internal/hash_generator_testing.h
[14.889s] -- Installing: /home/terranova/uav_ws/install/absl/include/absl/container/internal/unordered_map_members_test.h
[14.890s] -- Installing: /home/terranova/uav_ws/install/absl/include/absl/container/internal/btree.h
[14.892s] -- Installing: /home/terranova/uav_ws/install/absl/include/absl/container/internal/test_allocator.h
[14.893s] -- Installing: /home/terranova/uav_ws/install/absl/include/absl/container/internal/unordered_set_lookup_test.h
[14.894s] -- Installing: /home/terranova/uav_ws/install/absl/include/absl/container/internal/hashtablez_sampler.h
[14.894s] -- Installing: /home/terranova/uav_ws/install/absl/include/absl/container/inlined_vector.h
[14.895s] -- Installing: /home/terranova/uav_ws/install/absl/include/absl/container/flat_hash_set.h
[14.897s] -- Installing: /home/terranova/uav_ws/install/absl/include/absl/container/btree_set.h
[14.902s] -- Installing: /home/terranova/uav_ws/install/absl/include/absl/container/fixed_array.h
[14.902s] -- Installing: /home/terranova/uav_ws/install/absl/include/absl/container/btree_test.h
[14.909s] -- Installing: /home/terranova/uav_ws/install/absl/include/absl/container/btree_map.h
[14.910s] -- Installing: /home/terranova/uav_ws/install/absl/include/absl/container/node_hash_set.h
[14.911s] -- Installing: /home/terranova/uav_ws/install/absl/include/absl/base/options.h
[14.916s] -- Installing: /home/terranova/uav_ws/install/absl/lib/pkgconfig/absl_atomic_hook.pc
[14.916s] -- Installing: /home/terranova/uav_ws/install/absl/lib/pkgconfig/absl_errno_saver.pc
[14.916s] -- Installing: /home/terranova/uav_ws/install/absl/lib/pkgconfig/absl_log_severity.pc
[14.917s] -- Installing: /home/terranova/uav_ws/install/absl/lib/libabsl_log_severity.a
[14.917s] -- Installing: /home/terranova/uav_ws/install/absl/lib/pkgconfig/absl_no_destructor.pc
[14.917s] -- Installing: /home/terranova/uav_ws/install/absl/lib/pkgconfig/absl_nullability.pc
[14.918s] -- Installing: /home/terranova/uav_ws/install/absl/lib/pkgconfig/absl_raw_logging_internal.pc
[14.918s] -- Installing: /home/terranova/uav_ws/install/absl/lib/libabsl_raw_logging_internal.a
[14.919s] -- Installing: /home/terranova/uav_ws/install/absl/lib/pkgconfig/absl_spinlock_wait.pc
[14.919s] -- Installing: /home/terranova/uav_ws/install/absl/lib/libabsl_spinlock_wait.a
[14.919s] -- Installing: /home/terranova/uav_ws/install/absl/lib/pkgconfig/absl_config.pc
[14.919s] -- Installing: /home/terranova/uav_ws/install/absl/lib/pkgconfig/absl_dynamic_annotations.pc
[14.920s] -- Installing: /home/terranova/uav_ws/install/absl/lib/pkgconfig/absl_core_headers.pc
[14.920s] -- Installing: /home/terranova/uav_ws/install/absl/lib/pkgconfig/absl_malloc_internal.pc
[14.920s] -- Installing: /home/terranova/uav_ws/install/absl/lib/libabsl_malloc_internal.a
[14.922s] -- Installing: /home/terranova/uav_ws/install/absl/lib/pkgconfig/absl_base_internal.pc
[14.923s] -- Installing: /home/terranova/uav_ws/install/absl/lib/pkgconfig/absl_base.pc
[14.923s] -- Installing: /home/terranova/uav_ws/install/absl/lib/libabsl_base.a
[14.924s] -- Installing: /home/terranova/uav_ws/install/absl/lib/pkgconfig/absl_throw_delegate.pc
[14.924s] -- Installing: /home/terranova/uav_ws/install/absl/lib/libabsl_throw_delegate.a
[14.924s] -- Installing: /home/terranova/uav_ws/install/absl/lib/pkgconfig/absl_pretty_function.pc
[14.925s] -- Installing: /home/terranova/uav_ws/install/absl/lib/pkgconfig/absl_endian.pc
[14.925s] -- Installing: /home/terranova/uav_ws/install/absl/lib/pkgconfig/absl_scoped_set_env.pc
[14.925s] -- Installing: /home/terranova/uav_ws/install/absl/lib/libabsl_scoped_set_env.a
[14.926s] -- Installing: /home/terranova/uav_ws/install/absl/lib/pkgconfig/absl_strerror.pc
[14.926s] -- Installing: /home/terranova/uav_ws/install/absl/lib/libabsl_strerror.a
[14.926s] -- Installing: /home/terranova/uav_ws/install/absl/lib/pkgconfig/absl_fast_type_id.pc
[14.927s] -- Installing: /home/terranova/uav_ws/install/absl/lib/pkgconfig/absl_prefetch.pc
[14.927s] -- Installing: /home/terranova/uav_ws/install/absl/lib/pkgconfig/absl_algorithm.pc
[14.928s] -- Installing: /home/terranova/uav_ws/install/absl/lib/pkgconfig/absl_algorithm_container.pc
[14.928s] -- Installing: /home/terranova/uav_ws/install/absl/lib/pkgconfig/absl_cleanup_internal.pc
[14.928s] -- Installing: /home/terranova/uav_ws/install/absl/lib/pkgconfig/absl_cleanup.pc
[14.929s] -- Installing: /home/terranova/uav_ws/install/absl/lib/pkgconfig/absl_btree.pc
[14.930s] -- Installing: /home/terranova/uav_ws/install/absl/lib/pkgconfig/absl_compressed_tuple.pc
[14.930s] -- Installing: /home/terranova/uav_ws/install/absl/lib/pkgconfig/absl_fixed_array.pc
[14.930s] -- Installing: /home/terranova/uav_ws/install/absl/lib/pkgconfig/absl_inlined_vector_internal.pc
[14.931s] -- Installing: /home/terranova/uav_ws/install/absl/lib/pkgconfig/absl_inlined_vector.pc
[14.931s] -- Installing: /home/terranova/uav_ws/install/absl/lib/pkgconfig/absl_flat_hash_map.pc
[14.931s] -- Installing: /home/terranova/uav_ws/install/absl/lib/pkgconfig/absl_flat_hash_set.pc
[14.932s] -- Installing: /home/terranova/uav_ws/install/absl/lib/pkgconfig/absl_node_hash_map.pc
[14.932s] -- Installing: /home/terranova/uav_ws/install/absl/lib/pkgconfig/absl_node_hash_set.pc
[14.932s] -- Installing: /home/terranova/uav_ws/install/absl/lib/pkgconfig/absl_container_memory.pc
[14.933s] -- Installing: /home/terranova/uav_ws/install/absl/lib/pkgconfig/absl_hash_function_defaults.pc
[14.933s] -- Installing: /home/terranova/uav_ws/install/absl/lib/pkgconfig/absl_hash_policy_traits.pc
[14.934s] -- Installing: /home/terranova/uav_ws/install/absl/lib/pkgconfig/absl_common_policy_traits.pc
[14.934s] -- Installing: /home/terranova/uav_ws/install/absl/lib/pkgconfig/absl_hashtablez_sampler.pc
[14.934s] -- Installing: /home/terranova/uav_ws/install/absl/lib/libabsl_hashtablez_sampler.a
[14.935s] -- Installing: /home/terranova/uav_ws/install/absl/lib/pkgconfig/absl_hashtable_debug.pc
[14.935s] -- Installing: /home/terranova/uav_ws/install/absl/lib/pkgconfig/absl_hashtable_debug_hooks.pc
[14.935s] -- Installing: /home/terranova/uav_ws/install/absl/lib/pkgconfig/absl_node_slot_policy.pc
[14.936s] -- Installing: /home/terranova/uav_ws/install/absl/lib/pkgconfig/absl_raw_hash_map.pc
[14.936s] -- Installing: /home/terranova/uav_ws/install/absl/lib/pkgconfig/absl_container_common.pc
[14.936s] -- Installing: /home/terranova/uav_ws/install/absl/lib/pkgconfig/absl_raw_hash_set.pc
[14.937s] -- Installing: /home/terranova/uav_ws/install/absl/lib/libabsl_raw_hash_set.a
[14.937s] -- Installing: /home/terranova/uav_ws/install/absl/lib/pkgconfig/absl_layout.pc
[14.938s] -- Installing: /home/terranova/uav_ws/install/absl/lib/pkgconfig/absl_crc_cpu_detect.pc
[14.939s] -- Installing: /home/terranova/uav_ws/install/absl/lib/libabsl_crc_cpu_detect.a
[14.939s] -- Installing: /home/terranova/uav_ws/install/absl/lib/pkgconfig/absl_crc_internal.pc
[14.939s] -- Installing: /home/terranova/uav_ws/install/absl/lib/libabsl_crc_internal.a
[14.940s] -- Installing: /home/terranova/uav_ws/install/absl/lib/pkgconfig/absl_crc32c.pc
[14.940s] -- Installing: /home/terranova/uav_ws/install/absl/lib/libabsl_crc32c.a
[14.941s] -- Installing: /home/terranova/uav_ws/install/absl/lib/pkgconfig/absl_non_temporal_arm_intrinsics.pc
[14.941s] -- Installing: /home/terranova/uav_ws/install/absl/lib/pkgconfig/absl_non_temporal_memcpy.pc
[14.941s] -- Installing: /home/terranova/uav_ws/install/absl/lib/pkgconfig/absl_crc_cord_state.pc
[14.942s] -- Installing: /home/terranova/uav_ws/install/absl/lib/libabsl_crc_cord_state.a
[14.943s] -- Installing: /home/terranova/uav_ws/install/absl/lib/pkgconfig/absl_stacktrace.pc
[14.944s] -- Installing: /home/terranova/uav_ws/install/absl/lib/libabsl_stacktrace.a
[14.944s] -- Installing: /home/terranova/uav_ws/install/absl/lib/pkgconfig/absl_symbolize.pc
[14.944s] -- Installing: /home/terranova/uav_ws/install/absl/lib/libabsl_symbolize.a
[14.945s] -- Installing: /home/terranova/uav_ws/install/absl/lib/pkgconfig/absl_examine_stack.pc
[14.945s] -- Installing: /home/terranova/uav_ws/install/absl/lib/libabsl_examine_stack.a
[14.946s] -- Installing: /home/terranova/uav_ws/install/absl/lib/pkgconfig/absl_failure_signal_handler.pc
[14.946s] -- Installing: /home/terranova/uav_ws/install/absl/lib/libabsl_failure_signal_handler.a
[14.946s] -- Installing: /home/terranova/uav_ws/install/absl/lib/pkgconfig/absl_debugging_internal.pc
[14.947s] -- Installing: /home/terranova/uav_ws/install/absl/lib/libabsl_debugging_internal.a
[14.947s] -- Installing: /home/terranova/uav_ws/install/absl/lib/pkgconfig/absl_demangle_internal.pc
[14.947s] -- Installing: /home/terranova/uav_ws/install/absl/lib/libabsl_demangle_internal.a
[14.948s] -- Installing: /home/terranova/uav_ws/install/absl/lib/pkgconfig/absl_leak_check.pc
[14.948s] -- Installing: /home/terranova/uav_ws/install/absl/lib/libabsl_leak_check.a
[14.948s] -- Installing: /home/terranova/uav_ws/install/absl/lib/pkgconfig/absl_debugging.pc
[14.949s] -- Installing: /home/terranova/uav_ws/install/absl/lib/pkgconfig/absl_flags_path_util.pc
[14.950s] -- Installing: /home/terranova/uav_ws/install/absl/lib/pkgconfig/absl_flags_program_name.pc
[14.950s] -- Installing: /home/terranova/uav_ws/install/absl/lib/libabsl_flags_program_name.a
[14.950s] -- Installing: /home/terranova/uav_ws/install/absl/lib/pkgconfig/absl_flags_config.pc
[14.951s] -- Installing: /home/terranova/uav_ws/install/absl/lib/libabsl_flags_config.a
[14.951s] -- Installing: /home/terranova/uav_ws/install/absl/lib/pkgconfig/absl_flags_marshalling.pc
[14.952s] -- Installing: /home/terranova/uav_ws/install/absl/lib/libabsl_flags_marshalling.a
[14.953s] -- Installing: /home/terranova/uav_ws/install/absl/lib/pkgconfig/absl_flags_commandlineflag_internal.pc
[14.953s] -- Installing: /home/terranova/uav_ws/install/absl/lib/libabsl_flags_commandlineflag_internal.a
[14.954s] -- Installing: /home/terranova/uav_ws/install/absl/lib/pkgconfig/absl_flags_commandlineflag.pc
[14.954s] -- Installing: /home/terranova/uav_ws/install/absl/lib/libabsl_flags_commandlineflag.a
[14.954s] -- Installing: /home/terranova/uav_ws/install/absl/lib/pkgconfig/absl_flags_private_handle_accessor.pc
[14.955s] -- Installing: /home/terranova/uav_ws/install/absl/lib/libabsl_flags_private_handle_accessor.a
[14.955s] -- Installing: /home/terranova/uav_ws/install/absl/lib/pkgconfig/absl_flags_reflection.pc
[14.955s] -- Installing: /home/terranova/uav_ws/install/absl/lib/libabsl_flags_reflection.a
[14.957s] -- Installing: /home/terranova/uav_ws/install/absl/lib/pkgconfig/absl_flags_internal.pc
[14.957s] -- Installing: /home/terranova/uav_ws/install/absl/lib/libabsl_flags_internal.a
[14.958s] -- Installing: /home/terranova/uav_ws/install/absl/lib/pkgconfig/absl_flags.pc
[14.958s] -- Installing: /home/terranova/uav_ws/install/absl/lib/pkgconfig/absl_flags_usage_internal.pc
[14.959s] -- Installing: /home/terranova/uav_ws/install/absl/lib/libabsl_flags_usage_internal.a
[14.960s] -- Installing: /home/terranova/uav_ws/install/absl/lib/pkgconfig/absl_flags_usage.pc
[14.960s] -- Installing: /home/terranova/uav_ws/install/absl/lib/libabsl_flags_usage.a
[14.961s] -- Installing: /home/terranova/uav_ws/install/absl/lib/pkgconfig/absl_flags_parse.pc
[14.961s] -- Installing: /home/terranova/uav_ws/install/absl/lib/libabsl_flags_parse.a
[14.964s] -- Installing: /home/terranova/uav_ws/install/absl/lib/pkgconfig/absl_any_invocable.pc
[14.964s] -- Installing: /home/terranova/uav_ws/install/absl/lib/pkgconfig/absl_bind_front.pc
[14.964s] -- Installing: /home/terranova/uav_ws/install/absl/lib/pkgconfig/absl_function_ref.pc
[14.964s] -- Installing: /home/terranova/uav_ws/install/absl/lib/pkgconfig/absl_overload.pc
[14.965s] -- Installing: /home/terranova/uav_ws/install/absl/lib/pkgconfig/absl_hash.pc
[14.965s] -- Installing: /home/terranova/uav_ws/install/absl/lib/libabsl_hash.a
[14.966s] -- Installing: /home/terranova/uav_ws/install/absl/lib/pkgconfig/absl_city.pc
[14.966s] -- Installing: /home/terranova/uav_ws/install/absl/lib/libabsl_city.a
[14.968s] -- Installing: /home/terranova/uav_ws/install/absl/lib/pkgconfig/absl_low_level_hash.pc
[14.968s] -- Installing: /home/terranova/uav_ws/install/absl/lib/libabsl_low_level_hash.a
[14.968s] -- Installing: /home/terranova/uav_ws/install/absl/lib/pkgconfig/absl_log_internal_check_impl.pc
[14.969s] -- Installing: /home/terranova/uav_ws/install/absl/lib/pkgconfig/absl_log_internal_check_op.pc
[14.969s] -- Installing: /home/terranova/uav_ws/install/absl/lib/libabsl_log_internal_check_op.a
[14.969s] -- Installing: /home/terranova/uav_ws/install/absl/lib/pkgconfig/absl_log_internal_conditions.pc
[14.969s] -- Installing: /home/terranova/uav_ws/install/absl/lib/libabsl_log_internal_conditions.a
[14.970s] -- Installing: /home/terranova/uav_ws/install/absl/lib/pkgconfig/absl_log_internal_config.pc
[14.970s] -- Installing: /home/terranova/uav_ws/install/absl/lib/pkgconfig/absl_log_internal_flags.pc
[14.970s] -- Installing: /home/terranova/uav_ws/install/absl/lib/pkgconfig/absl_log_internal_format.pc
[14.970s] -- Installing: /home/terranova/uav_ws/install/absl/lib/libabsl_log_internal_format.a
[14.971s] -- Installing: /home/terranova/uav_ws/install/absl/lib/pkgconfig/absl_log_internal_globals.pc
[14.971s] -- Installing: /home/terranova/uav_ws/install/absl/lib/libabsl_log_internal_globals.a
[14.971s] -- Installing: /home/terranova/uav_ws/install/absl/lib/pkgconfig/absl_log_internal_log_impl.pc
[14.972s] -- Installing: /home/terranova/uav_ws/install/absl/lib/pkgconfig/absl_log_internal_proto.pc
[14.973s] -- Installing: /home/terranova/uav_ws/install/absl/lib/libabsl_log_internal_proto.a
[14.973s] -- Installing: /home/terranova/uav_ws/install/absl/lib/pkgconfig/absl_log_internal_message.pc
[14.974s] -- Installing: /home/terranova/uav_ws/install/absl/lib/libabsl_log_internal_message.a
[14.974s] -- Installing: /home/terranova/uav_ws/install/absl/lib/pkgconfig/absl_log_internal_log_sink_set.pc
[14.974s] -- Installing: /home/terranova/uav_ws/install/absl/lib/libabsl_log_internal_log_sink_set.a
[14.975s] -- Installing: /home/terranova/uav_ws/install/absl/lib/pkgconfig/absl_log_internal_nullguard.pc
[14.975s] -- Installing: /home/terranova/uav_ws/install/absl/lib/libabsl_log_internal_nullguard.a
[14.976s] -- Installing: /home/terranova/uav_ws/install/absl/lib/pkgconfig/absl_log_internal_nullstream.pc
[14.977s] -- Installing: /home/terranova/uav_ws/install/absl/lib/pkgconfig/absl_log_internal_strip.pc
[14.979s] -- Installing: /home/terranova/uav_ws/install/absl/lib/pkgconfig/absl_log_internal_voidify.pc
[14.979s] -- Installing: /home/terranova/uav_ws/install/absl/lib/pkgconfig/absl_log_internal_append_truncated.pc
[14.979s] -- Installing: /home/terranova/uav_ws/install/absl/lib/pkgconfig/absl_absl_check.pc
[14.979s] -- Installing: /home/terranova/uav_ws/install/absl/lib/pkgconfig/absl_absl_log.pc
[14.980s] -- Installing: /home/terranova/uav_ws/install/absl/lib/pkgconfig/absl_check.pc
[14.980s] -- Installing: /home/terranova/uav_ws/install/absl/lib/pkgconfig/absl_die_if_null.pc
[14.980s] -- Installing: /home/terranova/uav_ws/install/absl/lib/libabsl_die_if_null.a
[14.980s] -- Installing: /home/terranova/uav_ws/install/absl/lib/pkgconfig/absl_log_flags.pc
[14.981s] -- Installing: /home/terranova/uav_ws/install/absl/lib/libabsl_log_flags.a
[14.987s] -- Installing: /home/terranova/uav_ws/install/absl/lib/pkgconfig/absl_log_globals.pc
[14.988s] -- Installing: /home/terranova/uav_ws/install/absl/lib/libabsl_log_globals.a
[14.988s] -- Installing: /home/terranova/uav_ws/install/absl/lib/pkgconfig/absl_log_initialize.pc
[14.997s] -- Installing: /home/terranova/uav_ws/install/absl/lib/libabsl_log_initialize.a
[14.998s] -- Installing: /home/terranova/uav_ws/install/absl/lib/pkgconfig/absl_log.pc
[14.998s] -- Installing: /home/terranova/uav_ws/install/absl/lib/pkgconfig/absl_log_entry.pc
[14.998s] -- Installing: /home/terranova/uav_ws/install/absl/lib/libabsl_log_entry.a
[14.998s] -- Installing: /home/terranova/uav_ws/install/absl/lib/pkgconfig/absl_log_sink.pc
[14.999s] -- Installing: /home/terranova/uav_ws/install/absl/lib/libabsl_log_sink.a
[14.999s] -- Installing: /home/terranova/uav_ws/install/absl/lib/pkgconfig/absl_log_sink_registry.pc
[14.999s] -- Installing: /home/terranova/uav_ws/install/absl/lib/pkgconfig/absl_log_streamer.pc
[14.999s] -- Installing: /home/terranova/uav_ws/install/absl/lib/pkgconfig/absl_log_internal_structured.pc
[14.999s] -- Installing: /home/terranova/uav_ws/install/absl/lib/pkgconfig/absl_log_structured.pc
[14.999s] -- Installing: /home/terranova/uav_ws/install/absl/lib/pkgconfig/absl_vlog_config_internal.pc
[15.000s] -- Installing: /home/terranova/uav_ws/install/absl/lib/libabsl_vlog_config_internal.a
[15.000s] -- Installing: /home/terranova/uav_ws/install/absl/lib/pkgconfig/absl_absl_vlog_is_on.pc
[15.000s] -- Installing: /home/terranova/uav_ws/install/absl/lib/pkgconfig/absl_vlog_is_on.pc
[15.000s] -- Installing: /home/terranova/uav_ws/install/absl/lib/pkgconfig/absl_log_internal_fnmatch.pc
[15.001s] -- Installing: /home/terranova/uav_ws/install/absl/lib/libabsl_log_internal_fnmatch.a
[15.001s] -- Installing: /home/terranova/uav_ws/install/absl/lib/pkgconfig/absl_memory.pc
[15.001s] -- Installing: /home/terranova/uav_ws/install/absl/lib/pkgconfig/absl_type_traits.pc
[15.002s] -- Installing: /home/terranova/uav_ws/install/absl/lib/pkgconfig/absl_meta.pc
[15.002s] -- Installing: /home/terranova/uav_ws/install/absl/lib/pkgconfig/absl_bits.pc
[15.002s] -- Installing: /home/terranova/uav_ws/install/absl/lib/pkgconfig/absl_int128.pc
[15.003s] -- Installing: /home/terranova/uav_ws/install/absl/lib/libabsl_int128.a
[15.003s] -- Installing: /home/terranova/uav_ws/install/absl/lib/pkgconfig/absl_numeric.pc
[15.003s] -- Installing: /home/terranova/uav_ws/install/absl/lib/pkgconfig/absl_numeric_representation.pc
[15.003s] -- Installing: /home/terranova/uav_ws/install/absl/lib/pkgconfig/absl_sample_recorder.pc
[15.004s] -- Installing: /home/terranova/uav_ws/install/absl/lib/pkgconfig/absl_exponential_biased.pc
[15.004s] -- Installing: /home/terranova/uav_ws/install/absl/lib/libabsl_exponential_biased.a
[15.004s] -- Installing: /home/terranova/uav_ws/install/absl/lib/pkgconfig/absl_periodic_sampler.pc
[15.004s] -- Installing: /home/terranova/uav_ws/install/absl/lib/libabsl_periodic_sampler.a
[15.009s] -- Installing: /home/terranova/uav_ws/install/absl/lib/pkgconfig/absl_random_random.pc
[15.010s] -- Installing: /home/terranova/uav_ws/install/absl/lib/pkgconfig/absl_random_bit_gen_ref.pc
[15.010s] -- Installing: /home/terranova/uav_ws/install/absl/lib/pkgconfig/absl_random_internal_mock_helpers.pc
[15.010s] -- Installing: /home/terranova/uav_ws/install/absl/lib/pkgconfig/absl_random_distributions.pc
[15.010s] -- Installing: /home/terranova/uav_ws/install/absl/lib/libabsl_random_distributions.a
[15.011s] -- Installing: /home/terranova/uav_ws/install/absl/lib/pkgconfig/absl_random_seed_gen_exception.pc
[15.011s] -- Installing: /home/terranova/uav_ws/install/absl/lib/libabsl_random_seed_gen_exception.a
[15.011s] -- Installing: /home/terranova/uav_ws/install/absl/lib/pkgconfig/absl_random_seed_sequences.pc
[15.011s] -- Installing: /home/terranova/uav_ws/install/absl/lib/libabsl_random_seed_sequences.a
[15.012s] -- Installing: /home/terranova/uav_ws/install/absl/lib/pkgconfig/absl_random_internal_traits.pc
[15.012s] -- Installing: /home/terranova/uav_ws/install/absl/lib/pkgconfig/absl_random_internal_distribution_caller.pc
[15.012s] -- Installing: /home/terranova/uav_ws/install/absl/lib/pkgconfig/absl_random_internal_fast_uniform_bits.pc
[15.012s] -- Installing: /home/terranova/uav_ws/install/absl/lib/pkgconfig/absl_random_internal_seed_material.pc
[15.013s] -- Installing: /home/terranova/uav_ws/install/absl/lib/libabsl_random_internal_seed_material.a
[15.013s] -- Installing: /home/terranova/uav_ws/install/absl/lib/pkgconfig/absl_random_internal_pool_urbg.pc
[15.013s] -- Installing: /home/terranova/uav_ws/install/absl/lib/libabsl_random_internal_pool_urbg.a
[15.014s] -- Installing: /home/terranova/uav_ws/install/absl/lib/pkgconfig/absl_random_internal_salted_seed_seq.pc
[15.014s] -- Installing: /home/terranova/uav_ws/install/absl/lib/pkgconfig/absl_random_internal_iostream_state_saver.pc
[15.014s] -- Installing: /home/terranova/uav_ws/install/absl/lib/pkgconfig/absl_random_internal_generate_real.pc
[15.017s] -- Installing: /home/terranova/uav_ws/install/absl/lib/pkgconfig/absl_random_internal_wide_multiply.pc
[15.018s] -- Installing: /home/terranova/uav_ws/install/absl/lib/pkgconfig/absl_random_internal_fastmath.pc
[15.018s] -- Installing: /home/terranova/uav_ws/install/absl/lib/pkgconfig/absl_random_internal_nonsecure_base.pc
[15.018s] -- Installing: /home/terranova/uav_ws/install/absl/lib/pkgconfig/absl_random_internal_pcg_engine.pc
[15.018s] -- Installing: /home/terranova/uav_ws/install/absl/lib/pkgconfig/absl_random_internal_randen_engine.pc
[15.019s] -- Installing: /home/terranova/uav_ws/install/absl/lib/pkgconfig/absl_random_internal_platform.pc
[15.019s] -- Installing: /home/terranova/uav_ws/install/absl/lib/libabsl_random_internal_platform.a
[15.019s] -- Installing: /home/terranova/uav_ws/install/absl/lib/pkgconfig/absl_random_internal_randen.pc
[15.019s] -- Installing: /home/terranova/uav_ws/install/absl/lib/libabsl_random_internal_randen.a
[15.020s] -- Installing: /home/terranova/uav_ws/install/absl/lib/pkgconfig/absl_random_internal_randen_slow.pc
[15.020s] -- Installing: /home/terranova/uav_ws/install/absl/lib/libabsl_random_internal_randen_slow.a
[15.020s] -- Installing: /home/terranova/uav_ws/install/absl/lib/pkgconfig/absl_random_internal_randen_hwaes.pc
[15.022s] -- Installing: /home/terranova/uav_ws/install/absl/lib/libabsl_random_internal_randen_hwaes.a
[15.022s] -- Installing: /home/terranova/uav_ws/install/absl/lib/pkgconfig/absl_random_internal_randen_hwaes_impl.pc
[15.023s] -- Installing: /home/terranova/uav_ws/install/absl/lib/libabsl_random_internal_randen_hwaes_impl.a
[15.023s] -- Installing: /home/terranova/uav_ws/install/absl/lib/pkgconfig/absl_random_internal_distribution_test_util.pc
[15.023s] -- Installing: /home/terranova/uav_ws/install/absl/lib/libabsl_random_internal_distribution_test_util.a
[15.023s] -- Installing: /home/terranova/uav_ws/install/absl/lib/pkgconfig/absl_random_internal_uniform_helper.pc
[15.023s] -- Installing: /home/terranova/uav_ws/install/absl/lib/pkgconfig/absl_status.pc
[15.024s] -- Installing: /home/terranova/uav_ws/install/absl/lib/libabsl_status.a
[15.024s] -- Installing: /home/terranova/uav_ws/install/absl/lib/pkgconfig/absl_statusor.pc
[15.024s] -- Installing: /home/terranova/uav_ws/install/absl/lib/libabsl_statusor.a
[15.024s] -- Installing: /home/terranova/uav_ws/install/absl/lib/pkgconfig/absl_string_view.pc
[15.024s] -- Installing: /home/terranova/uav_ws/install/absl/lib/libabsl_string_view.a
[15.025s] -- Installing: /home/terranova/uav_ws/install/absl/lib/pkgconfig/absl_strings.pc
[15.025s] -- Installing: /home/terranova/uav_ws/install/absl/lib/libabsl_strings.a
[15.025s] -- Installing: /home/terranova/uav_ws/install/absl/lib/pkgconfig/absl_charset.pc
[15.025s] -- Installing: /home/terranova/uav_ws/install/absl/lib/pkgconfig/absl_has_ostream_operator.pc
[15.025s] -- Installing: /home/terranova/uav_ws/install/absl/lib/pkgconfig/absl_strings_internal.pc
[15.027s] -- Installing: /home/terranova/uav_ws/install/absl/lib/libabsl_strings_internal.a
[15.027s] -- Installing: /home/terranova/uav_ws/install/absl/lib/pkgconfig/absl_str_format.pc
[15.028s] -- Installing: /home/terranova/uav_ws/install/absl/lib/pkgconfig/absl_str_format_internal.pc
[15.028s] -- Installing: /home/terranova/uav_ws/install/absl/lib/libabsl_str_format_internal.a
[15.032s] -- Installing: /home/terranova/uav_ws/install/absl/lib/pkgconfig/absl_cord_internal.pc
[15.032s] -- Installing: /home/terranova/uav_ws/install/absl/lib/libabsl_cord_internal.a
[15.032s] -- Installing: /home/terranova/uav_ws/install/absl/lib/pkgconfig/absl_cordz_update_tracker.pc
[15.033s] -- Installing: /home/terranova/uav_ws/install/absl/lib/pkgconfig/absl_cordz_functions.pc
[15.033s] -- Installing: /home/terranova/uav_ws/install/absl/lib/libabsl_cordz_functions.a
[15.033s] -- Installing: /home/terranova/uav_ws/install/absl/lib/pkgconfig/absl_cordz_statistics.pc
[15.033s] -- Installing: /home/terranova/uav_ws/install/absl/lib/pkgconfig/absl_cordz_handle.pc
[15.037s] -- Installing: /home/terranova/uav_ws/install/absl/lib/libabsl_cordz_handle.a
[15.037s] -- Installing: /home/terranova/uav_ws/install/absl/lib/pkgconfig/absl_cordz_info.pc
[15.038s] -- Installing: /home/terranova/uav_ws/install/absl/lib/libabsl_cordz_info.a
[15.038s] -- Installing: /home/terranova/uav_ws/install/absl/lib/pkgconfig/absl_cordz_sample_token.pc
[15.038s] -- Installing: /home/terranova/uav_ws/install/absl/lib/libabsl_cordz_sample_token.a
[15.039s] -- Installing: /home/terranova/uav_ws/install/absl/lib/pkgconfig/absl_cordz_update_scope.pc
[15.039s] -- Installing: /home/terranova/uav_ws/install/absl/lib/pkgconfig/absl_cord.pc
[15.039s] -- Installing: /home/terranova/uav_ws/install/absl/lib/libabsl_cord.a
[15.042s] -- Installing: /home/terranova/uav_ws/install/absl/lib/pkgconfig/absl_graphcycles_internal.pc
[15.043s] -- Installing: /home/terranova/uav_ws/install/absl/lib/libabsl_graphcycles_internal.a
[15.043s] -- Installing: /home/terranova/uav_ws/install/absl/lib/pkgconfig/absl_kernel_timeout_internal.pc
[15.044s] -- Installing: /home/terranova/uav_ws/install/absl/lib/libabsl_kernel_timeout_internal.a
[15.045s] -- Installing: /home/terranova/uav_ws/install/absl/lib/pkgconfig/absl_synchronization.pc
[15.046s] -- Installing: /home/terranova/uav_ws/install/absl/lib/libabsl_synchronization.a
[15.048s] -- Installing: /home/terranova/uav_ws/install/absl/lib/pkgconfig/absl_time.pc
[15.048s] -- Installing: /home/terranova/uav_ws/install/absl/lib/libabsl_time.a
[15.050s] -- Installing: /home/terranova/uav_ws/install/absl/lib/pkgconfig/absl_civil_time.pc
[15.051s] -- Installing: /home/terranova/uav_ws/install/absl/lib/libabsl_civil_time.a
[15.052s] -- Installing: /home/terranova/uav_ws/install/absl/lib/pkgconfig/absl_time_zone.pc
[15.052s] -- Installing: /home/terranova/uav_ws/install/absl/lib/libabsl_time_zone.a
[15.056s] -- Installing: /home/terranova/uav_ws/install/absl/lib/pkgconfig/absl_any.pc
[15.057s] -- Installing: /home/terranova/uav_ws/install/absl/lib/pkgconfig/absl_bad_any_cast.pc
[15.057s] -- Installing: /home/terranova/uav_ws/install/absl/lib/pkgconfig/absl_bad_any_cast_impl.pc
[15.058s] -- Installing: /home/terranova/uav_ws/install/absl/lib/libabsl_bad_any_cast_impl.a
[15.059s] -- Installing: /home/terranova/uav_ws/install/absl/lib/pkgconfig/absl_span.pc
[15.059s] -- Installing: /home/terranova/uav_ws/install/absl/lib/pkgconfig/absl_optional.pc
[15.060s] -- Installing: /home/terranova/uav_ws/install/absl/lib/pkgconfig/absl_bad_optional_access.pc
[15.061s] -- Installing: /home/terranova/uav_ws/install/absl/lib/libabsl_bad_optional_access.a
[15.061s] -- Installing: /home/terranova/uav_ws/install/absl/lib/pkgconfig/absl_bad_variant_access.pc
[15.063s] -- Installing: /home/terranova/uav_ws/install/absl/lib/libabsl_bad_variant_access.a
[15.063s] -- Installing: /home/terranova/uav_ws/install/absl/lib/pkgconfig/absl_variant.pc
[15.064s] -- Installing: /home/terranova/uav_ws/install/absl/lib/pkgconfig/absl_compare.pc
[15.065s] -- Installing: /home/terranova/uav_ws/install/absl/lib/pkgconfig/absl_utility.pc
[15.066s] -- Installing: /home/terranova/uav_ws/install/absl/lib/pkgconfig/absl_if_constexpr.pc
[15.083s] Invoked command in '/home/terranova/uav_ws/build/absl' returned '0': /home/terranova/.local/bin/cmake --install /home/terranova/uav_ws/build/absl
